Logfile Name: C:\MethodManager4\Workspaces\730i VVP96 Demo\Output\730i VVP96 Demo_2017-11-13_093458.log
Workspace '730i VVP96 Demo' modules...
  MethodManagerV4   1.3.6522.17140
  MMCoreDevice   1.3.6522.17174
  MMLiquidHandler   1.3.6522.9893
  Warp3   2.0.6522.17120
  MMVVP   1.3.6522.9892
  MMIOLightTower   1.3.0.0
The pipette tool 'VVP96' has mandrel type 'MLV' and can load the following tip types:
   Tip type 'LXB-96-150F', loading depth 9.4 mm, Id: baf0d489-a29c-4899-844e-44fbdc6c2c49.
   Tip type 'LXB-96-200NF', loading depth 9.4 mm, Id: 095daefc-e866-4d91-906f-cc7e17eaf3f6.
   Tip type 'LXB-96-300F', loading depth 10.4 mm, Id: d2f37554-e0d6-41ea-8f3d-101c68af7e40.
   Tip type 'LXB-96-300NF', loading depth 10.4 mm, Id: 423ec1e5-0ccf-4946-a441-905f3c9e1fd9.
   Tip type 'LXB-96-950F', loading depth 28.6 mm, Id: 497625a6-73fc-4433-95df-636ceecdc818.
   Tip type 'LXB-96-1000NF', loading depth 28.6 mm, Id: ca3988bc-a34d-4ad7-ba77-93a37e8cba6d.
   Tip type 'LXB-96-1250NF', loading depth 28.6 mm, Id: 13ba07a3-d5cb-4a96-9ab8-1d418fc383d6.
11/13/2017 09:34:59.127 The remote server is not configured: 
11/13/2017 09:35:01.352 [ZL] Instruction Error Status: None
11/13/2017 09:35:01.371 [ZL] Warp3 core version: 99103v1.0 (will support I/O).
11/13/2017 09:35:01.390 [ZL] Configured as an enhanced Warp3 with I/O.
11/13/2017 09:35:01.429 [ZL]   Inputs: False False False False False 
11/13/2017 09:35:01.473 [ZL] Current IP communications rate is 10 mb.
11/13/2017 09:35:01.490 [ZL] IP communications speed is currently set to 10 Mbps.
11/13/2017 09:35:01.591 [ZL] Phase correction: disabled, prescale: 0, phase counts: 2000
11/13/2017 09:35:01.645 [ZL] SetCurrentFoldbackAmps(8, 20) will set 17440 , 216
11/13/2017 09:35:01.668 [ZL] Configuration parameters loaded from 'C:\MethodManager4\Workspaces\730i VVP96 Demo\Configuration\Z Axis.xml'. HomeVelocity 20 mm/s, CountsPerMM 2571 cts/mm.
11/13/2017 09:35:01.827 [ZL] Start Hall-based phase initialization.
11/13/2017 09:35:01.857 [ZL] Phases initialized.
11/13/2017 09:35:01.909 [YL] Instruction Error Status: None
11/13/2017 09:35:01.930 [YL] Warp3 core version: 99103v1.0 (will support I/O).
11/13/2017 09:35:01.953 [YL] Configured as an enhanced Warp3 with I/O.
11/13/2017 09:35:01.989 [YL]   Inputs: False False False False False 
11/13/2017 09:35:02.017 [YL] Current IP communications rate is 10 mb.
11/13/2017 09:35:02.030 [YL] IP communications speed is currently set to 10 Mbps.
11/13/2017 09:35:02.129 [YL] Phase correction: disabled, prescale: 1, phase counts: 3901
11/13/2017 09:35:02.193 [YL] SetCurrentFoldbackAmps(8, 100) will set 17440 , 1083
11/13/2017 09:35:02.217 [YL] Configuration parameters loaded from 'C:\MethodManager4\Workspaces\730i VVP96 Demo\Configuration\Y Axis.xml'. HomeVelocity 30 mm/s, CountsPerMM 4096 cts/mm.
11/13/2017 09:35:02.376 [YL] Start Hall-based phase initialization.
11/13/2017 09:35:02.401 [YL] Phases initialized.
11/13/2017 09:35:02.450 [XL] Instruction Error Status: None
11/13/2017 09:35:02.466 [XL] Warp3 core version: 99103v1.0 (will support I/O).
11/13/2017 09:35:02.487 [XL] Configured as an enhanced Warp3 with I/O.
11/13/2017 09:35:02.519 [XL]   Inputs: False False False False False 
11/13/2017 09:35:02.549 [XL] Current IP communications rate is 10 mb.
11/13/2017 09:35:02.562 [XL] IP communications speed is currently set to 10 Mbps.
11/13/2017 09:35:02.663 [XL] Phase correction: disabled, prescale: 1, phase counts: 1905
11/13/2017 09:35:02.721 [XL] SetCurrentFoldbackAmps(8, 150) will set 17440 , 1625
11/13/2017 09:35:02.744 [XL] Configuration parameters loaded from 'C:\MethodManager4\Workspaces\730i VVP96 Demo\Configuration\X Axis.xml'. HomeVelocity 30 mm/s, CountsPerMM 2000 cts/mm.
11/13/2017 09:35:02.902 [XL] Start Hall-based phase initialization.
11/13/2017 09:35:02.926 [XL] Phases initialized.
11/13/2017 09:35:04.173 [VVP96] Get VVP: command 'Aspirate Diagnostics' from 96 channels.
11/13/2017 09:35:04.378 [ZL] Move to Positive limit. Velocity 20 mm/s, accel 40 mm/s2, decel 200 mm/s2, timeout 60 s.
11/13/2017 09:35:06.466 [ZL] Reached limit successfully.
11/13/2017 09:35:06.504 [ZL] Attempting to back off Positive limit.
11/13/2017 09:35:07.363 [ZL] Move off limit completion: Successful (OKReady).
11/13/2017 09:35:07.410 [ZL] Move to limit finished.
11/13/2017 09:35:07.473 [ZL] Establishing new 0 position for the old position 0.00 mm.
11/13/2017 09:35:07.527 [ZL] Timestamp of last successful home: 11/13/2017 9:35:07 AM
11/13/2017 09:35:07.717 [YL] Move to Positive limit. Velocity 30 mm/s, accel 60 mm/s2, decel 300 mm/s2, timeout 60 s.
11/13/2017 09:35:09.603 [YL] Reached limit successfully.
11/13/2017 09:35:09.627 [YL] Attempting to back off Positive limit.
11/13/2017 09:35:10.492 [YL] Move off limit completion: Successful (OKReady).
11/13/2017 09:35:10.541 [YL] Move to limit finished.
11/13/2017 09:35:10.603 [YL] Establishing new 0 position for the old position 0.00 mm.
11/13/2017 09:35:10.649 [YL] Timestamp of last successful home: 11/13/2017 9:35:10 AM
11/13/2017 09:35:10.843 [XL] Move to Negative limit. Velocity 30 mm/s, accel 60 mm/s2, decel 300 mm/s2, timeout 60 s.
11/13/2017 09:35:18.471 [XL] Reached limit successfully.
11/13/2017 09:35:18.498 [XL] Attempting to back off Negative limit.
11/13/2017 09:35:19.156 [XL] Move off limit completion: Successful (OKReady).
11/13/2017 09:35:19.208 [XL] Move to limit finished.
11/13/2017 09:35:19.263 [XL] Establishing new 0 position for the old position -0.02 mm.
11/13/2017 09:35:19.307 [XL] Timestamp of last successful home: 11/13/2017 9:35:19 AM
11/13/2017 09:35:31.944 [XL] StopMotion flag is active in WaitReady.
11/13/2017 09:35:31.963 [XL] StopMotion flag is active in WaitReady.
11/13/2017 09:35:33.672 [YL] StopMotion flag is active in WaitReady.
11/13/2017 09:35:33.696 [YL] StopMotion flag is active in WaitReady.
11/13/2017 09:35:35.816 [ZL] StopMotion flag is active in WaitReady.
11/13/2017 09:35:35.847 [ZL] StopMotion flag is active in WaitReady.
11/13/2017 09:35:37.785 [XL] StopMotion flag is active in WaitReady.
11/13/2017 09:35:37.804 [XL] StopMotion flag is active in WaitReady.
11/13/2017 09:35:39.536 [XL] StopMotion flag is active in WaitReady.
11/13/2017 09:35:39.550 [XL] StopMotion flag is active in WaitReady.
11/13/2017 09:35:40.640 [YL] StopMotion flag is active in WaitReady.
11/13/2017 09:35:40.661 [YL] StopMotion flag is active in WaitReady.
11/13/2017 09:35:57.277 [XL] StopMotion flag is active in WaitReady.
11/13/2017 09:35:57.303 [XL] StopMotion flag is active in WaitReady.
11/13/2017 09:35:57.693 [YL] StopMotion flag is active in WaitReady.
11/13/2017 09:35:57.717 [YL] StopMotion flag is active in WaitReady.
11/13/2017 09:35:58.238 [ZL] StopMotion flag is active in WaitReady.
11/13/2017 09:35:58.260 [ZL] StopMotion flag is active in WaitReady.
11/13/2017 09:36:39.236 [ZL] StopMotion flag is active in WaitReady.
11/13/2017 09:36:39.275 [ZL] StopMotion flag is active in WaitReady.
11/13/2017 09:36:42.266 [ZL] StopMotion flag is active in WaitReady.
11/13/2017 09:36:42.292 [ZL] StopMotion flag is active in WaitReady.
11/13/2017 09:36:52.531 [ZL] StopMotion flag is active in WaitReady.
11/13/2017 09:36:52.557 [ZL] StopMotion flag is active in WaitReady.
11/13/2017 09:36:53.442 [ZL] StopMotion flag is active in WaitReady.
11/13/2017 09:36:53.473 [ZL] StopMotion flag is active in WaitReady.
11/13/2017 09:37:07.561 [ZL] StopMotion flag is active in WaitReady.
11/13/2017 09:37:07.587 [ZL] StopMotion flag is active in WaitReady.
11/13/2017 09:37:25.393 [Lynx.Move Axis] Execute: 'Move Axis'
11/13/2017 09:37:25.423 [Lynx.Move Axis] Move axes constant: ZL
11/13/2017 09:37:25.439 [Lynx.Move Axis] Begin move-to motion for 1 axes.
11/13/2017 09:37:29.461 [Lynx.Move Axis] Axis 'ZL' motion is complete.
11/13/2017 09:37:29.465 [Lynx.Move Axis] Time to complete: 4 s.
11/13/2017 09:37:29.500 [Lynx.Move Axis] Execute: 'Move Axis'
11/13/2017 09:37:29.501 [Lynx.Move Axis] Move axes constant: XL, YL
11/13/2017 09:37:29.516 [Lynx.Move Axis] Begin move-to motion for 2 axes.
11/13/2017 09:37:30.239 [Lynx.Move Axis] Axis 'XL' motion is complete.
11/13/2017 09:37:33.959 [Lynx.Move Axis] Axis 'YL' motion is complete.
11/13/2017 09:37:33.965 [Lynx.Move Axis] Time to complete: 4 s.
11/13/2017 09:37:36.168 [Lynx.Move Axis] Execute: 'Move Axis'
11/13/2017 09:37:36.168 [Lynx.Move Axis] Move axes constant: ZL
11/13/2017 09:37:36.183 [Lynx.Move Axis] Begin move-to motion for 1 axes.
11/13/2017 09:37:38.507 [Lynx.Move Axis] Time to complete: 2 s.
11/13/2017 09:37:43.176 [ZL] StopMotion flag is active in WaitReady.
11/13/2017 09:37:43.201 [ZL] StopMotion flag is active in WaitReady.
11/13/2017 09:37:47.663 [ZL] StopMotion flag is active in WaitReady.
11/13/2017 09:37:47.691 [ZL] StopMotion flag is active in WaitReady.
11/13/2017 09:37:48.791 [ZL] StopMotion flag is active in WaitReady.
11/13/2017 09:37:48.812 [ZL] StopMotion flag is active in WaitReady.
11/13/2017 09:37:57.765 [ZL] StopMotion flag is active in WaitReady.
11/13/2017 09:37:57.794 [ZL] StopMotion flag is active in WaitReady.
11/13/2017 09:37:59.274 [ZL] StopMotion flag is active in WaitReady.
11/13/2017 09:37:59.316 [ZL] StopMotion flag is active in WaitReady.
11/13/2017 09:38:00.381 [ZL] StopMotion flag is active in WaitReady.
11/13/2017 09:38:00.415 [ZL] StopMotion flag is active in WaitReady.
11/13/2017 09:38:02.374 [ZL] StopMotion flag is active in WaitReady.
11/13/2017 09:38:02.400 [ZL] StopMotion flag is active in WaitReady.
11/13/2017 09:38:06.110 [ZL] StopMotion flag is active in WaitReady.
11/13/2017 09:38:06.135 [ZL] StopMotion flag is active in WaitReady.
11/13/2017 09:38:09.701 [ZL] StopMotion flag is active in WaitReady.
11/13/2017 09:38:09.732 [ZL] StopMotion flag is active in WaitReady.
11/13/2017 09:39:00.002 [ZL] StopMotion flag is active in WaitReady.
11/13/2017 09:39:00.029 [ZL] StopMotion flag is active in WaitReady.
11/13/2017 09:39:02.346 [ZL] StopMotion flag is active in WaitReady.
11/13/2017 09:39:02.368 [ZL] StopMotion flag is active in WaitReady.
11/13/2017 09:39:08.937 [ZL] StopMotion flag is active in WaitReady.
11/13/2017 09:39:08.966 [ZL] StopMotion flag is active in WaitReady.
[User] Start.
11/13/2017 09:39:51.687 Process 'Temp Work\JMH Test1.met' Process Started (Undefined)
11/13/2017 09:39:51.737 Process 'Temp Work\JMH Test1.met'[0] 'Load Tips(VVP96)' Command Started
11/13/2017 09:39:51.749 [Lynx.Load Tips(VVP96).VVP96] Execute: 'Load Tips(VVP96)'
11/13/2017 09:39:51.755 [Lynx.Load Tips(VVP96).VVP96] Plate 'LXB-96-150F_01', column/row offset (0, 0), X/Y offset (0.00 mm,0.00 mm), height: 0.00 mm.
11/13/2017 09:39:51.755 [Lynx.Load Tips(VVP96).VVP96] No current tip.
11/13/2017 09:39:51.759 [Lynx.Load Tips(VVP96).VVP96] Tip loading depth for tip type 'LXB-96-150F' is 9.4 mm.
11/13/2017 09:39:51.760 [Lynx.Load Tips(VVP96).VVP96] Plate is at location 'Loc_01' (324.06 mm, -6.26 mm, -175.83 mm) with a stack index of 1.
11/13/2017 09:39:51.778 [Lynx.Load Tips(VVP96).VVP96] Tip loading height adjustment is 0.0 mm and Z axis force limit is 40% of full power.
11/13/2017 09:39:51.778 [Lynx.Load Tips(VVP96).VVP96] Tip loading Z error limit will be 10.0 mm, XY error window will be 50.0 mm, and the XY axis holding force fraction will be 20%
11/13/2017 09:39:51.779 [Lynx.Load Tips(VVP96).VVP96] Initial robot X/Y/ZStart/ZEnd coordinates: 309.68 mm, 4.98 mm, -2.00 mm, -128.23 mm, using motion profile 'Tip Load'.
11/13/2017 09:39:51.785 [Lynx.Load Tips(VVP96).VVP96] Initial axis positions:'XL' 309.67 mm, 'YL' 4.97 mm, 'ZL' -54.08 mm
11/13/2017 09:39:54.392 [XL] Relative motor limit setting 20.0%, changing limit from 95.0% to 19.0%
11/13/2017 09:39:54.395 [YL] Relative motor limit setting 20.0%, changing limit from 95.0% to 19.0%
11/13/2017 09:39:54.403 [ZL] Absolute motor limit setting 40.0%, changing limit from 30.0% to 40.0%
11/13/2017 09:39:57.054 [Lynx.Load Tips(VVP96).VVP96] Maximum recorded tip load values: Position error 0.2 mm, motor current 21.2 %
11/13/2017 09:39:57.073 [Lynx.Load Tips(VVP96).VVP96] Tip load Z-axis motion complete.
11/13/2017 09:39:57.073 [Lynx.Load Tips(VVP96).VVP96] Tip load position errors for X/Y/Z: 0.01 mm, 1.10 mm, -0.18 mm
11/13/2017 09:39:57.321 [ZL] Absolute motor limit setting 32.0%, changing limit from 40.0% to 32.0%
11/13/2017 09:39:57.429 [ZL] Absolute motor limit setting 24.0%, changing limit from 32.0% to 24.0%
11/13/2017 09:39:57.536 [ZL] Absolute motor limit setting 16.0%, changing limit from 24.0% to 16.0%
11/13/2017 09:39:57.644 [ZL] Absolute motor limit setting 8.0%, changing limit from 16.0% to 8.0%
11/13/2017 09:39:57.752 [ZL] Relative motor limit setting 100.0%, changing limit from 8.0% to 30.0%
11/13/2017 09:39:59.509 [XL] Relative motor limit setting 100.0%, changing limit from 19.0% to 95.0%
11/13/2017 09:39:59.512 [YL] Relative motor limit setting 100.0%, changing limit from 19.0% to 95.0%
11/13/2017 09:39:59.517 [Lynx.Load Tips(VVP96).VVP96] Final axis positions:'XL' 309.67 mm, 'YL' 4.97 mm, 'ZL' -2.03 mm
11/13/2017 09:39:59.620 [Lynx.Load Tips(VVP96).VVP96] Current tip 'LXB-96-150F'.
11/13/2017 09:39:59.637 [Lynx.Load Tips(VVP96).VVP96] Time to complete: 7 s.
11/13/2017 09:39:59.646 Process 'Temp Work\JMH Test1.met'[0] 'Load Tips(VVP96)' Command Completed
11/13/2017 09:39:59.676 Process 'Temp Work\JMH Test1.met' Process Completed (Completed)
[User] Step.
11/13/2017 09:40:45.106 Process 'Temp Work\JMH Test1.met' Process Started (Undefined)
11/13/2017 09:40:45.152 Process 'Temp Work\JMH Test1.met'[0] 'Load Tips(VVP96)' Command Started
11/13/2017 09:40:45.160 [Lynx.Load Tips(VVP96).VVP96] Execute: 'Load Tips(VVP96)'
11/13/2017 09:40:45.160 [Lynx.Load Tips(VVP96).VVP96] Plate 'LXB-96-150F_01', column/row offset (0, 0), X/Y offset (0.00 mm,0.00 mm), height: 0.00 mm.
11/13/2017 09:40:45.160 [Lynx.Load Tips(VVP96).VVP96] Current tip 'LXB-96-150F'.
11/13/2017 09:40:45.199 Process 'Temp Work\JMH Test1.met' Process Completed (Error)
11/13/2017 09:40:45.250 Process error in method Temp Work\JMH Test1.met[0], 'Load Tips(VVP96)': Command 'Load Tips(VVP96)': Command 'Load Tips(VVP96)' can not have an existing tip type
Method stack trace:
   Temp Work\JMH Test1.met[0] 'Load Tips(VVP96)'
[User] Step.
11/13/2017 09:40:52.183 Process 'Temp Work\JMH Test1.met' Process Started (Undefined)
11/13/2017 09:40:52.227 Process 'Temp Work\JMH Test1.met'[1] 'Set Tip Type(VVP96)' Command Started
11/13/2017 09:40:52.236 [Lynx.Set Tip Type(VVP96).VVP96] Execute: 'Set Tip Type(VVP96)'
11/13/2017 09:40:52.246 [Lynx.Set Tip Type(VVP96).VVP96] Time to complete: 0 s.
11/13/2017 09:40:52.254 Process 'Temp Work\JMH Test1.met'[1] 'Set Tip Type(VVP96)' Command Completed
11/13/2017 09:40:52.277 Process 'Temp Work\JMH Test1.met' Process Completed (Completed)
[User] Step.
11/13/2017 09:40:57.167 Process 'Temp Work\JMH Test1.met' Process Started (Undefined)
11/13/2017 09:40:57.213 Process 'Temp Work\JMH Test1.met'[0] 'Set Tip Type(VVP96)' Command Started
11/13/2017 09:40:57.223 [Lynx.Set Tip Type(VVP96).VVP96] Execute: 'Set Tip Type(VVP96)'
11/13/2017 09:40:57.233 [Lynx.Set Tip Type(VVP96).VVP96] Time to complete: 0 s.
11/13/2017 09:40:57.244 Process 'Temp Work\JMH Test1.met'[0] 'Set Tip Type(VVP96)' Command Completed
11/13/2017 09:40:57.270 Process 'Temp Work\JMH Test1.met' Process Completed (Completed)
[User] Start.
11/13/2017 09:41:03.433 Process 'Temp Work\JMH Test1.met' Process Started (Undefined)
11/13/2017 09:41:03.480 Process 'Temp Work\JMH Test1.met'[0] 'Set Tip Type(VVP96)' Command Started
11/13/2017 09:41:03.492 [Lynx.Set Tip Type(VVP96).VVP96] Execute: 'Set Tip Type(VVP96)'
11/13/2017 09:41:03.505 [Lynx.Set Tip Type(VVP96).VVP96] Time to complete: 0 s.
11/13/2017 09:41:03.515 Process 'Temp Work\JMH Test1.met'[0] 'Set Tip Type(VVP96)' Command Completed
11/13/2017 09:41:03.547 Process 'Temp Work\JMH Test1.met'[1] 'Load Tips(VVP96)' Command Started
11/13/2017 09:41:03.558 [Lynx.Load Tips(VVP96).VVP96] Execute: 'Load Tips(VVP96)'
11/13/2017 09:41:03.558 [Lynx.Load Tips(VVP96).VVP96] Plate 'LXB-96-150F_01', column/row offset (0, 0), X/Y offset (0.00 mm,0.00 mm), height: 0.00 mm.
11/13/2017 09:41:03.558 [Lynx.Load Tips(VVP96).VVP96] No current tip.
11/13/2017 09:41:03.560 [Lynx.Load Tips(VVP96).VVP96] Tip loading depth for tip type 'LXB-96-150F' is 9.4 mm.
11/13/2017 09:41:03.561 [Lynx.Load Tips(VVP96).VVP96] Plate is at location 'Loc_01' (324.06 mm, -6.26 mm, -176.03 mm) with a stack index of 1.
11/13/2017 09:41:03.576 [Lynx.Load Tips(VVP96).VVP96] Tip loading height adjustment is 0.0 mm and Z axis force limit is 40% of full power.
11/13/2017 09:41:03.576 [Lynx.Load Tips(VVP96).VVP96] Tip loading Z error limit will be 10.0 mm, XY error window will be 50.0 mm, and the XY axis holding force fraction will be 20%
11/13/2017 09:41:03.576 [Lynx.Load Tips(VVP96).VVP96] Initial robot X/Y/ZStart/ZEnd coordinates: 309.68 mm, 4.98 mm, -2.00 mm, -128.43 mm, using motion profile 'Tip Load'.
11/13/2017 09:41:03.580 [Lynx.Load Tips(VVP96).VVP96] Initial axis positions:'XL' 309.67 mm, 'YL' 4.97 mm, 'ZL' -2.02 mm
11/13/2017 09:41:05.170 [XL] Relative motor limit setting 20.0%, changing limit from 95.0% to 19.0%
11/13/2017 09:41:05.173 [YL] Relative motor limit setting 20.0%, changing limit from 95.0% to 19.0%
11/13/2017 09:41:05.181 [ZL] Absolute motor limit setting 40.0%, changing limit from 30.0% to 40.0%
11/13/2017 09:41:07.825 [Lynx.Load Tips(VVP96).VVP96] Maximum recorded tip load values: Position error 0.2 mm, motor current 22.9 %
11/13/2017 09:41:07.850 [Lynx.Load Tips(VVP96).VVP96] Tip load Z-axis motion complete.
11/13/2017 09:41:07.850 [Lynx.Load Tips(VVP96).VVP96] Tip load position errors for X/Y/Z: 0.01 mm, 1.15 mm, -0.19 mm
11/13/2017 09:41:08.098 [ZL] Absolute motor limit setting 32.0%, changing limit from 40.0% to 32.0%
11/13/2017 09:41:08.206 [ZL] Absolute motor limit setting 24.0%, changing limit from 32.0% to 24.0%
11/13/2017 09:41:08.314 [ZL] Absolute motor limit setting 16.0%, changing limit from 24.0% to 16.0%
11/13/2017 09:41:08.422 [ZL] Absolute motor limit setting 8.0%, changing limit from 16.0% to 8.0%
11/13/2017 09:41:08.530 [ZL] Relative motor limit setting 100.0%, changing limit from 8.0% to 30.0%
11/13/2017 09:41:10.288 [XL] Relative motor limit setting 100.0%, changing limit from 19.0% to 95.0%
11/13/2017 09:41:10.290 [YL] Relative motor limit setting 100.0%, changing limit from 19.0% to 95.0%
11/13/2017 09:41:10.296 [Lynx.Load Tips(VVP96).VVP96] Final axis positions:'XL' 309.67 mm, 'YL' 4.97 mm, 'ZL' -2.03 mm
11/13/2017 09:41:10.329 [Lynx.Load Tips(VVP96).VVP96] Current tip 'LXB-96-150F'.
11/13/2017 09:41:10.340 [Lynx.Load Tips(VVP96).VVP96] Time to complete: 6 s.
11/13/2017 09:41:10.349 Process 'Temp Work\JMH Test1.met'[1] 'Load Tips(VVP96)' Command Completed
11/13/2017 09:41:10.374 Process 'Temp Work\JMH Test1.met' Process Completed (Completed)
[User] Start.
11/13/2017 09:41:34.094 Process 'Temp Work\JMH Test1.met' Process Started (Undefined)
11/13/2017 09:41:34.153 Process 'Temp Work\JMH Test1.met'[0] 'Set Tip Type(VVP96)' Command Started
11/13/2017 09:41:34.162 [Lynx.Set Tip Type(VVP96).VVP96] Execute: 'Set Tip Type(VVP96)'
11/13/2017 09:41:34.175 [Lynx.Set Tip Type(VVP96).VVP96] Time to complete: 0 s.
11/13/2017 09:41:34.183 Process 'Temp Work\JMH Test1.met'[0] 'Set Tip Type(VVP96)' Command Completed
11/13/2017 09:41:34.212 Process 'Temp Work\JMH Test1.met'[1] 'Load Tips(VVP96)' Command Started
11/13/2017 09:41:34.221 [Lynx.Load Tips(VVP96).VVP96] Execute: 'Load Tips(VVP96)'
11/13/2017 09:41:34.221 [Lynx.Load Tips(VVP96).VVP96] Plate 'LXB-96-150F_01', column/row offset (0, 0), X/Y offset (0.00 mm,0.00 mm), height: 0.00 mm.
11/13/2017 09:41:34.221 [Lynx.Load Tips(VVP96).VVP96] No current tip.
11/13/2017 09:41:34.223 [Lynx.Load Tips(VVP96).VVP96] Tip loading depth for tip type 'LXB-96-150F' is 9.4 mm.
11/13/2017 09:41:34.223 [Lynx.Load Tips(VVP96).VVP96] Plate is at location 'Loc_01' (324.06 mm, -6.26 mm, -176.33 mm) with a stack index of 1.
11/13/2017 09:41:34.239 [Lynx.Load Tips(VVP96).VVP96] Tip loading height adjustment is 0.0 mm and Z axis force limit is 40% of full power.
11/13/2017 09:41:34.239 [Lynx.Load Tips(VVP96).VVP96] Tip loading Z error limit will be 10.0 mm, XY error window will be 50.0 mm, and the XY axis holding force fraction will be 20%
11/13/2017 09:41:34.239 [Lynx.Load Tips(VVP96).VVP96] Initial robot X/Y/ZStart/ZEnd coordinates: 309.68 mm, 4.98 mm, -2.00 mm, -128.73 mm, using motion profile 'Tip Load'.
11/13/2017 09:41:34.243 [Lynx.Load Tips(VVP96).VVP96] Initial axis positions:'XL' 309.67 mm, 'YL' 4.97 mm, 'ZL' -2.02 mm
11/13/2017 09:41:35.835 [XL] Relative motor limit setting 20.0%, changing limit from 95.0% to 19.0%
11/13/2017 09:41:35.838 [YL] Relative motor limit setting 20.0%, changing limit from 95.0% to 19.0%
11/13/2017 09:41:35.846 [ZL] Absolute motor limit setting 40.0%, changing limit from 30.0% to 40.0%
11/13/2017 09:41:38.495 [Lynx.Load Tips(VVP96).VVP96] Maximum recorded tip load values: Position error 0.2 mm, motor current 20.3 %
11/13/2017 09:41:38.516 [Lynx.Load Tips(VVP96).VVP96] Tip load Z-axis motion complete.
11/13/2017 09:41:38.516 [Lynx.Load Tips(VVP96).VVP96] Tip load position errors for X/Y/Z: 0.01 mm, 1.30 mm, -0.21 mm
11/13/2017 09:41:38.762 [ZL] Absolute motor limit setting 32.0%, changing limit from 40.0% to 32.0%
11/13/2017 09:41:38.871 [ZL] Absolute motor limit setting 24.0%, changing limit from 32.0% to 24.0%
11/13/2017 09:41:38.978 [ZL] Absolute motor limit setting 16.0%, changing limit from 24.0% to 16.0%
11/13/2017 09:41:39.086 [ZL] Absolute motor limit setting 8.0%, changing limit from 16.0% to 8.0%
11/13/2017 09:41:39.195 [ZL] Relative motor limit setting 100.0%, changing limit from 8.0% to 30.0%
11/13/2017 09:41:40.956 [XL] Relative motor limit setting 100.0%, changing limit from 19.0% to 95.0%
11/13/2017 09:41:40.959 [YL] Relative motor limit setting 100.0%, changing limit from 19.0% to 95.0%
11/13/2017 09:41:40.964 [Lynx.Load Tips(VVP96).VVP96] Final axis positions:'XL' 309.67 mm, 'YL' 4.97 mm, 'ZL' -2.03 mm
11/13/2017 09:41:40.998 [Lynx.Load Tips(VVP96).VVP96] Current tip 'LXB-96-150F'.
11/13/2017 09:41:41.008 [Lynx.Load Tips(VVP96).VVP96] Time to complete: 6 s.
11/13/2017 09:41:41.020 Process 'Temp Work\JMH Test1.met'[1] 'Load Tips(VVP96)' Command Completed
11/13/2017 09:41:41.044 Process 'Temp Work\JMH Test1.met' Process Completed (Completed)
[User] Start.
11/13/2017 09:42:12.604 Process 'Temp Work\JMH Test1.met' Process Started (Undefined)
11/13/2017 09:42:12.654 Process 'Temp Work\JMH Test1.met'[0] 'Set Tip Type(VVP96)' Command Started
11/13/2017 09:42:12.700 [Lynx.Set Tip Type(VVP96).VVP96] Execute: 'Set Tip Type(VVP96)'
11/13/2017 09:42:12.742 [Lynx.Set Tip Type(VVP96).VVP96] Time to complete: 0 s.
11/13/2017 09:42:12.758 Process 'Temp Work\JMH Test1.met'[0] 'Set Tip Type(VVP96)' Command Completed
11/13/2017 09:42:12.791 Process 'Temp Work\JMH Test1.met'[1] 'Load Tips(VVP96)' Command Started
11/13/2017 09:42:12.803 [Lynx.Load Tips(VVP96).VVP96] Execute: 'Load Tips(VVP96)'
11/13/2017 09:42:12.803 [Lynx.Load Tips(VVP96).VVP96] Plate 'LXB-96-150F_01', column/row offset (0, 0), X/Y offset (0.00 mm,0.00 mm), height: 0.00 mm.
11/13/2017 09:42:12.803 [Lynx.Load Tips(VVP96).VVP96] No current tip.
11/13/2017 09:42:12.804 [Lynx.Load Tips(VVP96).VVP96] Tip loading depth for tip type 'LXB-96-150F' is 9.4 mm.
11/13/2017 09:42:12.805 [Lynx.Load Tips(VVP96).VVP96] Plate is at location 'Loc_05' (26.84 mm, -6.82 mm, -176.82 mm) with a stack index of 1.
11/13/2017 09:42:12.822 [Lynx.Load Tips(VVP96).VVP96] Tip loading height adjustment is 0.0 mm and Z axis force limit is 40% of full power.
11/13/2017 09:42:12.823 [Lynx.Load Tips(VVP96).VVP96] Tip loading Z error limit will be 10.0 mm, XY error window will be 50.0 mm, and the XY axis holding force fraction will be 20%
11/13/2017 09:42:12.823 [Lynx.Load Tips(VVP96).VVP96] Initial robot X/Y/ZStart/ZEnd coordinates: 12.46 mm, 4.42 mm, -2.00 mm, -129.22 mm, using motion profile 'Tip Load'.
11/13/2017 09:42:12.827 [Lynx.Load Tips(VVP96).VVP96] Initial axis positions:'XL' 309.67 mm, 'YL' 4.97 mm, 'ZL' -2.02 mm
11/13/2017 09:42:15.790 [XL] Relative motor limit setting 20.0%, changing limit from 95.0% to 19.0%
11/13/2017 09:42:15.793 [YL] Relative motor limit setting 20.0%, changing limit from 95.0% to 19.0%
11/13/2017 09:42:15.801 [ZL] Absolute motor limit setting 40.0%, changing limit from 30.0% to 40.0%
11/13/2017 09:42:18.448 [Lynx.Load Tips(VVP96).VVP96] Maximum recorded tip load values: Position error 0.3 mm, motor current 30.2 %
11/13/2017 09:42:18.469 [Lynx.Load Tips(VVP96).VVP96] Tip load Z-axis motion complete.
11/13/2017 09:42:18.470 [Lynx.Load Tips(VVP96).VVP96] Tip load position errors for X/Y/Z: 0.02 mm, 1.29 mm, -0.30 mm
11/13/2017 09:42:18.718 [ZL] Absolute motor limit setting 32.0%, changing limit from 40.0% to 32.0%
11/13/2017 09:42:18.826 [ZL] Absolute motor limit setting 24.0%, changing limit from 32.0% to 24.0%
11/13/2017 09:42:18.933 [ZL] Absolute motor limit setting 16.0%, changing limit from 24.0% to 16.0%
11/13/2017 09:42:19.041 [ZL] Absolute motor limit setting 8.0%, changing limit from 16.0% to 8.0%
11/13/2017 09:42:19.149 [ZL] Relative motor limit setting 100.0%, changing limit from 8.0% to 30.0%
11/13/2017 09:42:20.911 [XL] Relative motor limit setting 100.0%, changing limit from 19.0% to 95.0%
11/13/2017 09:42:20.914 [YL] Relative motor limit setting 100.0%, changing limit from 19.0% to 95.0%
11/13/2017 09:42:20.920 [Lynx.Load Tips(VVP96).VVP96] Final axis positions:'XL' 12.49 mm, 'YL' 4.41 mm, 'ZL' -2.03 mm
11/13/2017 09:42:20.952 [Lynx.Load Tips(VVP96).VVP96] Current tip 'LXB-96-150F'.
11/13/2017 09:42:20.960 [Lynx.Load Tips(VVP96).VVP96] Time to complete: 8 s.
11/13/2017 09:42:20.968 Process 'Temp Work\JMH Test1.met'[1] 'Load Tips(VVP96)' Command Completed
11/13/2017 09:42:20.992 Process 'Temp Work\JMH Test1.met' Process Completed (Completed)
[User] Start.
11/13/2017 10:19:51.652 Process 'Temp Work\JMH Test1.met' Process Started (Undefined)
11/13/2017 10:19:51.698 Process 'Temp Work\JMH Test1.met'[0] 'Set Tip Type(VVP96)' Command Started
11/13/2017 10:19:51.711 [Lynx.Set Tip Type(VVP96).VVP96] Execute: 'Set Tip Type(VVP96)'
11/13/2017 10:19:51.723 [Lynx.Set Tip Type(VVP96).VVP96] Time to complete: 0 s.
11/13/2017 10:19:51.732 Process 'Temp Work\JMH Test1.met'[0] 'Set Tip Type(VVP96)' Command Completed
11/13/2017 10:19:51.761 Process 'Temp Work\JMH Test1.met'[1] 'Load Tips(VVP96)' Command Started
11/13/2017 10:19:51.771 [Lynx.Load Tips(VVP96).VVP96] Execute: 'Load Tips(VVP96)'
11/13/2017 10:19:51.771 [Lynx.Load Tips(VVP96).VVP96] Plate 'LXB-96-150F_01', column/row offset (0, 0), X/Y offset (0.00 mm,0.00 mm), height: 0.00 mm.
11/13/2017 10:19:51.771 [Lynx.Load Tips(VVP96).VVP96] No current tip.
11/13/2017 10:19:51.772 [Lynx.Load Tips(VVP96).VVP96] Tip loading depth for tip type 'LXB-96-150F' is 9.4 mm.
11/13/2017 10:19:51.773 [Lynx.Load Tips(VVP96).VVP96] Plate is at location 'Loc_05' (26.84 mm, -6.82 mm, -176.82 mm) with a stack index of 1.
11/13/2017 10:19:51.788 [Lynx.Load Tips(VVP96).VVP96] Tip loading height adjustment is 0.0 mm and Z axis force limit is 40% of full power.
11/13/2017 10:19:51.788 [Lynx.Load Tips(VVP96).VVP96] Tip loading Z error limit will be 10.0 mm, XY error window will be 50.0 mm, and the XY axis holding force fraction will be 20%
11/13/2017 10:19:51.788 [Lynx.Load Tips(VVP96).VVP96] Initial robot X/Y/ZStart/ZEnd coordinates: 12.46 mm, 4.42 mm, -2.00 mm, -129.22 mm, using motion profile 'Tip Load'.
11/13/2017 10:19:51.792 [Lynx.Load Tips(VVP96).VVP96] Initial axis positions:'XL' 12.48 mm, 'YL' 4.42 mm, 'ZL' -2.02 mm
11/13/2017 10:19:53.391 [XL] Relative motor limit setting 20.0%, changing limit from 95.0% to 19.0%
11/13/2017 10:19:53.394 [YL] Relative motor limit setting 20.0%, changing limit from 95.0% to 19.0%
11/13/2017 10:19:53.402 [ZL] Absolute motor limit setting 40.0%, changing limit from 30.0% to 40.0%
11/13/2017 10:19:56.047 [Lynx.Load Tips(VVP96).VVP96] Maximum recorded tip load values: Position error 0.3 mm, motor current 30.7 %
11/13/2017 10:19:56.072 [Lynx.Load Tips(VVP96).VVP96] Tip load Z-axis motion complete.
11/13/2017 10:19:56.072 [Lynx.Load Tips(VVP96).VVP96] Tip load position errors for X/Y/Z: 0.03 mm, 1.16 mm, -0.28 mm
11/13/2017 10:19:56.320 [ZL] Absolute motor limit setting 32.0%, changing limit from 40.0% to 32.0%
11/13/2017 10:19:56.427 [ZL] Absolute motor limit setting 24.0%, changing limit from 32.0% to 24.0%
11/13/2017 10:19:56.536 [ZL] Absolute motor limit setting 16.0%, changing limit from 24.0% to 16.0%
11/13/2017 10:19:56.643 [ZL] Absolute motor limit setting 8.0%, changing limit from 16.0% to 8.0%
11/13/2017 10:19:56.751 [ZL] Relative motor limit setting 100.0%, changing limit from 8.0% to 30.0%
11/13/2017 10:19:58.514 [XL] Relative motor limit setting 100.0%, changing limit from 19.0% to 95.0%
11/13/2017 10:19:58.517 [YL] Relative motor limit setting 100.0%, changing limit from 19.0% to 95.0%
11/13/2017 10:19:58.523 [Lynx.Load Tips(VVP96).VVP96] Final axis positions:'XL' 12.48 mm, 'YL' 4.42 mm, 'ZL' -2.03 mm
11/13/2017 10:19:58.556 [Lynx.Load Tips(VVP96).VVP96] Current tip 'LXB-96-150F'.
11/13/2017 10:19:58.572 [Lynx.Load Tips(VVP96).VVP96] Time to complete: 6 s.
11/13/2017 10:19:58.580 Process 'Temp Work\JMH Test1.met'[1] 'Load Tips(VVP96)' Command Completed
11/13/2017 10:19:58.611 Process 'Temp Work\JMH Test1.met'[2] 'Aspirate(VVP96)' Command Started
11/13/2017 10:19:58.627 [Lynx.Aspirate(VVP96).VVP96] Execute: 'Aspirate(VVP96)'
11/13/2017 10:19:58.637 [Lynx.Aspirate(VVP96).VVP96] Plate 'Reservoir_01', column/row offset (0, 0), X/Y offset (0.00 mm,0.00 mm), height: 5.00 mm.
11/13/2017 10:19:58.637 [Lynx.Aspirate(VVP96).VVP96] Current tip 'LXB-96-150F'.
11/13/2017 10:19:58.638 [Lynx.Aspirate(VVP96).VVP96] Plate is at location 'Loc_01' (324.06 mm, -6.26 mm, -176.33 mm) with a stack index of 1.
11/13/2017 10:19:58.642 [Lynx.Aspirate(VVP96).VVP96] VVP Pressure 'Mid-Range Volumes': Pressure 40 mbar, Residual vol. 0.59 uL, Pre/Post delay 0.00/1.00 , Estimated flow rate 88.00 ul/s.
11/13/2017 10:19:58.654 [Lynx.Aspirate(VVP96).VVP96] Aspirate parameters (96): Ch:A01 50.0uL/0.6uL; Ch:B01 50.0uL/0.6uL; Ch:C01 50.0uL/0.6uL; Ch:D01 50.0uL/0.6uL; Ch:E01 50.0uL/0.6uL; Ch:F01 50.0uL/0.6uL; Ch:G01 50.0uL/0.6uL; Ch:H01 50.0uL/0.6uL; Ch:A02 50.0uL/0.6uL; Ch:B02 50.0uL/0.6uL; Ch:C02 50.0uL/0.6uL; Ch:D02 50.0uL/0.6uL; Ch:E02 50.0uL/0.6uL; Ch:F02 50.0uL/0.6uL; Ch:G02 50.0uL/0.6uL; Ch:H02 50.0uL/0.6uL; Ch:A03 50.0uL/0.6uL; Ch:B03 50.0uL/0.6uL; Ch:C03 50.0uL/0.6uL; Ch:D03 50.0uL/0.6uL; Ch:E03 50.0uL/0.6uL; Ch:F03 50.0uL/0.6uL; Ch:G03 50.0uL/0.6uL; Ch:H03 50.0uL/0.6uL; Ch:A04 50.0uL/0.6uL; Ch:B04 50.0uL/0.6uL; Ch:C04 50.0uL/0.6uL; Ch:D04 50.0uL/0.6uL; Ch:E04 50.0uL/0.6uL; Ch:F04 50.0uL/0.6uL; Ch:G04 50.0uL/0.6uL; Ch:H04 50.0uL/0.6uL; Ch:A05 50.0uL/0.6uL; Ch:B05 50.0uL/0.6uL; Ch:C05 50.0uL/0.6uL; Ch:D05 50.0uL/0.6uL; Ch:E05 50.0uL/0.6uL; Ch:F05 50.0uL/0.6uL; Ch:G05 50.0uL/0.6uL; Ch:H05 50.0uL/0.6uL; Ch:A06 50.0uL/0.6uL; Ch:B06 50.0uL/0.6uL; Ch:C06 50.0uL/0.6uL; Ch:D06 50.0uL/0.6uL; Ch:E06 50.0uL/0.6uL; Ch:F06 50.0uL/0.6uL; Ch:G06 50.0uL/0.6uL; Ch:H06 50.0uL/0.6uL; Ch:A07 50.0uL/0.6uL; Ch:B07 50.0uL/0.6uL; Ch:C07 50.0uL/0.6uL; Ch:D07 50.0uL/0.6uL; Ch:E07 50.0uL/0.6uL; Ch:F07 50.0uL/0.6uL; Ch:G07 50.0uL/0.6uL; Ch:H07 50.0uL/0.6uL; Ch:A08 50.0uL/0.6uL; Ch:B08 50.0uL/0.6uL; Ch:C08 50.0uL/0.6uL; Ch:D08 50.0uL/0.6uL; Ch:E08 50.0uL/0.6uL; Ch:F08 50.0uL/0.6uL; Ch:G08 50.0uL/0.6uL; Ch:H08 50.0uL/0.6uL; Ch:A09 50.0uL/0.6uL; Ch:B09 50.0uL/0.6uL; Ch:C09 50.0uL/0.6uL; Ch:D09 50.0uL/0.6uL; Ch:E09 50.0uL/0.6uL; Ch:F09 50.0uL/0.6uL; Ch:G09 50.0uL/0.6uL; Ch:H09 50.0uL/0.6uL; Ch:A10 50.0uL/0.6uL; Ch:B10 50.0uL/0.6uL; Ch:C10 50.0uL/0.6uL; Ch:D10 50.0uL/0.6uL; Ch:E10 50.0uL/0.6uL; Ch:F10 50.0uL/0.6uL; Ch:G10 50.0uL/0.6uL; Ch:H10 50.0uL/0.6uL; Ch:A11 50.0uL/0.6uL; Ch:B11 50.0uL/0.6uL; Ch:C11 50.0uL/0.6uL; Ch:D11 50.0uL/0.6uL; Ch:E11 50.0uL/0.6uL; Ch:F11 50.0uL/0.6uL; Ch:G11 50.0uL/0.6uL; Ch:H11 50.0uL/0.6uL; Ch:A12 50.0uL/0.6uL; Ch:B12 50.0uL/0.6uL; Ch:C12 50.0uL/0.6uL; Ch:D12 50.0uL/0.6uL; Ch:E12 50.0uL/0.6uL; Ch:F12 50.0uL/0.6uL; Ch:G12 50.0uL/0.6uL; Ch:H12 50.0uL/0.6uL
11/13/2017 10:19:58.654 [Lynx.Aspirate(VVP96).VVP96] Post airgap parameters (0): 
11/13/2017 10:19:58.669 [Lynx.Aspirate(VVP96).VVP96] Initial robot X/Y/ZStart/ZEnd coordinates: 309.76 mm, 4.94 mm, -125.29 mm, -130.29 mm, using motion profile 'Mid Speed'.
11/13/2017 10:19:58.673 [Lynx.Aspirate(VVP96).VVP96] Initial axis positions:'XL' 12.48 mm, 'YL' 4.41 mm, 'ZL' -2.03 mm
11/13/2017 10:20:02.072 [VVP96] Clog detection is off.
11/13/2017 10:20:02.072 [VVP96] Aspirate diagnostics are off.
11/13/2017 10:20:02.074 [VVP96] Set VVP: command 'Clogging Limit' with setting of 0 for 96 channels.
11/13/2017 10:20:02.273 [VVP96] Set VVP: command 'Air-to-Liquid Sens.' with setting of 0 for 96 channels.
11/13/2017 10:20:02.472 [VVP96] Set VVP: command 'Liquid-to-Air Sens.' with setting of 0 for 96 channels.
11/13/2017 10:20:03.454 [VVP96] VVP Aspirate pressure is 40 mbar.
11/13/2017 10:20:04.718 [VVP96] Aspirate complete.
11/13/2017 10:20:05.331 [VVP96] Average residual volume was 1.04 ul for 96 channels at 40 mbar pressure
11/13/2017 10:20:05.529 [Lynx.Aspirate(VVP96).VVP96] Aspirate results: Ch:A01 50.6uL/1.1uL OK, Ch:B01 50.5uL/1.1uL OK, Ch:C01 50.6uL/1.1uL OK, Ch:D01 50.5uL/1.1uL OK, Ch:E01 50.6uL/1.1uL OK, Ch:F01 50.6uL/1.1uL OK, Ch:G01 50.6uL/1.1uL OK, Ch:H01 50.4uL/1.0uL OK, Ch:A02 50.5uL/1.0uL OK, Ch:B02 50.5uL/1.0uL OK, Ch:C02 50.5uL/1.0uL OK, Ch:D02 50.5uL/1.0uL OK, Ch:E02 50.5uL/1.0uL OK, Ch:F02 50.4uL/1.0uL OK, Ch:G02 50.5uL/1.0uL OK, Ch:H02 50.6uL/1.1uL OK, Ch:A03 50.5uL/1.0uL OK, Ch:B03 50.4uL/1.0uL OK, Ch:C03 50.5uL/1.0uL OK, Ch:D03 50.5uL/1.1uL OK, Ch:E03 50.5uL/1.0uL OK, Ch:F03 50.4uL/1.0uL OK, Ch:G03 50.5uL/1.0uL OK, Ch:H03 50.4uL/1.0uL OK, Ch:A04 50.4uL/1.0uL OK, Ch:B04 50.6uL/1.1uL OK, Ch:C04 50.6uL/1.1uL OK, Ch:D04 50.4uL/1.0uL OK, Ch:E04 50.5uL/1.0uL OK, Ch:F04 50.6uL/1.1uL OK, Ch:G04 50.5uL/1.0uL OK, Ch:H04 50.5uL/1.0uL OK, Ch:A05 50.4uL/1.0uL OK, Ch:B05 50.5uL/1.0uL OK, Ch:C05 50.4uL/1.0uL OK, Ch:D05 50.5uL/1.0uL OK, Ch:E05 50.5uL/1.0uL OK, Ch:F05 50.5uL/1.1uL OK, Ch:G05 50.5uL/1.0uL OK, Ch:H05 50.5uL/1.0uL OK, Ch:A06 50.6uL/1.1uL OK, Ch:B06 50.4uL/1.0uL OK, Ch:C06 50.6uL/1.1uL OK, Ch:D06 50.5uL/1.0uL OK, Ch:E06 50.1uL/0.7uL OK, Ch:F06 50.5uL/1.1uL OK, Ch:G06 50.6uL/1.1uL OK, Ch:H06 50.5uL/1.0uL OK, Ch:A07 50.5uL/1.1uL OK, Ch:B07 50.5uL/1.1uL OK, Ch:C07 50.4uL/1.0uL OK, Ch:D07 50.5uL/1.1uL OK, Ch:E07 50.6uL/1.1uL OK, Ch:F07 50.6uL/1.1uL OK, Ch:G07 50.4uL/1.0uL OK, Ch:H07 50.5uL/1.0uL OK, Ch:A08 50.5uL/1.1uL OK, Ch:B08 50.4uL/1.0uL OK, Ch:C08 50.5uL/1.0uL OK, Ch:D08 50.6uL/1.1uL OK, Ch:E08 50.5uL/1.1uL OK, Ch:F08 50.5uL/1.1uL OK, Ch:G08 50.5uL/1.0uL OK, Ch:H08 50.5uL/1.1uL OK, Ch:A09 50.6uL/1.1uL OK, Ch:B09 50.6uL/1.1uL OK, Ch:C09 50.5uL/1.1uL OK, Ch:D09 50.5uL/1.0uL OK, Ch:E09 50.6uL/1.1uL OK, Ch:F09 50.5uL/1.1uL OK, Ch:G09 50.5uL/1.0uL OK, Ch:H09 50.4uL/1.0uL OK, Ch:A10 50.6uL/1.1uL OK, Ch:B10 50.4uL/1.0uL OK, Ch:C10 50.6uL/1.1uL OK, Ch:D10 50.4uL/1.0uL OK, Ch:E10 50.6uL/1.1uL OK, Ch:F10 50.5uL/1.1uL OK, Ch:G10 50.5uL/1.0uL OK, Ch:H10 50.4uL/1.0uL OK, Ch:A11 50.5uL/1.1uL OK, Ch:B11 50.4uL/1.0uL OK, Ch:C11 50.5uL/1.0uL OK, Ch:D11 50.5uL/1.0uL OK, Ch:E11 50.6uL/1.1uL OK, Ch:F11 50.4uL/1.0uL OK, Ch:G11 50.5uL/1.0uL OK, Ch:H11 50.5uL/1.0uL OK, Ch:A12 50.6uL/1.1uL OK, Ch:B12 50.4uL/1.0uL OK, Ch:C12 50.5uL/1.0uL OK, Ch:D12 50.5uL/1.0uL OK, Ch:E12 50.4uL/1.0uL OK, Ch:F12 50.5uL/1.0uL OK, Ch:G12 50.5uL/1.0uL OK, Ch:H12 50.6uL/1.1uL OK
11/13/2017 10:20:08.830 [Lynx.Aspirate(VVP96).VVP96] Final axis positions:'XL' 309.74 mm, 'YL' 4.93 mm, 'ZL' -2.03 mm
11/13/2017 10:20:08.870 [Lynx.Aspirate(VVP96).VVP96] Time to complete: 10 s.
11/13/2017 10:20:08.881 Process 'Temp Work\JMH Test1.met'[2] 'Aspirate(VVP96)' Command Completed
11/13/2017 10:20:08.904 Process 'Temp Work\JMH Test1.met' Process Completed (Completed)
[User] Step.
11/13/2017 10:20:51.737 Process 'Temp Work\JMH Test1.met' Process Started (Undefined)
11/13/2017 10:20:51.789 Process 'Temp Work\JMH Test1.met'[3] 'Dispense(VVP96)' Command Started
11/13/2017 10:20:51.798 [Lynx.Dispense(VVP96).VVP96] Execute: 'Dispense(VVP96)'
11/13/2017 10:20:51.809 [Lynx.Dispense(VVP96).VVP96] Plate 'Reservoir_01', column/row offset (0, 0), X/Y offset (0.00 mm,0.00 mm), height: 20.00 mm.
11/13/2017 10:20:51.809 [Lynx.Dispense(VVP96).VVP96] Current tip 'LXB-96-150F'.
11/13/2017 10:20:51.809 [Lynx.Dispense(VVP96).VVP96] Plate is at location 'Loc_01' (324.06 mm, -6.26 mm, -176.33 mm) with a stack index of 1.
11/13/2017 10:20:51.811 [Lynx.Dispense(VVP96).VVP96] Warning: Pipette pressure 'Jet Dispense', 225 mbar, was outside the valid calculation range specified for Tip 'LXB-96-150F' (25 - 125 mbar).
11/13/2017 10:20:51.811 [Lynx.Dispense(VVP96).VVP96] VVP Pressure 'Jet Dispense': Pressure 225 mbar, Residual vol. 3.58 uL, Pre/Post delay 0.00/1.00 , Estimated flow rate 275.00 ul/s.
11/13/2017 10:20:51.811 [Lynx.Dispense(VVP96).VVP96] Dispense parameters (96): Ch:A01 200.0uL/3.6uL; Ch:B01 200.0uL/3.6uL; Ch:C01 200.0uL/3.6uL; Ch:D01 200.0uL/3.6uL; Ch:E01 200.0uL/3.6uL; Ch:F01 200.0uL/3.6uL; Ch:G01 200.0uL/3.6uL; Ch:H01 200.0uL/3.6uL; Ch:A02 200.0uL/3.6uL; Ch:B02 200.0uL/3.6uL; Ch:C02 200.0uL/3.6uL; Ch:D02 200.0uL/3.6uL; Ch:E02 200.0uL/3.6uL; Ch:F02 200.0uL/3.6uL; Ch:G02 200.0uL/3.6uL; Ch:H02 200.0uL/3.6uL; Ch:A03 200.0uL/3.6uL; Ch:B03 200.0uL/3.6uL; Ch:C03 200.0uL/3.6uL; Ch:D03 200.0uL/3.6uL; Ch:E03 200.0uL/3.6uL; Ch:F03 200.0uL/3.6uL; Ch:G03 200.0uL/3.6uL; Ch:H03 200.0uL/3.6uL; Ch:A04 200.0uL/3.6uL; Ch:B04 200.0uL/3.6uL; Ch:C04 200.0uL/3.6uL; Ch:D04 200.0uL/3.6uL; Ch:E04 200.0uL/3.6uL; Ch:F04 200.0uL/3.6uL; Ch:G04 200.0uL/3.6uL; Ch:H04 200.0uL/3.6uL; Ch:A05 200.0uL/3.6uL; Ch:B05 200.0uL/3.6uL; Ch:C05 200.0uL/3.6uL; Ch:D05 200.0uL/3.6uL; Ch:E05 200.0uL/3.6uL; Ch:F05 200.0uL/3.6uL; Ch:G05 200.0uL/3.6uL; Ch:H05 200.0uL/3.6uL; Ch:A06 200.0uL/3.6uL; Ch:B06 200.0uL/3.6uL; Ch:C06 200.0uL/3.6uL; Ch:D06 200.0uL/3.6uL; Ch:E06 200.0uL/3.6uL; Ch:F06 200.0uL/3.6uL; Ch:G06 200.0uL/3.6uL; Ch:H06 200.0uL/3.6uL; Ch:A07 200.0uL/3.6uL; Ch:B07 200.0uL/3.6uL; Ch:C07 200.0uL/3.6uL; Ch:D07 200.0uL/3.6uL; Ch:E07 200.0uL/3.6uL; Ch:F07 200.0uL/3.6uL; Ch:G07 200.0uL/3.6uL; Ch:H07 200.0uL/3.6uL; Ch:A08 200.0uL/3.6uL; Ch:B08 200.0uL/3.6uL; Ch:C08 200.0uL/3.6uL; Ch:D08 200.0uL/3.6uL; Ch:E08 200.0uL/3.6uL; Ch:F08 200.0uL/3.6uL; Ch:G08 200.0uL/3.6uL; Ch:H08 200.0uL/3.6uL; Ch:A09 200.0uL/3.6uL; Ch:B09 200.0uL/3.6uL; Ch:C09 200.0uL/3.6uL; Ch:D09 200.0uL/3.6uL; Ch:E09 200.0uL/3.6uL; Ch:F09 200.0uL/3.6uL; Ch:G09 200.0uL/3.6uL; Ch:H09 200.0uL/3.6uL; Ch:A10 200.0uL/3.6uL; Ch:B10 200.0uL/3.6uL; Ch:C10 200.0uL/3.6uL; Ch:D10 200.0uL/3.6uL; Ch:E10 200.0uL/3.6uL; Ch:F10 200.0uL/3.6uL; Ch:G10 200.0uL/3.6uL; Ch:H10 200.0uL/3.6uL; Ch:A11 200.0uL/3.6uL; Ch:B11 200.0uL/3.6uL; Ch:C11 200.0uL/3.6uL; Ch:D11 200.0uL/3.6uL; Ch:E11 200.0uL/3.6uL; Ch:F11 200.0uL/3.6uL; Ch:G11 200.0uL/3.6uL; Ch:H11 200.0uL/3.6uL; Ch:A12 200.0uL/3.6uL; Ch:B12 200.0uL/3.6uL; Ch:C12 200.0uL/3.6uL; Ch:D12 200.0uL/3.6uL; Ch:E12 200.0uL/3.6uL; Ch:F12 200.0uL/3.6uL; Ch:G12 200.0uL/3.6uL; Ch:H12 200.0uL/3.6uL
11/13/2017 10:20:51.811 [Lynx.Dispense(VVP96).VVP96] Post airgap parameters (0): 
11/13/2017 10:20:51.825 [Lynx.Dispense(VVP96).VVP96] Initial robot X/Y/ZStart/ZEnd coordinates: 309.76 mm, 4.94 mm, -110.29 mm, -130.29 mm, using motion profile 'Mid Speed'.
11/13/2017 10:20:51.830 [Lynx.Dispense(VVP96).VVP96] Initial axis positions:'XL' 309.74 mm, 'YL' 4.93 mm, 'ZL' -2.02 mm
11/13/2017 10:20:53.532 [VVP96] Set VVP: command 'Clogging Limit' with setting of 0 for 96 channels.
11/13/2017 10:20:53.750 [VVP96] Set VVP: command 'Air-to-Liquid Sens.' with setting of 0 for 96 channels.
11/13/2017 10:20:53.968 [VVP96] Set VVP: command 'Liquid-to-Air Sens.' with setting of 0 for 96 channels.
11/13/2017 10:20:54.978 [VVP96] VVP Dispense pressure is 225 mbar.
11/13/2017 10:20:55.733 [VVP96] Dispense complete.
11/13/2017 10:20:56.309 [VVP96] Average residual volume was 7.22 ul for 96 channels at 225 mbar pressure
11/13/2017 10:20:56.507 [Lynx.Dispense(VVP96).VVP96] Dispense results: Ch:A01 203.8uL/7.3uL OK, Ch:B01 203.8uL/7.3uL OK, Ch:C01 203.9uL/7.4uL OK, Ch:D01 203.8uL/7.3uL OK, Ch:E01 203.8uL/7.3uL OK, Ch:F01 203.8uL/7.3uL OK, Ch:G01 203.7uL/7.3uL OK, Ch:H01 203.7uL/7.2uL OK, Ch:A02 203.7uL/7.2uL OK, Ch:B02 203.8uL/7.3uL OK, Ch:C02 203.4uL/7.0uL OK, Ch:D02 203.5uL/7.0uL OK, Ch:E02 203.5uL/7.1uL OK, Ch:F02 203.5uL/7.0uL OK, Ch:G02 203.9uL/7.4uL OK, Ch:H02 203.4uL/6.9uL OK, Ch:A03 203.6uL/7.1uL OK, Ch:B03 203.9uL/7.4uL OK, Ch:C03 203.6uL/7.1uL OK, Ch:D03 203.4uL/6.9uL OK, Ch:E03 203.5uL/7.0uL OK, Ch:F03 203.6uL/7.1uL OK, Ch:G03 203.5uL/7.0uL OK, Ch:H03 203.5uL/7.0uL OK, Ch:A04 203.6uL/7.1uL OK, Ch:B04 203.6uL/7.1uL OK, Ch:C04 203.5uL/7.0uL OK, Ch:D04 203.6uL/7.1uL OK, Ch:E04 203.5uL/7.0uL OK, Ch:F04 204.2uL/7.7uL OK, Ch:G04 203.8uL/7.3uL OK, Ch:H04 203.4uL/6.9uL OK, Ch:A05 203.4uL/6.9uL OK, Ch:B05 203.4uL/6.9uL OK, Ch:C05 203.7uL/7.2uL OK, Ch:D05 203.6uL/7.1uL OK, Ch:E05 203.8uL/7.3uL OK, Ch:F05 204.0uL/7.5uL OK, Ch:G05 203.9uL/7.4uL OK, Ch:H05 203.8uL/7.3uL OK, Ch:A06 203.9uL/7.4uL OK, Ch:B06 203.9uL/7.4uL OK, Ch:C06 203.8uL/7.3uL OK, Ch:D06 203.9uL/7.4uL OK, Ch:E06 204.1uL/7.6uL OK, Ch:F06 204.0uL/7.5uL OK, Ch:G06 203.6uL/7.1uL OK, Ch:H06 203.8uL/7.3uL OK, Ch:A07 203.5uL/7.0uL OK, Ch:B07 203.8uL/7.3uL OK, Ch:C07 204.0uL/7.5uL OK, Ch:D07 204.1uL/7.6uL OK, Ch:E07 203.9uL/7.4uL OK, Ch:F07 204.0uL/7.5uL OK, Ch:G07 203.9uL/7.4uL OK, Ch:H07 203.8uL/7.3uL OK, Ch:A08 203.7uL/7.2uL OK, Ch:B08 203.5uL/7.0uL OK, Ch:C08 203.8uL/7.3uL OK, Ch:D08 203.6uL/7.1uL OK, Ch:E08 203.6uL/7.1uL OK, Ch:F08 203.9uL/7.4uL OK, Ch:G08 203.6uL/7.1uL OK, Ch:H08 203.6uL/7.1uL OK, Ch:A09 203.8uL/7.3uL OK, Ch:B09 204.1uL/7.6uL OK, Ch:C09 203.8uL/7.3uL OK, Ch:D09 203.6uL/7.1uL OK, Ch:E09 203.8uL/7.3uL OK, Ch:F09 203.5uL/7.0uL OK, Ch:G09 203.6uL/7.1uL OK, Ch:H09 203.5uL/7.0uL OK, Ch:A10 203.8uL/7.3uL OK, Ch:B10 203.7uL/7.2uL OK, Ch:C10 203.9uL/7.4uL OK, Ch:D10 203.9uL/7.4uL OK, Ch:E10 204.0uL/7.5uL OK, Ch:F10 203.9uL/7.4uL OK, Ch:G10 203.7uL/7.2uL OK, Ch:H10 204.0uL/7.5uL OK, Ch:A11 203.6uL/7.1uL OK, Ch:B11 203.5uL/7.0uL OK, Ch:C11 203.6uL/7.1uL OK, Ch:D11 203.6uL/7.1uL OK, Ch:E11 203.4uL/7.0uL OK, Ch:F11 203.8uL/7.3uL OK, Ch:G11 203.7uL/7.2uL OK, Ch:H11 203.6uL/7.1uL OK, Ch:A12 203.6uL/7.1uL OK, Ch:B12 203.8uL/7.4uL OK, Ch:C12 203.2uL/6.7uL OK, Ch:D12 203.6uL/7.1uL OK, Ch:E12 203.7uL/7.2uL OK, Ch:F12 203.4uL/6.9uL OK, Ch:G12 203.8uL/7.3uL OK, Ch:H12 204.2uL/7.7uL OK
11/13/2017 10:20:59.639 [Lynx.Dispense(VVP96).VVP96] Final axis positions:'XL' 309.74 mm, 'YL' 4.93 mm, 'ZL' -2.03 mm
11/13/2017 10:20:59.684 [Lynx.Dispense(VVP96).VVP96] Time to complete: 7 s.
11/13/2017 10:20:59.696 Process 'Temp Work\JMH Test1.met'[3] 'Dispense(VVP96)' Command Completed
11/13/2017 10:20:59.723 Process 'Temp Work\JMH Test1.met' Process Completed (Completed)
[User] Step.
11/13/2017 10:23:41.568 Process 'Temp Work\JMH Test1.met' Process Started (Undefined)
11/13/2017 10:23:41.619 Process 'Temp Work\JMH Test1.met'[2] 'Aspirate(VVP96)' Command Started
11/13/2017 10:23:41.629 [Lynx.Aspirate(VVP96).VVP96] Execute: 'Aspirate(VVP96)'
11/13/2017 10:23:41.629 [Lynx.Aspirate(VVP96).VVP96] Plate 'Reservoir_01', column/row offset (0, 0), X/Y offset (0.00 mm,0.00 mm), height: 5.00 mm.
11/13/2017 10:23:41.629 [Lynx.Aspirate(VVP96).VVP96] Current tip 'LXB-96-150F'.
11/13/2017 10:23:41.630 [Lynx.Aspirate(VVP96).VVP96] Plate is at location 'Loc_01' (324.06 mm, -6.26 mm, -176.33 mm) with a stack index of 1.
11/13/2017 10:23:41.631 [Lynx.Aspirate(VVP96).VVP96] Pipette commands are from input CSV file C:\MethodManager4\Workspaces\730i VVP96 Demo\Input\'LLD Aspirate Input for 384well plate.csv'
11/13/2017 10:23:41.631 [Lynx.Aspirate(VVP96).VVP96] VVP Pressure 'Mid-Range Volumes': Pressure 40 mbar, Residual vol. 0.59 uL, Pre/Post delay 0.00/1.00 , Estimated flow rate 88.00 ul/s.
11/13/2017 10:23:41.641 [Lynx.Aspirate(VVP96).VVP96] Aspirate parameters (96): Ch:A01 80.0uL/0.6uL; Ch:B01 77.0uL/0.6uL; Ch:C01 74.0uL/0.6uL; Ch:D01 71.0uL/0.6uL; Ch:E01 68.0uL/0.6uL; Ch:F01 65.0uL/0.6uL; Ch:G01 62.0uL/0.6uL; Ch:H01 59.0uL/0.6uL; Ch:A02 76.0uL/0.6uL; Ch:B02 73.0uL/0.6uL; Ch:C02 70.0uL/0.6uL; Ch:D02 67.0uL/0.6uL; Ch:E02 64.0uL/0.6uL; Ch:F02 61.0uL/0.6uL; Ch:G02 58.0uL/0.6uL; Ch:H02 55.0uL/0.6uL; Ch:A03 72.0uL/0.6uL; Ch:B03 69.0uL/0.6uL; Ch:C03 66.0uL/0.6uL; Ch:D03 63.0uL/0.6uL; Ch:E03 60.0uL/0.6uL; Ch:F03 57.0uL/0.6uL; Ch:G03 54.0uL/0.6uL; Ch:H03 51.0uL/0.6uL; Ch:A04 68.0uL/0.6uL; Ch:B04 65.0uL/0.6uL; Ch:C04 62.0uL/0.6uL; Ch:D04 59.0uL/0.6uL; Ch:E04 56.0uL/0.6uL; Ch:F04 53.0uL/0.6uL; Ch:G04 50.0uL/0.6uL; Ch:H04 47.0uL/0.6uL; Ch:A05 64.0uL/0.6uL; Ch:B05 61.0uL/0.6uL; Ch:C05 58.0uL/0.6uL; Ch:D05 55.0uL/0.6uL; Ch:E05 52.0uL/0.6uL; Ch:F05 49.0uL/0.6uL; Ch:G05 46.0uL/0.6uL; Ch:H05 43.0uL/0.6uL; Ch:A06 60.0uL/0.6uL; Ch:B06 57.0uL/0.6uL; Ch:C06 54.0uL/0.6uL; Ch:D06 51.0uL/0.6uL; Ch:E06 48.0uL/0.6uL; Ch:F06 45.0uL/0.6uL; Ch:G06 42.0uL/0.6uL; Ch:H06 39.0uL/0.6uL; Ch:A07 56.0uL/0.6uL; Ch:B07 53.0uL/0.6uL; Ch:C07 50.0uL/0.6uL; Ch:D07 47.0uL/0.6uL; Ch:E07 44.0uL/0.6uL; Ch:F07 41.0uL/0.6uL; Ch:G07 38.0uL/0.6uL; Ch:H07 35.0uL/0.6uL; Ch:A08 52.0uL/0.6uL; Ch:B08 49.0uL/0.6uL; Ch:C08 46.0uL/0.6uL; Ch:D08 43.0uL/0.6uL; Ch:E08 40.0uL/0.6uL; Ch:F08 37.0uL/0.6uL; Ch:G08 34.0uL/0.6uL; Ch:H08 31.0uL/0.6uL; Ch:A09 48.0uL/0.6uL; Ch:B09 45.0uL/0.6uL; Ch:C09 42.0uL/0.6uL; Ch:D09 39.0uL/0.6uL; Ch:E09 36.0uL/0.6uL; Ch:F09 33.0uL/0.6uL; Ch:G09 30.0uL/0.6uL; Ch:H09 27.0uL/0.6uL; Ch:A10 44.0uL/0.6uL; Ch:B10 41.0uL/0.6uL; Ch:C10 38.0uL/0.6uL; Ch:D10 35.0uL/0.6uL; Ch:E10 32.0uL/0.6uL; Ch:F10 29.0uL/0.6uL; Ch:G10 26.0uL/0.6uL; Ch:H10 23.0uL/0.6uL; Ch:A11 40.0uL/0.6uL; Ch:B11 37.0uL/0.6uL; Ch:C11 34.0uL/0.6uL; Ch:D11 31.0uL/0.6uL; Ch:E11 28.0uL/0.6uL; Ch:F11 25.0uL/0.6uL; Ch:G11 22.0uL/0.6uL; Ch:H11 19.0uL/0.6uL; Ch:A12 36.0uL/0.6uL; Ch:B12 33.0uL/0.6uL; Ch:C12 30.0uL/0.6uL; Ch:D12 27.0uL/0.6uL; Ch:E12 24.0uL/0.6uL; Ch:F12 21.0uL/0.6uL; Ch:G12 18.0uL/0.6uL; Ch:H12 15.0uL/0.6uL
11/13/2017 10:23:41.641 [Lynx.Aspirate(VVP96).VVP96] Post airgap parameters (0): 
11/13/2017 10:23:41.655 [Lynx.Aspirate(VVP96).VVP96] Initial robot X/Y/ZStart/ZEnd coordinates: 309.76 mm, 4.94 mm, -125.29 mm, -130.29 mm, using motion profile 'Mid Speed'.
11/13/2017 10:23:41.659 [Lynx.Aspirate(VVP96).VVP96] Initial axis positions:'XL' 309.75 mm, 'YL' 4.93 mm, 'ZL' -2.02 mm
11/13/2017 10:23:43.463 [VVP96] Clog detection is off.
11/13/2017 10:23:43.463 [VVP96] Aspirate diagnostics are off.
11/13/2017 10:23:43.463 [VVP96] Set VVP: command 'Clogging Limit' with setting of 0 for 96 channels.
11/13/2017 10:23:43.680 [VVP96] Set VVP: command 'Air-to-Liquid Sens.' with setting of 0 for 96 channels.
11/13/2017 10:23:43.898 [VVP96] Set VVP: command 'Liquid-to-Air Sens.' with setting of 0 for 96 channels.
11/13/2017 10:23:44.963 [VVP96] VVP Aspirate pressure is 41 mbar.
11/13/2017 10:23:46.208 [VVP96] Aspirate complete.
11/13/2017 10:23:46.963 [VVP96] Average residual volume was 1.14 ul for 96 channels at 40 mbar pressure
11/13/2017 10:23:47.154 [Lynx.Aspirate(VVP96).VVP96] Aspirate results: Ch:A01 80.6uL/1.2uL OK, Ch:B01 77.7uL/1.2uL OK, Ch:C01 74.7uL/1.2uL OK, Ch:D01 71.8uL/1.3uL OK, Ch:E01 68.7uL/1.2uL OK, Ch:F01 65.7uL/1.3uL OK, Ch:G01 62.6uL/1.2uL OK, Ch:H01 59.7uL/1.2uL OK, Ch:A02 76.7uL/1.2uL OK, Ch:B02 73.7uL/1.2uL OK, Ch:C02 70.6uL/1.2uL OK, Ch:D02 67.5uL/1.1uL OK, Ch:E02 64.7uL/1.2uL OK, Ch:F02 61.6uL/1.2uL OK, Ch:G02 58.6uL/1.1uL OK, Ch:H02 55.6uL/1.2uL OK, Ch:A03 72.7uL/1.2uL OK, Ch:B03 69.8uL/1.3uL OK, Ch:C03 66.5uL/1.1uL OK, Ch:D03 63.7uL/1.2uL OK, Ch:E03 60.7uL/1.2uL OK, Ch:F03 57.5uL/1.1uL OK, Ch:G03 54.6uL/1.1uL OK, Ch:H03 51.5uL/1.1uL OK, Ch:A04 68.5uL/1.1uL OK, Ch:B04 65.7uL/1.2uL OK, Ch:C04 62.6uL/1.2uL OK, Ch:D04 59.6uL/1.1uL OK, Ch:E04 56.5uL/1.1uL OK, Ch:F04 53.6uL/1.1uL OK, Ch:G04 50.6uL/1.1uL OK, Ch:H04 47.7uL/1.2uL OK, Ch:A05 64.7uL/1.2uL OK, Ch:B05 61.6uL/1.1uL OK, Ch:C05 58.6uL/1.1uL OK, Ch:D05 55.6uL/1.1uL OK, Ch:E05 52.5uL/1.1uL OK, Ch:F05 49.6uL/1.1uL OK, Ch:G05 46.6uL/1.1uL OK, Ch:H05 43.6uL/1.1uL OK, Ch:A06 60.6uL/1.2uL OK, Ch:B06 57.6uL/1.2uL OK, Ch:C06 54.6uL/1.1uL OK, Ch:D06 51.6uL/1.1uL OK, Ch:E06 48.5uL/1.0uL OK, Ch:F06 45.7uL/1.2uL OK, Ch:G06 42.6uL/1.2uL OK, Ch:H06 39.4uL/1.0uL OK, Ch:A07 56.7uL/1.2uL OK, Ch:B07 53.7uL/1.2uL OK, Ch:C07 50.5uL/1.1uL OK, Ch:D07 47.6uL/1.1uL OK, Ch:E07 44.5uL/1.0uL OK, Ch:F07 41.7uL/1.2uL OK, Ch:G07 38.7uL/1.2uL OK, Ch:H07 35.6uL/1.1uL OK, Ch:A08 52.7uL/1.2uL OK, Ch:B08 49.5uL/1.1uL OK, Ch:C08 46.6uL/1.1uL OK, Ch:D08 43.6uL/1.1uL OK, Ch:E08 40.6uL/1.1uL OK, Ch:F08 37.6uL/1.1uL OK, Ch:G08 34.6uL/1.1uL OK, Ch:H08 31.6uL/1.1uL OK, Ch:A09 48.6uL/1.2uL OK, Ch:B09 45.6uL/1.1uL OK, Ch:C09 42.6uL/1.1uL OK, Ch:D09 39.6uL/1.1uL OK, Ch:E09 36.6uL/1.1uL OK, Ch:F09 33.6uL/1.2uL OK, Ch:G09 30.6uL/1.1uL OK, Ch:H09 27.5uL/1.1uL OK, Ch:A10 44.6uL/1.1uL OK, Ch:B10 41.5uL/1.1uL OK, Ch:C10 38.6uL/1.2uL OK, Ch:D10 35.5uL/1.1uL OK, Ch:E10 32.7uL/1.2uL OK, Ch:F10 29.5uL/1.1uL OK, Ch:G10 26.5uL/1.0uL OK, Ch:H10 23.5uL/1.1uL OK, Ch:A11 40.7uL/1.2uL OK, Ch:B11 37.5uL/1.1uL OK, Ch:C11 34.5uL/1.1uL OK, Ch:D11 31.5uL/1.0uL OK, Ch:E11 28.6uL/1.1uL OK, Ch:F11 25.5uL/1.1uL OK, Ch:G11 22.6uL/1.1uL OK, Ch:H11 19.6uL/1.1uL OK, Ch:A12 36.6uL/1.1uL OK, Ch:B12 33.6uL/1.1uL OK, Ch:C12 30.5uL/1.1uL OK, Ch:D12 27.6uL/1.1uL OK, Ch:E12 24.5uL/1.1uL OK, Ch:F12 21.5uL/1.1uL OK, Ch:G12 18.6uL/1.1uL OK, Ch:H12 15.5uL/1.1uL OK
11/13/2017 10:23:50.430 [Lynx.Aspirate(VVP96).VVP96] Final axis positions:'XL' 309.75 mm, 'YL' 4.93 mm, 'ZL' -2.03 mm
11/13/2017 10:23:50.470 [Lynx.Aspirate(VVP96).VVP96] Time to complete: 8 s.
11/13/2017 10:23:50.484 Process 'Temp Work\JMH Test1.met'[2] 'Aspirate(VVP96)' Command Completed
11/13/2017 10:23:50.517 Process 'Temp Work\JMH Test1.met' Process Completed (Completed)
[User] Step.
11/13/2017 10:24:06.532 Process 'Temp Work\JMH Test1.met' Process Started (Undefined)
11/13/2017 10:24:06.595 Process 'Temp Work\JMH Test1.met'[3] 'Dispense(VVP96)' Command Started
11/13/2017 10:24:06.605 [Lynx.Dispense(VVP96).VVP96] Execute: 'Dispense(VVP96)'
11/13/2017 10:24:06.605 [Lynx.Dispense(VVP96).VVP96] Plate 'Reservoir_01', column/row offset (0, 0), X/Y offset (0.00 mm,0.00 mm), height: 20.00 mm.
11/13/2017 10:24:06.605 [Lynx.Dispense(VVP96).VVP96] Current tip 'LXB-96-150F'.
11/13/2017 10:24:06.606 [Lynx.Dispense(VVP96).VVP96] Plate is at location 'Loc_01' (324.06 mm, -6.26 mm, -176.33 mm) with a stack index of 1.
11/13/2017 10:24:06.607 [Lynx.Dispense(VVP96).VVP96] Warning: Pipette pressure 'Jet Dispense', 225 mbar, was outside the valid calculation range specified for Tip 'LXB-96-150F' (25 - 125 mbar).
11/13/2017 10:24:06.607 [Lynx.Dispense(VVP96).VVP96] VVP Pressure 'Jet Dispense': Pressure 225 mbar, Residual vol. 3.58 uL, Pre/Post delay 0.00/1.00 , Estimated flow rate 275.00 ul/s.
11/13/2017 10:24:06.607 [Lynx.Dispense(VVP96).VVP96] Dispense parameters (96): Ch:A01 200.0uL/3.6uL; Ch:B01 200.0uL/3.6uL; Ch:C01 200.0uL/3.6uL; Ch:D01 200.0uL/3.6uL; Ch:E01 200.0uL/3.6uL; Ch:F01 200.0uL/3.6uL; Ch:G01 200.0uL/3.6uL; Ch:H01 200.0uL/3.6uL; Ch:A02 200.0uL/3.6uL; Ch:B02 200.0uL/3.6uL; Ch:C02 200.0uL/3.6uL; Ch:D02 200.0uL/3.6uL; Ch:E02 200.0uL/3.6uL; Ch:F02 200.0uL/3.6uL; Ch:G02 200.0uL/3.6uL; Ch:H02 200.0uL/3.6uL; Ch:A03 200.0uL/3.6uL; Ch:B03 200.0uL/3.6uL; Ch:C03 200.0uL/3.6uL; Ch:D03 200.0uL/3.6uL; Ch:E03 200.0uL/3.6uL; Ch:F03 200.0uL/3.6uL; Ch:G03 200.0uL/3.6uL; Ch:H03 200.0uL/3.6uL; Ch:A04 200.0uL/3.6uL; Ch:B04 200.0uL/3.6uL; Ch:C04 200.0uL/3.6uL; Ch:D04 200.0uL/3.6uL; Ch:E04 200.0uL/3.6uL; Ch:F04 200.0uL/3.6uL; Ch:G04 200.0uL/3.6uL; Ch:H04 200.0uL/3.6uL; Ch:A05 200.0uL/3.6uL; Ch:B05 200.0uL/3.6uL; Ch:C05 200.0uL/3.6uL; Ch:D05 200.0uL/3.6uL; Ch:E05 200.0uL/3.6uL; Ch:F05 200.0uL/3.6uL; Ch:G05 200.0uL/3.6uL; Ch:H05 200.0uL/3.6uL; Ch:A06 200.0uL/3.6uL; Ch:B06 200.0uL/3.6uL; Ch:C06 200.0uL/3.6uL; Ch:D06 200.0uL/3.6uL; Ch:E06 200.0uL/3.6uL; Ch:F06 200.0uL/3.6uL; Ch:G06 200.0uL/3.6uL; Ch:H06 200.0uL/3.6uL; Ch:A07 200.0uL/3.6uL; Ch:B07 200.0uL/3.6uL; Ch:C07 200.0uL/3.6uL; Ch:D07 200.0uL/3.6uL; Ch:E07 200.0uL/3.6uL; Ch:F07 200.0uL/3.6uL; Ch:G07 200.0uL/3.6uL; Ch:H07 200.0uL/3.6uL; Ch:A08 200.0uL/3.6uL; Ch:B08 200.0uL/3.6uL; Ch:C08 200.0uL/3.6uL; Ch:D08 200.0uL/3.6uL; Ch:E08 200.0uL/3.6uL; Ch:F08 200.0uL/3.6uL; Ch:G08 200.0uL/3.6uL; Ch:H08 200.0uL/3.6uL; Ch:A09 200.0uL/3.6uL; Ch:B09 200.0uL/3.6uL; Ch:C09 200.0uL/3.6uL; Ch:D09 200.0uL/3.6uL; Ch:E09 200.0uL/3.6uL; Ch:F09 200.0uL/3.6uL; Ch:G09 200.0uL/3.6uL; Ch:H09 200.0uL/3.6uL; Ch:A10 200.0uL/3.6uL; Ch:B10 200.0uL/3.6uL; Ch:C10 200.0uL/3.6uL; Ch:D10 200.0uL/3.6uL; Ch:E10 200.0uL/3.6uL; Ch:F10 200.0uL/3.6uL; Ch:G10 200.0uL/3.6uL; Ch:H10 200.0uL/3.6uL; Ch:A11 200.0uL/3.6uL; Ch:B11 200.0uL/3.6uL; Ch:C11 200.0uL/3.6uL; Ch:D11 200.0uL/3.6uL; Ch:E11 200.0uL/3.6uL; Ch:F11 200.0uL/3.6uL; Ch:G11 200.0uL/3.6uL; Ch:H11 200.0uL/3.6uL; Ch:A12 200.0uL/3.6uL; Ch:B12 200.0uL/3.6uL; Ch:C12 200.0uL/3.6uL; Ch:D12 200.0uL/3.6uL; Ch:E12 200.0uL/3.6uL; Ch:F12 200.0uL/3.6uL; Ch:G12 200.0uL/3.6uL; Ch:H12 200.0uL/3.6uL
11/13/2017 10:24:06.607 [Lynx.Dispense(VVP96).VVP96] Post airgap parameters (0): 
11/13/2017 10:24:06.622 [Lynx.Dispense(VVP96).VVP96] Initial robot X/Y/ZStart/ZEnd coordinates: 309.76 mm, 4.94 mm, -110.29 mm, -130.29 mm, using motion profile 'Mid Speed'.
11/13/2017 10:24:06.626 [Lynx.Dispense(VVP96).VVP96] Initial axis positions:'XL' 309.75 mm, 'YL' 4.93 mm, 'ZL' -2.02 mm
11/13/2017 10:24:08.322 [VVP96] Set VVP: command 'Clogging Limit' with setting of 0 for 96 channels.
11/13/2017 10:24:08.541 [VVP96] Set VVP: command 'Air-to-Liquid Sens.' with setting of 0 for 96 channels.
11/13/2017 10:24:08.759 [VVP96] Set VVP: command 'Liquid-to-Air Sens.' with setting of 0 for 96 channels.
11/13/2017 10:24:09.765 [VVP96] VVP Dispense pressure is 229 mbar.
11/13/2017 10:24:10.520 [VVP96] Dispense complete.
11/13/2017 10:24:11.093 [VVP96] Average residual volume was 7.22 ul for 96 channels at 225 mbar pressure
11/13/2017 10:24:11.287 [Lynx.Dispense(VVP96).VVP96] Dispense results: Ch:A01 204.4uL/7.9uL OK, Ch:B01 203.9uL/7.4uL OK, Ch:C01 204.2uL/7.7uL OK, Ch:D01 203.9uL/7.4uL OK, Ch:E01 203.9uL/7.4uL OK, Ch:F01 204.0uL/7.5uL OK, Ch:G01 203.9uL/7.4uL OK, Ch:H01 204.0uL/7.5uL OK, Ch:A02 203.6uL/7.1uL OK, Ch:B02 203.9uL/7.4uL OK, Ch:C02 203.6uL/7.2uL OK, Ch:D02 203.7uL/7.2uL OK, Ch:E02 203.8uL/7.3uL OK, Ch:F02 203.6uL/7.1uL OK, Ch:G02 204.0uL/7.5uL OK, Ch:H02 203.5uL/7.0uL OK, Ch:A03 203.7uL/7.2uL OK, Ch:B03 204.0uL/7.5uL OK, Ch:C03 203.8uL/7.3uL OK, Ch:D03 203.5uL/7.0uL OK, Ch:E03 203.5uL/7.1uL OK, Ch:F03 203.7uL/7.2uL OK, Ch:G03 203.6uL/7.1uL OK, Ch:H03 203.6uL/7.1uL OK, Ch:A04 203.6uL/7.1uL OK, Ch:B04 203.8uL/7.3uL OK, Ch:C04 203.5uL/7.0uL OK, Ch:D04 203.7uL/7.2uL OK, Ch:E04 203.5uL/7.0uL OK, Ch:F04 204.2uL/7.7uL OK, Ch:G04 203.8uL/7.3uL OK, Ch:H04 203.3uL/6.8uL OK, Ch:A05 203.6uL/7.1uL OK, Ch:B05 203.5uL/7.0uL OK, Ch:C05 203.7uL/7.3uL OK, Ch:D05 203.7uL/7.2uL OK, Ch:E05 203.7uL/7.3uL OK, Ch:F05 204.0uL/7.5uL OK, Ch:G05 203.8uL/7.3uL OK, Ch:H05 203.7uL/7.2uL OK, Ch:A06 204.0uL/7.5uL OK, Ch:B06 204.0uL/7.5uL OK, Ch:C06 203.8uL/7.3uL OK, Ch:D06 203.9uL/7.4uL OK, Ch:E06 204.0uL/7.5uL OK, Ch:F06 203.9uL/7.4uL OK, Ch:G06 203.6uL/7.1uL OK, Ch:H06 203.6uL/7.1uL OK, Ch:A07 203.6uL/7.1uL OK, Ch:B07 203.8uL/7.4uL OK, Ch:C07 203.9uL/7.5uL OK, Ch:D07 204.0uL/7.5uL OK, Ch:E07 203.8uL/7.3uL OK, Ch:F07 203.9uL/7.4uL OK, Ch:G07 203.9uL/7.4uL OK, Ch:H07 203.7uL/7.2uL OK, Ch:A08 203.7uL/7.2uL OK, Ch:B08 203.5uL/7.0uL OK, Ch:C08 203.8uL/7.3uL OK, Ch:D08 203.6uL/7.1uL OK, Ch:E08 203.6uL/7.1uL OK, Ch:F08 203.8uL/7.3uL OK, Ch:G08 203.6uL/7.1uL OK, Ch:H08 203.6uL/7.1uL OK, Ch:A09 203.7uL/7.2uL OK, Ch:B09 204.0uL/7.5uL OK, Ch:C09 203.9uL/7.4uL OK, Ch:D09 203.6uL/7.1uL OK, Ch:E09 203.6uL/7.1uL OK, Ch:F09 203.6uL/7.1uL OK, Ch:G09 203.5uL/7.1uL OK, Ch:H09 203.5uL/7.0uL OK, Ch:A10 203.7uL/7.2uL OK, Ch:B10 203.7uL/7.2uL OK, Ch:C10 203.9uL/7.4uL OK, Ch:D10 203.7uL/7.2uL OK, Ch:E10 203.7uL/7.2uL OK, Ch:F10 203.6uL/7.1uL OK, Ch:G10 203.5uL/7.0uL OK, Ch:H10 203.4uL/6.9uL OK, Ch:A11 203.6uL/7.1uL OK, Ch:B11 203.6uL/7.1uL OK, Ch:C11 203.5uL/7.0uL OK, Ch:D11 203.5uL/7.0uL OK, Ch:E11 203.3uL/6.8uL OK, Ch:F11 203.4uL/6.9uL OK, Ch:G11 203.6uL/7.1uL OK, Ch:H11 203.5uL/7.0uL OK, Ch:A12 203.8uL/7.3uL OK, Ch:B12 203.6uL/7.1uL OK, Ch:C12 203.2uL/6.7uL OK, Ch:D12 203.5uL/7.1uL OK, Ch:E12 203.6uL/7.1uL OK, Ch:F12 203.4uL/6.9uL OK, Ch:G12 203.5uL/7.0uL OK, Ch:H12 203.7uL/7.2uL OK
11/13/2017 10:24:14.414 [Lynx.Dispense(VVP96).VVP96] Final axis positions:'XL' 309.75 mm, 'YL' 4.93 mm, 'ZL' -2.03 mm
11/13/2017 10:24:14.453 [Lynx.Dispense(VVP96).VVP96] Time to complete: 7 s.
11/13/2017 10:24:14.464 Process 'Temp Work\JMH Test1.met'[3] 'Dispense(VVP96)' Command Completed
11/13/2017 10:24:14.509 Process 'Temp Work\JMH Test1.met' Process Completed (Completed)
[User] Step.
11/13/2017 10:24:41.670 Process 'Temp Work\JMH Test1.met' Process Started (Undefined)
11/13/2017 10:24:41.715 Process 'Temp Work\JMH Test1.met'[2] 'Aspirate(VVP96)' Command Started
11/13/2017 10:24:41.724 [Lynx.Aspirate(VVP96).VVP96] Execute: 'Aspirate(VVP96)'
11/13/2017 10:24:41.724 [Lynx.Aspirate(VVP96).VVP96] Plate 'Reservoir_01', column/row offset (0, 0), X/Y offset (0.00 mm,0.00 mm), height: 5.00 mm.
11/13/2017 10:24:41.724 [Lynx.Aspirate(VVP96).VVP96] Current tip 'LXB-96-150F'.
11/13/2017 10:24:41.725 [Lynx.Aspirate(VVP96).VVP96] Plate is at location 'Loc_01' (324.06 mm, -6.26 mm, -176.33 mm) with a stack index of 1.
11/13/2017 10:24:41.726 [Lynx.Aspirate(VVP96).VVP96] Pipette commands are from input CSV file C:\MethodManager4\Workspaces\730i VVP96 Demo\Input\'LLD Aspirate Input for 96well plate.csv'
11/13/2017 10:24:41.726 [Lynx.Aspirate(VVP96).VVP96] VVP Pressure 'Mid-Range Volumes': Pressure 40 mbar, Residual vol. 0.59 uL, Pre/Post delay 0.00/1.00 , Estimated flow rate 88.00 ul/s.
11/13/2017 10:24:41.740 [Lynx.Aspirate(VVP96).VVP96] Aspirate parameters (96): Ch:A01 150.0uL/0.6uL; Ch:B01 150.0uL/0.6uL; Ch:C01 150.0uL/0.6uL; Ch:D01 150.0uL/0.6uL; Ch:E01 150.0uL/0.6uL; Ch:F01 150.0uL/0.6uL; Ch:G01 140.0uL/0.6uL; Ch:H01 130.0uL/0.6uL; Ch:A02 150.0uL/0.6uL; Ch:B02 150.0uL/0.6uL; Ch:C02 150.0uL/0.6uL; Ch:D02 150.0uL/0.6uL; Ch:E02 150.0uL/0.6uL; Ch:F02 142.0uL/0.6uL; Ch:G02 132.0uL/0.6uL; Ch:H02 122.0uL/0.6uL; Ch:A03 150.0uL/0.6uL; Ch:B03 150.0uL/0.6uL; Ch:C03 150.0uL/0.6uL; Ch:D03 150.0uL/0.6uL; Ch:E03 144.0uL/0.6uL; Ch:F03 134.0uL/0.6uL; Ch:G03 124.0uL/0.6uL; Ch:H03 114.0uL/0.6uL; Ch:A04 150.0uL/0.6uL; Ch:B04 150.0uL/0.6uL; Ch:C04 150.0uL/0.6uL; Ch:D04 146.0uL/0.6uL; Ch:E04 136.0uL/0.6uL; Ch:F04 126.0uL/0.6uL; Ch:G04 116.0uL/0.6uL; Ch:H04 106.0uL/0.6uL; Ch:A05 150.0uL/0.6uL; Ch:B05 150.0uL/0.6uL; Ch:C05 148.0uL/0.6uL; Ch:D05 138.0uL/0.6uL; Ch:E05 128.0uL/0.6uL; Ch:F05 118.0uL/0.6uL; Ch:G05 108.0uL/0.6uL; Ch:H05 98.0uL/0.6uL; Ch:A06 150.0uL/0.6uL; Ch:B06 150.0uL/0.6uL; Ch:C06 140.0uL/0.6uL; Ch:D06 130.0uL/0.6uL; Ch:E06 120.0uL/0.6uL; Ch:F06 110.0uL/0.6uL; Ch:G06 100.0uL/0.6uL; Ch:H06 90.0uL/0.6uL; Ch:A07 150.0uL/0.6uL; Ch:B07 142.0uL/0.6uL; Ch:C07 132.0uL/0.6uL; Ch:D07 122.0uL/0.6uL; Ch:E07 112.0uL/0.6uL; Ch:F07 102.0uL/0.6uL; Ch:G07 92.0uL/0.6uL; Ch:H07 82.0uL/0.6uL; Ch:A08 144.0uL/0.6uL; Ch:B08 134.0uL/0.6uL; Ch:C08 124.0uL/0.6uL; Ch:D08 114.0uL/0.6uL; Ch:E08 104.0uL/0.6uL; Ch:F08 94.0uL/0.6uL; Ch:G08 84.0uL/0.6uL; Ch:H08 74.0uL/0.6uL; Ch:A09 136.0uL/0.6uL; Ch:B09 126.0uL/0.6uL; Ch:C09 116.0uL/0.6uL; Ch:D09 106.0uL/0.6uL; Ch:E09 96.0uL/0.6uL; Ch:F09 86.0uL/0.6uL; Ch:G09 76.0uL/0.6uL; Ch:H09 66.0uL/0.6uL; Ch:A10 128.0uL/0.6uL; Ch:B10 118.0uL/0.6uL; Ch:C10 108.0uL/0.6uL; Ch:D10 98.0uL/0.6uL; Ch:E10 88.0uL/0.6uL; Ch:F10 78.0uL/0.6uL; Ch:G10 68.0uL/0.6uL; Ch:H10 58.0uL/0.6uL; Ch:A11 120.0uL/0.6uL; Ch:B11 110.0uL/0.6uL; Ch:C11 100.0uL/0.6uL; Ch:D11 90.0uL/0.6uL; Ch:E11 80.0uL/0.6uL; Ch:F11 70.0uL/0.6uL; Ch:G11 60.0uL/0.6uL; Ch:H11 50.0uL/0.6uL; Ch:A12 112.0uL/0.6uL; Ch:B12 102.0uL/0.6uL; Ch:C12 92.0uL/0.6uL; Ch:D12 82.0uL/0.6uL; Ch:E12 72.0uL/0.6uL; Ch:F12 62.0uL/0.6uL; Ch:G12 52.0uL/0.6uL; Ch:H12 42.0uL/0.6uL
11/13/2017 10:24:41.740 [Lynx.Aspirate(VVP96).VVP96] Post airgap parameters (0): 
11/13/2017 10:24:41.754 [Lynx.Aspirate(VVP96).VVP96] Initial robot X/Y/ZStart/ZEnd coordinates: 309.76 mm, 4.94 mm, -125.29 mm, -130.29 mm, using motion profile 'Mid Speed'.
11/13/2017 10:24:41.758 [Lynx.Aspirate(VVP96).VVP96] Initial axis positions:'XL' 309.75 mm, 'YL' 4.93 mm, 'ZL' -2.03 mm
11/13/2017 10:24:43.871 [VVP96] Clog detection is off.
11/13/2017 10:24:43.871 [VVP96] Aspirate diagnostics are off.
11/13/2017 10:24:43.871 [VVP96] Set VVP: command 'Clogging Limit' with setting of 0 for 96 channels.
11/13/2017 10:24:44.089 [VVP96] Set VVP: command 'Air-to-Liquid Sens.' with setting of 0 for 96 channels.
11/13/2017 10:24:44.308 [VVP96] Set VVP: command 'Liquid-to-Air Sens.' with setting of 0 for 96 channels.
11/13/2017 10:24:45.364 [VVP96] VVP Aspirate pressure is 40 mbar.
11/13/2017 10:24:47.304 [VVP96] Aspirate complete.
11/13/2017 10:24:47.879 [VVP96] Average residual volume was 1.12 ul for 96 channels at 40 mbar pressure
11/13/2017 10:24:48.073 [Lynx.Aspirate(VVP96).VVP96] Aspirate results: Ch:A01 150.6uL/1.2uL OK, Ch:B01 150.6uL/1.2uL OK, Ch:C01 150.7uL/1.2uL OK, Ch:D01 150.8uL/1.3uL OK, Ch:E01 150.7uL/1.2uL OK, Ch:F01 150.8uL/1.3uL OK, Ch:G01 140.6uL/1.1uL OK, Ch:H01 130.7uL/1.2uL OK, Ch:A02 150.5uL/1.1uL OK, Ch:B02 150.6uL/1.2uL OK, Ch:C02 150.6uL/1.2uL OK, Ch:D02 150.7uL/1.2uL OK, Ch:E02 150.7uL/1.2uL OK, Ch:F02 142.5uL/1.1uL OK, Ch:G02 132.7uL/1.2uL OK, Ch:H02 122.5uL/1.1uL OK, Ch:A03 150.6uL/1.1uL OK, Ch:B03 150.7uL/1.2uL OK, Ch:C03 150.6uL/1.2uL OK, Ch:D03 150.7uL/1.2uL OK, Ch:E03 144.5uL/1.1uL OK, Ch:F03 134.6uL/1.1uL OK, Ch:G03 124.6uL/1.1uL OK, Ch:H03 114.6uL/1.1uL OK, Ch:A04 150.6uL/1.2uL OK, Ch:B04 150.7uL/1.2uL OK, Ch:C04 150.7uL/1.3uL OK, Ch:D04 146.5uL/1.1uL OK, Ch:E04 136.5uL/1.1uL OK, Ch:F04 126.6uL/1.1uL OK, Ch:G04 116.6uL/1.1uL OK, Ch:H04 106.6uL/1.1uL OK, Ch:A05 150.6uL/1.2uL OK, Ch:B05 150.7uL/1.2uL OK, Ch:C05 148.7uL/1.2uL OK, Ch:D05 138.6uL/1.1uL OK, Ch:E05 128.5uL/1.1uL OK, Ch:F05 118.6uL/1.1uL OK, Ch:G05 108.6uL/1.1uL OK, Ch:H05 98.6uL/1.1uL OK, Ch:A06 150.7uL/1.2uL OK, Ch:B06 150.7uL/1.2uL OK, Ch:C06 140.5uL/1.1uL OK, Ch:D06 130.6uL/1.1uL OK, Ch:E06 120.6uL/1.1uL OK, Ch:F06 110.6uL/1.2uL OK, Ch:G06 100.7uL/1.2uL OK, Ch:H06 90.5uL/1.0uL OK, Ch:A07 150.6uL/1.2uL OK, Ch:B07 142.7uL/1.2uL OK, Ch:C07 132.6uL/1.1uL OK, Ch:D07 122.6uL/1.1uL OK, Ch:E07 112.6uL/1.1uL OK, Ch:F07 102.5uL/1.1uL OK, Ch:G07 92.6uL/1.1uL OK, Ch:H07 82.6uL/1.1uL OK, Ch:A08 144.6uL/1.2uL OK, Ch:B08 134.6uL/1.1uL OK, Ch:C08 124.6uL/1.1uL OK, Ch:D08 114.7uL/1.2uL OK, Ch:E08 104.6uL/1.2uL OK, Ch:F08 94.6uL/1.1uL OK, Ch:G08 84.5uL/1.0uL OK, Ch:H08 74.5uL/1.0uL OK, Ch:A09 136.7uL/1.2uL OK, Ch:B09 126.6uL/1.1uL OK, Ch:C09 116.6uL/1.2uL OK, Ch:D09 106.6uL/1.1uL OK, Ch:E09 96.5uL/1.1uL OK, Ch:F09 86.6uL/1.1uL OK, Ch:G09 76.4uL/1.0uL OK, Ch:H09 66.4uL/1.0uL OK, Ch:A10 128.5uL/1.1uL OK, Ch:B10 118.6uL/1.1uL OK, Ch:C10 108.7uL/1.2uL OK, Ch:D10 98.6uL/1.1uL OK, Ch:E10 88.6uL/1.1uL OK, Ch:F10 78.5uL/1.0uL OK, Ch:G10 68.5uL/1.0uL OK, Ch:H10 58.4uL/1.0uL OK, Ch:A11 120.6uL/1.2uL OK, Ch:B11 110.5uL/1.1uL OK, Ch:C11 100.5uL/1.1uL OK, Ch:D11 90.5uL/1.0uL OK, Ch:E11 80.6uL/1.1uL OK, Ch:F11 70.5uL/1.0uL OK, Ch:G11 60.5uL/1.0uL OK, Ch:H11 50.4uL/1.0uL OK, Ch:A12 112.5uL/1.1uL OK, Ch:B12 102.6uL/1.1uL OK, Ch:C12 92.5uL/1.0uL OK, Ch:D12 82.5uL/1.1uL OK, Ch:E12 72.5uL/1.0uL OK, Ch:F12 62.6uL/1.1uL OK, Ch:G12 52.5uL/1.0uL OK, Ch:H12 42.4uL/1.0uL OK
11/13/2017 10:24:51.355 [Lynx.Aspirate(VVP96).VVP96] Final axis positions:'XL' 309.75 mm, 'YL' 4.93 mm, 'ZL' -2.03 mm
11/13/2017 10:24:51.394 [Lynx.Aspirate(VVP96).VVP96] Time to complete: 9 s.
11/13/2017 10:24:51.402 Process 'Temp Work\JMH Test1.met'[2] 'Aspirate(VVP96)' Command Completed
11/13/2017 10:24:51.428 Process 'Temp Work\JMH Test1.met' Process Completed (Completed)
[User] Step.
11/13/2017 10:24:53.182 Process 'Temp Work\JMH Test1.met' Process Started (Undefined)
11/13/2017 10:24:53.230 Process 'Temp Work\JMH Test1.met'[3] 'Dispense(VVP96)' Command Started
11/13/2017 10:24:53.243 [Lynx.Dispense(VVP96).VVP96] Execute: 'Dispense(VVP96)'
11/13/2017 10:24:53.243 [Lynx.Dispense(VVP96).VVP96] Plate 'Reservoir_01', column/row offset (0, 0), X/Y offset (0.00 mm,0.00 mm), height: 20.00 mm.
11/13/2017 10:24:53.243 [Lynx.Dispense(VVP96).VVP96] Current tip 'LXB-96-150F'.
11/13/2017 10:24:53.244 [Lynx.Dispense(VVP96).VVP96] Plate is at location 'Loc_01' (324.06 mm, -6.26 mm, -176.33 mm) with a stack index of 1.
11/13/2017 10:24:53.245 [Lynx.Dispense(VVP96).VVP96] Warning: Pipette pressure 'Jet Dispense', 225 mbar, was outside the valid calculation range specified for Tip 'LXB-96-150F' (25 - 125 mbar).
11/13/2017 10:24:53.245 [Lynx.Dispense(VVP96).VVP96] VVP Pressure 'Jet Dispense': Pressure 225 mbar, Residual vol. 3.58 uL, Pre/Post delay 0.00/1.00 , Estimated flow rate 275.00 ul/s.
11/13/2017 10:24:53.245 [Lynx.Dispense(VVP96).VVP96] Dispense parameters (96): Ch:A01 200.0uL/3.6uL; Ch:B01 200.0uL/3.6uL; Ch:C01 200.0uL/3.6uL; Ch:D01 200.0uL/3.6uL; Ch:E01 200.0uL/3.6uL; Ch:F01 200.0uL/3.6uL; Ch:G01 200.0uL/3.6uL; Ch:H01 200.0uL/3.6uL; Ch:A02 200.0uL/3.6uL; Ch:B02 200.0uL/3.6uL; Ch:C02 200.0uL/3.6uL; Ch:D02 200.0uL/3.6uL; Ch:E02 200.0uL/3.6uL; Ch:F02 200.0uL/3.6uL; Ch:G02 200.0uL/3.6uL; Ch:H02 200.0uL/3.6uL; Ch:A03 200.0uL/3.6uL; Ch:B03 200.0uL/3.6uL; Ch:C03 200.0uL/3.6uL; Ch:D03 200.0uL/3.6uL; Ch:E03 200.0uL/3.6uL; Ch:F03 200.0uL/3.6uL; Ch:G03 200.0uL/3.6uL; Ch:H03 200.0uL/3.6uL; Ch:A04 200.0uL/3.6uL; Ch:B04 200.0uL/3.6uL; Ch:C04 200.0uL/3.6uL; Ch:D04 200.0uL/3.6uL; Ch:E04 200.0uL/3.6uL; Ch:F04 200.0uL/3.6uL; Ch:G04 200.0uL/3.6uL; Ch:H04 200.0uL/3.6uL; Ch:A05 200.0uL/3.6uL; Ch:B05 200.0uL/3.6uL; Ch:C05 200.0uL/3.6uL; Ch:D05 200.0uL/3.6uL; Ch:E05 200.0uL/3.6uL; Ch:F05 200.0uL/3.6uL; Ch:G05 200.0uL/3.6uL; Ch:H05 200.0uL/3.6uL; Ch:A06 200.0uL/3.6uL; Ch:B06 200.0uL/3.6uL; Ch:C06 200.0uL/3.6uL; Ch:D06 200.0uL/3.6uL; Ch:E06 200.0uL/3.6uL; Ch:F06 200.0uL/3.6uL; Ch:G06 200.0uL/3.6uL; Ch:H06 200.0uL/3.6uL; Ch:A07 200.0uL/3.6uL; Ch:B07 200.0uL/3.6uL; Ch:C07 200.0uL/3.6uL; Ch:D07 200.0uL/3.6uL; Ch:E07 200.0uL/3.6uL; Ch:F07 200.0uL/3.6uL; Ch:G07 200.0uL/3.6uL; Ch:H07 200.0uL/3.6uL; Ch:A08 200.0uL/3.6uL; Ch:B08 200.0uL/3.6uL; Ch:C08 200.0uL/3.6uL; Ch:D08 200.0uL/3.6uL; Ch:E08 200.0uL/3.6uL; Ch:F08 200.0uL/3.6uL; Ch:G08 200.0uL/3.6uL; Ch:H08 200.0uL/3.6uL; Ch:A09 200.0uL/3.6uL; Ch:B09 200.0uL/3.6uL; Ch:C09 200.0uL/3.6uL; Ch:D09 200.0uL/3.6uL; Ch:E09 200.0uL/3.6uL; Ch:F09 200.0uL/3.6uL; Ch:G09 200.0uL/3.6uL; Ch:H09 200.0uL/3.6uL; Ch:A10 200.0uL/3.6uL; Ch:B10 200.0uL/3.6uL; Ch:C10 200.0uL/3.6uL; Ch:D10 200.0uL/3.6uL; Ch:E10 200.0uL/3.6uL; Ch:F10 200.0uL/3.6uL; Ch:G10 200.0uL/3.6uL; Ch:H10 200.0uL/3.6uL; Ch:A11 200.0uL/3.6uL; Ch:B11 200.0uL/3.6uL; Ch:C11 200.0uL/3.6uL; Ch:D11 200.0uL/3.6uL; Ch:E11 200.0uL/3.6uL; Ch:F11 200.0uL/3.6uL; Ch:G11 200.0uL/3.6uL; Ch:H11 200.0uL/3.6uL; Ch:A12 200.0uL/3.6uL; Ch:B12 200.0uL/3.6uL; Ch:C12 200.0uL/3.6uL; Ch:D12 200.0uL/3.6uL; Ch:E12 200.0uL/3.6uL; Ch:F12 200.0uL/3.6uL; Ch:G12 200.0uL/3.6uL; Ch:H12 200.0uL/3.6uL
11/13/2017 10:24:53.245 [Lynx.Dispense(VVP96).VVP96] Post airgap parameters (0): 
11/13/2017 10:24:53.260 [Lynx.Dispense(VVP96).VVP96] Initial robot X/Y/ZStart/ZEnd coordinates: 309.76 mm, 4.94 mm, -110.29 mm, -130.29 mm, using motion profile 'Mid Speed'.
11/13/2017 10:24:53.264 [Lynx.Dispense(VVP96).VVP96] Initial axis positions:'XL' 309.75 mm, 'YL' 4.93 mm, 'ZL' -2.03 mm
11/13/2017 10:24:54.958 [VVP96] Set VVP: command 'Clogging Limit' with setting of 0 for 96 channels.
11/13/2017 10:24:55.177 [VVP96] Set VVP: command 'Air-to-Liquid Sens.' with setting of 0 for 96 channels.
11/13/2017 10:24:55.395 [VVP96] Set VVP: command 'Liquid-to-Air Sens.' with setting of 0 for 96 channels.
11/13/2017 10:24:56.400 [VVP96] VVP Dispense pressure is 224 mbar.
11/13/2017 10:24:57.157 [VVP96] Dispense complete.
11/13/2017 10:24:57.734 [VVP96] Average residual volume was 7.44 ul for 96 channels at 225 mbar pressure
11/13/2017 10:24:57.928 [Lynx.Dispense(VVP96).VVP96] Dispense results: Ch:A01 204.4uL/7.9uL OK, Ch:B01 204.0uL/7.5uL OK, Ch:C01 204.4uL/7.9uL OK, Ch:D01 204.1uL/7.6uL OK, Ch:E01 204.1uL/7.6uL OK, Ch:F01 204.3uL/7.8uL OK, Ch:G01 203.9uL/7.4uL OK, Ch:H01 204.1uL/7.6uL OK, Ch:A02 203.9uL/7.4uL OK, Ch:B02 204.0uL/7.5uL OK, Ch:C02 204.0uL/7.5uL OK, Ch:D02 204.0uL/7.5uL OK, Ch:E02 204.1uL/7.6uL OK, Ch:F02 203.9uL/7.4uL OK, Ch:G02 204.3uL/7.8uL OK, Ch:H02 203.6uL/7.1uL OK, Ch:A03 203.8uL/7.3uL OK, Ch:B03 204.4uL/7.9uL OK, Ch:C03 204.1uL/7.6uL OK, Ch:D03 203.7uL/7.2uL OK, Ch:E03 203.8uL/7.4uL OK, Ch:F03 203.7uL/7.2uL OK, Ch:G03 204.0uL/7.5uL OK, Ch:H03 203.7uL/7.2uL OK, Ch:A04 203.8uL/7.3uL OK, Ch:B04 203.8uL/7.3uL OK, Ch:C04 203.8uL/7.3uL OK, Ch:D04 203.8uL/7.3uL OK, Ch:E04 203.4uL/6.9uL OK, Ch:F04 204.5uL/8.0uL OK, Ch:G04 204.0uL/7.5uL OK, Ch:H04 203.8uL/7.3uL OK, Ch:A05 203.7uL/7.2uL OK, Ch:B05 203.9uL/7.4uL OK, Ch:C05 204.0uL/7.5uL OK, Ch:D05 204.3uL/7.8uL OK, Ch:E05 204.1uL/7.6uL OK, Ch:F05 204.3uL/7.8uL OK, Ch:G05 203.9uL/7.4uL OK, Ch:H05 203.9uL/7.4uL OK, Ch:A06 204.3uL/7.8uL OK, Ch:B06 204.5uL/8.0uL OK, Ch:C06 204.3uL/7.8uL OK, Ch:D06 204.2uL/7.7uL OK, Ch:E06 204.4uL/7.9uL OK, Ch:F06 203.9uL/7.4uL OK, Ch:G06 203.8uL/7.3uL OK, Ch:H06 203.6uL/7.1uL OK, Ch:A07 203.8uL/7.3uL OK, Ch:B07 204.1uL/7.6uL OK, Ch:C07 204.1uL/7.7uL OK, Ch:D07 204.3uL/7.8uL OK, Ch:E07 204.1uL/7.6uL OK, Ch:F07 203.9uL/7.4uL OK, Ch:G07 204.1uL/7.6uL OK, Ch:H07 203.9uL/7.4uL OK, Ch:A08 204.1uL/7.6uL OK, Ch:B08 203.9uL/7.4uL OK, Ch:C08 204.0uL/7.5uL OK, Ch:D08 203.8uL/7.3uL OK, Ch:E08 203.8uL/7.3uL OK, Ch:F08 204.0uL/7.5uL OK, Ch:G08 203.7uL/7.2uL OK, Ch:H08 203.7uL/7.2uL OK, Ch:A09 204.2uL/7.7uL OK, Ch:B09 204.0uL/7.5uL OK, Ch:C09 204.1uL/7.6uL OK, Ch:D09 203.8uL/7.3uL OK, Ch:E09 203.8uL/7.3uL OK, Ch:F09 203.7uL/7.3uL OK, Ch:G09 203.8uL/7.3uL OK, Ch:H09 203.7uL/7.2uL OK, Ch:A10 204.2uL/7.7uL OK, Ch:B10 204.0uL/7.5uL OK, Ch:C10 204.1uL/7.6uL OK, Ch:D10 203.9uL/7.4uL OK, Ch:E10 203.8uL/7.3uL OK, Ch:F10 203.7uL/7.2uL OK, Ch:G10 203.7uL/7.2uL OK, Ch:H10 203.7uL/7.2uL OK, Ch:A11 203.8uL/7.3uL OK, Ch:B11 203.7uL/7.2uL OK, Ch:C11 203.7uL/7.2uL OK, Ch:D11 203.6uL/7.1uL OK, Ch:E11 203.4uL/7.0uL OK, Ch:F11 203.7uL/7.2uL OK, Ch:G11 203.8uL/7.3uL OK, Ch:H11 203.7uL/7.2uL OK, Ch:A12 204.1uL/7.6uL OK, Ch:B12 204.1uL/7.6uL OK, Ch:C12 203.6uL/7.2uL OK, Ch:D12 203.7uL/7.3uL OK, Ch:E12 203.8uL/7.3uL OK, Ch:F12 203.4uL/7.0uL OK, Ch:G12 203.7uL/7.2uL OK, Ch:H12 203.8uL/7.3uL OK
11/13/2017 10:25:01.067 [Lynx.Dispense(VVP96).VVP96] Final axis positions:'XL' 309.75 mm, 'YL' 4.93 mm, 'ZL' -2.03 mm
11/13/2017 10:25:01.104 [Lynx.Dispense(VVP96).VVP96] Time to complete: 7 s.
11/13/2017 10:25:01.111 Process 'Temp Work\JMH Test1.met'[3] 'Dispense(VVP96)' Command Completed
11/13/2017 10:25:01.134 Process 'Temp Work\JMH Test1.met' Process Completed (Completed)
[User] Step.
11/13/2017 10:26:34.728 Process 'Temp Work\JMH Test1.met' Process Started (Undefined)
11/13/2017 10:26:34.782 Process 'Temp Work\JMH Test1.met'[2] 'Aspirate(VVP96)' Command Started
11/13/2017 10:26:34.800 [Lynx.Aspirate(VVP96).VVP96] Execute: 'Aspirate(VVP96)'
11/13/2017 10:26:34.800 [Lynx.Aspirate(VVP96).VVP96] Plate 'Reservoir_01', column/row offset (0, 0), X/Y offset (0.00 mm,0.00 mm), height: 5.00 mm.
11/13/2017 10:26:34.800 [Lynx.Aspirate(VVP96).VVP96] Current tip 'LXB-96-150F'.
11/13/2017 10:26:34.801 [Lynx.Aspirate(VVP96).VVP96] Plate is at location 'Loc_01' (324.06 mm, -6.26 mm, -176.33 mm) with a stack index of 1.
11/13/2017 10:26:34.802 [Lynx.Aspirate(VVP96).VVP96] Pipette commands are from input CSV file C:\MethodManager4\Workspaces\730i VVP96 Demo\Input\'LLD Aspirate Input for 96well plate.csv'
11/13/2017 10:26:34.802 [Lynx.Aspirate(VVP96).VVP96] VVP Pressure 'Mid-Range Volumes': Pressure 40 mbar, Residual vol. 0.59 uL, Pre/Post delay 0.00/1.00 , Estimated flow rate 88.00 ul/s.
11/13/2017 10:26:34.816 [Lynx.Aspirate(VVP96).VVP96] Aspirate parameters (96): Ch:A01 120.0uL/0.6uL; Ch:B01 120.0uL/0.6uL; Ch:C01 120.0uL/0.6uL; Ch:D01 120.0uL/0.6uL; Ch:E01 120.0uL/0.6uL; Ch:F01 120.0uL/0.6uL; Ch:G01 112.0uL/0.6uL; Ch:H01 104.0uL/0.6uL; Ch:A02 120.0uL/0.6uL; Ch:B02 120.0uL/0.6uL; Ch:C02 120.0uL/0.6uL; Ch:D02 120.0uL/0.6uL; Ch:E02 120.0uL/0.6uL; Ch:F02 113.6uL/0.6uL; Ch:G02 105.6uL/0.6uL; Ch:H02 97.6uL/0.6uL; Ch:A03 120.0uL/0.6uL; Ch:B03 120.0uL/0.6uL; Ch:C03 120.0uL/0.6uL; Ch:D03 120.0uL/0.6uL; Ch:E03 115.2uL/0.6uL; Ch:F03 107.2uL/0.6uL; Ch:G03 99.2uL/0.6uL; Ch:H03 91.2uL/0.6uL; Ch:A04 120.0uL/0.6uL; Ch:B04 120.0uL/0.6uL; Ch:C04 120.0uL/0.6uL; Ch:D04 116.8uL/0.6uL; Ch:E04 108.8uL/0.6uL; Ch:F04 100.8uL/0.6uL; Ch:G04 92.8uL/0.6uL; Ch:H04 84.8uL/0.6uL; Ch:A05 120.0uL/0.6uL; Ch:B05 120.0uL/0.6uL; Ch:C05 118.4uL/0.6uL; Ch:D05 110.4uL/0.6uL; Ch:E05 102.4uL/0.6uL; Ch:F05 94.4uL/0.6uL; Ch:G05 86.4uL/0.6uL; Ch:H05 78.4uL/0.6uL; Ch:A06 120.0uL/0.6uL; Ch:B06 120.0uL/0.6uL; Ch:C06 112.0uL/0.6uL; Ch:D06 104.0uL/0.6uL; Ch:E06 96.0uL/0.6uL; Ch:F06 88.0uL/0.6uL; Ch:G06 80.0uL/0.6uL; Ch:H06 72.0uL/0.6uL; Ch:A07 120.0uL/0.6uL; Ch:B07 113.6uL/0.6uL; Ch:C07 105.6uL/0.6uL; Ch:D07 97.6uL/0.6uL; Ch:E07 89.6uL/0.6uL; Ch:F07 81.6uL/0.6uL; Ch:G07 73.6uL/0.6uL; Ch:H07 65.6uL/0.6uL; Ch:A08 115.2uL/0.6uL; Ch:B08 107.2uL/0.6uL; Ch:C08 99.2uL/0.6uL; Ch:D08 91.2uL/0.6uL; Ch:E08 83.2uL/0.6uL; Ch:F08 75.2uL/0.6uL; Ch:G08 67.2uL/0.6uL; Ch:H08 59.2uL/0.6uL; Ch:A09 108.8uL/0.6uL; Ch:B09 100.8uL/0.6uL; Ch:C09 92.8uL/0.6uL; Ch:D09 84.8uL/0.6uL; Ch:E09 76.8uL/0.6uL; Ch:F09 68.8uL/0.6uL; Ch:G09 60.8uL/0.6uL; Ch:H09 52.8uL/0.6uL; Ch:A10 102.4uL/0.6uL; Ch:B10 94.4uL/0.6uL; Ch:C10 86.4uL/0.6uL; Ch:D10 78.4uL/0.6uL; Ch:E10 70.4uL/0.6uL; Ch:F10 62.4uL/0.6uL; Ch:G10 54.4uL/0.6uL; Ch:H10 46.4uL/0.6uL; Ch:A11 96.0uL/0.6uL; Ch:B11 88.0uL/0.6uL; Ch:C11 80.0uL/0.6uL; Ch:D11 72.0uL/0.6uL; Ch:E11 64.0uL/0.6uL; Ch:F11 56.0uL/0.6uL; Ch:G11 48.0uL/0.6uL; Ch:H11 40.0uL/0.6uL; Ch:A12 89.6uL/0.6uL; Ch:B12 81.6uL/0.6uL; Ch:C12 73.6uL/0.6uL; Ch:D12 65.6uL/0.6uL; Ch:E12 57.6uL/0.6uL; Ch:F12 49.6uL/0.6uL; Ch:G12 41.6uL/0.6uL; Ch:H12 33.6uL/0.6uL
11/13/2017 10:26:34.816 [Lynx.Aspirate(VVP96).VVP96] Post airgap parameters (0): 
11/13/2017 10:26:34.831 [Lynx.Aspirate(VVP96).VVP96] Initial robot X/Y/ZStart/ZEnd coordinates: 309.76 mm, 4.94 mm, -125.29 mm, -130.29 mm, using motion profile 'Mid Speed'.
11/13/2017 10:26:34.835 [Lynx.Aspirate(VVP96).VVP96] Initial axis positions:'XL' 309.75 mm, 'YL' 4.93 mm, 'ZL' -2.02 mm
11/13/2017 10:26:36.638 [VVP96] Clog detection is off.
11/13/2017 10:26:36.638 [VVP96] Aspirate diagnostics are off.
11/13/2017 10:26:36.638 [VVP96] Set VVP: command 'Clogging Limit' with setting of 0 for 96 channels.
11/13/2017 10:26:36.854 [VVP96] Set VVP: command 'Air-to-Liquid Sens.' with setting of 0 for 96 channels.
11/13/2017 10:26:37.072 [VVP96] Set VVP: command 'Liquid-to-Air Sens.' with setting of 0 for 96 channels.
11/13/2017 10:26:38.128 [VVP96] VVP Aspirate pressure is 40 mbar.
11/13/2017 10:26:39.727 [VVP96] Aspirate complete.
11/13/2017 10:26:40.305 [VVP96] Average residual volume was 1.12 ul for 96 channels at 40 mbar pressure
11/13/2017 10:26:40.499 [Lynx.Aspirate(VVP96).VVP96] Aspirate results: Ch:A01 120.6uL/1.2uL OK, Ch:B01 120.6uL/1.2uL OK, Ch:C01 120.7uL/1.2uL OK, Ch:D01 120.8uL/1.3uL OK, Ch:E01 120.8uL/1.3uL OK, Ch:F01 120.7uL/1.2uL OK, Ch:G01 112.7uL/1.2uL OK, Ch:H01 104.7uL/1.2uL OK, Ch:A02 120.7uL/1.2uL OK, Ch:B02 120.7uL/1.2uL OK, Ch:C02 120.5uL/1.1uL OK, Ch:D02 120.5uL/1.1uL OK, Ch:E02 120.6uL/1.2uL OK, Ch:F02 114.2uL/1.1uL OK, Ch:G02 106.1uL/1.1uL OK, Ch:H02 98.3uL/1.2uL OK, Ch:A03 120.7uL/1.2uL OK, Ch:B03 120.7uL/1.2uL OK, Ch:C03 120.7uL/1.2uL OK, Ch:D03 120.7uL/1.3uL OK, Ch:E03 115.7uL/1.1uL OK, Ch:F03 107.8uL/1.1uL OK, Ch:G03 99.8uL/1.1uL OK, Ch:H03 91.7uL/1.1uL OK, Ch:A04 120.7uL/1.2uL OK, Ch:B04 120.7uL/1.2uL OK, Ch:C04 120.7uL/1.2uL OK, Ch:D04 117.4uL/1.1uL OK, Ch:E04 109.3uL/1.1uL OK, Ch:F04 101.5uL/1.2uL OK, Ch:G04 93.4uL/1.1uL OK, Ch:H04 85.4uL/1.1uL OK, Ch:A05 120.7uL/1.3uL OK, Ch:B05 120.5uL/1.1uL OK, Ch:C05 119.0uL/1.1uL OK, Ch:D05 110.9uL/1.1uL OK, Ch:E05 102.9uL/1.1uL OK, Ch:F05 95.0uL/1.1uL OK, Ch:G05 86.9uL/1.1uL OK, Ch:H05 78.9uL/1.0uL OK, Ch:A06 120.6uL/1.2uL OK, Ch:B06 120.6uL/1.2uL OK, Ch:C06 112.6uL/1.2uL OK, Ch:D06 104.5uL/1.1uL OK, Ch:E06 96.5uL/1.1uL OK, Ch:F06 88.7uL/1.2uL OK, Ch:G06 80.6uL/1.2uL OK, Ch:H06 72.4uL/1.0uL OK, Ch:A07 120.6uL/1.2uL OK, Ch:B07 114.3uL/1.2uL OK, Ch:C07 106.3uL/1.2uL OK, Ch:D07 98.1uL/1.1uL OK, Ch:E07 90.2uL/1.1uL OK, Ch:F07 82.1uL/1.1uL OK, Ch:G07 74.1uL/1.1uL OK, Ch:H07 66.0uL/1.0uL OK, Ch:A08 115.9uL/1.3uL OK, Ch:B08 107.8uL/1.1uL OK, Ch:C08 99.8uL/1.1uL OK, Ch:D08 91.7uL/1.1uL OK, Ch:E08 83.8uL/1.1uL OK, Ch:F08 75.7uL/1.1uL OK, Ch:G08 67.6uL/1.0uL OK, Ch:H08 59.7uL/1.1uL OK, Ch:A09 109.5uL/1.2uL OK, Ch:B09 101.3uL/1.1uL OK, Ch:C09 93.4uL/1.1uL OK, Ch:D09 85.3uL/1.1uL OK, Ch:E09 77.2uL/1.0uL OK, Ch:F09 69.3uL/1.1uL OK, Ch:G09 61.3uL/1.0uL OK, Ch:H09 53.2uL/1.0uL OK, Ch:A10 103.0uL/1.1uL OK, Ch:B10 95.1uL/1.2uL OK, Ch:C10 86.9uL/1.1uL OK, Ch:D10 78.9uL/1.1uL OK, Ch:E10 71.0uL/1.1uL OK, Ch:F10 62.8uL/1.0uL OK, Ch:G10 54.9uL/1.0uL OK, Ch:H10 46.8uL/1.0uL OK, Ch:A11 96.7uL/1.2uL OK, Ch:B11 88.6uL/1.1uL OK, Ch:C11 80.4uL/1.0uL OK, Ch:D11 72.4uL/1.0uL OK, Ch:E11 64.4uL/1.0uL OK, Ch:F11 56.5uL/1.0uL OK, Ch:G11 48.4uL/1.0uL OK, Ch:H11 40.5uL/1.0uL OK, Ch:A12 90.2uL/1.1uL OK, Ch:B12 82.2uL/1.1uL OK, Ch:C12 74.1uL/1.0uL OK, Ch:D12 66.1uL/1.0uL OK, Ch:E12 58.0uL/1.0uL OK, Ch:F12 50.1uL/1.0uL OK, Ch:G12 42.0uL/1.0uL OK, Ch:H12 34.0uL/1.0uL OK
11/13/2017 10:26:43.777 [Lynx.Aspirate(VVP96).VVP96] Final axis positions:'XL' 309.75 mm, 'YL' 4.93 mm, 'ZL' -2.03 mm
11/13/2017 10:26:43.816 [Lynx.Aspirate(VVP96).VVP96] Time to complete: 9 s.
11/13/2017 10:26:43.826 Process 'Temp Work\JMH Test1.met'[2] 'Aspirate(VVP96)' Command Completed
11/13/2017 10:26:43.852 Process 'Temp Work\JMH Test1.met' Process Completed (Completed)
[User] Step.
11/13/2017 10:26:51.185 Process 'Temp Work\JMH Test1.met' Process Started (Undefined)
11/13/2017 10:26:51.246 Process 'Temp Work\JMH Test1.met'[3] 'Dispense(VVP96)' Command Started
11/13/2017 10:26:51.255 [Lynx.Dispense(VVP96).VVP96] Execute: 'Dispense(VVP96)'
11/13/2017 10:26:51.255 [Lynx.Dispense(VVP96).VVP96] Plate 'Reservoir_01', column/row offset (0, 0), X/Y offset (0.00 mm,0.00 mm), height: 20.00 mm.
11/13/2017 10:26:51.255 [Lynx.Dispense(VVP96).VVP96] Current tip 'LXB-96-150F'.
11/13/2017 10:26:51.256 [Lynx.Dispense(VVP96).VVP96] Plate is at location 'Loc_01' (324.06 mm, -6.26 mm, -176.33 mm) with a stack index of 1.
11/13/2017 10:26:51.257 [Lynx.Dispense(VVP96).VVP96] Warning: Pipette pressure 'Jet Dispense', 225 mbar, was outside the valid calculation range specified for Tip 'LXB-96-150F' (25 - 125 mbar).
11/13/2017 10:26:51.257 [Lynx.Dispense(VVP96).VVP96] VVP Pressure 'Jet Dispense': Pressure 225 mbar, Residual vol. 3.58 uL, Pre/Post delay 0.00/1.00 , Estimated flow rate 275.00 ul/s.
11/13/2017 10:26:51.257 [Lynx.Dispense(VVP96).VVP96] Dispense parameters (96): Ch:A01 200.0uL/3.6uL; Ch:B01 200.0uL/3.6uL; Ch:C01 200.0uL/3.6uL; Ch:D01 200.0uL/3.6uL; Ch:E01 200.0uL/3.6uL; Ch:F01 200.0uL/3.6uL; Ch:G01 200.0uL/3.6uL; Ch:H01 200.0uL/3.6uL; Ch:A02 200.0uL/3.6uL; Ch:B02 200.0uL/3.6uL; Ch:C02 200.0uL/3.6uL; Ch:D02 200.0uL/3.6uL; Ch:E02 200.0uL/3.6uL; Ch:F02 200.0uL/3.6uL; Ch:G02 200.0uL/3.6uL; Ch:H02 200.0uL/3.6uL; Ch:A03 200.0uL/3.6uL; Ch:B03 200.0uL/3.6uL; Ch:C03 200.0uL/3.6uL; Ch:D03 200.0uL/3.6uL; Ch:E03 200.0uL/3.6uL; Ch:F03 200.0uL/3.6uL; Ch:G03 200.0uL/3.6uL; Ch:H03 200.0uL/3.6uL; Ch:A04 200.0uL/3.6uL; Ch:B04 200.0uL/3.6uL; Ch:C04 200.0uL/3.6uL; Ch:D04 200.0uL/3.6uL; Ch:E04 200.0uL/3.6uL; Ch:F04 200.0uL/3.6uL; Ch:G04 200.0uL/3.6uL; Ch:H04 200.0uL/3.6uL; Ch:A05 200.0uL/3.6uL; Ch:B05 200.0uL/3.6uL; Ch:C05 200.0uL/3.6uL; Ch:D05 200.0uL/3.6uL; Ch:E05 200.0uL/3.6uL; Ch:F05 200.0uL/3.6uL; Ch:G05 200.0uL/3.6uL; Ch:H05 200.0uL/3.6uL; Ch:A06 200.0uL/3.6uL; Ch:B06 200.0uL/3.6uL; Ch:C06 200.0uL/3.6uL; Ch:D06 200.0uL/3.6uL; Ch:E06 200.0uL/3.6uL; Ch:F06 200.0uL/3.6uL; Ch:G06 200.0uL/3.6uL; Ch:H06 200.0uL/3.6uL; Ch:A07 200.0uL/3.6uL; Ch:B07 200.0uL/3.6uL; Ch:C07 200.0uL/3.6uL; Ch:D07 200.0uL/3.6uL; Ch:E07 200.0uL/3.6uL; Ch:F07 200.0uL/3.6uL; Ch:G07 200.0uL/3.6uL; Ch:H07 200.0uL/3.6uL; Ch:A08 200.0uL/3.6uL; Ch:B08 200.0uL/3.6uL; Ch:C08 200.0uL/3.6uL; Ch:D08 200.0uL/3.6uL; Ch:E08 200.0uL/3.6uL; Ch:F08 200.0uL/3.6uL; Ch:G08 200.0uL/3.6uL; Ch:H08 200.0uL/3.6uL; Ch:A09 200.0uL/3.6uL; Ch:B09 200.0uL/3.6uL; Ch:C09 200.0uL/3.6uL; Ch:D09 200.0uL/3.6uL; Ch:E09 200.0uL/3.6uL; Ch:F09 200.0uL/3.6uL; Ch:G09 200.0uL/3.6uL; Ch:H09 200.0uL/3.6uL; Ch:A10 200.0uL/3.6uL; Ch:B10 200.0uL/3.6uL; Ch:C10 200.0uL/3.6uL; Ch:D10 200.0uL/3.6uL; Ch:E10 200.0uL/3.6uL; Ch:F10 200.0uL/3.6uL; Ch:G10 200.0uL/3.6uL; Ch:H10 200.0uL/3.6uL; Ch:A11 200.0uL/3.6uL; Ch:B11 200.0uL/3.6uL; Ch:C11 200.0uL/3.6uL; Ch:D11 200.0uL/3.6uL; Ch:E11 200.0uL/3.6uL; Ch:F11 200.0uL/3.6uL; Ch:G11 200.0uL/3.6uL; Ch:H11 200.0uL/3.6uL; Ch:A12 200.0uL/3.6uL; Ch:B12 200.0uL/3.6uL; Ch:C12 200.0uL/3.6uL; Ch:D12 200.0uL/3.6uL; Ch:E12 200.0uL/3.6uL; Ch:F12 200.0uL/3.6uL; Ch:G12 200.0uL/3.6uL; Ch:H12 200.0uL/3.6uL
11/13/2017 10:26:51.257 [Lynx.Dispense(VVP96).VVP96] Post airgap parameters (0): 
11/13/2017 10:26:51.271 [Lynx.Dispense(VVP96).VVP96] Initial robot X/Y/ZStart/ZEnd coordinates: 309.76 mm, 4.94 mm, -110.29 mm, -130.29 mm, using motion profile 'Mid Speed'.
11/13/2017 10:26:51.276 [Lynx.Dispense(VVP96).VVP96] Initial axis positions:'XL' 309.75 mm, 'YL' 4.93 mm, 'ZL' -2.02 mm
11/13/2017 10:26:52.975 [VVP96] Set VVP: command 'Clogging Limit' with setting of 0 for 96 channels.
11/13/2017 10:26:53.193 [VVP96] Set VVP: command 'Air-to-Liquid Sens.' with setting of 0 for 96 channels.
11/13/2017 10:26:53.411 [VVP96] Set VVP: command 'Liquid-to-Air Sens.' with setting of 0 for 96 channels.
11/13/2017 10:26:54.422 [VVP96] VVP Dispense pressure is 227 mbar.
11/13/2017 10:26:55.178 [VVP96] Dispense complete.
11/13/2017 10:26:55.754 [VVP96] Average residual volume was 7.34 ul for 96 channels at 225 mbar pressure
11/13/2017 10:26:55.949 [Lynx.Dispense(VVP96).VVP96] Dispense results: Ch:A01 204.3uL/7.8uL OK, Ch:B01 204.1uL/7.6uL OK, Ch:C01 204.1uL/7.6uL OK, Ch:D01 204.0uL/7.5uL OK, Ch:E01 204.0uL/7.5uL OK, Ch:F01 204.2uL/7.7uL OK, Ch:G01 204.1uL/7.6uL OK, Ch:H01 204.0uL/7.5uL OK, Ch:A02 203.7uL/7.2uL OK, Ch:B02 204.1uL/7.6uL OK, Ch:C02 203.9uL/7.4uL OK, Ch:D02 203.9uL/7.4uL OK, Ch:E02 204.0uL/7.5uL OK, Ch:F02 203.8uL/7.3uL OK, Ch:G02 204.3uL/7.8uL OK, Ch:H02 203.6uL/7.1uL OK, Ch:A03 203.7uL/7.2uL OK, Ch:B03 204.2uL/7.8uL OK, Ch:C03 204.0uL/7.5uL OK, Ch:D03 203.5uL/7.0uL OK, Ch:E03 203.8uL/7.3uL OK, Ch:F03 203.8uL/7.3uL OK, Ch:G03 203.9uL/7.4uL OK, Ch:H03 203.7uL/7.2uL OK, Ch:A04 203.9uL/7.4uL OK, Ch:B04 203.8uL/7.3uL OK, Ch:C04 203.6uL/7.1uL OK, Ch:D04 203.9uL/7.4uL OK, Ch:E04 203.4uL/6.9uL OK, Ch:F04 204.4uL/7.9uL OK, Ch:G04 203.8uL/7.3uL OK, Ch:H04 203.7uL/7.2uL OK, Ch:A05 203.8uL/7.3uL OK, Ch:B05 203.8uL/7.3uL OK, Ch:C05 204.0uL/7.5uL OK, Ch:D05 204.1uL/7.6uL OK, Ch:E05 204.0uL/7.5uL OK, Ch:F05 204.2uL/7.7uL OK, Ch:G05 203.9uL/7.4uL OK, Ch:H05 203.8uL/7.3uL OK, Ch:A06 204.2uL/7.7uL OK, Ch:B06 204.2uL/7.7uL OK, Ch:C06 204.0uL/7.6uL OK, Ch:D06 204.0uL/7.5uL OK, Ch:E06 204.3uL/7.8uL OK, Ch:F06 203.9uL/7.4uL OK, Ch:G06 203.6uL/7.1uL OK, Ch:H06 203.6uL/7.1uL OK, Ch:A07 203.9uL/7.4uL OK, Ch:B07 204.0uL/7.5uL OK, Ch:C07 203.8uL/7.3uL OK, Ch:D07 204.2uL/7.7uL OK, Ch:E07 204.0uL/7.5uL OK, Ch:F07 203.8uL/7.3uL OK, Ch:G07 203.9uL/7.4uL OK, Ch:H07 203.8uL/7.3uL OK, Ch:A08 204.0uL/7.5uL OK, Ch:B08 203.7uL/7.2uL OK, Ch:C08 204.0uL/7.5uL OK, Ch:D08 203.6uL/7.1uL OK, Ch:E08 203.6uL/7.1uL OK, Ch:F08 203.9uL/7.4uL OK, Ch:G08 203.4uL/6.9uL OK, Ch:H08 203.6uL/7.1uL OK, Ch:A09 204.0uL/7.5uL OK, Ch:B09 204.2uL/7.7uL OK, Ch:C09 203.9uL/7.4uL OK, Ch:D09 203.7uL/7.2uL OK, Ch:E09 203.7uL/7.3uL OK, Ch:F09 203.6uL/7.1uL OK, Ch:G09 203.6uL/7.1uL OK, Ch:H09 203.4uL/6.9uL OK, Ch:A10 204.0uL/7.5uL OK, Ch:B10 203.9uL/7.4uL OK, Ch:C10 204.0uL/7.5uL OK, Ch:D10 203.8uL/7.3uL OK, Ch:E10 203.8uL/7.3uL OK, Ch:F10 203.7uL/7.2uL OK, Ch:G10 203.6uL/7.1uL OK, Ch:H10 203.5uL/7.0uL OK, Ch:A11 203.8uL/7.3uL OK, Ch:B11 203.7uL/7.2uL OK, Ch:C11 203.6uL/7.1uL OK, Ch:D11 203.6uL/7.1uL OK, Ch:E11 203.4uL/6.9uL OK, Ch:F11 203.6uL/7.1uL OK, Ch:G11 203.6uL/7.2uL OK, Ch:H11 203.5uL/7.1uL OK, Ch:A12 203.9uL/7.4uL OK, Ch:B12 203.9uL/7.4uL OK, Ch:C12 203.6uL/7.1uL OK, Ch:D12 203.6uL/7.1uL OK, Ch:E12 203.6uL/7.1uL OK, Ch:F12 203.5uL/7.0uL OK, Ch:G12 203.5uL/7.0uL OK, Ch:H12 203.7uL/7.2uL OK
11/13/2017 10:26:59.084 [Lynx.Dispense(VVP96).VVP96] Final axis positions:'XL' 309.75 mm, 'YL' 4.93 mm, 'ZL' -2.03 mm
11/13/2017 10:26:59.122 [Lynx.Dispense(VVP96).VVP96] Time to complete: 7 s.
11/13/2017 10:26:59.132 Process 'Temp Work\JMH Test1.met'[3] 'Dispense(VVP96)' Command Completed
11/13/2017 10:26:59.156 Process 'Temp Work\JMH Test1.met' Process Completed (Completed)
11/14/2017 15:51:47.938 [XL] Closing component connections for Warp 'XL'.
11/14/2017 15:51:47.955 [YL] Closing component connections for Warp 'YL'.
11/14/2017 15:51:47.965 [ZL] Closing component connections for Warp 'ZL'.
11/14/2017 15:51:48.498 [Lynx] 
