Workspace '730i VVP96 Demo' modules...
  MethodManagerV4   1.4.6666.27655
  MMCoreDevice   1.4.6666.27650
  MMLiquidHandler   1.4.6666.26302
  Warp3   2.0.6591.13866
  MMVVP   1.4.6666.26303
  MMIOLightTower   1.4.6666.26303
The pipette tool 'VVP96' has mandrel type 'MLV' and can load the following tip types:
   Tip type 'LXB-96-150F', loading depth 9.4 mm, Id: baf0d489-a29c-4899-844e-44fbdc6c2c49.
   Tip type 'LXB-96-200NF', loading depth 9.4 mm, Id: 095daefc-e866-4d91-906f-cc7e17eaf3f6.
   Tip type 'LXB-96-300F', loading depth 10.4 mm, Id: d2f37554-e0d6-41ea-8f3d-101c68af7e40.
   Tip type 'LXB-96-300NF', loading depth 10.4 mm, Id: 423ec1e5-0ccf-4946-a441-905f3c9e1fd9.
   Tip type 'LXB-96-950F', loading depth 28.6 mm, Id: 497625a6-73fc-4433-95df-636ceecdc818.
   Tip type 'LXB-96-950F-WB', loading depth 28.6 mm, Id: ca3988bc-a34d-4ad7-ba77-93a37e8cba6d.
   Tip type 'LXB-96-1250NF', loading depth 28.6 mm, Id: 13ba07a3-d5cb-4a96-9ab8-1d418fc383d6.
08/22/2018 15:10:59.9 The remote server is not configured: 
08/22/2018 15:11:13.4 [ZL] Instruction Error Status: None
08/22/2018 15:11:13.4 [ZL] Warp3 core version: 99103v1.0 (will support I/O).
08/22/2018 15:11:13.4 [ZL] Configured as an enhanced Warp3 with I/O.
08/22/2018 15:11:13.5 [ZL]   Inputs: False False False False False 
08/22/2018 15:11:13.5 [ZL] Current IP communications rate is 10 mb.
08/22/2018 15:11:13.5 [ZL] IP communications speed is currently set to 10 Mbps.
08/22/2018 15:11:13.7 [ZL] Phase correction: disabled, prescale: 0, phase counts: 2000
08/22/2018 15:11:13.7 [ZL] SetCurrentFoldbackAmps(8, 20) will set 17440 , 216
08/22/2018 15:11:13.7 [ZL] Configuration parameters loaded from 'C:\MethodManager4\Workspaces\730i VVP96 Demo\Configuration\Z Axis.xml'. HomeVelocity 20 mm/s, CountsPerMM 2571 cts/mm.
08/22/2018 15:11:13.9 [ZL] Start Hall-based phase initialization.
08/22/2018 15:11:13.9 [ZL] Phases initialized.
08/22/2018 15:11:13.9 [YL] Instruction Error Status: None
08/22/2018 15:11:13.9 [YL] Warp3 core version: 99103v1.0 (will support I/O).
08/22/2018 15:11:14.0 [YL] Configured as an enhanced Warp3 with I/O.
08/22/2018 15:11:14.0 [YL]   Inputs: False False False False False 
08/22/2018 15:11:14.0 [YL] Current IP communications rate is 10 mb.
08/22/2018 15:11:14.0 [YL] IP communications speed is currently set to 10 Mbps.
08/22/2018 15:11:14.1 [YL] Relative motor limit setting 100.0%, changing limit from 95.0% to 70.0%
08/22/2018 15:11:14.1 [YL] Phase correction: disabled, prescale: 1, phase counts: 1905
08/22/2018 15:11:14.2 [YL] SetCurrentFoldbackAmps(6, 100) will set 13080 , 1083
08/22/2018 15:11:14.2 [YL] Configuration parameters loaded from 'C:\MethodManager4\Workspaces\730i VVP96 Demo\Configuration\Y Axis.xml'. HomeVelocity 20 mm/s, CountsPerMM 2000 cts/mm.
08/22/2018 15:11:14.3 [YL] Start Hall-based phase initialization.
08/22/2018 15:11:14.3 [YL] Phases initialized.
08/22/2018 15:11:14.4 [XL] Instruction Error Status: None
08/22/2018 15:11:14.4 [XL] Warp3 core version: 99103v1.0 (will support I/O).
08/22/2018 15:11:14.4 [XL] Configured as an enhanced Warp3 with I/O.
08/22/2018 15:11:14.4 [XL]   Inputs: False False False False False 
08/22/2018 15:11:14.5 [XL] Current IP communications rate is 10 mb.
08/22/2018 15:11:14.5 [XL] IP communications speed is currently set to 10 Mbps.
08/22/2018 15:11:14.5 [XL] Relative motor limit setting 100.0%, changing limit from 95.0% to 100.0%
08/22/2018 15:11:14.6 [XL] Phase correction: disabled, prescale: 1, phase counts: 1905
08/22/2018 15:11:14.6 [XL] SetCurrentFoldbackAmps(6, 100) will set 13080 , 1083
08/22/2018 15:11:14.6 [XL] Configuration parameters loaded from 'C:\MethodManager4\Workspaces\730i VVP96 Demo\Configuration\X Axis.xml'. HomeVelocity 20 mm/s, CountsPerMM 2000 cts/mm.
08/22/2018 15:11:14.8 [XL] Start Hall-based phase initialization.
08/22/2018 15:11:14.8 [XL] Phases initialized.
08/22/2018 15:11:17.1 [VVP96] Get VVP: command 'Aspirate Diagnostics' from 96 channels.
08/22/2018 15:11:17.3 [ZL] Move to Positive limit. Velocity 20 mm/s, accel 40 mm/s2, decel 200 mm/s2, timeout 60 s.
08/22/2018 15:11:17.8 [ZL] Reached limit successfully.
08/22/2018 15:11:17.8 [ZL] Attempting to back off Positive limit.
08/22/2018 15:11:18.2 [ZL] Move off limit completion: Successful (OKReady).
08/22/2018 15:11:18.3 [ZL] Move to limit finished.
08/22/2018 15:11:18.3 [ZL] Establishing new 0 position for the old position 0.00 mm.
08/22/2018 15:11:18.4 [ZL] Timestamp of last successful home: 8/22/2018 3:11:18 PM
08/22/2018 15:11:18.5 [YL] Move to Positive limit. Velocity 20 mm/s, accel 200 mm/s2, decel 1000 mm/s2, timeout 60 s.
08/22/2018 15:11:31.9 [YL] Reached limit successfully.
08/22/2018 15:11:31.9 [YL] Attempting to back off Positive limit.
08/22/2018 15:11:32.4 [YL] Move off limit completion: Successful (OKReady).
08/22/2018 15:11:32.4 [YL] Move to limit finished.
08/22/2018 15:11:32.4 [YL] Establishing new 0 position for the old position 286.37 mm.
08/22/2018 15:11:32.5 [YL] Timestamp of last successful home: 8/22/2018 3:11:32 PM
08/22/2018 15:11:32.7 [XL] Move to Positive limit. Velocity 20 mm/s, accel 200 mm/s2, decel 1000 mm/s2, timeout 60 s.
08/22/2018 15:11:36.4 [XL] Reached limit successfully.
08/22/2018 15:11:36.4 [XL] Attempting to back off Positive limit.
08/22/2018 15:11:36.9 [XL] Move off limit completion: Successful (OKReady).
08/22/2018 15:11:36.9 [XL] Move to limit finished.
08/22/2018 15:11:36.9 [XL] Establishing new 0 position for the old position 64.52 mm.
08/22/2018 15:11:37.0 [XL] Timestamp of last successful home: 8/22/2018 3:11:37 PM
08/22/2018 15:19:34.4 [XL] Closing component connections for Warp 'XL'.
08/22/2018 15:19:34.4 [YL] Closing component connections for Warp 'YL'.
08/22/2018 15:19:34.4 [ZL] Closing component connections for Warp 'ZL'.
08/22/2018 15:19:34.9 [Lynx] 
