Workspace '730i VVP96 Demo' modules...
  MethodManagerV4   1.3.6522.17140
  MMCoreDevice   1.3.6522.17174
  MMLiquidHandler   1.3.6522.9893
  Warp3   2.0.6522.17120
  MMVVP   1.3.6522.9892
  MMIOLightTower   1.3.0.0
The pipette tool 'VVP96' has mandrel type 'MLV' and can load the following tip types:
   Tip type 'LXB-96-150F', loading depth 9.4 mm, Id: baf0d489-a29c-4899-844e-44fbdc6c2c49.
   Tip type 'LXB-96-200NF', loading depth 9.4 mm, Id: 095daefc-e866-4d91-906f-cc7e17eaf3f6.
   Tip type 'LXB-96-300F', loading depth 10.4 mm, Id: d2f37554-e0d6-41ea-8f3d-101c68af7e40.
   Tip type 'LXB-96-300NF', loading depth 10.4 mm, Id: 423ec1e5-0ccf-4946-a441-905f3c9e1fd9.
   Tip type 'LXB-96-950F', loading depth 28.6 mm, Id: 497625a6-73fc-4433-95df-636ceecdc818.
   Tip type 'LXB-96-1000NF', loading depth 28.6 mm, Id: ca3988bc-a34d-4ad7-ba77-93a37e8cba6d.
   Tip type 'LXB-96-1250NF', loading depth 28.6 mm, Id: 13ba07a3-d5cb-4a96-9ab8-1d418fc383d6.
11/30/2017 15:05:47.910 The remote server is not configured: 
11/30/2017 15:05:57.678 [ZL] Instruction Error Status: None
11/30/2017 15:05:57.692 [ZL] Warp3 core version: 99103v1.0 (will support I/O).
11/30/2017 15:05:57.707 [ZL] Configured as an enhanced Warp3 with I/O.
11/30/2017 15:05:57.731 [ZL]   Inputs: False False False False False 
11/30/2017 15:05:57.758 [ZL] Current IP communications rate is 10 mb.
11/30/2017 15:05:57.764 [ZL] IP communications speed is currently set to 10 Mbps.
11/30/2017 15:05:57.853 [ZL] Relative motor limit setting 100.0%, changing limit from 100.0% to 30.0%
11/30/2017 15:05:57.881 [ZL] Phase correction: disabled, prescale: 0, phase counts: 2000
11/30/2017 15:05:57.917 [ZL] SetCurrentFoldbackAmps(8, 20) will set 17440 , 216
11/30/2017 15:05:57.931 [ZL] Configuration parameters loaded from 'C:\MethodManager4\Workspaces\730i VVP96 Demo\Configuration\Z Axis.xml'. HomeVelocity 20 mm/s, CountsPerMM 2571 cts/mm.
11/30/2017 15:05:58.088 [ZL] Start Hall-based phase initialization.
11/30/2017 15:05:58.101 [ZL] Phases initialized.
11/30/2017 15:05:58.304 [YL] Instruction Error Status: None
11/30/2017 15:05:58.318 [YL] Warp3 core version: 99103v1.0 (will support I/O).
11/30/2017 15:05:58.333 [YL] Configured as an enhanced Warp3 with I/O.
11/30/2017 15:05:58.353 [YL]   Inputs: False False False False False 
11/30/2017 15:05:58.376 [YL] Current IP communications rate is 10 mb.
11/30/2017 15:05:58.383 [YL] IP communications speed is currently set to 10 Mbps.
11/30/2017 15:05:58.458 [YL] Relative motor limit setting 100.0%, changing limit from 100.0% to 95.0%
11/30/2017 15:05:58.486 [YL] Phase correction: disabled, prescale: 1, phase counts: 3901
11/30/2017 15:05:58.519 [YL] SetCurrentFoldbackAmps(8, 100) will set 17440 , 1083
11/30/2017 15:05:58.533 [YL] Configuration parameters loaded from 'C:\MethodManager4\Workspaces\730i VVP96 Demo\Configuration\Y Axis.xml'. HomeVelocity 30 mm/s, CountsPerMM 4096 cts/mm.
11/30/2017 15:05:58.688 [YL] Start Hall-based phase initialization.
11/30/2017 15:05:58.701 [YL] Phases initialized.
11/30/2017 15:05:58.897 [XL] Instruction Error Status: None
11/30/2017 15:05:58.911 [XL] Warp3 core version: 99103v1.0 (will support I/O).
11/30/2017 15:05:58.924 [XL] Configured as an enhanced Warp3 with I/O.
11/30/2017 15:05:58.954 [XL]   Inputs: False False False False False 
11/30/2017 15:05:58.977 [XL] Current IP communications rate is 10 mb.
11/30/2017 15:05:58.983 [XL] IP communications speed is currently set to 10 Mbps.
11/30/2017 15:05:59.058 [XL] Relative motor limit setting 100.0%, changing limit from 100.0% to 95.0%
11/30/2017 15:05:59.086 [XL] Phase correction: disabled, prescale: 1, phase counts: 1905
11/30/2017 15:05:59.120 [XL] SetCurrentFoldbackAmps(8, 150) will set 17440 , 1625
11/30/2017 15:05:59.134 [XL] Configuration parameters loaded from 'C:\MethodManager4\Workspaces\730i VVP96 Demo\Configuration\X Axis.xml'. HomeVelocity 30 mm/s, CountsPerMM 2000 cts/mm.
11/30/2017 15:05:59.291 [XL] Start Hall-based phase initialization.
11/30/2017 15:05:59.306 [XL] Phases initialized.
11/30/2017 15:06:01.185 [VVP96] Get VVP: command 'Aspirate Diagnostics' from 96 channels.
11/30/2017 15:06:01.209 [VVP96] Set VVP: command 'Aspirate Diagnostics' with setting of 24 for 96 channels.
11/30/2017 15:06:07.387 [ZL] Move to Positive limit. Velocity 20 mm/s, accel 40 mm/s2, decel 200 mm/s2, timeout 60 s.
11/30/2017 15:06:14.598 [ZL] Reached limit successfully.
11/30/2017 15:06:14.618 [ZL] Attempting to back off Positive limit.
11/30/2017 15:06:15.474 [ZL] Move off limit completion: Successful (OKReady).
11/30/2017 15:06:15.515 [ZL] Move to limit finished.
11/30/2017 15:06:15.563 [ZL] Establishing new 0 position for the old position 130.46 mm.
11/30/2017 15:06:15.609 [ZL] Timestamp of last successful home: 11/30/2017 3:06:15 PM
11/30/2017 15:06:15.794 [YL] Move to Positive limit. Velocity 30 mm/s, accel 60 mm/s2, decel 300 mm/s2, timeout 60 s.
11/30/2017 15:06:33.660 [YL] Reached limit successfully.
11/30/2017 15:06:33.677 [YL] Attempting to back off Positive limit.
11/30/2017 15:06:34.535 [YL] Move off limit completion: Successful (OKReady).
11/30/2017 15:06:34.576 [YL] Move to limit finished.
11/30/2017 15:06:34.619 [YL] Establishing new 0 position for the old position 512.69 mm.
11/30/2017 15:06:34.659 [YL] Timestamp of last successful home: 11/30/2017 3:06:34 PM
11/30/2017 15:06:34.845 [XL] Move to Negative limit. Velocity 30 mm/s, accel 60 mm/s2, decel 300 mm/s2, timeout 60 s.
11/30/2017 15:06:45.130 [XL] Reached limit successfully.
11/30/2017 15:06:45.150 [XL] Attempting to back off Negative limit.
11/30/2017 15:06:45.802 [XL] Move off limit completion: Successful (OKReady).
11/30/2017 15:06:45.843 [XL] Move to limit finished.
11/30/2017 15:06:45.882 [XL] Establishing new 0 position for the old position -299.55 mm.
11/30/2017 15:06:45.922 [XL] Timestamp of last successful home: 11/30/2017 3:06:45 PM
11/30/2017 15:08:47.978 [XL] Closing component connections for Warp 'XL'.
11/30/2017 15:08:47.993 [YL] Closing component connections for Warp 'YL'.
11/30/2017 15:08:48.007 [ZL] Closing component connections for Warp 'ZL'.
11/30/2017 15:08:48.534 [Lynx] 
