Logfile Name: C:\MethodManager4\Workspaces\730i VVP96 Demo\Output\730i VVP96 Demo_2018-04-18_012547.log
Workspace '730i VVP96 Demo' modules...
  MethodManagerV4   1.3.6522.17140
  MMCoreDevice   1.3.6522.17174
  MMLiquidHandler   1.3.6522.9893
  Warp3   2.0.6522.17120
  MMVVP   1.3.6522.9892
  MMIOLightTower   1.3.0.0
The pipette tool 'VVP96' has mandrel type 'MLV' and can load the following tip types:
   Tip type 'LXB-96-150F', loading depth 6.4 mm, Id: baf0d489-a29c-4899-844e-44fbdc6c2c49.
   Tip type 'LXB-96-200NF', loading depth 6.4 mm, Id: 095daefc-e866-4d91-906f-cc7e17eaf3f6.
   Tip type 'LXB-96-300F', loading depth 8.5 mm, Id: d2f37554-e0d6-41ea-8f3d-101c68af7e40.
   Tip type 'LXB-96-300NF', loading depth 8.5 mm, Id: 423ec1e5-0ccf-4946-a441-905f3c9e1fd9.
   Tip type 'LXB-96-950F', loading depth 28.0 mm, Id: 497625a6-73fc-4433-95df-636ceecdc818.
   Tip type 'LXB-96-1000NF', loading depth 28.3 mm, Id: ca3988bc-a34d-4ad7-ba77-93a37e8cba6d.
   Tip type 'LXB-96-1250NF', loading depth 28.0 mm, Id: 13ba07a3-d5cb-4a96-9ab8-1d418fc383d6.
04/18/2018 13:25:47.985 The remote server is not configured: 
There were errors creating the Worktable Resource Map(s) for method 'QC Method\Variable vol with 200ul tip.met' due to missing Worktable Locations.
 Some of these locations contained plates!
    Worktable 'Left' is missing location 'Loc_08', Plates : Water
    Worktable 'Left' is missing location 'Loc_09' (no plates)
    Worktable 'Left' is missing location 'Loc_10' (no plates)
    Worktable 'Left' is missing location 'Loc_11' (no plates)
    Worktable 'Left' is missing location 'Loc_12' (no plates)
    Worktable 'Left' is missing location 'Loc_13', Plates : 384 FlatBottom_01
    Worktable 'Left' is missing location 'Loc_14' (no plates)
    Worktable 'Left' is missing location 'Loc_15' (no plates)
    Worktable 'Left' is missing location 'Loc_16' (no plates)
    Worktable 'Left' is missing location 'Loc_17' (no plates)
    Worktable 'Left' is missing location 'Loc_18' (no plates)
    Worktable 'Left' is missing location 'Loc_19' (no plates)
    Worktable 'Left' is missing location 'Loc_20' (no plates)
    Worktable 'Left' is missing location 'Loc_21' (no plates)
    Worktable 'Left' is missing location 'Loc_22' (no plates)
    Worktable 'Left' is missing location 'Loc_23' (no plates)
    Worktable 'Left' is missing location 'Loc_24' (no plates)
    Worktable 'Left' is missing location 'Loc_25' (no plates)
    Worktable 'Left' is missing location 'Loc_26' (no plates)
    Worktable 'Left' is missing location 'Loc_27' (no plates)
    Worktable 'Left' is missing location 'Loc_28' (no plates)
    Worktable 'Left' is missing location 'Loc_29' (no plates)
    Worktable 'Left' is missing location 'Loc_30' (no plates)
    Worktable 'Left' is missing location 'Loc_31' (no plates)
    Worktable 'Left' is missing location 'Loc_32' (no plates)
    Worktable 'Left' is missing location 'Loc_33' (no plates)
    Worktable 'Left' is missing location 'Loc_34' (no plates)
    Worktable 'Left' is missing location 'Loc_35' (no plates)
    Worktable 'Left' is missing location 'Loc_36' (no plates)
    Worktable 'Left' is missing location 'Loc_37' (no plates)
    Worktable 'Left' is missing location 'Loc_38' (no plates)
    Worktable 'Left' is missing location 'Loc_39' (no plates)
    Worktable 'Left' is missing location 'Loc_40' (no plates)
    Worktable 'Left' is missing location 'Loc_41' (no plates)
    Worktable 'Left' is missing location 'Loc_42' (no plates)
04/18/2018 13:59:48.460 [Lynx] 
