Workspace 'LM703' modules...
  MethodManagerV4   1.4.6666.27655
  MMCoreDevice   1.4.6666.27650
  MMLiquidHandler   1.4.6666.26302
  Warp3   2.0.6591.13866
  MMVVP   1.4.6666.26303
  MMIOLightTower   1.4.6666.26303
  MMHeadGripper   1.3.6591.14013
The pipette tool 'VVP96' has mandrel type 'MLV' and can load the following tip types:
   Tip type 'LXB-96-150F', loading depth 9.4 mm, Id: baf0d489-a29c-4899-844e-44fbdc6c2c49.
   Tip type 'LXB-96-200NF', loading depth 9.4 mm, Id: 095daefc-e866-4d91-906f-cc7e17eaf3f6.
   Tip type 'LXB-96-300F', loading depth 10.4 mm, Id: d2f37554-e0d6-41ea-8f3d-101c68af7e40.
   Tip type 'LXB-96-300NF', loading depth 10.4 mm, Id: 423ec1e5-0ccf-4946-a441-905f3c9e1fd9.
   Tip type 'LXB-96-950F', loading depth 28.6 mm, Id: 497625a6-73fc-4433-95df-636ceecdc818.
   Tip type 'LXB-96-950F-WB', loading depth 28.6 mm, Id: ca3988bc-a34d-4ad7-ba77-93a37e8cba6d.
   Tip type 'LXB-96-1250NF', loading depth 28.6 mm, Id: 13ba07a3-d5cb-4a96-9ab8-1d418fc383d6.
09/10/2018 13:59:13.6 The command server is monitoring the workspace 'LM703' and is available on 172.18.3.53/1000
09/10/2018 14:00:52.4 [ZL] Instruction Error Status: None
09/10/2018 14:00:52.4 [ZL] Warp3 core version: 99103v1.0 (will support I/O).
09/10/2018 14:00:52.5 [ZL] Configured as an enhanced Warp3 with I/O.
09/10/2018 14:00:52.5 [ZL]   Inputs: False False False False False 
09/10/2018 14:00:52.5 [ZL] Current IP communications rate is 10 mb.
09/10/2018 14:00:52.5 [ZL] IP communications speed is currently set to 10 Mbps.
09/10/2018 14:00:52.6 [ZL] Relative motor limit setting 100.0%, changing limit from 100.0% to 30.0%
09/10/2018 14:00:52.7 [ZL] Phase correction: disabled, prescale: 0, phase counts: 2000
09/10/2018 14:00:52.7 [ZL] SetCurrentFoldbackAmps(8, 20) will set 17440 , 216
09/10/2018 14:00:52.7 [ZL] Configuration parameters loaded from 'C:\MethodManager4\Workspaces\LM703\Configuration\Z Axis.xml'. HomeVelocity 20 mm/s, CountsPerMM 2571 cts/mm.
09/10/2018 14:00:52.9 [ZL] Start Hall-based phase initialization.
09/10/2018 14:00:52.9 [ZL] Phases initialized.
09/10/2018 14:00:53.1 [BarCodeZAxis] Instruction Error Status: None
09/10/2018 14:00:53.1 [BarCodeZAxis] Warp3 core version: 99103v1.0 (will support I/O).
09/10/2018 14:00:53.1 [BarCodeZAxis] Configured as an enhanced Warp3 with I/O.
09/10/2018 14:00:53.1 [BarCodeZAxis]   Inputs: False False False False False 
09/10/2018 14:00:53.1 [BarCodeZAxis] Current IP communications rate is 10 mb.
09/10/2018 14:00:53.2 [BarCodeZAxis] IP communications speed is currently set to 10 Mbps.
09/10/2018 14:00:53.2 [BarCodeZAxis] Relative motor limit setting 100.0%, changing limit from 100.0% to 10.0%
09/10/2018 14:00:53.3 [BarCodeZAxis] Phase correction: disabled, prescale: 0, phase counts: 2000
09/10/2018 14:00:53.3 [BarCodeZAxis] SetCurrentFoldbackAmps(2, 5) will set 4360 , 54
09/10/2018 14:00:53.3 [BarCodeZAxis] Configuration parameters loaded from 'C:\MethodManager4\Workspaces\LM703\Configuration\BarCode Z.xml'. HomeVelocity 20 mm/s, CountsPerMM 5538 cts/mm.
09/10/2018 14:00:53.5 [BarCodeZAxis] Start Hall-based phase initialization.
09/10/2018 14:00:53.5 [BarCodeZAxis] Phases initialized.
09/10/2018 14:00:53.7 [YL] Instruction Error Status: None
09/10/2018 14:00:53.7 [YL] Warp3 core version: 99103v1.0 (will support I/O).
09/10/2018 14:00:53.7 [YL] Configured as an enhanced Warp3 with I/O.
09/10/2018 14:00:53.7 [YL]   Inputs: False False False False False 
09/10/2018 14:00:53.7 [YL] Current IP communications rate is 10 mb.
09/10/2018 14:00:53.8 [YL] IP communications speed is currently set to 10 Mbps.
09/10/2018 14:00:53.8 [YL] Relative motor limit setting 100.0%, changing limit from 100.0% to 70.0%
09/10/2018 14:00:53.8 [YL] Phase correction: disabled, prescale: 1, phase counts: 1905
09/10/2018 14:00:53.9 [YL] SetCurrentFoldbackAmps(6, 100) will set 13080 , 1083
09/10/2018 14:00:53.9 [YL] Configuration parameters loaded from 'C:\MethodManager4\Workspaces\LM703\Configuration\Y Axis.xml'. HomeVelocity 20 mm/s, CountsPerMM 2000 cts/mm.
09/10/2018 14:00:54.0 [YL] Start Hall-based phase initialization.
09/10/2018 14:00:54.1 [YL] Phases initialized.
09/10/2018 14:00:54.3 [XL] Instruction Error Status: None
09/10/2018 14:00:54.3 [XL] Warp3 core version: 99103v1.0 (will support I/O).
09/10/2018 14:00:54.3 [XL] Configured as an enhanced Warp3 with I/O.
09/10/2018 14:00:54.3 [XL]   Inputs: False False False False False 
09/10/2018 14:00:54.3 [XL] Current IP communications rate is 10 mb.
09/10/2018 14:00:54.4 [XL] IP communications speed is currently set to 10 Mbps.
09/10/2018 14:00:54.4 [XL] Phase correction: disabled, prescale: 1, phase counts: 1905
09/10/2018 14:00:54.5 [XL] SetCurrentFoldbackAmps(6, 100) will set 13080 , 1083
09/10/2018 14:00:54.5 [XL] Configuration parameters loaded from 'C:\MethodManager4\Workspaces\LM703\Configuration\X Axis.xml'. HomeVelocity 20 mm/s, CountsPerMM 2000 cts/mm.
09/10/2018 14:00:54.6 [XL] Start Hall-based phase initialization.
09/10/2018 14:00:54.7 [XL] Phases initialized.
09/10/2018 14:00:56.1 [VVP96] Get VVP: command 'Aspirate Diagnostics' from 96 channels.
09/10/2018 14:00:56.3 [ZL] Move to Positive limit. Velocity 20 mm/s, accel 40 mm/s2, decel 200 mm/s2, timeout 60 s.
09/10/2018 14:00:57.0 [ZL] Reached limit successfully.
09/10/2018 14:00:57.0 [ZL] Attempting to back off Positive limit.
09/10/2018 14:00:57.6 [ZL] Move off limit completion: Successful (OKReady).
09/10/2018 14:00:57.7 [ZL] Move to limit finished.
09/10/2018 14:00:57.7 [ZL] Establishing new 0 position for the old position 2.05 mm.
09/10/2018 14:00:57.8 [ZL] Timestamp of last successful home: 9/10/2018 2:00:57 PM
09/10/2018 14:00:58.0 [BarCodeZAxis] Move to Negative limit. Velocity 20 mm/s, accel 200 mm/s2, decel 350 mm/s2, timeout 60 s.
09/10/2018 14:00:58.4 [BarCodeZAxis] Reached limit successfully.
09/10/2018 14:00:58.4 [BarCodeZAxis] Attempting to back off Negative limit.
09/10/2018 14:00:58.9 [BarCodeZAxis] Move off limit completion: Successful (OKReady).
09/10/2018 14:00:58.9 [BarCodeZAxis] Move to limit finished.
09/10/2018 14:00:58.9 [BarCodeZAxis] Establishing new 0 position for the old position 0.00 mm.
09/10/2018 14:00:59.0 [BarCodeZAxis] Timestamp of last successful home: 9/10/2018 2:00:59 PM
09/10/2018 14:01:03.1 [YL] Move to Positive limit. Velocity 20 mm/s, accel 200 mm/s2, decel 1000 mm/s2, timeout 60 s.
09/10/2018 14:01:29.8 [YL] Reached limit successfully.
09/10/2018 14:01:29.8 [YL] Attempting to back off Positive limit.
09/10/2018 14:01:30.3 [YL] Move off limit completion: Successful (OKReady).
09/10/2018 14:01:30.3 [YL] Move to limit finished.
09/10/2018 14:01:30.3 [YL] Establishing new 0 position for the old position 524.29 mm.
09/10/2018 14:01:30.4 [YL] Timestamp of last successful home: 9/10/2018 2:01:30 PM
09/10/2018 14:01:30.6 [XL] Move to Positive limit. Velocity 20 mm/s, accel 200 mm/s2, decel 1000 mm/s2, timeout 60 s.
09/10/2018 14:01:44.5 [XL] Reached limit successfully.
09/10/2018 14:01:44.6 [XL] Attempting to back off Positive limit.
09/10/2018 14:01:45.0 [XL] Move off limit completion: Successful (OKReady).
09/10/2018 14:01:45.1 [XL] Move to limit finished.
09/10/2018 14:01:45.1 [XL] Establishing new 0 position for the old position 282.92 mm.
09/10/2018 14:01:45.1 [XL] Timestamp of last successful home: 9/10/2018 2:01:45 PM
09/10/2018 14:02:03.8 Process 'MoveToPosition18.met' MethodStarted
09/10/2018 14:02:03.9 Process 'MoveToPosition18.met'[0] 'Move To Location(VVP96)' CommandStarted
09/10/2018 14:02:03.9 [Lynx.Move To Location(VVP96).VVP96] Location 'Loc_18' with X/Y offsets 0.00 mm / 0.00 mm.
09/10/2018 14:02:03.9 [Lynx.Move To Location(VVP96).VVP96] Location coords: -294.36 mm, -536.52 mm, -174.43 mm.
09/10/2018 14:02:03.9 [Lynx.Move To Location(VVP96).VVP96] Tool X/Y location offsets: 14.38 mm, 11.24 mm.
09/10/2018 14:02:03.9 [Lynx.Move To Location(VVP96).VVP96] Initial robot X/Y/ZStart/ZEnd coordinates: -308.74 mm, -525.28 mm, -2.00 mm, -2.00 mm, using motion profile 'Fast Speed'.
09/10/2018 14:02:03.9 [Lynx.Move To Location(VVP96).VVP96] Initial axis positions:'XL' -0.05 mm, 'YL' -0.05 mm, 'ZL' 0.00 mm
09/10/2018 14:02:06.2 [Lynx.Move To Location(VVP96).VVP96] Final axis positions:'XL' -308.67 mm, 'YL' -525.25 mm, 'ZL' -2.01 mm
09/10/2018 14:02:06.2 [Lynx.Move To Location(VVP96).VVP96] Time to complete: 2 s.
09/10/2018 14:02:06.2 Process 'MoveToPosition18.met'[0] 'Move To Location(VVP96)' CommandCompleted
09/10/2018 14:02:06.2 Process 'MoveToPosition18.met' MethodCompleted
1 of 1 method(s) completed successfully.
  Concurrent method 'Main' (Main) started at 09/10/2018 14:02:03.8 and finished at 09/10/2018 14:02:06.2

09/10/2018 14:05:50.8 Process 'MoveToPosition18.met' MethodStarted
09/10/2018 14:05:50.8 Process 'MoveToPosition18.met'[0] 'Move To Location(VVP96)' CommandStarted
09/10/2018 14:05:50.8 [Lynx.Move To Location(VVP96).VVP96] Location 'Loc_18' with X/Y offsets 0.00 mm / 0.00 mm.
09/10/2018 14:05:50.8 [Lynx.Move To Location(VVP96).VVP96] Location coords: -294.36 mm, -536.52 mm, -174.43 mm.
09/10/2018 14:05:50.8 [Lynx.Move To Location(VVP96).VVP96] Tool X/Y location offsets: 14.38 mm, 11.24 mm.
09/10/2018 14:05:50.8 [Lynx.Move To Location(VVP96).VVP96] Initial robot X/Y/ZStart/ZEnd coordinates: -308.74 mm, -525.28 mm, -2.00 mm, -2.00 mm, using motion profile 'Fast Speed'.
09/10/2018 14:05:50.8 [Lynx.Move To Location(VVP96).VVP96] Initial axis positions:'XL' -308.69 mm, 'YL' -525.26 mm, 'ZL' -2.01 mm
09/10/2018 14:05:50.9 [Lynx.Move To Location(VVP96).VVP96] Final axis positions:'XL' -308.69 mm, 'YL' -525.26 mm, 'ZL' -2.01 mm
09/10/2018 14:05:50.9 [Lynx.Move To Location(VVP96).VVP96] Time to complete: 0 s.
09/10/2018 14:05:50.9 Process 'MoveToPosition18.met'[0] 'Move To Location(VVP96)' CommandCompleted
09/10/2018 14:05:51.0 Process 'MoveToPosition18.met' MethodCompleted
1 of 1 method(s) completed successfully.
  Concurrent method 'Main' (Main) started at 09/10/2018 14:05:50.8 and finished at 09/10/2018 14:05:51.0

09/10/2018 14:07:44.2 [XL] Closing component connections for Warp 'XL'.
09/10/2018 14:07:44.2 [YL] Closing component connections for Warp 'YL'.
09/10/2018 14:07:44.2 [ZL] Closing component connections for Warp 'ZL'.
09/10/2018 14:07:44.2 [BarCodeZAxis] Closing component connections for Warp 'BarCodeZAxis'.
09/10/2018 14:07:44.7 [Lynx] 
