Workspace 'LM703' modules...
  MethodManagerV4   1.4.6666.27655
  MMCoreDevice   1.4.6666.27650
  MMLiquidHandler   1.4.6666.26302
  Warp3   2.0.6591.13866
  MMVVP   1.4.6666.26303
  MMIOLightTower   1.4.6666.26303
  MMHeadGripper   1.3.6591.14013
The pipette tool 'VVP96' has mandrel type 'MLV' and can load the following tip types:
   Tip type 'LXB-96-150F', loading depth 9.4 mm, Id: baf0d489-a29c-4899-844e-44fbdc6c2c49.
   Tip type 'LXB-96-200NF', loading depth 9.4 mm, Id: 095daefc-e866-4d91-906f-cc7e17eaf3f6.
   Tip type 'LXB-96-300F', loading depth 10.4 mm, Id: d2f37554-e0d6-41ea-8f3d-101c68af7e40.
   Tip type 'LXB-96-300NF', loading depth 10.4 mm, Id: 423ec1e5-0ccf-4946-a441-905f3c9e1fd9.
   Tip type 'LXB-96-950F', loading depth 28.6 mm, Id: 497625a6-73fc-4433-95df-636ceecdc818.
   Tip type 'LXB-96-950F-WB', loading depth 28.6 mm, Id: ca3988bc-a34d-4ad7-ba77-93a37e8cba6d.
   Tip type 'LXB-96-1250NF', loading depth 28.6 mm, Id: 13ba07a3-d5cb-4a96-9ab8-1d418fc383d6.
06/30/2019 14:18:51.2 The command server is monitoring the workspace 'LM703' and is available on 172.18.3.53/1000
06/30/2019 14:27:36.6 [ZL] Instruction Error Status: None
06/30/2019 14:27:36.6 [ZL] Warp3 core version: 99103v1.0 (will support I/O).
06/30/2019 14:27:36.6 [ZL] Configured as an enhanced Warp3 with I/O.
06/30/2019 14:27:36.6 [ZL]   Inputs: False False False False False 
06/30/2019 14:27:36.7 [ZL] Current IP communications rate is 10 mb.
06/30/2019 14:27:36.7 [ZL] IP communications speed is currently set to 10 Mbps.
06/30/2019 14:27:36.8 [ZL] Relative motor limit setting 100.0%, changing limit from 100.0% to 30.0%
06/30/2019 14:27:36.8 [ZL] Phase correction: disabled, prescale: 0, phase counts: 2000
06/30/2019 14:27:36.8 [ZL] SetCurrentFoldbackAmps(8, 20) will set 17440 , 216
06/30/2019 14:27:36.8 [ZL] Configuration parameters loaded from 'P:\MethodManagerWorkspaces\LM703\Configuration\Z Axis.xml'. HomeVelocity 20 mm/s, CountsPerMM 2571 cts/mm.
06/30/2019 14:27:37.0 [ZL] Start Hall-based phase initialization.
06/30/2019 14:27:37.0 [ZL] Phases initialized.
06/30/2019 14:27:37.2 [BarCodeZAxis] Instruction Error Status: None
06/30/2019 14:27:37.2 [BarCodeZAxis] Warp3 core version: 99103v1.0 (will support I/O).
06/30/2019 14:27:37.2 [BarCodeZAxis] Configured as an enhanced Warp3 with I/O.
06/30/2019 14:27:37.2 [BarCodeZAxis]   Inputs: False False False False False 
06/30/2019 14:27:37.3 [BarCodeZAxis] Current IP communications rate is 10 mb.
06/30/2019 14:27:37.3 [BarCodeZAxis] IP communications speed is currently set to 10 Mbps.
06/30/2019 14:27:37.4 [BarCodeZAxis] Relative motor limit setting 100.0%, changing limit from 100.0% to 10.0%
06/30/2019 14:27:37.4 [BarCodeZAxis] Phase correction: disabled, prescale: 0, phase counts: 2000
06/30/2019 14:27:37.4 [BarCodeZAxis] SetCurrentFoldbackAmps(2, 5) will set 4360 , 54
06/30/2019 14:27:37.4 [BarCodeZAxis] Configuration parameters loaded from 'P:\MethodManagerWorkspaces\LM703\Configuration\BarCode Z.xml'. HomeVelocity 20 mm/s, CountsPerMM 5538 cts/mm.
06/30/2019 14:27:37.6 [BarCodeZAxis] Start Hall-based phase initialization.
06/30/2019 14:27:37.6 [BarCodeZAxis] Phases initialized.
06/30/2019 14:27:37.8 [YL] Instruction Error Status: None
06/30/2019 14:27:37.8 [YL] Warp3 core version: 99103v1.0 (will support I/O).
06/30/2019 14:27:37.8 [YL] Configured as an enhanced Warp3 with I/O.
06/30/2019 14:27:37.8 [YL]   Inputs: False False False False False 
06/30/2019 14:27:37.9 [YL] Current IP communications rate is 10 mb.
06/30/2019 14:27:37.9 [YL] IP communications speed is currently set to 10 Mbps.
06/30/2019 14:27:37.9 [YL] Relative motor limit setting 100.0%, changing limit from 100.0% to 70.0%
06/30/2019 14:27:38.0 [YL] Phase correction: disabled, prescale: 1, phase counts: 1905
06/30/2019 14:27:38.0 [YL] SetCurrentFoldbackAmps(6, 100) will set 13080 , 1083
06/30/2019 14:27:38.0 [YL] Configuration parameters loaded from 'P:\MethodManagerWorkspaces\LM703\Configuration\Y Axis.xml'. HomeVelocity 20 mm/s, CountsPerMM 2000 cts/mm.
06/30/2019 14:27:38.2 [YL] Start Hall-based phase initialization.
06/30/2019 14:27:38.2 [YL] Phases initialized.
06/30/2019 14:27:38.4 [XL] Instruction Error Status: None
06/30/2019 14:27:38.4 [XL] Warp3 core version: 99103v1.0 (will support I/O).
06/30/2019 14:27:38.4 [XL] Configured as an enhanced Warp3 with I/O.
06/30/2019 14:27:38.4 [XL]   Inputs: False False False False False 
06/30/2019 14:27:38.4 [XL] Current IP communications rate is 10 mb.
06/30/2019 14:27:38.4 [XL] IP communications speed is currently set to 10 Mbps.
06/30/2019 14:27:38.5 [XL] Phase correction: disabled, prescale: 1, phase counts: 1905
06/30/2019 14:27:38.6 [XL] SetCurrentFoldbackAmps(6, 100) will set 13080 , 1083
06/30/2019 14:27:38.6 [XL] Configuration parameters loaded from 'P:\MethodManagerWorkspaces\LM703\Configuration\X Axis.xml'. HomeVelocity 20 mm/s, CountsPerMM 2000 cts/mm.
06/30/2019 14:27:38.8 [XL] Start Hall-based phase initialization.
06/30/2019 14:27:38.8 [XL] Phases initialized.
06/30/2019 14:27:40.7 [VVP96] Get VVP: command 'Aspirate Diagnostics' from 96 channels.
06/30/2019 14:27:40.9 [ZL] Move to Positive limit. Velocity 20 mm/s, accel 40 mm/s2, decel 200 mm/s2, timeout 60 s.
06/30/2019 14:27:41.6 [ZL] Reached limit successfully.
06/30/2019 14:27:41.6 [ZL] Attempting to back off Positive limit.
06/30/2019 14:27:42.2 [ZL] Move off limit completion: Successful (OKReady).
06/30/2019 14:27:42.3 [ZL] Move to limit finished.
06/30/2019 14:27:42.3 [ZL] Establishing new 0 position for the old position 2.25 mm.
06/30/2019 14:27:42.4 [ZL] Timestamp of last successful home: 6/30/2019 2:27:42 PM
06/30/2019 14:27:42.6 [BarCodeZAxis] Move to Negative limit. Velocity 20 mm/s, accel 200 mm/s2, decel 350 mm/s2, timeout 60 s.
06/30/2019 14:27:43.0 [BarCodeZAxis] Reached limit successfully.
06/30/2019 14:27:43.0 [BarCodeZAxis] Attempting to back off Negative limit.
06/30/2019 14:27:43.5 [BarCodeZAxis] Move off limit completion: Successful (OKReady).
06/30/2019 14:27:43.5 [BarCodeZAxis] Move to limit finished.
06/30/2019 14:27:43.5 [BarCodeZAxis] Establishing new 0 position for the old position 0.00 mm.
06/30/2019 14:27:43.6 [BarCodeZAxis] Timestamp of last successful home: 6/30/2019 2:27:43 PM
06/30/2019 14:27:44.9 [YL] Move to Positive limit. Velocity 20 mm/s, accel 200 mm/s2, decel 1000 mm/s2, timeout 60 s.
06/30/2019 14:28:01.1 [YL] Reached limit successfully.
06/30/2019 14:28:01.2 [YL] Attempting to back off Positive limit.
06/30/2019 14:28:01.6 [YL] Move off limit completion: Successful (OKReady).
06/30/2019 14:28:01.6 [YL] Move to limit finished.
06/30/2019 14:28:01.7 [YL] Establishing new 0 position for the old position 316.58 mm.
06/30/2019 14:28:01.7 [YL] Timestamp of last successful home: 6/30/2019 2:28:01 PM
06/30/2019 14:28:01.9 [XL] Move to Positive limit. Velocity 20 mm/s, accel 200 mm/s2, decel 1000 mm/s2, timeout 60 s.
06/30/2019 14:28:10.1 [XL] Reached limit successfully.
06/30/2019 14:28:10.1 [XL] Attempting to back off Positive limit.
06/30/2019 14:28:10.6 [XL] Move off limit completion: Successful (OKReady).
06/30/2019 14:28:10.6 [XL] Move to limit finished.
06/30/2019 14:28:10.7 [XL] Establishing new 0 position for the old position 157.95 mm.
06/30/2019 14:28:10.7 [XL] Timestamp of last successful home: 6/30/2019 2:28:10 PM
[User] Start.
06/30/2019 14:32:27.3 Process 'Maintenance\WeeklyBarrelCheck.met' MethodStarted
06/30/2019 14:32:27.3 Process 'Maintenance\WeeklyBarrelCheck.met'[0] 'Show Message' CommandStarted
06/30/2019 14:32:31.1 Process 'Maintenance\WeeklyBarrelCheck.met'[0] 'Show Message' CommandCompleted
06/30/2019 14:32:31.1 Process 'Maintenance\WeeklyBarrelCheck.met'[1] 'Move To Location(VVP96)' CommandStarted
06/30/2019 14:32:31.1 [Lynx.Move To Location(VVP96).VVP96] Location 'Loc_12' with X/Y offsets 0.00 mm / 0.00 mm.
06/30/2019 14:32:31.1 [Lynx.Move To Location(VVP96).VVP96] Location coords: -145.14 mm, -536.34 mm, -174.43 mm.
06/30/2019 14:32:31.1 [Lynx.Move To Location(VVP96).VVP96] Tool X/Y location offsets: 14.38 mm, 11.24 mm.
06/30/2019 14:32:31.1 [Lynx.Move To Location(VVP96).VVP96] Initial robot X/Y/ZStart/ZEnd coordinates: -159.52 mm, -525.10 mm, -2.00 mm, -2.00 mm, using motion profile 'Mid Speed'.
06/30/2019 14:32:31.1 [Lynx.Move To Location(VVP96).VVP96] Initial axis positions:'XL' -0.04 mm, 'YL' -0.04 mm, 'ZL' 0.00 mm
06/30/2019 14:32:33.8 [Lynx.Move To Location(VVP96).VVP96] Final axis positions:'XL' -159.48 mm, 'YL' -525.06 mm, 'ZL' -2.00 mm
06/30/2019 14:32:33.8 [Lynx.Move To Location(VVP96).VVP96] Time to complete: 2 s.
06/30/2019 14:32:33.8 Process 'Maintenance\WeeklyBarrelCheck.met'[1] 'Move To Location(VVP96)' CommandCompleted
06/30/2019 14:32:33.8 Process 'Maintenance\WeeklyBarrelCheck.met'[2] 'Load Tips(VVP96)' CommandStarted
06/30/2019 14:32:33.8 [Lynx.Load Tips(VVP96).VVP96] Plate 'LXB-96-300F_01', column/row offset (0, 0), X/Y offset (0.00 mm,0.00 mm), height: 0.00 mm.
06/30/2019 14:32:33.8 [Lynx.Load Tips(VVP96).VVP96] No current tip.
06/30/2019 14:32:33.8 [Lynx.Load Tips(VVP96).VVP96] Tip loading depth for tip type 'LXB-96-300F' is 10.4 mm.
06/30/2019 14:32:33.8 [Lynx.Load Tips(VVP96).VVP96] Plate is at location 'Loc_05' (3.95 mm, -432.02 mm, -174.57 mm) with a stack index of 1.
06/30/2019 14:32:33.8 [Lynx.Load Tips(VVP96).VVP96] Tip loading height adjustment is 0.0 mm and Z axis force limit is 30% of full power.
06/30/2019 14:32:33.8 [Lynx.Load Tips(VVP96).VVP96] Tip loading Z error limit will be 10.0 mm, XY error window will be 50.0 mm, and the XY axis holding force fraction will be 20%
06/30/2019 14:32:33.8 [Lynx.Load Tips(VVP96).VVP96] Initial robot X/Y/ZStart/ZEnd coordinates: -10.43 mm, -420.78 mm, -2.00 mm, -123.47 mm, using motion profile 'Mid Speed'.
06/30/2019 14:32:33.8 [Lynx.Load Tips(VVP96).VVP96] Initial axis positions:'XL' -159.48 mm, 'YL' -525.06 mm, 'ZL' -2.00 mm
06/30/2019 14:32:36.6 [XL] Relative motor limit setting 20.0%, changing limit from 100.0% to 20.0%
06/30/2019 14:32:36.6 [YL] Relative motor limit setting 20.0%, changing limit from 70.0% to 14.0%
06/30/2019 14:32:37.8 [Lynx.Load Tips(VVP96).VVP96] Maximum recorded tip load values: Position error 2.1 mm, motor current 18.9 %
06/30/2019 14:32:37.8 [Lynx.Load Tips(VVP96).VVP96] Tip load Z-axis motion complete.
06/30/2019 14:32:37.8 [Lynx.Load Tips(VVP96).VVP96] Tip load position errors for X/Y/Z: 0.12 mm, -0.02 mm, -2.08 mm
06/30/2019 14:32:38.0 [ZL] Absolute motor limit setting 24.0%, changing limit from 30.0% to 24.0%
06/30/2019 14:32:38.1 [ZL] Absolute motor limit setting 18.0%, changing limit from 24.0% to 18.0%
06/30/2019 14:32:38.2 [ZL] Absolute motor limit setting 12.0%, changing limit from 18.0% to 12.0%
06/30/2019 14:32:38.4 [ZL] Absolute motor limit setting 6.0%, changing limit from 12.0% to 6.0%
06/30/2019 14:32:38.5 [ZL] Relative motor limit setting 100.0%, changing limit from 6.0% to 30.0%
06/30/2019 14:32:40.2 [XL] Relative motor limit setting 100.0%, changing limit from 20.0% to 100.0%
06/30/2019 14:32:40.2 [YL] Relative motor limit setting 100.0%, changing limit from 14.0% to 70.0%
06/30/2019 14:32:40.2 [Lynx.Load Tips(VVP96).VVP96] Final axis positions:'XL' -10.47 mm, 'YL' -420.79 mm, 'ZL' -2.02 mm
06/30/2019 14:32:40.2 [Lynx.Load Tips(VVP96).VVP96] Current tip 'LXB-96-300F'.
06/30/2019 14:32:40.2 [Lynx.Load Tips(VVP96).VVP96] Time to complete: 6 s.
06/30/2019 14:32:40.2 Process 'Maintenance\WeeklyBarrelCheck.met'[2] 'Load Tips(VVP96)' CommandCompleted
06/30/2019 14:32:40.2 Process 'Maintenance\WeeklyBarrelCheck.met'[3] 'Aspirate(VVP96)' CommandStarted
06/30/2019 14:32:40.3 [Lynx.Aspirate(VVP96).VVP96] Plate 'Reservoir_01', column/row offset (0, 0), X/Y offset (0.00 mm,0.00 mm), height: 0.50 mm.
06/30/2019 14:32:40.3 [Lynx.Aspirate(VVP96).VVP96] Current tip 'LXB-96-300F'.
06/30/2019 14:32:40.3 [Lynx.Aspirate(VVP96).VVP96] Plate is at location 'Loc_06' (3.99 mm, -536.05 mm, -174.36 mm) with a stack index of 1.
06/30/2019 14:32:40.3 [Lynx.Aspirate(VVP96).VVP96] VVP Pressure 'Mid-Range Volumes': Pressure 40 mbar, Residual vol. 0.59 uL, Pre/Post delay 0.00/1.00
06/30/2019 14:32:40.3 [Lynx.Aspirate(VVP96).VVP96] Aspirate parameters (96): Ch:A01 150.0uL/0.6uL; Ch:B01 150.0uL/0.6uL; Ch:C01 150.0uL/0.6uL; Ch:D01 150.0uL/0.6uL; Ch:E01 150.0uL/0.6uL; Ch:F01 150.0uL/0.6uL; Ch:G01 150.0uL/0.6uL; Ch:H01 150.0uL/0.6uL; Ch:A02 150.0uL/0.6uL; Ch:B02 150.0uL/0.6uL; Ch:C02 150.0uL/0.6uL; Ch:D02 150.0uL/0.6uL; Ch:E02 150.0uL/0.6uL; Ch:F02 150.0uL/0.6uL; Ch:G02 150.0uL/0.6uL; Ch:H02 150.0uL/0.6uL; Ch:A03 150.0uL/0.6uL; Ch:B03 150.0uL/0.6uL; Ch:C03 150.0uL/0.6uL; Ch:D03 150.0uL/0.6uL; Ch:E03 150.0uL/0.6uL; Ch:F03 150.0uL/0.6uL; Ch:G03 150.0uL/0.6uL; Ch:H03 150.0uL/0.6uL; Ch:A04 150.0uL/0.6uL; Ch:B04 150.0uL/0.6uL; Ch:C04 150.0uL/0.6uL; Ch:D04 150.0uL/0.6uL; Ch:E04 150.0uL/0.6uL; Ch:F04 150.0uL/0.6uL; Ch:G04 150.0uL/0.6uL; Ch:H04 150.0uL/0.6uL; Ch:A05 150.0uL/0.6uL; Ch:B05 150.0uL/0.6uL; Ch:C05 150.0uL/0.6uL; Ch:D05 150.0uL/0.6uL; Ch:E05 150.0uL/0.6uL; Ch:F05 150.0uL/0.6uL; Ch:G05 150.0uL/0.6uL; Ch:H05 150.0uL/0.6uL; Ch:A06 150.0uL/0.6uL; Ch:B06 150.0uL/0.6uL; Ch:C06 150.0uL/0.6uL; Ch:D06 150.0uL/0.6uL; Ch:E06 150.0uL/0.6uL; Ch:F06 150.0uL/0.6uL; Ch:G06 150.0uL/0.6uL; Ch:H06 150.0uL/0.6uL; Ch:A07 150.0uL/0.6uL; Ch:B07 150.0uL/0.6uL; Ch:C07 150.0uL/0.6uL; Ch:D07 150.0uL/0.6uL; Ch:E07 150.0uL/0.6uL; Ch:F07 150.0uL/0.6uL; Ch:G07 150.0uL/0.6uL; Ch:H07 150.0uL/0.6uL; Ch:A08 150.0uL/0.6uL; Ch:B08 150.0uL/0.6uL; Ch:C08 150.0uL/0.6uL; Ch:D08 150.0uL/0.6uL; Ch:E08 150.0uL/0.6uL; Ch:F08 150.0uL/0.6uL; Ch:G08 150.0uL/0.6uL; Ch:H08 150.0uL/0.6uL; Ch:A09 150.0uL/0.6uL; Ch:B09 150.0uL/0.6uL; Ch:C09 150.0uL/0.6uL; Ch:D09 150.0uL/0.6uL; Ch:E09 150.0uL/0.6uL; Ch:F09 150.0uL/0.6uL; Ch:G09 150.0uL/0.6uL; Ch:H09 150.0uL/0.6uL; Ch:A10 150.0uL/0.6uL; Ch:B10 150.0uL/0.6uL; Ch:C10 150.0uL/0.6uL; Ch:D10 150.0uL/0.6uL; Ch:E10 150.0uL/0.6uL; Ch:F10 150.0uL/0.6uL; Ch:G10 150.0uL/0.6uL; Ch:H10 150.0uL/0.6uL; Ch:A11 150.0uL/0.6uL; Ch:B11 150.0uL/0.6uL; Ch:C11 150.0uL/0.6uL; Ch:D11 150.0uL/0.6uL; Ch:E11 150.0uL/0.6uL; Ch:F11 150.0uL/0.6uL; Ch:G11 150.0uL/0.6uL; Ch:H11 150.0uL/0.6uL; Ch:A12 150.0uL/0.6uL; Ch:B12 150.0uL/0.6uL; Ch:C12 150.0uL/0.6uL; Ch:D12 150.0uL/0.6uL; Ch:E12 150.0uL/0.6uL; Ch:F12 150.0uL/0.6uL; Ch:G12 150.0uL/0.6uL; Ch:H12 150.0uL/0.6uL
06/30/2019 14:32:40.3 [Lynx.Aspirate(VVP96).VVP96] Post airgap parameters (96): Ch:A01 1.0uL/0.6uL; Ch:B01 0.5uL/0.4uL; Ch:C01 0.5uL/0.4uL; Ch:D01 0.5uL/0.4uL; Ch:E01 0.5uL/0.4uL; Ch:F01 0.5uL/0.4uL; Ch:G01 0.5uL/0.4uL; Ch:H01 0.5uL/0.4uL; Ch:A02 0.5uL/0.4uL; Ch:B02 0.5uL/0.4uL; Ch:C02 0.5uL/0.4uL; Ch:D02 0.5uL/0.4uL; Ch:E02 0.5uL/0.4uL; Ch:F02 0.5uL/0.4uL; Ch:G02 0.5uL/0.4uL; Ch:H02 0.5uL/0.4uL; Ch:A03 0.5uL/0.4uL; Ch:B03 0.5uL/0.4uL; Ch:C03 0.5uL/0.4uL; Ch:D03 0.5uL/0.4uL; Ch:E03 0.5uL/0.4uL; Ch:F03 0.5uL/0.4uL; Ch:G03 0.5uL/0.4uL; Ch:H03 0.5uL/0.4uL; Ch:A04 0.5uL/0.4uL; Ch:B04 0.5uL/0.4uL; Ch:C04 0.5uL/0.4uL; Ch:D04 0.5uL/0.4uL; Ch:E04 0.5uL/0.4uL; Ch:F04 0.5uL/0.4uL; Ch:G04 0.5uL/0.4uL; Ch:H04 0.5uL/0.4uL; Ch:A05 0.5uL/0.4uL; Ch:B05 0.5uL/0.4uL; Ch:C05 0.5uL/0.4uL; Ch:D05 0.5uL/0.4uL; Ch:E05 0.5uL/0.4uL; Ch:F05 0.5uL/0.4uL; Ch:G05 0.5uL/0.4uL; Ch:H05 0.5uL/0.4uL; Ch:A06 0.5uL/0.4uL; Ch:B06 0.5uL/0.4uL; Ch:C06 0.5uL/0.4uL; Ch:D06 0.5uL/0.4uL; Ch:E06 0.5uL/0.4uL; Ch:F06 0.5uL/0.4uL; Ch:G06 0.5uL/0.4uL; Ch:H06 0.5uL/0.4uL; Ch:A07 0.5uL/0.4uL; Ch:B07 0.5uL/0.4uL; Ch:C07 0.5uL/0.4uL; Ch:D07 0.5uL/0.4uL; Ch:E07 0.5uL/0.4uL; Ch:F07 0.5uL/0.4uL; Ch:G07 0.5uL/0.4uL; Ch:H07 0.5uL/0.4uL; Ch:A08 0.5uL/0.4uL; Ch:B08 0.5uL/0.4uL; Ch:C08 0.5uL/0.4uL; Ch:D08 0.5uL/0.4uL; Ch:E08 0.5uL/0.4uL; Ch:F08 0.5uL/0.4uL; Ch:G08 0.5uL/0.4uL; Ch:H08 0.5uL/0.4uL; Ch:A09 0.5uL/0.4uL; Ch:B09 0.5uL/0.4uL; Ch:C09 0.5uL/0.4uL; Ch:D09 0.5uL/0.4uL; Ch:E09 0.5uL/0.4uL; Ch:F09 0.5uL/0.4uL; Ch:G09 0.5uL/0.4uL; Ch:H09 0.5uL/0.4uL; Ch:A10 0.5uL/0.4uL; Ch:B10 0.5uL/0.4uL; Ch:C10 0.5uL/0.4uL; Ch:D10 0.5uL/0.4uL; Ch:E10 0.5uL/0.4uL; Ch:F10 0.5uL/0.4uL; Ch:G10 0.5uL/0.4uL; Ch:H10 0.5uL/0.4uL; Ch:A11 0.5uL/0.4uL; Ch:B11 0.5uL/0.4uL; Ch:C11 0.5uL/0.4uL; Ch:D11 0.5uL/0.4uL; Ch:E11 0.5uL/0.4uL; Ch:F11 0.5uL/0.4uL; Ch:G11 0.5uL/0.4uL; Ch:H11 0.5uL/0.4uL; Ch:A12 0.5uL/0.4uL; Ch:B12 0.5uL/0.4uL; Ch:C12 0.5uL/0.4uL; Ch:D12 0.5uL/0.4uL; Ch:E12 0.5uL/0.4uL; Ch:F12 0.5uL/0.4uL; Ch:G12 0.5uL/0.4uL; Ch:H12 0.5uL/0.4uL
06/30/2019 14:32:40.3 [Lynx.Aspirate(VVP96).VVP96] Initial robot X/Y/ZStart/ZEnd coordinates: -10.31 mm, -524.85 mm, -120.12 mm, -120.62 mm, using motion profile 'Mid Speed'.
06/30/2019 14:32:40.3 [Lynx.Aspirate(VVP96).VVP96] Initial axis positions:'XL' -10.48 mm, 'YL' -420.78 mm, 'ZL' -2.02 mm
06/30/2019 14:32:43.3 [VVP96] Clog detection is off.
06/30/2019 14:32:43.3 [VVP96] Aspirate diagnostics are off.
06/30/2019 14:32:43.3 [VVP96] Set VVP: command 'Clogging Limit' with setting of 0 for 96 channels.
06/30/2019 14:32:43.5 [VVP96] Set VVP: command 'Air-to-Liquid Sens.' with setting of 0 for 96 channels.
06/30/2019 14:32:43.7 [VVP96] Set VVP: command 'Liquid-to-Air Sens.' with setting of 0 for 96 channels.
06/30/2019 14:32:44.8 [VVP96] VVP Aspirate pressure is 42 mbar.
06/30/2019 14:32:46.9 [VVP96] Aspirate complete.
06/30/2019 14:32:47.5 [VVP96] Average residual volume was 1.14 ul for 96 channels at 40 mbar pressure
06/30/2019 14:32:47.7 [Lynx.Aspirate(VVP96).VVP96] Aspirate results: Ch:A01 151.5uL/1.1uL OK, Ch:B01 151.5uL/1.1uL OK, Ch:C01 151.5uL/1.1uL OK, Ch:D01 151.7uL/1.2uL OK, Ch:E01 151.7uL/1.2uL OK, Ch:F01 151.7uL/1.2uL OK, Ch:G01 151.7uL/1.2uL OK, Ch:H01 151.6uL/1.1uL OK, Ch:A02 151.6uL/1.1uL OK, Ch:B02 151.6uL/1.1uL OK, Ch:C02 151.5uL/1.1uL OK, Ch:D02 151.5uL/1.1uL OK, Ch:E02 151.7uL/1.2uL OK, Ch:F02 151.5uL/1.0uL OK, Ch:G02 151.6uL/1.1uL OK, Ch:H02 151.5uL/1.1uL OK, Ch:A03 151.7uL/1.2uL OK, Ch:B03 151.5uL/1.1uL OK, Ch:C03 151.5uL/1.1uL OK, Ch:D03 151.6uL/1.1uL OK, Ch:E03 151.5uL/1.1uL OK, Ch:F03 151.6uL/1.1uL OK, Ch:G03 151.5uL/1.1uL OK, Ch:H03 151.6uL/1.1uL OK, Ch:A04 151.6uL/1.2uL OK, Ch:B04 151.5uL/1.1uL OK, Ch:C04 151.8uL/1.3uL OK, Ch:D04 151.5uL/1.1uL OK, Ch:E04 151.5uL/1.1uL OK, Ch:F04 151.5uL/1.0uL OK, Ch:G04 151.6uL/1.2uL OK, Ch:H04 151.5uL/1.1uL OK, Ch:A05 151.6uL/1.1uL OK, Ch:B05 151.6uL/1.1uL OK, Ch:C05 151.5uL/1.1uL OK, Ch:D05 151.6uL/1.1uL OK, Ch:E05 151.5uL/1.1uL OK, Ch:F05 151.7uL/1.2uL OK, Ch:G05 151.7uL/1.2uL OK, Ch:H05 151.5uL/1.1uL OK, Ch:A06 151.5uL/1.1uL OK, Ch:B06 151.5uL/1.1uL OK, Ch:C06 151.5uL/1.1uL OK, Ch:D06 151.5uL/1.1uL OK, Ch:E06 151.5uL/1.1uL OK, Ch:F06 151.7uL/1.2uL OK, Ch:G06 151.6uL/1.1uL OK, Ch:H06 151.5uL/1.1uL OK, Ch:A07 151.6uL/1.1uL OK, Ch:B07 151.5uL/1.1uL OK, Ch:C07 151.7uL/1.2uL OK, Ch:D07 151.7uL/1.2uL OK, Ch:E07 151.7uL/1.2uL OK, Ch:F07 151.6uL/1.1uL OK, Ch:G07 151.5uL/1.1uL OK, Ch:H07 151.7uL/1.2uL OK, Ch:A08 151.7uL/1.2uL OK, Ch:B08 151.5uL/1.1uL OK, Ch:C08 151.6uL/1.2uL OK, Ch:D08 151.5uL/1.1uL OK, Ch:E08 151.7uL/1.2uL OK, Ch:F08 151.7uL/1.2uL OK, Ch:G08 151.5uL/1.1uL OK, Ch:H08 151.6uL/1.1uL OK, Ch:A09 151.6uL/1.1uL OK, Ch:B09 151.6uL/1.1uL OK, Ch:C09 151.5uL/1.1uL OK, Ch:D09 151.7uL/1.2uL OK, Ch:E09 151.7uL/1.2uL OK, Ch:F09 151.7uL/1.2uL OK, Ch:G09 151.7uL/1.2uL OK, Ch:H09 151.7uL/1.2uL OK, Ch:A10 151.6uL/1.1uL OK, Ch:B10 151.7uL/1.3uL OK, Ch:C10 151.6uL/1.2uL OK, Ch:D10 151.5uL/1.1uL OK, Ch:E10 151.6uL/1.1uL OK, Ch:F10 151.5uL/1.1uL OK, Ch:G10 151.6uL/1.1uL OK, Ch:H10 151.7uL/1.2uL OK, Ch:A11 151.7uL/1.2uL OK, Ch:B11 151.7uL/1.2uL OK, Ch:C11 151.5uL/1.1uL OK, Ch:D11 151.7uL/1.2uL OK, Ch:E11 151.7uL/1.2uL OK, Ch:F11 151.7uL/1.2uL OK, Ch:G11 151.4uL/1.0uL OK, Ch:H11 151.6uL/1.1uL OK, Ch:A12 151.6uL/1.2uL OK, Ch:B12 151.5uL/1.1uL OK, Ch:C12 151.6uL/1.2uL OK, Ch:D12 151.5uL/1.1uL OK, Ch:E12 151.7uL/1.2uL OK, Ch:F12 151.5uL/1.1uL OK, Ch:G12 151.5uL/1.1uL OK, Ch:H12 151.5uL/1.1uL OK
06/30/2019 14:32:48.7 [Lynx.Aspirate(VVP96).VVP96] Set aspirate pressure for post airgap.
06/30/2019 14:32:49.8 [VVP96] Clog detection is off.
06/30/2019 14:32:49.8 [VVP96] Aspirate diagnostics are off.
06/30/2019 14:32:49.8 [VVP96] Set VVP: command 'Clogging Limit' with setting of 0 for 96 channels.
06/30/2019 14:32:50.1 [VVP96] Set VVP: command 'Air-to-Liquid Sens.' with setting of 0 for 96 channels.
06/30/2019 14:32:50.4 [VVP96] Set VVP: command 'Liquid-to-Air Sens.' with setting of 0 for 96 channels.
06/30/2019 14:32:51.5 [VVP96] VVP Aspirate pressure is 31 mbar.
06/30/2019 14:32:51.9 [VVP96] Aspirate complete.
06/30/2019 14:32:52.6 [VVP96] Average residual volume was 0.75 ul for 96 channels at 30 mbar pressure
06/30/2019 14:32:52.8 [Lynx.Aspirate(VVP96).VVP96] Post airgap results: Ch:A01 1.1uL/0.7uL OK, Ch:B01 0.8uL/0.7uL OK, Ch:C01 1.0uL/0.8uL OK, Ch:D01 1.0uL/0.8uL OK, Ch:E01 0.9uL/0.8uL OK, Ch:F01 0.9uL/0.7uL OK, Ch:G01 1.0uL/0.8uL OK, Ch:H01 0.9uL/0.7uL OK, Ch:A02 0.8uL/0.7uL OK, Ch:B02 0.9uL/0.7uL OK, Ch:C02 1.0uL/0.8uL OK, Ch:D02 0.9uL/0.7uL OK, Ch:E02 1.0uL/0.8uL OK, Ch:F02 0.8uL/0.7uL OK, Ch:G02 1.0uL/0.8uL OK, Ch:H02 0.9uL/0.7uL OK, Ch:A03 0.9uL/0.8uL OK, Ch:B03 1.0uL/0.8uL OK, Ch:C03 0.8uL/0.7uL OK, Ch:D03 0.8uL/0.7uL OK, Ch:E03 0.9uL/0.7uL OK, Ch:F03 0.8uL/0.7uL OK, Ch:G03 1.0uL/0.8uL OK, Ch:H03 0.9uL/0.7uL OK, Ch:A04 1.0uL/0.8uL OK, Ch:B04 0.9uL/0.7uL OK, Ch:C04 0.9uL/0.7uL OK, Ch:D04 0.9uL/0.7uL OK, Ch:E04 0.9uL/0.7uL OK, Ch:F04 0.9uL/0.7uL OK, Ch:G04 1.0uL/0.8uL OK, Ch:H04 0.8uL/0.7uL OK, Ch:A05 1.0uL/0.8uL OK, Ch:B05 0.9uL/0.8uL OK, Ch:C05 0.8uL/0.7uL OK, Ch:D05 0.8uL/0.7uL OK, Ch:E05 0.8uL/0.7uL OK, Ch:F05 0.9uL/0.8uL OK, Ch:G05 1.0uL/0.8uL OK, Ch:H05 0.9uL/0.7uL OK, Ch:A06 0.9uL/0.8uL OK, Ch:B06 1.0uL/0.8uL OK, Ch:C06 0.9uL/0.7uL OK, Ch:D06 0.9uL/0.7uL OK, Ch:E06 0.8uL/0.7uL OK, Ch:F06 0.9uL/0.8uL OK, Ch:G06 0.9uL/0.7uL OK, Ch:H06 0.8uL/0.7uL OK, Ch:A07 0.9uL/0.7uL OK, Ch:B07 1.0uL/0.8uL OK, Ch:C07 0.9uL/0.8uL OK, Ch:D07 1.0uL/0.8uL OK, Ch:E07 1.0uL/0.8uL OK, Ch:F07 0.8uL/0.7uL OK, Ch:G07 1.0uL/0.8uL OK, Ch:H07 1.0uL/0.8uL OK, Ch:A08 1.0uL/0.8uL OK, Ch:B08 0.9uL/0.8uL OK, Ch:C08 0.9uL/0.8uL OK, Ch:D08 1.0uL/0.8uL OK, Ch:E08 0.9uL/0.8uL OK, Ch:F08 1.0uL/0.8uL OK, Ch:G08 0.9uL/0.7uL OK, Ch:H08 0.8uL/0.7uL OK, Ch:A09 0.9uL/0.8uL OK, Ch:B09 1.0uL/0.8uL OK, Ch:C09 0.9uL/0.7uL OK, Ch:D09 0.8uL/0.7uL OK, Ch:E09 0.9uL/0.8uL OK, Ch:F09 0.9uL/0.8uL OK, Ch:G09 0.9uL/0.7uL OK, Ch:H09 1.0uL/0.8uL OK, Ch:A10 0.9uL/0.8uL OK, Ch:B10 1.0uL/0.9uL OK, Ch:C10 1.0uL/0.8uL OK, Ch:D10 0.8uL/0.7uL OK, Ch:E10 0.8uL/0.7uL OK, Ch:F10 1.0uL/0.8uL OK, Ch:G10 0.8uL/0.7uL OK, Ch:H10 1.0uL/0.8uL OK, Ch:A11 0.9uL/0.7uL OK, Ch:B11 0.9uL/0.8uL OK, Ch:C11 1.0uL/0.8uL OK, Ch:D11 0.9uL/0.7uL OK, Ch:E11 1.0uL/0.8uL OK, Ch:F11 0.8uL/0.7uL OK, Ch:G11 0.8uL/0.6uL OK, Ch:H11 0.9uL/0.7uL OK, Ch:A12 0.9uL/0.8uL OK, Ch:B12 0.9uL/0.8uL OK, Ch:C12 1.0uL/0.8uL OK, Ch:D12 1.0uL/0.8uL OK, Ch:E12 1.0uL/0.8uL OK, Ch:F12 0.9uL/0.8uL OK, Ch:G12 0.9uL/0.7uL OK, Ch:H12 0.8uL/0.7uL OK
06/30/2019 14:32:52.8 [Lynx.Aspirate(VVP96).VVP96] Final axis positions:'XL' -10.36 mm, 'YL' -524.82 mm, 'ZL' -71.43 mm
06/30/2019 14:32:52.8 [Lynx.Aspirate(VVP96).VVP96] Time to complete: 12 s.
06/30/2019 14:32:52.8 Process 'Maintenance\WeeklyBarrelCheck.met'[3] 'Aspirate(VVP96)' CommandCompleted
06/30/2019 14:32:52.9 Process 'Maintenance\WeeklyBarrelCheck.met'[4] 'Wait' CommandStarted
06/30/2019 14:33:38.0 Process 'Maintenance\WeeklyBarrelCheck.met'[4] 'Wait' CommandCompleted
06/30/2019 14:33:38.0 Process 'Maintenance\WeeklyBarrelCheck.met'[5] 'Show Message' CommandStarted
06/30/2019 14:33:43.7 Process 'Maintenance\WeeklyBarrelCheck.met'[5] 'Show Message' CommandCompleted
06/30/2019 14:33:43.7 Process 'Maintenance\WeeklyBarrelCheck.met'[6] 'Dispense(VVP96)' CommandStarted
06/30/2019 14:33:43.7 [Lynx.Dispense(VVP96).VVP96] Plate 'Reservoir_01', column/row offset (0, 0), X/Y offset (0.00 mm,0.00 mm), height: 2.00 mm.
06/30/2019 14:33:43.7 [Lynx.Dispense(VVP96).VVP96] Current tip 'LXB-96-300F'.
06/30/2019 14:33:43.8 [Lynx.Dispense(VVP96).VVP96] Plate is at location 'Loc_06' (3.99 mm, -536.05 mm, -174.36 mm) with a stack index of 1.
06/30/2019 14:33:43.8 [Lynx.Dispense(VVP96).VVP96] VVP Pressure 'Mid-Range Volumes': Pressure 40 mbar, Residual vol. 0.64 uL, Pre/Post delay 0.00/1.00
06/30/2019 14:33:43.8 [Lynx.Dispense(VVP96).VVP96] Dispense parameters (96): Ch:A01 152.6uL/0.6uL; Ch:B01 152.3uL/0.6uL; Ch:C01 152.5uL/0.6uL; Ch:D01 152.7uL/0.6uL; Ch:E01 152.6uL/0.6uL; Ch:F01 152.6uL/0.6uL; Ch:G01 152.7uL/0.6uL; Ch:H01 152.5uL/0.6uL; Ch:A02 152.4uL/0.6uL; Ch:B02 152.5uL/0.6uL; Ch:C02 152.5uL/0.6uL; Ch:D02 152.4uL/0.6uL; Ch:E02 152.7uL/0.6uL; Ch:F02 152.3uL/0.6uL; Ch:G02 152.6uL/0.6uL; Ch:H02 152.4uL/0.6uL; Ch:A03 152.6uL/0.6uL; Ch:B03 152.5uL/0.6uL; Ch:C03 152.3uL/0.6uL; Ch:D03 152.4uL/0.6uL; Ch:E03 152.4uL/0.6uL; Ch:F03 152.4uL/0.6uL; Ch:G03 152.5uL/0.6uL; Ch:H03 152.5uL/0.6uL; Ch:A04 152.6uL/0.6uL; Ch:B04 152.4uL/0.6uL; Ch:C04 152.7uL/0.6uL; Ch:D04 152.4uL/0.6uL; Ch:E04 152.4uL/0.6uL; Ch:F04 152.4uL/0.6uL; Ch:G04 152.6uL/0.6uL; Ch:H04 152.3uL/0.6uL; Ch:A05 152.6uL/0.6uL; Ch:B05 152.5uL/0.6uL; Ch:C05 152.3uL/0.6uL; Ch:D05 152.4uL/0.6uL; Ch:E05 152.3uL/0.6uL; Ch:F05 152.6uL/0.6uL; Ch:G05 152.7uL/0.6uL; Ch:H05 152.4uL/0.6uL; Ch:A06 152.4uL/0.6uL; Ch:B06 152.5uL/0.6uL; Ch:C06 152.4uL/0.6uL; Ch:D06 152.4uL/0.6uL; Ch:E06 152.3uL/0.6uL; Ch:F06 152.6uL/0.6uL; Ch:G06 152.5uL/0.6uL; Ch:H06 152.3uL/0.6uL; Ch:A07 152.5uL/0.6uL; Ch:B07 152.5uL/0.6uL; Ch:C07 152.6uL/0.6uL; Ch:D07 152.7uL/0.6uL; Ch:E07 152.7uL/0.6uL; Ch:F07 152.4uL/0.6uL; Ch:G07 152.5uL/0.6uL; Ch:H07 152.7uL/0.6uL; Ch:A08 152.7uL/0.6uL; Ch:B08 152.4uL/0.6uL; Ch:C08 152.5uL/0.6uL; Ch:D08 152.5uL/0.6uL; Ch:E08 152.6uL/0.6uL; Ch:F08 152.7uL/0.6uL; Ch:G08 152.4uL/0.6uL; Ch:H08 152.4uL/0.6uL; Ch:A09 152.5uL/0.6uL; Ch:B09 152.6uL/0.6uL; Ch:C09 152.4uL/0.6uL; Ch:D09 152.5uL/0.6uL; Ch:E09 152.6uL/0.6uL; Ch:F09 152.6uL/0.6uL; Ch:G09 152.6uL/0.6uL; Ch:H09 152.7uL/0.6uL; Ch:A10 152.5uL/0.6uL; Ch:B10 152.7uL/0.6uL; Ch:C10 152.6uL/0.6uL; Ch:D10 152.3uL/0.6uL; Ch:E10 152.4uL/0.6uL; Ch:F10 152.5uL/0.6uL; Ch:G10 152.4uL/0.6uL; Ch:H10 152.7uL/0.6uL; Ch:A11 152.6uL/0.6uL; Ch:B11 152.6uL/0.6uL; Ch:C11 152.5uL/0.6uL; Ch:D11 152.6uL/0.6uL; Ch:E11 152.7uL/0.6uL; Ch:F11 152.5uL/0.6uL; Ch:G11 152.2uL/0.6uL; Ch:H11 152.5uL/0.6uL; Ch:A12 152.5uL/0.6uL; Ch:B12 152.4uL/0.6uL; Ch:C12 152.6uL/0.6uL; Ch:D12 152.5uL/0.6uL; Ch:E12 152.7uL/0.6uL; Ch:F12 152.4uL/0.6uL; Ch:G12 152.4uL/0.6uL; Ch:H12 152.3uL/0.6uL
06/30/2019 14:33:43.8 [Lynx.Dispense(VVP96).VVP96] Post airgap parameters (0): 
06/30/2019 14:33:43.8 [Lynx.Dispense(VVP96).VVP96] Initial robot X/Y/ZStart/ZEnd coordinates: -10.31 mm, -524.85 mm, -118.62 mm, -120.62 mm, using motion profile 'Fast Speed'.
06/30/2019 14:33:43.8 [Lynx.Dispense(VVP96).VVP96] Initial axis positions:'XL' -10.35 mm, 'YL' -524.82 mm, 'ZL' -71.43 mm
06/30/2019 14:33:45.1 [VVP96] Set VVP: command 'Clogging Limit' with setting of 0 for 96 channels.
06/30/2019 14:33:45.3 [VVP96] Set VVP: command 'Air-to-Liquid Sens.' with setting of 0 for 96 channels.
06/30/2019 14:33:45.6 [VVP96] Set VVP: command 'Liquid-to-Air Sens.' with setting of 0 for 96 channels.
06/30/2019 14:33:46.6 [VVP96] VVP Dispense pressure is 40 mbar.
06/30/2019 14:33:48.6 [VVP96] Dispense complete.
06/30/2019 14:33:49.6 [VVP96] Average residual volume was 1.34 ul for 96 channels at 40 mbar pressure
06/30/2019 14:33:49.8 [Lynx.Dispense(VVP96).VVP96] Dispense results: Ch:A01 153.4uL/1.4uL OK, Ch:B01 153.0uL/1.3uL OK, Ch:C01 153.1uL/1.3uL OK, Ch:D01 153.3uL/1.3uL OK, Ch:E01 153.4uL/1.4uL OK, Ch:F01 153.3uL/1.3uL OK, Ch:G01 153.4uL/1.3uL OK, Ch:H01 153.1uL/1.3uL OK, Ch:A02 153.2uL/1.4uL OK, Ch:B02 153.3uL/1.4uL OK, Ch:C02 153.2uL/1.3uL OK, Ch:D02 153.2uL/1.4uL OK, Ch:E02 153.5uL/1.4uL OK, Ch:F02 153.0uL/1.3uL OK, Ch:G02 153.3uL/1.3uL OK, Ch:H02 153.2uL/1.4uL OK, Ch:A03 153.3uL/1.3uL OK, Ch:B03 153.2uL/1.3uL OK, Ch:C03 152.9uL/1.2uL OK, Ch:D03 153.3uL/1.5uL OK, Ch:E03 153.1uL/1.4uL OK, Ch:F03 153.2uL/1.4uL OK, Ch:G03 153.2uL/1.3uL OK, Ch:H03 153.3uL/1.5uL OK, Ch:A04 153.4uL/1.4uL OK, Ch:B04 153.0uL/1.3uL OK, Ch:C04 153.5uL/1.4uL OK, Ch:D04 153.1uL/1.4uL OK, Ch:E04 153.2uL/1.4uL OK, Ch:F04 153.2uL/1.4uL OK, Ch:G04 153.4uL/1.4uL OK, Ch:H04 153.1uL/1.4uL OK, Ch:A05 153.2uL/1.3uL OK, Ch:B05 153.2uL/1.4uL OK, Ch:C05 153.0uL/1.3uL OK, Ch:D05 153.0uL/1.2uL OK, Ch:E05 153.0uL/1.3uL OK, Ch:F05 153.3uL/1.4uL OK, Ch:G05 153.5uL/1.4uL OK, Ch:H05 152.9uL/1.2uL OK, Ch:A06 153.0uL/1.3uL OK, Ch:B06 153.2uL/1.3uL OK, Ch:C06 153.2uL/1.4uL OK, Ch:D06 153.2uL/1.4uL OK, Ch:E06 153.1uL/1.4uL OK, Ch:F06 153.3uL/1.3uL OK, Ch:G06 153.3uL/1.4uL OK, Ch:H06 153.0uL/1.3uL OK, Ch:A07 153.1uL/1.3uL OK, Ch:B07 153.2uL/1.3uL OK, Ch:C07 153.3uL/1.3uL OK, Ch:D07 153.3uL/1.3uL OK, Ch:E07 153.5uL/1.4uL OK, Ch:F07 153.1uL/1.4uL OK, Ch:G07 153.1uL/1.3uL OK, Ch:H07 153.4uL/1.3uL OK, Ch:A08 153.4uL/1.3uL OK, Ch:B08 153.0uL/1.3uL OK, Ch:C08 153.1uL/1.3uL OK, Ch:D08 153.2uL/1.3uL OK, Ch:E08 153.2uL/1.3uL OK, Ch:F08 153.4uL/1.4uL OK, Ch:G08 153.2uL/1.4uL OK, Ch:H08 153.1uL/1.4uL OK, Ch:A09 153.1uL/1.3uL OK, Ch:B09 153.3uL/1.3uL OK, Ch:C09 153.0uL/1.3uL OK, Ch:D09 153.2uL/1.3uL OK, Ch:E09 153.3uL/1.3uL OK, Ch:F09 153.3uL/1.3uL OK, Ch:G09 153.3uL/1.4uL OK, Ch:H09 153.4uL/1.3uL OK, Ch:A10 153.1uL/1.3uL OK, Ch:B10 153.6uL/1.5uL OK, Ch:C10 153.4uL/1.4uL OK, Ch:D10 153.0uL/1.4uL OK, Ch:E10 153.1uL/1.4uL OK, Ch:F10 153.1uL/1.3uL OK, Ch:G10 153.2uL/1.4uL OK, Ch:H10 153.4uL/1.4uL OK, Ch:A11 153.2uL/1.3uL OK, Ch:B11 153.3uL/1.4uL OK, Ch:C11 153.2uL/1.3uL OK, Ch:D11 153.3uL/1.3uL OK, Ch:E11 153.5uL/1.4uL OK, Ch:F11 153.1uL/1.3uL OK, Ch:G11 152.9uL/1.3uL OK, Ch:H11 153.3uL/1.4uL OK, Ch:A12 153.2uL/1.3uL OK, Ch:B12 153.1uL/1.3uL OK, Ch:C12 153.3uL/1.3uL OK, Ch:D12 153.1uL/1.3uL OK, Ch:E12 153.3uL/1.3uL OK, Ch:F12 153.0uL/1.3uL OK, Ch:G12 153.1uL/1.3uL OK, Ch:H12 153.0uL/1.3uL OK
06/30/2019 14:33:52.4 [Lynx.Dispense(VVP96).VVP96] Final axis positions:'XL' -10.35 mm, 'YL' -524.82 mm, 'ZL' -2.02 mm
06/30/2019 14:33:52.4 [Lynx.Dispense(VVP96).VVP96] Time to complete: 8 s.
06/30/2019 14:33:52.4 Process 'Maintenance\WeeklyBarrelCheck.met'[6] 'Dispense(VVP96)' CommandCompleted
06/30/2019 14:33:52.4 Process 'Maintenance\WeeklyBarrelCheck.met'[7] 'Eject Tips(VVP96)' CommandStarted
06/30/2019 14:33:52.5 [Lynx.Eject Tips(VVP96).VVP96] Plate 'LXB-96-300F_01', column/row offset (0, 0), X/Y offset (0.00 mm,0.00 mm), height: 15.00 mm.
06/30/2019 14:33:52.5 [Lynx.Eject Tips(VVP96).VVP96] Current tip 'LXB-96-300F'.
06/30/2019 14:33:52.5 [Lynx.Eject Tips(VVP96).VVP96] Plate is at location 'Loc_05' (3.95 mm, -432.02 mm, -174.57 mm) with a stack index of 1.
06/30/2019 14:33:52.5 [Lynx.Eject Tips(VVP96).VVP96] Initial robot X/Y/ZStart/ZEnd coordinates: -10.43 mm, -420.78 mm, -2.00 mm, -98.07 mm, using motion profile 'Tip Eject'.
06/30/2019 14:33:52.5 [Lynx.Eject Tips(VVP96).VVP96] Initial axis positions:'XL' -10.35 mm, 'YL' -524.82 mm, 'ZL' -2.02 mm
06/30/2019 14:33:57.4 [VVP96] Tip ejection performed 2 times.
06/30/2019 14:33:58.7 [Lynx.Eject Tips(VVP96).VVP96] No current tip.
06/30/2019 14:33:58.8 [Lynx.Eject Tips(VVP96).VVP96] Time to complete: 6 s.
06/30/2019 14:33:58.8 Process 'Maintenance\WeeklyBarrelCheck.met'[7] 'Eject Tips(VVP96)' CommandCompleted
06/30/2019 14:33:58.8 Process 'Maintenance\WeeklyBarrelCheck.met' MethodCompleted
1 of 1 method(s) completed successfully.
  Concurrent method 'Main' (Main) started at 06/30/2019 14:32:27.2 and finished at 06/30/2019 14:33:58.8

07/01/2019 13:32:51.4 [ZL] Closing component connections for Warp 'ZL'.
07/01/2019 13:32:51.4 [ZL] Instruction Error Status: None
07/01/2019 13:32:51.5 [ZL] Warp3 core version: 99103v1.0 (will support I/O).
07/01/2019 13:32:51.5 [ZL] Configured as an enhanced Warp3 with I/O.
07/01/2019 13:32:51.5 [ZL]   Inputs: False False False False False 
07/01/2019 13:32:51.5 [ZL] Current IP communications rate is 10 mb.
07/01/2019 13:32:51.6 [ZL] IP communications speed is currently set to 10 Mbps.
07/01/2019 13:32:51.7 [ZL] Phase correction: disabled, prescale: 0, phase counts: 2000
07/01/2019 13:32:51.8 [ZL] SetCurrentFoldbackAmps(8, 20) will set 17440 , 216
07/01/2019 13:32:51.8 [ZL] Configuration parameters loaded from 'P:\MethodManagerWorkspaces\LM703\Configuration\Z Axis.xml'. HomeVelocity 20 mm/s, CountsPerMM 2571 cts/mm.
07/01/2019 13:32:52.0 [ZL] Start Hall-based phase initialization.
07/01/2019 13:32:52.0 [ZL] Phases initialized.
07/01/2019 13:32:52.0 [BarCodeZAxis] Closing component connections for Warp 'BarCodeZAxis'.
07/01/2019 13:32:52.6 [BarCodeZAxis] Instruction Error Status: None
07/01/2019 13:32:52.6 [BarCodeZAxis] Warp3 core version: 99103v1.0 (will support I/O).
07/01/2019 13:32:52.6 [BarCodeZAxis] Configured as an enhanced Warp3 with I/O.
07/01/2019 13:32:52.6 [BarCodeZAxis]   Inputs: False True False False False 
07/01/2019 13:32:52.7 [BarCodeZAxis] Current IP communications rate is 10 mb.
07/01/2019 13:32:52.7 [BarCodeZAxis] IP communications speed is currently set to 10 Mbps.
07/01/2019 13:32:52.8 [BarCodeZAxis] Phase correction: disabled, prescale: 0, phase counts: 2000
07/01/2019 13:32:52.8 [BarCodeZAxis] SetCurrentFoldbackAmps(2, 5) will set 4360 , 54
07/01/2019 13:32:52.9 [BarCodeZAxis] Configuration parameters loaded from 'P:\MethodManagerWorkspaces\LM703\Configuration\BarCode Z.xml'. HomeVelocity 20 mm/s, CountsPerMM 5538 cts/mm.
07/01/2019 13:32:53.0 [BarCodeZAxis] Start Hall-based phase initialization.
07/01/2019 13:32:53.0 [BarCodeZAxis] Phases initialized.
07/01/2019 13:32:53.1 [YL] Closing component connections for Warp 'YL'.
07/01/2019 13:32:53.6 [YL] Instruction Error Status: None
07/01/2019 13:32:53.6 [YL] Warp3 core version: 99103v1.0 (will support I/O).
07/01/2019 13:32:53.7 [YL] Configured as an enhanced Warp3 with I/O.
07/01/2019 13:32:53.7 [YL]   Inputs: False False False False False 
07/01/2019 13:32:53.7 [YL] Current IP communications rate is 10 mb.
07/01/2019 13:32:53.7 [YL] IP communications speed is currently set to 10 Mbps.
07/01/2019 13:32:53.9 [YL] Phase correction: disabled, prescale: 1, phase counts: 1905
07/01/2019 13:32:53.9 [YL] SetCurrentFoldbackAmps(6, 100) will set 13080 , 1083
07/01/2019 13:32:53.9 [YL] Configuration parameters loaded from 'P:\MethodManagerWorkspaces\LM703\Configuration\Y Axis.xml'. HomeVelocity 20 mm/s, CountsPerMM 2000 cts/mm.
07/01/2019 13:32:54.1 [YL] Start Hall-based phase initialization.
07/01/2019 13:32:54.1 [YL] Phases initialized.
07/01/2019 13:32:54.2 [XL] Closing component connections for Warp 'XL'.
07/01/2019 13:32:54.7 [XL] Instruction Error Status: None
07/01/2019 13:32:54.7 [XL] Warp3 core version: 99103v1.0 (will support I/O).
07/01/2019 13:32:54.8 [XL] Configured as an enhanced Warp3 with I/O.
07/01/2019 13:32:54.8 [XL]   Inputs: False False False False False 
07/01/2019 13:32:54.8 [XL] Current IP communications rate is 10 mb.
07/01/2019 13:32:54.8 [XL] IP communications speed is currently set to 10 Mbps.
07/01/2019 13:32:54.9 [XL] Phase correction: disabled, prescale: 1, phase counts: 1905
07/01/2019 13:32:55.0 [XL] SetCurrentFoldbackAmps(6, 100) will set 13080 , 1083
07/01/2019 13:32:55.0 [XL] Configuration parameters loaded from 'P:\MethodManagerWorkspaces\LM703\Configuration\X Axis.xml'. HomeVelocity 20 mm/s, CountsPerMM 2000 cts/mm.
07/01/2019 13:32:55.2 [XL] Start Hall-based phase initialization.
07/01/2019 13:32:55.2 [XL] Phases initialized.
07/01/2019 13:32:57.0 [VVP96] Get VVP: command 'Aspirate Diagnostics' from 96 channels.
07/01/2019 13:32:57.2 [ZL] Move to Positive limit. Velocity 20 mm/s, accel 40 mm/s2, decel 200 mm/s2, timeout 60 s.
07/01/2019 13:32:57.9 [ZL] Reached limit successfully.
07/01/2019 13:32:57.9 [ZL] Attempting to back off Positive limit.
07/01/2019 13:32:58.6 [ZL] Move off limit completion: Successful (OKReady).
07/01/2019 13:32:58.6 [ZL] Move to limit finished.
07/01/2019 13:32:58.7 [ZL] Establishing new 0 position for the old position 0.00 mm.
07/01/2019 13:32:58.7 [ZL] Timestamp of last successful home: 7/1/2019 1:32:58 PM
07/01/2019 13:32:58.9 [BarCodeZAxis] Move to Negative limit. Velocity 20 mm/s, accel 200 mm/s2, decel 350 mm/s2, timeout 60 s.
07/01/2019 13:32:59.4 [BarCodeZAxis] Reached limit successfully.
07/01/2019 13:32:59.4 [BarCodeZAxis] Attempting to back off Negative limit.
07/01/2019 13:32:59.9 [BarCodeZAxis] Move off limit completion: Successful (OKReady).
07/01/2019 13:32:59.9 [BarCodeZAxis] Move to limit finished.
07/01/2019 13:33:00.0 [BarCodeZAxis] Establishing new 0 position for the old position 0.00 mm.
07/01/2019 13:33:00.0 [BarCodeZAxis] Timestamp of last successful home: 7/1/2019 1:33:00 PM
07/01/2019 13:33:02.1 [YL] Move to Positive limit. Velocity 20 mm/s, accel 200 mm/s2, decel 1000 mm/s2, timeout 60 s.
07/01/2019 13:33:23.7 [YL] Reached limit successfully.
07/01/2019 13:33:23.7 [YL] Attempting to back off Positive limit.
07/01/2019 13:33:24.2 [YL] Move off limit completion: Successful (OKReady).
07/01/2019 13:33:24.2 [YL] Move to limit finished.
07/01/2019 13:33:24.3 [YL] Establishing new 0 position for the old position 0.03 mm.
07/01/2019 13:33:24.3 [YL] Timestamp of last successful home: 7/1/2019 1:33:24 PM
07/01/2019 13:33:24.5 [XL] Move to Positive limit. Velocity 20 mm/s, accel 200 mm/s2, decel 1000 mm/s2, timeout 60 s.
07/01/2019 13:33:25.6 [XL] Reached limit successfully.
07/01/2019 13:33:25.6 [XL] Attempting to back off Positive limit.
07/01/2019 13:33:26.1 [XL] Move off limit completion: Successful (OKReady).
07/01/2019 13:33:26.1 [XL] Move to limit finished.
07/01/2019 13:33:26.2 [XL] Establishing new 0 position for the old position 0.09 mm.
07/01/2019 13:33:26.2 [XL] Timestamp of last successful home: 7/1/2019 1:33:26 PM
07/01/2019 13:33:30.7 Tcp notification encountered an error: SocketException: System.Net.Sockets.SocketException (0x80004005): The requested address is not valid in its context 172.18.3.52:0
   at System.Net.Sockets.TcpClient..ctor(String hostname, Int32 port)
   at MethodManager.DX.Interop.MMTcpServer.<>c__DisplayClass5.<SendNotification>b__4()
07/01/2019 13:34:36.2 Process 'InitializeLynx.met' MethodStarted
07/01/2019 13:34:36.2 Process 'InitializeLynx.met'[0] 'Move To Location(VVP96)' CommandStarted
07/01/2019 13:34:36.2 [Lynx.Move To Location(VVP96).VVP96] Location 'Loc_10' with X/Y offsets 0.00 mm / 0.00 mm.
07/01/2019 13:34:36.2 [Lynx.Move To Location(VVP96).VVP96] Location coords: -145.48 mm, -327.87 mm, -174.72 mm.
07/01/2019 13:34:36.2 [Lynx.Move To Location(VVP96).VVP96] Tool X/Y location offsets: 14.38 mm, 11.24 mm.
07/01/2019 13:34:36.3 [Lynx.Move To Location(VVP96).VVP96] Initial robot X/Y/ZStart/ZEnd coordinates: -159.86 mm, -316.63 mm, -2.00 mm, -2.00 mm, using motion profile 'Mid Speed'.
07/01/2019 13:34:36.3 [Lynx.Move To Location(VVP96).VVP96] Initial axis positions:'XL' -0.06 mm, 'YL' -0.03 mm, 'ZL' 0.00 mm
07/01/2019 13:34:38.4 [Lynx.Move To Location(VVP96).VVP96] Final axis positions:'XL' -159.81 mm, 'YL' -316.61 mm, 'ZL' -2.00 mm
07/01/2019 13:34:38.4 [Lynx.Move To Location(VVP96).VVP96] Time to complete: 2 s.
07/01/2019 13:34:38.4 Process 'InitializeLynx.met'[0] 'Move To Location(VVP96)' CommandCompleted
07/01/2019 13:34:38.4 Process 'InitializeLynx.met' MethodCompleted
1 of 1 method(s) completed successfully.
  Concurrent method 'Main' (Main) started at 07/01/2019 13:34:36.2 and finished at 07/01/2019 13:34:38.4

07/01/2019 13:49:00.7 Process 'Stamp_150ul.met' MethodStarted
07/01/2019 13:49:00.7 Process 'Stamp_150ul.met'[0] 'Run Script' CommandStarted
07/01/2019 13:49:02.0 Process 'Stamp_150ul.met'[0] 'Run Script' CommandCompleted
07/01/2019 13:49:02.0 Process 'Stamp_150ul.met'[1] 'Load Tips(VVP96)' CommandStarted
07/01/2019 13:49:02.0 [Lynx.Load Tips(VVP96).VVP96] Plate 'LXB-96-150F_01', column/row offset (0, 0), X/Y offset (0.00 mm,0.00 mm), height: 0.00 mm.
07/01/2019 13:49:02.0 [Lynx.Load Tips(VVP96).VVP96] No current tip.
07/01/2019 13:49:02.0 [Lynx.Load Tips(VVP96).VVP96] Tip loading depth for tip type 'LXB-96-150F' is 9.4 mm.
07/01/2019 13:49:02.0 [Lynx.Load Tips(VVP96).VVP96] Plate is at location 'Loc_02' (3.14 mm, -118.98 mm, -172.91 mm) with a stack index of 1.
07/01/2019 13:49:02.1 [Lynx.Load Tips(VVP96).VVP96] Tip loading height adjustment is 0.0 mm and Z axis force limit is 30% of full power.
07/01/2019 13:49:02.1 [Lynx.Load Tips(VVP96).VVP96] Tip loading Z error limit will be 10.0 mm, XY error window will be 50.0 mm, and the XY axis holding force fraction will be 20%
07/01/2019 13:49:02.1 [Lynx.Load Tips(VVP96).VVP96] Initial robot X/Y/ZStart/ZEnd coordinates: -11.24 mm, -107.74 mm, -2.00 mm, -125.31 mm, using motion profile 'Tip Load'.
07/01/2019 13:49:02.1 [Lynx.Load Tips(VVP96).VVP96] Initial axis positions:'XL' -159.83 mm, 'YL' -316.63 mm, 'ZL' -2.00 mm
07/01/2019 13:49:04.9 [XL] Relative motor limit setting 20.0%, changing limit from 100.0% to 20.0%
07/01/2019 13:49:04.9 [YL] Relative motor limit setting 20.0%, changing limit from 70.0% to 14.0%
07/01/2019 13:49:07.5 [Lynx.Load Tips(VVP96).VVP96] Maximum recorded tip load values: Position error 0.6 mm, motor current 15.8 %
07/01/2019 13:49:07.5 [Lynx.Load Tips(VVP96).VVP96] Tip load Z-axis motion complete.
07/01/2019 13:49:07.5 [Lynx.Load Tips(VVP96).VVP96] Tip load position errors for X/Y/Z: 0.08 mm, 0.26 mm, -0.57 mm
07/01/2019 13:49:07.8 [ZL] Absolute motor limit setting 24.0%, changing limit from 30.0% to 24.0%
07/01/2019 13:49:07.9 [ZL] Absolute motor limit setting 18.0%, changing limit from 24.0% to 18.0%
07/01/2019 13:49:08.0 [ZL] Absolute motor limit setting 12.0%, changing limit from 18.0% to 12.0%
07/01/2019 13:49:08.1 [ZL] Absolute motor limit setting 6.0%, changing limit from 12.0% to 6.0%
07/01/2019 13:49:08.2 [ZL] Relative motor limit setting 100.0%, changing limit from 6.0% to 30.0%
07/01/2019 13:49:09.9 [XL] Relative motor limit setting 100.0%, changing limit from 20.0% to 100.0%
07/01/2019 13:49:09.9 [YL] Relative motor limit setting 100.0%, changing limit from 14.0% to 70.0%
07/01/2019 13:49:10.0 [Lynx.Load Tips(VVP96).VVP96] Final axis positions:'XL' -11.29 mm, 'YL' -107.78 mm, 'ZL' -2.02 mm
07/01/2019 13:49:10.0 [Lynx.Load Tips(VVP96).VVP96] Current tip 'LXB-96-150F'.
07/01/2019 13:49:10.0 [Lynx.Load Tips(VVP96).VVP96] Time to complete: 7 s.
07/01/2019 13:49:10.0 Process 'Stamp_150ul.met'[1] 'Load Tips(VVP96)' CommandCompleted
07/01/2019 13:49:10.0 Process 'Stamp_150ul.met'[2] 'Run Sub' CommandStarted
07/01/2019 13:49:10.1 SubProcess 'SubMethods\TipOn_Check_150uL.met' MethodStarted
07/01/2019 13:49:10.1 SubProcess 'SubMethods\TipOn_Check_150uL.met'[0] 'Move To Location(VVP96)' CommandStarted
07/01/2019 13:49:10.1 [Lynx.Move To Location(VVP96).VVP96] Location 'Loc_12' with X/Y offsets 0.00 mm / 0.00 mm.
07/01/2019 13:49:10.1 [Lynx.Move To Location(VVP96).VVP96] Location coords: -145.14 mm, -536.34 mm, -174.43 mm.
07/01/2019 13:49:10.1 [Lynx.Move To Location(VVP96).VVP96] Tool X/Y location offsets: 14.38 mm, 11.24 mm.
07/01/2019 13:49:10.1 [Lynx.Move To Location(VVP96).VVP96] Initial robot X/Y/ZStart/ZEnd coordinates: -159.52 mm, -525.10 mm, -2.00 mm, -2.00 mm, using motion profile 'Fast Speed'.
07/01/2019 13:49:10.1 [Lynx.Move To Location(VVP96).VVP96] Initial axis positions:'XL' -11.29 mm, 'YL' -107.78 mm, 'ZL' -2.02 mm
07/01/2019 13:49:11.8 [Lynx.Move To Location(VVP96).VVP96] Final axis positions:'XL' -159.48 mm, 'YL' -525.06 mm, 'ZL' -2.02 mm
07/01/2019 13:49:11.8 [Lynx.Move To Location(VVP96).VVP96] Time to complete: 1 s.
07/01/2019 13:49:11.9 SubProcess 'SubMethods\TipOn_Check_150uL.met'[0] 'Move To Location(VVP96)' CommandCompleted
07/01/2019 13:49:11.9 SubProcess 'SubMethods\TipOn_Check_150uL.met'[1] 'Move Axis' CommandStarted
07/01/2019 13:49:11.9 [Lynx.Move Axis] Move axes: 'ZL' to -90.00 mm
07/01/2019 13:49:13.2 [Lynx.Move Axis] Time to complete: 1 s.
07/01/2019 13:49:13.2 SubProcess 'SubMethods\TipOn_Check_150uL.met'[1] 'Move Axis' CommandCompleted
07/01/2019 13:49:13.2 SubProcess 'SubMethods\TipOn_Check_150uL.met'[2] 'Move Axis' CommandStarted
07/01/2019 13:49:13.3 [Lynx.Move Axis] Move axes: 'ZL' to -110.00 mm
07/01/2019 13:49:14.3 [Lynx.Move Axis] Time to complete: 1 s.
07/01/2019 13:49:14.3 SubProcess 'SubMethods\TipOn_Check_150uL.met'[2] 'Move Axis' CommandCompleted
07/01/2019 13:49:14.3 SubProcess 'SubMethods\TipOn_Check_150uL.met' MethodCompleted
07/01/2019 13:49:14.4 Process 'Stamp_150ul.met'[2] 'Run Sub' CommandCompleted
07/01/2019 13:49:14.4 Process 'Stamp_150ul.met'[3] 'Aspirate(VVP96)' CommandStarted
07/01/2019 13:49:14.4 [Lynx.Aspirate(VVP96).VVP96] Plate 'AutoFillTrough Copy_01', column/row offset (0, 0), X/Y offset (0.00 mm,0.00 mm), height: 0.10 mm.
07/01/2019 13:49:14.4 [Lynx.Aspirate(VVP96).VVP96] Current tip 'LXB-96-150F'.
07/01/2019 13:49:14.4 [Lynx.Aspirate(VVP96).VVP96] Plate is at location 'Loc_16' (-294.69 mm, -327.70 mm, -174.94 mm) with a stack index of 1.
07/01/2019 13:49:14.4 [Lynx.Aspirate(VVP96).VVP96] Pipette commands are from input [diluentAspData]
07/01/2019 13:49:14.4 [Lynx.Aspirate(VVP96).VVP96] VVP Pressure 'Low Volume': Pressure 30 mbar, Residual vol. 0.44 uL, Pre/Post delay 0.00/1.00
07/01/2019 13:49:14.4 [Lynx.Aspirate(VVP96).VVP96] Aspirate parameters (0): 
07/01/2019 13:49:14.4 [Lynx.Aspirate(VVP96).VVP96] Post airgap parameters (0): 
07/01/2019 13:49:14.4 [Lynx.Aspirate(VVP96).VVP96] Initial robot X/Y/ZStart/ZEnd coordinates: -308.99 mm, -316.50 mm, -112.84 mm, -112.94 mm, using motion profile 'Mid Speed'.
07/01/2019 13:49:14.4 [Lynx.Aspirate(VVP96).VVP96] Initial axis positions:'XL' -159.48 mm, 'YL' -525.06 mm, 'ZL' -110.00 mm
07/01/2019 13:49:19.1 [VVP96] Clog detection is off.
07/01/2019 13:49:19.1 [VVP96] Aspirate diagnostics are off.
07/01/2019 13:49:19.1 [Lynx.Aspirate(VVP96).VVP96] Aspirate results: 
07/01/2019 13:49:22.2 [Lynx.Aspirate(VVP96).VVP96] Final axis positions:'XL' -308.93 mm, 'YL' -316.53 mm, 'ZL' -2.02 mm
07/01/2019 13:49:22.3 [Lynx.Aspirate(VVP96).VVP96] Time to complete: 7 s.
07/01/2019 13:49:22.3 Process 'Stamp_150ul.met'[3] 'Aspirate(VVP96)' CommandCompleted
07/01/2019 13:49:22.3 Process 'Stamp_150ul.met'[4] 'Aspirate(VVP96)' CommandStarted
07/01/2019 13:49:22.3 [Lynx.Aspirate(VVP96).VVP96] Plate 'Fluidx_1mL_Tube_rack_01', column/row offset (0, 0), X/Y offset (0.00 mm,0.00 mm), height: 0.10 mm.
07/01/2019 13:49:22.3 [Lynx.Aspirate(VVP96).VVP96] Current tip 'LXB-96-150F'.
07/01/2019 13:49:22.3 [Lynx.Aspirate(VVP96).VVP96] Plate is at location 'Loc_01' (2.46 mm, -14.88 mm, -173.43 mm) with a stack index of 1.
07/01/2019 13:49:22.3 [Lynx.Aspirate(VVP96).VVP96] Pipette commands are from input [sampleAspData]
07/01/2019 13:49:22.3 [Lynx.Aspirate(VVP96).VVP96] VVP Pressure 'Low Volume': Pressure 30 mbar, Residual vol. 0.44 uL, Pre/Post delay 0.00/1.00
07/01/2019 13:49:22.3 [Lynx.Aspirate(VVP96).VVP96] Aspirate parameters (96): Ch:A01 7.0uL/0.4uL; Ch:B01 7.0uL/0.4uL; Ch:C01 7.0uL/0.4uL; Ch:D01 7.0uL/0.4uL; Ch:E01 7.0uL/0.4uL; Ch:F01 7.0uL/0.4uL; Ch:G01 7.0uL/0.4uL; Ch:H01 7.0uL/0.4uL; Ch:A02 7.0uL/0.4uL; Ch:B02 7.0uL/0.4uL; Ch:C02 7.0uL/0.4uL; Ch:D02 7.0uL/0.4uL; Ch:E02 7.0uL/0.4uL; Ch:F02 7.0uL/0.4uL; Ch:G02 7.0uL/0.4uL; Ch:H02 7.0uL/0.4uL; Ch:A03 7.0uL/0.4uL; Ch:B03 7.0uL/0.4uL; Ch:C03 7.0uL/0.4uL; Ch:D03 7.0uL/0.4uL; Ch:E03 7.0uL/0.4uL; Ch:F03 7.0uL/0.4uL; Ch:G03 7.0uL/0.4uL; Ch:H03 7.0uL/0.4uL; Ch:A04 7.0uL/0.4uL; Ch:B04 7.0uL/0.4uL; Ch:C04 7.0uL/0.4uL; Ch:D04 7.0uL/0.4uL; Ch:E04 7.0uL/0.4uL; Ch:F04 7.0uL/0.4uL; Ch:G04 7.0uL/0.4uL; Ch:H04 7.0uL/0.4uL; Ch:A05 7.0uL/0.4uL; Ch:B05 7.0uL/0.4uL; Ch:C05 7.0uL/0.4uL; Ch:D05 7.0uL/0.4uL; Ch:E05 7.0uL/0.4uL; Ch:F05 7.0uL/0.4uL; Ch:G05 7.0uL/0.4uL; Ch:H05 7.0uL/0.4uL; Ch:A06 7.0uL/0.4uL; Ch:B06 7.0uL/0.4uL; Ch:C06 7.0uL/0.4uL; Ch:D06 7.0uL/0.4uL; Ch:E06 7.0uL/0.4uL; Ch:F06 7.0uL/0.4uL; Ch:G06 7.0uL/0.4uL; Ch:H06 7.0uL/0.4uL; Ch:A07 7.0uL/0.4uL; Ch:B07 7.0uL/0.4uL; Ch:C07 7.0uL/0.4uL; Ch:D07 7.0uL/0.4uL; Ch:E07 7.0uL/0.4uL; Ch:F07 7.0uL/0.4uL; Ch:G07 7.0uL/0.4uL; Ch:H07 7.0uL/0.4uL; Ch:A08 7.0uL/0.4uL; Ch:B08 7.0uL/0.4uL; Ch:C08 7.0uL/0.4uL; Ch:D08 7.0uL/0.4uL; Ch:E08 7.0uL/0.4uL; Ch:F08 7.0uL/0.4uL; Ch:G08 7.0uL/0.4uL; Ch:H08 7.0uL/0.4uL; Ch:A09 7.0uL/0.4uL; Ch:B09 7.0uL/0.4uL; Ch:C09 7.0uL/0.4uL; Ch:D09 7.0uL/0.4uL; Ch:E09 7.0uL/0.4uL; Ch:F09 7.0uL/0.4uL; Ch:G09 7.0uL/0.4uL; Ch:H09 7.0uL/0.4uL; Ch:A10 7.0uL/0.4uL; Ch:B10 7.0uL/0.4uL; Ch:C10 7.0uL/0.4uL; Ch:D10 7.0uL/0.4uL; Ch:E10 7.0uL/0.4uL; Ch:F10 7.0uL/0.4uL; Ch:G10 7.0uL/0.4uL; Ch:H10 7.0uL/0.4uL; Ch:A11 7.0uL/0.4uL; Ch:B11 7.0uL/0.4uL; Ch:C11 7.0uL/0.4uL; Ch:D11 7.0uL/0.4uL; Ch:E11 7.0uL/0.4uL; Ch:F11 7.0uL/0.4uL; Ch:G11 7.0uL/0.4uL; Ch:H11 7.0uL/0.4uL; Ch:A12 7.0uL/0.4uL; Ch:B12 7.0uL/0.4uL; Ch:C12 7.0uL/0.4uL; Ch:D12 7.0uL/0.4uL; Ch:E12 7.0uL/0.4uL; Ch:F12 7.0uL/0.4uL; Ch:G12 7.0uL/0.4uL; Ch:H12 7.0uL/0.4uL
07/01/2019 13:49:22.3 [Lynx.Aspirate(VVP96).VVP96] Post airgap parameters (0): 
07/01/2019 13:49:22.3 [Lynx.Aspirate(VVP96).VVP96] Initial robot X/Y/ZStart/ZEnd coordinates: -11.92 mm, -3.64 mm, -129.33 mm, -129.43 mm, using motion profile 'Slow Speed'.
07/01/2019 13:49:22.3 [Lynx.Aspirate(VVP96).VVP96] Initial axis positions:'XL' -308.93 mm, 'YL' -316.53 mm, 'ZL' -2.02 mm
07/01/2019 13:49:29.4 [VVP96] Clog detection is off.
07/01/2019 13:49:29.4 [VVP96] Aspirate diagnostics are off.
07/01/2019 13:49:29.4 [VVP96] Set VVP: command 'Clogging Limit' with setting of 0 for 96 channels.
07/01/2019 13:49:29.7 [VVP96] Set VVP: command 'Air-to-Liquid Sens.' with setting of 0 for 96 channels.
07/01/2019 13:49:29.9 [VVP96] Set VVP: command 'Liquid-to-Air Sens.' with setting of 0 for 96 channels.
07/01/2019 13:49:31.2 [VVP96] VVP Aspirate pressure is 30 mbar.
07/01/2019 13:49:31.6 [VVP96] Aspirate complete.
07/01/2019 13:49:32.2 [VVP96] Average residual volume was 0.82 ul for 96 channels at 30 mbar pressure
07/01/2019 13:49:32.4 [Lynx.Aspirate(VVP96).VVP96] Aspirate results: Ch:A01 7.4uL/0.8uL OK, Ch:B01 7.4uL/0.8uL OK, Ch:C01 7.4uL/0.8uL OK, Ch:D01 7.4uL/0.8uL OK, Ch:E01 7.3uL/0.8uL OK, Ch:F01 7.3uL/0.8uL OK, Ch:G01 7.3uL/0.8uL OK, Ch:H01 7.3uL/0.8uL OK, Ch:A02 7.3uL/0.7uL OK, Ch:B02 7.4uL/0.8uL OK, Ch:C02 7.4uL/0.8uL OK, Ch:D02 7.4uL/0.8uL OK, Ch:E02 7.3uL/0.8uL OK, Ch:F02 7.4uL/0.8uL OK, Ch:G02 7.3uL/0.8uL OK, Ch:H02 7.3uL/0.8uL OK, Ch:A03 7.5uL/0.9uL OK, Ch:B03 7.4uL/0.8uL OK, Ch:C03 7.5uL/0.9uL OK, Ch:D03 7.4uL/0.8uL OK, Ch:E03 7.4uL/0.8uL OK, Ch:F03 7.3uL/0.8uL OK, Ch:G03 7.3uL/0.8uL OK, Ch:H03 7.3uL/0.8uL OK, Ch:A04 7.3uL/0.8uL OK, Ch:B04 7.3uL/0.8uL OK, Ch:C04 7.4uL/0.8uL OK, Ch:D04 7.2uL/0.7uL OK, Ch:E04 7.4uL/0.8uL OK, Ch:F04 7.3uL/0.7uL OK, Ch:G04 7.4uL/0.9uL OK, Ch:H04 7.3uL/0.8uL OK, Ch:A05 7.3uL/0.7uL OK, Ch:B05 7.3uL/0.8uL OK, Ch:C05 7.3uL/0.8uL OK, Ch:D05 7.4uL/0.8uL OK, Ch:E05 7.4uL/0.8uL OK, Ch:F05 7.3uL/0.8uL OK, Ch:G05 7.4uL/0.9uL OK, Ch:H05 7.2uL/0.7uL OK, Ch:A06 7.4uL/0.8uL OK, Ch:B06 7.4uL/0.8uL OK, Ch:C06 7.4uL/0.8uL OK, Ch:D06 7.4uL/0.8uL OK, Ch:E06 7.3uL/0.8uL OK, Ch:F06 7.4uL/0.9uL OK, Ch:G06 7.4uL/0.8uL OK, Ch:H06 7.5uL/0.9uL OK, Ch:A07 7.3uL/0.8uL OK, Ch:B07 7.5uL/0.9uL OK, Ch:C07 7.5uL/0.9uL OK, Ch:D07 7.3uL/0.8uL OK, Ch:E07 7.5uL/0.9uL OK, Ch:F07 7.3uL/0.8uL OK, Ch:G07 7.5uL/0.9uL OK, Ch:H07 7.4uL/0.8uL OK, Ch:A08 7.4uL/0.9uL OK, Ch:B08 7.5uL/0.9uL OK, Ch:C08 7.4uL/0.9uL OK, Ch:D08 7.4uL/0.8uL OK, Ch:E08 7.4uL/0.8uL OK, Ch:F08 7.4uL/0.8uL OK, Ch:G08 7.3uL/0.8uL OK, Ch:H08 7.4uL/0.8uL OK, Ch:A09 7.3uL/0.8uL OK, Ch:B09 7.5uL/0.9uL OK, Ch:C09 7.4uL/0.8uL OK, Ch:D09 7.4uL/0.8uL OK, Ch:E09 7.3uL/0.8uL OK, Ch:F09 7.4uL/0.9uL OK, Ch:G09 7.3uL/0.8uL OK, Ch:H09 7.4uL/0.8uL OK, Ch:A10 7.5uL/0.9uL OK, Ch:B10 7.5uL/1.0uL OK, Ch:C10 7.4uL/0.8uL OK, Ch:D10 7.3uL/0.8uL OK, Ch:E10 7.4uL/0.8uL OK, Ch:F10 7.3uL/0.8uL OK, Ch:G10 7.3uL/0.8uL OK, Ch:H10 7.3uL/0.8uL OK, Ch:A11 7.3uL/0.8uL OK, Ch:B11 7.3uL/0.8uL OK, Ch:C11 7.4uL/0.9uL OK, Ch:D11 7.4uL/0.8uL OK, Ch:E11 7.3uL/0.8uL OK, Ch:F11 7.5uL/0.9uL OK, Ch:G11 7.2uL/0.7uL OK, Ch:H11 7.2uL/0.7uL OK, Ch:A12 7.5uL/0.9uL OK, Ch:B12 7.4uL/0.9uL OK, Ch:C12 7.3uL/0.8uL OK, Ch:D12 7.5uL/0.9uL OK, Ch:E12 7.4uL/0.8uL OK, Ch:F12 7.3uL/0.8uL OK, Ch:G12 7.4uL/0.8uL OK, Ch:H12 7.3uL/0.8uL OK
07/01/2019 13:49:33.4 [Lynx.Aspirate(VVP96).VVP96] Final axis positions:'XL' -11.97 mm, 'YL' -3.68 mm, 'ZL' -129.33 mm
07/01/2019 13:49:33.5 [Lynx.Aspirate(VVP96).VVP96] Time to complete: 11 s.
07/01/2019 13:49:33.5 Process 'Stamp_150ul.met'[4] 'Aspirate(VVP96)' CommandCompleted
07/01/2019 13:49:33.5 Process 'Stamp_150ul.met'[7] 'Run Sub' CommandStarted
07/01/2019 13:49:33.6 SubProcess 'SubMethods\Small_TipShimmy_150uL.met' MethodStarted
07/01/2019 13:49:33.6 SubProcess 'SubMethods\Small_TipShimmy_150uL.met'[0] 'Move Axis Relative' CommandStarted
07/01/2019 13:49:33.6 [Lynx.Move Axis Relative] Move axes relative: 'ZL' by 35.00 mm
07/01/2019 13:49:34.5 [Lynx.Move Axis Relative] Time to complete: 0 s.
07/01/2019 13:49:34.5 SubProcess 'SubMethods\Small_TipShimmy_150uL.met'[0] 'Move Axis Relative' CommandCompleted
07/01/2019 13:49:34.5 SubProcess 'SubMethods\Small_TipShimmy_150uL.met'[1] 'Move Axis Relative' CommandStarted
07/01/2019 13:49:34.5 [Lynx.Move Axis Relative] Move axes relative: 'XL' by 1.45 mm
07/01/2019 13:49:34.9 [Lynx.Move Axis Relative] Time to complete: 0 s.
07/01/2019 13:49:34.9 SubProcess 'SubMethods\Small_TipShimmy_150uL.met'[1] 'Move Axis Relative' CommandCompleted
07/01/2019 13:49:34.9 SubProcess 'SubMethods\Small_TipShimmy_150uL.met'[2] 'Move Axis Relative' CommandStarted
07/01/2019 13:49:35.0 [Lynx.Move Axis Relative] Move axes relative: 'XL' by -2.90 mm
07/01/2019 13:49:35.4 [Lynx.Move Axis Relative] Time to complete: 0 s.
07/01/2019 13:49:35.4 SubProcess 'SubMethods\Small_TipShimmy_150uL.met'[2] 'Move Axis Relative' CommandCompleted
07/01/2019 13:49:35.4 SubProcess 'SubMethods\Small_TipShimmy_150uL.met'[3] 'Move Axis Relative' CommandStarted
07/01/2019 13:49:35.4 [Lynx.Move Axis Relative] Move axes relative: 'XL' by 1.45 mm
07/01/2019 13:49:35.8 [Lynx.Move Axis Relative] Time to complete: 0 s.
07/01/2019 13:49:35.8 SubProcess 'SubMethods\Small_TipShimmy_150uL.met'[3] 'Move Axis Relative' CommandCompleted
07/01/2019 13:49:35.8 SubProcess 'SubMethods\Small_TipShimmy_150uL.met' MethodCompleted
07/01/2019 13:49:36.0 Process 'Stamp_150ul.met'[7] 'Run Sub' CommandCompleted
07/01/2019 13:49:36.0 Process 'Stamp_150ul.met'[8] 'Dispense(VVP96)' CommandStarted
07/01/2019 13:49:36.0 [Lynx.Dispense(VVP96).VVP96] Plate 'Eppendorf PCR_01', column/row offset (0, 0), X/Y offset (0.00 mm,0.00 mm), height: 0.30 mm.
07/01/2019 13:49:36.0 [Lynx.Dispense(VVP96).VVP96] Current tip 'LXB-96-150F'.
07/01/2019 13:49:36.0 [Lynx.Dispense(VVP96).VVP96] Plate is at location 'Loc_03' (2.64 mm, -223.74 mm, -173.57 mm) with a stack index of 1.
07/01/2019 13:49:36.0 [Lynx.Dispense(VVP96).VVP96] VVP Pressure 'Low Volume': Pressure 30 mbar, Residual vol. 0.48 uL, Pre/Post delay 0.00/1.00
07/01/2019 13:49:36.0 [Lynx.Dispense(VVP96).VVP96] Dispense parameters (96): Ch:A01 7.4uL/0.5uL; Ch:B01 7.4uL/0.5uL; Ch:C01 7.4uL/0.5uL; Ch:D01 7.4uL/0.5uL; Ch:E01 7.3uL/0.5uL; Ch:F01 7.3uL/0.5uL; Ch:G01 7.3uL/0.5uL; Ch:H01 7.3uL/0.5uL; Ch:A02 7.3uL/0.5uL; Ch:B02 7.4uL/0.5uL; Ch:C02 7.4uL/0.5uL; Ch:D02 7.4uL/0.5uL; Ch:E02 7.3uL/0.5uL; Ch:F02 7.4uL/0.5uL; Ch:G02 7.3uL/0.5uL; Ch:H02 7.3uL/0.5uL; Ch:A03 7.5uL/0.5uL; Ch:B03 7.4uL/0.5uL; Ch:C03 7.5uL/0.5uL; Ch:D03 7.4uL/0.5uL; Ch:E03 7.4uL/0.5uL; Ch:F03 7.3uL/0.5uL; Ch:G03 7.3uL/0.5uL; Ch:H03 7.3uL/0.5uL; Ch:A04 7.3uL/0.5uL; Ch:B04 7.3uL/0.5uL; Ch:C04 7.4uL/0.5uL; Ch:D04 7.2uL/0.5uL; Ch:E04 7.4uL/0.5uL; Ch:F04 7.3uL/0.5uL; Ch:G04 7.4uL/0.5uL; Ch:H04 7.3uL/0.5uL; Ch:A05 7.3uL/0.5uL; Ch:B05 7.3uL/0.5uL; Ch:C05 7.3uL/0.5uL; Ch:D05 7.4uL/0.5uL; Ch:E05 7.4uL/0.5uL; Ch:F05 7.3uL/0.5uL; Ch:G05 7.4uL/0.5uL; Ch:H05 7.2uL/0.5uL; Ch:A06 7.4uL/0.5uL; Ch:B06 7.4uL/0.5uL; Ch:C06 7.4uL/0.5uL; Ch:D06 7.4uL/0.5uL; Ch:E06 7.3uL/0.5uL; Ch:F06 7.4uL/0.5uL; Ch:G06 7.4uL/0.5uL; Ch:H06 7.5uL/0.5uL; Ch:A07 7.3uL/0.5uL; Ch:B07 7.5uL/0.5uL; Ch:C07 7.5uL/0.5uL; Ch:D07 7.3uL/0.5uL; Ch:E07 7.5uL/0.5uL; Ch:F07 7.3uL/0.5uL; Ch:G07 7.5uL/0.5uL; Ch:H07 7.4uL/0.5uL; Ch:A08 7.4uL/0.5uL; Ch:B08 7.5uL/0.5uL; Ch:C08 7.4uL/0.5uL; Ch:D08 7.4uL/0.5uL; Ch:E08 7.4uL/0.5uL; Ch:F08 7.4uL/0.5uL; Ch:G08 7.3uL/0.5uL; Ch:H08 7.4uL/0.5uL; Ch:A09 7.3uL/0.5uL; Ch:B09 7.5uL/0.5uL; Ch:C09 7.4uL/0.5uL; Ch:D09 7.4uL/0.5uL; Ch:E09 7.3uL/0.5uL; Ch:F09 7.4uL/0.5uL; Ch:G09 7.3uL/0.5uL; Ch:H09 7.4uL/0.5uL; Ch:A10 7.5uL/0.5uL; Ch:B10 7.5uL/0.5uL; Ch:C10 7.4uL/0.5uL; Ch:D10 7.3uL/0.5uL; Ch:E10 7.4uL/0.5uL; Ch:F10 7.3uL/0.5uL; Ch:G10 7.3uL/0.5uL; Ch:H10 7.3uL/0.5uL; Ch:A11 7.3uL/0.5uL; Ch:B11 7.3uL/0.5uL; Ch:C11 7.4uL/0.5uL; Ch:D11 7.4uL/0.5uL; Ch:E11 7.3uL/0.5uL; Ch:F11 7.5uL/0.5uL; Ch:G11 7.2uL/0.5uL; Ch:H11 7.2uL/0.5uL; Ch:A12 7.5uL/0.5uL; Ch:B12 7.4uL/0.5uL; Ch:C12 7.3uL/0.5uL; Ch:D12 7.5uL/0.5uL; Ch:E12 7.4uL/0.5uL; Ch:F12 7.3uL/0.5uL; Ch:G12 7.4uL/0.5uL; Ch:H12 7.3uL/0.5uL
07/01/2019 13:49:36.0 [Lynx.Dispense(VVP96).VVP96] Blowout parameters (96): Ch:A01 2.0uL/0.5uL; Ch:B01 2.0uL/0.5uL; Ch:C01 2.0uL/0.5uL; Ch:D01 2.0uL/0.5uL; Ch:E01 2.0uL/0.5uL; Ch:F01 2.0uL/0.5uL; Ch:G01 2.0uL/0.5uL; Ch:H01 2.0uL/0.5uL; Ch:A02 2.0uL/0.5uL; Ch:B02 2.0uL/0.5uL; Ch:C02 2.0uL/0.5uL; Ch:D02 2.0uL/0.5uL; Ch:E02 2.0uL/0.5uL; Ch:F02 2.0uL/0.5uL; Ch:G02 2.0uL/0.5uL; Ch:H02 2.0uL/0.5uL; Ch:A03 2.0uL/0.5uL; Ch:B03 2.0uL/0.5uL; Ch:C03 2.0uL/0.5uL; Ch:D03 2.0uL/0.5uL; Ch:E03 2.0uL/0.5uL; Ch:F03 2.0uL/0.5uL; Ch:G03 2.0uL/0.5uL; Ch:H03 2.0uL/0.5uL; Ch:A04 2.0uL/0.5uL; Ch:B04 2.0uL/0.5uL; Ch:C04 2.0uL/0.5uL; Ch:D04 2.0uL/0.5uL; Ch:E04 2.0uL/0.5uL; Ch:F04 2.0uL/0.5uL; Ch:G04 2.0uL/0.5uL; Ch:H04 2.0uL/0.5uL; Ch:A05 2.0uL/0.5uL; Ch:B05 2.0uL/0.5uL; Ch:C05 2.0uL/0.5uL; Ch:D05 2.0uL/0.5uL; Ch:E05 2.0uL/0.5uL; Ch:F05 2.0uL/0.5uL; Ch:G05 2.0uL/0.5uL; Ch:H05 2.0uL/0.5uL; Ch:A06 2.0uL/0.5uL; Ch:B06 2.0uL/0.5uL; Ch:C06 2.0uL/0.5uL; Ch:D06 2.0uL/0.5uL; Ch:E06 2.0uL/0.5uL; Ch:F06 2.0uL/0.5uL; Ch:G06 2.0uL/0.5uL; Ch:H06 2.0uL/0.5uL; Ch:A07 2.0uL/0.5uL; Ch:B07 2.0uL/0.5uL; Ch:C07 2.0uL/0.5uL; Ch:D07 2.0uL/0.5uL; Ch:E07 2.0uL/0.5uL; Ch:F07 2.0uL/0.5uL; Ch:G07 2.0uL/0.5uL; Ch:H07 2.0uL/0.5uL; Ch:A08 2.0uL/0.5uL; Ch:B08 2.0uL/0.5uL; Ch:C08 2.0uL/0.5uL; Ch:D08 2.0uL/0.5uL; Ch:E08 2.0uL/0.5uL; Ch:F08 2.0uL/0.5uL; Ch:G08 2.0uL/0.5uL; Ch:H08 2.0uL/0.5uL; Ch:A09 2.0uL/0.5uL; Ch:B09 2.0uL/0.5uL; Ch:C09 2.0uL/0.5uL; Ch:D09 2.0uL/0.5uL; Ch:E09 2.0uL/0.5uL; Ch:F09 2.0uL/0.5uL; Ch:G09 2.0uL/0.5uL; Ch:H09 2.0uL/0.5uL; Ch:A10 2.0uL/0.5uL; Ch:B10 2.0uL/0.5uL; Ch:C10 2.0uL/0.5uL; Ch:D10 2.0uL/0.5uL; Ch:E10 2.0uL/0.5uL; Ch:F10 2.0uL/0.5uL; Ch:G10 2.0uL/0.5uL; Ch:H10 2.0uL/0.5uL; Ch:A11 2.0uL/0.5uL; Ch:B11 2.0uL/0.5uL; Ch:C11 2.0uL/0.5uL; Ch:D11 2.0uL/0.5uL; Ch:E11 2.0uL/0.5uL; Ch:F11 2.0uL/0.5uL; Ch:G11 2.0uL/0.5uL; Ch:H11 2.0uL/0.5uL; Ch:A12 2.0uL/0.5uL; Ch:B12 2.0uL/0.5uL; Ch:C12 2.0uL/0.5uL; Ch:D12 2.0uL/0.5uL; Ch:E12 2.0uL/0.5uL; Ch:F12 2.0uL/0.5uL; Ch:G12 2.0uL/0.5uL; Ch:H12 2.0uL/0.5uL
07/01/2019 13:49:36.0 [Lynx.Dispense(VVP96).VVP96] Post airgap parameters (0): 
07/01/2019 13:49:36.0 [Lynx.Dispense(VVP96).VVP96] Initial robot X/Y/ZStart/ZEnd coordinates: -11.74 mm, -212.50 mm, -130.38 mm, -130.68 mm, using motion profile 'Fast Speed'.
07/01/2019 13:49:36.0 [Lynx.Dispense(VVP96).VVP96] Initial axis positions:'XL' -12.02 mm, 'YL' -3.67 mm, 'ZL' -94.34 mm
07/01/2019 13:49:40.3 [VVP96] Set VVP: command 'Clogging Limit' with setting of 0 for 96 channels.
07/01/2019 13:49:40.6 [VVP96] Set VVP: command 'Air-to-Liquid Sens.' with setting of 0 for 96 channels.
07/01/2019 13:49:40.8 [VVP96] Set VVP: command 'Liquid-to-Air Sens.' with setting of 0 for 96 channels.
07/01/2019 13:49:41.9 [VVP96] VVP Dispense pressure is 31 mbar.
07/01/2019 13:49:42.3 [VVP96] Dispense complete.
07/01/2019 13:49:42.9 [VVP96] Average residual volume was 0.97 ul for 96 channels at 30 mbar pressure
07/01/2019 13:49:43.1 [Lynx.Dispense(VVP96).VVP96] Dispense results: Ch:A01 8.0uL/1.0uL OK, Ch:B01 7.8uL/0.9uL OK, Ch:C01 7.9uL/0.9uL OK, Ch:D01 7.8uL/0.9uL OK, Ch:E01 7.8uL/0.9uL OK, Ch:F01 7.8uL/1.0uL OK, Ch:G01 7.7uL/0.9uL OK, Ch:H01 7.7uL/0.9uL OK, Ch:A02 7.8uL/1.0uL OK, Ch:B02 8.0uL/1.0uL OK, Ch:C02 7.9uL/1.0uL OK, Ch:D02 8.0uL/1.1uL OK, Ch:E02 7.8uL/0.9uL OK, Ch:F02 8.0uL/1.0uL OK, Ch:G02 7.8uL/0.9uL OK, Ch:H02 7.8uL/1.0uL OK, Ch:A03 8.0uL/0.9uL OK, Ch:B03 8.0uL/1.0uL OK, Ch:C03 8.0uL/0.9uL OK, Ch:D03 8.0uL/1.0uL OK, Ch:E03 7.9uL/0.9uL OK, Ch:F03 7.9uL/1.1uL OK, Ch:G03 7.8uL/0.9uL OK, Ch:H03 7.9uL/1.1uL OK, Ch:A04 7.9uL/1.0uL OK, Ch:B04 7.7uL/0.9uL OK, Ch:C04 8.0uL/1.0uL OK, Ch:D04 7.7uL/1.0uL OK, Ch:E04 8.0uL/1.0uL OK, Ch:F04 7.8uL/1.0uL OK, Ch:G04 7.9uL/1.0uL OK, Ch:H04 7.9uL/1.0uL OK, Ch:A05 7.8uL/1.0uL OK, Ch:B05 7.8uL/1.0uL OK, Ch:C05 7.9uL/1.0uL OK, Ch:D05 7.9uL/1.0uL OK, Ch:E05 7.9uL/0.9uL OK, Ch:F05 7.8uL/0.9uL OK, Ch:G05 7.9uL/1.0uL OK, Ch:H05 7.6uL/0.9uL OK, Ch:A06 7.9uL/0.9uL OK, Ch:B06 7.9uL/1.0uL OK, Ch:C06 8.0uL/1.1uL OK, Ch:D06 8.0uL/1.0uL OK, Ch:E06 7.8uL/1.0uL OK, Ch:F06 7.8uL/0.9uL OK, Ch:G06 8.0uL/1.0uL OK, Ch:H06 7.9uL/0.9uL OK, Ch:A07 7.7uL/0.9uL OK, Ch:B07 8.0uL/1.0uL OK, Ch:C07 8.0uL/0.9uL OK, Ch:D07 7.9uL/1.0uL OK, Ch:E07 8.1uL/1.0uL OK, Ch:F07 7.9uL/1.0uL OK, Ch:G07 8.1uL/1.0uL OK, Ch:H07 7.9uL/1.0uL OK, Ch:A08 8.0uL/1.0uL OK, Ch:B08 7.9uL/0.9uL OK, Ch:C08 8.0uL/1.0uL OK, Ch:D08 7.9uL/0.9uL OK, Ch:E08 7.9uL/1.0uL OK, Ch:F08 8.0uL/1.0uL OK, Ch:G08 7.8uL/1.0uL OK, Ch:H08 8.0uL/1.0uL OK, Ch:A09 7.8uL/0.9uL OK, Ch:B09 8.0uL/1.0uL OK, Ch:C09 7.8uL/0.9uL OK, Ch:D09 7.9uL/0.9uL OK, Ch:E09 7.9uL/1.0uL OK, Ch:F09 8.0uL/1.0uL OK, Ch:G09 7.9uL/1.0uL OK, Ch:H09 7.9uL/0.9uL OK, Ch:A10 8.1uL/1.0uL OK, Ch:B10 8.3uL/1.2uL OK, Ch:C10 8.0uL/1.0uL OK, Ch:D10 8.0uL/1.1uL OK, Ch:E10 8.0uL/1.0uL OK, Ch:F10 7.9uL/1.0uL OK, Ch:G10 8.0uL/1.1uL OK, Ch:H10 7.7uL/0.9uL OK, Ch:A11 7.8uL/0.9uL OK, Ch:B11 7.9uL/1.0uL OK, Ch:C11 7.8uL/0.9uL OK, Ch:D11 7.8uL/0.9uL OK, Ch:E11 7.7uL/0.9uL OK, Ch:F11 8.1uL/1.0uL OK, Ch:G11 7.8uL/1.0uL OK, Ch:H11 7.8uL/1.0uL OK, Ch:A12 8.0uL/0.9uL OK, Ch:B12 8.0uL/1.0uL OK, Ch:C12 7.8uL/1.0uL OK, Ch:D12 8.1uL/1.0uL OK, Ch:E12 7.8uL/0.9uL OK, Ch:F12 7.7uL/0.9uL OK, Ch:G12 8.0uL/1.0uL OK, Ch:H12 7.8uL/0.9uL OK
07/01/2019 13:49:43.1 [Lynx.Dispense(VVP96).VVP96] Set dispense pressure for blowout.
07/01/2019 13:49:43.2 [VVP96] Set VVP: command 'Clogging Limit' with setting of 0 for 96 channels.
07/01/2019 13:49:43.4 [VVP96] Set VVP: command 'Air-to-Liquid Sens.' with setting of 0 for 96 channels.
07/01/2019 13:49:43.6 [VVP96] Set VVP: command 'Liquid-to-Air Sens.' with setting of 0 for 96 channels.
07/01/2019 13:49:44.7 [VVP96] VVP Dispense pressure is 100 mbar.
07/01/2019 13:49:45.1 [VVP96] Dispense complete.
07/01/2019 13:49:45.7 [VVP96] Average residual volume was 3.30 ul for 96 channels at 100 mbar pressure
07/01/2019 13:49:45.9 [Lynx.Dispense(VVP96).VVP96] Blowout results: Ch:A01 8.0uL/1.0uL OK, Ch:B01 7.8uL/0.9uL OK, Ch:C01 7.9uL/0.9uL OK, Ch:D01 7.8uL/0.9uL OK, Ch:E01 7.8uL/0.9uL OK, Ch:F01 7.8uL/1.0uL OK, Ch:G01 7.7uL/0.9uL OK, Ch:H01 7.7uL/0.9uL OK, Ch:A02 7.8uL/1.0uL OK, Ch:B02 8.0uL/1.0uL OK, Ch:C02 7.9uL/1.0uL OK, Ch:D02 8.0uL/1.1uL OK, Ch:E02 7.8uL/0.9uL OK, Ch:F02 8.0uL/1.0uL OK, Ch:G02 7.8uL/0.9uL OK, Ch:H02 7.8uL/1.0uL OK, Ch:A03 8.0uL/0.9uL OK, Ch:B03 8.0uL/1.0uL OK, Ch:C03 8.0uL/0.9uL OK, Ch:D03 8.0uL/1.0uL OK, Ch:E03 7.9uL/0.9uL OK, Ch:F03 7.9uL/1.1uL OK, Ch:G03 7.8uL/0.9uL OK, Ch:H03 7.9uL/1.1uL OK, Ch:A04 7.9uL/1.0uL OK, Ch:B04 7.7uL/0.9uL OK, Ch:C04 8.0uL/1.0uL OK, Ch:D04 7.7uL/1.0uL OK, Ch:E04 8.0uL/1.0uL OK, Ch:F04 7.8uL/1.0uL OK, Ch:G04 7.9uL/1.0uL OK, Ch:H04 7.9uL/1.0uL OK, Ch:A05 7.8uL/1.0uL OK, Ch:B05 7.8uL/1.0uL OK, Ch:C05 7.9uL/1.0uL OK, Ch:D05 7.9uL/1.0uL OK, Ch:E05 7.9uL/0.9uL OK, Ch:F05 7.8uL/0.9uL OK, Ch:G05 7.9uL/1.0uL OK, Ch:H05 7.6uL/0.9uL OK, Ch:A06 7.9uL/0.9uL OK, Ch:B06 7.9uL/1.0uL OK, Ch:C06 8.0uL/1.1uL OK, Ch:D06 8.0uL/1.0uL OK, Ch:E06 7.8uL/1.0uL OK, Ch:F06 7.8uL/0.9uL OK, Ch:G06 8.0uL/1.0uL OK, Ch:H06 7.9uL/0.9uL OK, Ch:A07 7.7uL/0.9uL OK, Ch:B07 8.0uL/1.0uL OK, Ch:C07 8.0uL/0.9uL OK, Ch:D07 7.9uL/1.0uL OK, Ch:E07 8.1uL/1.0uL OK, Ch:F07 7.9uL/1.0uL OK, Ch:G07 8.1uL/1.0uL OK, Ch:H07 7.9uL/1.0uL OK, Ch:A08 8.0uL/1.0uL OK, Ch:B08 7.9uL/0.9uL OK, Ch:C08 8.0uL/1.0uL OK, Ch:D08 7.9uL/0.9uL OK, Ch:E08 7.9uL/1.0uL OK, Ch:F08 8.0uL/1.0uL OK, Ch:G08 7.8uL/1.0uL OK, Ch:H08 8.0uL/1.0uL OK, Ch:A09 7.8uL/0.9uL OK, Ch:B09 8.0uL/1.0uL OK, Ch:C09 7.8uL/0.9uL OK, Ch:D09 7.9uL/0.9uL OK, Ch:E09 7.9uL/1.0uL OK, Ch:F09 8.0uL/1.0uL OK, Ch:G09 7.9uL/1.0uL OK, Ch:H09 7.9uL/0.9uL OK, Ch:A10 8.1uL/1.0uL OK, Ch:B10 8.3uL/1.2uL OK, Ch:C10 8.0uL/1.0uL OK, Ch:D10 8.0uL/1.1uL OK, Ch:E10 8.0uL/1.0uL OK, Ch:F10 7.9uL/1.0uL OK, Ch:G10 8.0uL/1.1uL OK, Ch:H10 7.7uL/0.9uL OK, Ch:A11 7.8uL/0.9uL OK, Ch:B11 7.9uL/1.0uL OK, Ch:C11 7.8uL/0.9uL OK, Ch:D11 7.8uL/0.9uL OK, Ch:E11 7.7uL/0.9uL OK, Ch:F11 8.1uL/1.0uL OK, Ch:G11 7.8uL/1.0uL OK, Ch:H11 7.8uL/1.0uL OK, Ch:A12 8.0uL/0.9uL OK, Ch:B12 8.0uL/1.0uL OK, Ch:C12 7.8uL/1.0uL OK, Ch:D12 8.1uL/1.0uL OK, Ch:E12 7.8uL/0.9uL OK, Ch:F12 7.7uL/0.9uL OK, Ch:G12 8.0uL/1.0uL OK, Ch:H12 7.8uL/0.9uL OK
07/01/2019 13:49:48.4 [Lynx.Dispense(VVP96).VVP96] Final axis positions:'XL' -11.78 mm, 'YL' -212.51 mm, 'ZL' -2.02 mm
07/01/2019 13:49:48.5 [Lynx.Dispense(VVP96).VVP96] Time to complete: 12 s.
07/01/2019 13:49:48.5 Process 'Stamp_150ul.met'[8] 'Dispense(VVP96)' CommandCompleted
07/01/2019 13:49:48.5 Process 'Stamp_150ul.met'[9] 'Eject Tips(VVP96)' CommandStarted
07/01/2019 13:49:48.6 [Lynx.Eject Tips(VVP96).VVP96] Plate 'LXB-96-150F_01', column/row offset (0, 0), X/Y offset (0.00 mm,0.00 mm), height: 9.00 mm.
07/01/2019 13:49:48.6 [Lynx.Eject Tips(VVP96).VVP96] Current tip 'LXB-96-150F'.
07/01/2019 13:49:48.6 [Lynx.Eject Tips(VVP96).VVP96] Plate is at location 'Loc_02' (3.14 mm, -118.98 mm, -172.91 mm) with a stack index of 1.
07/01/2019 13:49:48.6 [Lynx.Eject Tips(VVP96).VVP96] Initial robot X/Y/ZStart/ZEnd coordinates: -11.24 mm, -107.74 mm, -2.00 mm, -106.91 mm, using motion profile 'Tip Eject'.
07/01/2019 13:49:48.6 [Lynx.Eject Tips(VVP96).VVP96] Initial axis positions:'XL' -11.78 mm, 'YL' -212.51 mm, 'ZL' -2.02 mm
07/01/2019 13:49:53.5 [VVP96] Tip ejection performed 2 times.
07/01/2019 13:49:54.9 [Lynx.Eject Tips(VVP96).VVP96] No current tip.
07/01/2019 13:49:55.0 [Lynx.Eject Tips(VVP96).VVP96] Time to complete: 6 s.
07/01/2019 13:49:55.0 Process 'Stamp_150ul.met'[9] 'Eject Tips(VVP96)' CommandCompleted
07/01/2019 13:49:55.0 Process 'Stamp_150ul.met'[10] 'Move To Location(VVP96)' CommandStarted
07/01/2019 13:49:55.0 [Lynx.Move To Location(VVP96).VVP96] Location 'Loc_10' with X/Y offsets 0.00 mm / 0.00 mm.
07/01/2019 13:49:55.0 [Lynx.Move To Location(VVP96).VVP96] Location coords: -145.48 mm, -327.87 mm, -174.72 mm.
07/01/2019 13:49:55.0 [Lynx.Move To Location(VVP96).VVP96] Tool X/Y location offsets: 14.38 mm, 11.24 mm.
07/01/2019 13:49:55.0 [Lynx.Move To Location(VVP96).VVP96] Initial robot X/Y/ZStart/ZEnd coordinates: -159.86 mm, -316.63 mm, -2.00 mm, -2.00 mm, using motion profile 'Fast Speed'.
07/01/2019 13:49:55.1 [Lynx.Move To Location(VVP96).VVP96] Initial axis positions:'XL' -11.28 mm, 'YL' -107.77 mm, 'ZL' -2.02 mm
07/01/2019 13:49:56.4 [Lynx.Move To Location(VVP96).VVP96] Final axis positions:'XL' -159.81 mm, 'YL' -316.61 mm, 'ZL' -2.02 mm
07/01/2019 13:49:56.4 [Lynx.Move To Location(VVP96).VVP96] Time to complete: 1 s.
07/01/2019 13:49:56.4 Process 'Stamp_150ul.met'[10] 'Move To Location(VVP96)' CommandCompleted
07/01/2019 13:49:56.5 Process 'Stamp_150ul.met' MethodCompleted
1 of 1 method(s) completed successfully.
  Concurrent method 'Main' (Main) started at 07/01/2019 13:49:00.7 and finished at 07/01/2019 13:49:56.5

07/01/2019 14:19:11.8 Process 'Stamp_150ul.met' MethodStarted
07/01/2019 14:19:11.8 Process 'Stamp_150ul.met'[0] 'Run Script' CommandStarted
07/01/2019 14:19:12.1 Process 'Stamp_150ul.met'[0] 'Run Script' CommandCompleted
07/01/2019 14:19:12.1 Process 'Stamp_150ul.met'[1] 'Load Tips(VVP96)' CommandStarted
07/01/2019 14:19:12.1 [Lynx.Load Tips(VVP96).VVP96] Plate 'LXB-96-150F_01', column/row offset (0, 0), X/Y offset (0.00 mm,0.00 mm), height: 0.00 mm.
07/01/2019 14:19:12.1 [Lynx.Load Tips(VVP96).VVP96] No current tip.
07/01/2019 14:19:12.1 [Lynx.Load Tips(VVP96).VVP96] Tip loading depth for tip type 'LXB-96-150F' is 9.4 mm.
07/01/2019 14:19:12.1 [Lynx.Load Tips(VVP96).VVP96] Plate is at location 'Loc_02' (3.14 mm, -118.98 mm, -172.91 mm) with a stack index of 1.
07/01/2019 14:19:12.1 [Lynx.Load Tips(VVP96).VVP96] Tip loading height adjustment is 0.0 mm and Z axis force limit is 30% of full power.
07/01/2019 14:19:12.1 [Lynx.Load Tips(VVP96).VVP96] Tip loading Z error limit will be 10.0 mm, XY error window will be 50.0 mm, and the XY axis holding force fraction will be 20%
07/01/2019 14:19:12.1 [Lynx.Load Tips(VVP96).VVP96] Initial robot X/Y/ZStart/ZEnd coordinates: -11.24 mm, -107.74 mm, -2.00 mm, -125.31 mm, using motion profile 'Tip Load'.
07/01/2019 14:19:12.1 [Lynx.Load Tips(VVP96).VVP96] Initial axis positions:'XL' -159.83 mm, 'YL' -316.62 mm, 'ZL' -2.02 mm
07/01/2019 14:19:14.9 [XL] Relative motor limit setting 20.0%, changing limit from 100.0% to 20.0%
07/01/2019 14:19:14.9 [YL] Relative motor limit setting 20.0%, changing limit from 70.0% to 14.0%
07/01/2019 14:19:17.5 [Lynx.Load Tips(VVP96).VVP96] Maximum recorded tip load values: Position error 0.6 mm, motor current 14.4 %
07/01/2019 14:19:17.6 [Lynx.Load Tips(VVP96).VVP96] Tip load Z-axis motion complete.
07/01/2019 14:19:17.6 [Lynx.Load Tips(VVP96).VVP96] Tip load position errors for X/Y/Z: 0.08 mm, 0.31 mm, -0.56 mm
07/01/2019 14:19:17.8 [ZL] Absolute motor limit setting 24.0%, changing limit from 30.0% to 24.0%
07/01/2019 14:19:17.9 [ZL] Absolute motor limit setting 18.0%, changing limit from 24.0% to 18.0%
07/01/2019 14:19:18.0 [ZL] Absolute motor limit setting 12.0%, changing limit from 18.0% to 12.0%
07/01/2019 14:19:18.1 [ZL] Absolute motor limit setting 6.0%, changing limit from 12.0% to 6.0%
07/01/2019 14:19:18.2 [ZL] Relative motor limit setting 100.0%, changing limit from 6.0% to 30.0%
07/01/2019 14:19:20.0 [XL] Relative motor limit setting 100.0%, changing limit from 20.0% to 100.0%
07/01/2019 14:19:20.0 [YL] Relative motor limit setting 100.0%, changing limit from 14.0% to 70.0%
07/01/2019 14:19:20.0 [Lynx.Load Tips(VVP96).VVP96] Final axis positions:'XL' -11.29 mm, 'YL' -107.78 mm, 'ZL' -2.02 mm
07/01/2019 14:19:20.0 [Lynx.Load Tips(VVP96).VVP96] Current tip 'LXB-96-150F'.
07/01/2019 14:19:20.0 [Lynx.Load Tips(VVP96).VVP96] Time to complete: 7 s.
07/01/2019 14:19:20.0 Process 'Stamp_150ul.met'[1] 'Load Tips(VVP96)' CommandCompleted
07/01/2019 14:19:20.0 Process 'Stamp_150ul.met'[2] 'Run Sub' CommandStarted
07/01/2019 14:19:20.0 SubProcess 'SubMethods\TipOn_Check_150uL.met' MethodStarted
07/01/2019 14:19:20.0 SubProcess 'SubMethods\TipOn_Check_150uL.met'[0] 'Move To Location(VVP96)' CommandStarted
07/01/2019 14:19:20.0 [Lynx.Move To Location(VVP96).VVP96] Location 'Loc_12' with X/Y offsets 0.00 mm / 0.00 mm.
07/01/2019 14:19:20.0 [Lynx.Move To Location(VVP96).VVP96] Location coords: -145.14 mm, -536.34 mm, -174.43 mm.
07/01/2019 14:19:20.0 [Lynx.Move To Location(VVP96).VVP96] Tool X/Y location offsets: 14.38 mm, 11.24 mm.
07/01/2019 14:19:20.0 [Lynx.Move To Location(VVP96).VVP96] Initial robot X/Y/ZStart/ZEnd coordinates: -159.52 mm, -525.10 mm, -2.00 mm, -2.00 mm, using motion profile 'Fast Speed'.
07/01/2019 14:19:20.0 [Lynx.Move To Location(VVP96).VVP96] Initial axis positions:'XL' -11.29 mm, 'YL' -107.78 mm, 'ZL' -2.02 mm
07/01/2019 14:19:21.8 [Lynx.Move To Location(VVP96).VVP96] Final axis positions:'XL' -159.48 mm, 'YL' -525.06 mm, 'ZL' -2.02 mm
07/01/2019 14:19:21.8 [Lynx.Move To Location(VVP96).VVP96] Time to complete: 1 s.
07/01/2019 14:19:21.8 SubProcess 'SubMethods\TipOn_Check_150uL.met'[0] 'Move To Location(VVP96)' CommandCompleted
07/01/2019 14:19:21.8 SubProcess 'SubMethods\TipOn_Check_150uL.met'[1] 'Move Axis' CommandStarted
07/01/2019 14:19:21.8 [Lynx.Move Axis] Move axes: 'ZL' to -90.00 mm
07/01/2019 14:19:23.1 [Lynx.Move Axis] Time to complete: 1 s.
07/01/2019 14:19:23.1 SubProcess 'SubMethods\TipOn_Check_150uL.met'[1] 'Move Axis' CommandCompleted
07/01/2019 14:19:23.1 SubProcess 'SubMethods\TipOn_Check_150uL.met'[2] 'Move Axis' CommandStarted
07/01/2019 14:19:23.1 [Lynx.Move Axis] Move axes: 'ZL' to -110.00 mm
07/01/2019 14:19:24.1 [Lynx.Move Axis] Time to complete: 0 s.
07/01/2019 14:19:24.2 SubProcess 'SubMethods\TipOn_Check_150uL.met'[2] 'Move Axis' CommandCompleted
07/01/2019 14:19:24.2 SubProcess 'SubMethods\TipOn_Check_150uL.met' MethodCompleted
07/01/2019 14:19:24.2 Process 'Stamp_150ul.met'[2] 'Run Sub' CommandCompleted
07/01/2019 14:19:24.2 Process 'Stamp_150ul.met'[3] 'Aspirate(VVP96)' CommandStarted
07/01/2019 14:19:24.2 [Lynx.Aspirate(VVP96).VVP96] Plate 'AutoFillTrough Copy_01', column/row offset (0, 0), X/Y offset (0.00 mm,0.00 mm), height: 0.10 mm.
07/01/2019 14:19:24.2 [Lynx.Aspirate(VVP96).VVP96] Current tip 'LXB-96-150F'.
07/01/2019 14:19:24.2 [Lynx.Aspirate(VVP96).VVP96] Plate is at location 'Loc_16' (-294.69 mm, -327.70 mm, -174.94 mm) with a stack index of 1.
07/01/2019 14:19:24.2 [Lynx.Aspirate(VVP96).VVP96] Pipette commands are from input [diluentAspData]
07/01/2019 14:19:24.2 [Lynx.Aspirate(VVP96).VVP96] VVP Pressure 'Low Volume': Pressure 30 mbar, Residual vol. 0.44 uL, Pre/Post delay 0.00/1.00
07/01/2019 14:19:24.2 [Lynx.Aspirate(VVP96).VVP96] Aspirate parameters (0): 
07/01/2019 14:19:24.2 [Lynx.Aspirate(VVP96).VVP96] Post airgap parameters (0): 
07/01/2019 14:19:24.2 [Lynx.Aspirate(VVP96).VVP96] Initial robot X/Y/ZStart/ZEnd coordinates: -308.99 mm, -316.50 mm, -112.84 mm, -112.94 mm, using motion profile 'Mid Speed'.
07/01/2019 14:19:24.3 [Lynx.Aspirate(VVP96).VVP96] Initial axis positions:'XL' -159.49 mm, 'YL' -525.06 mm, 'ZL' -110.00 mm
07/01/2019 14:19:28.8 [VVP96] Clog detection is off.
07/01/2019 14:19:28.8 [VVP96] Aspirate diagnostics are off.
07/01/2019 14:19:28.8 [Lynx.Aspirate(VVP96).VVP96] Aspirate results: 
07/01/2019 14:19:31.9 [Lynx.Aspirate(VVP96).VVP96] Final axis positions:'XL' -308.93 mm, 'YL' -316.52 mm, 'ZL' -2.02 mm
07/01/2019 14:19:32.0 [Lynx.Aspirate(VVP96).VVP96] Time to complete: 7 s.
07/01/2019 14:19:32.0 Process 'Stamp_150ul.met'[3] 'Aspirate(VVP96)' CommandCompleted
07/01/2019 14:19:32.0 Process 'Stamp_150ul.met'[4] 'Aspirate(VVP96)' CommandStarted
07/01/2019 14:19:32.0 [Lynx.Aspirate(VVP96).VVP96] Plate 'Fluidx_1mL_Tube_rack_01', column/row offset (0, 0), X/Y offset (0.00 mm,0.00 mm), height: 0.10 mm.
07/01/2019 14:19:32.0 [Lynx.Aspirate(VVP96).VVP96] Current tip 'LXB-96-150F'.
07/01/2019 14:19:32.0 [Lynx.Aspirate(VVP96).VVP96] Plate is at location 'Loc_01' (2.46 mm, -14.88 mm, -173.43 mm) with a stack index of 1.
07/01/2019 14:19:32.0 [Lynx.Aspirate(VVP96).VVP96] Pipette commands are from input [sampleAspData]
07/01/2019 14:19:32.0 [Lynx.Aspirate(VVP96).VVP96] VVP Pressure 'Low Volume': Pressure 30 mbar, Residual vol. 0.44 uL, Pre/Post delay 0.00/1.00
07/01/2019 14:19:32.0 [Lynx.Aspirate(VVP96).VVP96] Aspirate parameters (46): Ch:A01 7.0uL/0.4uL; Ch:B01 7.0uL/0.4uL; Ch:C01 7.0uL/0.4uL; Ch:D01 7.0uL/0.4uL; Ch:E01 7.0uL/0.4uL; Ch:F01 7.0uL/0.4uL; Ch:G01 7.0uL/0.4uL; Ch:H01 7.0uL/0.4uL; Ch:A02 7.0uL/0.4uL; Ch:B02 7.0uL/0.4uL; Ch:C02 7.0uL/0.4uL; Ch:D02 7.0uL/0.4uL; Ch:E02 7.0uL/0.4uL; Ch:F02 7.0uL/0.4uL; Ch:G02 7.0uL/0.4uL; Ch:H02 7.0uL/0.4uL; Ch:A03 7.0uL/0.4uL; Ch:B03 7.0uL/0.4uL; Ch:C03 7.0uL/0.4uL; Ch:D03 7.0uL/0.4uL; Ch:E03 7.0uL/0.4uL; Ch:F03 7.0uL/0.4uL; Ch:G03 7.0uL/0.4uL; Ch:H03 7.0uL/0.4uL; Ch:A04 7.0uL/0.4uL; Ch:B04 7.0uL/0.4uL; Ch:C04 7.0uL/0.4uL; Ch:D04 7.0uL/0.4uL; Ch:E04 7.0uL/0.4uL; Ch:F04 7.0uL/0.4uL; Ch:G04 7.0uL/0.4uL; Ch:H04 7.0uL/0.4uL; Ch:A05 7.0uL/0.4uL; Ch:B05 7.0uL/0.4uL; Ch:C05 7.0uL/0.4uL; Ch:D05 7.0uL/0.4uL; Ch:E05 7.0uL/0.4uL; Ch:F05 7.0uL/0.4uL; Ch:G05 7.0uL/0.4uL; Ch:H05 7.0uL/0.4uL; Ch:A06 7.0uL/0.4uL; Ch:B06 7.0uL/0.4uL; Ch:C06 7.0uL/0.4uL; Ch:D06 7.0uL/0.4uL; Ch:E06 7.0uL/0.4uL; Ch:F06 7.0uL/0.4uL
07/01/2019 14:19:32.0 [Lynx.Aspirate(VVP96).VVP96] Post airgap parameters (0): 
07/01/2019 14:19:32.0 [Lynx.Aspirate(VVP96).VVP96] Initial robot X/Y/ZStart/ZEnd coordinates: -11.92 mm, -3.64 mm, -129.33 mm, -129.43 mm, using motion profile 'Slow Speed'.
07/01/2019 14:19:32.0 [Lynx.Aspirate(VVP96).VVP96] Initial axis positions:'XL' -308.93 mm, 'YL' -316.52 mm, 'ZL' -2.02 mm
07/01/2019 14:19:39.1 [VVP96] Clog detection is off.
07/01/2019 14:19:39.1 [VVP96] Aspirate diagnostics are off.
07/01/2019 14:19:39.1 [VVP96] Set VVP: command 'Clogging Limit' with setting of 0 for 96 channels.
07/01/2019 14:19:39.4 [VVP96] Set VVP: command 'Air-to-Liquid Sens.' with setting of 0 for 96 channels.
07/01/2019 14:19:39.6 [VVP96] Set VVP: command 'Liquid-to-Air Sens.' with setting of 0 for 96 channels.
07/01/2019 14:19:40.6 [VVP96] VVP Aspirate pressure is 30 mbar.
07/01/2019 14:19:41.1 [VVP96] Aspirate complete.
07/01/2019 14:19:41.4 [VVP96] Average residual volume was 0.83 ul for 46 channels at 30 mbar pressure
07/01/2019 14:19:41.6 [Lynx.Aspirate(VVP96).VVP96] Aspirate results: Ch:A01 7.4uL/0.8uL OK, Ch:B01 7.5uL/0.9uL OK, Ch:C01 7.4uL/0.8uL OK, Ch:D01 7.4uL/0.9uL OK, Ch:E01 7.5uL/0.9uL OK, Ch:F01 7.4uL/0.8uL OK, Ch:G01 7.5uL/0.9uL OK, Ch:H01 7.4uL/0.8uL OK, Ch:A02 7.3uL/0.8uL OK, Ch:B02 7.4uL/0.8uL OK, Ch:C02 7.5uL/1.0uL OK, Ch:D02 7.4uL/0.8uL OK, Ch:E02 7.3uL/0.8uL OK, Ch:F02 7.3uL/0.8uL OK, Ch:G02 7.3uL/0.8uL OK, Ch:H02 7.4uL/0.8uL OK, Ch:A03 7.5uL/0.9uL OK, Ch:B03 7.4uL/0.9uL OK, Ch:C03 7.5uL/0.9uL OK, Ch:D03 7.3uL/0.8uL OK, Ch:E03 7.4uL/0.8uL OK, Ch:F03 7.3uL/0.8uL OK, Ch:G03 7.4uL/0.8uL OK, Ch:H03 7.3uL/0.8uL OK, Ch:A04 7.4uL/0.8uL OK, Ch:B04 7.4uL/0.8uL OK, Ch:C04 7.3uL/0.8uL OK, Ch:D04 7.4uL/0.8uL OK, Ch:E04 7.3uL/0.8uL OK, Ch:F04 7.3uL/0.7uL OK, Ch:G04 7.3uL/0.8uL OK, Ch:H04 7.3uL/0.8uL OK, Ch:A05 7.4uL/0.8uL OK, Ch:B05 7.3uL/0.8uL OK, Ch:C05 7.4uL/0.8uL OK, Ch:D05 7.3uL/0.8uL OK, Ch:E05 7.5uL/0.9uL OK, Ch:F05 7.4uL/0.9uL OK, Ch:G05 7.5uL/0.9uL OK, Ch:H05 7.4uL/0.9uL OK, Ch:A06 7.4uL/0.8uL OK, Ch:B06 7.4uL/0.9uL OK, Ch:C06 7.4uL/0.8uL OK, Ch:D06 7.3uL/0.8uL OK, Ch:E06 7.3uL/0.8uL OK, Ch:F06 7.5uL/0.9uL OK
07/01/2019 14:19:42.6 [Lynx.Aspirate(VVP96).VVP96] Final axis positions:'XL' -11.97 mm, 'YL' -3.68 mm, 'ZL' -129.33 mm
07/01/2019 14:19:42.6 [Lynx.Aspirate(VVP96).VVP96] Time to complete: 10 s.
07/01/2019 14:19:42.6 Process 'Stamp_150ul.met'[4] 'Aspirate(VVP96)' CommandCompleted
07/01/2019 14:19:42.7 Process 'Stamp_150ul.met'[7] 'Run Sub' CommandStarted
07/01/2019 14:19:42.7 SubProcess 'SubMethods\Small_TipShimmy_150uL.met' MethodStarted
07/01/2019 14:19:42.7 SubProcess 'SubMethods\Small_TipShimmy_150uL.met'[0] 'Move Axis Relative' CommandStarted
07/01/2019 14:19:42.7 [Lynx.Move Axis Relative] Move axes relative: 'ZL' by 35.00 mm
07/01/2019 14:19:43.6 [Lynx.Move Axis Relative] Time to complete: 0 s.
07/01/2019 14:19:43.6 SubProcess 'SubMethods\Small_TipShimmy_150uL.met'[0] 'Move Axis Relative' CommandCompleted
07/01/2019 14:19:43.6 SubProcess 'SubMethods\Small_TipShimmy_150uL.met'[1] 'Move Axis Relative' CommandStarted
07/01/2019 14:19:43.7 [Lynx.Move Axis Relative] Move axes relative: 'XL' by 1.45 mm
07/01/2019 14:19:44.0 [Lynx.Move Axis Relative] Time to complete: 0 s.
07/01/2019 14:19:44.0 SubProcess 'SubMethods\Small_TipShimmy_150uL.met'[1] 'Move Axis Relative' CommandCompleted
07/01/2019 14:19:44.1 SubProcess 'SubMethods\Small_TipShimmy_150uL.met'[2] 'Move Axis Relative' CommandStarted
07/01/2019 14:19:44.1 [Lynx.Move Axis Relative] Move axes relative: 'XL' by -2.90 mm
07/01/2019 14:19:44.5 [Lynx.Move Axis Relative] Time to complete: 0 s.
07/01/2019 14:19:44.5 SubProcess 'SubMethods\Small_TipShimmy_150uL.met'[2] 'Move Axis Relative' CommandCompleted
07/01/2019 14:19:44.5 SubProcess 'SubMethods\Small_TipShimmy_150uL.met'[3] 'Move Axis Relative' CommandStarted
07/01/2019 14:19:44.5 [Lynx.Move Axis Relative] Move axes relative: 'XL' by 1.45 mm
07/01/2019 14:19:44.9 [Lynx.Move Axis Relative] Time to complete: 0 s.
07/01/2019 14:19:44.9 SubProcess 'SubMethods\Small_TipShimmy_150uL.met'[3] 'Move Axis Relative' CommandCompleted
07/01/2019 14:19:44.9 SubProcess 'SubMethods\Small_TipShimmy_150uL.met' MethodCompleted
07/01/2019 14:19:45.0 Process 'Stamp_150ul.met'[7] 'Run Sub' CommandCompleted
07/01/2019 14:19:45.0 Process 'Stamp_150ul.met'[8] 'Dispense(VVP96)' CommandStarted
07/01/2019 14:19:45.0 [Lynx.Dispense(VVP96).VVP96] Plate 'Eppendorf PCR_01', column/row offset (0, 0), X/Y offset (0.00 mm,0.00 mm), height: 0.30 mm.
07/01/2019 14:19:45.0 [Lynx.Dispense(VVP96).VVP96] Current tip 'LXB-96-150F'.
07/01/2019 14:19:45.0 [Lynx.Dispense(VVP96).VVP96] Plate is at location 'Loc_03' (2.64 mm, -223.74 mm, -173.57 mm) with a stack index of 1.
07/01/2019 14:19:45.0 [Lynx.Dispense(VVP96).VVP96] VVP Pressure 'Low Volume': Pressure 30 mbar, Residual vol. 0.48 uL, Pre/Post delay 0.00/1.00
07/01/2019 14:19:45.0 [Lynx.Dispense(VVP96).VVP96] Dispense parameters (46): Ch:A01 7.4uL/0.5uL; Ch:B01 7.5uL/0.5uL; Ch:C01 7.4uL/0.5uL; Ch:D01 7.4uL/0.5uL; Ch:E01 7.5uL/0.5uL; Ch:F01 7.4uL/0.5uL; Ch:G01 7.5uL/0.5uL; Ch:H01 7.4uL/0.5uL; Ch:A02 7.3uL/0.5uL; Ch:B02 7.4uL/0.5uL; Ch:C02 7.5uL/0.5uL; Ch:D02 7.4uL/0.5uL; Ch:E02 7.3uL/0.5uL; Ch:F02 7.3uL/0.5uL; Ch:G02 7.3uL/0.5uL; Ch:H02 7.4uL/0.5uL; Ch:A03 7.5uL/0.5uL; Ch:B03 7.4uL/0.5uL; Ch:C03 7.5uL/0.5uL; Ch:D03 7.3uL/0.5uL; Ch:E03 7.4uL/0.5uL; Ch:F03 7.3uL/0.5uL; Ch:G03 7.4uL/0.5uL; Ch:H03 7.3uL/0.5uL; Ch:A04 7.4uL/0.5uL; Ch:B04 7.4uL/0.5uL; Ch:C04 7.3uL/0.5uL; Ch:D04 7.4uL/0.5uL; Ch:E04 7.3uL/0.5uL; Ch:F04 7.3uL/0.5uL; Ch:G04 7.3uL/0.5uL; Ch:H04 7.3uL/0.5uL; Ch:A05 7.4uL/0.5uL; Ch:B05 7.3uL/0.5uL; Ch:C05 7.4uL/0.5uL; Ch:D05 7.3uL/0.5uL; Ch:E05 7.5uL/0.5uL; Ch:F05 7.4uL/0.5uL; Ch:G05 7.5uL/0.5uL; Ch:H05 7.4uL/0.5uL; Ch:A06 7.4uL/0.5uL; Ch:B06 7.4uL/0.5uL; Ch:C06 7.4uL/0.5uL; Ch:D06 7.3uL/0.5uL; Ch:E06 7.3uL/0.5uL; Ch:F06 7.5uL/0.5uL
07/01/2019 14:19:45.0 [Lynx.Dispense(VVP96).VVP96] Blowout parameters (96): Ch:A01 2.0uL/0.5uL; Ch:B01 2.0uL/0.5uL; Ch:C01 2.0uL/0.5uL; Ch:D01 2.0uL/0.5uL; Ch:E01 2.0uL/0.5uL; Ch:F01 2.0uL/0.5uL; Ch:G01 2.0uL/0.5uL; Ch:H01 2.0uL/0.5uL; Ch:A02 2.0uL/0.5uL; Ch:B02 2.0uL/0.5uL; Ch:C02 2.0uL/0.5uL; Ch:D02 2.0uL/0.5uL; Ch:E02 2.0uL/0.5uL; Ch:F02 2.0uL/0.5uL; Ch:G02 2.0uL/0.5uL; Ch:H02 2.0uL/0.5uL; Ch:A03 2.0uL/0.5uL; Ch:B03 2.0uL/0.5uL; Ch:C03 2.0uL/0.5uL; Ch:D03 2.0uL/0.5uL; Ch:E03 2.0uL/0.5uL; Ch:F03 2.0uL/0.5uL; Ch:G03 2.0uL/0.5uL; Ch:H03 2.0uL/0.5uL; Ch:A04 2.0uL/0.5uL; Ch:B04 2.0uL/0.5uL; Ch:C04 2.0uL/0.5uL; Ch:D04 2.0uL/0.5uL; Ch:E04 2.0uL/0.5uL; Ch:F04 2.0uL/0.5uL; Ch:G04 2.0uL/0.5uL; Ch:H04 2.0uL/0.5uL; Ch:A05 2.0uL/0.5uL; Ch:B05 2.0uL/0.5uL; Ch:C05 2.0uL/0.5uL; Ch:D05 2.0uL/0.5uL; Ch:E05 2.0uL/0.5uL; Ch:F05 2.0uL/0.5uL; Ch:G05 2.0uL/0.5uL; Ch:H05 2.0uL/0.5uL; Ch:A06 2.0uL/0.5uL; Ch:B06 2.0uL/0.5uL; Ch:C06 2.0uL/0.5uL; Ch:D06 2.0uL/0.5uL; Ch:E06 2.0uL/0.5uL; Ch:F06 2.0uL/0.5uL; Ch:G06 2.0uL/0.5uL; Ch:H06 2.0uL/0.5uL; Ch:A07 2.0uL/0.5uL; Ch:B07 2.0uL/0.5uL; Ch:C07 2.0uL/0.5uL; Ch:D07 2.0uL/0.5uL; Ch:E07 2.0uL/0.5uL; Ch:F07 2.0uL/0.5uL; Ch:G07 2.0uL/0.5uL; Ch:H07 2.0uL/0.5uL; Ch:A08 2.0uL/0.5uL; Ch:B08 2.0uL/0.5uL; Ch:C08 2.0uL/0.5uL; Ch:D08 2.0uL/0.5uL; Ch:E08 2.0uL/0.5uL; Ch:F08 2.0uL/0.5uL; Ch:G08 2.0uL/0.5uL; Ch:H08 2.0uL/0.5uL; Ch:A09 2.0uL/0.5uL; Ch:B09 2.0uL/0.5uL; Ch:C09 2.0uL/0.5uL; Ch:D09 2.0uL/0.5uL; Ch:E09 2.0uL/0.5uL; Ch:F09 2.0uL/0.5uL; Ch:G09 2.0uL/0.5uL; Ch:H09 2.0uL/0.5uL; Ch:A10 2.0uL/0.5uL; Ch:B10 2.0uL/0.5uL; Ch:C10 2.0uL/0.5uL; Ch:D10 2.0uL/0.5uL; Ch:E10 2.0uL/0.5uL; Ch:F10 2.0uL/0.5uL; Ch:G10 2.0uL/0.5uL; Ch:H10 2.0uL/0.5uL; Ch:A11 2.0uL/0.5uL; Ch:B11 2.0uL/0.5uL; Ch:C11 2.0uL/0.5uL; Ch:D11 2.0uL/0.5uL; Ch:E11 2.0uL/0.5uL; Ch:F11 2.0uL/0.5uL; Ch:G11 2.0uL/0.5uL; Ch:H11 2.0uL/0.5uL; Ch:A12 2.0uL/0.5uL; Ch:B12 2.0uL/0.5uL; Ch:C12 2.0uL/0.5uL; Ch:D12 2.0uL/0.5uL; Ch:E12 2.0uL/0.5uL; Ch:F12 2.0uL/0.5uL; Ch:G12 2.0uL/0.5uL; Ch:H12 2.0uL/0.5uL
07/01/2019 14:19:45.0 [Lynx.Dispense(VVP96).VVP96] Post airgap parameters (0): 
07/01/2019 14:19:45.0 [Lynx.Dispense(VVP96).VVP96] Initial robot X/Y/ZStart/ZEnd coordinates: -11.74 mm, -212.50 mm, -130.38 mm, -130.68 mm, using motion profile 'Fast Speed'.
07/01/2019 14:19:45.0 [Lynx.Dispense(VVP96).VVP96] Initial axis positions:'XL' -12.08 mm, 'YL' -3.68 mm, 'ZL' -94.34 mm
07/01/2019 14:19:49.3 [VVP96] Set VVP: command 'Clogging Limit' with setting of 0 for 96 channels.
07/01/2019 14:19:49.5 [VVP96] Set VVP: command 'Air-to-Liquid Sens.' with setting of 0 for 96 channels.
07/01/2019 14:19:49.8 [VVP96] Set VVP: command 'Liquid-to-Air Sens.' with setting of 0 for 96 channels.
07/01/2019 14:19:51.1 [VVP96] VVP Dispense pressure is 30 mbar.
07/01/2019 14:19:51.5 [VVP96] Dispense complete.
07/01/2019 14:19:51.8 [VVP96] Average residual volume was 0.96 ul for 46 channels at 30 mbar pressure
07/01/2019 14:19:52.0 [Lynx.Dispense(VVP96).VVP96] Dispense results: Ch:A01 8.0uL/1.0uL OK, Ch:B01 8.0uL/0.9uL OK, Ch:C01 7.8uL/0.9uL OK, Ch:D01 7.8uL/0.9uL OK, Ch:E01 8.1uL/1.0uL OK, Ch:F01 8.0uL/1.0uL OK, Ch:G01 7.9uL/0.9uL OK, Ch:H01 7.8uL/0.9uL OK, Ch:A02 7.9uL/1.0uL OK, Ch:B02 7.9uL/1.0uL OK, Ch:C02 8.0uL/1.0uL OK, Ch:D02 7.9uL/1.0uL OK, Ch:E02 7.8uL/0.9uL OK, Ch:F02 7.8uL/1.0uL OK, Ch:G02 7.7uL/0.9uL OK, Ch:H02 7.8uL/0.9uL OK, Ch:A03 8.0uL/1.0uL OK, Ch:B03 8.0uL/1.0uL OK, Ch:C03 8.0uL/0.9uL OK, Ch:D03 7.9uL/1.0uL OK, Ch:E03 7.8uL/0.9uL OK, Ch:F03 7.8uL/1.0uL OK, Ch:G03 7.9uL/0.9uL OK, Ch:H03 7.8uL/1.0uL OK, Ch:A04 8.0uL/1.1uL OK, Ch:B04 7.9uL/1.0uL OK, Ch:C04 7.7uL/0.9uL OK, Ch:D04 7.8uL/0.9uL OK, Ch:E04 7.8uL/1.0uL OK, Ch:F04 7.8uL/0.9uL OK, Ch:G04 7.9uL/1.0uL OK, Ch:H04 7.9uL/1.0uL OK, Ch:A05 8.0uL/1.0uL OK, Ch:B05 7.8uL/1.0uL OK, Ch:C05 7.8uL/0.9uL OK, Ch:D05 7.8uL/0.9uL OK, Ch:E05 7.9uL/0.9uL OK, Ch:F05 8.0uL/1.0uL OK, Ch:G05 8.0uL/1.0uL OK, Ch:H05 7.9uL/0.9uL OK, Ch:A06 7.8uL/0.9uL OK, Ch:B06 7.9uL/0.9uL OK, Ch:C06 7.9uL/1.0uL OK, Ch:D06 8.0uL/1.1uL OK, Ch:E06 8.0uL/1.1uL OK, Ch:F06 8.0uL/1.0uL OK
07/01/2019 14:19:52.0 [Lynx.Dispense(VVP96).VVP96] Set dispense pressure for blowout.
07/01/2019 14:19:52.1 [VVP96] Set VVP: command 'Clogging Limit' with setting of 0 for 96 channels.
07/01/2019 14:19:52.3 [VVP96] Set VVP: command 'Air-to-Liquid Sens.' with setting of 0 for 96 channels.
07/01/2019 14:19:52.5 [VVP96] Set VVP: command 'Liquid-to-Air Sens.' with setting of 0 for 96 channels.
07/01/2019 14:19:53.6 [VVP96] VVP Dispense pressure is 98 mbar.
07/01/2019 14:19:54.1 [VVP96] Dispense complete.
07/01/2019 14:19:54.9 [VVP96] Average residual volume was 3.31 ul for 96 channels at 100 mbar pressure
07/01/2019 14:19:55.1 [Lynx.Dispense(VVP96).VVP96] Blowout results: Ch:A01 8.0uL/1.0uL OK, Ch:B01 8.0uL/0.9uL OK, Ch:C01 7.8uL/0.9uL OK, Ch:D01 7.8uL/0.9uL OK, Ch:E01 8.1uL/1.0uL OK, Ch:F01 8.0uL/1.0uL OK, Ch:G01 7.9uL/0.9uL OK, Ch:H01 7.8uL/0.9uL OK, Ch:A02 7.9uL/1.0uL OK, Ch:B02 7.9uL/1.0uL OK, Ch:C02 8.0uL/1.0uL OK, Ch:D02 7.9uL/1.0uL OK, Ch:E02 7.8uL/0.9uL OK, Ch:F02 7.8uL/1.0uL OK, Ch:G02 7.7uL/0.9uL OK, Ch:H02 7.8uL/0.9uL OK, Ch:A03 8.0uL/1.0uL OK, Ch:B03 8.0uL/1.0uL OK, Ch:C03 8.0uL/0.9uL OK, Ch:D03 7.9uL/1.0uL OK, Ch:E03 7.8uL/0.9uL OK, Ch:F03 7.8uL/1.0uL OK, Ch:G03 7.9uL/0.9uL OK, Ch:H03 7.8uL/1.0uL OK, Ch:A04 8.0uL/1.1uL OK, Ch:B04 7.9uL/1.0uL OK, Ch:C04 7.7uL/0.9uL OK, Ch:D04 7.8uL/0.9uL OK, Ch:E04 7.8uL/1.0uL OK, Ch:F04 7.8uL/0.9uL OK, Ch:G04 7.9uL/1.0uL OK, Ch:H04 7.9uL/1.0uL OK, Ch:A05 8.0uL/1.0uL OK, Ch:B05 7.8uL/1.0uL OK, Ch:C05 7.8uL/0.9uL OK, Ch:D05 7.8uL/0.9uL OK, Ch:E05 7.9uL/0.9uL OK, Ch:F05 8.0uL/1.0uL OK, Ch:G05 8.0uL/1.0uL OK, Ch:H05 7.9uL/0.9uL OK, Ch:A06 7.8uL/0.9uL OK, Ch:B06 7.9uL/0.9uL OK, Ch:C06 7.9uL/1.0uL OK, Ch:D06 8.0uL/1.1uL OK, Ch:E06 8.0uL/1.1uL OK, Ch:F06 8.0uL/1.0uL OK
07/01/2019 14:19:57.7 [Lynx.Dispense(VVP96).VVP96] Final axis positions:'XL' -11.78 mm, 'YL' -212.51 mm, 'ZL' -2.02 mm
07/01/2019 14:19:57.7 [Lynx.Dispense(VVP96).VVP96] Time to complete: 12 s.
07/01/2019 14:19:57.7 Process 'Stamp_150ul.met'[8] 'Dispense(VVP96)' CommandCompleted
07/01/2019 14:19:57.7 Process 'Stamp_150ul.met'[9] 'Eject Tips(VVP96)' CommandStarted
07/01/2019 14:19:57.8 [Lynx.Eject Tips(VVP96).VVP96] Plate 'LXB-96-150F_01', column/row offset (0, 0), X/Y offset (0.00 mm,0.00 mm), height: 9.00 mm.
07/01/2019 14:19:57.8 [Lynx.Eject Tips(VVP96).VVP96] Current tip 'LXB-96-150F'.
07/01/2019 14:19:57.8 [Lynx.Eject Tips(VVP96).VVP96] Plate is at location 'Loc_02' (3.14 mm, -118.98 mm, -172.91 mm) with a stack index of 1.
07/01/2019 14:19:57.8 [Lynx.Eject Tips(VVP96).VVP96] Initial robot X/Y/ZStart/ZEnd coordinates: -11.24 mm, -107.74 mm, -2.00 mm, -106.91 mm, using motion profile 'Tip Eject'.
07/01/2019 14:19:57.8 [Lynx.Eject Tips(VVP96).VVP96] Initial axis positions:'XL' -11.78 mm, 'YL' -212.51 mm, 'ZL' -2.02 mm
07/01/2019 14:20:02.7 [VVP96] Tip ejection performed 2 times.
07/01/2019 14:20:04.1 [Lynx.Eject Tips(VVP96).VVP96] No current tip.
07/01/2019 14:20:04.2 [Lynx.Eject Tips(VVP96).VVP96] Time to complete: 6 s.
07/01/2019 14:20:04.2 Process 'Stamp_150ul.met'[9] 'Eject Tips(VVP96)' CommandCompleted
07/01/2019 14:20:04.2 Process 'Stamp_150ul.met'[10] 'Move To Location(VVP96)' CommandStarted
07/01/2019 14:20:04.3 [Lynx.Move To Location(VVP96).VVP96] Location 'Loc_10' with X/Y offsets 0.00 mm / 0.00 mm.
07/01/2019 14:20:04.3 [Lynx.Move To Location(VVP96).VVP96] Location coords: -145.48 mm, -327.87 mm, -174.72 mm.
07/01/2019 14:20:04.3 [Lynx.Move To Location(VVP96).VVP96] Tool X/Y location offsets: 14.38 mm, 11.24 mm.
07/01/2019 14:20:04.3 [Lynx.Move To Location(VVP96).VVP96] Initial robot X/Y/ZStart/ZEnd coordinates: -159.86 mm, -316.63 mm, -2.00 mm, -2.00 mm, using motion profile 'Fast Speed'.
07/01/2019 14:20:04.3 [Lynx.Move To Location(VVP96).VVP96] Initial axis positions:'XL' -11.28 mm, 'YL' -107.77 mm, 'ZL' -2.02 mm
07/01/2019 14:20:05.6 [Lynx.Move To Location(VVP96).VVP96] Final axis positions:'XL' -159.81 mm, 'YL' -316.61 mm, 'ZL' -2.02 mm
07/01/2019 14:20:05.6 [Lynx.Move To Location(VVP96).VVP96] Time to complete: 1 s.
07/01/2019 14:20:05.7 Process 'Stamp_150ul.met'[10] 'Move To Location(VVP96)' CommandCompleted
07/01/2019 14:20:05.7 Process 'Stamp_150ul.met' MethodCompleted
1 of 1 method(s) completed successfully.
  Concurrent method 'Main' (Main) started at 07/01/2019 14:19:11.8 and finished at 07/01/2019 14:20:05.7

07/01/2019 16:42:32.2 [XL] Closing component connections for Warp 'XL'.
07/01/2019 16:42:32.2 [YL] Closing component connections for Warp 'YL'.
07/01/2019 16:42:32.2 [ZL] Closing component connections for Warp 'ZL'.
07/01/2019 16:42:32.3 [BarCodeZAxis] Closing component connections for Warp 'BarCodeZAxis'.
07/01/2019 16:42:32.9 [Lynx] 
