Workspace 'LM703' modules...
  MethodManagerV4   1.4.6666.27655
  MMCoreDevice   1.4.6666.27650
  MMLiquidHandler   1.4.6666.26302
  Warp3   2.0.6591.13866
  MMVVP   1.4.6666.26303
  MMIOLightTower   1.4.6666.26303
  MMHeadGripper   1.3.6591.14013
The pipette tool 'VVP96' has mandrel type 'MLV' and can load the following tip types:
   Tip type 'LXB-96-150F', loading depth 9.4 mm, Id: baf0d489-a29c-4899-844e-44fbdc6c2c49.
   Tip type 'LXB-96-200NF', loading depth 9.4 mm, Id: 095daefc-e866-4d91-906f-cc7e17eaf3f6.
   Tip type 'LXB-96-300F', loading depth 10.4 mm, Id: d2f37554-e0d6-41ea-8f3d-101c68af7e40.
   Tip type 'LXB-96-300NF', loading depth 10.4 mm, Id: 423ec1e5-0ccf-4946-a441-905f3c9e1fd9.
   Tip type 'LXB-96-950F', loading depth 28.6 mm, Id: 497625a6-73fc-4433-95df-636ceecdc818.
   Tip type 'LXB-96-950F-WB', loading depth 28.6 mm, Id: ca3988bc-a34d-4ad7-ba77-93a37e8cba6d.
   Tip type 'LXB-96-1250NF', loading depth 28.6 mm, Id: 13ba07a3-d5cb-4a96-9ab8-1d418fc383d6.
08/22/2018 18:08:50.4 The remote server is not configured: 
08/22/2018 18:09:07.2 [ZL] Instruction Error Status: None
08/22/2018 18:09:07.2 [ZL] Warp3 core version: 99103v1.0 (will support I/O).
08/22/2018 18:09:07.2 [ZL] Configured as an enhanced Warp3 with I/O.
08/22/2018 18:09:07.3 [ZL]   Inputs: False False False False False 
08/22/2018 18:09:07.3 [ZL] Current IP communications rate is 10 mb.
08/22/2018 18:09:07.3 [ZL] IP communications speed is currently set to 10 Mbps.
08/22/2018 18:09:07.4 [ZL] Phase correction: disabled, prescale: 0, phase counts: 2000
08/22/2018 18:09:07.4 [ZL] SetCurrentFoldbackAmps(8, 20) will set 17440 , 216
08/22/2018 18:09:07.5 [ZL] Configuration parameters loaded from 'C:\MethodManager4\Workspaces\LM703\Configuration\Z Axis.xml'. HomeVelocity 20 mm/s, CountsPerMM 2571 cts/mm.
08/22/2018 18:09:07.6 [ZL] Start Hall-based phase initialization.
08/22/2018 18:09:07.6 [ZL] Phases initialized.
08/22/2018 18:09:07.8 [BarCodeZAxis] Instruction Error Status: None
08/22/2018 18:09:07.9 [BarCodeZAxis] Warp3 core version: 99103v1.0 (will support I/O).
08/22/2018 18:09:07.9 [BarCodeZAxis] Configured as an enhanced Warp3 with I/O.
08/22/2018 18:09:07.9 [BarCodeZAxis]   Inputs: False False False False False 
08/22/2018 18:09:07.9 [BarCodeZAxis] Current IP communications rate is 10 mb.
08/22/2018 18:09:07.9 [BarCodeZAxis] IP communications speed is currently set to 10 Mbps.
08/22/2018 18:09:08.0 [BarCodeZAxis] Relative motor limit setting 100.0%, changing limit from 100.0% to 10.0%
08/22/2018 18:09:08.0 [BarCodeZAxis] Phase correction: disabled, prescale: 0, phase counts: 2000
08/22/2018 18:09:08.1 [BarCodeZAxis] SetCurrentFoldbackAmps(2, 5) will set 4360 , 54
08/22/2018 18:09:08.1 [BarCodeZAxis] Configuration parameters loaded from 'C:\MethodManager4\Workspaces\LM703\Configuration\BarCode Z.xml'. HomeVelocity 20 mm/s, CountsPerMM 5538 cts/mm.
08/22/2018 18:09:08.2 [BarCodeZAxis] Start Hall-based phase initialization.
08/22/2018 18:09:08.2 [BarCodeZAxis] Phases initialized.
08/22/2018 18:09:08.3 [YL] Instruction Error Status: None
08/22/2018 18:09:08.3 [YL] Warp3 core version: 99103v1.0 (will support I/O).
08/22/2018 18:09:08.3 [YL] Configured as an enhanced Warp3 with I/O.
08/22/2018 18:09:08.3 [YL]   Inputs: False False False False False 
08/22/2018 18:09:08.3 [YL] Current IP communications rate is 10 mb.
08/22/2018 18:09:08.3 [YL] IP communications speed is currently set to 10 Mbps.
08/22/2018 18:09:08.4 [YL] Phase correction: disabled, prescale: 1, phase counts: 1905
08/22/2018 18:09:08.5 [YL] SetCurrentFoldbackAmps(6, 100) will set 13080 , 1083
08/22/2018 18:09:08.5 [YL] Configuration parameters loaded from 'C:\MethodManager4\Workspaces\LM703\Configuration\Y Axis.xml'. HomeVelocity 20 mm/s, CountsPerMM 2000 cts/mm.
08/22/2018 18:09:08.6 [YL] Start Hall-based phase initialization.
08/22/2018 18:09:08.6 [YL] Phases initialized.
08/22/2018 18:09:08.7 [XL] Instruction Error Status: None
08/22/2018 18:09:08.7 [XL] Warp3 core version: 99103v1.0 (will support I/O).
08/22/2018 18:09:08.7 [XL] Configured as an enhanced Warp3 with I/O.
08/22/2018 18:09:08.7 [XL]   Inputs: False False False False False 
08/22/2018 18:09:08.8 [XL] Current IP communications rate is 10 mb.
08/22/2018 18:09:08.8 [XL] IP communications speed is currently set to 10 Mbps.
08/22/2018 18:09:08.9 [XL] Phase correction: disabled, prescale: 1, phase counts: 1905
08/22/2018 18:09:08.9 [XL] SetCurrentFoldbackAmps(6, 100) will set 13080 , 1083
08/22/2018 18:09:09.0 [XL] Configuration parameters loaded from 'C:\MethodManager4\Workspaces\LM703\Configuration\X Axis.xml'. HomeVelocity 20 mm/s, CountsPerMM 2000 cts/mm.
08/22/2018 18:09:09.1 [XL] Start Hall-based phase initialization.
08/22/2018 18:09:09.2 [XL] Phases initialized.
08/22/2018 18:09:12.2 [VVP96] Get VVP: command 'Aspirate Diagnostics' from 96 channels.
08/22/2018 18:09:12.5 [ZL] Move to Positive limit. Velocity 20 mm/s, accel 40 mm/s2, decel 200 mm/s2, timeout 60 s.
08/22/2018 18:09:12.9 [ZL] Reached limit successfully.
08/22/2018 18:09:12.9 [ZL] Attempting to back off Positive limit.
08/22/2018 18:09:13.4 [ZL] Move off limit completion: Successful (OKReady).
08/22/2018 18:09:13.4 [ZL] Move to limit finished.
08/22/2018 18:09:13.5 [ZL] Establishing new 0 position for the old position 0.00 mm.
08/22/2018 18:09:13.5 [ZL] Timestamp of last successful home: 8/22/2018 6:09:13 PM
08/22/2018 18:09:13.7 [BarCodeZAxis] Move to Negative limit. Velocity 20 mm/s, accel 200 mm/s2, decel 350 mm/s2, timeout 60 s.
08/22/2018 18:09:14.2 [BarCodeZAxis] Reached limit successfully.
08/22/2018 18:09:14.2 [BarCodeZAxis] Attempting to back off Negative limit.
08/22/2018 18:09:14.6 [BarCodeZAxis] Move off limit completion: Successful (OKReady).
08/22/2018 18:09:14.7 [BarCodeZAxis] Move to limit finished.
08/22/2018 18:09:14.7 [BarCodeZAxis] Establishing new 0 position for the old position -0.01 mm.
08/22/2018 18:09:14.8 [BarCodeZAxis] Timestamp of last successful home: 8/22/2018 6:09:14 PM
08/22/2018 18:09:18.9 [YL] Move to Positive limit. Velocity 20 mm/s, accel 200 mm/s2, decel 1000 mm/s2, timeout 60 s.
08/22/2018 18:09:19.3 [YL] Reached limit successfully.
08/22/2018 18:09:19.3 [YL] Attempting to back off Positive limit.
08/22/2018 18:09:19.8 [YL] Move off limit completion: Failed (OKReady).
08/22/2018 18:09:19.8 [YL] Failed to find Positive limit: OKReady.
08/22/2018 18:09:19.9 [YL] Failed to home axis 'YL'.
08/22/2018 18:09:28.4 [ZL] Closing component connections for Warp 'ZL'.
08/22/2018 18:09:28.9 [ZL] Instruction Error Status: None
08/22/2018 18:09:29.0 [ZL] Warp3 core version: 99103v1.0 (will support I/O).
08/22/2018 18:09:29.0 [ZL] Configured as an enhanced Warp3 with I/O.
08/22/2018 18:09:29.0 [ZL]   Inputs: False False False False False 
08/22/2018 18:09:29.0 [ZL] Current IP communications rate is 10 mb.
08/22/2018 18:09:29.0 [ZL] IP communications speed is currently set to 10 Mbps.
08/22/2018 18:09:29.1 [ZL] Phase correction: disabled, prescale: 0, phase counts: 2000
08/22/2018 18:09:29.2 [ZL] SetCurrentFoldbackAmps(8, 20) will set 17440 , 216
08/22/2018 18:09:29.2 [ZL] Configuration parameters loaded from 'C:\MethodManager4\Workspaces\LM703\Configuration\Z Axis.xml'. HomeVelocity 20 mm/s, CountsPerMM 2571 cts/mm.
08/22/2018 18:09:29.4 [ZL] Start Hall-based phase initialization.
08/22/2018 18:09:29.4 [ZL] Phases initialized.
08/22/2018 18:09:29.4 [BarCodeZAxis] Closing component connections for Warp 'BarCodeZAxis'.
08/22/2018 18:09:29.9 [BarCodeZAxis] Instruction Error Status: None
08/22/2018 18:09:29.9 [BarCodeZAxis] Warp3 core version: 99103v1.0 (will support I/O).
08/22/2018 18:09:30.0 [BarCodeZAxis] Configured as an enhanced Warp3 with I/O.
08/22/2018 18:09:30.0 [BarCodeZAxis]   Inputs: False True False False False 
08/22/2018 18:09:30.0 [BarCodeZAxis] Current IP communications rate is 10 mb.
08/22/2018 18:09:30.0 [BarCodeZAxis] IP communications speed is currently set to 10 Mbps.
08/22/2018 18:09:30.1 [BarCodeZAxis] Phase correction: disabled, prescale: 0, phase counts: 2000
08/22/2018 18:09:30.2 [BarCodeZAxis] SetCurrentFoldbackAmps(2, 5) will set 4360 , 54
08/22/2018 18:09:30.2 [BarCodeZAxis] Configuration parameters loaded from 'C:\MethodManager4\Workspaces\LM703\Configuration\BarCode Z.xml'. HomeVelocity 20 mm/s, CountsPerMM 5538 cts/mm.
08/22/2018 18:09:30.4 [BarCodeZAxis] Start Hall-based phase initialization.
08/22/2018 18:09:30.4 [BarCodeZAxis] Phases initialized.
08/22/2018 18:09:30.4 [YL] Closing component connections for Warp 'YL'.
08/22/2018 18:09:31.0 [YL] Instruction Error Status: None
08/22/2018 18:09:31.0 [YL] Warp3 core version: 99103v1.0 (will support I/O).
08/22/2018 18:09:31.0 [YL] Configured as an enhanced Warp3 with I/O.
08/22/2018 18:09:31.0 [YL]   Inputs: False False False False False 
08/22/2018 18:09:31.0 [YL] Current IP communications rate is 10 mb.
08/22/2018 18:09:31.1 [YL] IP communications speed is currently set to 10 Mbps.
08/22/2018 18:09:31.2 [YL] Phase correction: disabled, prescale: 1, phase counts: 1905
08/22/2018 18:09:31.2 [YL] SetCurrentFoldbackAmps(6, 100) will set 13080 , 1083
08/22/2018 18:09:31.2 [YL] Configuration parameters loaded from 'C:\MethodManager4\Workspaces\LM703\Configuration\Y Axis.xml'. HomeVelocity 20 mm/s, CountsPerMM 2000 cts/mm.
08/22/2018 18:09:31.4 [YL] Start Hall-based phase initialization.
08/22/2018 18:09:31.4 [YL] Phases initialized.
08/22/2018 18:09:31.4 [XL] Closing component connections for Warp 'XL'.
08/22/2018 18:09:32.0 [XL] Instruction Error Status: None
08/22/2018 18:09:32.0 [XL] Warp3 core version: 99103v1.0 (will support I/O).
08/22/2018 18:09:32.0 [XL] Configured as an enhanced Warp3 with I/O.
08/22/2018 18:09:32.0 [XL]   Inputs: False False False False False 
08/22/2018 18:09:32.1 [XL] Current IP communications rate is 10 mb.
08/22/2018 18:09:32.1 [XL] IP communications speed is currently set to 10 Mbps.
08/22/2018 18:09:32.2 [XL] Phase correction: disabled, prescale: 1, phase counts: 1905
08/22/2018 18:09:32.2 [XL] SetCurrentFoldbackAmps(6, 100) will set 13080 , 1083
08/22/2018 18:09:32.2 [XL] Configuration parameters loaded from 'C:\MethodManager4\Workspaces\LM703\Configuration\X Axis.xml'. HomeVelocity 20 mm/s, CountsPerMM 2000 cts/mm.
08/22/2018 18:09:32.4 [XL] Start Hall-based phase initialization.
08/22/2018 18:09:32.4 [XL] Phases initialized.
08/22/2018 18:09:34.5 [VVP96] Get VVP: command 'Aspirate Diagnostics' from 96 channels.
08/22/2018 18:09:34.7 [ZL] Move to Positive limit. Velocity 20 mm/s, accel 40 mm/s2, decel 200 mm/s2, timeout 60 s.
08/22/2018 18:09:35.1 [ZL] Reached limit successfully.
08/22/2018 18:09:35.1 [ZL] Attempting to back off Positive limit.
08/22/2018 18:09:35.6 [ZL] Move off limit completion: Successful (OKReady).
08/22/2018 18:09:35.7 [ZL] Move to limit finished.
08/22/2018 18:09:35.7 [ZL] Establishing new 0 position for the old position 0.00 mm.
08/22/2018 18:09:35.8 [ZL] Timestamp of last successful home: 8/22/2018 6:09:35 PM
08/22/2018 18:09:36.0 [BarCodeZAxis] Move to Negative limit. Velocity 20 mm/s, accel 200 mm/s2, decel 350 mm/s2, timeout 60 s.
08/22/2018 18:09:36.4 [BarCodeZAxis] Reached limit successfully.
08/22/2018 18:09:36.4 [BarCodeZAxis] Attempting to back off Negative limit.
08/22/2018 18:09:36.9 [BarCodeZAxis] Move off limit completion: Successful (OKReady).
08/22/2018 18:09:36.9 [BarCodeZAxis] Move to limit finished.
08/22/2018 18:09:37.0 [BarCodeZAxis] Establishing new 0 position for the old position 0.00 mm.
08/22/2018 18:09:37.1 [BarCodeZAxis] Timestamp of last successful home: 8/22/2018 6:09:37 PM
08/22/2018 18:09:41.1 [YL] Move to Positive limit. Velocity 20 mm/s, accel 200 mm/s2, decel 1000 mm/s2, timeout 60 s.
08/22/2018 18:09:41.6 [YL] Reached limit successfully.
08/22/2018 18:09:41.6 [YL] Attempting to back off Positive limit.
08/22/2018 18:09:42.1 [YL] Move off limit completion: Failed (OKReady).
08/22/2018 18:09:42.1 [YL] Failed to find Positive limit: OKReady.
08/22/2018 18:09:42.2 [YL] Failed to home axis 'YL'.
08/22/2018 18:09:53.7 [ZL] Closing component connections for Warp 'ZL'.
08/22/2018 18:09:54.2 [ZL] Instruction Error Status: None
08/22/2018 18:09:54.2 [ZL] Warp3 core version: 99103v1.0 (will support I/O).
08/22/2018 18:09:54.3 [ZL] Configured as an enhanced Warp3 with I/O.
08/22/2018 18:09:54.3 [ZL]   Inputs: False False False False False 
08/22/2018 18:09:54.3 [ZL] Current IP communications rate is 10 mb.
08/22/2018 18:09:54.3 [ZL] IP communications speed is currently set to 10 Mbps.
08/22/2018 18:09:54.4 [ZL] Phase correction: disabled, prescale: 0, phase counts: 2000
08/22/2018 18:09:54.5 [ZL] SetCurrentFoldbackAmps(8, 20) will set 17440 , 216
08/22/2018 18:09:54.5 [ZL] Configuration parameters loaded from 'C:\MethodManager4\Workspaces\LM703\Configuration\Z Axis.xml'. HomeVelocity 20 mm/s, CountsPerMM 2571 cts/mm.
08/22/2018 18:09:54.6 [ZL] Start Hall-based phase initialization.
08/22/2018 18:09:54.7 [ZL] Phases initialized.
08/22/2018 18:09:54.7 [BarCodeZAxis] Closing component connections for Warp 'BarCodeZAxis'.
08/22/2018 18:09:55.2 [BarCodeZAxis] Instruction Error Status: None
08/22/2018 18:09:55.2 [BarCodeZAxis] Warp3 core version: 99103v1.0 (will support I/O).
08/22/2018 18:09:55.3 [BarCodeZAxis] Configured as an enhanced Warp3 with I/O.
08/22/2018 18:09:55.3 [BarCodeZAxis]   Inputs: False True False False False 
08/22/2018 18:09:55.3 [BarCodeZAxis] Current IP communications rate is 10 mb.
08/22/2018 18:09:55.3 [BarCodeZAxis] IP communications speed is currently set to 10 Mbps.
08/22/2018 18:09:55.4 [BarCodeZAxis] Phase correction: disabled, prescale: 0, phase counts: 2000
08/22/2018 18:09:55.5 [BarCodeZAxis] SetCurrentFoldbackAmps(2, 5) will set 4360 , 54
08/22/2018 18:09:55.5 [BarCodeZAxis] Configuration parameters loaded from 'C:\MethodManager4\Workspaces\LM703\Configuration\BarCode Z.xml'. HomeVelocity 20 mm/s, CountsPerMM 5538 cts/mm.
08/22/2018 18:09:55.7 [BarCodeZAxis] Start Hall-based phase initialization.
08/22/2018 18:09:55.7 [BarCodeZAxis] Phases initialized.
08/22/2018 18:09:55.7 [YL] Closing component connections for Warp 'YL'.
08/22/2018 18:09:56.3 [YL] Instruction Error Status: None
08/22/2018 18:09:56.3 [YL] Warp3 core version: 99103v1.0 (will support I/O).
08/22/2018 18:09:56.3 [YL] Configured as an enhanced Warp3 with I/O.
08/22/2018 18:09:56.3 [YL]   Inputs: False False False False False 
08/22/2018 18:09:56.4 [YL] Current IP communications rate is 10 mb.
08/22/2018 18:09:56.4 [YL] IP communications speed is currently set to 10 Mbps.
08/22/2018 18:09:56.5 [YL] Phase correction: disabled, prescale: 1, phase counts: 1905
08/22/2018 18:09:56.5 [YL] SetCurrentFoldbackAmps(6, 100) will set 13080 , 1083
08/22/2018 18:09:56.5 [YL] Configuration parameters loaded from 'C:\MethodManager4\Workspaces\LM703\Configuration\Y Axis.xml'. HomeVelocity 20 mm/s, CountsPerMM 2000 cts/mm.
08/22/2018 18:09:56.7 [YL] Start Hall-based phase initialization.
08/22/2018 18:09:56.7 [YL] Phases initialized.
08/22/2018 18:09:56.8 [XL] Closing component connections for Warp 'XL'.
08/22/2018 18:09:57.3 [XL] Instruction Error Status: None
08/22/2018 18:09:57.3 [XL] Warp3 core version: 99103v1.0 (will support I/O).
08/22/2018 18:09:57.3 [XL] Configured as an enhanced Warp3 with I/O.
08/22/2018 18:09:57.4 [XL]   Inputs: False False False False False 
08/22/2018 18:09:57.4 [XL] Current IP communications rate is 10 mb.
08/22/2018 18:09:57.4 [XL] IP communications speed is currently set to 10 Mbps.
08/22/2018 18:09:57.5 [XL] Phase correction: disabled, prescale: 1, phase counts: 1905
08/22/2018 18:09:57.6 [XL] SetCurrentFoldbackAmps(6, 100) will set 13080 , 1083
08/22/2018 18:09:57.6 [XL] Configuration parameters loaded from 'C:\MethodManager4\Workspaces\LM703\Configuration\X Axis.xml'. HomeVelocity 20 mm/s, CountsPerMM 2000 cts/mm.
08/22/2018 18:09:57.7 [XL] Start Hall-based phase initialization.
08/22/2018 18:09:57.8 [XL] Phases initialized.
08/22/2018 18:09:59.6 [VVP96] Get VVP: command 'Aspirate Diagnostics' from 96 channels.
08/22/2018 18:09:59.8 [ZL] Move to Positive limit. Velocity 20 mm/s, accel 40 mm/s2, decel 200 mm/s2, timeout 60 s.
08/22/2018 18:10:00.2 [ZL] Reached limit successfully.
08/22/2018 18:10:00.3 [ZL] Attempting to back off Positive limit.
08/22/2018 18:10:00.7 [ZL] Move off limit completion: Successful (OKReady).
08/22/2018 18:10:00.8 [ZL] Move to limit finished.
08/22/2018 18:10:00.8 [ZL] Establishing new 0 position for the old position 0.00 mm.
08/22/2018 18:10:00.9 [ZL] Timestamp of last successful home: 8/22/2018 6:10:00 PM
08/22/2018 18:10:01.1 [BarCodeZAxis] Move to Negative limit. Velocity 20 mm/s, accel 200 mm/s2, decel 350 mm/s2, timeout 60 s.
08/22/2018 18:10:01.5 [BarCodeZAxis] Reached limit successfully.
08/22/2018 18:10:01.5 [BarCodeZAxis] Attempting to back off Negative limit.
08/22/2018 18:10:02.0 [BarCodeZAxis] Move off limit completion: Successful (OKReady).
08/22/2018 18:10:02.0 [BarCodeZAxis] Move to limit finished.
08/22/2018 18:10:02.1 [BarCodeZAxis] Establishing new 0 position for the old position 0.00 mm.
08/22/2018 18:10:02.2 [BarCodeZAxis] Timestamp of last successful home: 8/22/2018 6:10:02 PM
08/22/2018 18:10:06.2 [YL] Move to Positive limit. Velocity 20 mm/s, accel 200 mm/s2, decel 1000 mm/s2, timeout 60 s.
08/22/2018 18:10:09.8 [YL] Reached limit successfully.
08/22/2018 18:10:09.8 [YL] Attempting to back off Positive limit.
08/22/2018 18:10:10.3 [YL] Move off limit completion: Failed (OKReady).
08/22/2018 18:10:10.3 [YL] Failed to find Positive limit: OKReady.
08/22/2018 18:10:10.4 [YL] Failed to home axis 'YL'.
08/22/2018 18:10:25.1 [YL] Closing component connections for Warp 'YL'.
08/22/2018 18:10:25.6 [YL] Instruction Error Status: None
08/22/2018 18:10:25.6 [YL] Warp3 core version: 99103v1.0 (will support I/O).
08/22/2018 18:10:25.7 [YL] Configured as an enhanced Warp3 with I/O.
08/22/2018 18:10:25.7 [YL]   Inputs: False False False False False 
08/22/2018 18:10:25.8 [YL] Current IP communications rate is 10 mb.
08/22/2018 18:10:25.8 [YL] IP communications speed is currently set to 10 Mbps.
08/22/2018 18:10:25.9 [YL] Phase correction: disabled, prescale: 1, phase counts: 1905
08/22/2018 18:10:25.9 [YL] SetCurrentFoldbackAmps(6, 100) will set 13080 , 1083
08/22/2018 18:10:26.0 [YL] Configuration parameters loaded from 'C:\MethodManager4\Workspaces\LM703\Configuration\Y Axis.xml'. HomeVelocity 20 mm/s, CountsPerMM 2000 cts/mm.
08/22/2018 18:10:26.1 [YL] Start Hall-based phase initialization.
08/22/2018 18:10:26.1 [YL] Phases initialized.
08/22/2018 18:10:26.4 [YL] Move to Positive limit. Velocity 20 mm/s, accel 200 mm/s2, decel 1000 mm/s2, timeout 60 s.
08/22/2018 18:10:49.2 [YL] Reached limit successfully.
08/22/2018 18:10:49.2 [YL] Attempting to back off Positive limit.
08/22/2018 18:10:49.7 [YL] Move off limit completion: Successful (OKReady).
08/22/2018 18:10:49.7 [YL] Move to limit finished.
08/22/2018 18:10:49.8 [YL] Establishing new 0 position for the old position -0.01 mm.
08/22/2018 18:10:49.8 [YL] Timestamp of last successful home: 8/22/2018 6:10:49 PM
08/22/2018 18:10:58.7 [ZL] Closing component connections for Warp 'ZL'.
08/22/2018 18:10:59.3 [ZL] Instruction Error Status: None
08/22/2018 18:10:59.3 [ZL] Warp3 core version: 99103v1.0 (will support I/O).
08/22/2018 18:10:59.3 [ZL] Configured as an enhanced Warp3 with I/O.
08/22/2018 18:10:59.4 [ZL]   Inputs: False False False False False 
08/22/2018 18:10:59.4 [ZL] Current IP communications rate is 10 mb.
08/22/2018 18:10:59.4 [ZL] IP communications speed is currently set to 10 Mbps.
08/22/2018 18:10:59.5 [ZL] Phase correction: disabled, prescale: 0, phase counts: 2000
08/22/2018 18:10:59.6 [ZL] SetCurrentFoldbackAmps(8, 20) will set 17440 , 216
08/22/2018 18:10:59.6 [ZL] Configuration parameters loaded from 'C:\MethodManager4\Workspaces\LM703\Configuration\Z Axis.xml'. HomeVelocity 20 mm/s, CountsPerMM 2571 cts/mm.
08/22/2018 18:10:59.8 [ZL] Start Hall-based phase initialization.
08/22/2018 18:10:59.8 [ZL] Phases initialized.
08/22/2018 18:10:59.9 [BarCodeZAxis] Closing component connections for Warp 'BarCodeZAxis'.
08/22/2018 18:11:00.4 [BarCodeZAxis] Instruction Error Status: None
08/22/2018 18:11:00.4 [BarCodeZAxis] Warp3 core version: 99103v1.0 (will support I/O).
08/22/2018 18:11:00.5 [BarCodeZAxis] Configured as an enhanced Warp3 with I/O.
08/22/2018 18:11:00.5 [BarCodeZAxis]   Inputs: False True False False False 
08/22/2018 18:11:00.5 [BarCodeZAxis] Current IP communications rate is 10 mb.
08/22/2018 18:11:00.6 [BarCodeZAxis] IP communications speed is currently set to 10 Mbps.
08/22/2018 18:11:00.7 [BarCodeZAxis] Phase correction: disabled, prescale: 0, phase counts: 2000
08/22/2018 18:11:00.7 [BarCodeZAxis] SetCurrentFoldbackAmps(2, 5) will set 4360 , 54
08/22/2018 18:11:00.8 [BarCodeZAxis] Configuration parameters loaded from 'C:\MethodManager4\Workspaces\LM703\Configuration\BarCode Z.xml'. HomeVelocity 20 mm/s, CountsPerMM 5538 cts/mm.
08/22/2018 18:11:00.9 [BarCodeZAxis] Start Hall-based phase initialization.
08/22/2018 18:11:01.0 [BarCodeZAxis] Phases initialized.
08/22/2018 18:11:01.0 [XL] Closing component connections for Warp 'XL'.
08/22/2018 18:11:01.5 [XL] Instruction Error Status: None
08/22/2018 18:11:01.6 [XL] Warp3 core version: 99103v1.0 (will support I/O).
08/22/2018 18:11:01.6 [XL] Configured as an enhanced Warp3 with I/O.
08/22/2018 18:11:01.6 [XL]   Inputs: False False False False False 
08/22/2018 18:11:01.7 [XL] Current IP communications rate is 10 mb.
08/22/2018 18:11:01.7 [XL] IP communications speed is currently set to 10 Mbps.
08/22/2018 18:11:01.8 [XL] Phase correction: disabled, prescale: 1, phase counts: 1905
08/22/2018 18:11:01.8 [XL] SetCurrentFoldbackAmps(6, 100) will set 13080 , 1083
08/22/2018 18:11:01.9 [XL] Configuration parameters loaded from 'C:\MethodManager4\Workspaces\LM703\Configuration\X Axis.xml'. HomeVelocity 20 mm/s, CountsPerMM 2000 cts/mm.
08/22/2018 18:11:02.0 [XL] Start Hall-based phase initialization.
08/22/2018 18:11:02.1 [XL] Phases initialized.
08/22/2018 18:11:04.1 [VVP96] Get VVP: command 'Aspirate Diagnostics' from 96 channels.
08/22/2018 18:11:04.3 [ZL] Move to Positive limit. Velocity 20 mm/s, accel 40 mm/s2, decel 200 mm/s2, timeout 60 s.
08/22/2018 18:11:04.8 [ZL] Reached limit successfully.
08/22/2018 18:11:04.8 [ZL] Attempting to back off Positive limit.
08/22/2018 18:11:05.3 [ZL] Move off limit completion: Successful (OKReady).
08/22/2018 18:11:05.3 [ZL] Move to limit finished.
08/22/2018 18:11:05.4 [ZL] Establishing new 0 position for the old position 0.00 mm.
08/22/2018 18:11:05.5 [ZL] Timestamp of last successful home: 8/22/2018 6:11:05 PM
08/22/2018 18:11:05.7 [BarCodeZAxis] Move to Negative limit. Velocity 20 mm/s, accel 200 mm/s2, decel 350 mm/s2, timeout 60 s.
08/22/2018 18:11:06.1 [BarCodeZAxis] Reached limit successfully.
08/22/2018 18:11:06.2 [BarCodeZAxis] Attempting to back off Negative limit.
08/22/2018 18:11:06.6 [BarCodeZAxis] Move off limit completion: Successful (OKReady).
08/22/2018 18:11:06.7 [BarCodeZAxis] Move to limit finished.
08/22/2018 18:11:06.8 [BarCodeZAxis] Establishing new 0 position for the old position 0.00 mm.
08/22/2018 18:11:06.8 [BarCodeZAxis] Timestamp of last successful home: 8/22/2018 6:11:06 PM
08/22/2018 18:11:10.9 [XL] Move to Positive limit. Velocity 20 mm/s, accel 200 mm/s2, decel 1000 mm/s2, timeout 60 s.
08/22/2018 18:11:13.2 [XL] Reached limit successfully.
08/22/2018 18:11:13.3 [XL] Attempting to back off Positive limit.
08/22/2018 18:11:13.7 [XL] Move off limit completion: Successful (OKReady).
08/22/2018 18:11:13.8 [XL] Move to limit finished.
08/22/2018 18:11:13.9 [XL] Establishing new 0 position for the old position -0.08 mm.
08/22/2018 18:11:13.9 [XL] Timestamp of last successful home: 8/22/2018 6:11:13 PM
[User] Clear errors.
No Device Errors to resolve.
08/22/2018 18:12:23.6 [XL] Closing component connections for Warp 'XL'.
08/22/2018 18:12:23.6 [YL] Closing component connections for Warp 'YL'.
08/22/2018 18:12:23.6 [ZL] Closing component connections for Warp 'ZL'.
08/22/2018 18:12:23.6 [BarCodeZAxis] Closing component connections for Warp 'BarCodeZAxis'.
08/22/2018 18:12:24.2 [Lynx] 
