Workspace 'LM703' modules...
  MethodManagerV4   1.4.6666.27655
  MMCoreDevice   1.4.6666.27650
  MMLiquidHandler   1.4.6666.26302
  Warp3   2.0.6591.13866
  MMVVP   1.4.6666.26303
  MMIOLightTower   1.4.6666.26303
  MMHeadGripper   1.3.6591.14013
The pipette tool 'VVP96' has mandrel type 'MLV' and can load the following tip types:
   Tip type 'LXB-96-150F', loading depth 9.4 mm, Id: baf0d489-a29c-4899-844e-44fbdc6c2c49.
   Tip type 'LXB-96-200NF', loading depth 9.4 mm, Id: 095daefc-e866-4d91-906f-cc7e17eaf3f6.
   Tip type 'LXB-96-300F', loading depth 10.4 mm, Id: d2f37554-e0d6-41ea-8f3d-101c68af7e40.
   Tip type 'LXB-96-300NF', loading depth 10.4 mm, Id: 423ec1e5-0ccf-4946-a441-905f3c9e1fd9.
   Tip type 'LXB-96-950F', loading depth 28.6 mm, Id: 497625a6-73fc-4433-95df-636ceecdc818.
   Tip type 'LXB-96-950F-WB', loading depth 28.6 mm, Id: ca3988bc-a34d-4ad7-ba77-93a37e8cba6d.
   Tip type 'LXB-96-1250NF', loading depth 28.6 mm, Id: 13ba07a3-d5cb-4a96-9ab8-1d418fc383d6.
09/11/2018 19:22:41.1 The command server is monitoring the workspace 'LM703' and is available on 172.18.3.53/1000
09/11/2018 19:24:34.1 [ZL] Instruction Error Status: None
09/11/2018 19:24:34.2 [ZL] Warp3 core version: 99103v1.0 (will support I/O).
09/11/2018 19:24:34.2 [ZL] Configured as an enhanced Warp3 with I/O.
09/11/2018 19:24:34.2 [ZL]   Inputs: False False False False False 
09/11/2018 19:24:34.2 [ZL] Current IP communications rate is 10 mb.
09/11/2018 19:24:34.2 [ZL] IP communications speed is currently set to 10 Mbps.
09/11/2018 19:24:34.3 [ZL] Phase correction: disabled, prescale: 0, phase counts: 2000
09/11/2018 19:24:34.4 [ZL] SetCurrentFoldbackAmps(8, 20) will set 17440 , 216
09/11/2018 19:24:34.4 [ZL] Configuration parameters loaded from 'C:\MethodManager4\Workspaces\LM703\Configuration\Z Axis.xml'. HomeVelocity 20 mm/s, CountsPerMM 2571 cts/mm.
09/11/2018 19:24:34.6 [ZL] Start Hall-based phase initialization.
09/11/2018 19:24:34.6 [ZL] Phases initialized.
09/11/2018 19:24:34.6 [BarCodeZAxis] Instruction Error Status: None
09/11/2018 19:24:34.6 [BarCodeZAxis] Warp3 core version: 99103v1.0 (will support I/O).
09/11/2018 19:24:34.6 [BarCodeZAxis] Configured as an enhanced Warp3 with I/O.
09/11/2018 19:24:34.7 [BarCodeZAxis]   Inputs: False True False False False 
09/11/2018 19:24:34.7 [BarCodeZAxis] Current IP communications rate is 10 mb.
09/11/2018 19:24:34.7 [BarCodeZAxis] IP communications speed is currently set to 10 Mbps.
09/11/2018 19:24:34.8 [BarCodeZAxis] Phase correction: disabled, prescale: 0, phase counts: 2000
09/11/2018 19:24:34.8 [BarCodeZAxis] SetCurrentFoldbackAmps(2, 5) will set 4360 , 54
09/11/2018 19:24:34.8 [BarCodeZAxis] Configuration parameters loaded from 'C:\MethodManager4\Workspaces\LM703\Configuration\BarCode Z.xml'. HomeVelocity 20 mm/s, CountsPerMM 5538 cts/mm.
09/11/2018 19:24:35.0 [BarCodeZAxis] Start Hall-based phase initialization.
09/11/2018 19:24:35.0 [BarCodeZAxis] Phases initialized.
09/11/2018 19:24:35.0 [YL] Instruction Error Status: None
09/11/2018 19:24:35.1 [YL] Warp3 core version: 99103v1.0 (will support I/O).
09/11/2018 19:24:35.1 [YL] Configured as an enhanced Warp3 with I/O.
09/11/2018 19:24:35.1 [YL]   Inputs: False False False False False 
09/11/2018 19:24:35.1 [YL] Current IP communications rate is 10 mb.
09/11/2018 19:24:35.1 [YL] IP communications speed is currently set to 10 Mbps.
09/11/2018 19:24:35.2 [YL] Phase correction: disabled, prescale: 1, phase counts: 1905
09/11/2018 19:24:35.3 [YL] SetCurrentFoldbackAmps(6, 100) will set 13080 , 1083
09/11/2018 19:24:35.3 [YL] Configuration parameters loaded from 'C:\MethodManager4\Workspaces\LM703\Configuration\Y Axis.xml'. HomeVelocity 20 mm/s, CountsPerMM 2000 cts/mm.
09/11/2018 19:24:35.4 [YL] Start Hall-based phase initialization.
09/11/2018 19:24:35.4 [YL] Phases initialized.
09/11/2018 19:24:35.5 [XL] Instruction Error Status: None
09/11/2018 19:24:35.5 [XL] Warp3 core version: 99103v1.0 (will support I/O).
09/11/2018 19:24:35.5 [XL] Configured as an enhanced Warp3 with I/O.
09/11/2018 19:24:35.5 [XL]   Inputs: False False False False False 
09/11/2018 19:24:35.6 [XL] Current IP communications rate is 10 mb.
09/11/2018 19:24:35.6 [XL] IP communications speed is currently set to 10 Mbps.
09/11/2018 19:24:35.7 [XL] Phase correction: disabled, prescale: 1, phase counts: 1905
09/11/2018 19:24:35.7 [XL] SetCurrentFoldbackAmps(6, 100) will set 13080 , 1083
09/11/2018 19:24:35.7 [XL] Configuration parameters loaded from 'C:\MethodManager4\Workspaces\LM703\Configuration\X Axis.xml'. HomeVelocity 20 mm/s, CountsPerMM 2000 cts/mm.
09/11/2018 19:24:35.9 [XL] Start Hall-based phase initialization.
09/11/2018 19:24:35.9 [XL] Phases initialized.
09/11/2018 19:24:37.8 [VVP96] Get VVP: command 'Aspirate Diagnostics' from 96 channels.
09/11/2018 19:24:38.0 [ZL] Move to Positive limit. Velocity 20 mm/s, accel 40 mm/s2, decel 200 mm/s2, timeout 60 s.
09/11/2018 19:24:38.6 [ZL] Reached limit successfully.
09/11/2018 19:24:38.7 [ZL] Attempting to back off Positive limit.
09/11/2018 19:24:39.3 [ZL] Move off limit completion: Successful (OKReady).
09/11/2018 19:24:39.3 [ZL] Move to limit finished.
09/11/2018 19:24:39.4 [ZL] Establishing new 0 position for the old position 0.00 mm.
09/11/2018 19:24:39.4 [ZL] Timestamp of last successful home: 9/11/2018 7:24:39 PM
09/11/2018 19:24:39.6 [BarCodeZAxis] Move to Negative limit. Velocity 20 mm/s, accel 200 mm/s2, decel 350 mm/s2, timeout 60 s.
09/11/2018 19:24:40.1 [BarCodeZAxis] Reached limit successfully.
09/11/2018 19:24:40.1 [BarCodeZAxis] Attempting to back off Negative limit.
09/11/2018 19:24:40.5 [BarCodeZAxis] Move off limit completion: Successful (OKReady).
09/11/2018 19:24:40.6 [BarCodeZAxis] Move to limit finished.
09/11/2018 19:24:40.6 [BarCodeZAxis] Establishing new 0 position for the old position 0.00 mm.
09/11/2018 19:24:40.7 [BarCodeZAxis] Timestamp of last successful home: 9/11/2018 7:24:40 PM
09/11/2018 19:24:44.8 [YL] Move to Positive limit. Velocity 20 mm/s, accel 200 mm/s2, decel 1000 mm/s2, timeout 60 s.
09/11/2018 19:24:55.9 [YL] Reached limit successfully.
09/11/2018 19:24:55.9 [YL] Attempting to back off Positive limit.
09/11/2018 19:24:56.3 [YL] Move off limit completion: Successful (OKReady).
09/11/2018 19:24:56.4 [YL] Move to limit finished.
09/11/2018 19:24:56.4 [YL] Establishing new 0 position for the old position 0.01 mm.
09/11/2018 19:24:56.4 [YL] Timestamp of last successful home: 9/11/2018 7:24:56 PM
09/11/2018 19:24:56.6 [XL] Move to Positive limit. Velocity 20 mm/s, accel 200 mm/s2, decel 1000 mm/s2, timeout 60 s.
09/11/2018 19:25:05.1 [XL] Reached limit successfully.
09/11/2018 19:25:05.1 [XL] Attempting to back off Positive limit.
09/11/2018 19:25:05.5 [XL] Move off limit completion: Successful (OKReady).
09/11/2018 19:25:05.6 [XL] Move to limit finished.
09/11/2018 19:25:05.6 [XL] Establishing new 0 position for the old position -0.01 mm.
09/11/2018 19:25:05.7 [XL] Timestamp of last successful home: 9/11/2018 7:25:05 PM
[User] Step.
09/11/2018 19:25:27.1 Process 'Tiff_Test.met' MethodStarted
09/11/2018 19:25:27.1 Process 'Tiff_Test.met'[1] 'Aspirate(VVP96)' CommandStarted
09/11/2018 19:25:27.1 [Lynx.Aspirate(VVP96).VVP96] Plate 'AutoFillTrough_01', column/row offset (0, 0), X/Y offset (0.00 mm,0.00 mm), height: 2.00 mm.
09/11/2018 19:25:27.1 [Lynx.Aspirate(VVP96).VVP96] No current tip.
09/11/2018 19:25:27.1 [Lynx.Aspirate(VVP96).VVP96] Plate is at location 'Loc_16' (-294.49 mm, -327.72 mm, -174.94 mm) with a stack index of 1.
09/11/2018 19:25:27.1 Process 'Tiff_Test.met'[1] 'Aspirate(VVP96)' CommandFailed
09/11/2018 19:25:35.3 Process 'Tiff_Test.met' MethodCompleted, A 'Aspirate(VVP96)' command has a logic or parameter error
0 of 1 method(s) completed successfully.
  Concurrent method 'Main' (Main) started at 09/11/2018 19:25:27.0 and terminated at 09/11/2018 19:25:35.2
    Terminate reason:CommandError
    Command 'Aspirate(VVP96)', line 1, was interrupted due to Command 'Aspirate(VVP96)' requires a valid tip type

[User] Step.
09/11/2018 19:25:49.1 Process 'Tiff_Test.met' MethodStarted
09/11/2018 19:25:49.1 Process 'Tiff_Test.met'[0] 'Eject Tips(VVP96)' CommandStarted
09/11/2018 19:25:49.1 [Lynx.Eject Tips(VVP96).VVP96] Plate 'LXB-96-300F_01', column/row offset (0, 0), X/Y offset (0.00 mm,0.00 mm), height: 15.00 mm.
09/11/2018 19:25:49.1 [Lynx.Eject Tips(VVP96).VVP96] No current tip.
09/11/2018 19:25:49.1 [Lynx.Eject Tips(VVP96).VVP96] Plate is at location 'Loc_09' (-145.89 mm, -222.91 mm, -174.56 mm) with a stack index of 1.
09/11/2018 19:25:49.1 Process 'Tiff_Test.met'[0] 'Eject Tips(VVP96)' CommandFailed
09/11/2018 19:25:50.8 Process 'Tiff_Test.met' MethodCompleted, A 'Eject Tips(VVP96)' command has a logic or parameter error
0 of 1 method(s) completed successfully.
  Concurrent method 'Main' (Main) started at 09/11/2018 19:25:49.1 and terminated at 09/11/2018 19:25:50.8
    Terminate reason:CommandError
    Command 'Eject Tips(VVP96)', line 0, was interrupted due to Command 'Eject Tips(VVP96)' requires a valid tip type

[User] Step.
09/11/2018 19:26:10.8 Process 'Tiff_Test.met' MethodStarted
09/11/2018 19:26:10.8 Process 'Tiff_Test.met'[0] 'Eject Tips(VVP96)' CommandStarted
09/11/2018 19:26:10.8 [Lynx.Eject Tips(VVP96).VVP96] Plate 'LXB-96-300F_01', column/row offset (0, 0), X/Y offset (0.00 mm,0.00 mm), height: 15.00 mm.
09/11/2018 19:26:10.8 [Lynx.Eject Tips(VVP96).VVP96] No current tip.
09/11/2018 19:26:10.8 [Lynx.Eject Tips(VVP96).VVP96] Plate is at location 'Loc_09' (-145.89 mm, -222.91 mm, -174.56 mm) with a stack index of 1.
09/11/2018 19:26:10.8 Process 'Tiff_Test.met'[0] 'Eject Tips(VVP96)' CommandFailed
09/11/2018 19:26:17.5 Process 'Tiff_Test.met' MethodCompleted, A 'Eject Tips(VVP96)' command has a logic or parameter error
0 of 1 method(s) completed successfully.
  Concurrent method 'Main' (Main) started at 09/11/2018 19:26:10.8 and terminated at 09/11/2018 19:26:17.5
    Terminate reason:CommandError
    Command 'Eject Tips(VVP96)', line 0, was interrupted due to Command 'Eject Tips(VVP96)' requires a valid tip type

[User] Start.
09/11/2018 19:26:32.0 Process 'Tiff_Test.met' MethodStarted
09/11/2018 19:26:32.0 Process 'Tiff_Test.met'[0] 'Eject Tips(VVP96)' CommandStarted
09/11/2018 19:26:32.0 [Lynx.Eject Tips(VVP96).VVP96] Plate 'LXB-96-300F_01', column/row offset (0, 0), X/Y offset (0.00 mm,0.00 mm), height: 15.00 mm.
09/11/2018 19:26:32.0 [Lynx.Eject Tips(VVP96).VVP96] No current tip.
09/11/2018 19:26:32.0 [Lynx.Eject Tips(VVP96).VVP96] Plate is at location 'Loc_09' (-145.89 mm, -222.91 mm, -174.56 mm) with a stack index of 1.
09/11/2018 19:26:32.1 Process 'Tiff_Test.met'[0] 'Eject Tips(VVP96)' CommandFailed
09/11/2018 19:26:36.4 Process 'Tiff_Test.met' MethodCompleted, A 'Eject Tips(VVP96)' command has a logic or parameter error
0 of 1 method(s) completed successfully.
  Concurrent method 'Main' (Main) started at 09/11/2018 19:26:32.0 and terminated at 09/11/2018 19:26:36.3
    Terminate reason:CommandError
    Command 'Eject Tips(VVP96)', line 0, was interrupted due to Command 'Eject Tips(VVP96)' requires a valid tip type

[User] Step.
09/11/2018 19:27:14.7 Process 'Tiff_Test.met' MethodStarted
09/11/2018 19:27:14.7 Process 'Tiff_Test.met'[0] 'Eject Tips(VVP96)' CommandStarted
09/11/2018 19:27:14.7 [Lynx.Eject Tips(VVP96).VVP96] Plate 'LXB-96-300F_01', column/row offset (0, 0), X/Y offset (0.00 mm,0.00 mm), height: 15.00 mm.
09/11/2018 19:27:14.7 [Lynx.Eject Tips(VVP96).VVP96] No current tip.
09/11/2018 19:27:14.7 [Lynx.Eject Tips(VVP96).VVP96] Plate is at location 'Loc_09' (-145.89 mm, -222.91 mm, -174.56 mm) with a stack index of 1.
09/11/2018 19:27:14.7 Process 'Tiff_Test.met'[0] 'Eject Tips(VVP96)' CommandFailed
09/11/2018 19:27:19.8 Process 'Tiff_Test.met' MethodCompleted, A 'Eject Tips(VVP96)' command has a logic or parameter error
0 of 1 method(s) completed successfully.
  Concurrent method 'Main' (Main) started at 09/11/2018 19:27:14.7 and terminated at 09/11/2018 19:27:19.7
    Terminate reason:CommandError
    Command 'Eject Tips(VVP96)', line 0, was interrupted due to Command 'Eject Tips(VVP96)' requires a valid tip type

[User] Step.
09/11/2018 19:27:24.9 Process 'Tiff_Test.met' MethodStarted
09/11/2018 19:27:25.0 Process 'Tiff_Test.met'[1] 'Load Tips(VVP96)' CommandStarted
09/11/2018 19:27:25.0 [Lynx.Load Tips(VVP96).VVP96] Plate 'LXB-96-300F_01', column/row offset (0, 0), X/Y offset (0.00 mm,0.00 mm), height: 0.00 mm.
09/11/2018 19:27:25.0 [Lynx.Load Tips(VVP96).VVP96] No current tip.
09/11/2018 19:27:25.0 [Lynx.Load Tips(VVP96).VVP96] Tip loading depth for tip type 'LXB-96-300F' is 10.4 mm.
09/11/2018 19:27:25.0 [Lynx.Load Tips(VVP96).VVP96] Plate is at location 'Loc_09' (-145.89 mm, -222.91 mm, -174.56 mm) with a stack index of 1.
09/11/2018 19:27:25.0 [Lynx.Load Tips(VVP96).VVP96] Tip loading height adjustment is 0.0 mm and Z axis force limit is 30% of full power.
09/11/2018 19:27:25.0 [Lynx.Load Tips(VVP96).VVP96] Tip loading Z error limit will be 10.0 mm, XY error window will be 50.0 mm, and the XY axis holding force fraction will be 20%
09/11/2018 19:27:25.0 [Lynx.Load Tips(VVP96).VVP96] Initial robot X/Y/ZStart/ZEnd coordinates: -160.27 mm, -211.67 mm, -2.00 mm, -123.46 mm, using motion profile 'Mid Speed'.
09/11/2018 19:27:25.0 [Lynx.Load Tips(VVP96).VVP96] Initial axis positions:'XL' -0.05 mm, 'YL' -0.05 mm, 'ZL' 0.00 mm
09/11/2018 19:27:28.3 [XL] Relative motor limit setting 20.0%, changing limit from 100.0% to 20.0%
09/11/2018 19:27:28.3 [YL] Relative motor limit setting 20.0%, changing limit from 70.0% to 14.0%
09/11/2018 19:27:29.5 [Lynx.Load Tips(VVP96).VVP96] Maximum recorded tip load values: Position error 1.5 mm, motor current 3.3 %
09/11/2018 19:27:29.5 [Lynx.Load Tips(VVP96).VVP96] Tip load Z-axis motion complete.
09/11/2018 19:27:29.5 [Lynx.Load Tips(VVP96).VVP96] Tip load position errors for X/Y/Z: -0.08 mm, 0.03 mm, -1.46 mm
09/11/2018 19:27:29.7 [ZL] Absolute motor limit setting 24.0%, changing limit from 30.0% to 24.0%
09/11/2018 19:27:29.8 [ZL] Absolute motor limit setting 18.0%, changing limit from 24.0% to 18.0%
09/11/2018 19:27:30.0 [ZL] Absolute motor limit setting 12.0%, changing limit from 18.0% to 12.0%
09/11/2018 19:27:30.1 [ZL] Absolute motor limit setting 6.0%, changing limit from 12.0% to 6.0%
09/11/2018 19:27:30.2 [ZL] Relative motor limit setting 100.0%, changing limit from 6.0% to 30.0%
09/11/2018 19:27:31.9 [XL] Relative motor limit setting 100.0%, changing limit from 20.0% to 100.0%
09/11/2018 19:27:31.9 [YL] Relative motor limit setting 100.0%, changing limit from 14.0% to 70.0%
09/11/2018 19:27:31.9 [Lynx.Load Tips(VVP96).VVP96] Final axis positions:'XL' -160.24 mm, 'YL' -211.67 mm, 'ZL' -2.02 mm
09/11/2018 19:27:31.9 [Lynx.Load Tips(VVP96).VVP96] Current tip 'LXB-96-300F'.
09/11/2018 19:27:31.9 [Lynx.Load Tips(VVP96).VVP96] Time to complete: 6 s.
09/11/2018 19:27:31.9 Process 'Tiff_Test.met'[1] 'Load Tips(VVP96)' CommandCompleted
09/11/2018 19:27:32.0 Process 'Tiff_Test.met' MethodCompleted
1 of 1 method(s) completed successfully.
  Concurrent method 'Main' (Main) started at 09/11/2018 19:27:24.9 and finished at 09/11/2018 19:27:31.9

[User] Step.
09/11/2018 19:27:36.1 Process 'Tiff_Test.met' MethodStarted
09/11/2018 19:27:36.1 Process 'Tiff_Test.met'[2] 'Aspirate(VVP96)' CommandStarted
09/11/2018 19:27:36.2 [Lynx.Aspirate(VVP96).VVP96] Plate 'AutoFillTrough_01', column/row offset (0, 0), X/Y offset (0.00 mm,0.00 mm), height: 2.00 mm.
09/11/2018 19:27:36.2 [Lynx.Aspirate(VVP96).VVP96] Current tip 'LXB-96-300F'.
09/11/2018 19:27:36.2 [Lynx.Aspirate(VVP96).VVP96] Plate is at location 'Loc_16' (-294.49 mm, -327.72 mm, -174.94 mm) with a stack index of 1.
09/11/2018 19:27:36.2 [Lynx.Aspirate(VVP96).VVP96] VVP Pressure 'Mid-Range Volumes': Pressure 40 mbar, Residual vol. 0.59 uL, Pre/Post delay 0.00/1.00
09/11/2018 19:27:36.2 [Lynx.Aspirate(VVP96).VVP96] Aspirate parameters (96): Ch:A01 1.0uL/0.6uL; Ch:B01 1.0uL/0.6uL; Ch:C01 1.0uL/0.6uL; Ch:D01 1.0uL/0.6uL; Ch:E01 1.0uL/0.6uL; Ch:F01 1.0uL/0.6uL; Ch:G01 1.0uL/0.6uL; Ch:H01 1.0uL/0.6uL; Ch:A02 1.0uL/0.6uL; Ch:B02 1.0uL/0.6uL; Ch:C02 1.0uL/0.6uL; Ch:D02 1.0uL/0.6uL; Ch:E02 1.0uL/0.6uL; Ch:F02 1.0uL/0.6uL; Ch:G02 1.0uL/0.6uL; Ch:H02 1.0uL/0.6uL; Ch:A03 1.0uL/0.6uL; Ch:B03 1.0uL/0.6uL; Ch:C03 1.0uL/0.6uL; Ch:D03 1.0uL/0.6uL; Ch:E03 1.0uL/0.6uL; Ch:F03 1.0uL/0.6uL; Ch:G03 1.0uL/0.6uL; Ch:H03 1.0uL/0.6uL; Ch:A04 1.0uL/0.6uL; Ch:B04 1.0uL/0.6uL; Ch:C04 1.0uL/0.6uL; Ch:D04 1.0uL/0.6uL; Ch:E04 1.0uL/0.6uL; Ch:F04 1.0uL/0.6uL; Ch:G04 1.0uL/0.6uL; Ch:H04 1.0uL/0.6uL; Ch:A05 1.0uL/0.6uL; Ch:B05 1.0uL/0.6uL; Ch:C05 1.0uL/0.6uL; Ch:D05 1.0uL/0.6uL; Ch:E05 1.0uL/0.6uL; Ch:F05 1.0uL/0.6uL; Ch:G05 1.0uL/0.6uL; Ch:H05 1.0uL/0.6uL; Ch:A06 1.0uL/0.6uL; Ch:B06 1.0uL/0.6uL; Ch:C06 1.0uL/0.6uL; Ch:D06 1.0uL/0.6uL; Ch:E06 1.0uL/0.6uL; Ch:F06 1.0uL/0.6uL; Ch:G06 1.0uL/0.6uL; Ch:H06 1.0uL/0.6uL; Ch:A07 1.0uL/0.6uL; Ch:B07 1.0uL/0.6uL; Ch:C07 1.0uL/0.6uL; Ch:D07 1.0uL/0.6uL; Ch:E07 1.0uL/0.6uL; Ch:F07 1.0uL/0.6uL; Ch:G07 1.0uL/0.6uL; Ch:H07 1.0uL/0.6uL; Ch:A08 1.0uL/0.6uL; Ch:B08 1.0uL/0.6uL; Ch:C08 1.0uL/0.6uL; Ch:D08 1.0uL/0.6uL; Ch:E08 1.0uL/0.6uL; Ch:F08 1.0uL/0.6uL; Ch:G08 1.0uL/0.6uL; Ch:H08 1.0uL/0.6uL; Ch:A09 1.0uL/0.6uL; Ch:B09 1.0uL/0.6uL; Ch:C09 1.0uL/0.6uL; Ch:D09 1.0uL/0.6uL; Ch:E09 1.0uL/0.6uL; Ch:F09 1.0uL/0.6uL; Ch:G09 1.0uL/0.6uL; Ch:H09 1.0uL/0.6uL; Ch:A10 1.0uL/0.6uL; Ch:B10 1.0uL/0.6uL; Ch:C10 1.0uL/0.6uL; Ch:D10 1.0uL/0.6uL; Ch:E10 1.0uL/0.6uL; Ch:F10 1.0uL/0.6uL; Ch:G10 1.0uL/0.6uL; Ch:H10 1.0uL/0.6uL; Ch:A11 1.0uL/0.6uL; Ch:B11 1.0uL/0.6uL; Ch:C11 1.0uL/0.6uL; Ch:D11 1.0uL/0.6uL; Ch:E11 1.0uL/0.6uL; Ch:F11 1.0uL/0.6uL; Ch:G11 1.0uL/0.6uL; Ch:H11 1.0uL/0.6uL; Ch:A12 1.0uL/0.6uL; Ch:B12 1.0uL/0.6uL; Ch:C12 1.0uL/0.6uL; Ch:D12 1.0uL/0.6uL; Ch:E12 1.0uL/0.6uL; Ch:F12 1.0uL/0.6uL; Ch:G12 1.0uL/0.6uL; Ch:H12 1.0uL/0.6uL
09/11/2018 19:27:36.2 [Lynx.Aspirate(VVP96).VVP96] Post airgap parameters (0): 
09/11/2018 19:27:36.2 [Lynx.Aspirate(VVP96).VVP96] Initial robot X/Y/ZStart/ZEnd coordinates: -308.79 mm, -316.52 mm, -81.04 mm, -83.04 mm, using motion profile 'Mid Speed'.
09/11/2018 19:27:36.2 [Lynx.Aspirate(VVP96).VVP96] Initial axis positions:'XL' -160.24 mm, 'YL' -211.67 mm, 'ZL' -2.02 mm
09/11/2018 19:27:39.0 [VVP96] Clog detection is off.
09/11/2018 19:27:39.0 [VVP96] Aspirate diagnostics are off.
09/11/2018 19:27:39.0 [VVP96] Set VVP: command 'Clogging Limit' with setting of 0 for 96 channels.
09/11/2018 19:27:39.3 [VVP96] Set VVP: command 'Air-to-Liquid Sens.' with setting of 0 for 96 channels.
09/11/2018 19:27:39.5 [VVP96] Set VVP: command 'Liquid-to-Air Sens.' with setting of 0 for 96 channels.
09/11/2018 19:27:40.6 [VVP96] VVP Aspirate pressure is 42 mbar.
09/11/2018 19:27:41.0 [VVP96] Aspirate complete.
09/11/2018 19:27:41.7 [VVP96] Average residual volume was 1.19 ul for 96 channels at 40 mbar pressure
09/11/2018 19:27:41.9 [Lynx.Aspirate(VVP96).VVP96] Aspirate results: Ch:A01 1.6uL/1.2uL OK, Ch:B01 1.7uL/1.3uL OK, Ch:C01 1.6uL/1.2uL OK, Ch:D01 1.7uL/1.2uL OK, Ch:E01 1.7uL/1.2uL OK, Ch:F01 1.7uL/1.2uL OK, Ch:G01 1.7uL/1.2uL OK, Ch:H01 1.7uL/1.2uL OK, Ch:A02 1.6uL/1.1uL OK, Ch:B02 1.7uL/1.2uL OK, Ch:C02 1.6uL/1.2uL OK, Ch:D02 1.6uL/1.1uL OK, Ch:E02 1.6uL/1.2uL OK, Ch:F02 1.6uL/1.2uL OK, Ch:G02 1.6uL/1.2uL OK, Ch:H02 1.6uL/1.1uL OK, Ch:A03 1.7uL/1.2uL OK, Ch:B03 1.7uL/1.2uL OK, Ch:C03 1.7uL/1.2uL OK, Ch:D03 1.7uL/1.2uL OK, Ch:E03 1.7uL/1.2uL OK, Ch:F03 1.7uL/1.2uL OK, Ch:G03 1.8uL/1.3uL OK, Ch:H03 1.6uL/1.2uL OK, Ch:A04 1.6uL/1.2uL OK, Ch:B04 1.6uL/1.1uL OK, Ch:C04 1.7uL/1.2uL OK, Ch:D04 1.6uL/1.1uL OK, Ch:E04 1.6uL/1.2uL OK, Ch:F04 1.6uL/1.1uL OK, Ch:G04 1.6uL/1.2uL OK, Ch:H04 1.7uL/1.2uL OK, Ch:A05 1.7uL/1.2uL OK, Ch:B05 1.6uL/1.1uL OK, Ch:C05 1.6uL/1.2uL OK, Ch:D05 1.7uL/1.2uL OK, Ch:E05 1.7uL/1.2uL OK, Ch:F05 1.6uL/1.2uL OK, Ch:G05 1.6uL/1.2uL OK, Ch:H05 1.6uL/1.1uL OK, Ch:A06 1.7uL/1.2uL OK, Ch:B06 1.6uL/1.1uL OK, Ch:C06 1.7uL/1.2uL OK, Ch:D06 1.7uL/1.2uL OK, Ch:E06 1.6uL/1.1uL OK, Ch:F06 1.7uL/1.2uL OK, Ch:G06 1.7uL/1.2uL OK, Ch:H06 1.6uL/1.2uL OK, Ch:A07 1.7uL/1.2uL OK, Ch:B07 1.8uL/1.3uL OK, Ch:C07 1.7uL/1.2uL OK, Ch:D07 1.7uL/1.2uL OK, Ch:E07 1.7uL/1.2uL OK, Ch:F07 1.7uL/1.2uL OK, Ch:G07 1.6uL/1.2uL OK, Ch:H07 1.8uL/1.3uL OK, Ch:A08 1.7uL/1.2uL OK, Ch:B08 1.7uL/1.3uL OK, Ch:C08 1.6uL/1.2uL OK, Ch:D08 1.6uL/1.2uL OK, Ch:E08 1.7uL/1.2uL OK, Ch:F08 1.7uL/1.2uL OK, Ch:G08 1.6uL/1.2uL OK, Ch:H08 1.6uL/1.2uL OK, Ch:A09 1.7uL/1.2uL OK, Ch:B09 1.7uL/1.2uL OK, Ch:C09 1.6uL/1.2uL OK, Ch:D09 1.7uL/1.2uL OK, Ch:E09 1.7uL/1.2uL OK, Ch:F09 1.7uL/1.2uL OK, Ch:G09 1.7uL/1.2uL OK, Ch:H09 1.6uL/1.2uL OK, Ch:A10 1.7uL/1.2uL OK, Ch:B10 1.9uL/1.4uL OK, Ch:C10 1.8uL/1.3uL OK, Ch:D10 1.7uL/1.2uL OK, Ch:E10 1.6uL/1.1uL OK, Ch:F10 1.5uL/1.1uL OK, Ch:G10 1.6uL/1.2uL OK, Ch:H10 1.6uL/1.2uL OK, Ch:A11 1.7uL/1.2uL OK, Ch:B11 1.7uL/1.2uL OK, Ch:C11 1.7uL/1.2uL OK, Ch:D11 1.6uL/1.1uL OK, Ch:E11 1.7uL/1.2uL OK, Ch:F11 1.6uL/1.2uL OK, Ch:G11 1.6uL/1.1uL OK, Ch:H11 1.6uL/1.2uL OK, Ch:A12 1.7uL/1.2uL OK, Ch:B12 1.7uL/1.2uL OK, Ch:C12 1.6uL/1.2uL OK, Ch:D12 1.8uL/1.3uL OK, Ch:E12 1.7uL/1.2uL OK, Ch:F12 1.7uL/1.2uL OK, Ch:G12 1.7uL/1.2uL OK, Ch:H12 1.7uL/1.2uL OK
09/11/2018 19:27:44.7 [Lynx.Aspirate(VVP96).VVP96] Final axis positions:'XL' -308.73 mm, 'YL' -316.50 mm, 'ZL' -2.02 mm
09/11/2018 19:27:44.7 [Lynx.Aspirate(VVP96).VVP96] Time to complete: 8 s.
09/11/2018 19:27:44.7 Process 'Tiff_Test.met'[2] 'Aspirate(VVP96)' CommandCompleted
09/11/2018 19:27:44.7 Process 'Tiff_Test.met' MethodCompleted
1 of 1 method(s) completed successfully.
  Concurrent method 'Main' (Main) started at 09/11/2018 19:27:36.1 and finished at 09/11/2018 19:27:44.7

There were errors creating the worktable resource map(s) for method 'NormAndStamp.met'
due to unknown labware resources, and it can not be loaded.
  Worktable 'Left' holds plate type(s) that are not recognized:
    Location 'Loc_16':
      Labware category 'Plate' named 'AutofillTrough' (Id 9433593a-2bc0-463a-8c6f-348d33f68420) and labeled 'AutofillTrough_01'.
Failed to load Method 'C:\MethodManager4\Workspaces\LM703\Methods\NormAndStamp.met': The method failed resource validation.
There were errors creating the worktable resource map(s) for method 'NormAndStamp.met'
due to unknown labware resources, and it can not be loaded.
  Worktable 'Left' holds plate type(s) that are not recognized:
    Location 'Loc_16':
      Labware category 'Plate' named 'AutofillTrough' (Id 9433593a-2bc0-463a-8c6f-348d33f68420) and labeled 'AutofillTrough_01'.
Failed to load Method 'C:\MethodManager4\Workspaces\LM703\Methods\NormAndStamp.met': The method failed resource validation.
09/12/2018 10:27:44.0 [XL] Closing component connections for Warp 'XL'.
09/12/2018 10:27:44.0 [YL] Closing component connections for Warp 'YL'.
09/12/2018 10:27:44.0 [ZL] Closing component connections for Warp 'ZL'.
09/12/2018 10:27:44.0 [BarCodeZAxis] Closing component connections for Warp 'BarCodeZAxis'.
09/12/2018 10:27:44.9 [Lynx] 
