Workspace 'LM703' modules...
  MethodManagerV4   1.4.7265.22152
  MMCoreDevice   1.4.7265.22158
  MMLiquidHandler   1.4.7265.22229
  Warp3   2.0.7265.22182
  MMVVP   1.4.7265.22230
  MMIOLightTower   1.4.7265.22229
  MMHeadGripper   1.4.7265.22430
The pipette tool 'VVP96' has mandrel type 'MLV' and can load the following tip types:
   Tip type 'LXB-96-150F', loading depth 9.4 mm, Id: baf0d489-a29c-4899-844e-44fbdc6c2c49.
   Tip type 'LXB-96-200NF', loading depth 9.4 mm, Id: 095daefc-e866-4d91-906f-cc7e17eaf3f6.
   Tip type 'LXB-96-300F', loading depth 10.4 mm, Id: d2f37554-e0d6-41ea-8f3d-101c68af7e40.
   Tip type 'LXB-96-300NF', loading depth 10.4 mm, Id: 423ec1e5-0ccf-4946-a441-905f3c9e1fd9.
   Tip type 'LXB-96-950F', loading depth 28.6 mm, Id: 497625a6-73fc-4433-95df-636ceecdc818.
   Tip type 'LXB-96-950F-WB', loading depth 28.6 mm, Id: ca3988bc-a34d-4ad7-ba77-93a37e8cba6d.
   Tip type 'LXB-96-1250NF', loading depth 28.6 mm, Id: 13ba07a3-d5cb-4a96-9ab8-1d418fc383d6.
01/12/2020 14:26:16.1 The command server is monitoring the workspace 'LM703' and is available on 172.18.3.53/1000
01/12/2020 14:26:24.0 [ZL] Instruction Error Status: None
01/12/2020 14:26:24.0 [ZL] Warp3 core version: 99103v1.0 (will support I/O).
01/12/2020 14:26:24.1 [ZL] Configured as an enhanced Warp3 with I/O.
01/12/2020 14:26:24.1 [ZL]   Inputs: False False False False False False 
01/12/2020 14:26:24.1 [ZL] Current IP communications rate is 10 mb.
01/12/2020 14:26:24.1 [ZL] IP communications speed is currently set to 10 Mbps.
01/12/2020 14:26:24.2 [ZL] Relative motor limit setting 100.0%, changing limit from 100.0% to 30.0%
01/12/2020 14:26:24.2 [ZL] Phase correction: disabled, prescale: 0, phase counts: 2000
01/12/2020 14:26:24.3 [ZL] SetCurrentFoldbackAmps(8, 20) will set 17440 , 216
01/12/2020 14:26:24.3 [ZL] Configuration parameters loaded from 'P:\MethodManagerWorkspaces\LM703\Configuration\Z Axis.xml'. HomeVelocity 20 mm/s, CountsPerMM 2571 cts/mm.
01/12/2020 14:26:24.5 [ZL] Start Hall-based phase initialization.
01/12/2020 14:26:24.5 [ZL] Phases initialized.
01/12/2020 14:26:24.7 [BarCodeZAxis] Instruction Error Status: None
01/12/2020 14:26:24.7 [BarCodeZAxis] Warp3 core version: 99103v1.0 (will support I/O).
01/12/2020 14:26:24.7 [BarCodeZAxis] Configured as an enhanced Warp3 with I/O.
01/12/2020 14:26:24.7 [BarCodeZAxis]   Inputs: False False False False False False 
01/12/2020 14:26:24.8 [BarCodeZAxis] Current IP communications rate is 10 mb.
01/12/2020 14:26:24.8 [BarCodeZAxis] IP communications speed is currently set to 10 Mbps.
01/12/2020 14:26:24.8 [BarCodeZAxis] Relative motor limit setting 100.0%, changing limit from 100.0% to 10.0%
01/12/2020 14:26:24.9 [BarCodeZAxis] Phase correction: disabled, prescale: 0, phase counts: 2000
01/12/2020 14:26:24.9 [BarCodeZAxis] SetCurrentFoldbackAmps(2, 5) will set 4360 , 54
01/12/2020 14:26:24.9 [BarCodeZAxis] Configuration parameters loaded from 'P:\MethodManagerWorkspaces\LM703\Configuration\BarCode Z.xml'. HomeVelocity 20 mm/s, CountsPerMM 5538 cts/mm.
01/12/2020 14:26:25.0 [BarCodeZAxis] Start Hall-based phase initialization.
01/12/2020 14:26:25.1 [BarCodeZAxis] Phases initialized.
01/12/2020 14:26:25.2 [YL] Instruction Error Status: None
01/12/2020 14:26:25.3 [YL] Warp3 core version: 99103v1.0 (will support I/O).
01/12/2020 14:26:25.3 [YL] Configured as an enhanced Warp3 with I/O.
01/12/2020 14:26:25.3 [YL]   Inputs: False False False False False False 
01/12/2020 14:26:25.3 [YL] Current IP communications rate is 10 mb.
01/12/2020 14:26:25.3 [YL] IP communications speed is currently set to 10 Mbps.
01/12/2020 14:26:25.4 [YL] Relative motor limit setting 100.0%, changing limit from 100.0% to 70.0%
01/12/2020 14:26:25.4 [YL] Phase correction: disabled, prescale: 1, phase counts: 1905
01/12/2020 14:26:25.5 [YL] SetCurrentFoldbackAmps(6, 100) will set 13080 , 1083
01/12/2020 14:26:25.5 [YL] Configuration parameters loaded from 'P:\MethodManagerWorkspaces\LM703\Configuration\Y Axis.xml'. HomeVelocity 20 mm/s, CountsPerMM 2000 cts/mm.
01/12/2020 14:26:25.6 [YL] Start Hall-based phase initialization.
01/12/2020 14:26:25.6 [YL] Phases initialized.
01/12/2020 14:26:25.8 [XL] Instruction Error Status: None
01/12/2020 14:26:25.8 [XL] Warp3 core version: 99103v1.0 (will support I/O).
01/12/2020 14:26:25.8 [XL] Configured as an enhanced Warp3 with I/O.
01/12/2020 14:26:25.9 [XL]   Inputs: False False False False False False 
01/12/2020 14:26:25.9 [XL] Current IP communications rate is 10 mb.
01/12/2020 14:26:25.9 [XL] IP communications speed is currently set to 10 Mbps.
01/12/2020 14:26:26.0 [XL] Phase correction: disabled, prescale: 1, phase counts: 1905
01/12/2020 14:26:26.0 [XL] SetCurrentFoldbackAmps(6, 100) will set 13080 , 1083
01/12/2020 14:26:26.0 [XL] Configuration parameters loaded from 'P:\MethodManagerWorkspaces\LM703\Configuration\X Axis.xml'. HomeVelocity 20 mm/s, CountsPerMM 2000 cts/mm.
01/12/2020 14:26:26.2 [XL] Start Hall-based phase initialization.
01/12/2020 14:26:26.2 [XL] Phases initialized.
01/12/2020 14:26:33.5 [VVP96] Get VVP: command 'Aspirate Diagnostics' from 96 channels.
01/12/2020 14:26:33.7 [ZL] Move to Positive limit. Velocity 20 mm/s, accel 40 mm/s2, decel 200 mm/s2, timeout 60 s.
01/12/2020 14:26:34.6 [ZL] Reached limit successfully.
01/12/2020 14:26:34.6 [ZL] Attempting to back off Positive limit.
01/12/2020 14:26:35.2 [ZL] Move off limit completion: Successful (OKReady).
01/12/2020 14:26:35.3 [ZL] Move to limit finished.
01/12/2020 14:26:35.3 [ZL] Establishing new 0 position for the old position 2.23 mm.
01/12/2020 14:26:35.4 [ZL] Timestamp of last successful home: 1/12/2020 2:26:35 PM
01/12/2020 14:26:35.5 [BarCodeZAxis] Move to Negative limit. Velocity 20 mm/s, accel 200 mm/s2, decel 350 mm/s2, timeout 60 s.
01/12/2020 14:26:36.0 [BarCodeZAxis] Reached limit successfully.
01/12/2020 14:26:36.0 [BarCodeZAxis] Attempting to back off Negative limit.
01/12/2020 14:26:36.4 [BarCodeZAxis] Move off limit completion: Successful (OKReady).
01/12/2020 14:26:36.5 [BarCodeZAxis] Move to limit finished.
01/12/2020 14:26:36.6 [BarCodeZAxis] Establishing new 0 position for the old position 0.00 mm.
01/12/2020 14:26:36.6 [BarCodeZAxis] Timestamp of last successful home: 1/12/2020 2:26:36 PM
01/12/2020 14:26:37.7 [YL] Move to Positive limit. Velocity 20 mm/s, accel 200 mm/s2, decel 1000 mm/s2, timeout 60 s.
01/12/2020 14:26:53.9 [YL] Reached limit successfully.
01/12/2020 14:26:53.9 [YL] Attempting to back off Positive limit.
01/12/2020 14:26:54.4 [YL] Move off limit completion: Successful (OKReady).
01/12/2020 14:26:54.4 [YL] Move to limit finished.
01/12/2020 14:26:54.5 [YL] Establishing new 0 position for the old position 316.58 mm.
01/12/2020 14:26:54.5 [YL] Timestamp of last successful home: 1/12/2020 2:26:54 PM
01/12/2020 14:26:54.7 [XL] Move to Positive limit. Velocity 20 mm/s, accel 200 mm/s2, decel 1000 mm/s2, timeout 60 s.
01/12/2020 14:27:03.0 [XL] Reached limit successfully.
01/12/2020 14:27:03.0 [XL] Attempting to back off Positive limit.
01/12/2020 14:27:03.5 [XL] Move off limit completion: Successful (OKReady).
01/12/2020 14:27:03.5 [XL] Move to limit finished.
01/12/2020 14:27:03.6 [XL] Establishing new 0 position for the old position 158.12 mm.
01/12/2020 14:27:03.6 [XL] Timestamp of last successful home: 1/12/2020 2:27:03 PM
[User] Start.
01/12/2020 14:28:13.7 Process 'Maintenance\WeeklyBarrelCheck.met' MethodStarted
01/12/2020 14:28:13.7 Process 'Maintenance\WeeklyBarrelCheck.met'[0] 'Show Message' CommandStarted
01/12/2020 14:28:14.8 Process 'Maintenance\WeeklyBarrelCheck.met'[0] 'Show Message' CommandCompleted
01/12/2020 14:28:14.9 Process 'Maintenance\WeeklyBarrelCheck.met'[1] 'Move To Location(VVP96)' CommandStarted
01/12/2020 14:28:14.9 [Lynx.Move To Location(VVP96).VVP96] Location 'Loc_12' with X/Y offsets 0.00 mm / 0.00 mm.
01/12/2020 14:28:14.9 [Lynx.Move To Location(VVP96).VVP96] Location coords: -145.14 mm, -536.34 mm, -174.43 mm.
01/12/2020 14:28:14.9 [Lynx.Move To Location(VVP96).VVP96] Tool X/Y location offsets: 14.38 mm, 11.24 mm.
01/12/2020 14:28:15.1 [Lynx.Move To Location(VVP96).VVP96] Initial robot X/Y/ZStart/ZEnd coordinates: -159.52 mm, -525.10 mm, -2.00 mm, -2.00 mm, using motion profile 'Mid Speed'.
01/12/2020 14:28:15.2 [Lynx.Move To Location(VVP96).VVP96] Initial axis positions:'XL' -0.05 mm, 'YL' -0.03 mm, 'ZL' 0.00 mm
01/12/2020 14:28:17.9 [Lynx.Move To Location(VVP96).VVP96] Final axis positions:'XL' -159.48 mm, 'YL' -525.06 mm, 'ZL' -2.01 mm
01/12/2020 14:28:17.9 [Lynx.Move To Location(VVP96).VVP96] Time to complete: 2 s.
01/12/2020 14:28:17.9 Process 'Maintenance\WeeklyBarrelCheck.met'[1] 'Move To Location(VVP96)' CommandCompleted
01/12/2020 14:28:17.9 Process 'Maintenance\WeeklyBarrelCheck.met'[2] 'Load Tips(VVP96)' CommandStarted
01/12/2020 14:28:17.9 [Lynx.Load Tips(VVP96).VVP96] Plate 'LXB-96-300F_01', column/row offset (0, 0), X/Y offset (0.00 mm,0.00 mm), height: 0.00 mm.
01/12/2020 14:28:17.9 [Lynx.Load Tips(VVP96).VVP96] No current tip.
01/12/2020 14:28:17.9 [Lynx.Load Tips(VVP96).VVP96] Tip loading depth for tip type 'LXB-96-300F' is 10.4 mm.
01/12/2020 14:28:17.9 [Lynx.Load Tips(VVP96).VVP96] Plate is at location 'Loc_05' (3.95 mm, -432.02 mm, -174.57 mm) with a stack index of 1.
01/12/2020 14:28:18.0 [Lynx.Load Tips(VVP96).VVP96] Tip loading height adjustment is 0.0 mm and Z axis force limit is 30% of full power.
01/12/2020 14:28:18.0 [Lynx.Load Tips(VVP96).VVP96] Tip loading Z error limit will be 10.0 mm, XY error window will be 50.0 mm, and the XY axis holding force fraction will be 20%
01/12/2020 14:28:18.0 [Lynx.Load Tips(VVP96).VVP96] Initial robot X/Y/ZStart/ZEnd coordinates: -10.43 mm, -420.78 mm, -2.00 mm, -123.47 mm, using motion profile 'Mid Speed'.
01/12/2020 14:28:18.0 [Lynx.Load Tips(VVP96).VVP96] Initial axis positions:'XL' -159.48 mm, 'YL' -525.06 mm, 'ZL' -2.01 mm
01/12/2020 14:28:20.8 [XL] Relative motor limit setting 20.0%, changing limit from 100.0% to 20.0%
01/12/2020 14:28:20.8 [YL] Relative motor limit setting 20.0%, changing limit from 70.0% to 14.0%
01/12/2020 14:28:21.9 [Lynx.Load Tips(VVP96).VVP96] Maximum recorded tip load values: Position error 2.0 mm, motor current 29.7 %
01/12/2020 14:28:22.0 [Lynx.Load Tips(VVP96).VVP96] Tip load Z-axis motion complete.
01/12/2020 14:28:22.0 [Lynx.Load Tips(VVP96).VVP96] Tip load position errors for X/Y/Z: 0.08 mm, -0.01 mm, -1.98 mm
01/12/2020 14:28:22.2 [ZL] Absolute motor limit setting 24.0%, changing limit from 30.0% to 24.0%
01/12/2020 14:28:22.3 [ZL] Absolute motor limit setting 18.0%, changing limit from 24.0% to 18.0%
01/12/2020 14:28:22.4 [ZL] Absolute motor limit setting 12.0%, changing limit from 18.0% to 12.0%
01/12/2020 14:28:22.5 [ZL] Absolute motor limit setting 6.0%, changing limit from 12.0% to 6.0%
01/12/2020 14:28:22.6 [ZL] Relative motor limit setting 100.0%, changing limit from 6.0% to 30.0%
01/12/2020 14:28:24.3 [XL] Relative motor limit setting 100.0%, changing limit from 20.0% to 100.0%
01/12/2020 14:28:24.3 [YL] Relative motor limit setting 100.0%, changing limit from 14.0% to 70.0%
01/12/2020 14:28:24.3 [Lynx.Load Tips(VVP96).VVP96] Final axis positions:'XL' -10.48 mm, 'YL' -420.78 mm, 'ZL' -2.02 mm
01/12/2020 14:28:24.3 [Lynx.Load Tips(VVP96).VVP96] Current tip 'LXB-96-300F'.
01/12/2020 14:28:24.6 [Lynx.Load Tips(VVP96).VVP96] Time to complete: 6 s.
01/12/2020 14:28:24.6 Process 'Maintenance\WeeklyBarrelCheck.met'[2] 'Load Tips(VVP96)' CommandCompleted
01/12/2020 14:28:24.6 Process 'Maintenance\WeeklyBarrelCheck.met'[3] 'Aspirate(VVP96)' CommandStarted
01/12/2020 14:28:24.7 [Lynx.Aspirate(VVP96).VVP96] Plate 'Reservoir_01', column/row offset (0, 0), X/Y offset (0.00 mm,0.00 mm), height: 0.50 mm.
01/12/2020 14:28:24.7 [Lynx.Aspirate(VVP96).VVP96] Current tip 'LXB-96-300F'.
01/12/2020 14:28:24.7 [Lynx.Aspirate(VVP96).VVP96] Plate is at location 'Loc_06' (3.99 mm, -536.05 mm, -174.36 mm) with a stack index of 1.
01/12/2020 14:28:24.7 [VVP96] Use Auto Residual - OFF.
01/12/2020 14:28:24.8 [Lynx.Aspirate(VVP96).VVP96] VVP Pressure 'Mid-Range Volumes': Pressure 40 mbar, Residual vol. 0.59 uL, Pre/Post delay 0.00/1.00
01/12/2020 14:28:24.8 [Lynx.Aspirate(VVP96).VVP96] Aspirate parameters (96): Ch:A01 150.0uL/0.6uL; Ch:B01 150.0uL/0.6uL; Ch:C01 150.0uL/0.6uL; Ch:D01 150.0uL/0.6uL; Ch:E01 150.0uL/0.6uL; Ch:F01 150.0uL/0.6uL; Ch:G01 150.0uL/0.6uL; Ch:H01 150.0uL/0.6uL; Ch:A02 150.0uL/0.6uL; Ch:B02 150.0uL/0.6uL; Ch:C02 150.0uL/0.6uL; Ch:D02 150.0uL/0.6uL; Ch:E02 150.0uL/0.6uL; Ch:F02 150.0uL/0.6uL; Ch:G02 150.0uL/0.6uL; Ch:H02 150.0uL/0.6uL; Ch:A03 150.0uL/0.6uL; Ch:B03 150.0uL/0.6uL; Ch:C03 150.0uL/0.6uL; Ch:D03 150.0uL/0.6uL; Ch:E03 150.0uL/0.6uL; Ch:F03 150.0uL/0.6uL; Ch:G03 150.0uL/0.6uL; Ch:H03 150.0uL/0.6uL; Ch:A04 150.0uL/0.6uL; Ch:B04 150.0uL/0.6uL; Ch:C04 150.0uL/0.6uL; Ch:D04 150.0uL/0.6uL; Ch:E04 150.0uL/0.6uL; Ch:F04 150.0uL/0.6uL; Ch:G04 150.0uL/0.6uL; Ch:H04 150.0uL/0.6uL; Ch:A05 150.0uL/0.6uL; Ch:B05 150.0uL/0.6uL; Ch:C05 150.0uL/0.6uL; Ch:D05 150.0uL/0.6uL; Ch:E05 150.0uL/0.6uL; Ch:F05 150.0uL/0.6uL; Ch:G05 150.0uL/0.6uL; Ch:H05 150.0uL/0.6uL; Ch:A06 150.0uL/0.6uL; Ch:B06 150.0uL/0.6uL; Ch:C06 150.0uL/0.6uL; Ch:D06 150.0uL/0.6uL; Ch:E06 150.0uL/0.6uL; Ch:F06 150.0uL/0.6uL; Ch:G06 150.0uL/0.6uL; Ch:H06 150.0uL/0.6uL; Ch:A07 150.0uL/0.6uL; Ch:B07 150.0uL/0.6uL; Ch:C07 150.0uL/0.6uL; Ch:D07 150.0uL/0.6uL; Ch:E07 150.0uL/0.6uL; Ch:F07 150.0uL/0.6uL; Ch:G07 150.0uL/0.6uL; Ch:H07 150.0uL/0.6uL; Ch:A08 150.0uL/0.6uL; Ch:B08 150.0uL/0.6uL; Ch:C08 150.0uL/0.6uL; Ch:D08 150.0uL/0.6uL; Ch:E08 150.0uL/0.6uL; Ch:F08 150.0uL/0.6uL; Ch:G08 150.0uL/0.6uL; Ch:H08 150.0uL/0.6uL; Ch:A09 150.0uL/0.6uL; Ch:B09 150.0uL/0.6uL; Ch:C09 150.0uL/0.6uL; Ch:D09 150.0uL/0.6uL; Ch:E09 150.0uL/0.6uL; Ch:F09 150.0uL/0.6uL; Ch:G09 150.0uL/0.6uL; Ch:H09 150.0uL/0.6uL; Ch:A10 150.0uL/0.6uL; Ch:B10 150.0uL/0.6uL; Ch:C10 150.0uL/0.6uL; Ch:D10 150.0uL/0.6uL; Ch:E10 150.0uL/0.6uL; Ch:F10 150.0uL/0.6uL; Ch:G10 150.0uL/0.6uL; Ch:H10 150.0uL/0.6uL; Ch:A11 150.0uL/0.6uL; Ch:B11 150.0uL/0.6uL; Ch:C11 150.0uL/0.6uL; Ch:D11 150.0uL/0.6uL; Ch:E11 150.0uL/0.6uL; Ch:F11 150.0uL/0.6uL; Ch:G11 150.0uL/0.6uL; Ch:H11 150.0uL/0.6uL; Ch:A12 150.0uL/0.6uL; Ch:B12 150.0uL/0.6uL; Ch:C12 150.0uL/0.6uL; Ch:D12 150.0uL/0.6uL; Ch:E12 150.0uL/0.6uL; Ch:F12 150.0uL/0.6uL; Ch:G12 150.0uL/0.6uL; Ch:H12 150.0uL/0.6uL
01/12/2020 14:28:24.8 [Lynx.Aspirate(VVP96).VVP96] Post airgap parameters (96): Ch:A01 1.0uL/0.6uL; Ch:B01 0.5uL/0.4uL; Ch:C01 0.5uL/0.4uL; Ch:D01 0.5uL/0.4uL; Ch:E01 0.5uL/0.4uL; Ch:F01 0.5uL/0.4uL; Ch:G01 0.5uL/0.4uL; Ch:H01 0.5uL/0.4uL; Ch:A02 0.5uL/0.4uL; Ch:B02 0.5uL/0.4uL; Ch:C02 0.5uL/0.4uL; Ch:D02 0.5uL/0.4uL; Ch:E02 0.5uL/0.4uL; Ch:F02 0.5uL/0.4uL; Ch:G02 0.5uL/0.4uL; Ch:H02 0.5uL/0.4uL; Ch:A03 0.5uL/0.4uL; Ch:B03 0.5uL/0.4uL; Ch:C03 0.5uL/0.4uL; Ch:D03 0.5uL/0.4uL; Ch:E03 0.5uL/0.4uL; Ch:F03 0.5uL/0.4uL; Ch:G03 0.5uL/0.4uL; Ch:H03 0.5uL/0.4uL; Ch:A04 0.5uL/0.4uL; Ch:B04 0.5uL/0.4uL; Ch:C04 0.5uL/0.4uL; Ch:D04 0.5uL/0.4uL; Ch:E04 0.5uL/0.4uL; Ch:F04 0.5uL/0.4uL; Ch:G04 0.5uL/0.4uL; Ch:H04 0.5uL/0.4uL; Ch:A05 0.5uL/0.4uL; Ch:B05 0.5uL/0.4uL; Ch:C05 0.5uL/0.4uL; Ch:D05 0.5uL/0.4uL; Ch:E05 0.5uL/0.4uL; Ch:F05 0.5uL/0.4uL; Ch:G05 0.5uL/0.4uL; Ch:H05 0.5uL/0.4uL; Ch:A06 0.5uL/0.4uL; Ch:B06 0.5uL/0.4uL; Ch:C06 0.5uL/0.4uL; Ch:D06 0.5uL/0.4uL; Ch:E06 0.5uL/0.4uL; Ch:F06 0.5uL/0.4uL; Ch:G06 0.5uL/0.4uL; Ch:H06 0.5uL/0.4uL; Ch:A07 0.5uL/0.4uL; Ch:B07 0.5uL/0.4uL; Ch:C07 0.5uL/0.4uL; Ch:D07 0.5uL/0.4uL; Ch:E07 0.5uL/0.4uL; Ch:F07 0.5uL/0.4uL; Ch:G07 0.5uL/0.4uL; Ch:H07 0.5uL/0.4uL; Ch:A08 0.5uL/0.4uL; Ch:B08 0.5uL/0.4uL; Ch:C08 0.5uL/0.4uL; Ch:D08 0.5uL/0.4uL; Ch:E08 0.5uL/0.4uL; Ch:F08 0.5uL/0.4uL; Ch:G08 0.5uL/0.4uL; Ch:H08 0.5uL/0.4uL; Ch:A09 0.5uL/0.4uL; Ch:B09 0.5uL/0.4uL; Ch:C09 0.5uL/0.4uL; Ch:D09 0.5uL/0.4uL; Ch:E09 0.5uL/0.4uL; Ch:F09 0.5uL/0.4uL; Ch:G09 0.5uL/0.4uL; Ch:H09 0.5uL/0.4uL; Ch:A10 0.5uL/0.4uL; Ch:B10 0.5uL/0.4uL; Ch:C10 0.5uL/0.4uL; Ch:D10 0.5uL/0.4uL; Ch:E10 0.5uL/0.4uL; Ch:F10 0.5uL/0.4uL; Ch:G10 0.5uL/0.4uL; Ch:H10 0.5uL/0.4uL; Ch:A11 0.5uL/0.4uL; Ch:B11 0.5uL/0.4uL; Ch:C11 0.5uL/0.4uL; Ch:D11 0.5uL/0.4uL; Ch:E11 0.5uL/0.4uL; Ch:F11 0.5uL/0.4uL; Ch:G11 0.5uL/0.4uL; Ch:H11 0.5uL/0.4uL; Ch:A12 0.5uL/0.4uL; Ch:B12 0.5uL/0.4uL; Ch:C12 0.5uL/0.4uL; Ch:D12 0.5uL/0.4uL; Ch:E12 0.5uL/0.4uL; Ch:F12 0.5uL/0.4uL; Ch:G12 0.5uL/0.4uL; Ch:H12 0.5uL/0.4uL
01/12/2020 14:28:24.8 [VVP96] Use Auto Residual - OFF.
01/12/2020 14:28:24.8 [Lynx.Aspirate(VVP96).VVP96] Hydrostatic Pressure Correction Enabled (Channel A01) volume : 1.00 ul.
01/12/2020 14:28:24.8 [Lynx.Aspirate(VVP96).VVP96] Hydrostatic Pressure Correction Enabled (Channel B01) volume : 1.00 ul.
01/12/2020 14:28:24.8 [Lynx.Aspirate(VVP96).VVP96] Hydrostatic Pressure Correction Enabled (Channel C01) volume : 1.00 ul.
01/12/2020 14:28:24.8 [Lynx.Aspirate(VVP96).VVP96] Hydrostatic Pressure Correction Enabled (Channel D01) volume : 1.00 ul.
01/12/2020 14:28:24.8 [Lynx.Aspirate(VVP96).VVP96] Hydrostatic Pressure Correction Enabled (Channel E01) volume : 1.00 ul.
01/12/2020 14:28:24.8 [Lynx.Aspirate(VVP96).VVP96] Hydrostatic Pressure Correction Enabled (Channel F01) volume : 1.00 ul.
01/12/2020 14:28:24.8 [Lynx.Aspirate(VVP96).VVP96] Hydrostatic Pressure Correction Enabled (Channel G01) volume : 1.00 ul.
01/12/2020 14:28:24.8 [Lynx.Aspirate(VVP96).VVP96] Hydrostatic Pressure Correction Enabled (Channel H01) volume : 1.00 ul.
01/12/2020 14:28:24.8 [Lynx.Aspirate(VVP96).VVP96] Hydrostatic Pressure Correction Enabled (Channel A02) volume : 1.00 ul.
01/12/2020 14:28:24.8 [Lynx.Aspirate(VVP96).VVP96] Hydrostatic Pressure Correction Enabled (Channel B02) volume : 1.00 ul.
01/12/2020 14:28:24.8 [Lynx.Aspirate(VVP96).VVP96] Hydrostatic Pressure Correction Enabled (Channel C02) volume : 1.00 ul.
01/12/2020 14:28:24.8 [Lynx.Aspirate(VVP96).VVP96] Hydrostatic Pressure Correction Enabled (Channel D02) volume : 1.00 ul.
01/12/2020 14:28:24.8 [Lynx.Aspirate(VVP96).VVP96] Hydrostatic Pressure Correction Enabled (Channel E02) volume : 1.00 ul.
01/12/2020 14:28:24.8 [Lynx.Aspirate(VVP96).VVP96] Hydrostatic Pressure Correction Enabled (Channel F02) volume : 1.00 ul.
01/12/2020 14:28:24.8 [Lynx.Aspirate(VVP96).VVP96] Hydrostatic Pressure Correction Enabled (Channel G02) volume : 1.00 ul.
01/12/2020 14:28:24.8 [Lynx.Aspirate(VVP96).VVP96] Hydrostatic Pressure Correction Enabled (Channel H02) volume : 1.00 ul.
01/12/2020 14:28:24.8 [Lynx.Aspirate(VVP96).VVP96] Hydrostatic Pressure Correction Enabled (Channel A03) volume : 1.00 ul.
01/12/2020 14:28:24.8 [Lynx.Aspirate(VVP96).VVP96] Hydrostatic Pressure Correction Enabled (Channel B03) volume : 1.00 ul.
01/12/2020 14:28:24.8 [Lynx.Aspirate(VVP96).VVP96] Hydrostatic Pressure Correction Enabled (Channel C03) volume : 1.00 ul.
01/12/2020 14:28:24.8 [Lynx.Aspirate(VVP96).VVP96] Hydrostatic Pressure Correction Enabled (Channel D03) volume : 1.00 ul.
01/12/2020 14:28:24.8 [Lynx.Aspirate(VVP96).VVP96] Hydrostatic Pressure Correction Enabled (Channel E03) volume : 1.00 ul.
01/12/2020 14:28:24.8 [Lynx.Aspirate(VVP96).VVP96] Hydrostatic Pressure Correction Enabled (Channel F03) volume : 1.00 ul.
01/12/2020 14:28:24.8 [Lynx.Aspirate(VVP96).VVP96] Hydrostatic Pressure Correction Enabled (Channel G03) volume : 1.00 ul.
01/12/2020 14:28:24.8 [Lynx.Aspirate(VVP96).VVP96] Hydrostatic Pressure Correction Enabled (Channel H03) volume : 1.00 ul.
01/12/2020 14:28:24.8 [Lynx.Aspirate(VVP96).VVP96] Hydrostatic Pressure Correction Enabled (Channel A04) volume : 1.00 ul.
01/12/2020 14:28:24.8 [Lynx.Aspirate(VVP96).VVP96] Hydrostatic Pressure Correction Enabled (Channel B04) volume : 1.00 ul.
01/12/2020 14:28:24.8 [Lynx.Aspirate(VVP96).VVP96] Hydrostatic Pressure Correction Enabled (Channel C04) volume : 1.00 ul.
01/12/2020 14:28:24.8 [Lynx.Aspirate(VVP96).VVP96] Hydrostatic Pressure Correction Enabled (Channel D04) volume : 1.00 ul.
01/12/2020 14:28:24.8 [Lynx.Aspirate(VVP96).VVP96] Hydrostatic Pressure Correction Enabled (Channel E04) volume : 1.00 ul.
01/12/2020 14:28:24.8 [Lynx.Aspirate(VVP96).VVP96] Hydrostatic Pressure Correction Enabled (Channel F04) volume : 1.00 ul.
01/12/2020 14:28:24.8 [Lynx.Aspirate(VVP96).VVP96] Hydrostatic Pressure Correction Enabled (Channel G04) volume : 1.00 ul.
01/12/2020 14:28:24.8 [Lynx.Aspirate(VVP96).VVP96] Hydrostatic Pressure Correction Enabled (Channel H04) volume : 1.00 ul.
01/12/2020 14:28:24.8 [Lynx.Aspirate(VVP96).VVP96] Hydrostatic Pressure Correction Enabled (Channel A05) volume : 1.00 ul.
01/12/2020 14:28:24.8 [Lynx.Aspirate(VVP96).VVP96] Hydrostatic Pressure Correction Enabled (Channel B05) volume : 1.00 ul.
01/12/2020 14:28:24.8 [Lynx.Aspirate(VVP96).VVP96] Hydrostatic Pressure Correction Enabled (Channel C05) volume : 1.00 ul.
01/12/2020 14:28:24.8 [Lynx.Aspirate(VVP96).VVP96] Hydrostatic Pressure Correction Enabled (Channel D05) volume : 1.00 ul.
01/12/2020 14:28:24.8 [Lynx.Aspirate(VVP96).VVP96] Hydrostatic Pressure Correction Enabled (Channel E05) volume : 1.00 ul.
01/12/2020 14:28:24.8 [Lynx.Aspirate(VVP96).VVP96] Hydrostatic Pressure Correction Enabled (Channel F05) volume : 1.00 ul.
01/12/2020 14:28:24.8 [Lynx.Aspirate(VVP96).VVP96] Hydrostatic Pressure Correction Enabled (Channel G05) volume : 1.00 ul.
01/12/2020 14:28:24.8 [Lynx.Aspirate(VVP96).VVP96] Hydrostatic Pressure Correction Enabled (Channel H05) volume : 1.00 ul.
01/12/2020 14:28:24.8 [Lynx.Aspirate(VVP96).VVP96] Hydrostatic Pressure Correction Enabled (Channel A06) volume : 1.00 ul.
01/12/2020 14:28:24.8 [Lynx.Aspirate(VVP96).VVP96] Hydrostatic Pressure Correction Enabled (Channel B06) volume : 1.00 ul.
01/12/2020 14:28:24.8 [Lynx.Aspirate(VVP96).VVP96] Hydrostatic Pressure Correction Enabled (Channel C06) volume : 1.00 ul.
01/12/2020 14:28:24.8 [Lynx.Aspirate(VVP96).VVP96] Hydrostatic Pressure Correction Enabled (Channel D06) volume : 1.00 ul.
01/12/2020 14:28:24.8 [Lynx.Aspirate(VVP96).VVP96] Hydrostatic Pressure Correction Enabled (Channel E06) volume : 1.00 ul.
01/12/2020 14:28:24.8 [Lynx.Aspirate(VVP96).VVP96] Hydrostatic Pressure Correction Enabled (Channel F06) volume : 1.00 ul.
01/12/2020 14:28:24.8 [Lynx.Aspirate(VVP96).VVP96] Hydrostatic Pressure Correction Enabled (Channel G06) volume : 1.00 ul.
01/12/2020 14:28:24.8 [Lynx.Aspirate(VVP96).VVP96] Hydrostatic Pressure Correction Enabled (Channel H06) volume : 1.00 ul.
01/12/2020 14:28:24.8 [Lynx.Aspirate(VVP96).VVP96] Hydrostatic Pressure Correction Enabled (Channel A07) volume : 1.00 ul.
01/12/2020 14:28:24.8 [Lynx.Aspirate(VVP96).VVP96] Hydrostatic Pressure Correction Enabled (Channel B07) volume : 1.00 ul.
01/12/2020 14:28:24.8 [Lynx.Aspirate(VVP96).VVP96] Hydrostatic Pressure Correction Enabled (Channel C07) volume : 1.00 ul.
01/12/2020 14:28:24.8 [Lynx.Aspirate(VVP96).VVP96] Hydrostatic Pressure Correction Enabled (Channel D07) volume : 1.00 ul.
01/12/2020 14:28:24.8 [Lynx.Aspirate(VVP96).VVP96] Hydrostatic Pressure Correction Enabled (Channel E07) volume : 1.00 ul.
01/12/2020 14:28:24.8 [Lynx.Aspirate(VVP96).VVP96] Hydrostatic Pressure Correction Enabled (Channel F07) volume : 1.00 ul.
01/12/2020 14:28:24.8 [Lynx.Aspirate(VVP96).VVP96] Hydrostatic Pressure Correction Enabled (Channel G07) volume : 1.00 ul.
01/12/2020 14:28:24.8 [Lynx.Aspirate(VVP96).VVP96] Hydrostatic Pressure Correction Enabled (Channel H07) volume : 1.00 ul.
01/12/2020 14:28:24.8 [Lynx.Aspirate(VVP96).VVP96] Hydrostatic Pressure Correction Enabled (Channel A08) volume : 1.00 ul.
01/12/2020 14:28:24.8 [Lynx.Aspirate(VVP96).VVP96] Hydrostatic Pressure Correction Enabled (Channel B08) volume : 1.00 ul.
01/12/2020 14:28:24.8 [Lynx.Aspirate(VVP96).VVP96] Hydrostatic Pressure Correction Enabled (Channel C08) volume : 1.00 ul.
01/12/2020 14:28:24.8 [Lynx.Aspirate(VVP96).VVP96] Hydrostatic Pressure Correction Enabled (Channel D08) volume : 1.00 ul.
01/12/2020 14:28:24.8 [Lynx.Aspirate(VVP96).VVP96] Hydrostatic Pressure Correction Enabled (Channel E08) volume : 1.00 ul.
01/12/2020 14:28:24.8 [Lynx.Aspirate(VVP96).VVP96] Hydrostatic Pressure Correction Enabled (Channel F08) volume : 1.00 ul.
01/12/2020 14:28:24.8 [Lynx.Aspirate(VVP96).VVP96] Hydrostatic Pressure Correction Enabled (Channel G08) volume : 1.00 ul.
01/12/2020 14:28:24.8 [Lynx.Aspirate(VVP96).VVP96] Hydrostatic Pressure Correction Enabled (Channel H08) volume : 1.00 ul.
01/12/2020 14:28:24.8 [Lynx.Aspirate(VVP96).VVP96] Hydrostatic Pressure Correction Enabled (Channel A09) volume : 1.00 ul.
01/12/2020 14:28:24.8 [Lynx.Aspirate(VVP96).VVP96] Hydrostatic Pressure Correction Enabled (Channel B09) volume : 1.00 ul.
01/12/2020 14:28:24.8 [Lynx.Aspirate(VVP96).VVP96] Hydrostatic Pressure Correction Enabled (Channel C09) volume : 1.00 ul.
01/12/2020 14:28:24.8 [Lynx.Aspirate(VVP96).VVP96] Hydrostatic Pressure Correction Enabled (Channel D09) volume : 1.00 ul.
01/12/2020 14:28:24.8 [Lynx.Aspirate(VVP96).VVP96] Hydrostatic Pressure Correction Enabled (Channel E09) volume : 1.00 ul.
01/12/2020 14:28:24.8 [Lynx.Aspirate(VVP96).VVP96] Hydrostatic Pressure Correction Enabled (Channel F09) volume : 1.00 ul.
01/12/2020 14:28:24.8 [Lynx.Aspirate(VVP96).VVP96] Hydrostatic Pressure Correction Enabled (Channel G09) volume : 1.00 ul.
01/12/2020 14:28:24.8 [Lynx.Aspirate(VVP96).VVP96] Hydrostatic Pressure Correction Enabled (Channel H09) volume : 1.00 ul.
01/12/2020 14:28:24.8 [Lynx.Aspirate(VVP96).VVP96] Hydrostatic Pressure Correction Enabled (Channel A10) volume : 1.00 ul.
01/12/2020 14:28:24.8 [Lynx.Aspirate(VVP96).VVP96] Hydrostatic Pressure Correction Enabled (Channel B10) volume : 1.00 ul.
01/12/2020 14:28:24.8 [Lynx.Aspirate(VVP96).VVP96] Hydrostatic Pressure Correction Enabled (Channel C10) volume : 1.00 ul.
01/12/2020 14:28:24.8 [Lynx.Aspirate(VVP96).VVP96] Hydrostatic Pressure Correction Enabled (Channel D10) volume : 1.00 ul.
01/12/2020 14:28:24.8 [Lynx.Aspirate(VVP96).VVP96] Hydrostatic Pressure Correction Enabled (Channel E10) volume : 1.00 ul.
01/12/2020 14:28:24.8 [Lynx.Aspirate(VVP96).VVP96] Hydrostatic Pressure Correction Enabled (Channel F10) volume : 1.00 ul.
01/12/2020 14:28:24.8 [Lynx.Aspirate(VVP96).VVP96] Hydrostatic Pressure Correction Enabled (Channel G10) volume : 1.00 ul.
01/12/2020 14:28:24.8 [Lynx.Aspirate(VVP96).VVP96] Hydrostatic Pressure Correction Enabled (Channel H10) volume : 1.00 ul.
01/12/2020 14:28:24.8 [Lynx.Aspirate(VVP96).VVP96] Hydrostatic Pressure Correction Enabled (Channel A11) volume : 1.00 ul.
01/12/2020 14:28:24.8 [Lynx.Aspirate(VVP96).VVP96] Hydrostatic Pressure Correction Enabled (Channel B11) volume : 1.00 ul.
01/12/2020 14:28:24.8 [Lynx.Aspirate(VVP96).VVP96] Hydrostatic Pressure Correction Enabled (Channel C11) volume : 1.00 ul.
01/12/2020 14:28:24.8 [Lynx.Aspirate(VVP96).VVP96] Hydrostatic Pressure Correction Enabled (Channel D11) volume : 1.00 ul.
01/12/2020 14:28:24.8 [Lynx.Aspirate(VVP96).VVP96] Hydrostatic Pressure Correction Enabled (Channel E11) volume : 1.00 ul.
01/12/2020 14:28:24.8 [Lynx.Aspirate(VVP96).VVP96] Hydrostatic Pressure Correction Enabled (Channel F11) volume : 1.00 ul.
01/12/2020 14:28:24.8 [Lynx.Aspirate(VVP96).VVP96] Hydrostatic Pressure Correction Enabled (Channel G11) volume : 1.00 ul.
01/12/2020 14:28:24.8 [Lynx.Aspirate(VVP96).VVP96] Hydrostatic Pressure Correction Enabled (Channel H11) volume : 1.00 ul.
01/12/2020 14:28:24.8 [Lynx.Aspirate(VVP96).VVP96] Hydrostatic Pressure Correction Enabled (Channel A12) volume : 1.00 ul.
01/12/2020 14:28:24.8 [Lynx.Aspirate(VVP96).VVP96] Hydrostatic Pressure Correction Enabled (Channel B12) volume : 1.00 ul.
01/12/2020 14:28:24.8 [Lynx.Aspirate(VVP96).VVP96] Hydrostatic Pressure Correction Enabled (Channel C12) volume : 1.00 ul.
01/12/2020 14:28:24.8 [Lynx.Aspirate(VVP96).VVP96] Hydrostatic Pressure Correction Enabled (Channel D12) volume : 1.00 ul.
01/12/2020 14:28:24.8 [Lynx.Aspirate(VVP96).VVP96] Hydrostatic Pressure Correction Enabled (Channel E12) volume : 1.00 ul.
01/12/2020 14:28:24.8 [Lynx.Aspirate(VVP96).VVP96] Hydrostatic Pressure Correction Enabled (Channel F12) volume : 1.00 ul.
01/12/2020 14:28:24.8 [Lynx.Aspirate(VVP96).VVP96] Hydrostatic Pressure Correction Enabled (Channel G12) volume : 1.00 ul.
01/12/2020 14:28:24.8 [Lynx.Aspirate(VVP96).VVP96] Hydrostatic Pressure Correction Enabled (Channel H12) volume : 1.00 ul.
01/12/2020 14:28:24.8 [Lynx.Aspirate(VVP96).VVP96] Initial robot X/Y/ZStart/ZEnd coordinates: -10.31 mm, -524.85 mm, -120.12 mm, -120.62 mm, using motion profile 'Mid Speed'.
01/12/2020 14:28:24.8 [VVP96] VVP Pressure Controller ON.
01/12/2020 14:28:25.2 [Lynx.Aspirate(VVP96).VVP96] Initial axis positions:'XL' -10.48 mm, 'YL' -420.78 mm, 'ZL' -2.02 mm
01/12/2020 14:28:28.1 [VVP96] Clog detection is off.
01/12/2020 14:28:28.1 [VVP96] Aspirate diagnostics are off.
01/12/2020 14:28:28.1 [VVP96] Set VVP: command 'Clogging Limit' with setting of 0 for 96 channels.
01/12/2020 14:28:28.3 [VVP96] Set VVP: command 'Air-to-Liquid Sens.' with setting of 0 for 96 channels.
01/12/2020 14:28:28.6 [VVP96] Set VVP: command 'Liquid-to-Air Sens.' with setting of 0 for 96 channels.
01/12/2020 14:28:29.9 [VVP96] VVP Aspirate pressure is 42 mbar.
01/12/2020 14:28:32.1 [VVP96] Aspirate complete.
01/12/2020 14:28:33.0 [VVP96] Average residual volume was 1.14 ul for 96 channels at 40 mbar pressure
01/12/2020 14:28:33.3 [Lynx.Aspirate(VVP96).VVP96] Aspirate results: Ch:A01 151.6uL/1.1uL OK, Ch:B01 151.6uL/1.1uL OK, Ch:C01 151.6uL/1.1uL OK, Ch:D01 151.5uL/1.1uL OK, Ch:E01 151.7uL/1.2uL OK, Ch:F01 151.5uL/1.1uL OK, Ch:G01 151.7uL/1.2uL OK, Ch:H01 151.6uL/1.1uL OK, Ch:A02 151.6uL/1.1uL OK, Ch:B02 151.7uL/1.2uL OK, Ch:C02 151.6uL/1.1uL OK, Ch:D02 151.7uL/1.2uL OK, Ch:E02 151.7uL/1.2uL OK, Ch:F02 151.5uL/1.0uL OK, Ch:G02 151.6uL/1.1uL OK, Ch:H02 151.5uL/1.1uL OK, Ch:A03 151.7uL/1.2uL OK, Ch:B03 151.6uL/1.1uL OK, Ch:C03 151.6uL/1.1uL OK, Ch:D03 151.7uL/1.2uL OK, Ch:E03 151.6uL/1.2uL OK, Ch:F03 151.7uL/1.2uL OK, Ch:G03 151.6uL/1.1uL OK, Ch:H03 151.6uL/1.1uL OK, Ch:A04 151.7uL/1.2uL OK, Ch:B04 151.6uL/1.1uL OK, Ch:C04 151.7uL/1.2uL OK, Ch:D04 151.6uL/1.1uL OK, Ch:E04 151.5uL/1.1uL OK, Ch:F04 151.6uL/1.1uL OK, Ch:G04 151.7uL/1.2uL OK, Ch:H04 151.6uL/1.1uL OK, Ch:A05 151.6uL/1.1uL OK, Ch:B05 151.5uL/1.1uL OK, Ch:C05 151.6uL/1.1uL OK, Ch:D05 151.6uL/1.1uL OK, Ch:E05 151.5uL/1.1uL OK, Ch:F05 151.7uL/1.2uL OK, Ch:G05 151.8uL/1.3uL OK, Ch:H05 151.5uL/1.1uL OK, Ch:A06 151.6uL/1.1uL OK, Ch:B06 151.5uL/1.1uL OK, Ch:C06 151.6uL/1.1uL OK, Ch:D06 151.4uL/1.0uL OK, Ch:E06 151.6uL/1.1uL OK, Ch:F06 151.5uL/1.1uL OK, Ch:G06 151.7uL/1.2uL OK, Ch:H06 151.6uL/1.1uL OK, Ch:A07 151.6uL/1.1uL OK, Ch:B07 151.5uL/1.1uL OK, Ch:C07 151.7uL/1.2uL OK, Ch:D07 151.7uL/1.2uL OK, Ch:E07 151.7uL/1.2uL OK, Ch:F07 151.5uL/1.1uL OK, Ch:G07 151.6uL/1.1uL OK, Ch:H07 151.6uL/1.2uL OK, Ch:A08 151.7uL/1.2uL OK, Ch:B08 151.7uL/1.2uL OK, Ch:C08 151.6uL/1.1uL OK, Ch:D08 151.6uL/1.2uL OK, Ch:E08 151.7uL/1.2uL OK, Ch:F08 151.6uL/1.2uL OK, Ch:G08 151.7uL/1.2uL OK, Ch:H08 151.5uL/1.1uL OK, Ch:A09 151.6uL/1.1uL OK, Ch:B09 151.6uL/1.2uL OK, Ch:C09 151.7uL/1.2uL OK, Ch:D09 151.6uL/1.2uL OK, Ch:E09 151.7uL/1.2uL OK, Ch:F09 151.7uL/1.2uL OK, Ch:G09 151.6uL/1.1uL OK, Ch:H09 151.6uL/1.2uL OK, Ch:A10 151.6uL/1.1uL OK, Ch:B10 151.9uL/1.4uL OK, Ch:C10 151.7uL/1.2uL OK, Ch:D10 151.6uL/1.1uL OK, Ch:E10 151.6uL/1.1uL OK, Ch:F10 151.6uL/1.1uL OK, Ch:G10 151.6uL/1.2uL OK, Ch:H10 151.7uL/1.2uL OK, Ch:A11 151.6uL/1.1uL OK, Ch:B11 151.7uL/1.2uL OK, Ch:C11 151.5uL/1.1uL OK, Ch:D11 151.6uL/1.2uL OK, Ch:E11 151.7uL/1.2uL OK, Ch:F11 151.6uL/1.2uL OK, Ch:G11 151.6uL/1.1uL OK, Ch:H11 151.6uL/1.1uL OK, Ch:A12 151.5uL/1.1uL OK, Ch:B12 151.7uL/1.2uL OK, Ch:C12 151.7uL/1.2uL OK, Ch:D12 151.5uL/1.1uL OK, Ch:E12 151.6uL/1.1uL OK, Ch:F12 151.6uL/1.1uL OK, Ch:G12 151.5uL/1.1uL OK, Ch:H12 151.5uL/1.1uL OK
01/12/2020 14:28:34.3 [Lynx.Aspirate(VVP96).VVP96] Set aspirate pressure for post airgap.
01/12/2020 14:28:35.4 [VVP96] Clog detection is off.
01/12/2020 14:28:35.4 [VVP96] Aspirate diagnostics are off.
01/12/2020 14:28:35.4 [VVP96] Set VVP: command 'Clogging Limit' with setting of 0 for 96 channels.
01/12/2020 14:28:35.8 [VVP96] Set VVP: command 'Air-to-Liquid Sens.' with setting of 0 for 96 channels.
01/12/2020 14:28:36.0 [VVP96] Set VVP: command 'Liquid-to-Air Sens.' with setting of 0 for 96 channels.
01/12/2020 14:28:37.4 [VVP96] VVP Aspirate pressure is 30 mbar.
01/12/2020 14:28:37.9 [VVP96] Aspirate complete.
01/12/2020 14:28:38.8 [VVP96] Average residual volume was 0.72 ul for 96 channels at 30 mbar pressure
01/12/2020 14:28:39.0 [Lynx.Aspirate(VVP96).VVP96] Post airgap results: Ch:A01 1.2uL/0.8uL OK, Ch:B01 0.9uL/0.7uL OK, Ch:C01 1.0uL/0.8uL OK, Ch:D01 0.9uL/0.8uL OK, Ch:E01 0.8uL/0.7uL OK, Ch:F01 0.8uL/0.7uL OK, Ch:G01 1.0uL/0.8uL OK, Ch:H01 0.9uL/0.7uL OK, Ch:A02 0.8uL/0.6uL OK, Ch:B02 0.8uL/0.7uL OK, Ch:C02 0.9uL/0.8uL OK, Ch:D02 0.8uL/0.7uL OK, Ch:E02 0.8uL/0.7uL OK, Ch:F02 0.8uL/0.7uL OK, Ch:G02 0.9uL/0.7uL OK, Ch:H02 0.9uL/0.7uL OK, Ch:A03 0.8uL/0.7uL OK, Ch:B03 0.9uL/0.7uL OK, Ch:C03 0.9uL/0.7uL OK, Ch:D03 0.9uL/0.7uL OK, Ch:E03 0.9uL/0.7uL OK, Ch:F03 0.9uL/0.7uL OK, Ch:G03 0.9uL/0.8uL OK, Ch:H03 0.8uL/0.7uL OK, Ch:A04 0.8uL/0.7uL OK, Ch:B04 0.8uL/0.7uL OK, Ch:C04 0.9uL/0.7uL OK, Ch:D04 0.8uL/0.7uL OK, Ch:E04 0.9uL/0.7uL OK, Ch:F04 0.9uL/0.7uL OK, Ch:G04 0.9uL/0.7uL OK, Ch:H04 0.9uL/0.7uL OK, Ch:A05 0.8uL/0.7uL OK, Ch:B05 0.9uL/0.7uL OK, Ch:C05 0.8uL/0.7uL OK, Ch:D05 0.9uL/0.7uL OK, Ch:E05 0.9uL/0.7uL OK, Ch:F05 0.9uL/0.7uL OK, Ch:G05 1.0uL/0.8uL OK, Ch:H05 0.8uL/0.7uL OK, Ch:A06 0.8uL/0.7uL OK, Ch:B06 0.8uL/0.7uL OK, Ch:C06 0.9uL/0.7uL OK, Ch:D06 0.8uL/0.7uL OK, Ch:E06 0.9uL/0.7uL OK, Ch:F06 0.8uL/0.7uL OK, Ch:G06 0.9uL/0.8uL OK, Ch:H06 0.8uL/0.7uL OK, Ch:A07 0.9uL/0.7uL OK, Ch:B07 0.8uL/0.7uL OK, Ch:C07 0.8uL/0.7uL OK, Ch:D07 0.9uL/0.7uL OK, Ch:E07 0.8uL/0.7uL OK, Ch:F07 0.9uL/0.7uL OK, Ch:G07 0.9uL/0.7uL OK, Ch:H07 0.8uL/0.7uL OK, Ch:A08 0.9uL/0.8uL OK, Ch:B08 0.8uL/0.7uL OK, Ch:C08 0.8uL/0.7uL OK, Ch:D08 1.0uL/0.8uL OK, Ch:E08 0.9uL/0.8uL OK, Ch:F08 0.9uL/0.8uL OK, Ch:G08 0.9uL/0.7uL OK, Ch:H08 0.9uL/0.7uL OK, Ch:A09 0.9uL/0.7uL OK, Ch:B09 0.9uL/0.7uL OK, Ch:C09 1.0uL/0.8uL OK, Ch:D09 0.9uL/0.7uL OK, Ch:E09 0.9uL/0.7uL OK, Ch:F09 0.8uL/0.7uL OK, Ch:G09 0.9uL/0.7uL OK, Ch:H09 0.9uL/0.7uL OK, Ch:A10 1.0uL/0.9uL OK, Ch:B10 1.1uL/0.9uL OK, Ch:C10 0.9uL/0.8uL OK, Ch:D10 0.9uL/0.7uL OK, Ch:E10 0.9uL/0.7uL OK, Ch:F10 1.0uL/0.8uL OK, Ch:G10 0.8uL/0.7uL OK, Ch:H10 0.8uL/0.7uL OK, Ch:A11 0.8uL/0.7uL OK, Ch:B11 0.9uL/0.7uL OK, Ch:C11 0.9uL/0.7uL OK, Ch:D11 0.9uL/0.7uL OK, Ch:E11 1.0uL/0.8uL OK, Ch:F11 0.8uL/0.7uL OK, Ch:G11 0.9uL/0.7uL OK, Ch:H11 0.9uL/0.7uL OK, Ch:A12 0.9uL/0.7uL OK, Ch:B12 0.9uL/0.7uL OK, Ch:C12 1.0uL/0.8uL OK, Ch:D12 0.9uL/0.8uL OK, Ch:E12 0.8uL/0.7uL OK, Ch:F12 1.0uL/0.8uL OK, Ch:G12 1.0uL/0.8uL OK, Ch:H12 0.8uL/0.7uL OK
01/12/2020 14:28:39.0 [Lynx.Aspirate(VVP96).VVP96] Final axis positions:'XL' -10.36 mm, 'YL' -524.82 mm, 'ZL' -71.43 mm
01/12/2020 14:28:39.2 [VVP96] VVP Pressure Controller OFF.
01/12/2020 14:28:39.3 [Lynx.Aspirate(VVP96).VVP96] Time to complete: 14 s.
01/12/2020 14:28:39.3 Process 'Maintenance\WeeklyBarrelCheck.met'[3] 'Aspirate(VVP96)' CommandCompleted
01/12/2020 14:28:39.4 Process 'Maintenance\WeeklyBarrelCheck.met'[4] 'Wait' CommandStarted
01/12/2020 14:29:24.4 Process 'Maintenance\WeeklyBarrelCheck.met'[4] 'Wait' CommandCompleted
01/12/2020 14:29:24.5 Process 'Maintenance\WeeklyBarrelCheck.met'[5] 'Show Message' CommandStarted
01/12/2020 14:29:25.1 Process 'Maintenance\WeeklyBarrelCheck.met'[5] 'Show Message' CommandCompleted
01/12/2020 14:29:25.2 Process 'Maintenance\WeeklyBarrelCheck.met'[6] 'Dispense(VVP96)' CommandStarted
01/12/2020 14:29:25.2 [Lynx.Dispense(VVP96).VVP96] Plate 'Reservoir_01', column/row offset (0, 0), X/Y offset (0.00 mm,0.00 mm), height: 2.00 mm.
01/12/2020 14:29:25.2 [Lynx.Dispense(VVP96).VVP96] Current tip 'LXB-96-300F'.
01/12/2020 14:29:25.2 [Lynx.Dispense(VVP96).VVP96] Plate is at location 'Loc_06' (3.99 mm, -536.05 mm, -174.36 mm) with a stack index of 1.
01/12/2020 14:29:25.2 [VVP96] Use Auto Residual - OFF.
01/12/2020 14:29:25.2 [Lynx.Dispense(VVP96).VVP96] VVP Pressure 'Mid-Range Volumes': Pressure 40 mbar, Residual vol. 0.64 uL, Pre/Post delay 0.00/1.00
01/12/2020 14:29:25.2 [Lynx.Dispense(VVP96).VVP96] Dispense parameters (96): Ch:A01 152.8uL/0.6uL; Ch:B01 152.5uL/0.6uL; Ch:C01 152.6uL/0.6uL; Ch:D01 152.4uL/0.6uL; Ch:E01 152.5uL/0.6uL; Ch:F01 152.3uL/0.6uL; Ch:G01 152.7uL/0.6uL; Ch:H01 152.5uL/0.6uL; Ch:A02 152.4uL/0.6uL; Ch:B02 152.5uL/0.6uL; Ch:C02 152.5uL/0.6uL; Ch:D02 152.5uL/0.6uL; Ch:E02 152.5uL/0.6uL; Ch:F02 152.3uL/0.6uL; Ch:G02 152.5uL/0.6uL; Ch:H02 152.4uL/0.6uL; Ch:A03 152.5uL/0.6uL; Ch:B03 152.5uL/0.6uL; Ch:C03 152.5uL/0.6uL; Ch:D03 152.6uL/0.6uL; Ch:E03 152.5uL/0.6uL; Ch:F03 152.6uL/0.6uL; Ch:G03 152.5uL/0.6uL; Ch:H03 152.4uL/0.6uL; Ch:A04 152.5uL/0.6uL; Ch:B04 152.4uL/0.6uL; Ch:C04 152.6uL/0.6uL; Ch:D04 152.4uL/0.6uL; Ch:E04 152.4uL/0.6uL; Ch:F04 152.5uL/0.6uL; Ch:G04 152.6uL/0.6uL; Ch:H04 152.5uL/0.6uL; Ch:A05 152.4uL/0.6uL; Ch:B05 152.4uL/0.6uL; Ch:C05 152.4uL/0.6uL; Ch:D05 152.5uL/0.6uL; Ch:E05 152.4uL/0.6uL; Ch:F05 152.6uL/0.6uL; Ch:G05 152.8uL/0.6uL; Ch:H05 152.3uL/0.6uL; Ch:A06 152.4uL/0.6uL; Ch:B06 152.3uL/0.6uL; Ch:C06 152.5uL/0.6uL; Ch:D06 152.2uL/0.6uL; Ch:E06 152.5uL/0.6uL; Ch:F06 152.3uL/0.6uL; Ch:G06 152.6uL/0.6uL; Ch:H06 152.4uL/0.6uL; Ch:A07 152.5uL/0.6uL; Ch:B07 152.3uL/0.6uL; Ch:C07 152.5uL/0.6uL; Ch:D07 152.6uL/0.6uL; Ch:E07 152.5uL/0.6uL; Ch:F07 152.4uL/0.6uL; Ch:G07 152.5uL/0.6uL; Ch:H07 152.4uL/0.6uL; Ch:A08 152.6uL/0.6uL; Ch:B08 152.5uL/0.6uL; Ch:C08 152.4uL/0.6uL; Ch:D08 152.6uL/0.6uL; Ch:E08 152.6uL/0.6uL; Ch:F08 152.5uL/0.6uL; Ch:G08 152.6uL/0.6uL; Ch:H08 152.4uL/0.6uL; Ch:A09 152.5uL/0.6uL; Ch:B09 152.5uL/0.6uL; Ch:C09 152.7uL/0.6uL; Ch:D09 152.5uL/0.6uL; Ch:E09 152.6uL/0.6uL; Ch:F09 152.5uL/0.6uL; Ch:G09 152.5uL/0.6uL; Ch:H09 152.5uL/0.6uL; Ch:A10 152.6uL/0.6uL; Ch:B10 153.0uL/0.6uL; Ch:C10 152.6uL/0.6uL; Ch:D10 152.5uL/0.6uL; Ch:E10 152.5uL/0.6uL; Ch:F10 152.6uL/0.6uL; Ch:G10 152.4uL/0.6uL; Ch:H10 152.5uL/0.6uL; Ch:A11 152.4uL/0.6uL; Ch:B11 152.6uL/0.6uL; Ch:C11 152.4uL/0.6uL; Ch:D11 152.5uL/0.6uL; Ch:E11 152.7uL/0.6uL; Ch:F11 152.4uL/0.6uL; Ch:G11 152.5uL/0.6uL; Ch:H11 152.5uL/0.6uL; Ch:A12 152.4uL/0.6uL; Ch:B12 152.6uL/0.6uL; Ch:C12 152.7uL/0.6uL; Ch:D12 152.4uL/0.6uL; Ch:E12 152.4uL/0.6uL; Ch:F12 152.6uL/0.6uL; Ch:G12 152.5uL/0.6uL; Ch:H12 152.3uL/0.6uL
01/12/2020 14:29:25.2 [Lynx.Dispense(VVP96).VVP96] Post airgap parameters (0): 
01/12/2020 14:29:25.3 [Lynx.Dispense(VVP96).VVP96] Initial robot X/Y/ZStart/ZEnd coordinates: -10.31 mm, -524.85 mm, -118.62 mm, -120.62 mm, using motion profile 'Fast Speed'.
01/12/2020 14:29:25.3 [VVP96] VVP Pressure Controller ON.
01/12/2020 14:29:25.4 [Lynx.Dispense(VVP96).VVP96] Initial axis positions:'XL' -10.35 mm, 'YL' -524.82 mm, 'ZL' -71.43 mm
01/12/2020 14:29:26.8 [VVP96] Set VVP: command 'Clogging Limit' with setting of 0 for 96 channels.
01/12/2020 14:29:27.1 [VVP96] Set VVP: command 'Air-to-Liquid Sens.' with setting of 0 for 96 channels.
01/12/2020 14:29:27.3 [VVP96] Set VVP: command 'Liquid-to-Air Sens.' with setting of 0 for 96 channels.
01/12/2020 14:29:28.5 [VVP96] VVP Dispense pressure is 40 mbar.
01/12/2020 14:29:30.6 [VVP96] Dispense complete.
01/12/2020 14:29:31.3 [VVP96] Average residual volume was 1.34 ul for 96 channels at 40 mbar pressure
01/12/2020 14:29:31.5 [Lynx.Dispense(VVP96).VVP96] Dispense results: Ch:A01 153.5uL/1.4uL OK, Ch:B01 153.2uL/1.3uL OK, Ch:C01 153.3uL/1.3uL OK, Ch:D01 153.1uL/1.4uL OK, Ch:E01 153.2uL/1.3uL OK, Ch:F01 153.1uL/1.4uL OK, Ch:G01 153.4uL/1.3uL OK, Ch:H01 153.2uL/1.3uL OK, Ch:A02 153.1uL/1.4uL OK, Ch:B02 153.2uL/1.4uL OK, Ch:C02 153.1uL/1.3uL OK, Ch:D02 153.2uL/1.4uL OK, Ch:E02 153.2uL/1.3uL OK, Ch:F02 152.9uL/1.3uL OK, Ch:G02 153.1uL/1.3uL OK, Ch:H02 153.2uL/1.4uL OK, Ch:A03 153.2uL/1.3uL OK, Ch:B03 153.2uL/1.4uL OK, Ch:C03 153.0uL/1.2uL OK, Ch:D03 153.4uL/1.4uL OK, Ch:E03 153.2uL/1.3uL OK, Ch:F03 153.4uL/1.4uL OK, Ch:G03 153.2uL/1.3uL OK, Ch:H03 153.2uL/1.4uL OK, Ch:A04 153.4uL/1.5uL OK, Ch:B04 153.0uL/1.3uL OK, Ch:C04 153.4uL/1.4uL OK, Ch:D04 153.2uL/1.4uL OK, Ch:E04 153.2uL/1.4uL OK, Ch:F04 153.2uL/1.4uL OK, Ch:G04 153.4uL/1.4uL OK, Ch:H04 153.3uL/1.4uL OK, Ch:A05 153.0uL/1.3uL OK, Ch:B05 153.0uL/1.3uL OK, Ch:C05 153.0uL/1.2uL OK, Ch:D05 153.0uL/1.2uL OK, Ch:E05 152.9uL/1.2uL OK, Ch:F05 153.4uL/1.5uL OK, Ch:G05 153.6uL/1.4uL OK, Ch:H05 153.0uL/1.3uL OK, Ch:A06 153.0uL/1.3uL OK, Ch:B06 152.9uL/1.3uL OK, Ch:C06 153.2uL/1.3uL OK, Ch:D06 153.0uL/1.4uL OK, Ch:E06 153.3uL/1.4uL OK, Ch:F06 153.0uL/1.3uL OK, Ch:G06 153.3uL/1.3uL OK, Ch:H06 153.0uL/1.3uL OK, Ch:A07 153.2uL/1.3uL OK, Ch:B07 152.9uL/1.3uL OK, Ch:C07 153.1uL/1.2uL OK, Ch:D07 153.2uL/1.3uL OK, Ch:E07 153.2uL/1.4uL OK, Ch:F07 153.1uL/1.4uL OK, Ch:G07 153.1uL/1.3uL OK, Ch:H07 153.2uL/1.4uL OK, Ch:A08 153.4uL/1.4uL OK, Ch:B08 153.2uL/1.3uL OK, Ch:C08 153.1uL/1.3uL OK, Ch:D08 153.3uL/1.3uL OK, Ch:E08 153.4uL/1.4uL OK, Ch:F08 153.1uL/1.3uL OK, Ch:G08 153.4uL/1.4uL OK, Ch:H08 153.2uL/1.4uL OK, Ch:A09 153.3uL/1.4uL OK, Ch:B09 153.2uL/1.3uL OK, Ch:C09 153.3uL/1.3uL OK, Ch:D09 153.2uL/1.3uL OK, Ch:E09 153.4uL/1.4uL OK, Ch:F09 153.2uL/1.3uL OK, Ch:G09 153.2uL/1.4uL OK, Ch:H09 153.2uL/1.3uL OK, Ch:A10 153.1uL/1.2uL OK, Ch:B10 153.9uL/1.6uL OK, Ch:C10 153.3uL/1.3uL OK, Ch:D10 153.3uL/1.4uL OK, Ch:E10 153.3uL/1.4uL OK, Ch:F10 153.2uL/1.3uL OK, Ch:G10 153.2uL/1.4uL OK, Ch:H10 153.3uL/1.4uL OK, Ch:A11 153.2uL/1.4uL OK, Ch:B11 153.3uL/1.3uL OK, Ch:C11 153.1uL/1.3uL OK, Ch:D11 153.1uL/1.3uL OK, Ch:E11 153.4uL/1.3uL OK, Ch:F11 153.0uL/1.3uL OK, Ch:G11 153.2uL/1.3uL OK, Ch:H11 153.2uL/1.3uL OK, Ch:A12 153.1uL/1.3uL OK, Ch:B12 153.3uL/1.3uL OK, Ch:C12 153.4uL/1.3uL OK, Ch:D12 153.0uL/1.2uL OK, Ch:E12 153.1uL/1.3uL OK, Ch:F12 153.3uL/1.3uL OK, Ch:G12 153.1uL/1.3uL OK, Ch:H12 152.9uL/1.3uL OK
01/12/2020 14:29:34.0 [Lynx.Dispense(VVP96).VVP96] Final axis positions:'XL' -10.35 mm, 'YL' -524.82 mm, 'ZL' -2.02 mm
01/12/2020 14:29:34.1 [VVP96] VVP Pressure Controller OFF.
01/12/2020 14:29:34.2 [Lynx.Dispense(VVP96).VVP96] Time to complete: 8 s.
01/12/2020 14:29:34.2 Process 'Maintenance\WeeklyBarrelCheck.met'[6] 'Dispense(VVP96)' CommandCompleted
01/12/2020 14:29:34.3 Process 'Maintenance\WeeklyBarrelCheck.met'[7] 'Eject Tips(VVP96)' CommandStarted
01/12/2020 14:29:34.3 [Lynx.Eject Tips(VVP96).VVP96] Plate 'LXB-96-300F_01', column/row offset (0, 0), X/Y offset (0.00 mm,0.00 mm), height: 15.00 mm.
01/12/2020 14:29:34.3 [Lynx.Eject Tips(VVP96).VVP96] Current tip 'LXB-96-300F'.
01/12/2020 14:29:34.3 [Lynx.Eject Tips(VVP96).VVP96] Plate is at location 'Loc_05' (3.95 mm, -432.02 mm, -174.57 mm) with a stack index of 1.
01/12/2020 14:29:34.4 [Lynx.Eject Tips(VVP96).VVP96] Initial robot X/Y/ZStart/ZEnd coordinates: -10.43 mm, -420.78 mm, -2.00 mm, -98.07 mm, using motion profile 'Tip Eject'.
01/12/2020 14:29:34.4 [Lynx.Eject Tips(VVP96).VVP96] Initial axis positions:'XL' -10.35 mm, 'YL' -524.82 mm, 'ZL' -2.02 mm
01/12/2020 14:29:39.3 [VVP96] Tip ejection performed 2 times.
01/12/2020 14:29:40.6 [Lynx.Eject Tips(VVP96).VVP96] No current tip.
01/12/2020 14:29:40.7 [Lynx.Eject Tips(VVP96).VVP96] Time to complete: 6 s.
01/12/2020 14:29:40.7 Process 'Maintenance\WeeklyBarrelCheck.met'[7] 'Eject Tips(VVP96)' CommandCompleted
01/12/2020 14:29:40.9 Process 'Maintenance\WeeklyBarrelCheck.met' MethodCompleted
1 of 1 method(s) completed successfully.
  Concurrent method 'Main' (Main) started at 01/12/2020 14:28:13.7 and finished at 01/12/2020 14:29:40.9

01/12/2020 14:38:36.6 [ZL] Closing component connections for Warp 'ZL'.
01/12/2020 14:38:37.2 [ZL] Instruction Error Status: None
01/12/2020 14:38:37.2 [ZL] Warp3 core version: 99103v1.0 (will support I/O).
01/12/2020 14:38:37.3 [ZL] Configured as an enhanced Warp3 with I/O.
01/12/2020 14:38:37.3 [ZL]   Inputs: False False False False False False 
01/12/2020 14:38:37.3 [ZL] Current IP communications rate is 10 mb.
01/12/2020 14:38:37.4 [ZL] IP communications speed is currently set to 10 Mbps.
01/12/2020 14:38:37.5 [ZL] Phase correction: disabled, prescale: 0, phase counts: 2000
01/12/2020 14:38:37.5 [ZL] SetCurrentFoldbackAmps(8, 20) will set 17440 , 216
01/12/2020 14:38:37.5 [ZL] Configuration parameters loaded from 'P:\MethodManagerWorkspaces\LM703\Configuration\Z Axis.xml'. HomeVelocity 20 mm/s, CountsPerMM 2571 cts/mm.
01/12/2020 14:38:37.7 [ZL] Start Hall-based phase initialization.
01/12/2020 14:38:37.8 [ZL] Phases initialized.
01/12/2020 14:38:37.8 [BarCodeZAxis] Closing component connections for Warp 'BarCodeZAxis'.
01/12/2020 14:38:38.4 [BarCodeZAxis] Instruction Error Status: None
01/12/2020 14:38:38.4 [BarCodeZAxis] Warp3 core version: 99103v1.0 (will support I/O).
01/12/2020 14:38:38.5 [BarCodeZAxis] Configured as an enhanced Warp3 with I/O.
01/12/2020 14:38:38.5 [BarCodeZAxis]   Inputs: False True False False False False 
01/12/2020 14:38:38.6 [BarCodeZAxis] Current IP communications rate is 10 mb.
01/12/2020 14:38:38.6 [BarCodeZAxis] IP communications speed is currently set to 10 Mbps.
01/12/2020 14:38:38.7 [BarCodeZAxis] Phase correction: disabled, prescale: 0, phase counts: 2000
01/12/2020 14:38:38.8 [BarCodeZAxis] SetCurrentFoldbackAmps(2, 5) will set 4360 , 54
01/12/2020 14:38:38.8 [BarCodeZAxis] Configuration parameters loaded from 'P:\MethodManagerWorkspaces\LM703\Configuration\BarCode Z.xml'. HomeVelocity 20 mm/s, CountsPerMM 5538 cts/mm.
01/12/2020 14:38:39.0 [BarCodeZAxis] Start Hall-based phase initialization.
01/12/2020 14:38:39.0 [BarCodeZAxis] Phases initialized.
01/12/2020 14:38:39.1 [YL] Closing component connections for Warp 'YL'.
01/12/2020 14:38:39.7 [YL] Instruction Error Status: None
01/12/2020 14:38:39.7 [YL] Warp3 core version: 99103v1.0 (will support I/O).
01/12/2020 14:38:39.8 [YL] Configured as an enhanced Warp3 with I/O.
01/12/2020 14:38:39.8 [YL]   Inputs: False False False False False False 
01/12/2020 14:38:39.9 [YL] Current IP communications rate is 10 mb.
01/12/2020 14:38:39.9 [YL] IP communications speed is currently set to 10 Mbps.
01/12/2020 14:38:40.0 [YL] Phase correction: disabled, prescale: 1, phase counts: 1905
01/12/2020 14:38:40.1 [YL] SetCurrentFoldbackAmps(6, 100) will set 13080 , 1083
01/12/2020 14:38:40.1 [YL] Configuration parameters loaded from 'P:\MethodManagerWorkspaces\LM703\Configuration\Y Axis.xml'. HomeVelocity 20 mm/s, CountsPerMM 2000 cts/mm.
01/12/2020 14:38:40.3 [YL] Start Hall-based phase initialization.
01/12/2020 14:38:40.3 [YL] Phases initialized.
01/12/2020 14:38:40.4 [XL] Closing component connections for Warp 'XL'.
01/12/2020 14:38:40.9 [XL] Instruction Error Status: None
01/12/2020 14:38:40.9 [XL] Warp3 core version: 99103v1.0 (will support I/O).
01/12/2020 14:38:41.0 [XL] Configured as an enhanced Warp3 with I/O.
01/12/2020 14:38:41.0 [XL]   Inputs: False False False False False False 
01/12/2020 14:38:41.0 [XL] Current IP communications rate is 10 mb.
01/12/2020 14:38:41.1 [XL] IP communications speed is currently set to 10 Mbps.
01/12/2020 14:38:41.3 [XL] Phase correction: disabled, prescale: 1, phase counts: 1905
01/12/2020 14:38:41.3 [XL] SetCurrentFoldbackAmps(6, 100) will set 13080 , 1083
01/12/2020 14:38:41.3 [XL] Configuration parameters loaded from 'P:\MethodManagerWorkspaces\LM703\Configuration\X Axis.xml'. HomeVelocity 20 mm/s, CountsPerMM 2000 cts/mm.
01/12/2020 14:38:41.5 [XL] Start Hall-based phase initialization.
01/12/2020 14:38:41.5 [XL] Phases initialized.
01/12/2020 14:38:43.6 [VVP96] Get VVP: command 'Aspirate Diagnostics' from 96 channels.
01/12/2020 14:38:43.9 [ZL] Move to Positive limit. Velocity 20 mm/s, accel 40 mm/s2, decel 200 mm/s2, timeout 60 s.
01/12/2020 14:38:44.6 [ZL] Reached limit successfully.
01/12/2020 14:38:44.6 [ZL] Attempting to back off Positive limit.
01/12/2020 14:38:45.3 [ZL] Move off limit completion: Successful (OKReady).
01/12/2020 14:38:45.3 [ZL] Move to limit finished.
01/12/2020 14:38:45.4 [ZL] Establishing new 0 position for the old position 0.00 mm.
01/12/2020 14:38:45.4 [ZL] Timestamp of last successful home: 1/12/2020 2:38:45 PM
01/12/2020 14:38:45.6 [BarCodeZAxis] Move to Negative limit. Velocity 20 mm/s, accel 200 mm/s2, decel 350 mm/s2, timeout 60 s.
01/12/2020 14:38:46.1 [BarCodeZAxis] Reached limit successfully.
01/12/2020 14:38:46.1 [BarCodeZAxis] Attempting to back off Negative limit.
01/12/2020 14:38:46.6 [BarCodeZAxis] Move off limit completion: Successful (OKReady).
01/12/2020 14:38:46.6 [BarCodeZAxis] Move to limit finished.
01/12/2020 14:38:46.7 [BarCodeZAxis] Establishing new 0 position for the old position 0.00 mm.
01/12/2020 14:38:46.8 [BarCodeZAxis] Timestamp of last successful home: 1/12/2020 2:38:46 PM
01/12/2020 14:38:47.9 [YL] Move to Positive limit. Velocity 20 mm/s, accel 200 mm/s2, decel 1000 mm/s2, timeout 60 s.
01/12/2020 14:39:09.6 [YL] Reached limit successfully.
01/12/2020 14:39:09.6 [YL] Attempting to back off Positive limit.
01/12/2020 14:39:10.1 [YL] Move off limit completion: Successful (OKReady).
01/12/2020 14:39:10.2 [YL] Move to limit finished.
01/12/2020 14:39:10.2 [YL] Establishing new 0 position for the old position 0.04 mm.
01/12/2020 14:39:10.3 [YL] Timestamp of last successful home: 1/12/2020 2:39:10 PM
01/12/2020 14:39:10.5 [XL] Move to Positive limit. Velocity 20 mm/s, accel 200 mm/s2, decel 1000 mm/s2, timeout 60 s.
01/12/2020 14:39:11.8 [XL] Reached limit successfully.
01/12/2020 14:39:11.8 [XL] Attempting to back off Positive limit.
01/12/2020 14:39:12.3 [XL] Move off limit completion: Failed (OKReady).
01/12/2020 14:39:12.3 [XL] Failed to find Positive limit: OKReady.
01/12/2020 14:39:12.4 [XL] Failed to home axis 'XL'.
01/12/2020 14:39:12.9 Tcp notification encountered an error: SocketException: System.Net.Sockets.SocketException (0x80004005): The requested address is not valid in its context 172.18.3.52:0
   at System.Net.Sockets.TcpClient..ctor(String hostname, Int32 port)
   at MethodManager.DX.Interop.MMTcpServer.<>c__DisplayClass5.<SendNotification>b__4()
01/12/2020 14:39:17.4 Process 'InitializeLynx.met' MethodStarted
01/12/2020 14:39:17.4 Process 'InitializeLynx.met'[0] 'Move To Location(VVP96)' CommandStarted
01/12/2020 14:39:17.4 [Lynx.Move To Location(VVP96).VVP96] Location 'Loc_10' with X/Y offsets 0.00 mm / 0.00 mm.
01/12/2020 14:39:17.4 [Lynx.Move To Location(VVP96).VVP96] Location coords: -145.48 mm, -327.87 mm, -174.72 mm.
01/12/2020 14:39:17.4 [Lynx.Move To Location(VVP96).VVP96] Tool X/Y location offsets: 14.38 mm, 11.24 mm.
01/12/2020 14:39:17.4 [Lynx.Move To Location(VVP96).VVP96] Initial robot X/Y/ZStart/ZEnd coordinates: -159.86 mm, -316.63 mm, -2.00 mm, -2.00 mm, using motion profile 'Mid Speed'.
01/12/2020 14:39:17.4 [Lynx.Move To Location(VVP96).VVP96] Initial axis positions:'XL' 0.05 mm, 'YL' -0.03 mm, 'ZL' 0.00 mm
01/12/2020 14:39:19.5 [Lynx.Move To Location(VVP96).VVP96] Final axis positions:'XL' -159.82 mm, 'YL' -316.61 mm, 'ZL' -2.01 mm
01/12/2020 14:39:19.5 [Lynx.Move To Location(VVP96).VVP96] Time to complete: 2 s.
01/12/2020 14:39:19.5 Process 'InitializeLynx.met'[0] 'Move To Location(VVP96)' CommandCompleted
01/12/2020 14:39:19.5 Process 'InitializeLynx.met' MethodCompleted
1 of 1 method(s) completed successfully.
  Concurrent method 'Main' (Main) started at 01/12/2020 14:39:17.3 and finished at 01/12/2020 14:39:19.5

01/13/2020 11:40:35.8 [XL] Closing component connections for Warp 'XL'.
01/13/2020 11:40:35.9 [YL] Closing component connections for Warp 'YL'.
01/13/2020 11:40:35.9 [ZL] Closing component connections for Warp 'ZL'.
01/13/2020 11:40:35.9 [BarCodeZAxis] Closing component connections for Warp 'BarCodeZAxis'.
01/13/2020 11:40:36.5 [Lynx] 
