Workspace 'LM703' modules...
  MethodManagerV4   1.4.6666.27655
  MMCoreDevice   1.4.6666.27650
  MMLiquidHandler   1.4.6666.26302
  Warp3   2.0.6591.13866
  MMVVP   1.4.6666.26303
  MMIOLightTower   1.4.6666.26303
  MMHeadGripper   1.3.6591.14013
The pipette tool 'VVP96' has mandrel type 'MLV' and can load the following tip types:
   Tip type 'LXB-96-150F', loading depth 9.4 mm, Id: baf0d489-a29c-4899-844e-44fbdc6c2c49.
   Tip type 'LXB-96-200NF', loading depth 9.4 mm, Id: 095daefc-e866-4d91-906f-cc7e17eaf3f6.
   Tip type 'LXB-96-300F', loading depth 10.4 mm, Id: d2f37554-e0d6-41ea-8f3d-101c68af7e40.
   Tip type 'LXB-96-300NF', loading depth 10.4 mm, Id: 423ec1e5-0ccf-4946-a441-905f3c9e1fd9.
   Tip type 'LXB-96-950F', loading depth 28.6 mm, Id: 497625a6-73fc-4433-95df-636ceecdc818.
   Tip type 'LXB-96-950F-WB', loading depth 28.6 mm, Id: ca3988bc-a34d-4ad7-ba77-93a37e8cba6d.
   Tip type 'LXB-96-1250NF', loading depth 28.6 mm, Id: 13ba07a3-d5cb-4a96-9ab8-1d418fc383d6.
12/10/2019 07:33:45.6 Tcp notification encountered an error: SocketException: System.Net.Sockets.SocketException (0x80004005): The requested address is not valid in its context 172.18.3.52:0
   at System.Net.Sockets.TcpClient..ctor(String hostname, Int32 port)
   at MethodManager.DX.Interop.MMTcpServer.<>c__DisplayClass5.<SendNotification>b__4()
12/10/2019 07:33:51.0 Process 'InitializeLynx.met' MethodCompleted
1 of 1 method(s) completed successfully.
  Concurrent method 'Main' (Main) started at 12/10/2019 07:33:48.7 and finished at 12/10/2019 07:33:51.0

12/10/2019 07:37:19.0 Process 'ChipLoad_150ul.met' MethodCompleted
1 of 1 method(s) completed successfully.
  Concurrent method 'Main' (Main) started at 12/10/2019 07:36:16.0 and finished at 12/10/2019 07:37:19.0

12/10/2019 07:47:05.5 Process 'Norm.met' MethodCompleted
1 of 1 method(s) completed successfully.
  Concurrent method 'Main' (Main) started at 12/10/2019 07:43:59.6 and finished at 12/10/2019 07:47:05.5

12/10/2019 07:48:01.7 Process 'AndStamp.met' MethodCompleted
1 of 1 method(s) completed successfully.
  Concurrent method 'Main' (Main) started at 12/10/2019 07:47:08.6 and finished at 12/10/2019 07:48:01.7

12/10/2019 07:55:57.7 Process 'ChipLoad_150ul.met' MethodCompleted
1 of 1 method(s) completed successfully.
  Concurrent method 'Main' (Main) started at 12/10/2019 07:54:55.2 and finished at 12/10/2019 07:55:57.7

12/10/2019 08:05:45.3 Process 'Norm.met' MethodCompleted
1 of 1 method(s) completed successfully.
  Concurrent method 'Main' (Main) started at 12/10/2019 08:02:40.1 and finished at 12/10/2019 08:05:45.3

12/10/2019 08:06:41.4 Process 'AndStamp.met' MethodCompleted
1 of 1 method(s) completed successfully.
  Concurrent method 'Main' (Main) started at 12/10/2019 08:05:48.3 and finished at 12/10/2019 08:06:41.3

12/10/2019 12:18:20.6 Process 'ChipLoad_150ul.met' MethodCompleted
1 of 1 method(s) completed successfully.
  Concurrent method 'Main' (Main) started at 12/10/2019 12:17:19.5 and finished at 12/10/2019 12:18:20.6

12/10/2019 12:28:11.8 Process 'Norm.met' MethodCompleted
1 of 1 method(s) completed successfully.
  Concurrent method 'Main' (Main) started at 12/10/2019 12:25:03.7 and finished at 12/10/2019 12:28:11.8

12/10/2019 12:32:32.6 SubProcess 'SubMethods\TipOn_Check_300uL.met' MethodCompleted, A 'Move Axis' command was stopped due to a motion error
12/10/2019 12:32:32.7 Process 'AndStamp.met' MethodCompleted
0 of 1 method(s) completed successfully.
  Concurrent method 'Main' (Main) started at 12/10/2019 12:28:15.0 and terminated at 12/10/2019 12:32:32.7
    Terminate reason:CommandError
    Command 'Move Axis', line 1, was interrupted due to A motion error, Move axes failed:ZL had MotionError

[User] Clear errors.
All device errors were resolved.
[User] Step.
12/10/2019 12:34:29.7 Process 'SubMethods\TipOn_Check_300uL.met' MethodCompleted
1 of 1 method(s) completed successfully.
  Concurrent method 'Main' (Main) started at 12/10/2019 12:34:22.1 and finished at 12/10/2019 12:34:29.7

[User] Step.
12/10/2019 12:34:35.2 Process 'SubMethods\TipOn_Check_300uL.met' MethodCompleted, A 'Eject Tips(VVP96)' command has a logic or parameter error
0 of 1 method(s) completed successfully.
  Concurrent method 'Main' (Main) started at 12/10/2019 12:34:33.1 and terminated at 12/10/2019 12:34:35.2
    Terminate reason:CommandError
    Command 'Eject Tips(VVP96)', line 4, was interrupted due to Command 'Eject Tips(VVP96)' requires a valid tip type

[User] Step.
12/10/2019 12:39:07.8 Process 'SubMethods\TipOn_Check_300uL.met' MethodCompleted
1 of 1 method(s) completed successfully.
  Concurrent method 'Main' (Main) started at 12/10/2019 12:39:02.6 and finished at 12/10/2019 12:39:07.8

[User] Jump.
12/10/2019 12:40:51.1 Process 'AndStamp.met' MethodCompleted
1 of 1 method(s) completed successfully.
  Concurrent method 'Main' (Main) started at 12/10/2019 12:40:13.1 and finished at 12/10/2019 12:40:51.1

12/10/2019 12:48:53.3 Process 'ChipLoad_150ul.met' MethodCompleted
1 of 1 method(s) completed successfully.
  Concurrent method 'Main' (Main) started at 12/10/2019 12:47:50.7 and finished at 12/10/2019 12:48:53.3

12/10/2019 12:58:39.9 Process 'Norm.met' MethodCompleted
1 of 1 method(s) completed successfully.
  Concurrent method 'Main' (Main) started at 12/10/2019 12:55:34.1 and finished at 12/10/2019 12:58:39.9

12/10/2019 12:59:36.1 Process 'AndStamp.met' MethodCompleted
1 of 1 method(s) completed successfully.
  Concurrent method 'Main' (Main) started at 12/10/2019 12:58:42.9 and finished at 12/10/2019 12:59:36.1

12/10/2019 13:28:17.2 Process 'ChipLoad_150ul.met' MethodCompleted
1 of 1 method(s) completed successfully.
  Concurrent method 'Main' (Main) started at 12/10/2019 13:27:15.4 and finished at 12/10/2019 13:28:17.2

12/10/2019 13:38:04.0 Process 'Norm.met' MethodCompleted
1 of 1 method(s) completed successfully.
  Concurrent method 'Main' (Main) started at 12/10/2019 13:34:59.3 and finished at 12/10/2019 13:38:04.0

12/10/2019 13:39:00.2 Process 'AndStamp.met' MethodCompleted
1 of 1 method(s) completed successfully.
  Concurrent method 'Main' (Main) started at 12/10/2019 13:38:07.2 and finished at 12/10/2019 13:39:00.2

12/10/2019 13:46:54.0 Process 'ChipLoad_150ul.met' MethodCompleted
1 of 1 method(s) completed successfully.
  Concurrent method 'Main' (Main) started at 12/10/2019 13:45:52.0 and finished at 12/10/2019 13:46:54.0

12/10/2019 13:56:42.8 Process 'Norm.met' MethodCompleted
1 of 1 method(s) completed successfully.
  Concurrent method 'Main' (Main) started at 12/10/2019 13:53:35.3 and finished at 12/10/2019 13:56:42.8

12/10/2019 13:57:39.0 Process 'AndStamp.met' MethodCompleted
1 of 1 method(s) completed successfully.
  Concurrent method 'Main' (Main) started at 12/10/2019 13:56:45.6 and finished at 12/10/2019 13:57:39.0

12/10/2019 16:04:30.9 Process 'ChipLoad_150ul.met' MethodCompleted
1 of 1 method(s) completed successfully.
  Concurrent method 'Main' (Main) started at 12/10/2019 16:03:28.6 and finished at 12/10/2019 16:04:30.9

12/10/2019 16:14:15.3 Process 'Norm.met' MethodCompleted
1 of 1 method(s) completed successfully.
  Concurrent method 'Main' (Main) started at 12/10/2019 16:11:12.7 and finished at 12/10/2019 16:14:15.2

12/10/2019 16:15:11.1 Process 'AndStamp.met' MethodCompleted
1 of 1 method(s) completed successfully.
  Concurrent method 'Main' (Main) started at 12/10/2019 16:14:18.4 and finished at 12/10/2019 16:15:11.1

12/10/2019 16:23:02.0 Process 'ChipLoad_150ul.met' MethodCompleted
1 of 1 method(s) completed successfully.
  Concurrent method 'Main' (Main) started at 12/10/2019 16:22:00.7 and finished at 12/10/2019 16:23:02.0

12/10/2019 16:32:49.8 Process 'Norm.met' MethodCompleted
1 of 1 method(s) completed successfully.
  Concurrent method 'Main' (Main) started at 12/10/2019 16:29:46.2 and finished at 12/10/2019 16:32:49.8

12/10/2019 16:33:46.2 Process 'AndStamp.met' MethodCompleted
1 of 1 method(s) completed successfully.
  Concurrent method 'Main' (Main) started at 12/10/2019 16:32:52.6 and finished at 12/10/2019 16:33:46.2

12/10/2019 16:41:42.8 Process 'ChipLoad_150ul.met' MethodCompleted
1 of 1 method(s) completed successfully.
  Concurrent method 'Main' (Main) started at 12/10/2019 16:40:41.3 and finished at 12/10/2019 16:41:42.8

12/10/2019 16:51:33.0 Process 'Norm.met' MethodCompleted
1 of 1 method(s) completed successfully.
  Concurrent method 'Main' (Main) started at 12/10/2019 16:48:25.5 and finished at 12/10/2019 16:51:33.0

12/10/2019 16:52:28.9 Process 'AndStamp.met' MethodCompleted
1 of 1 method(s) completed successfully.
  Concurrent method 'Main' (Main) started at 12/10/2019 16:51:35.9 and finished at 12/10/2019 16:52:28.9

12/10/2019 17:00:17.8 Process 'ChipLoad_150ul.met' MethodCompleted
1 of 1 method(s) completed successfully.
  Concurrent method 'Main' (Main) started at 12/10/2019 16:59:15.5 and finished at 12/10/2019 17:00:17.8

12/10/2019 17:10:03.2 Process 'Norm.met' MethodCompleted
1 of 1 method(s) completed successfully.
  Concurrent method 'Main' (Main) started at 12/10/2019 17:06:59.8 and finished at 12/10/2019 17:10:03.2

12/10/2019 17:10:58.7 Process 'AndStamp.met' MethodCompleted
1 of 1 method(s) completed successfully.
  Concurrent method 'Main' (Main) started at 12/10/2019 17:10:06.1 and finished at 12/10/2019 17:10:58.7

12/10/2019 17:18:44.9 Process 'ChipLoad_150ul.met' MethodCompleted
1 of 1 method(s) completed successfully.
  Concurrent method 'Main' (Main) started at 12/10/2019 17:17:42.2 and finished at 12/10/2019 17:18:44.8

12/10/2019 17:28:30.5 Process 'Norm.met' MethodCompleted
1 of 1 method(s) completed successfully.
  Concurrent method 'Main' (Main) started at 12/10/2019 17:25:26.8 and finished at 12/10/2019 17:28:30.5

12/10/2019 17:29:27.3 Process 'AndStamp.met' MethodCompleted
1 of 1 method(s) completed successfully.
  Concurrent method 'Main' (Main) started at 12/10/2019 17:28:33.7 and finished at 12/10/2019 17:29:27.3

12/10/2019 17:37:21.8 Process 'ChipLoad_150ul.met' MethodCompleted
1 of 1 method(s) completed successfully.
  Concurrent method 'Main' (Main) started at 12/10/2019 17:36:20.4 and finished at 12/10/2019 17:37:21.8

12/10/2019 17:47:09.2 Process 'Norm.met' MethodCompleted
1 of 1 method(s) completed successfully.
  Concurrent method 'Main' (Main) started at 12/10/2019 17:44:03.5 and finished at 12/10/2019 17:47:09.2

12/10/2019 17:48:06.4 Process 'AndStamp.met' MethodCompleted
1 of 1 method(s) completed successfully.
  Concurrent method 'Main' (Main) started at 12/10/2019 17:47:12.5 and finished at 12/10/2019 17:48:06.4

12/10/2019 18:10:35.4 Process 'ChipLoad_150ul.met' MethodCompleted
1 of 1 method(s) completed successfully.
  Concurrent method 'Main' (Main) started at 12/10/2019 18:09:33.1 and finished at 12/10/2019 18:10:35.4

12/10/2019 18:20:19.5 Process 'Norm.met' MethodCompleted
1 of 1 method(s) completed successfully.
  Concurrent method 'Main' (Main) started at 12/10/2019 18:17:17.2 and finished at 12/10/2019 18:20:19.5

12/10/2019 18:21:15.5 Process 'AndStamp.met' MethodCompleted
1 of 1 method(s) completed successfully.
  Concurrent method 'Main' (Main) started at 12/10/2019 18:20:22.6 and finished at 12/10/2019 18:21:15.5

12/10/2019 18:28:59.8 Process 'ChipLoad_150ul.met' MethodCompleted
1 of 1 method(s) completed successfully.
  Concurrent method 'Main' (Main) started at 12/10/2019 18:27:58.4 and finished at 12/10/2019 18:28:59.8

12/10/2019 18:38:48.4 Process 'Norm.met' MethodCompleted
1 of 1 method(s) completed successfully.
  Concurrent method 'Main' (Main) started at 12/10/2019 18:35:43.1 and finished at 12/10/2019 18:38:48.4

12/10/2019 18:39:45.3 Process 'AndStamp.met' MethodCompleted
1 of 1 method(s) completed successfully.
  Concurrent method 'Main' (Main) started at 12/10/2019 18:38:51.5 and finished at 12/10/2019 18:39:45.3

12/10/2019 18:48:28.3 [VVP96] VVP reports 1 errors in last aspirate: B08
12/10/2019 18:49:09.7 Process 'ChipLoad_150ul.met' MethodCompleted
1 of 1 method(s) completed successfully.
  Concurrent method 'Main' (Main) started at 12/10/2019 18:47:48.5 and finished at 12/10/2019 18:49:09.7

12/10/2019 18:58:57.8 Process 'Norm.met' MethodCompleted
1 of 1 method(s) completed successfully.
  Concurrent method 'Main' (Main) started at 12/10/2019 18:55:52.7 and finished at 12/10/2019 18:58:57.8

12/10/2019 18:59:53.9 Process 'AndStamp.met' MethodCompleted
1 of 1 method(s) completed successfully.
  Concurrent method 'Main' (Main) started at 12/10/2019 18:59:00.9 and finished at 12/10/2019 18:59:53.9

12/10/2019 19:07:42.1 Process 'ChipLoad_150ul.met' MethodCompleted
1 of 1 method(s) completed successfully.
  Concurrent method 'Main' (Main) started at 12/10/2019 19:06:39.7 and finished at 12/10/2019 19:07:42.1

12/10/2019 19:17:27.5 Process 'Norm.met' MethodCompleted
1 of 1 method(s) completed successfully.
  Concurrent method 'Main' (Main) started at 12/10/2019 19:14:23.4 and finished at 12/10/2019 19:17:27.5

12/10/2019 19:18:23.6 Process 'AndStamp.met' MethodCompleted
1 of 1 method(s) completed successfully.
  Concurrent method 'Main' (Main) started at 12/10/2019 19:17:30.7 and finished at 12/10/2019 19:18:23.6

12/11/2019 07:14:48.9 Tcp notification encountered an error: SocketException: System.Net.Sockets.SocketException (0x80004005): The requested address is not valid in its context 172.18.3.52:0
   at System.Net.Sockets.TcpClient..ctor(String hostname, Int32 port)
   at MethodManager.DX.Interop.MMTcpServer.<>c__DisplayClass5.<SendNotification>b__4()
12/11/2019 07:14:56.1 Process 'InitializeLynx.met' MethodCompleted
1 of 1 method(s) completed successfully.
  Concurrent method 'Main' (Main) started at 12/11/2019 07:14:53.9 and finished at 12/11/2019 07:14:56.1

