Workspace 'LM703' modules...
  MethodManagerV4   1.4.6666.27655
  MMCoreDevice   1.4.6666.27650
  MMLiquidHandler   1.4.6666.26302
  Warp3   2.0.6591.13866
  MMVVP   1.4.6666.26303
  MMIOLightTower   1.4.6666.26303
The pipette tool 'VVP96' has mandrel type 'MLV' and can load the following tip types:
   Tip type 'LXB-96-150F', loading depth 9.4 mm, Id: baf0d489-a29c-4899-844e-44fbdc6c2c49.
   Tip type 'LXB-96-200NF', loading depth 9.4 mm, Id: 095daefc-e866-4d91-906f-cc7e17eaf3f6.
   Tip type 'LXB-96-300F', loading depth 10.4 mm, Id: d2f37554-e0d6-41ea-8f3d-101c68af7e40.
   Tip type 'LXB-96-300NF', loading depth 10.4 mm, Id: 423ec1e5-0ccf-4946-a441-905f3c9e1fd9.
   Tip type 'LXB-96-950F', loading depth 28.6 mm, Id: 497625a6-73fc-4433-95df-636ceecdc818.
   Tip type 'LXB-96-950F-WB', loading depth 28.6 mm, Id: ca3988bc-a34d-4ad7-ba77-93a37e8cba6d.
   Tip type 'LXB-96-1250NF', loading depth 28.6 mm, Id: 13ba07a3-d5cb-4a96-9ab8-1d418fc383d6.
08/22/2018 15:24:16.6 The remote server is not configured: 
08/22/2018 15:24:18.2 [ZL] Instruction Error Status: None
08/22/2018 15:24:18.2 [ZL] Warp3 core version: 99103v1.0 (will support I/O).
08/22/2018 15:24:18.2 [ZL] Configured as an enhanced Warp3 with I/O.
08/22/2018 15:24:18.2 [ZL]   Inputs: False False False False False 
08/22/2018 15:24:18.3 [ZL] Current IP communications rate is 10 mb.
08/22/2018 15:24:18.3 [ZL] IP communications speed is currently set to 10 Mbps.
08/22/2018 15:24:18.4 [ZL] Phase correction: disabled, prescale: 0, phase counts: 2000
08/22/2018 15:24:18.4 [ZL] SetCurrentFoldbackAmps(8, 20) will set 17440 , 216
08/22/2018 15:24:18.4 [ZL] Configuration parameters loaded from 'C:\MethodManager4\Workspaces\LM703\Configuration\Z Axis.xml'. HomeVelocity 20 mm/s, CountsPerMM 2571 cts/mm.
08/22/2018 15:24:18.6 [ZL] Start Hall-based phase initialization.
08/22/2018 15:24:18.6 [ZL] Phases initialized.
08/22/2018 15:24:18.7 [YL] Instruction Error Status: None
08/22/2018 15:24:18.7 [YL] Warp3 core version: 99103v1.0 (will support I/O).
08/22/2018 15:24:18.7 [YL] Configured as an enhanced Warp3 with I/O.
08/22/2018 15:24:18.7 [YL]   Inputs: False False False False False 
08/22/2018 15:24:18.7 [YL] Current IP communications rate is 10 mb.
08/22/2018 15:24:18.7 [YL] IP communications speed is currently set to 10 Mbps.
08/22/2018 15:24:18.8 [YL] Phase correction: disabled, prescale: 1, phase counts: 1905
08/22/2018 15:24:18.9 [YL] SetCurrentFoldbackAmps(6, 100) will set 13080 , 1083
08/22/2018 15:24:18.9 [YL] Configuration parameters loaded from 'C:\MethodManager4\Workspaces\LM703\Configuration\Y Axis.xml'. HomeVelocity 20 mm/s, CountsPerMM 2000 cts/mm.
08/22/2018 15:24:19.0 [YL] Start Hall-based phase initialization.
08/22/2018 15:24:19.0 [YL] Phases initialized.
08/22/2018 15:24:19.1 [XL] Instruction Error Status: None
08/22/2018 15:24:19.1 [XL] Warp3 core version: 99103v1.0 (will support I/O).
08/22/2018 15:24:19.1 [XL] Configured as an enhanced Warp3 with I/O.
08/22/2018 15:24:19.1 [XL]   Inputs: False False False False False 
08/22/2018 15:24:19.1 [XL] Current IP communications rate is 10 mb.
08/22/2018 15:24:19.1 [XL] IP communications speed is currently set to 10 Mbps.
08/22/2018 15:24:19.2 [XL] Phase correction: disabled, prescale: 1, phase counts: 1905
08/22/2018 15:24:19.3 [XL] SetCurrentFoldbackAmps(6, 100) will set 13080 , 1083
08/22/2018 15:24:19.3 [XL] Configuration parameters loaded from 'C:\MethodManager4\Workspaces\LM703\Configuration\X Axis.xml'. HomeVelocity 20 mm/s, CountsPerMM 2000 cts/mm.
08/22/2018 15:24:19.4 [XL] Start Hall-based phase initialization.
08/22/2018 15:24:19.5 [XL] Phases initialized.
08/22/2018 15:24:21.5 [VVP96] Get VVP: command 'Aspirate Diagnostics' from 96 channels.
08/22/2018 15:24:21.7 [ZL] Move to Positive limit. Velocity 20 mm/s, accel 40 mm/s2, decel 200 mm/s2, timeout 60 s.
08/22/2018 15:24:22.2 [ZL] Reached limit successfully.
08/22/2018 15:24:22.2 [ZL] Attempting to back off Positive limit.
08/22/2018 15:24:22.7 [ZL] Move off limit completion: Successful (OKReady).
08/22/2018 15:24:22.7 [ZL] Move to limit finished.
08/22/2018 15:24:22.7 [ZL] Establishing new 0 position for the old position 0.00 mm.
08/22/2018 15:24:22.8 [ZL] Timestamp of last successful home: 8/22/2018 3:24:22 PM
08/22/2018 15:24:23.0 [YL] Move to Positive limit. Velocity 20 mm/s, accel 200 mm/s2, decel 1000 mm/s2, timeout 60 s.
08/22/2018 15:24:23.4 [YL] Reached limit successfully.
08/22/2018 15:24:23.4 [YL] Attempting to back off Positive limit.
08/22/2018 15:24:23.9 [YL] Move off limit completion: Successful (OKReady).
08/22/2018 15:24:23.9 [YL] Move to limit finished.
08/22/2018 15:24:24.0 [YL] Establishing new 0 position for the old position -0.01 mm.
08/22/2018 15:24:24.0 [YL] Timestamp of last successful home: 8/22/2018 3:24:24 PM
08/22/2018 15:24:24.2 [XL] Move to Positive limit. Velocity 20 mm/s, accel 200 mm/s2, decel 1000 mm/s2, timeout 60 s.
08/22/2018 15:24:24.6 [XL] Reached limit successfully.
08/22/2018 15:24:24.6 [XL] Attempting to back off Positive limit.
08/22/2018 15:24:30.1 [XL] Move off limit completion: Failed (Timeout).
08/22/2018 15:24:30.1 [XL] Failed to find Positive limit: Timeout.
08/22/2018 15:24:30.2 [XL] Failed to home axis 'XL'.
08/22/2018 15:24:42.7 [ZL] Closing component connections for Warp 'ZL'.
08/22/2018 15:24:43.2 [ZL] Instruction Error Status: None
08/22/2018 15:24:43.2 [ZL] Warp3 core version: 99103v1.0 (will support I/O).
08/22/2018 15:24:43.2 [ZL] Configured as an enhanced Warp3 with I/O.
08/22/2018 15:24:43.3 [ZL]   Inputs: False False False False False 
08/22/2018 15:24:43.3 [ZL] Current IP communications rate is 10 mb.
08/22/2018 15:24:43.3 [ZL] IP communications speed is currently set to 10 Mbps.
08/22/2018 15:24:43.4 [ZL] Phase correction: disabled, prescale: 0, phase counts: 2000
08/22/2018 15:24:43.4 [ZL] SetCurrentFoldbackAmps(8, 20) will set 17440 , 216
08/22/2018 15:24:43.5 [ZL] Configuration parameters loaded from 'C:\MethodManager4\Workspaces\LM703\Configuration\Z Axis.xml'. HomeVelocity 20 mm/s, CountsPerMM 2571 cts/mm.
08/22/2018 15:24:43.6 [ZL] Start Hall-based phase initialization.
08/22/2018 15:24:43.6 [ZL] Phases initialized.
08/22/2018 15:24:43.7 [YL] Closing component connections for Warp 'YL'.
08/22/2018 15:24:44.2 [YL] Instruction Error Status: None
08/22/2018 15:24:44.2 [YL] Warp3 core version: 99103v1.0 (will support I/O).
08/22/2018 15:24:44.2 [YL] Configured as an enhanced Warp3 with I/O.
08/22/2018 15:24:44.2 [YL]   Inputs: False False False False False 
08/22/2018 15:24:44.3 [YL] Current IP communications rate is 10 mb.
08/22/2018 15:24:44.3 [YL] IP communications speed is currently set to 10 Mbps.
08/22/2018 15:24:44.4 [YL] Phase correction: disabled, prescale: 1, phase counts: 1905
08/22/2018 15:24:44.4 [YL] SetCurrentFoldbackAmps(6, 100) will set 13080 , 1083
08/22/2018 15:24:44.4 [YL] Configuration parameters loaded from 'C:\MethodManager4\Workspaces\LM703\Configuration\Y Axis.xml'. HomeVelocity 20 mm/s, CountsPerMM 2000 cts/mm.
08/22/2018 15:24:44.6 [YL] Start Hall-based phase initialization.
08/22/2018 15:24:44.6 [YL] Phases initialized.
08/22/2018 15:24:44.7 [XL] Closing component connections for Warp 'XL'.
08/22/2018 15:24:45.2 [XL] Instruction Error Status: None
08/22/2018 15:24:45.2 [XL] Warp3 core version: 99103v1.0 (will support I/O).
08/22/2018 15:24:45.2 [XL] Configured as an enhanced Warp3 with I/O.
08/22/2018 15:24:45.2 [XL]   Inputs: False False False False False 
08/22/2018 15:24:45.3 [XL] Current IP communications rate is 10 mb.
08/22/2018 15:24:45.3 [XL] IP communications speed is currently set to 10 Mbps.
08/22/2018 15:24:45.4 [XL] Phase correction: disabled, prescale: 1, phase counts: 1905
08/22/2018 15:24:45.4 [XL] SetCurrentFoldbackAmps(6, 100) will set 13080 , 1083
08/22/2018 15:24:45.4 [XL] Configuration parameters loaded from 'C:\MethodManager4\Workspaces\LM703\Configuration\X Axis.xml'. HomeVelocity 20 mm/s, CountsPerMM 2000 cts/mm.
08/22/2018 15:24:45.6 [XL] Start Hall-based phase initialization.
08/22/2018 15:24:45.6 [XL] Phases initialized.
08/22/2018 15:24:47.5 [VVP96] Get VVP: command 'Aspirate Diagnostics' from 96 channels.
08/22/2018 15:24:47.6 [ZL] Move to Positive limit. Velocity 20 mm/s, accel 40 mm/s2, decel 200 mm/s2, timeout 60 s.
08/22/2018 15:24:48.1 [ZL] Reached limit successfully.
08/22/2018 15:24:48.1 [ZL] Attempting to back off Positive limit.
08/22/2018 15:24:48.6 [ZL] Move off limit completion: Successful (OKReady).
08/22/2018 15:24:48.6 [ZL] Move to limit finished.
08/22/2018 15:24:48.6 [ZL] Establishing new 0 position for the old position 0.00 mm.
08/22/2018 15:24:48.7 [ZL] Timestamp of last successful home: 8/22/2018 3:24:48 PM
08/22/2018 15:24:48.9 [YL] Move to Positive limit. Velocity 20 mm/s, accel 200 mm/s2, decel 1000 mm/s2, timeout 60 s.
08/22/2018 15:24:49.3 [YL] Reached limit successfully.
08/22/2018 15:24:49.3 [YL] Attempting to back off Positive limit.
08/22/2018 15:24:49.8 [YL] Move off limit completion: Successful (OKReady).
08/22/2018 15:24:49.8 [YL] Move to limit finished.
08/22/2018 15:24:49.9 [YL] Establishing new 0 position for the old position 0.03 mm.
08/22/2018 15:24:49.9 [YL] Timestamp of last successful home: 8/22/2018 3:24:49 PM
08/22/2018 15:24:50.1 [XL] Move to Positive limit. Velocity 20 mm/s, accel 200 mm/s2, decel 1000 mm/s2, timeout 60 s.
08/22/2018 15:24:51.8 [XL] Reached limit successfully.
08/22/2018 15:24:51.8 [XL] Attempting to back off Positive limit.
08/22/2018 15:24:52.2 [XL] Move off limit completion: Successful (OKReady).
08/22/2018 15:24:52.3 [XL] Move to limit finished.
08/22/2018 15:24:52.3 [XL] Establishing new 0 position for the old position -0.13 mm.
08/22/2018 15:24:52.3 [XL] Timestamp of last successful home: 8/22/2018 3:24:52 PM
08/22/2018 15:33:44.5 [YL] StopMotion flag is active in WaitReady.
08/22/2018 15:33:44.6 [YL] StopMotion flag is active in WaitReady.
08/22/2018 15:33:51.6 [YL] StopMotion flag is active in WaitReady.
08/22/2018 15:33:51.6 [YL] StopMotion flag is active in WaitReady.
08/22/2018 15:33:57.8 [YL] StopMotion flag is active in WaitReady.
08/22/2018 15:33:57.8 [YL] StopMotion flag is active in WaitReady.
08/22/2018 15:33:59.0 [YL] StopMotion flag is active in WaitReady.
08/22/2018 15:33:59.0 [YL] StopMotion flag is active in WaitReady.
08/22/2018 15:36:39.5 [XL] Closing component connections for Warp 'XL'.
08/22/2018 15:36:39.6 [YL] Closing component connections for Warp 'YL'.
08/22/2018 15:36:39.6 [ZL] Closing component connections for Warp 'ZL'.
08/22/2018 15:36:40.1 [Lynx] 
