Workspace 'LM703' modules...
  MethodManagerV4   1.4.6666.27655
  MMCoreDevice   1.4.6666.27650
  MMLiquidHandler   1.4.6666.26302
  Warp3   2.0.6591.13866
  MMVVP   1.4.6666.26303
  MMIOLightTower   1.4.6666.26303
  MMHeadGripper   1.3.6591.14013
The pipette tool 'VVP96' has mandrel type 'MLV' and can load the following tip types:
   Tip type 'LXB-96-150F', loading depth 9.4 mm, Id: baf0d489-a29c-4899-844e-44fbdc6c2c49.
   Tip type 'LXB-96-200NF', loading depth 9.4 mm, Id: 095daefc-e866-4d91-906f-cc7e17eaf3f6.
   Tip type 'LXB-96-300F', loading depth 10.4 mm, Id: d2f37554-e0d6-41ea-8f3d-101c68af7e40.
   Tip type 'LXB-96-300NF', loading depth 10.4 mm, Id: 423ec1e5-0ccf-4946-a441-905f3c9e1fd9.
   Tip type 'LXB-96-950F', loading depth 28.6 mm, Id: 497625a6-73fc-4433-95df-636ceecdc818.
   Tip type 'LXB-96-950F-WB', loading depth 28.6 mm, Id: ca3988bc-a34d-4ad7-ba77-93a37e8cba6d.
   Tip type 'LXB-96-1250NF', loading depth 28.6 mm, Id: 13ba07a3-d5cb-4a96-9ab8-1d418fc383d6.
03/08/2019 07:15:22.1 The command server is monitoring the workspace 'LM703' and is available on 172.18.3.53/1000
03/08/2019 07:15:38.5 [ZL] Instruction Error Status: None
03/08/2019 07:15:38.5 [ZL] Warp3 core version: 99103v1.0 (will support I/O).
03/08/2019 07:15:38.5 [ZL] Configured as an enhanced Warp3 with I/O.
03/08/2019 07:15:38.6 [ZL]   Inputs: False False False False False 
03/08/2019 07:15:38.7 [ZL] Current IP communications rate is 10 mb.
03/08/2019 07:15:38.7 [ZL] IP communications speed is currently set to 10 Mbps.
03/08/2019 07:15:38.8 [ZL] Relative motor limit setting 100.0%, changing limit from 100.0% to 30.0%
03/08/2019 07:15:38.8 [ZL] Phase correction: disabled, prescale: 0, phase counts: 2000
03/08/2019 07:15:38.8 [ZL] SetCurrentFoldbackAmps(8, 20) will set 17440 , 216
03/08/2019 07:15:38.9 [ZL] Configuration parameters loaded from 'P:\MethodManagerWorkspaces\LM703\Configuration\Z Axis.xml'. HomeVelocity 20 mm/s, CountsPerMM 2571 cts/mm.
03/08/2019 07:15:39.0 [ZL] Start Hall-based phase initialization.
03/08/2019 07:15:39.0 [ZL] Phases initialized.
03/08/2019 07:15:39.2 [BarCodeZAxis] Instruction Error Status: None
03/08/2019 07:15:39.2 [BarCodeZAxis] Warp3 core version: 99103v1.0 (will support I/O).
03/08/2019 07:15:39.2 [BarCodeZAxis] Configured as an enhanced Warp3 with I/O.
03/08/2019 07:15:39.3 [BarCodeZAxis]   Inputs: False False False False False 
03/08/2019 07:15:39.3 [BarCodeZAxis] Current IP communications rate is 10 mb.
03/08/2019 07:15:39.3 [BarCodeZAxis] IP communications speed is currently set to 10 Mbps.
03/08/2019 07:15:39.4 [BarCodeZAxis] Relative motor limit setting 100.0%, changing limit from 100.0% to 10.0%
03/08/2019 07:15:39.4 [BarCodeZAxis] Phase correction: disabled, prescale: 0, phase counts: 2000
03/08/2019 07:15:39.5 [BarCodeZAxis] SetCurrentFoldbackAmps(2, 5) will set 4360 , 54
03/08/2019 07:15:39.5 [BarCodeZAxis] Configuration parameters loaded from 'P:\MethodManagerWorkspaces\LM703\Configuration\BarCode Z.xml'. HomeVelocity 20 mm/s, CountsPerMM 5538 cts/mm.
03/08/2019 07:15:39.6 [BarCodeZAxis] Start Hall-based phase initialization.
03/08/2019 07:15:39.6 [BarCodeZAxis] Phases initialized.
03/08/2019 07:15:39.8 [YL] Instruction Error Status: None
03/08/2019 07:15:39.9 [YL] Warp3 core version: 99103v1.0 (will support I/O).
03/08/2019 07:15:40.0 [YL] Configured as an enhanced Warp3 with I/O.
03/08/2019 07:15:40.0 [YL]   Inputs: False False False False False 
03/08/2019 07:15:40.1 [YL] Current IP communications rate is 10 mb.
03/08/2019 07:15:40.1 [YL] IP communications speed is currently set to 10 Mbps.
03/08/2019 07:15:40.2 [YL] Relative motor limit setting 100.0%, changing limit from 100.0% to 70.0%
03/08/2019 07:15:40.2 [YL] Phase correction: disabled, prescale: 1, phase counts: 1905
03/08/2019 07:15:40.2 [YL] SetCurrentFoldbackAmps(6, 100) will set 13080 , 1083
03/08/2019 07:15:40.2 [YL] Configuration parameters loaded from 'P:\MethodManagerWorkspaces\LM703\Configuration\Y Axis.xml'. HomeVelocity 20 mm/s, CountsPerMM 2000 cts/mm.
03/08/2019 07:15:40.4 [YL] Start Hall-based phase initialization.
03/08/2019 07:15:40.4 [YL] Phases initialized.
03/08/2019 07:15:40.6 [XL] Instruction Error Status: None
03/08/2019 07:15:40.6 [XL] Warp3 core version: 99103v1.0 (will support I/O).
03/08/2019 07:15:40.6 [XL] Configured as an enhanced Warp3 with I/O.
03/08/2019 07:15:40.7 [XL]   Inputs: False False False False False 
03/08/2019 07:15:40.7 [XL] Current IP communications rate is 10 mb.
03/08/2019 07:15:40.7 [XL] IP communications speed is currently set to 10 Mbps.
03/08/2019 07:15:40.8 [XL] Phase correction: disabled, prescale: 1, phase counts: 1905
03/08/2019 07:15:40.8 [XL] SetCurrentFoldbackAmps(6, 100) will set 13080 , 1083
03/08/2019 07:15:40.8 [XL] Configuration parameters loaded from 'P:\MethodManagerWorkspaces\LM703\Configuration\X Axis.xml'. HomeVelocity 20 mm/s, CountsPerMM 2000 cts/mm.
03/08/2019 07:15:41.0 [XL] Start Hall-based phase initialization.
03/08/2019 07:15:41.0 [XL] Phases initialized.
03/08/2019 07:15:46.0 [VVP96] Get VVP: command 'Aspirate Diagnostics' from 96 channels.
03/08/2019 07:15:47.9 [ZL] Move to Positive limit. Velocity 20 mm/s, accel 40 mm/s2, decel 200 mm/s2, timeout 60 s.
03/08/2019 07:15:48.5 [ZL] Reached limit successfully.
03/08/2019 07:15:48.6 [ZL] Attempting to back off Positive limit.
03/08/2019 07:15:49.2 [ZL] Move off limit completion: Successful (OKReady).
03/08/2019 07:15:49.3 [ZL] Move to limit finished.
03/08/2019 07:15:49.3 [ZL] Establishing new 0 position for the old position 2.10 mm.
03/08/2019 07:15:49.3 [ZL] Timestamp of last successful home: 3/8/2019 7:15:49 AM
03/08/2019 07:15:49.5 [BarCodeZAxis] Move to Negative limit. Velocity 20 mm/s, accel 200 mm/s2, decel 350 mm/s2, timeout 60 s.
03/08/2019 07:15:50.0 [BarCodeZAxis] Reached limit successfully.
03/08/2019 07:15:50.0 [BarCodeZAxis] Attempting to back off Negative limit.
03/08/2019 07:15:50.5 [BarCodeZAxis] Move off limit completion: Successful (OKReady).
03/08/2019 07:15:50.5 [BarCodeZAxis] Move to limit finished.
03/08/2019 07:15:50.6 [BarCodeZAxis] Establishing new 0 position for the old position 0.00 mm.
03/08/2019 07:15:50.6 [BarCodeZAxis] Timestamp of last successful home: 3/8/2019 7:15:50 AM
03/08/2019 07:15:51.7 [YL] Move to Positive limit. Velocity 20 mm/s, accel 200 mm/s2, decel 1000 mm/s2, timeout 60 s.
03/08/2019 07:16:07.9 [YL] Reached limit successfully.
03/08/2019 07:16:07.9 [YL] Attempting to back off Positive limit.
03/08/2019 07:16:08.3 [YL] Move off limit completion: Successful (OKReady).
03/08/2019 07:16:08.4 [YL] Move to limit finished.
03/08/2019 07:16:08.4 [YL] Establishing new 0 position for the old position 316.54 mm.
03/08/2019 07:16:08.4 [YL] Timestamp of last successful home: 3/8/2019 7:16:08 AM
03/08/2019 07:16:08.6 [XL] Move to Positive limit. Velocity 20 mm/s, accel 200 mm/s2, decel 1000 mm/s2, timeout 60 s.
03/08/2019 07:16:16.8 [XL] Reached limit successfully.
03/08/2019 07:16:16.8 [XL] Attempting to back off Positive limit.
03/08/2019 07:16:17.3 [XL] Move off limit completion: Failed (OKReady).
03/08/2019 07:16:17.3 [XL] Failed to find Positive limit: OKReady.
03/08/2019 07:16:17.4 [XL] Failed to home axis 'XL'.
03/08/2019 07:21:56.7 [ZL] Closing component connections for Warp 'ZL'.
03/08/2019 07:21:56.9 [ZL] Instruction Error Status: None
03/08/2019 07:21:56.9 [ZL] Warp3 core version: 99103v1.0 (will support I/O).
03/08/2019 07:21:57.0 [ZL] Configured as an enhanced Warp3 with I/O.
03/08/2019 07:21:57.0 [ZL]   Inputs: False False False False False 
03/08/2019 07:21:57.0 [ZL] Current IP communications rate is 10 mb.
03/08/2019 07:21:57.0 [ZL] IP communications speed is currently set to 10 Mbps.
03/08/2019 07:21:57.1 [ZL] Relative motor limit setting 100.0%, changing limit from 100.0% to 30.0%
03/08/2019 07:21:57.2 [ZL] Phase correction: disabled, prescale: 0, phase counts: 2000
03/08/2019 07:21:57.2 [ZL] SetCurrentFoldbackAmps(8, 20) will set 17440 , 216
03/08/2019 07:21:57.2 [ZL] Configuration parameters loaded from 'P:\MethodManagerWorkspaces\LM703\Configuration\Z Axis.xml'. HomeVelocity 20 mm/s, CountsPerMM 2571 cts/mm.
03/08/2019 07:21:57.4 [ZL] Start Hall-based phase initialization.
03/08/2019 07:21:57.4 [ZL] Phases initialized.
03/08/2019 07:21:57.4 [BarCodeZAxis] Closing component connections for Warp 'BarCodeZAxis'.
03/08/2019 07:21:57.6 [BarCodeZAxis] Instruction Error Status: None
03/08/2019 07:21:57.6 [BarCodeZAxis] Warp3 core version: 99103v1.0 (will support I/O).
03/08/2019 07:21:57.6 [BarCodeZAxis] Configured as an enhanced Warp3 with I/O.
03/08/2019 07:21:57.7 [BarCodeZAxis]   Inputs: False False False False False 
03/08/2019 07:21:57.7 [BarCodeZAxis] Current IP communications rate is 10 mb.
03/08/2019 07:21:57.7 [BarCodeZAxis] IP communications speed is currently set to 10 Mbps.
03/08/2019 07:21:57.8 [BarCodeZAxis] Relative motor limit setting 100.0%, changing limit from 100.0% to 10.0%
03/08/2019 07:21:57.8 [BarCodeZAxis] Phase correction: disabled, prescale: 0, phase counts: 2000
03/08/2019 07:21:57.8 [BarCodeZAxis] SetCurrentFoldbackAmps(2, 5) will set 4360 , 54
03/08/2019 07:21:57.9 [BarCodeZAxis] Configuration parameters loaded from 'P:\MethodManagerWorkspaces\LM703\Configuration\BarCode Z.xml'. HomeVelocity 20 mm/s, CountsPerMM 5538 cts/mm.
03/08/2019 07:21:58.0 [BarCodeZAxis] Start Hall-based phase initialization.
03/08/2019 07:21:58.0 [BarCodeZAxis] Phases initialized.
03/08/2019 07:21:58.1 [YL] Closing component connections for Warp 'YL'.
03/08/2019 07:21:58.2 [YL] Instruction Error Status: None
03/08/2019 07:21:58.3 [YL] Warp3 core version: 99103v1.0 (will support I/O).
03/08/2019 07:21:58.3 [YL] Configured as an enhanced Warp3 with I/O.
03/08/2019 07:21:58.3 [YL]   Inputs: False False False False False 
03/08/2019 07:21:58.3 [YL] Current IP communications rate is 10 mb.
03/08/2019 07:21:58.3 [YL] IP communications speed is currently set to 10 Mbps.
03/08/2019 07:21:58.4 [YL] Relative motor limit setting 100.0%, changing limit from 100.0% to 70.0%
03/08/2019 07:21:58.4 [YL] Phase correction: disabled, prescale: 1, phase counts: 1905
03/08/2019 07:21:58.5 [YL] SetCurrentFoldbackAmps(6, 100) will set 13080 , 1083
03/08/2019 07:21:58.5 [YL] Configuration parameters loaded from 'P:\MethodManagerWorkspaces\LM703\Configuration\Y Axis.xml'. HomeVelocity 20 mm/s, CountsPerMM 2000 cts/mm.
03/08/2019 07:21:58.7 [YL] Start Hall-based phase initialization.
03/08/2019 07:21:58.7 [YL] Phases initialized.
03/08/2019 07:21:58.7 [XL] Closing component connections for Warp 'XL'.
03/08/2019 07:21:58.9 [XL] Instruction Error Status: None
03/08/2019 07:21:58.9 [XL] Warp3 core version: 99103v1.0 (will support I/O).
03/08/2019 07:21:58.9 [XL] Configured as an enhanced Warp3 with I/O.
03/08/2019 07:21:58.9 [XL]   Inputs: False False False False False 
03/08/2019 07:21:59.0 [XL] Current IP communications rate is 10 mb.
03/08/2019 07:21:59.0 [XL] IP communications speed is currently set to 10 Mbps.
03/08/2019 07:21:59.1 [XL] Phase correction: disabled, prescale: 1, phase counts: 1905
03/08/2019 07:21:59.1 [XL] SetCurrentFoldbackAmps(6, 100) will set 13080 , 1083
03/08/2019 07:21:59.2 [XL] Configuration parameters loaded from 'P:\MethodManagerWorkspaces\LM703\Configuration\X Axis.xml'. HomeVelocity 20 mm/s, CountsPerMM 2000 cts/mm.
03/08/2019 07:21:59.3 [XL] Start Hall-based phase initialization.
03/08/2019 07:21:59.3 [XL] Phases initialized.
03/08/2019 07:22:06.2 [VVP96] Get VVP: command 'Aspirate Diagnostics' from 96 channels.
03/08/2019 07:22:06.4 [ZL] Move to Positive limit. Velocity 20 mm/s, accel 40 mm/s2, decel 200 mm/s2, timeout 60 s.
03/08/2019 07:22:06.8 [ZL] Reached limit successfully.
03/08/2019 07:22:06.9 [ZL] Attempting to back off Positive limit.
03/08/2019 07:22:07.3 [ZL] Move off limit completion: Successful (OKReady).
03/08/2019 07:22:07.4 [ZL] Move to limit finished.
03/08/2019 07:22:07.4 [ZL] Establishing new 0 position for the old position 0.29 mm.
03/08/2019 07:22:07.4 [ZL] Timestamp of last successful home: 3/8/2019 7:22:07 AM
03/08/2019 07:22:07.6 [BarCodeZAxis] Move to Negative limit. Velocity 20 mm/s, accel 200 mm/s2, decel 350 mm/s2, timeout 60 s.
03/08/2019 07:22:08.1 [BarCodeZAxis] Reached limit successfully.
03/08/2019 07:22:08.1 [BarCodeZAxis] Attempting to back off Negative limit.
03/08/2019 07:22:08.5 [BarCodeZAxis] Move off limit completion: Successful (OKReady).
03/08/2019 07:22:08.6 [BarCodeZAxis] Move to limit finished.
03/08/2019 07:22:08.6 [BarCodeZAxis] Establishing new 0 position for the old position 0.00 mm.
03/08/2019 07:22:08.7 [BarCodeZAxis] Timestamp of last successful home: 3/8/2019 7:22:08 AM
03/08/2019 07:22:10.0 [YL] Move to Positive limit. Velocity 20 mm/s, accel 200 mm/s2, decel 1000 mm/s2, timeout 60 s.
03/08/2019 07:22:11.9 [YL] Reached limit successfully.
03/08/2019 07:22:11.9 [YL] Attempting to back off Positive limit.
03/08/2019 07:22:12.3 [YL] Move off limit completion: Successful (OKReady).
03/08/2019 07:22:12.4 [YL] Move to limit finished.
03/08/2019 07:22:12.4 [YL] Establishing new 0 position for the old position 29.71 mm.
03/08/2019 07:22:12.5 [YL] Timestamp of last successful home: 3/8/2019 7:22:12 AM
03/08/2019 07:22:12.7 [XL] Move to Positive limit. Velocity 20 mm/s, accel 200 mm/s2, decel 1000 mm/s2, timeout 60 s.
03/08/2019 07:22:13.9 [XL] Reached limit successfully.
03/08/2019 07:22:13.9 [XL] Attempting to back off Positive limit.
03/08/2019 07:22:14.4 [XL] Move off limit completion: Successful (OKReady).
03/08/2019 07:22:14.4 [XL] Move to limit finished.
03/08/2019 07:22:14.5 [XL] Establishing new 0 position for the old position 15.47 mm.
03/08/2019 07:22:14.5 [XL] Timestamp of last successful home: 3/8/2019 7:22:14 AM
03/08/2019 07:22:36.4 [XL] Closing component connections for Warp 'XL'.
03/08/2019 07:22:36.4 [YL] Closing component connections for Warp 'YL'.
03/08/2019 07:22:36.4 [ZL] Closing component connections for Warp 'ZL'.
03/08/2019 07:22:36.5 [BarCodeZAxis] Closing component connections for Warp 'BarCodeZAxis'.
03/08/2019 07:22:37.0 [Lynx] 
