Workspace 'LM703' modules...
  MethodManagerV4   1.4.6666.27655
  MMCoreDevice   1.4.6666.27650
  MMLiquidHandler   1.4.6666.26302
  Warp3   2.0.6591.13866
  MMVVP   1.4.6666.26303
  MMIOLightTower   1.4.6666.26303
  MMHeadGripper   1.3.6591.14013
The pipette tool 'VVP96' has mandrel type 'MLV' and can load the following tip types:
   Tip type 'LXB-96-150F', loading depth 9.4 mm, Id: baf0d489-a29c-4899-844e-44fbdc6c2c49.
   Tip type 'LXB-96-200NF', loading depth 9.4 mm, Id: 095daefc-e866-4d91-906f-cc7e17eaf3f6.
   Tip type 'LXB-96-300F', loading depth 10.4 mm, Id: d2f37554-e0d6-41ea-8f3d-101c68af7e40.
   Tip type 'LXB-96-300NF', loading depth 10.4 mm, Id: 423ec1e5-0ccf-4946-a441-905f3c9e1fd9.
   Tip type 'LXB-96-950F', loading depth 28.6 mm, Id: 497625a6-73fc-4433-95df-636ceecdc818.
   Tip type 'LXB-96-950F-WB', loading depth 28.6 mm, Id: ca3988bc-a34d-4ad7-ba77-93a37e8cba6d.
   Tip type 'LXB-96-1250NF', loading depth 28.6 mm, Id: 13ba07a3-d5cb-4a96-9ab8-1d418fc383d6.
03/18/2019 09:51:05.2 The command server is monitoring the workspace 'LM703' and is available on 172.18.3.53/1000
03/18/2019 10:12:07.7 [ZL] Instruction Error Status: None
03/18/2019 10:12:07.8 [ZL] Warp3 core version: 99103v1.0 (will support I/O).
03/18/2019 10:12:07.8 [ZL] Configured as an enhanced Warp3 with I/O.
03/18/2019 10:12:07.8 [ZL]   Inputs: False False False False False 
03/18/2019 10:12:07.8 [ZL] Current IP communications rate is 10 mb.
03/18/2019 10:12:07.8 [ZL] IP communications speed is currently set to 10 Mbps.
03/18/2019 10:12:07.9 [ZL] Phase correction: disabled, prescale: 0, phase counts: 2000
03/18/2019 10:12:08.0 [ZL] SetCurrentFoldbackAmps(8, 20) will set 17440 , 216
03/18/2019 10:12:08.0 [ZL] Configuration parameters loaded from 'P:\MethodManagerWorkspaces\LM703\Configuration\Z Axis.xml'. HomeVelocity 20 mm/s, CountsPerMM 2571 cts/mm.
03/18/2019 10:12:08.2 [ZL] Start Hall-based phase initialization.
03/18/2019 10:12:08.2 [ZL] Phases initialized.
03/18/2019 10:12:08.2 [BarCodeZAxis] Instruction Error Status: None
03/18/2019 10:12:08.2 [BarCodeZAxis] Warp3 core version: 99103v1.0 (will support I/O).
03/18/2019 10:12:08.2 [BarCodeZAxis] Configured as an enhanced Warp3 with I/O.
03/18/2019 10:12:08.3 [BarCodeZAxis]   Inputs: False True False False False 
03/18/2019 10:12:08.3 [BarCodeZAxis] Current IP communications rate is 10 mb.
03/18/2019 10:12:08.3 [BarCodeZAxis] IP communications speed is currently set to 10 Mbps.
03/18/2019 10:12:08.4 [BarCodeZAxis] Phase correction: disabled, prescale: 0, phase counts: 2000
03/18/2019 10:12:08.4 [BarCodeZAxis] SetCurrentFoldbackAmps(2, 5) will set 4360 , 54
03/18/2019 10:12:08.4 [BarCodeZAxis] Configuration parameters loaded from 'P:\MethodManagerWorkspaces\LM703\Configuration\BarCode Z.xml'. HomeVelocity 20 mm/s, CountsPerMM 5538 cts/mm.
03/18/2019 10:12:08.6 [BarCodeZAxis] Start Hall-based phase initialization.
03/18/2019 10:12:08.6 [BarCodeZAxis] Phases initialized.
03/18/2019 10:12:08.6 [YL] Instruction Error Status: None
03/18/2019 10:12:08.6 [YL] Warp3 core version: 99103v1.0 (will support I/O).
03/18/2019 10:12:08.6 [YL] Configured as an enhanced Warp3 with I/O.
03/18/2019 10:12:08.7 [YL]   Inputs: False False False False False 
03/18/2019 10:12:08.7 [YL] Current IP communications rate is 10 mb.
03/18/2019 10:12:08.7 [YL] IP communications speed is currently set to 10 Mbps.
03/18/2019 10:12:08.8 [YL] Phase correction: disabled, prescale: 1, phase counts: 1905
03/18/2019 10:12:08.8 [YL] SetCurrentFoldbackAmps(6, 100) will set 13080 , 1083
03/18/2019 10:12:08.8 [YL] Configuration parameters loaded from 'P:\MethodManagerWorkspaces\LM703\Configuration\Y Axis.xml'. HomeVelocity 20 mm/s, CountsPerMM 2000 cts/mm.
03/18/2019 10:12:09.0 [YL] Start Hall-based phase initialization.
03/18/2019 10:12:09.0 [YL] Phases initialized.
03/18/2019 10:12:09.1 [XL] Instruction Error Status: None
03/18/2019 10:12:09.1 [XL] Warp3 core version: 99103v1.0 (will support I/O).
03/18/2019 10:12:09.1 [XL] Configured as an enhanced Warp3 with I/O.
03/18/2019 10:12:09.1 [XL]   Inputs: False False False False False 
03/18/2019 10:12:09.1 [XL] Current IP communications rate is 10 mb.
03/18/2019 10:12:09.1 [XL] IP communications speed is currently set to 10 Mbps.
03/18/2019 10:12:09.2 [XL] Phase correction: disabled, prescale: 1, phase counts: 1905
03/18/2019 10:12:09.3 [XL] SetCurrentFoldbackAmps(6, 100) will set 13080 , 1083
03/18/2019 10:12:09.3 [XL] Configuration parameters loaded from 'P:\MethodManagerWorkspaces\LM703\Configuration\X Axis.xml'. HomeVelocity 20 mm/s, CountsPerMM 2000 cts/mm.
03/18/2019 10:12:09.4 [XL] Start Hall-based phase initialization.
03/18/2019 10:12:09.4 [XL] Phases initialized.
03/18/2019 10:12:11.3 [VVP96] Get VVP: command 'Aspirate Diagnostics' from 96 channels.
03/18/2019 10:12:11.5 [ZL] Move to Positive limit. Velocity 20 mm/s, accel 40 mm/s2, decel 200 mm/s2, timeout 60 s.
03/18/2019 10:12:12.2 [ZL] Reached limit successfully.
03/18/2019 10:12:12.2 [ZL] Attempting to back off Positive limit.
03/18/2019 10:12:12.8 [ZL] Move off limit completion: Successful (OKReady).
03/18/2019 10:12:12.9 [ZL] Move to limit finished.
03/18/2019 10:12:12.9 [ZL] Establishing new 0 position for the old position 0.00 mm.
03/18/2019 10:12:12.9 [ZL] Timestamp of last successful home: 3/18/2019 10:12:12 AM
03/18/2019 10:12:13.1 [BarCodeZAxis] Move to Negative limit. Velocity 20 mm/s, accel 200 mm/s2, decel 350 mm/s2, timeout 60 s.
03/18/2019 10:12:13.6 [BarCodeZAxis] Reached limit successfully.
03/18/2019 10:12:13.6 [BarCodeZAxis] Attempting to back off Negative limit.
03/18/2019 10:12:14.0 [BarCodeZAxis] Move off limit completion: Successful (OKReady).
03/18/2019 10:12:14.1 [BarCodeZAxis] Move to limit finished.
03/18/2019 10:12:14.1 [BarCodeZAxis] Establishing new 0 position for the old position 0.00 mm.
03/18/2019 10:12:14.2 [BarCodeZAxis] Timestamp of last successful home: 3/18/2019 10:12:14 AM
03/18/2019 10:12:16.2 [YL] Move to Positive limit. Velocity 20 mm/s, accel 200 mm/s2, decel 1000 mm/s2, timeout 60 s.
03/18/2019 10:12:32.5 [YL] Reached limit successfully.
03/18/2019 10:12:32.5 [YL] Attempting to back off Positive limit.
03/18/2019 10:12:32.9 [YL] Move off limit completion: Successful (OKReady).
03/18/2019 10:12:33.0 [YL] Move to limit finished.
03/18/2019 10:12:33.0 [YL] Establishing new 0 position for the old position 0.03 mm.
03/18/2019 10:12:33.0 [YL] Timestamp of last successful home: 3/18/2019 10:12:33 AM
03/18/2019 10:12:33.2 [XL] Move to Positive limit. Velocity 20 mm/s, accel 200 mm/s2, decel 1000 mm/s2, timeout 60 s.
03/18/2019 10:12:41.7 [XL] Reached limit successfully.
03/18/2019 10:12:41.7 [XL] Attempting to back off Positive limit.
03/18/2019 10:12:42.1 [XL] Move off limit completion: Successful (OKReady).
03/18/2019 10:12:42.2 [XL] Move to limit finished.
03/18/2019 10:12:42.2 [XL] Establishing new 0 position for the old position -0.01 mm.
03/18/2019 10:12:42.2 [XL] Timestamp of last successful home: 3/18/2019 10:12:42 AM
03/18/2019 10:12:46.7 Tcp notification encountered an error: SocketException: System.Net.Sockets.SocketException (0x80004005): The requested address is not valid in its context 172.18.3.52:0
   at System.Net.Sockets.TcpClient..ctor(String hostname, Int32 port)
   at MethodManager.DX.Interop.MMTcpServer.<>c__DisplayClass5.<SendNotification>b__4()
03/18/2019 10:12:52.0 Process 'InitializeLynx.met' MethodStarted
03/18/2019 10:12:52.0 Process 'InitializeLynx.met'[0] 'Move To Location(VVP96)' CommandStarted
03/18/2019 10:12:52.0 [Lynx.Move To Location(VVP96).VVP96] Location 'Loc_10' with X/Y offsets 0.00 mm / 0.00 mm.
03/18/2019 10:12:52.0 [Lynx.Move To Location(VVP96).VVP96] Location coords: -145.48 mm, -327.87 mm, -174.72 mm.
03/18/2019 10:12:52.0 [Lynx.Move To Location(VVP96).VVP96] Tool X/Y location offsets: 14.38 mm, 11.24 mm.
03/18/2019 10:12:52.0 [Lynx.Move To Location(VVP96).VVP96] Initial robot X/Y/ZStart/ZEnd coordinates: -159.86 mm, -316.63 mm, -2.00 mm, -2.00 mm, using motion profile 'Mid Speed'.
03/18/2019 10:12:52.0 [Lynx.Move To Location(VVP96).VVP96] Initial axis positions:'XL' -0.06 mm, 'YL' -0.04 mm, 'ZL' 0.00 mm
03/18/2019 10:12:54.2 [Lynx.Move To Location(VVP96).VVP96] Final axis positions:'XL' -159.82 mm, 'YL' -316.60 mm, 'ZL' -2.00 mm
03/18/2019 10:12:54.2 [Lynx.Move To Location(VVP96).VVP96] Time to complete: 2 s.
03/18/2019 10:12:54.2 Process 'InitializeLynx.met'[0] 'Move To Location(VVP96)' CommandCompleted
03/18/2019 10:12:54.2 Process 'InitializeLynx.met' MethodCompleted
1 of 1 method(s) completed successfully.
  Concurrent method 'Main' (Main) started at 03/18/2019 10:12:52.0 and finished at 03/18/2019 10:12:54.2

03/18/2019 13:02:46.4 [XL] Closing component connections for Warp 'XL'.
03/18/2019 13:02:46.4 [YL] Closing component connections for Warp 'YL'.
03/18/2019 13:02:46.4 [ZL] Closing component connections for Warp 'ZL'.
03/18/2019 13:02:46.4 [BarCodeZAxis] Closing component connections for Warp 'BarCodeZAxis'.
03/18/2019 13:02:46.9 [Lynx] 
