Workspace 'LM703' modules...
  MethodManagerV4   1.4.6666.27655
  MMCoreDevice   1.4.6666.27650
  MMLiquidHandler   1.4.6666.26302
  Warp3   2.0.6591.13866
  MMVVP   1.4.6666.26303
  MMIOLightTower   1.4.6666.26303
  MMHeadGripper   1.3.6591.14013
The pipette tool 'VVP96' has mandrel type 'MLV' and can load the following tip types:
   Tip type 'LXB-96-150F', loading depth 9.4 mm, Id: baf0d489-a29c-4899-844e-44fbdc6c2c49.
   Tip type 'LXB-96-200NF', loading depth 9.4 mm, Id: 095daefc-e866-4d91-906f-cc7e17eaf3f6.
   Tip type 'LXB-96-300F', loading depth 10.4 mm, Id: d2f37554-e0d6-41ea-8f3d-101c68af7e40.
   Tip type 'LXB-96-300NF', loading depth 10.4 mm, Id: 423ec1e5-0ccf-4946-a441-905f3c9e1fd9.
   Tip type 'LXB-96-950F', loading depth 28.6 mm, Id: 497625a6-73fc-4433-95df-636ceecdc818.
   Tip type 'LXB-96-950F-WB', loading depth 28.6 mm, Id: ca3988bc-a34d-4ad7-ba77-93a37e8cba6d.
   Tip type 'LXB-96-1250NF', loading depth 28.6 mm, Id: 13ba07a3-d5cb-4a96-9ab8-1d418fc383d6.
06/07/2019 08:23:15.2 The command server is monitoring the workspace 'LM703' and is available on 172.18.3.53/1000
06/07/2019 08:26:11.7 [ZL] Instruction Error Status: None
06/07/2019 08:26:11.7 [ZL] Warp3 core version: 99103v1.0 (will support I/O).
06/07/2019 08:26:11.7 [ZL] Configured as an enhanced Warp3 with I/O.
06/07/2019 08:26:11.8 [ZL]   Inputs: False False False False False 
06/07/2019 08:26:11.9 [ZL] Current IP communications rate is 10 mb.
06/07/2019 08:26:11.9 [ZL] IP communications speed is currently set to 10 Mbps.
06/07/2019 08:26:12.0 [ZL] Phase correction: disabled, prescale: 0, phase counts: 2000
06/07/2019 08:26:12.0 [ZL] SetCurrentFoldbackAmps(8, 20) will set 17440 , 216
06/07/2019 08:26:12.0 [ZL] Configuration parameters loaded from 'P:\MethodManagerWorkspaces\LM703\Configuration\Z Axis.xml'. HomeVelocity 20 mm/s, CountsPerMM 2571 cts/mm.
06/07/2019 08:26:12.2 [ZL] Start Hall-based phase initialization.
06/07/2019 08:26:12.2 [ZL] Phases initialized.
06/07/2019 08:26:12.3 [BarCodeZAxis] Instruction Error Status: None
06/07/2019 08:26:12.3 [BarCodeZAxis] Warp3 core version: 99103v1.0 (will support I/O).
06/07/2019 08:26:12.3 [BarCodeZAxis] Configured as an enhanced Warp3 with I/O.
06/07/2019 08:26:12.3 [BarCodeZAxis]   Inputs: False True False False False 
06/07/2019 08:26:12.3 [BarCodeZAxis] Current IP communications rate is 10 mb.
06/07/2019 08:26:12.4 [BarCodeZAxis] IP communications speed is currently set to 10 Mbps.
06/07/2019 08:26:12.4 [BarCodeZAxis] Phase correction: disabled, prescale: 0, phase counts: 2000
06/07/2019 08:26:12.5 [BarCodeZAxis] SetCurrentFoldbackAmps(2, 5) will set 4360 , 54
06/07/2019 08:26:12.5 [BarCodeZAxis] Configuration parameters loaded from 'P:\MethodManagerWorkspaces\LM703\Configuration\BarCode Z.xml'. HomeVelocity 20 mm/s, CountsPerMM 5538 cts/mm.
06/07/2019 08:26:12.7 [BarCodeZAxis] Start Hall-based phase initialization.
06/07/2019 08:26:12.7 [BarCodeZAxis] Phases initialized.
06/07/2019 08:26:12.7 [YL] Instruction Error Status: None
06/07/2019 08:26:12.7 [YL] Warp3 core version: 99103v1.0 (will support I/O).
06/07/2019 08:26:12.7 [YL] Configured as an enhanced Warp3 with I/O.
06/07/2019 08:26:12.8 [YL]   Inputs: False False False False False 
06/07/2019 08:26:12.8 [YL] Current IP communications rate is 10 mb.
06/07/2019 08:26:12.8 [YL] IP communications speed is currently set to 10 Mbps.
06/07/2019 08:26:12.9 [YL] Phase correction: disabled, prescale: 1, phase counts: 1905
06/07/2019 08:26:12.9 [YL] SetCurrentFoldbackAmps(6, 100) will set 13080 , 1083
06/07/2019 08:26:12.9 [YL] Configuration parameters loaded from 'P:\MethodManagerWorkspaces\LM703\Configuration\Y Axis.xml'. HomeVelocity 20 mm/s, CountsPerMM 2000 cts/mm.
06/07/2019 08:26:13.1 [YL] Start Hall-based phase initialization.
06/07/2019 08:26:13.1 [YL] Phases initialized.
06/07/2019 08:26:13.2 [XL] Instruction Error Status: None
06/07/2019 08:26:13.2 [XL] Warp3 core version: 99103v1.0 (will support I/O).
06/07/2019 08:26:13.2 [XL] Configured as an enhanced Warp3 with I/O.
06/07/2019 08:26:13.2 [XL]   Inputs: False False False False False 
06/07/2019 08:26:13.3 [XL] Current IP communications rate is 10 mb.
06/07/2019 08:26:13.3 [XL] IP communications speed is currently set to 10 Mbps.
06/07/2019 08:26:13.4 [XL] Phase correction: disabled, prescale: 1, phase counts: 1905
06/07/2019 08:26:13.4 [XL] SetCurrentFoldbackAmps(6, 100) will set 13080 , 1083
06/07/2019 08:26:13.4 [XL] Configuration parameters loaded from 'P:\MethodManagerWorkspaces\LM703\Configuration\X Axis.xml'. HomeVelocity 20 mm/s, CountsPerMM 2000 cts/mm.
06/07/2019 08:26:13.6 [XL] Start Hall-based phase initialization.
06/07/2019 08:26:13.6 [XL] Phases initialized.
06/07/2019 08:26:20.1 [VVP96] Get VVP: command 'Aspirate Diagnostics' from 96 channels.
06/07/2019 08:26:20.4 [ZL] Move to Positive limit. Velocity 20 mm/s, accel 40 mm/s2, decel 200 mm/s2, timeout 60 s.
06/07/2019 08:26:20.8 [ZL] Reached limit successfully.
06/07/2019 08:26:20.8 [ZL] Attempting to back off Positive limit.
06/07/2019 08:26:21.3 [ZL] Move off limit completion: Successful (OKReady).
06/07/2019 08:26:21.3 [ZL] Move to limit finished.
06/07/2019 08:26:21.4 [ZL] Establishing new 0 position for the old position 0.01 mm.
06/07/2019 08:26:21.4 [ZL] Timestamp of last successful home: 6/7/2019 8:26:21 AM
06/07/2019 08:26:21.6 [BarCodeZAxis] Move to Negative limit. Velocity 20 mm/s, accel 200 mm/s2, decel 350 mm/s2, timeout 60 s.
06/07/2019 08:26:22.0 [BarCodeZAxis] Reached limit successfully.
06/07/2019 08:26:22.1 [BarCodeZAxis] Attempting to back off Negative limit.
06/07/2019 08:26:22.5 [BarCodeZAxis] Move off limit completion: Successful (OKReady).
06/07/2019 08:26:22.6 [BarCodeZAxis] Move to limit finished.
06/07/2019 08:26:22.6 [BarCodeZAxis] Establishing new 0 position for the old position 0.00 mm.
06/07/2019 08:26:22.7 [BarCodeZAxis] Timestamp of last successful home: 6/7/2019 8:26:22 AM
06/07/2019 08:26:23.8 [YL] Move to Positive limit. Velocity 20 mm/s, accel 200 mm/s2, decel 1000 mm/s2, timeout 60 s.
06/07/2019 08:26:24.4 [YL] Reached limit successfully.
06/07/2019 08:26:24.4 [YL] Attempting to back off Positive limit.
06/07/2019 08:26:24.8 [YL] Move off limit completion: Successful (OKReady).
06/07/2019 08:26:24.9 [YL] Move to limit finished.
06/07/2019 08:26:24.9 [YL] Establishing new 0 position for the old position 0.02 mm.
06/07/2019 08:26:25.0 [YL] Timestamp of last successful home: 6/7/2019 8:26:25 AM
06/07/2019 08:26:25.2 [XL] Move to Positive limit. Velocity 20 mm/s, accel 200 mm/s2, decel 1000 mm/s2, timeout 60 s.
06/07/2019 08:26:25.8 [XL] Reached limit successfully.
06/07/2019 08:26:25.8 [XL] Attempting to back off Positive limit.
06/07/2019 08:26:26.2 [XL] Move off limit completion: Failed (OKReady).
06/07/2019 08:26:26.3 [XL] Failed to find Positive limit: OKReady.
06/07/2019 08:26:26.4 [XL] Failed to home axis 'XL'.
06/07/2019 08:26:34.4 [ZL] Closing component connections for Warp 'ZL'.
06/07/2019 08:26:34.4 [ZL] Instruction Error Status: None
06/07/2019 08:26:34.4 [ZL] Warp3 core version: 99103v1.0 (will support I/O).
06/07/2019 08:26:34.5 [ZL] Configured as an enhanced Warp3 with I/O.
06/07/2019 08:26:34.5 [ZL]   Inputs: False False False False False 
06/07/2019 08:26:34.5 [ZL] Current IP communications rate is 10 mb.
06/07/2019 08:26:34.5 [ZL] IP communications speed is currently set to 10 Mbps.
06/07/2019 08:26:34.6 [ZL] Phase correction: disabled, prescale: 0, phase counts: 2000
06/07/2019 08:26:34.7 [ZL] SetCurrentFoldbackAmps(8, 20) will set 17440 , 216
06/07/2019 08:26:34.7 [ZL] Configuration parameters loaded from 'P:\MethodManagerWorkspaces\LM703\Configuration\Z Axis.xml'. HomeVelocity 20 mm/s, CountsPerMM 2571 cts/mm.
06/07/2019 08:26:34.8 [ZL] Start Hall-based phase initialization.
06/07/2019 08:26:34.9 [ZL] Phases initialized.
06/07/2019 08:26:34.9 [BarCodeZAxis] Closing component connections for Warp 'BarCodeZAxis'.
06/07/2019 08:26:35.4 [BarCodeZAxis] Instruction Error Status: None
06/07/2019 08:26:35.5 [BarCodeZAxis] Warp3 core version: 99103v1.0 (will support I/O).
06/07/2019 08:26:35.5 [BarCodeZAxis] Configured as an enhanced Warp3 with I/O.
06/07/2019 08:26:35.5 [BarCodeZAxis]   Inputs: False True False False False 
06/07/2019 08:26:35.5 [BarCodeZAxis] Current IP communications rate is 10 mb.
06/07/2019 08:26:35.5 [BarCodeZAxis] IP communications speed is currently set to 10 Mbps.
06/07/2019 08:26:35.6 [BarCodeZAxis] Phase correction: disabled, prescale: 0, phase counts: 2000
06/07/2019 08:26:35.7 [BarCodeZAxis] SetCurrentFoldbackAmps(2, 5) will set 4360 , 54
06/07/2019 08:26:35.8 [BarCodeZAxis] Configuration parameters loaded from 'P:\MethodManagerWorkspaces\LM703\Configuration\BarCode Z.xml'. HomeVelocity 20 mm/s, CountsPerMM 5538 cts/mm.
06/07/2019 08:26:35.9 [BarCodeZAxis] Start Hall-based phase initialization.
06/07/2019 08:26:35.9 [BarCodeZAxis] Phases initialized.
06/07/2019 08:26:36.0 [YL] Closing component connections for Warp 'YL'.
06/07/2019 08:26:36.5 [YL] Instruction Error Status: None
06/07/2019 08:26:36.5 [YL] Warp3 core version: 99103v1.0 (will support I/O).
06/07/2019 08:26:36.5 [YL] Configured as an enhanced Warp3 with I/O.
06/07/2019 08:26:36.5 [YL]   Inputs: False False False False False 
06/07/2019 08:26:36.6 [YL] Current IP communications rate is 10 mb.
06/07/2019 08:26:36.6 [YL] IP communications speed is currently set to 10 Mbps.
06/07/2019 08:26:36.7 [YL] Phase correction: disabled, prescale: 1, phase counts: 1905
06/07/2019 08:26:36.7 [YL] SetCurrentFoldbackAmps(6, 100) will set 13080 , 1083
06/07/2019 08:26:36.8 [YL] Configuration parameters loaded from 'P:\MethodManagerWorkspaces\LM703\Configuration\Y Axis.xml'. HomeVelocity 20 mm/s, CountsPerMM 2000 cts/mm.
06/07/2019 08:26:36.9 [YL] Start Hall-based phase initialization.
06/07/2019 08:26:36.9 [YL] Phases initialized.
06/07/2019 08:26:37.0 [XL] Closing component connections for Warp 'XL'.
06/07/2019 08:26:37.5 [XL] Instruction Error Status: None
06/07/2019 08:26:37.5 [XL] Warp3 core version: 99103v1.0 (will support I/O).
06/07/2019 08:26:37.5 [XL] Configured as an enhanced Warp3 with I/O.
06/07/2019 08:26:37.5 [XL]   Inputs: False False False False False 
06/07/2019 08:26:37.6 [XL] Current IP communications rate is 10 mb.
06/07/2019 08:26:37.6 [XL] IP communications speed is currently set to 10 Mbps.
06/07/2019 08:26:37.7 [XL] Phase correction: disabled, prescale: 1, phase counts: 1905
06/07/2019 08:26:37.7 [XL] SetCurrentFoldbackAmps(6, 100) will set 13080 , 1083
06/07/2019 08:26:37.8 [XL] Configuration parameters loaded from 'P:\MethodManagerWorkspaces\LM703\Configuration\X Axis.xml'. HomeVelocity 20 mm/s, CountsPerMM 2000 cts/mm.
06/07/2019 08:26:37.9 [XL] Start Hall-based phase initialization.
06/07/2019 08:26:37.9 [XL] Phases initialized.
06/07/2019 08:26:39.8 [VVP96] Get VVP: command 'Aspirate Diagnostics' from 96 channels.
06/07/2019 08:26:40.0 [ZL] Move to Positive limit. Velocity 20 mm/s, accel 40 mm/s2, decel 200 mm/s2, timeout 60 s.
06/07/2019 08:26:40.4 [ZL] Reached limit successfully.
06/07/2019 08:26:40.4 [ZL] Attempting to back off Positive limit.
06/07/2019 08:26:40.8 [ZL] Move off limit completion: Successful (OKReady).
06/07/2019 08:26:40.9 [ZL] Move to limit finished.
06/07/2019 08:26:40.9 [ZL] Establishing new 0 position for the old position 0.00 mm.
06/07/2019 08:26:41.0 [ZL] Timestamp of last successful home: 6/7/2019 8:26:41 AM
06/07/2019 08:26:41.2 [BarCodeZAxis] Move to Negative limit. Velocity 20 mm/s, accel 200 mm/s2, decel 350 mm/s2, timeout 60 s.
06/07/2019 08:26:41.6 [BarCodeZAxis] Reached limit successfully.
06/07/2019 08:26:41.6 [BarCodeZAxis] Attempting to back off Negative limit.
06/07/2019 08:26:42.0 [BarCodeZAxis] Move off limit completion: Successful (OKReady).
06/07/2019 08:26:42.1 [BarCodeZAxis] Move to limit finished.
06/07/2019 08:26:42.1 [BarCodeZAxis] Establishing new 0 position for the old position 0.00 mm.
06/07/2019 08:26:42.2 [BarCodeZAxis] Timestamp of last successful home: 6/7/2019 8:26:42 AM
06/07/2019 08:26:43.2 [YL] Move to Positive limit. Velocity 20 mm/s, accel 200 mm/s2, decel 1000 mm/s2, timeout 60 s.
06/07/2019 08:26:43.9 [YL] Reached limit successfully.
06/07/2019 08:26:43.9 [YL] Attempting to back off Positive limit.
06/07/2019 08:26:44.3 [YL] Move off limit completion: Successful (OKReady).
06/07/2019 08:26:44.4 [YL] Move to limit finished.
06/07/2019 08:26:44.4 [YL] Establishing new 0 position for the old position 0.02 mm.
06/07/2019 08:26:44.5 [YL] Timestamp of last successful home: 6/7/2019 8:26:44 AM
06/07/2019 08:26:44.6 [XL] Move to Positive limit. Velocity 20 mm/s, accel 200 mm/s2, decel 1000 mm/s2, timeout 60 s.
06/07/2019 08:26:45.3 [XL] Reached limit successfully.
06/07/2019 08:26:45.3 [XL] Attempting to back off Positive limit.
06/07/2019 08:26:45.7 [XL] Move off limit completion: Failed (OKReady).
06/07/2019 08:26:45.8 [XL] Failed to find Positive limit: OKReady.
06/07/2019 08:26:45.9 [XL] Failed to home axis 'XL'.
06/07/2019 08:27:08.8 [ZL] Closing component connections for Warp 'ZL'.
06/07/2019 08:27:09.0 [ZL] Instruction Error Status: None
06/07/2019 08:27:09.0 [ZL] Warp3 core version: 99103v1.0 (will support I/O).
06/07/2019 08:27:09.0 [ZL] Configured as an enhanced Warp3 with I/O.
06/07/2019 08:27:09.1 [ZL]   Inputs: False False False False False 
06/07/2019 08:27:09.1 [ZL] Current IP communications rate is 10 mb.
06/07/2019 08:27:09.1 [ZL] IP communications speed is currently set to 10 Mbps.
06/07/2019 08:27:09.2 [ZL] Relative motor limit setting 100.0%, changing limit from 100.0% to 30.0%
06/07/2019 08:27:09.2 [ZL] Phase correction: disabled, prescale: 0, phase counts: 2000
06/07/2019 08:27:09.3 [ZL] SetCurrentFoldbackAmps(8, 20) will set 17440 , 216
06/07/2019 08:27:09.3 [ZL] Configuration parameters loaded from 'P:\MethodManagerWorkspaces\LM703\Configuration\Z Axis.xml'. HomeVelocity 20 mm/s, CountsPerMM 2571 cts/mm.
06/07/2019 08:27:09.5 [ZL] Start Hall-based phase initialization.
06/07/2019 08:27:09.5 [ZL] Phases initialized.
06/07/2019 08:27:09.5 [BarCodeZAxis] Closing component connections for Warp 'BarCodeZAxis'.
06/07/2019 08:27:09.7 [BarCodeZAxis] Instruction Error Status: None
06/07/2019 08:27:09.7 [BarCodeZAxis] Warp3 core version: 99103v1.0 (will support I/O).
06/07/2019 08:27:09.8 [BarCodeZAxis] Configured as an enhanced Warp3 with I/O.
06/07/2019 08:27:09.8 [BarCodeZAxis]   Inputs: False False False False False 
06/07/2019 08:27:09.8 [BarCodeZAxis] Current IP communications rate is 10 mb.
06/07/2019 08:27:09.8 [BarCodeZAxis] IP communications speed is currently set to 10 Mbps.
06/07/2019 08:27:09.9 [BarCodeZAxis] Relative motor limit setting 100.0%, changing limit from 100.0% to 10.0%
06/07/2019 08:27:10.0 [BarCodeZAxis] Phase correction: disabled, prescale: 0, phase counts: 2000
06/07/2019 08:27:10.0 [BarCodeZAxis] SetCurrentFoldbackAmps(2, 5) will set 4360 , 54
06/07/2019 08:27:10.0 [BarCodeZAxis] Configuration parameters loaded from 'P:\MethodManagerWorkspaces\LM703\Configuration\BarCode Z.xml'. HomeVelocity 20 mm/s, CountsPerMM 5538 cts/mm.
06/07/2019 08:27:10.2 [BarCodeZAxis] Start Hall-based phase initialization.
06/07/2019 08:27:10.2 [BarCodeZAxis] Phases initialized.
06/07/2019 08:27:10.3 [YL] Closing component connections for Warp 'YL'.
06/07/2019 08:27:10.4 [YL] Instruction Error Status: None
06/07/2019 08:27:10.4 [YL] Warp3 core version: 99103v1.0 (will support I/O).
06/07/2019 08:27:10.5 [YL] Configured as an enhanced Warp3 with I/O.
06/07/2019 08:27:10.5 [YL]   Inputs: False False False False False 
06/07/2019 08:27:10.5 [YL] Current IP communications rate is 10 mb.
06/07/2019 08:27:10.5 [YL] IP communications speed is currently set to 10 Mbps.
06/07/2019 08:27:10.6 [YL] Relative motor limit setting 100.0%, changing limit from 100.0% to 70.0%
06/07/2019 08:27:10.7 [YL] Phase correction: disabled, prescale: 1, phase counts: 1905
06/07/2019 08:27:10.7 [YL] SetCurrentFoldbackAmps(6, 100) will set 13080 , 1083
06/07/2019 08:27:10.7 [YL] Configuration parameters loaded from 'P:\MethodManagerWorkspaces\LM703\Configuration\Y Axis.xml'. HomeVelocity 20 mm/s, CountsPerMM 2000 cts/mm.
06/07/2019 08:27:10.9 [YL] Start Hall-based phase initialization.
06/07/2019 08:27:10.9 [YL] Phases initialized.
06/07/2019 08:27:11.0 [XL] Closing component connections for Warp 'XL'.
06/07/2019 08:27:11.1 [XL] Instruction Error Status: None
06/07/2019 08:27:11.1 [XL] Warp3 core version: 99103v1.0 (will support I/O).
06/07/2019 08:27:11.2 [XL] Configured as an enhanced Warp3 with I/O.
06/07/2019 08:27:11.2 [XL]   Inputs: False False False False False 
06/07/2019 08:27:11.2 [XL] Current IP communications rate is 10 mb.
06/07/2019 08:27:11.3 [XL] IP communications speed is currently set to 10 Mbps.
06/07/2019 08:27:11.4 [XL] Phase correction: disabled, prescale: 1, phase counts: 1905
06/07/2019 08:27:11.4 [XL] SetCurrentFoldbackAmps(6, 100) will set 13080 , 1083
06/07/2019 08:27:11.4 [XL] Configuration parameters loaded from 'P:\MethodManagerWorkspaces\LM703\Configuration\X Axis.xml'. HomeVelocity 20 mm/s, CountsPerMM 2000 cts/mm.
06/07/2019 08:27:11.6 [XL] Start Hall-based phase initialization.
06/07/2019 08:27:11.6 [XL] Phases initialized.
06/07/2019 08:27:18.5 [VVP96] Get VVP: command 'Aspirate Diagnostics' from 96 channels.
06/07/2019 08:27:18.7 [ZL] Move to Positive limit. Velocity 20 mm/s, accel 40 mm/s2, decel 200 mm/s2, timeout 60 s.
06/07/2019 08:27:19.1 [ZL] Reached limit successfully.
06/07/2019 08:27:19.1 [ZL] Attempting to back off Positive limit.
06/07/2019 08:27:19.6 [ZL] Move off limit completion: Successful (OKReady).
06/07/2019 08:27:19.6 [ZL] Move to limit finished.
06/07/2019 08:27:19.7 [ZL] Establishing new 0 position for the old position 0.25 mm.
06/07/2019 08:27:19.7 [ZL] Timestamp of last successful home: 6/7/2019 8:27:19 AM
06/07/2019 08:27:19.9 [BarCodeZAxis] Move to Negative limit. Velocity 20 mm/s, accel 200 mm/s2, decel 350 mm/s2, timeout 60 s.
06/07/2019 08:27:20.3 [BarCodeZAxis] Reached limit successfully.
06/07/2019 08:27:20.3 [BarCodeZAxis] Attempting to back off Negative limit.
06/07/2019 08:27:20.8 [BarCodeZAxis] Move off limit completion: Successful (OKReady).
06/07/2019 08:27:20.9 [BarCodeZAxis] Move to limit finished.
06/07/2019 08:27:20.9 [BarCodeZAxis] Establishing new 0 position for the old position 0.00 mm.
06/07/2019 08:27:21.0 [BarCodeZAxis] Timestamp of last successful home: 6/7/2019 8:27:21 AM
06/07/2019 08:27:22.0 [YL] Move to Positive limit. Velocity 20 mm/s, accel 200 mm/s2, decel 1000 mm/s2, timeout 60 s.
06/07/2019 08:27:32.2 [YL] Reached limit successfully.
06/07/2019 08:27:32.2 [YL] Attempting to back off Positive limit.
06/07/2019 08:27:32.7 [YL] Move off limit completion: Successful (OKReady).
06/07/2019 08:27:32.7 [YL] Move to limit finished.
06/07/2019 08:27:32.8 [YL] Establishing new 0 position for the old position 194.58 mm.
06/07/2019 08:27:32.8 [YL] Timestamp of last successful home: 6/7/2019 8:27:32 AM
06/07/2019 08:27:33.1 [XL] Move to Positive limit. Velocity 20 mm/s, accel 200 mm/s2, decel 1000 mm/s2, timeout 60 s.
06/07/2019 08:27:39.9 [XL] Reached limit successfully.
06/07/2019 08:27:39.9 [XL] Backing off Positive limit not required.
06/07/2019 08:27:40.0 [XL] Move to limit finished.
06/07/2019 08:27:40.0 [XL] Establishing new 0 position for the old position 128.69 mm.
06/07/2019 08:27:40.1 [XL] Timestamp of last successful home: 6/7/2019 8:27:40 AM
06/07/2019 08:51:40.4 [XL] Closing component connections for Warp 'XL'.
06/07/2019 08:51:40.4 [YL] Closing component connections for Warp 'YL'.
06/07/2019 08:51:40.4 [ZL] Closing component connections for Warp 'ZL'.
06/07/2019 08:51:40.4 [BarCodeZAxis] Closing component connections for Warp 'BarCodeZAxis'.
06/07/2019 08:51:41.4 [Lynx] 
