Workspace 'LM703' modules...
  MethodManagerV4   1.4.6850.18371
  MMCoreDevice   1.4.6836.11963
  MMLiquidHandler   1.4.6850.18147
  Warp3   2.0.6591.13866
  MMVVP   1.4.6850.18147
  MMIOLightTower   1.4.6850.18147
  MMHeadGripper   1.3.6667.26832
The pipette tool 'VVP96' has mandrel type 'MLV' and can load the following tip types:
   Tip type 'LXB-96-150F', loading depth 9.4 mm, Id: baf0d489-a29c-4899-844e-44fbdc6c2c49.
   Tip type 'LXB-96-200NF', loading depth 9.4 mm, Id: 095daefc-e866-4d91-906f-cc7e17eaf3f6.
   Tip type 'LXB-96-300F', loading depth 10.4 mm, Id: d2f37554-e0d6-41ea-8f3d-101c68af7e40.
   Tip type 'LXB-96-300NF', loading depth 10.4 mm, Id: 423ec1e5-0ccf-4946-a441-905f3c9e1fd9.
   Tip type 'LXB-96-950F', loading depth 28.6 mm, Id: 497625a6-73fc-4433-95df-636ceecdc818.
   Tip type 'LXB-96-950F-WB', loading depth 28.6 mm, Id: ca3988bc-a34d-4ad7-ba77-93a37e8cba6d.
   Tip type 'LXB-96-1250NF', loading depth 28.6 mm, Id: 13ba07a3-d5cb-4a96-9ab8-1d418fc383d6.
11/06/2018 18:26:29.5 The command server is monitoring the workspace 'LM703' and is available on 172.18.3.53/1000
11/06/2018 18:26:56.1 [ZL] Instruction Error Status: None
11/06/2018 18:26:56.2 [ZL] Warp3 core version: 99103v1.0 (will support I/O).
11/06/2018 18:26:56.2 [ZL] Configured as an enhanced Warp3 with I/O.
11/06/2018 18:26:56.2 [ZL]   Inputs: False False False False False 
11/06/2018 18:26:56.2 [ZL] Current IP communications rate is 10 mb.
11/06/2018 18:26:56.2 [ZL] IP communications speed is currently set to 10 Mbps.
11/06/2018 18:26:56.3 [ZL] Phase correction: disabled, prescale: 0, phase counts: 2000
11/06/2018 18:26:56.4 [ZL] SetCurrentFoldbackAmps(8, 20) will set 17440 , 216
11/06/2018 18:26:56.4 [ZL] Configuration parameters loaded from 'C:\MethodManager4\Workspaces\LM703\Configuration\Z Axis.xml'. HomeVelocity 20 mm/s, CountsPerMM 2571 cts/mm.
11/06/2018 18:26:56.5 [ZL] Start Hall-based phase initialization.
11/06/2018 18:26:56.5 [ZL] Phases initialized.
11/06/2018 18:26:56.6 [BarCodeZAxis] Instruction Error Status: None
11/06/2018 18:26:56.6 [BarCodeZAxis] Warp3 core version: 99103v1.0 (will support I/O).
11/06/2018 18:26:56.6 [BarCodeZAxis] Configured as an enhanced Warp3 with I/O.
11/06/2018 18:26:56.6 [BarCodeZAxis]   Inputs: False True False False False 
11/06/2018 18:26:56.7 [BarCodeZAxis] Current IP communications rate is 10 mb.
11/06/2018 18:26:56.7 [BarCodeZAxis] IP communications speed is currently set to 10 Mbps.
11/06/2018 18:26:56.7 [BarCodeZAxis] Phase correction: disabled, prescale: 0, phase counts: 2000
11/06/2018 18:26:56.8 [BarCodeZAxis] SetCurrentFoldbackAmps(2, 5) will set 4360 , 54
11/06/2018 18:26:56.8 [BarCodeZAxis] Configuration parameters loaded from 'C:\MethodManager4\Workspaces\LM703\Configuration\BarCode Z.xml'. HomeVelocity 20 mm/s, CountsPerMM 5538 cts/mm.
11/06/2018 18:26:56.9 [BarCodeZAxis] Start Hall-based phase initialization.
11/06/2018 18:26:56.9 [BarCodeZAxis] Phases initialized.
11/06/2018 18:26:57.0 [YL] Instruction Error Status: None
11/06/2018 18:26:57.0 [YL] Warp3 core version: 99103v1.0 (will support I/O).
11/06/2018 18:26:57.0 [YL] Configured as an enhanced Warp3 with I/O.
11/06/2018 18:26:57.0 [YL]   Inputs: False False False False False 
11/06/2018 18:26:57.1 [YL] Current IP communications rate is 10 mb.
11/06/2018 18:26:57.1 [YL] IP communications speed is currently set to 10 Mbps.
11/06/2018 18:26:57.1 [YL] Phase correction: disabled, prescale: 1, phase counts: 1905
11/06/2018 18:26:57.2 [YL] SetCurrentFoldbackAmps(6, 100) will set 13080 , 1083
11/06/2018 18:26:57.2 [YL] Configuration parameters loaded from 'C:\MethodManager4\Workspaces\LM703\Configuration\Y Axis.xml'. HomeVelocity 20 mm/s, CountsPerMM 2000 cts/mm.
11/06/2018 18:26:57.4 [YL] Start Hall-based phase initialization.
11/06/2018 18:26:57.4 [YL] Phases initialized.
11/06/2018 18:26:57.4 [XL] Instruction Error Status: None
11/06/2018 18:26:57.5 [XL] Warp3 core version: 99103v1.0 (will support I/O).
11/06/2018 18:26:57.5 [XL] Configured as an enhanced Warp3 with I/O.
11/06/2018 18:26:57.5 [XL]   Inputs: False False False False False 
11/06/2018 18:26:57.5 [XL] Current IP communications rate is 10 mb.
11/06/2018 18:26:57.5 [XL] IP communications speed is currently set to 10 Mbps.
11/06/2018 18:26:57.6 [XL] Phase correction: disabled, prescale: 1, phase counts: 1905
11/06/2018 18:26:57.7 [XL] SetCurrentFoldbackAmps(6, 100) will set 13080 , 1083
11/06/2018 18:26:57.7 [XL] Configuration parameters loaded from 'C:\MethodManager4\Workspaces\LM703\Configuration\X Axis.xml'. HomeVelocity 20 mm/s, CountsPerMM 2000 cts/mm.
11/06/2018 18:26:57.8 [XL] Start Hall-based phase initialization.
11/06/2018 18:26:57.8 [XL] Phases initialized.
11/06/2018 18:26:59.3 [VVP96] Get VVP: command 'Aspirate Diagnostics' from 96 channels.
11/06/2018 18:26:59.5 [ZL] Move to Positive limit. Velocity 20 mm/s, accel 40 mm/s2, decel 200 mm/s2, timeout 60 s.
11/06/2018 18:27:00.1 [ZL] Reached limit successfully.
11/06/2018 18:27:00.2 [ZL] Attempting to back off Positive limit.
11/06/2018 18:27:00.8 [ZL] Move off limit completion: Successful (OKReady).
11/06/2018 18:27:00.8 [ZL] Move to limit finished.
11/06/2018 18:27:00.9 [ZL] Establishing new 0 position for the old position 0.00 mm.
11/06/2018 18:27:00.9 [ZL] Timestamp of last successful home: 11/6/2018 6:27:00 PM
11/06/2018 18:27:01.1 [BarCodeZAxis] Move to Negative limit. Velocity 20 mm/s, accel 200 mm/s2, decel 350 mm/s2, timeout 60 s.
11/06/2018 18:27:01.6 [BarCodeZAxis] Reached limit successfully.
11/06/2018 18:27:01.6 [BarCodeZAxis] Attempting to back off Negative limit.
11/06/2018 18:27:02.0 [BarCodeZAxis] Move off limit completion: Successful (OKReady).
11/06/2018 18:27:02.1 [BarCodeZAxis] Move to limit finished.
11/06/2018 18:27:02.1 [BarCodeZAxis] Establishing new 0 position for the old position 0.00 mm.
11/06/2018 18:27:02.2 [BarCodeZAxis] Timestamp of last successful home: 11/6/2018 6:27:02 PM
11/06/2018 18:27:06.3 [YL] Move to Positive limit. Velocity 20 mm/s, accel 200 mm/s2, decel 1000 mm/s2, timeout 60 s.
11/06/2018 18:27:22.5 [YL] Reached limit successfully.
11/06/2018 18:27:22.5 [YL] Attempting to back off Positive limit.
11/06/2018 18:27:23.0 [YL] Move off limit completion: Successful (OKReady).
11/06/2018 18:27:23.0 [YL] Move to limit finished.
11/06/2018 18:27:23.0 [YL] Establishing new 0 position for the old position 0.03 mm.
11/06/2018 18:27:23.1 [YL] Timestamp of last successful home: 11/6/2018 6:27:23 PM
11/06/2018 18:27:23.3 [XL] Move to Positive limit. Velocity 20 mm/s, accel 200 mm/s2, decel 1000 mm/s2, timeout 60 s.
11/06/2018 18:27:31.7 [XL] Reached limit successfully.
11/06/2018 18:27:31.7 [XL] Attempting to back off Positive limit.
11/06/2018 18:27:32.2 [XL] Move off limit completion: Successful (OKReady).
11/06/2018 18:27:32.2 [XL] Move to limit finished.
11/06/2018 18:27:32.3 [XL] Establishing new 0 position for the old position -0.02 mm.
11/06/2018 18:27:32.3 [XL] Timestamp of last successful home: 11/6/2018 6:27:32 PM
[User] Start.
11/06/2018 18:27:39.4 Process 'Stamp.met' MethodStarted
11/06/2018 18:27:39.4 Process 'Stamp.met'[0] 'Load Tips(VVP96)' CommandStarted
11/06/2018 18:27:39.5 [Lynx.Load Tips(VVP96).VVP96] Plate 'LXB-96-300F_01', column/row offset (0, 0), X/Y offset (0.00 mm,0.00 mm), height: 0.00 mm.
11/06/2018 18:27:39.5 [Lynx.Load Tips(VVP96).VVP96] No current tip.
11/06/2018 18:27:39.5 [Lynx.Load Tips(VVP96).VVP96] Tip loading depth for tip type 'LXB-96-300F' is 10.4 mm.
11/06/2018 18:27:39.5 [Lynx.Load Tips(VVP96).VVP96] Plate is at location 'Loc_02' (3.14 mm, -118.98 mm, -172.91 mm) with a stack index of 1.
11/06/2018 18:27:39.5 [Lynx.Load Tips(VVP96).VVP96] Tip loading height adjustment is 0.0 mm and Z axis force limit is 30% of full power.
11/06/2018 18:27:39.5 [Lynx.Load Tips(VVP96).VVP96] Tip loading Z error limit will be 10.0 mm, XY error window will be 50.0 mm, and the XY axis holding force fraction will be 20%
11/06/2018 18:27:39.5 [Lynx.Load Tips(VVP96).VVP96] Initial robot X/Y/ZStart/ZEnd coordinates: -11.24 mm, -107.74 mm, -2.00 mm, -121.81 mm, using motion profile 'Tip Load'.
11/06/2018 18:27:39.5 [Lynx.Load Tips(VVP96).VVP96] Initial axis positions:'XL' -0.07 mm, 'YL' -0.05 mm, 'ZL' 0.00 mm
11/06/2018 18:27:42.4 [XL] Relative motor limit setting 20.0%, changing limit from 100.0% to 20.0%
11/06/2018 18:27:42.4 [YL] Relative motor limit setting 20.0%, changing limit from 70.0% to 14.0%
11/06/2018 18:27:45.1 [Lynx.Load Tips(VVP96).VVP96] Maximum recorded tip load values: Position error 0.7 mm, motor current 17.2 %
11/06/2018 18:27:45.1 [Lynx.Load Tips(VVP96).VVP96] Tip load Z-axis motion complete.
11/06/2018 18:27:45.1 [Lynx.Load Tips(VVP96).VVP96] Tip load position errors for X/Y/Z: 0.03 mm, 0.05 mm, -0.67 mm
11/06/2018 18:27:45.3 [ZL] Absolute motor limit setting 24.0%, changing limit from 30.0% to 24.0%
11/06/2018 18:27:45.4 [ZL] Absolute motor limit setting 18.0%, changing limit from 24.0% to 18.0%
11/06/2018 18:27:45.6 [ZL] Absolute motor limit setting 12.0%, changing limit from 18.0% to 12.0%
11/06/2018 18:27:45.7 [ZL] Absolute motor limit setting 6.0%, changing limit from 12.0% to 6.0%
11/06/2018 18:27:45.8 [ZL] Relative motor limit setting 100.0%, changing limit from 6.0% to 30.0%
11/06/2018 18:27:47.5 [XL] Relative motor limit setting 100.0%, changing limit from 20.0% to 100.0%
11/06/2018 18:27:47.5 [YL] Relative motor limit setting 100.0%, changing limit from 14.0% to 70.0%
11/06/2018 18:27:47.5 [Lynx.Load Tips(VVP96).VVP96] Final axis positions:'XL' -11.26 mm, 'YL' -107.75 mm, 'ZL' -2.02 mm
11/06/2018 18:27:47.5 [Lynx.Load Tips(VVP96).VVP96] Current tip 'LXB-96-300F'.
11/06/2018 18:27:47.5 [Lynx.Load Tips(VVP96).VVP96] Time to complete: 8 s.
11/06/2018 18:27:47.5 Process 'Stamp.met'[0] 'Load Tips(VVP96)' CommandCompleted
11/06/2018 18:27:47.5 Process 'Stamp.met'[1] 'Aspirate(VVP96)' CommandStarted
11/06/2018 18:27:47.6 [Lynx.Aspirate(VVP96).VVP96] Plate 'Fluidx_1mL_Tube_rack_01', column/row offset (0, 0), X/Y offset (0.00 mm,0.00 mm), height: 1.00 mm.
11/06/2018 18:27:47.6 [Lynx.Aspirate(VVP96).VVP96] Current tip 'LXB-96-300F'.
11/06/2018 18:27:47.6 [Lynx.Aspirate(VVP96).VVP96] Plate is at location 'Loc_01' (2.89 mm, -14.40 mm, -172.89 mm) with a stack index of 1.
11/06/2018 18:27:47.6 [Lynx.Aspirate(VVP96).VVP96] VVP Pressure 'Low Volume': Pressure 30 mbar, Residual vol. 0.44 uL, Pre/Post delay 0.00/1.00
11/06/2018 18:27:47.6 [Lynx.Aspirate(VVP96).VVP96] Aspirate parameters (96): Ch:A01 150.0uL/0.4uL; Ch:B01 150.0uL/0.4uL; Ch:C01 150.0uL/0.4uL; Ch:D01 150.0uL/0.4uL; Ch:E01 150.0uL/0.4uL; Ch:F01 150.0uL/0.4uL; Ch:G01 150.0uL/0.4uL; Ch:H01 150.0uL/0.4uL; Ch:A02 150.0uL/0.4uL; Ch:B02 150.0uL/0.4uL; Ch:C02 150.0uL/0.4uL; Ch:D02 150.0uL/0.4uL; Ch:E02 150.0uL/0.4uL; Ch:F02 150.0uL/0.4uL; Ch:G02 150.0uL/0.4uL; Ch:H02 150.0uL/0.4uL; Ch:A03 150.0uL/0.4uL; Ch:B03 150.0uL/0.4uL; Ch:C03 150.0uL/0.4uL; Ch:D03 150.0uL/0.4uL; Ch:E03 150.0uL/0.4uL; Ch:F03 150.0uL/0.4uL; Ch:G03 150.0uL/0.4uL; Ch:H03 150.0uL/0.4uL; Ch:A04 150.0uL/0.4uL; Ch:B04 150.0uL/0.4uL; Ch:C04 150.0uL/0.4uL; Ch:D04 150.0uL/0.4uL; Ch:E04 150.0uL/0.4uL; Ch:F04 150.0uL/0.4uL; Ch:G04 150.0uL/0.4uL; Ch:H04 150.0uL/0.4uL; Ch:A05 150.0uL/0.4uL; Ch:B05 150.0uL/0.4uL; Ch:C05 150.0uL/0.4uL; Ch:D05 150.0uL/0.4uL; Ch:E05 150.0uL/0.4uL; Ch:F05 150.0uL/0.4uL; Ch:G05 150.0uL/0.4uL; Ch:H05 150.0uL/0.4uL; Ch:A06 150.0uL/0.4uL; Ch:B06 150.0uL/0.4uL; Ch:C06 150.0uL/0.4uL; Ch:D06 150.0uL/0.4uL; Ch:E06 150.0uL/0.4uL; Ch:F06 150.0uL/0.4uL; Ch:G06 150.0uL/0.4uL; Ch:H06 150.0uL/0.4uL; Ch:A07 150.0uL/0.4uL; Ch:B07 150.0uL/0.4uL; Ch:C07 150.0uL/0.4uL; Ch:D07 150.0uL/0.4uL; Ch:E07 150.0uL/0.4uL; Ch:F07 150.0uL/0.4uL; Ch:G07 150.0uL/0.4uL; Ch:H07 150.0uL/0.4uL; Ch:A08 150.0uL/0.4uL; Ch:B08 150.0uL/0.4uL; Ch:C08 150.0uL/0.4uL; Ch:D08 150.0uL/0.4uL; Ch:E08 150.0uL/0.4uL; Ch:F08 150.0uL/0.4uL; Ch:G08 150.0uL/0.4uL; Ch:H08 150.0uL/0.4uL; Ch:A09 150.0uL/0.4uL; Ch:B09 150.0uL/0.4uL; Ch:C09 150.0uL/0.4uL; Ch:D09 150.0uL/0.4uL; Ch:E09 150.0uL/0.4uL; Ch:F09 150.0uL/0.4uL; Ch:G09 150.0uL/0.4uL; Ch:H09 150.0uL/0.4uL; Ch:A10 150.0uL/0.4uL; Ch:B10 150.0uL/0.4uL; Ch:C10 150.0uL/0.4uL; Ch:D10 150.0uL/0.4uL; Ch:E10 150.0uL/0.4uL; Ch:F10 150.0uL/0.4uL; Ch:G10 150.0uL/0.4uL; Ch:H10 150.0uL/0.4uL; Ch:A11 150.0uL/0.4uL; Ch:B11 150.0uL/0.4uL; Ch:C11 150.0uL/0.4uL; Ch:D11 150.0uL/0.4uL; Ch:E11 150.0uL/0.4uL; Ch:F11 150.0uL/0.4uL; Ch:G11 150.0uL/0.4uL; Ch:H11 150.0uL/0.4uL; Ch:A12 150.0uL/0.4uL; Ch:B12 150.0uL/0.4uL; Ch:C12 150.0uL/0.4uL; Ch:D12 150.0uL/0.4uL; Ch:E12 150.0uL/0.4uL; Ch:F12 150.0uL/0.4uL; Ch:G12 150.0uL/0.4uL; Ch:H12 150.0uL/0.4uL
11/06/2018 18:27:47.6 [Lynx.Aspirate(VVP96).VVP96] Post airgap parameters (0): 
11/06/2018 18:27:47.6 [Lynx.Aspirate(VVP96).VVP96] Initial robot X/Y/ZStart/ZEnd coordinates: -11.49 mm, -3.16 mm, -120.19 mm, -121.19 mm, using motion profile 'Slow Speed'.
11/06/2018 18:27:47.6 [Lynx.Aspirate(VVP96).VVP96] Initial axis positions:'XL' -11.26 mm, 'YL' -107.75 mm, 'ZL' -2.02 mm
11/06/2018 18:27:53.5 [VVP96] Clog detection is off.
11/06/2018 18:27:53.5 [VVP96] Aspirate diagnostics are off.
11/06/2018 18:27:53.5 [VVP96] Set VVP: command 'Clogging Limit' with setting of 0 for 96 channels.
11/06/2018 18:27:53.7 [VVP96] Set VVP: command 'Air-to-Liquid Sens.' with setting of 0 for 96 channels.
11/06/2018 18:27:53.9 [VVP96] Set VVP: command 'Liquid-to-Air Sens.' with setting of 0 for 96 channels.
11/06/2018 18:27:55.0 [VVP96] VVP Aspirate pressure is 30 mbar.
11/06/2018 18:27:57.7 [VVP96] Aspirate complete.
11/06/2018 18:27:58.3 [VVP96] Average residual volume was 0.85 ul for 96 channels at 30 mbar pressure
11/06/2018 18:27:58.5 [Lynx.Aspirate(VVP96).VVP96] Aspirate results: Ch:A01 150.5uL/0.9uL OK, Ch:B01 150.4uL/0.9uL OK, Ch:C01 150.3uL/0.8uL OK, Ch:D01 150.4uL/0.9uL OK, Ch:E01 150.5uL/0.9uL OK, Ch:F01 150.5uL/0.9uL OK, Ch:G01 150.4uL/0.9uL OK, Ch:H01 150.5uL/0.9uL OK, Ch:A02 150.3uL/0.8uL OK, Ch:B02 150.4uL/0.8uL OK, Ch:C02 150.4uL/0.9uL OK, Ch:D02 150.3uL/0.8uL OK, Ch:E02 150.5uL/0.9uL OK, Ch:F02 150.3uL/0.8uL OK, Ch:G02 150.4uL/0.8uL OK, Ch:H02 150.5uL/0.9uL OK, Ch:A03 150.4uL/0.8uL OK, Ch:B03 150.5uL/0.9uL OK, Ch:C03 150.4uL/0.8uL OK, Ch:D03 150.4uL/0.9uL OK, Ch:E03 150.3uL/0.8uL OK, Ch:F03 150.5uL/0.9uL OK, Ch:G03 150.4uL/0.9uL OK, Ch:H03 150.3uL/0.8uL OK, Ch:A04 150.5uL/0.9uL OK, Ch:B04 150.3uL/0.8uL OK, Ch:C04 150.5uL/0.9uL OK, Ch:D04 150.5uL/0.9uL OK, Ch:E04 150.4uL/0.9uL OK, Ch:F04 150.4uL/0.8uL OK, Ch:G04 150.5uL/0.9uL OK, Ch:H04 150.4uL/0.8uL OK, Ch:A05 150.4uL/0.8uL OK, Ch:B05 150.3uL/0.8uL OK, Ch:C05 150.5uL/0.9uL OK, Ch:D05 150.3uL/0.8uL OK, Ch:E05 150.4uL/0.8uL OK, Ch:F05 150.4uL/0.9uL OK, Ch:G05 150.5uL/0.9uL OK, Ch:H05 150.5uL/0.9uL OK, Ch:A06 150.4uL/0.9uL OK, Ch:B06 150.4uL/0.8uL OK, Ch:C06 150.3uL/0.7uL OK, Ch:D06 150.4uL/0.8uL OK, Ch:E06 150.3uL/0.8uL OK, Ch:F06 150.3uL/0.8uL OK, Ch:G06 150.3uL/0.8uL OK, Ch:H06 150.3uL/0.8uL OK, Ch:A07 150.4uL/0.8uL OK, Ch:B07 150.4uL/0.9uL OK, Ch:C07 150.5uL/0.9uL OK, Ch:D07 150.5uL/0.9uL OK, Ch:E07 150.5uL/0.9uL OK, Ch:F07 150.3uL/0.8uL OK, Ch:G07 150.3uL/0.8uL OK, Ch:H07 150.5uL/0.9uL OK, Ch:A08 150.4uL/0.9uL OK, Ch:B08 150.3uL/0.8uL OK, Ch:C08 150.5uL/0.9uL OK, Ch:D08 150.3uL/0.8uL OK, Ch:E08 150.5uL/0.9uL OK, Ch:F08 150.4uL/0.9uL OK, Ch:G08 150.4uL/0.8uL OK, Ch:H08 150.3uL/0.8uL OK, Ch:A09 150.5uL/0.9uL OK, Ch:B09 150.4uL/0.8uL OK, Ch:C09 150.4uL/0.8uL OK, Ch:D09 150.5uL/0.9uL OK, Ch:E09 150.4uL/0.9uL OK, Ch:F09 150.4uL/0.9uL OK, Ch:G09 150.5uL/0.9uL OK, Ch:H09 150.5uL/0.9uL OK, Ch:A10 150.5uL/0.9uL OK, Ch:B10 150.5uL/0.9uL OK, Ch:C10 150.4uL/0.9uL OK, Ch:D10 150.3uL/0.8uL OK, Ch:E10 150.4uL/0.8uL OK, Ch:F10 150.3uL/0.8uL OK, Ch:G10 150.3uL/0.8uL OK, Ch:H10 150.4uL/0.9uL OK, Ch:A11 150.4uL/0.9uL OK, Ch:B11 150.5uL/0.9uL OK, Ch:C11 150.4uL/0.9uL OK, Ch:D11 150.5uL/0.9uL OK, Ch:E11 150.5uL/0.9uL OK, Ch:F11 150.4uL/0.8uL OK, Ch:G11 150.4uL/0.8uL OK, Ch:H11 150.4uL/0.8uL OK, Ch:A12 150.4uL/0.9uL OK, Ch:B12 150.3uL/0.8uL OK, Ch:C12 150.4uL/0.9uL OK, Ch:D12 150.5uL/0.9uL OK, Ch:E12 150.3uL/0.8uL OK, Ch:F12 150.5uL/0.9uL OK, Ch:G12 150.3uL/0.8uL OK, Ch:H12 150.4uL/0.9uL OK
11/06/2018 18:28:04.1 [Lynx.Aspirate(VVP96).VVP96] Final axis positions:'XL' -11.51 mm, 'YL' -3.20 mm, 'ZL' -2.02 mm
11/06/2018 18:28:04.1 [Lynx.Aspirate(VVP96).VVP96] Time to complete: 16 s.
11/06/2018 18:28:04.1 Process 'Stamp.met'[1] 'Aspirate(VVP96)' CommandCompleted
11/06/2018 18:28:04.2 Process 'Stamp.met'[2] 'Dispense(VVP96)' CommandStarted
11/06/2018 18:28:04.2 [Lynx.Dispense(VVP96).VVP96] Plate 'Eppendorf PCR_01', column/row offset (0, 0), X/Y offset (0.00 mm,0.00 mm), height: 1.00 mm.
11/06/2018 18:28:04.2 [Lynx.Dispense(VVP96).VVP96] Current tip 'LXB-96-300F'.
11/06/2018 18:28:04.2 [Lynx.Dispense(VVP96).VVP96] Plate is at location 'Loc_03' (3.30 mm, -223.76 mm, -174.61 mm) with a stack index of 1.
11/06/2018 18:28:04.2 [Lynx.Dispense(VVP96).VVP96] VVP Pressure 'Standard': Pressure 50 mbar, Residual vol. 0.80 uL, Pre/Post delay 0.00/0.00
11/06/2018 18:28:04.2 [Lynx.Dispense(VVP96).VVP96] Dispense parameters (96): Ch:A01 150.5uL/0.8uL; Ch:B01 150.4uL/0.8uL; Ch:C01 150.3uL/0.8uL; Ch:D01 150.4uL/0.8uL; Ch:E01 150.5uL/0.8uL; Ch:F01 150.5uL/0.8uL; Ch:G01 150.4uL/0.8uL; Ch:H01 150.5uL/0.8uL; Ch:A02 150.3uL/0.8uL; Ch:B02 150.4uL/0.8uL; Ch:C02 150.4uL/0.8uL; Ch:D02 150.3uL/0.8uL; Ch:E02 150.5uL/0.8uL; Ch:F02 150.3uL/0.8uL; Ch:G02 150.4uL/0.8uL; Ch:H02 150.5uL/0.8uL; Ch:A03 150.4uL/0.8uL; Ch:B03 150.5uL/0.8uL; Ch:C03 150.4uL/0.8uL; Ch:D03 150.4uL/0.8uL; Ch:E03 150.3uL/0.8uL; Ch:F03 150.5uL/0.8uL; Ch:G03 150.4uL/0.8uL; Ch:H03 150.3uL/0.8uL; Ch:A04 150.5uL/0.8uL; Ch:B04 150.3uL/0.8uL; Ch:C04 150.5uL/0.8uL; Ch:D04 150.5uL/0.8uL; Ch:E04 150.4uL/0.8uL; Ch:F04 150.4uL/0.8uL; Ch:G04 150.5uL/0.8uL; Ch:H04 150.4uL/0.8uL; Ch:A05 150.4uL/0.8uL; Ch:B05 150.3uL/0.8uL; Ch:C05 150.5uL/0.8uL; Ch:D05 150.3uL/0.8uL; Ch:E05 150.4uL/0.8uL; Ch:F05 150.4uL/0.8uL; Ch:G05 150.5uL/0.8uL; Ch:H05 150.5uL/0.8uL; Ch:A06 150.4uL/0.8uL; Ch:B06 150.4uL/0.8uL; Ch:C06 150.3uL/0.8uL; Ch:D06 150.4uL/0.8uL; Ch:E06 150.3uL/0.8uL; Ch:F06 150.3uL/0.8uL; Ch:G06 150.3uL/0.8uL; Ch:H06 150.3uL/0.8uL; Ch:A07 150.4uL/0.8uL; Ch:B07 150.4uL/0.8uL; Ch:C07 150.5uL/0.8uL; Ch:D07 150.5uL/0.8uL; Ch:E07 150.5uL/0.8uL; Ch:F07 150.3uL/0.8uL; Ch:G07 150.3uL/0.8uL; Ch:H07 150.5uL/0.8uL; Ch:A08 150.4uL/0.8uL; Ch:B08 150.3uL/0.8uL; Ch:C08 150.5uL/0.8uL; Ch:D08 150.3uL/0.8uL; Ch:E08 150.5uL/0.8uL; Ch:F08 150.4uL/0.8uL; Ch:G08 150.4uL/0.8uL; Ch:H08 150.3uL/0.8uL; Ch:A09 150.5uL/0.8uL; Ch:B09 150.4uL/0.8uL; Ch:C09 150.4uL/0.8uL; Ch:D09 150.5uL/0.8uL; Ch:E09 150.4uL/0.8uL; Ch:F09 150.4uL/0.8uL; Ch:G09 150.5uL/0.8uL; Ch:H09 150.5uL/0.8uL; Ch:A10 150.5uL/0.8uL; Ch:B10 150.5uL/0.8uL; Ch:C10 150.4uL/0.8uL; Ch:D10 150.3uL/0.8uL; Ch:E10 150.4uL/0.8uL; Ch:F10 150.3uL/0.8uL; Ch:G10 150.3uL/0.8uL; Ch:H10 150.4uL/0.8uL; Ch:A11 150.4uL/0.8uL; Ch:B11 150.5uL/0.8uL; Ch:C11 150.4uL/0.8uL; Ch:D11 150.5uL/0.8uL; Ch:E11 150.5uL/0.8uL; Ch:F11 150.4uL/0.8uL; Ch:G11 150.4uL/0.8uL; Ch:H11 150.4uL/0.8uL; Ch:A12 150.4uL/0.8uL; Ch:B12 150.3uL/0.8uL; Ch:C12 150.4uL/0.8uL; Ch:D12 150.5uL/0.8uL; Ch:E12 150.3uL/0.8uL; Ch:F12 150.5uL/0.8uL; Ch:G12 150.3uL/0.8uL; Ch:H12 150.4uL/0.8uL
11/06/2018 18:28:04.2 [Lynx.Dispense(VVP96).VVP96] Post airgap parameters (0): 
11/06/2018 18:28:04.2 [Lynx.Dispense(VVP96).VVP96] Initial robot X/Y/ZStart/ZEnd coordinates: -11.08 mm, -212.52 mm, -123.02 mm, -124.02 mm, using motion profile 'Fast Speed'.
11/06/2018 18:28:04.2 [Lynx.Dispense(VVP96).VVP96] Initial axis positions:'XL' -11.51 mm, 'YL' -3.20 mm, 'ZL' -2.02 mm
11/06/2018 18:28:07.2 [VVP96] Set VVP: command 'Clogging Limit' with setting of 0 for 96 channels.
11/06/2018 18:28:07.4 [VVP96] Set VVP: command 'Air-to-Liquid Sens.' with setting of 0 for 96 channels.
11/06/2018 18:28:07.6 [VVP96] Set VVP: command 'Liquid-to-Air Sens.' with setting of 0 for 96 channels.
11/06/2018 18:28:08.7 [VVP96] VVP Dispense pressure is 51 mbar.
11/06/2018 18:28:10.3 [VVP96] Dispense complete.
11/06/2018 18:28:11.1 [VVP96] Average residual volume was 1.68 ul for 96 channels at 50 mbar pressure
11/06/2018 18:28:11.3 [Lynx.Dispense(VVP96).VVP96] Dispense results: Ch:A01 151.5uL/1.8uL OK, Ch:B01 151.5uL/1.8uL OK, Ch:C01 151.2uL/1.6uL OK, Ch:D01 151.4uL/1.7uL OK, Ch:E01 151.6uL/1.8uL OK, Ch:F01 151.5uL/1.7uL OK, Ch:G01 151.3uL/1.7uL OK, Ch:H01 151.6uL/1.8uL OK, Ch:A02 151.4uL/1.8uL OK, Ch:B02 151.5uL/1.9uL OK, Ch:C02 151.0uL/1.4uL OK, Ch:D02 151.4uL/1.8uL OK, Ch:E02 151.3uL/1.5uL OK, Ch:F02 151.0uL/1.5uL OK, Ch:G02 151.5uL/1.8uL OK, Ch:H02 151.5uL/1.7uL OK, Ch:A03 151.4uL/1.7uL OK, Ch:B03 151.3uL/1.5uL OK, Ch:C03 151.3uL/1.6uL OK, Ch:D03 151.3uL/1.6uL OK, Ch:E03 151.4uL/1.8uL OK, Ch:F03 151.5uL/1.7uL OK, Ch:G03 151.4uL/1.7uL OK, Ch:H03 151.4uL/1.8uL OK, Ch:A04 151.4uL/1.6uL OK, Ch:B04 151.0uL/1.5uL OK, Ch:C04 151.6uL/1.8uL OK, Ch:D04 151.3uL/1.5uL OK, Ch:E04 151.3uL/1.6uL OK, Ch:F04 151.1uL/1.5uL OK, Ch:G04 151.4uL/1.6uL OK, Ch:H04 151.6uL/1.9uL OK, Ch:A05 151.4uL/1.8uL OK, Ch:B05 151.3uL/1.7uL OK, Ch:C05 151.5uL/1.7uL OK, Ch:D05 151.3uL/1.7uL OK, Ch:E05 151.3uL/1.7uL OK, Ch:F05 151.6uL/1.9uL OK, Ch:G05 151.3uL/1.6uL OK, Ch:H05 151.3uL/1.6uL OK, Ch:A06 151.3uL/1.6uL OK, Ch:B06 151.5uL/1.8uL OK, Ch:C06 151.2uL/1.6uL OK, Ch:D06 151.3uL/1.6uL OK, Ch:E06 151.3uL/1.7uL OK, Ch:F06 151.4uL/1.8uL OK, Ch:G06 151.3uL/1.8uL OK, Ch:H06 151.2uL/1.6uL OK, Ch:A07 151.0uL/1.4uL OK, Ch:B07 151.1uL/1.5uL OK, Ch:C07 151.5uL/1.7uL OK, Ch:D07 151.5uL/1.7uL OK, Ch:E07 151.3uL/1.6uL OK, Ch:F07 151.1uL/1.5uL OK, Ch:G07 151.4uL/1.8uL OK, Ch:H07 151.4uL/1.6uL OK, Ch:A08 151.5uL/1.8uL OK, Ch:B08 151.3uL/1.7uL OK, Ch:C08 151.6uL/1.8uL OK, Ch:D08 151.4uL/1.8uL OK, Ch:E08 151.5uL/1.8uL OK, Ch:F08 151.4uL/1.7uL OK, Ch:G08 151.4uL/1.7uL OK, Ch:H08 151.4uL/1.8uL OK, Ch:A09 151.6uL/1.8uL OK, Ch:B09 151.4uL/1.7uL OK, Ch:C09 151.0uL/1.4uL OK, Ch:D09 151.4uL/1.7uL OK, Ch:E09 151.3uL/1.6uL OK, Ch:F09 151.4uL/1.8uL OK, Ch:G09 151.6uL/1.9uL OK, Ch:H09 151.5uL/1.7uL OK, Ch:A10 151.2uL/1.5uL OK, Ch:B10 151.7uL/2.0uL OK, Ch:C10 151.3uL/1.7uL OK, Ch:D10 151.1uL/1.5uL OK, Ch:E10 151.5uL/1.8uL OK, Ch:F10 151.1uL/1.6uL OK, Ch:G10 151.2uL/1.7uL OK, Ch:H10 151.4uL/1.7uL OK, Ch:A11 151.3uL/1.6uL OK, Ch:B11 151.5uL/1.7uL OK, Ch:C11 151.3uL/1.6uL OK, Ch:D11 151.3uL/1.6uL OK, Ch:E11 151.4uL/1.6uL OK, Ch:F11 151.6uL/1.9uL OK, Ch:G11 151.3uL/1.6uL OK, Ch:H11 151.3uL/1.6uL OK, Ch:A12 151.0uL/1.4uL OK, Ch:B12 151.3uL/1.7uL OK, Ch:C12 151.4uL/1.8uL OK, Ch:D12 151.3uL/1.6uL OK, Ch:E12 151.3uL/1.7uL OK, Ch:F12 151.2uL/1.4uL OK, Ch:G12 151.3uL/1.7uL OK, Ch:H12 151.3uL/1.7uL OK
11/06/2018 18:28:13.5 [Lynx.Dispense(VVP96).VVP96] Final axis positions:'XL' -11.11 mm, 'YL' -212.52 mm, 'ZL' -2.02 mm
11/06/2018 18:28:13.5 [Lynx.Dispense(VVP96).VVP96] Time to complete: 9 s.
11/06/2018 18:28:13.6 Process 'Stamp.met'[2] 'Dispense(VVP96)' CommandCompleted
11/06/2018 18:28:13.6 Process 'Stamp.met'[3] 'Eject Tips(VVP96)' CommandStarted
11/06/2018 18:28:13.6 [Lynx.Eject Tips(VVP96).VVP96] Plate 'LXB-96-300F_01', column/row offset (0, 0), X/Y offset (0.00 mm,0.00 mm), height: 6.50 mm.
11/06/2018 18:28:13.6 [Lynx.Eject Tips(VVP96).VVP96] Current tip 'LXB-96-300F'.
11/06/2018 18:28:13.6 [Lynx.Eject Tips(VVP96).VVP96] Plate is at location 'Loc_02' (3.14 mm, -118.98 mm, -172.91 mm) with a stack index of 1.
11/06/2018 18:28:13.6 [Lynx.Eject Tips(VVP96).VVP96] Initial robot X/Y/ZStart/ZEnd coordinates: -11.24 mm, -107.74 mm, -2.00 mm, -104.91 mm, using motion profile 'Tip Eject'.
11/06/2018 18:28:13.6 [Lynx.Eject Tips(VVP96).VVP96] Initial axis positions:'XL' -11.11 mm, 'YL' -212.52 mm, 'ZL' -2.02 mm
11/06/2018 18:28:18.6 [VVP96] Tip ejection performed 2 times.
11/06/2018 18:28:20.0 [Lynx.Eject Tips(VVP96).VVP96] No current tip.
11/06/2018 18:28:20.0 [Lynx.Eject Tips(VVP96).VVP96] Time to complete: 6 s.
11/06/2018 18:28:20.0 Process 'Stamp.met'[3] 'Eject Tips(VVP96)' CommandCompleted
11/06/2018 18:28:20.0 Process 'Stamp.met'[4] 'Move To Location(VVP96)' CommandStarted
11/06/2018 18:28:20.1 [Lynx.Move To Location(VVP96).VVP96] Location 'Loc_10' with X/Y offsets 0.00 mm / 0.00 mm.
11/06/2018 18:28:20.1 [Lynx.Move To Location(VVP96).VVP96] Location coords: -145.48 mm, -327.87 mm, -174.72 mm.
11/06/2018 18:28:20.1 [Lynx.Move To Location(VVP96).VVP96] Tool X/Y location offsets: 14.38 mm, 11.24 mm.
11/06/2018 18:28:20.1 [Lynx.Move To Location(VVP96).VVP96] Initial robot X/Y/ZStart/ZEnd coordinates: -159.86 mm, -316.63 mm, -2.00 mm, -2.00 mm, using motion profile 'Fast Speed'.
11/06/2018 18:28:20.1 [Lynx.Move To Location(VVP96).VVP96] Initial axis positions:'XL' -11.26 mm, 'YL' -107.77 mm, 'ZL' -2.02 mm
11/06/2018 18:28:21.4 [Lynx.Move To Location(VVP96).VVP96] Final axis positions:'XL' -159.81 mm, 'YL' -316.60 mm, 'ZL' -2.02 mm
11/06/2018 18:28:21.4 [Lynx.Move To Location(VVP96).VVP96] Time to complete: 1 s.
11/06/2018 18:28:21.5 Process 'Stamp.met'[4] 'Move To Location(VVP96)' CommandCompleted
11/06/2018 18:28:21.5 Process 'Stamp.met' MethodCompleted
1 of 1 method(s) completed successfully.
  Concurrent method 'Main' (Main) started at 11/06/2018 18:27:39.4 and finished at 11/06/2018 18:28:21.5

[User] Start.
11/06/2018 18:28:39.6 Process 'ChipLoad.met' MethodStarted
11/06/2018 18:28:39.6 Process 'ChipLoad.met'[0] 'Load Tips(VVP96)' CommandStarted
11/06/2018 18:28:39.6 [Lynx.Load Tips(VVP96).VVP96] Plate 'LXB-96-300F_01', column/row offset (0, 0), X/Y offset (0.00 mm,0.00 mm), height: -2.50 mm.
11/06/2018 18:28:39.6 [Lynx.Load Tips(VVP96).VVP96] No current tip.
11/06/2018 18:28:39.6 [Lynx.Load Tips(VVP96).VVP96] Tip loading depth for tip type 'LXB-96-300F' is 10.4 mm.
11/06/2018 18:28:39.6 [Lynx.Load Tips(VVP96).VVP96] Plate is at location 'Loc_07' (-146.02 mm, -14.59 mm, -172.99 mm) with a stack index of 1.
11/06/2018 18:28:39.7 [Lynx.Load Tips(VVP96).VVP96] Tip loading height adjustment is -2.5 mm and Z axis force limit is 25% of full power.
11/06/2018 18:28:39.7 [Lynx.Load Tips(VVP96).VVP96] Tip loading Z error limit will be 10.0 mm, XY error window will be 50.0 mm, and the XY axis holding force fraction will be 20%
11/06/2018 18:28:39.7 [Lynx.Load Tips(VVP96).VVP96] Initial robot X/Y/ZStart/ZEnd coordinates: -160.40 mm, -3.35 mm, -2.00 mm, -124.39 mm, using motion profile 'Tip Load'.
11/06/2018 18:28:39.7 [Lynx.Load Tips(VVP96).VVP96] Initial axis positions:'XL' -159.83 mm, 'YL' -316.61 mm, 'ZL' -2.02 mm
11/06/2018 18:28:42.6 [XL] Relative motor limit setting 20.0%, changing limit from 100.0% to 20.0%
11/06/2018 18:28:42.6 [YL] Relative motor limit setting 20.0%, changing limit from 70.0% to 14.0%
11/06/2018 18:28:42.6 [ZL] Absolute motor limit setting 25.0%, changing limit from 30.0% to 25.0%
11/06/2018 18:28:45.7 [Lynx.Load Tips(VVP96).VVP96] Maximum recorded tip load values: Position error 0.0 mm, motor current 1.4 %
11/06/2018 18:28:45.7 [Lynx.Load Tips(VVP96).VVP96] Tip load Z-axis motion complete.
11/06/2018 18:28:45.7 [Lynx.Load Tips(VVP96).VVP96] Tip load position errors for X/Y/Z: -0.03 mm, 0.04 mm, 0.00 mm
11/06/2018 18:28:45.9 [ZL] Absolute motor limit setting 20.0%, changing limit from 25.0% to 20.0%
11/06/2018 18:28:46.0 [ZL] Absolute motor limit setting 15.0%, changing limit from 20.0% to 15.0%
11/06/2018 18:28:46.1 [ZL] Absolute motor limit setting 10.0%, changing limit from 15.0% to 10.0%
11/06/2018 18:28:46.3 [ZL] Absolute motor limit setting 5.0%, changing limit from 10.0% to 5.0%
11/06/2018 18:28:46.4 [ZL] Relative motor limit setting 100.0%, changing limit from 5.0% to 30.0%
11/06/2018 18:28:48.1 [XL] Relative motor limit setting 100.0%, changing limit from 20.0% to 100.0%
11/06/2018 18:28:48.1 [YL] Relative motor limit setting 100.0%, changing limit from 14.0% to 70.0%
11/06/2018 18:28:48.1 [Lynx.Load Tips(VVP96).VVP96] Final axis positions:'XL' -160.37 mm, 'YL' -3.39 mm, 'ZL' -2.02 mm
11/06/2018 18:28:48.1 [Lynx.Load Tips(VVP96).VVP96] Current tip 'LXB-96-300F'.
11/06/2018 18:28:48.1 [Lynx.Load Tips(VVP96).VVP96] Time to complete: 8 s.
11/06/2018 18:28:48.1 Process 'ChipLoad.met'[0] 'Load Tips(VVP96)' CommandCompleted
11/06/2018 18:28:48.1 Process 'ChipLoad.met'[2] 'Aspirate(VVP96)' CommandStarted
11/06/2018 18:28:48.2 [Lynx.Aspirate(VVP96).VVP96] Plate 'Nunc 1ml_01', column/row offset (0, 0), X/Y offset (0.00 mm,0.00 mm), height: 1.00 mm.
11/06/2018 18:28:48.2 [Lynx.Aspirate(VVP96).VVP96] Current tip 'LXB-96-300F'.
11/06/2018 18:28:48.2 [Lynx.Aspirate(VVP96).VVP96] Plate is at location 'Loc_15' (-295.44 mm, -223.29 mm, -173.31 mm) with a stack index of 1.
11/06/2018 18:28:48.2 [Lynx.Aspirate(VVP96).VVP96] VVP Pressure 'Low Volume': Pressure 30 mbar, Residual vol. 0.44 uL, Pre/Post delay 0.00/1.00
11/06/2018 18:28:48.2 [Lynx.Aspirate(VVP96).VVP96] Aspirate parameters (96): Ch:A01 14.0uL/0.4uL; Ch:B01 14.0uL/0.4uL; Ch:C01 14.0uL/0.4uL; Ch:D01 14.0uL/0.4uL; Ch:E01 14.0uL/0.4uL; Ch:F01 14.0uL/0.4uL; Ch:G01 14.0uL/0.4uL; Ch:H01 14.0uL/0.4uL; Ch:A02 14.0uL/0.4uL; Ch:B02 14.0uL/0.4uL; Ch:C02 14.0uL/0.4uL; Ch:D02 14.0uL/0.4uL; Ch:E02 14.0uL/0.4uL; Ch:F02 14.0uL/0.4uL; Ch:G02 14.0uL/0.4uL; Ch:H02 14.0uL/0.4uL; Ch:A03 14.0uL/0.4uL; Ch:B03 14.0uL/0.4uL; Ch:C03 14.0uL/0.4uL; Ch:D03 14.0uL/0.4uL; Ch:E03 14.0uL/0.4uL; Ch:F03 14.0uL/0.4uL; Ch:G03 14.0uL/0.4uL; Ch:H03 14.0uL/0.4uL; Ch:A04 14.0uL/0.4uL; Ch:B04 14.0uL/0.4uL; Ch:C04 14.0uL/0.4uL; Ch:D04 14.0uL/0.4uL; Ch:E04 14.0uL/0.4uL; Ch:F04 14.0uL/0.4uL; Ch:G04 14.0uL/0.4uL; Ch:H04 14.0uL/0.4uL; Ch:A05 14.0uL/0.4uL; Ch:B05 14.0uL/0.4uL; Ch:C05 14.0uL/0.4uL; Ch:D05 14.0uL/0.4uL; Ch:E05 14.0uL/0.4uL; Ch:F05 14.0uL/0.4uL; Ch:G05 14.0uL/0.4uL; Ch:H05 14.0uL/0.4uL; Ch:A06 14.0uL/0.4uL; Ch:B06 14.0uL/0.4uL; Ch:C06 14.0uL/0.4uL; Ch:D06 14.0uL/0.4uL; Ch:E06 14.0uL/0.4uL; Ch:F06 14.0uL/0.4uL; Ch:G06 14.0uL/0.4uL; Ch:H06 14.0uL/0.4uL; Ch:A07 14.0uL/0.4uL; Ch:B07 14.0uL/0.4uL; Ch:C07 14.0uL/0.4uL; Ch:D07 14.0uL/0.4uL; Ch:E07 14.0uL/0.4uL; Ch:F07 14.0uL/0.4uL; Ch:G07 14.0uL/0.4uL; Ch:H07 14.0uL/0.4uL; Ch:A08 14.0uL/0.4uL; Ch:B08 14.0uL/0.4uL; Ch:C08 14.0uL/0.4uL; Ch:D08 14.0uL/0.4uL; Ch:E08 14.0uL/0.4uL; Ch:F08 14.0uL/0.4uL; Ch:G08 14.0uL/0.4uL; Ch:H08 14.0uL/0.4uL; Ch:A09 14.0uL/0.4uL; Ch:B09 14.0uL/0.4uL; Ch:C09 14.0uL/0.4uL; Ch:D09 14.0uL/0.4uL; Ch:E09 14.0uL/0.4uL; Ch:F09 14.0uL/0.4uL; Ch:G09 14.0uL/0.4uL; Ch:H09 14.0uL/0.4uL; Ch:A10 14.0uL/0.4uL; Ch:B10 14.0uL/0.4uL; Ch:C10 14.0uL/0.4uL; Ch:D10 14.0uL/0.4uL; Ch:E10 14.0uL/0.4uL; Ch:F10 14.0uL/0.4uL; Ch:G10 14.0uL/0.4uL; Ch:H10 14.0uL/0.4uL; Ch:A11 14.0uL/0.4uL; Ch:B11 14.0uL/0.4uL; Ch:C11 14.0uL/0.4uL; Ch:D11 14.0uL/0.4uL; Ch:E11 14.0uL/0.4uL; Ch:F11 14.0uL/0.4uL; Ch:G11 14.0uL/0.4uL; Ch:H11 14.0uL/0.4uL; Ch:A12 14.0uL/0.4uL; Ch:B12 14.0uL/0.4uL; Ch:C12 14.0uL/0.4uL; Ch:D12 14.0uL/0.4uL; Ch:E12 14.0uL/0.4uL; Ch:F12 14.0uL/0.4uL; Ch:G12 14.0uL/0.4uL; Ch:H12 14.0uL/0.4uL
11/06/2018 18:28:48.2 [Lynx.Aspirate(VVP96).VVP96] Post airgap parameters (0): 
11/06/2018 18:28:48.2 [Lynx.Aspirate(VVP96).VVP96] Initial robot X/Y/ZStart/ZEnd coordinates: -309.82 mm, -212.05 mm, -120.91 mm, -121.91 mm, using motion profile 'Mid Speed'.
11/06/2018 18:28:48.2 [Lynx.Aspirate(VVP96).VVP96] Initial axis positions:'XL' -160.37 mm, 'YL' -3.39 mm, 'ZL' -2.02 mm
11/06/2018 18:28:51.4 [VVP96] Clog detection is off.
11/06/2018 18:28:51.4 [VVP96] Aspirate diagnostics are off.
11/06/2018 18:28:51.4 [VVP96] Set VVP: command 'Clogging Limit' with setting of 0 for 96 channels.
11/06/2018 18:28:51.6 [VVP96] Set VVP: command 'Air-to-Liquid Sens.' with setting of 0 for 96 channels.
11/06/2018 18:28:51.8 [VVP96] Set VVP: command 'Liquid-to-Air Sens.' with setting of 0 for 96 channels.
11/06/2018 18:28:52.9 [VVP96] VVP Aspirate pressure is 30 mbar.
11/06/2018 18:28:53.4 [VVP96] Aspirate complete.
11/06/2018 18:28:54.1 [VVP96] Average residual volume was 0.85 ul for 96 channels at 30 mbar pressure
11/06/2018 18:28:54.3 [Lynx.Aspirate(VVP96).VVP96] Aspirate results: Ch:A01 14.4uL/0.9uL OK, Ch:B01 14.4uL/0.9uL OK, Ch:C01 14.4uL/0.9uL OK, Ch:D01 14.4uL/0.8uL OK, Ch:E01 14.4uL/0.9uL OK, Ch:F01 14.5uL/0.9uL OK, Ch:G01 14.5uL/0.9uL OK, Ch:H01 14.4uL/0.9uL OK, Ch:A02 14.4uL/0.8uL OK, Ch:B02 14.4uL/0.8uL OK, Ch:C02 14.5uL/0.9uL OK, Ch:D02 14.4uL/0.8uL OK, Ch:E02 14.4uL/0.9uL OK, Ch:F02 14.3uL/0.8uL OK, Ch:G02 14.5uL/0.9uL OK, Ch:H02 14.4uL/0.8uL OK, Ch:A03 14.4uL/0.8uL OK, Ch:B03 14.4uL/0.8uL OK, Ch:C03 14.3uL/0.8uL OK, Ch:D03 14.4uL/0.8uL OK, Ch:E03 14.3uL/0.8uL OK, Ch:F03 14.3uL/0.8uL OK, Ch:G03 14.5uL/0.9uL OK, Ch:H03 14.3uL/0.8uL OK, Ch:A04 14.5uL/0.9uL OK, Ch:B04 14.4uL/0.8uL OK, Ch:C04 14.4uL/0.8uL OK, Ch:D04 14.3uL/0.8uL OK, Ch:E04 14.4uL/0.9uL OK, Ch:F04 14.3uL/0.8uL OK, Ch:G04 14.5uL/0.9uL OK, Ch:H04 14.4uL/0.8uL OK, Ch:A05 14.4uL/0.8uL OK, Ch:B05 14.4uL/0.8uL OK, Ch:C05 14.5uL/0.9uL OK, Ch:D05 14.3uL/0.8uL OK, Ch:E05 14.3uL/0.8uL OK, Ch:F05 14.4uL/0.9uL OK, Ch:G05 14.4uL/0.9uL OK, Ch:H05 14.3uL/0.8uL OK, Ch:A06 14.4uL/0.8uL OK, Ch:B06 14.4uL/0.8uL OK, Ch:C06 14.4uL/0.8uL OK, Ch:D06 14.3uL/0.8uL OK, Ch:E06 14.4uL/0.8uL OK, Ch:F06 14.4uL/0.9uL OK, Ch:G06 14.4uL/0.8uL OK, Ch:H06 14.5uL/0.9uL OK, Ch:A07 14.3uL/0.8uL OK, Ch:B07 14.4uL/0.9uL OK, Ch:C07 14.5uL/0.9uL OK, Ch:D07 14.4uL/0.9uL OK, Ch:E07 14.4uL/0.9uL OK, Ch:F07 14.4uL/0.8uL OK, Ch:G07 14.4uL/0.9uL OK, Ch:H07 14.4uL/0.9uL OK, Ch:A08 14.5uL/0.9uL OK, Ch:B08 14.5uL/0.9uL OK, Ch:C08 14.5uL/0.9uL OK, Ch:D08 14.3uL/0.8uL OK, Ch:E08 14.5uL/0.9uL OK, Ch:F08 14.5uL/0.9uL OK, Ch:G08 14.3uL/0.8uL OK, Ch:H08 14.4uL/0.8uL OK, Ch:A09 14.3uL/0.8uL OK, Ch:B09 14.4uL/0.9uL OK, Ch:C09 14.3uL/0.8uL OK, Ch:D09 14.3uL/0.8uL OK, Ch:E09 14.4uL/0.9uL OK, Ch:F09 14.4uL/0.9uL OK, Ch:G09 14.5uL/0.9uL OK, Ch:H09 14.5uL/0.9uL OK, Ch:A10 14.5uL/0.9uL OK, Ch:B10 14.5uL/0.9uL OK, Ch:C10 14.4uL/0.9uL OK, Ch:D10 14.3uL/0.8uL OK, Ch:E10 14.4uL/0.8uL OK, Ch:F10 14.4uL/0.8uL OK, Ch:G10 14.3uL/0.8uL OK, Ch:H10 14.3uL/0.8uL OK, Ch:A11 14.5uL/0.9uL OK, Ch:B11 14.5uL/0.9uL OK, Ch:C11 14.3uL/0.8uL OK, Ch:D11 14.3uL/0.8uL OK, Ch:E11 14.5uL/0.9uL OK, Ch:F11 14.4uL/0.8uL OK, Ch:G11 14.3uL/0.8uL OK, Ch:H11 14.3uL/0.8uL OK, Ch:A12 14.4uL/0.9uL OK, Ch:B12 14.5uL/0.9uL OK, Ch:C12 14.4uL/0.9uL OK, Ch:D12 14.4uL/0.8uL OK, Ch:E12 14.4uL/0.9uL OK, Ch:F12 14.5uL/0.9uL OK, Ch:G12 14.3uL/0.8uL OK, Ch:H12 14.5uL/0.9uL OK
11/06/2018 18:28:57.5 [Lynx.Aspirate(VVP96).VVP96] Final axis positions:'XL' -309.76 mm, 'YL' -212.05 mm, 'ZL' -2.02 mm
11/06/2018 18:28:57.5 [Lynx.Aspirate(VVP96).VVP96] Time to complete: 9 s.
11/06/2018 18:28:57.5 Process 'ChipLoad.met'[2] 'Aspirate(VVP96)' CommandCompleted
11/06/2018 18:28:57.6 Process 'ChipLoad.met'[3] 'Dispense(VVP96)' CommandStarted
11/06/2018 18:28:57.6 [Lynx.Dispense(VVP96).VVP96] Plate 'LabChip_02', column/row offset (0, 0), X/Y offset (0.00 mm,0.00 mm), height: 0.00 mm.
11/06/2018 18:28:57.6 [Lynx.Dispense(VVP96).VVP96] Current tip 'LXB-96-300F'.
11/06/2018 18:28:57.6 [Lynx.Dispense(VVP96).VVP96] Plate is at location 'Loc_13' (-295.08 mm, -14.26 mm, -173.13 mm) with a stack index of 1.
11/06/2018 18:28:57.6 [Lynx.Dispense(VVP96).VVP96] VVP Pressure 'Below 5 microliters': Pressure 30 mbar, Residual vol. 0.48 uL, Pre/Post delay 0.00/1.00
11/06/2018 18:28:57.6 [Lynx.Dispense(VVP96).VVP96] Dispense parameters (96): Ch:A01 2.8uL/0.5uL; Ch:B01 2.8uL/0.5uL; Ch:C01 2.8uL/0.5uL; Ch:D01 2.8uL/0.5uL; Ch:E01 2.8uL/0.5uL; Ch:F01 2.8uL/0.5uL; Ch:G01 2.8uL/0.5uL; Ch:H01 2.8uL/0.5uL; Ch:A02 2.8uL/0.5uL; Ch:B02 2.8uL/0.5uL; Ch:C02 2.8uL/0.5uL; Ch:D02 2.8uL/0.5uL; Ch:E02 2.8uL/0.5uL; Ch:F02 2.8uL/0.5uL; Ch:G02 2.8uL/0.5uL; Ch:H02 2.8uL/0.5uL; Ch:A03 2.8uL/0.5uL; Ch:B03 2.8uL/0.5uL; Ch:C03 2.8uL/0.5uL; Ch:D03 2.8uL/0.5uL; Ch:E03 2.8uL/0.5uL; Ch:F03 2.8uL/0.5uL; Ch:G03 2.8uL/0.5uL; Ch:H03 2.8uL/0.5uL; Ch:A04 2.8uL/0.5uL; Ch:B04 2.8uL/0.5uL; Ch:C04 2.8uL/0.5uL; Ch:D04 2.8uL/0.5uL; Ch:E04 2.8uL/0.5uL; Ch:F04 2.8uL/0.5uL; Ch:G04 2.8uL/0.5uL; Ch:H04 2.8uL/0.5uL; Ch:A05 2.8uL/0.5uL; Ch:B05 2.8uL/0.5uL; Ch:C05 2.8uL/0.5uL; Ch:D05 2.8uL/0.5uL; Ch:E05 2.8uL/0.5uL; Ch:F05 2.8uL/0.5uL; Ch:G05 2.8uL/0.5uL; Ch:H05 2.8uL/0.5uL; Ch:A06 2.8uL/0.5uL; Ch:B06 2.8uL/0.5uL; Ch:C06 2.8uL/0.5uL; Ch:D06 2.8uL/0.5uL; Ch:E06 2.8uL/0.5uL; Ch:F06 2.8uL/0.5uL; Ch:G06 2.8uL/0.5uL; Ch:H06 2.8uL/0.5uL; Ch:A07 2.8uL/0.5uL; Ch:B07 2.8uL/0.5uL; Ch:C07 2.8uL/0.5uL; Ch:D07 2.8uL/0.5uL; Ch:E07 2.8uL/0.5uL; Ch:F07 2.8uL/0.5uL; Ch:G07 2.8uL/0.5uL; Ch:H07 2.8uL/0.5uL; Ch:A08 2.8uL/0.5uL; Ch:B08 2.8uL/0.5uL; Ch:C08 2.8uL/0.5uL; Ch:D08 2.8uL/0.5uL; Ch:E08 2.8uL/0.5uL; Ch:F08 2.8uL/0.5uL; Ch:G08 2.8uL/0.5uL; Ch:H08 2.8uL/0.5uL; Ch:A09 2.8uL/0.5uL; Ch:B09 2.8uL/0.5uL; Ch:C09 2.8uL/0.5uL; Ch:D09 2.8uL/0.5uL; Ch:E09 2.8uL/0.5uL; Ch:F09 2.8uL/0.5uL; Ch:G09 2.8uL/0.5uL; Ch:H09 2.8uL/0.5uL; Ch:A10 2.8uL/0.5uL; Ch:B10 2.8uL/0.5uL; Ch:C10 2.8uL/0.5uL; Ch:D10 2.8uL/0.5uL; Ch:E10 2.8uL/0.5uL; Ch:F10 2.8uL/0.5uL; Ch:G10 2.8uL/0.5uL; Ch:H10 2.8uL/0.5uL; Ch:A11 2.8uL/0.5uL; Ch:B11 2.8uL/0.5uL; Ch:C11 2.8uL/0.5uL; Ch:D11 2.8uL/0.5uL; Ch:E11 2.8uL/0.5uL; Ch:F11 2.8uL/0.5uL; Ch:G11 2.8uL/0.5uL; Ch:H11 2.8uL/0.5uL; Ch:A12 2.8uL/0.5uL; Ch:B12 2.8uL/0.5uL; Ch:C12 2.8uL/0.5uL; Ch:D12 2.8uL/0.5uL; Ch:E12 2.8uL/0.5uL; Ch:F12 2.8uL/0.5uL; Ch:G12 2.8uL/0.5uL; Ch:H12 2.8uL/0.5uL
11/06/2018 18:28:57.6 [Lynx.Dispense(VVP96).VVP96] Post airgap parameters (0): 
11/06/2018 18:28:57.6 [Lynx.Dispense(VVP96).VVP96] Initial robot X/Y/ZStart/ZEnd coordinates: -309.46 mm, -3.02 mm, -112.23 mm, -112.23 mm, using motion profile 'Mid Speed'.
11/06/2018 18:28:57.6 [Lynx.Dispense(VVP96).VVP96] Initial axis positions:'XL' -309.76 mm, 'YL' -212.05 mm, 'ZL' -2.02 mm
11/06/2018 18:29:00.7 [VVP96] Set VVP: command 'Clogging Limit' with setting of 0 for 96 channels.
11/06/2018 18:29:00.9 [VVP96] Set VVP: command 'Air-to-Liquid Sens.' with setting of 0 for 96 channels.
11/06/2018 18:29:01.1 [VVP96] Set VVP: command 'Liquid-to-Air Sens.' with setting of 0 for 96 channels.
11/06/2018 18:29:02.2 [VVP96] VVP Dispense pressure is 31 mbar.
11/06/2018 18:29:02.7 [VVP96] Dispense complete.
11/06/2018 18:29:03.3 [VVP96] Average residual volume was 0.98 ul for 96 channels at 30 mbar pressure
11/06/2018 18:29:03.5 [Lynx.Dispense(VVP96).VVP96] Dispense results: Ch:A01 3.4uL/1.0uL OK, Ch:B01 3.4uL/1.0uL OK, Ch:C01 3.2uL/0.9uL OK, Ch:D01 3.2uL/0.9uL OK, Ch:E01 3.4uL/1.0uL OK, Ch:F01 3.3uL/0.9uL OK, Ch:G01 3.4uL/1.0uL OK, Ch:H01 3.2uL/0.9uL OK, Ch:A02 3.4uL/1.0uL OK, Ch:B02 3.4uL/1.0uL OK, Ch:C02 3.3uL/1.0uL OK, Ch:D02 3.3uL/1.0uL OK, Ch:E02 3.2uL/0.9uL OK, Ch:F02 3.3uL/1.0uL OK, Ch:G02 3.3uL/0.9uL OK, Ch:H02 3.5uL/1.1uL OK, Ch:A03 3.4uL/1.0uL OK, Ch:B03 3.4uL/1.0uL OK, Ch:C03 3.3uL/0.9uL OK, Ch:D03 3.4uL/1.0uL OK, Ch:E03 3.4uL/1.0uL OK, Ch:F03 3.3uL/1.0uL OK, Ch:G03 3.4uL/1.0uL OK, Ch:H03 3.5uL/1.1uL OK, Ch:A04 3.3uL/1.0uL OK, Ch:B04 3.4uL/1.0uL OK, Ch:C04 3.4uL/1.0uL OK, Ch:D04 3.3uL/1.0uL OK, Ch:E04 3.3uL/1.0uL OK, Ch:F04 3.4uL/1.0uL OK, Ch:G04 3.3uL/0.9uL OK, Ch:H04 3.3uL/1.0uL OK, Ch:A05 3.4uL/1.0uL OK, Ch:B05 3.3uL/1.0uL OK, Ch:C05 3.3uL/0.9uL OK, Ch:D05 3.3uL/0.9uL OK, Ch:E05 3.3uL/0.9uL OK, Ch:F05 3.4uL/1.0uL OK, Ch:G05 3.3uL/1.0uL OK, Ch:H05 3.3uL/0.9uL OK, Ch:A06 3.3uL/0.9uL OK, Ch:B06 3.3uL/1.0uL OK, Ch:C06 3.3uL/1.0uL OK, Ch:D06 3.3uL/1.0uL OK, Ch:E06 3.5uL/1.1uL OK, Ch:F06 3.2uL/0.9uL OK, Ch:G06 3.3uL/1.0uL OK, Ch:H06 3.2uL/0.9uL OK, Ch:A07 3.4uL/1.0uL OK, Ch:B07 3.3uL/1.0uL OK, Ch:C07 3.3uL/0.9uL OK, Ch:D07 3.3uL/0.9uL OK, Ch:E07 3.4uL/1.0uL OK, Ch:F07 3.4uL/1.0uL OK, Ch:G07 3.4uL/1.0uL OK, Ch:H07 3.4uL/1.0uL OK, Ch:A08 3.2uL/0.9uL OK, Ch:B08 3.4uL/1.0uL OK, Ch:C08 3.3uL/0.9uL OK, Ch:D08 3.5uL/1.1uL OK, Ch:E08 3.3uL/1.0uL OK, Ch:F08 3.3uL/1.0uL OK, Ch:G08 3.4uL/1.0uL OK, Ch:H08 3.3uL/1.0uL OK, Ch:A09 3.3uL/1.0uL OK, Ch:B09 3.3uL/0.9uL OK, Ch:C09 3.3uL/1.0uL OK, Ch:D09 3.4uL/1.0uL OK, Ch:E09 3.3uL/0.9uL OK, Ch:F09 3.4uL/1.0uL OK, Ch:G09 3.3uL/1.0uL OK, Ch:H09 3.2uL/0.9uL OK, Ch:A10 3.2uL/0.9uL OK, Ch:B10 3.6uL/1.2uL OK, Ch:C10 3.4uL/1.0uL OK, Ch:D10 3.3uL/1.0uL OK, Ch:E10 3.5uL/1.1uL OK, Ch:F10 3.3uL/1.0uL OK, Ch:G10 3.5uL/1.1uL OK, Ch:H10 3.2uL/0.9uL OK, Ch:A11 3.3uL/0.9uL OK, Ch:B11 3.4uL/1.0uL OK, Ch:C11 3.3uL/0.9uL OK, Ch:D11 3.2uL/0.9uL OK, Ch:E11 3.4uL/1.0uL OK, Ch:F11 3.5uL/1.1uL OK, Ch:G11 3.4uL/1.0uL OK, Ch:H11 3.4uL/1.1uL OK, Ch:A12 3.3uL/0.9uL OK, Ch:B12 3.4uL/1.0uL OK, Ch:C12 3.4uL/1.0uL OK, Ch:D12 3.2uL/0.9uL OK, Ch:E12 3.3uL/1.0uL OK, Ch:F12 3.3uL/0.9uL OK, Ch:G12 3.2uL/0.9uL OK, Ch:H12 3.3uL/0.9uL OK
11/06/2018 18:29:06.5 [Lynx.Dispense(VVP96).VVP96] Final axis positions:'XL' -309.41 mm, 'YL' -3.06 mm, 'ZL' -2.02 mm
11/06/2018 18:29:06.5 [Lynx.Dispense(VVP96).VVP96] Time to complete: 8 s.
11/06/2018 18:29:06.6 Process 'ChipLoad.met'[3] 'Dispense(VVP96)' CommandCompleted
11/06/2018 18:29:06.6 Process 'ChipLoad.met'[4] 'Dispense(VVP96)' CommandStarted
11/06/2018 18:29:06.6 [Lynx.Dispense(VVP96).VVP96] Plate 'LabChip_01', column/row offset (0, 0), X/Y offset (0.00 mm,0.00 mm), height: 0.00 mm.
11/06/2018 18:29:06.6 [Lynx.Dispense(VVP96).VVP96] Current tip 'LXB-96-300F'.
11/06/2018 18:29:06.6 [Lynx.Dispense(VVP96).VVP96] Plate is at location 'Loc_14' (-295.52 mm, -118.69 mm, -173.41 mm) with a stack index of 1.
11/06/2018 18:29:06.6 [Lynx.Dispense(VVP96).VVP96] VVP Pressure 'Below 5 microliters': Pressure 30 mbar, Residual vol. 0.48 uL, Pre/Post delay 0.00/1.00
11/06/2018 18:29:06.6 [Lynx.Dispense(VVP96).VVP96] Dispense parameters (96): Ch:A01 2.8uL/0.5uL; Ch:B01 2.8uL/0.5uL; Ch:C01 2.8uL/0.5uL; Ch:D01 2.8uL/0.5uL; Ch:E01 2.8uL/0.5uL; Ch:F01 2.8uL/0.5uL; Ch:G01 2.8uL/0.5uL; Ch:H01 2.8uL/0.5uL; Ch:A02 2.8uL/0.5uL; Ch:B02 2.8uL/0.5uL; Ch:C02 2.8uL/0.5uL; Ch:D02 2.8uL/0.5uL; Ch:E02 2.8uL/0.5uL; Ch:F02 2.8uL/0.5uL; Ch:G02 2.8uL/0.5uL; Ch:H02 2.8uL/0.5uL; Ch:A03 2.8uL/0.5uL; Ch:B03 2.8uL/0.5uL; Ch:C03 2.8uL/0.5uL; Ch:D03 2.8uL/0.5uL; Ch:E03 2.8uL/0.5uL; Ch:F03 2.8uL/0.5uL; Ch:G03 2.8uL/0.5uL; Ch:H03 2.8uL/0.5uL; Ch:A04 2.8uL/0.5uL; Ch:B04 2.8uL/0.5uL; Ch:C04 2.8uL/0.5uL; Ch:D04 2.8uL/0.5uL; Ch:E04 2.8uL/0.5uL; Ch:F04 2.8uL/0.5uL; Ch:G04 2.8uL/0.5uL; Ch:H04 2.8uL/0.5uL; Ch:A05 2.8uL/0.5uL; Ch:B05 2.8uL/0.5uL; Ch:C05 2.8uL/0.5uL; Ch:D05 2.8uL/0.5uL; Ch:E05 2.8uL/0.5uL; Ch:F05 2.8uL/0.5uL; Ch:G05 2.8uL/0.5uL; Ch:H05 2.8uL/0.5uL; Ch:A06 2.8uL/0.5uL; Ch:B06 2.8uL/0.5uL; Ch:C06 2.8uL/0.5uL; Ch:D06 2.8uL/0.5uL; Ch:E06 2.8uL/0.5uL; Ch:F06 2.8uL/0.5uL; Ch:G06 2.8uL/0.5uL; Ch:H06 2.8uL/0.5uL; Ch:A07 2.8uL/0.5uL; Ch:B07 2.8uL/0.5uL; Ch:C07 2.8uL/0.5uL; Ch:D07 2.8uL/0.5uL; Ch:E07 2.8uL/0.5uL; Ch:F07 2.8uL/0.5uL; Ch:G07 2.8uL/0.5uL; Ch:H07 2.8uL/0.5uL; Ch:A08 2.8uL/0.5uL; Ch:B08 2.8uL/0.5uL; Ch:C08 2.8uL/0.5uL; Ch:D08 2.8uL/0.5uL; Ch:E08 2.8uL/0.5uL; Ch:F08 2.8uL/0.5uL; Ch:G08 2.8uL/0.5uL; Ch:H08 2.8uL/0.5uL; Ch:A09 2.8uL/0.5uL; Ch:B09 2.8uL/0.5uL; Ch:C09 2.8uL/0.5uL; Ch:D09 2.8uL/0.5uL; Ch:E09 2.8uL/0.5uL; Ch:F09 2.8uL/0.5uL; Ch:G09 2.8uL/0.5uL; Ch:H09 2.8uL/0.5uL; Ch:A10 2.8uL/0.5uL; Ch:B10 2.8uL/0.5uL; Ch:C10 2.8uL/0.5uL; Ch:D10 2.8uL/0.5uL; Ch:E10 2.8uL/0.5uL; Ch:F10 2.8uL/0.5uL; Ch:G10 2.8uL/0.5uL; Ch:H10 2.8uL/0.5uL; Ch:A11 2.8uL/0.5uL; Ch:B11 2.8uL/0.5uL; Ch:C11 2.8uL/0.5uL; Ch:D11 2.8uL/0.5uL; Ch:E11 2.8uL/0.5uL; Ch:F11 2.8uL/0.5uL; Ch:G11 2.8uL/0.5uL; Ch:H11 2.8uL/0.5uL; Ch:A12 2.8uL/0.5uL; Ch:B12 2.8uL/0.5uL; Ch:C12 2.8uL/0.5uL; Ch:D12 2.8uL/0.5uL; Ch:E12 2.8uL/0.5uL; Ch:F12 2.8uL/0.5uL; Ch:G12 2.8uL/0.5uL; Ch:H12 2.8uL/0.5uL
11/06/2018 18:29:06.6 [Lynx.Dispense(VVP96).VVP96] Post airgap parameters (0): 
11/06/2018 18:29:06.6 [Lynx.Dispense(VVP96).VVP96] Initial robot X/Y/ZStart/ZEnd coordinates: -309.90 mm, -107.45 mm, -112.51 mm, -112.51 mm, using motion profile 'Mid Speed'.
11/06/2018 18:29:06.6 [Lynx.Dispense(VVP96).VVP96] Initial axis positions:'XL' -309.41 mm, 'YL' -3.06 mm, 'ZL' -2.02 mm
11/06/2018 18:29:09.4 [VVP96] Set VVP: command 'Clogging Limit' with setting of 0 for 96 channels.
11/06/2018 18:29:09.7 [VVP96] Set VVP: command 'Air-to-Liquid Sens.' with setting of 0 for 96 channels.
11/06/2018 18:29:09.9 [VVP96] Set VVP: command 'Liquid-to-Air Sens.' with setting of 0 for 96 channels.
11/06/2018 18:29:11.0 [VVP96] VVP Dispense pressure is 31 mbar.
11/06/2018 18:29:11.4 [VVP96] Dispense complete.
11/06/2018 18:29:12.2 [VVP96] Average residual volume was 1.00 ul for 96 channels at 30 mbar pressure
11/06/2018 18:29:12.4 [Lynx.Dispense(VVP96).VVP96] Dispense results: Ch:A01 3.3uL/1.0uL OK, Ch:B01 3.4uL/1.0uL OK, Ch:C01 3.4uL/1.0uL OK, Ch:D01 3.4uL/1.0uL OK, Ch:E01 3.3uL/0.9uL OK, Ch:F01 3.4uL/1.0uL OK, Ch:G01 3.3uL/1.0uL OK, Ch:H01 3.3uL/1.0uL OK, Ch:A02 3.4uL/1.0uL OK, Ch:B02 3.5uL/1.1uL OK, Ch:C02 3.4uL/1.0uL OK, Ch:D02 3.4uL/1.1uL OK, Ch:E02 3.4uL/1.0uL OK, Ch:F02 3.4uL/1.0uL OK, Ch:G02 3.3uL/0.9uL OK, Ch:H02 3.3uL/1.0uL OK, Ch:A03 3.4uL/1.0uL OK, Ch:B03 3.5uL/1.1uL OK, Ch:C03 3.3uL/0.9uL OK, Ch:D03 3.3uL/1.0uL OK, Ch:E03 3.4uL/1.0uL OK, Ch:F03 3.5uL/1.1uL OK, Ch:G03 3.3uL/1.0uL OK, Ch:H03 3.3uL/1.0uL OK, Ch:A04 3.3uL/1.0uL OK, Ch:B04 3.3uL/1.0uL OK, Ch:C04 3.5uL/1.1uL OK, Ch:D04 3.3uL/1.0uL OK, Ch:E04 3.3uL/1.0uL OK, Ch:F04 3.3uL/1.0uL OK, Ch:G04 3.4uL/1.0uL OK, Ch:H04 3.4uL/1.1uL OK, Ch:A05 3.4uL/1.0uL OK, Ch:B05 3.3uL/1.0uL OK, Ch:C05 3.3uL/1.0uL OK, Ch:D05 3.3uL/0.9uL OK, Ch:E05 3.2uL/0.9uL OK, Ch:F05 3.3uL/0.9uL OK, Ch:G05 3.3uL/1.0uL OK, Ch:H05 3.2uL/0.9uL OK, Ch:A06 3.3uL/1.0uL OK, Ch:B06 3.3uL/1.0uL OK, Ch:C06 3.5uL/1.1uL OK, Ch:D06 3.4uL/1.0uL OK, Ch:E06 3.4uL/1.0uL OK, Ch:F06 3.4uL/1.0uL OK, Ch:G06 3.4uL/1.1uL OK, Ch:H06 3.4uL/1.0uL OK, Ch:A07 3.3uL/1.0uL OK, Ch:B07 3.4uL/1.0uL OK, Ch:C07 3.2uL/0.9uL OK, Ch:D07 3.4uL/1.0uL OK, Ch:E07 3.4uL/1.0uL OK, Ch:F07 3.5uL/1.1uL OK, Ch:G07 3.4uL/1.0uL OK, Ch:H07 3.3uL/1.0uL OK, Ch:A08 3.3uL/1.0uL OK, Ch:B08 3.4uL/1.0uL OK, Ch:C08 3.3uL/1.0uL OK, Ch:D08 3.4uL/1.0uL OK, Ch:E08 3.3uL/1.0uL OK, Ch:F08 3.4uL/1.0uL OK, Ch:G08 3.4uL/1.0uL OK, Ch:H08 3.5uL/1.1uL OK, Ch:A09 3.3uL/1.0uL OK, Ch:B09 3.4uL/1.0uL OK, Ch:C09 3.3uL/0.9uL OK, Ch:D09 3.3uL/1.0uL OK, Ch:E09 3.4uL/1.0uL OK, Ch:F09 3.4uL/1.0uL OK, Ch:G09 3.4uL/1.0uL OK, Ch:H09 3.4uL/1.0uL OK, Ch:A10 3.3uL/1.0uL OK, Ch:B10 3.6uL/1.2uL OK, Ch:C10 3.3uL/1.0uL OK, Ch:D10 3.4uL/1.1uL OK, Ch:E10 3.4uL/1.1uL OK, Ch:F10 3.3uL/1.0uL OK, Ch:G10 3.4uL/1.0uL OK, Ch:H10 3.3uL/0.9uL OK, Ch:A11 3.4uL/1.0uL OK, Ch:B11 3.3uL/1.0uL OK, Ch:C11 3.2uL/0.9uL OK, Ch:D11 3.4uL/1.0uL OK, Ch:E11 3.4uL/1.0uL OK, Ch:F11 3.5uL/1.1uL OK, Ch:G11 3.4uL/1.0uL OK, Ch:H11 3.5uL/1.1uL OK, Ch:A12 3.3uL/1.0uL OK, Ch:B12 3.4uL/1.0uL OK, Ch:C12 3.3uL/1.0uL OK, Ch:D12 3.2uL/0.9uL OK, Ch:E12 3.4uL/1.0uL OK, Ch:F12 3.3uL/1.0uL OK, Ch:G12 3.2uL/0.9uL OK, Ch:H12 3.3uL/0.9uL OK
11/06/2018 18:29:15.4 [Lynx.Dispense(VVP96).VVP96] Final axis positions:'XL' -309.84 mm, 'YL' -107.46 mm, 'ZL' -2.02 mm
11/06/2018 18:29:15.4 [Lynx.Dispense(VVP96).VVP96] Time to complete: 8 s.
11/06/2018 18:29:15.5 Process 'ChipLoad.met'[4] 'Dispense(VVP96)' CommandCompleted
11/06/2018 18:29:15.5 Process 'ChipLoad.met'[5] 'Dispense(VVP96)' CommandStarted
11/06/2018 18:29:15.5 [Lynx.Dispense(VVP96).VVP96] Plate 'Nunc 1ml_01', column/row offset (0, 0), X/Y offset (0.00 mm,0.00 mm), height: 1.00 mm.
11/06/2018 18:29:15.5 [Lynx.Dispense(VVP96).VVP96] Current tip 'LXB-96-300F'.
11/06/2018 18:29:15.5 [Lynx.Dispense(VVP96).VVP96] Plate is at location 'Loc_15' (-295.44 mm, -223.29 mm, -173.31 mm) with a stack index of 1.
11/06/2018 18:29:15.5 [Lynx.Dispense(VVP96).VVP96] VVP Pressure 'Low Volume': Pressure 30 mbar, Residual vol. 0.48 uL, Pre/Post delay 0.00/1.00
11/06/2018 18:29:15.5 [Lynx.Dispense(VVP96).VVP96] Dispense parameters (96): Ch:A01 7.7uL/0.5uL; Ch:B01 7.6uL/0.5uL; Ch:C01 7.8uL/0.5uL; Ch:D01 7.8uL/0.5uL; Ch:E01 7.7uL/0.5uL; Ch:F01 7.8uL/0.5uL; Ch:G01 7.8uL/0.5uL; Ch:H01 7.9uL/0.5uL; Ch:A02 7.6uL/0.5uL; Ch:B02 7.5uL/0.5uL; Ch:C02 7.8uL/0.5uL; Ch:D02 7.7uL/0.5uL; Ch:E02 7.8uL/0.5uL; Ch:F02 7.6uL/0.5uL; Ch:G02 7.9uL/0.5uL; Ch:H02 7.6uL/0.5uL; Ch:A03 7.6uL/0.5uL; Ch:B03 7.5uL/0.5uL; Ch:C03 7.7uL/0.5uL; Ch:D03 7.7uL/0.5uL; Ch:E03 7.5uL/0.5uL; Ch:F03 7.5uL/0.5uL; Ch:G03 7.8uL/0.5uL; Ch:H03 7.5uL/0.5uL; Ch:A04 7.9uL/0.5uL; Ch:B04 7.7uL/0.5uL; Ch:C04 7.5uL/0.5uL; Ch:D04 7.7uL/0.5uL; Ch:E04 7.8uL/0.5uL; Ch:F04 7.6uL/0.5uL; Ch:G04 7.8uL/0.5uL; Ch:H04 7.7uL/0.5uL; Ch:A05 7.6uL/0.5uL; Ch:B05 7.8uL/0.5uL; Ch:C05 7.9uL/0.5uL; Ch:D05 7.7uL/0.5uL; Ch:E05 7.8uL/0.5uL; Ch:F05 7.7uL/0.5uL; Ch:G05 7.8uL/0.5uL; Ch:H05 7.8uL/0.5uL; Ch:A06 7.8uL/0.5uL; Ch:B06 7.8uL/0.5uL; Ch:C06 7.6uL/0.5uL; Ch:D06 7.6uL/0.5uL; Ch:E06 7.5uL/0.5uL; Ch:F06 7.8uL/0.5uL; Ch:G06 7.7uL/0.5uL; Ch:H06 7.9uL/0.5uL; Ch:A07 7.6uL/0.5uL; Ch:B07 7.7uL/0.5uL; Ch:C07 8.0uL/0.5uL; Ch:D07 7.7uL/0.5uL; Ch:E07 7.6uL/0.5uL; Ch:F07 7.5uL/0.5uL; Ch:G07 7.6uL/0.5uL; Ch:H07 7.7uL/0.5uL; Ch:A08 8.0uL/0.5uL; Ch:B08 7.7uL/0.5uL; Ch:C08 7.9uL/0.5uL; Ch:D08 7.4uL/0.5uL; Ch:E08 7.9uL/0.5uL; Ch:F08 7.8uL/0.5uL; Ch:G08 7.5uL/0.5uL; Ch:H08 7.6uL/0.5uL; Ch:A09 7.7uL/0.5uL; Ch:B09 7.7uL/0.5uL; Ch:C09 7.7uL/0.5uL; Ch:D09 7.6uL/0.5uL; Ch:E09 7.7uL/0.5uL; Ch:F09 7.6uL/0.5uL; Ch:G09 7.8uL/0.5uL; Ch:H09 7.9uL/0.5uL; Ch:A10 8.0uL/0.5uL; Ch:B10 7.3uL/0.5uL; Ch:C10 7.7uL/0.5uL; Ch:D10 7.6uL/0.5uL; Ch:E10 7.5uL/0.5uL; Ch:F10 7.8uL/0.5uL; Ch:G10 7.4uL/0.5uL; Ch:H10 7.8uL/0.5uL; Ch:A11 7.8uL/0.5uL; Ch:B11 7.8uL/0.5uL; Ch:C11 7.8uL/0.5uL; Ch:D11 7.7uL/0.5uL; Ch:E11 7.7uL/0.5uL; Ch:F11 7.4uL/0.5uL; Ch:G11 7.5uL/0.5uL; Ch:H11 7.4uL/0.5uL; Ch:A12 7.8uL/0.5uL; Ch:B12 7.7uL/0.5uL; Ch:C12 7.7uL/0.5uL; Ch:D12 8.0uL/0.5uL; Ch:E12 7.7uL/0.5uL; Ch:F12 7.9uL/0.5uL; Ch:G12 7.9uL/0.5uL; Ch:H12 7.9uL/0.5uL
11/06/2018 18:29:15.5 [Lynx.Dispense(VVP96).VVP96] Blowout parameters (96): Ch:A01 5.0uL/0.5uL; Ch:B01 2.0uL/0.5uL; Ch:C01 2.0uL/0.5uL; Ch:D01 2.0uL/0.5uL; Ch:E01 2.0uL/0.5uL; Ch:F01 2.0uL/0.5uL; Ch:G01 2.0uL/0.5uL; Ch:H01 2.0uL/0.5uL; Ch:A02 2.0uL/0.5uL; Ch:B02 2.0uL/0.5uL; Ch:C02 2.0uL/0.5uL; Ch:D02 2.0uL/0.5uL; Ch:E02 2.0uL/0.5uL; Ch:F02 2.0uL/0.5uL; Ch:G02 2.0uL/0.5uL; Ch:H02 2.0uL/0.5uL; Ch:A03 2.0uL/0.5uL; Ch:B03 2.0uL/0.5uL; Ch:C03 2.0uL/0.5uL; Ch:D03 2.0uL/0.5uL; Ch:E03 2.0uL/0.5uL; Ch:F03 2.0uL/0.5uL; Ch:G03 2.0uL/0.5uL; Ch:H03 2.0uL/0.5uL; Ch:A04 2.0uL/0.5uL; Ch:B04 2.0uL/0.5uL; Ch:C04 2.0uL/0.5uL; Ch:D04 2.0uL/0.5uL; Ch:E04 2.0uL/0.5uL; Ch:F04 2.0uL/0.5uL; Ch:G04 2.0uL/0.5uL; Ch:H04 2.0uL/0.5uL; Ch:A05 2.0uL/0.5uL; Ch:B05 2.0uL/0.5uL; Ch:C05 2.0uL/0.5uL; Ch:D05 2.0uL/0.5uL; Ch:E05 2.0uL/0.5uL; Ch:F05 2.0uL/0.5uL; Ch:G05 2.0uL/0.5uL; Ch:H05 2.0uL/0.5uL; Ch:A06 2.0uL/0.5uL; Ch:B06 2.0uL/0.5uL; Ch:C06 2.0uL/0.5uL; Ch:D06 2.0uL/0.5uL; Ch:E06 2.0uL/0.5uL; Ch:F06 2.0uL/0.5uL; Ch:G06 2.0uL/0.5uL; Ch:H06 2.0uL/0.5uL; Ch:A07 2.0uL/0.5uL; Ch:B07 2.0uL/0.5uL; Ch:C07 2.0uL/0.5uL; Ch:D07 2.0uL/0.5uL; Ch:E07 2.0uL/0.5uL; Ch:F07 2.0uL/0.5uL; Ch:G07 2.0uL/0.5uL; Ch:H07 2.0uL/0.5uL; Ch:A08 2.0uL/0.5uL; Ch:B08 2.0uL/0.5uL; Ch:C08 2.0uL/0.5uL; Ch:D08 2.0uL/0.5uL; Ch:E08 2.0uL/0.5uL; Ch:F08 2.0uL/0.5uL; Ch:G08 2.0uL/0.5uL; Ch:H08 2.0uL/0.5uL; Ch:A09 2.0uL/0.5uL; Ch:B09 2.0uL/0.5uL; Ch:C09 2.0uL/0.5uL; Ch:D09 2.0uL/0.5uL; Ch:E09 2.0uL/0.5uL; Ch:F09 2.0uL/0.5uL; Ch:G09 2.0uL/0.5uL; Ch:H09 2.0uL/0.5uL; Ch:A10 2.0uL/0.5uL; Ch:B10 2.0uL/0.5uL; Ch:C10 2.0uL/0.5uL; Ch:D10 2.0uL/0.5uL; Ch:E10 2.0uL/0.5uL; Ch:F10 2.0uL/0.5uL; Ch:G10 2.0uL/0.5uL; Ch:H10 2.0uL/0.5uL; Ch:A11 2.0uL/0.5uL; Ch:B11 2.0uL/0.5uL; Ch:C11 2.0uL/0.5uL; Ch:D11 2.0uL/0.5uL; Ch:E11 2.0uL/0.5uL; Ch:F11 2.0uL/0.5uL; Ch:G11 2.0uL/0.5uL; Ch:H11 2.0uL/0.5uL; Ch:A12 2.0uL/0.5uL; Ch:B12 2.0uL/0.5uL; Ch:C12 2.0uL/0.5uL; Ch:D12 2.0uL/0.5uL; Ch:E12 2.0uL/0.5uL; Ch:F12 2.0uL/0.5uL; Ch:G12 2.0uL/0.5uL; Ch:H12 2.0uL/0.5uL
11/06/2018 18:29:15.5 [Lynx.Dispense(VVP96).VVP96] Post airgap parameters (0): 
11/06/2018 18:29:15.5 [Lynx.Dispense(VVP96).VVP96] Initial robot X/Y/ZStart/ZEnd coordinates: -309.82 mm, -212.05 mm, -120.91 mm, -121.91 mm, using motion profile 'Fast Speed'.
11/06/2018 18:29:15.5 [Lynx.Dispense(VVP96).VVP96] Initial axis positions:'XL' -309.84 mm, 'YL' -107.46 mm, 'ZL' -2.02 mm
11/06/2018 18:29:18.2 [VVP96] Set VVP: command 'Clogging Limit' with setting of 0 for 96 channels.
11/06/2018 18:29:18.5 [VVP96] Set VVP: command 'Air-to-Liquid Sens.' with setting of 0 for 96 channels.
11/06/2018 18:29:18.7 [VVP96] Set VVP: command 'Liquid-to-Air Sens.' with setting of 0 for 96 channels.
11/06/2018 18:29:19.7 [VVP96] VVP Dispense pressure is 31 mbar.
11/06/2018 18:29:20.2 [VVP96] Dispense complete.
11/06/2018 18:29:20.8 [VVP96] Average residual volume was 1.01 ul for 96 channels at 30 mbar pressure
11/06/2018 18:29:21.0 [Lynx.Dispense(VVP96).VVP96] Dispense results: Ch:A01 8.2uL/1.0uL OK, Ch:B01 8.2uL/1.0uL OK, Ch:C01 8.2uL/1.0uL OK, Ch:D01 8.2uL/1.0uL OK, Ch:E01 8.2uL/1.0uL OK, Ch:F01 8.2uL/1.0uL OK, Ch:G01 8.4uL/1.0uL OK, Ch:H01 8.4uL/1.0uL OK, Ch:A02 8.2uL/1.0uL OK, Ch:B02 8.2uL/1.1uL OK, Ch:C02 8.3uL/1.0uL OK, Ch:D02 8.4uL/1.1uL OK, Ch:E02 8.3uL/1.0uL OK, Ch:F02 8.1uL/1.0uL OK, Ch:G02 8.5uL/1.0uL OK, Ch:H02 8.1uL/1.0uL OK, Ch:A03 8.3uL/1.1uL OK, Ch:B03 8.2uL/1.1uL OK, Ch:C03 8.2uL/0.9uL OK, Ch:D03 8.4uL/1.1uL OK, Ch:E03 8.2uL/1.1uL OK, Ch:F03 8.1uL/1.0uL OK, Ch:G03 8.3uL/1.0uL OK, Ch:H03 8.1uL/1.0uL OK, Ch:A04 8.5uL/1.0uL OK, Ch:B04 8.2uL/1.0uL OK, Ch:C04 8.1uL/1.0uL OK, Ch:D04 8.2uL/1.0uL OK, Ch:E04 8.3uL/1.0uL OK, Ch:F04 8.1uL/1.0uL OK, Ch:G04 8.2uL/0.9uL OK, Ch:H04 8.3uL/1.1uL OK, Ch:A05 8.2uL/1.0uL OK, Ch:B05 8.5uL/1.1uL OK, Ch:C05 8.5uL/1.0uL OK, Ch:D05 8.2uL/0.9uL OK, Ch:E05 8.3uL/0.9uL OK, Ch:F05 8.2uL/1.0uL OK, Ch:G05 8.3uL/1.0uL OK, Ch:H05 8.3uL/1.0uL OK, Ch:A06 8.4uL/1.0uL OK, Ch:B06 8.3uL/1.0uL OK, Ch:C06 8.3uL/1.1uL OK, Ch:D06 8.1uL/1.0uL OK, Ch:E06 8.1uL/1.1uL OK, Ch:F06 8.3uL/1.0uL OK, Ch:G06 8.2uL/1.0uL OK, Ch:H06 8.5uL/1.0uL OK, Ch:A07 8.2uL/1.0uL OK, Ch:B07 8.1uL/0.9uL OK, Ch:C07 8.3uL/0.9uL OK, Ch:D07 8.1uL/0.9uL OK, Ch:E07 8.2uL/1.0uL OK, Ch:F07 8.2uL/1.1uL OK, Ch:G07 8.2uL/1.0uL OK, Ch:H07 8.2uL/1.0uL OK, Ch:A08 8.6uL/1.0uL OK, Ch:B08 8.3uL/1.0uL OK, Ch:C08 8.5uL/1.0uL OK, Ch:D08 8.0uL/1.0uL OK, Ch:E08 8.5uL/1.0uL OK, Ch:F08 8.3uL/1.0uL OK, Ch:G08 8.1uL/1.0uL OK, Ch:H08 8.2uL/1.0uL OK, Ch:A09 8.2uL/1.0uL OK, Ch:B09 8.3uL/1.0uL OK, Ch:C09 8.3uL/1.0uL OK, Ch:D09 8.2uL/1.0uL OK, Ch:E09 8.3uL/1.0uL OK, Ch:F09 8.2uL/1.0uL OK, Ch:G09 8.3uL/1.0uL OK, Ch:H09 8.5uL/1.0uL OK, Ch:A10 8.4uL/0.9uL OK, Ch:B10 8.1uL/1.2uL OK, Ch:C10 8.3uL/1.0uL OK, Ch:D10 8.2uL/1.1uL OK, Ch:E10 8.0uL/1.0uL OK, Ch:F10 8.3uL/1.0uL OK, Ch:G10 8.1uL/1.1uL OK, Ch:H10 8.4uL/1.0uL OK, Ch:A11 8.2uL/0.9uL OK, Ch:B11 8.4uL/1.0uL OK, Ch:C11 8.3uL/1.0uL OK, Ch:D11 8.3uL/1.0uL OK, Ch:E11 8.3uL/1.0uL OK, Ch:F11 8.0uL/1.0uL OK, Ch:G11 8.2uL/1.1uL OK, Ch:H11 8.0uL/1.1uL OK, Ch:A12 8.4uL/1.0uL OK, Ch:B12 8.2uL/1.0uL OK, Ch:C12 8.3uL/1.0uL OK, Ch:D12 8.5uL/1.0uL OK, Ch:E12 8.2uL/1.0uL OK, Ch:F12 8.5uL/1.0uL OK, Ch:G12 8.3uL/0.9uL OK, Ch:H12 8.5uL/1.0uL OK
11/06/2018 18:29:21.0 [Lynx.Dispense(VVP96).VVP96] Set dispense pressure for blowout.
11/06/2018 18:29:21.1 [VVP96] Set VVP: command 'Clogging Limit' with setting of 0 for 96 channels.
11/06/2018 18:29:21.4 [VVP96] Set VVP: command 'Air-to-Liquid Sens.' with setting of 0 for 96 channels.
11/06/2018 18:29:21.6 [VVP96] Set VVP: command 'Liquid-to-Air Sens.' with setting of 0 for 96 channels.
11/06/2018 18:29:22.7 [VVP96] VVP Dispense pressure is 104 mbar.
11/06/2018 18:29:23.1 [VVP96] Dispense complete.
11/06/2018 18:29:24.5 [VVP96] Average residual volume was 3.09 ul for 96 channels at 100 mbar pressure
11/06/2018 18:29:24.7 [Lynx.Dispense(VVP96).VVP96] Blowout results: Ch:A01 8.2uL/1.0uL OK, Ch:B01 8.2uL/1.0uL OK, Ch:C01 8.2uL/1.0uL OK, Ch:D01 8.2uL/1.0uL OK, Ch:E01 8.2uL/1.0uL OK, Ch:F01 8.2uL/1.0uL OK, Ch:G01 8.4uL/1.0uL OK, Ch:H01 8.4uL/1.0uL OK, Ch:A02 8.2uL/1.0uL OK, Ch:B02 8.2uL/1.1uL OK, Ch:C02 8.3uL/1.0uL OK, Ch:D02 8.4uL/1.1uL OK, Ch:E02 8.3uL/1.0uL OK, Ch:F02 8.1uL/1.0uL OK, Ch:G02 8.5uL/1.0uL OK, Ch:H02 8.1uL/1.0uL OK, Ch:A03 8.3uL/1.1uL OK, Ch:B03 8.2uL/1.1uL OK, Ch:C03 8.2uL/0.9uL OK, Ch:D03 8.4uL/1.1uL OK, Ch:E03 8.2uL/1.1uL OK, Ch:F03 8.1uL/1.0uL OK, Ch:G03 8.3uL/1.0uL OK, Ch:H03 8.1uL/1.0uL OK, Ch:A04 8.5uL/1.0uL OK, Ch:B04 8.2uL/1.0uL OK, Ch:C04 8.1uL/1.0uL OK, Ch:D04 8.2uL/1.0uL OK, Ch:E04 8.3uL/1.0uL OK, Ch:F04 8.1uL/1.0uL OK, Ch:G04 8.2uL/0.9uL OK, Ch:H04 8.3uL/1.1uL OK, Ch:A05 8.2uL/1.0uL OK, Ch:B05 8.5uL/1.1uL OK, Ch:C05 8.5uL/1.0uL OK, Ch:D05 8.2uL/0.9uL OK, Ch:E05 8.3uL/0.9uL OK, Ch:F05 8.2uL/1.0uL OK, Ch:G05 8.3uL/1.0uL OK, Ch:H05 8.3uL/1.0uL OK, Ch:A06 8.4uL/1.0uL OK, Ch:B06 8.3uL/1.0uL OK, Ch:C06 8.3uL/1.1uL OK, Ch:D06 8.1uL/1.0uL OK, Ch:E06 8.1uL/1.1uL OK, Ch:F06 8.3uL/1.0uL OK, Ch:G06 8.2uL/1.0uL OK, Ch:H06 8.5uL/1.0uL OK, Ch:A07 8.2uL/1.0uL OK, Ch:B07 8.1uL/0.9uL OK, Ch:C07 8.3uL/0.9uL OK, Ch:D07 8.1uL/0.9uL OK, Ch:E07 8.2uL/1.0uL OK, Ch:F07 8.2uL/1.1uL OK, Ch:G07 8.2uL/1.0uL OK, Ch:H07 8.2uL/1.0uL OK, Ch:A08 8.6uL/1.0uL OK, Ch:B08 8.3uL/1.0uL OK, Ch:C08 8.5uL/1.0uL OK, Ch:D08 8.0uL/1.0uL OK, Ch:E08 8.5uL/1.0uL OK, Ch:F08 8.3uL/1.0uL OK, Ch:G08 8.1uL/1.0uL OK, Ch:H08 8.2uL/1.0uL OK, Ch:A09 8.2uL/1.0uL OK, Ch:B09 8.3uL/1.0uL OK, Ch:C09 8.3uL/1.0uL OK, Ch:D09 8.2uL/1.0uL OK, Ch:E09 8.3uL/1.0uL OK, Ch:F09 8.2uL/1.0uL OK, Ch:G09 8.3uL/1.0uL OK, Ch:H09 8.5uL/1.0uL OK, Ch:A10 8.4uL/0.9uL OK, Ch:B10 8.1uL/1.2uL OK, Ch:C10 8.3uL/1.0uL OK, Ch:D10 8.2uL/1.1uL OK, Ch:E10 8.0uL/1.0uL OK, Ch:F10 8.3uL/1.0uL OK, Ch:G10 8.1uL/1.1uL OK, Ch:H10 8.4uL/1.0uL OK, Ch:A11 8.2uL/0.9uL OK, Ch:B11 8.4uL/1.0uL OK, Ch:C11 8.3uL/1.0uL OK, Ch:D11 8.3uL/1.0uL OK, Ch:E11 8.3uL/1.0uL OK, Ch:F11 8.0uL/1.0uL OK, Ch:G11 8.2uL/1.1uL OK, Ch:H11 8.0uL/1.1uL OK, Ch:A12 8.4uL/1.0uL OK, Ch:B12 8.2uL/1.0uL OK, Ch:C12 8.3uL/1.0uL OK, Ch:D12 8.5uL/1.0uL OK, Ch:E12 8.2uL/1.0uL OK, Ch:F12 8.5uL/1.0uL OK, Ch:G12 8.3uL/0.9uL OK, Ch:H12 8.5uL/1.0uL OK
11/06/2018 18:29:28.0 [Lynx.Dispense(VVP96).VVP96] Final axis positions:'XL' -309.77 mm, 'YL' -212.05 mm, 'ZL' -2.02 mm
11/06/2018 18:29:28.0 [Lynx.Dispense(VVP96).VVP96] Time to complete: 12 s.
11/06/2018 18:29:28.1 Process 'ChipLoad.met'[5] 'Dispense(VVP96)' CommandCompleted
11/06/2018 18:29:28.1 Process 'ChipLoad.met'[6] 'Eject Tips(VVP96)' CommandStarted
11/06/2018 18:29:28.1 [Lynx.Eject Tips(VVP96).VVP96] Plate 'LXB-96-300F_01', column/row offset (0, 0), X/Y offset (0.00 mm,0.00 mm), height: 10.00 mm.
11/06/2018 18:29:28.1 [Lynx.Eject Tips(VVP96).VVP96] Current tip 'LXB-96-300F'.
11/06/2018 18:29:28.1 [Lynx.Eject Tips(VVP96).VVP96] Plate is at location 'Loc_07' (-146.02 mm, -14.59 mm, -172.99 mm) with a stack index of 1.
11/06/2018 18:29:28.1 [Lynx.Eject Tips(VVP96).VVP96] Initial robot X/Y/ZStart/ZEnd coordinates: -160.40 mm, -3.35 mm, -2.00 mm, -101.49 mm, using motion profile 'Tip Eject'.
11/06/2018 18:29:28.2 [Lynx.Eject Tips(VVP96).VVP96] Initial axis positions:'XL' -309.77 mm, 'YL' -212.05 mm, 'ZL' -2.02 mm
11/06/2018 18:29:33.3 [VVP96] Tip ejection performed 2 times.
11/06/2018 18:29:34.7 [Lynx.Eject Tips(VVP96).VVP96] No current tip.
11/06/2018 18:29:34.7 [Lynx.Eject Tips(VVP96).VVP96] Time to complete: 6 s.
11/06/2018 18:29:34.8 Process 'ChipLoad.met'[6] 'Eject Tips(VVP96)' CommandCompleted
11/06/2018 18:29:34.8 Process 'ChipLoad.met'[7] 'Move To Location(VVP96)' CommandStarted
11/06/2018 18:29:34.8 [Lynx.Move To Location(VVP96).VVP96] Location 'Loc_16' with X/Y offsets 0.00 mm / 0.00 mm.
11/06/2018 18:29:34.8 [Lynx.Move To Location(VVP96).VVP96] Location coords: -294.49 mm, -327.72 mm, -174.94 mm.
11/06/2018 18:29:34.8 [Lynx.Move To Location(VVP96).VVP96] Tool X/Y location offsets: 14.38 mm, 11.24 mm.
11/06/2018 18:29:34.8 [Lynx.Move To Location(VVP96).VVP96] Initial robot X/Y/ZStart/ZEnd coordinates: -308.87 mm, -316.48 mm, -2.00 mm, -2.00 mm, using motion profile 'Fast Speed'.
11/06/2018 18:29:34.8 [Lynx.Move To Location(VVP96).VVP96] Initial axis positions:'XL' -160.41 mm, 'YL' -3.39 mm, 'ZL' -2.02 mm
11/06/2018 18:29:36.4 [Lynx.Move To Location(VVP96).VVP96] Final axis positions:'XL' -308.80 mm, 'YL' -316.45 mm, 'ZL' -2.02 mm
11/06/2018 18:29:36.4 [Lynx.Move To Location(VVP96).VVP96] Time to complete: 1 s.
11/06/2018 18:29:36.5 Process 'ChipLoad.met'[7] 'Move To Location(VVP96)' CommandCompleted
11/06/2018 18:29:36.5 Process 'ChipLoad.met' MethodCompleted
1 of 1 method(s) completed successfully.
  Concurrent method 'Main' (Main) started at 11/06/2018 18:28:39.6 and finished at 11/06/2018 18:29:36.5

11/06/2018 18:29:43.1 [XL] Closing component connections for Warp 'XL'.
11/06/2018 18:29:43.2 [YL] Closing component connections for Warp 'YL'.
11/06/2018 18:29:43.2 [ZL] Closing component connections for Warp 'ZL'.
11/06/2018 18:29:43.2 [BarCodeZAxis] Closing component connections for Warp 'BarCodeZAxis'.
11/06/2018 18:29:43.8 [Lynx] 
