Workspace 'LM703' modules...
  MethodManagerV4   1.4.6666.27655
  MMCoreDevice   1.4.6666.27650
  MMLiquidHandler   1.4.6666.26302
  Warp3   2.0.6591.13866
  MMVVP   1.4.6666.26303
  MMIOLightTower   1.4.6666.26303
  MMHeadGripper   1.3.6591.14013
The pipette tool 'VVP96' has mandrel type 'MLV' and can load the following tip types:
   Tip type 'LXB-96-150F', loading depth 9.4 mm, Id: baf0d489-a29c-4899-844e-44fbdc6c2c49.
   Tip type 'LXB-96-200NF', loading depth 9.4 mm, Id: 095daefc-e866-4d91-906f-cc7e17eaf3f6.
   Tip type 'LXB-96-300F', loading depth 10.4 mm, Id: d2f37554-e0d6-41ea-8f3d-101c68af7e40.
   Tip type 'LXB-96-300NF', loading depth 10.4 mm, Id: 423ec1e5-0ccf-4946-a441-905f3c9e1fd9.
   Tip type 'LXB-96-950F', loading depth 28.6 mm, Id: 497625a6-73fc-4433-95df-636ceecdc818.
   Tip type 'LXB-96-950F-WB', loading depth 28.6 mm, Id: ca3988bc-a34d-4ad7-ba77-93a37e8cba6d.
   Tip type 'LXB-96-1250NF', loading depth 28.6 mm, Id: 13ba07a3-d5cb-4a96-9ab8-1d418fc383d6.
09/12/2018 14:07:14.7 The command server is monitoring the workspace 'LM703' and is available on 172.18.3.53/1000
09/12/2018 14:50:47.7 [ZL] Instruction Error Status: None
09/12/2018 14:50:47.7 [ZL] Warp3 core version: 99103v1.0 (will support I/O).
09/12/2018 14:50:47.7 [ZL] Configured as an enhanced Warp3 with I/O.
09/12/2018 14:50:47.7 [ZL]   Inputs: False False False False False 
09/12/2018 14:50:47.7 [ZL] Current IP communications rate is 10 mb.
09/12/2018 14:50:47.7 [ZL] IP communications speed is currently set to 10 Mbps.
09/12/2018 14:50:47.9 [ZL] Phase correction: disabled, prescale: 0, phase counts: 2000
09/12/2018 14:50:47.9 [ZL] SetCurrentFoldbackAmps(8, 20) will set 17440 , 216
09/12/2018 14:50:47.9 [ZL] Configuration parameters loaded from 'C:\MethodManager4\Workspaces\LM703\Configuration\Z Axis.xml'. HomeVelocity 20 mm/s, CountsPerMM 2571 cts/mm.
09/12/2018 14:50:48.1 [ZL] Start Hall-based phase initialization.
09/12/2018 14:50:48.1 [ZL] Phases initialized.
09/12/2018 14:50:48.1 [BarCodeZAxis] Instruction Error Status: None
09/12/2018 14:50:48.1 [BarCodeZAxis] Warp3 core version: 99103v1.0 (will support I/O).
09/12/2018 14:50:48.1 [BarCodeZAxis] Configured as an enhanced Warp3 with I/O.
09/12/2018 14:50:48.2 [BarCodeZAxis]   Inputs: False True False False False 
09/12/2018 14:50:48.2 [BarCodeZAxis] Current IP communications rate is 10 mb.
09/12/2018 14:50:48.2 [BarCodeZAxis] IP communications speed is currently set to 10 Mbps.
09/12/2018 14:50:48.3 [BarCodeZAxis] Phase correction: disabled, prescale: 0, phase counts: 2000
09/12/2018 14:50:48.3 [BarCodeZAxis] SetCurrentFoldbackAmps(2, 5) will set 4360 , 54
09/12/2018 14:50:48.3 [BarCodeZAxis] Configuration parameters loaded from 'C:\MethodManager4\Workspaces\LM703\Configuration\BarCode Z.xml'. HomeVelocity 20 mm/s, CountsPerMM 5538 cts/mm.
09/12/2018 14:50:48.5 [BarCodeZAxis] Start Hall-based phase initialization.
09/12/2018 14:50:48.5 [BarCodeZAxis] Phases initialized.
09/12/2018 14:50:48.5 [YL] Instruction Error Status: None
09/12/2018 14:50:48.5 [YL] Warp3 core version: 99103v1.0 (will support I/O).
09/12/2018 14:50:48.5 [YL] Configured as an enhanced Warp3 with I/O.
09/12/2018 14:50:48.6 [YL]   Inputs: False False False False False 
09/12/2018 14:50:48.6 [YL] Current IP communications rate is 10 mb.
09/12/2018 14:50:48.6 [YL] IP communications speed is currently set to 10 Mbps.
09/12/2018 14:50:48.7 [YL] Phase correction: disabled, prescale: 1, phase counts: 1905
09/12/2018 14:50:48.7 [YL] SetCurrentFoldbackAmps(6, 100) will set 13080 , 1083
09/12/2018 14:50:48.7 [YL] Configuration parameters loaded from 'C:\MethodManager4\Workspaces\LM703\Configuration\Y Axis.xml'. HomeVelocity 20 mm/s, CountsPerMM 2000 cts/mm.
09/12/2018 14:50:48.9 [YL] Start Hall-based phase initialization.
09/12/2018 14:50:48.9 [YL] Phases initialized.
09/12/2018 14:50:48.9 [XL] Instruction Error Status: None
09/12/2018 14:50:48.9 [XL] Warp3 core version: 99103v1.0 (will support I/O).
09/12/2018 14:50:49.0 [XL] Configured as an enhanced Warp3 with I/O.
09/12/2018 14:50:49.0 [XL]   Inputs: False False False False False 
09/12/2018 14:50:49.0 [XL] Current IP communications rate is 10 mb.
09/12/2018 14:50:49.0 [XL] IP communications speed is currently set to 10 Mbps.
09/12/2018 14:50:49.1 [XL] Phase correction: disabled, prescale: 1, phase counts: 1905
09/12/2018 14:50:49.1 [XL] SetCurrentFoldbackAmps(6, 100) will set 13080 , 1083
09/12/2018 14:50:49.1 [XL] Configuration parameters loaded from 'C:\MethodManager4\Workspaces\LM703\Configuration\X Axis.xml'. HomeVelocity 20 mm/s, CountsPerMM 2000 cts/mm.
09/12/2018 14:50:49.3 [XL] Start Hall-based phase initialization.
09/12/2018 14:50:49.3 [XL] Phases initialized.
09/12/2018 14:50:51.6 [VVP96] Get VVP: command 'Aspirate Diagnostics' from 96 channels.
09/12/2018 14:50:51.8 [ZL] Move to Positive limit. Velocity 20 mm/s, accel 40 mm/s2, decel 200 mm/s2, timeout 60 s.
09/12/2018 14:50:52.5 [ZL] Reached limit successfully.
09/12/2018 14:50:52.5 [ZL] Attempting to back off Positive limit.
09/12/2018 14:50:53.1 [ZL] Move off limit completion: Successful (OKReady).
09/12/2018 14:50:53.2 [ZL] Move to limit finished.
09/12/2018 14:50:53.2 [ZL] Establishing new 0 position for the old position 0.00 mm.
09/12/2018 14:50:53.2 [ZL] Timestamp of last successful home: 9/12/2018 2:50:53 PM
09/12/2018 14:50:53.4 [BarCodeZAxis] Move to Negative limit. Velocity 20 mm/s, accel 200 mm/s2, decel 350 mm/s2, timeout 60 s.
09/12/2018 14:50:53.9 [BarCodeZAxis] Reached limit successfully.
09/12/2018 14:50:53.9 [BarCodeZAxis] Attempting to back off Negative limit.
09/12/2018 14:50:54.3 [BarCodeZAxis] Move off limit completion: Successful (OKReady).
09/12/2018 14:50:54.3 [BarCodeZAxis] Move to limit finished.
09/12/2018 14:50:54.4 [BarCodeZAxis] Establishing new 0 position for the old position 0.00 mm.
09/12/2018 14:50:54.4 [BarCodeZAxis] Timestamp of last successful home: 9/12/2018 2:50:54 PM
09/12/2018 14:50:58.5 [YL] Move to Positive limit. Velocity 20 mm/s, accel 200 mm/s2, decel 1000 mm/s2, timeout 60 s.
09/12/2018 14:51:04.5 [YL] Reached limit successfully.
09/12/2018 14:51:04.5 [YL] Attempting to back off Positive limit.
09/12/2018 14:51:05.0 [YL] Move off limit completion: Successful (OKReady).
09/12/2018 14:51:05.0 [YL] Move to limit finished.
09/12/2018 14:51:05.1 [YL] Establishing new 0 position for the old position -0.03 mm.
09/12/2018 14:51:05.1 [YL] Timestamp of last successful home: 9/12/2018 2:51:05 PM
09/12/2018 14:51:05.3 [XL] Move to Positive limit. Velocity 20 mm/s, accel 200 mm/s2, decel 1000 mm/s2, timeout 60 s.
09/12/2018 14:51:13.7 [XL] Reached limit successfully.
09/12/2018 14:51:13.7 [XL] Attempting to back off Positive limit.
09/12/2018 14:51:14.2 [XL] Move off limit completion: Successful (OKReady).
09/12/2018 14:51:14.2 [XL] Move to limit finished.
09/12/2018 14:51:14.3 [XL] Establishing new 0 position for the old position -0.13 mm.
09/12/2018 14:51:14.3 [XL] Timestamp of last successful home: 9/12/2018 2:51:14 PM
[User] Step.
09/12/2018 14:54:26.9 Process 'Norm.met' MethodStarted
09/12/2018 14:54:26.9 Process 'Norm.met'[4] 'Load Tips(VVP96)' CommandStarted
09/12/2018 14:54:26.9 [Lynx.Load Tips(VVP96).VVP96] Plate 'LXB-96-950F_01', column/row offset (0, 0), X/Y offset (0.00 mm,0.00 mm), height: 0.00 mm.
09/12/2018 14:54:26.9 [Lynx.Load Tips(VVP96).VVP96] No current tip.
09/12/2018 14:54:26.9 [Lynx.Load Tips(VVP96).VVP96] Tip loading depth for tip type 'LXB-96-950F' is 28.6 mm.
09/12/2018 14:54:26.9 [Lynx.Load Tips(VVP96).VVP96] Plate is at location 'Loc_13' (-294.63 mm, -14.80 mm, -174.61 mm) with a stack index of 1.
09/12/2018 14:54:27.0 [Lynx.Load Tips(VVP96).VVP96] Tip loading height adjustment is 0.0 mm and Z axis force limit is 30% of full power.
09/12/2018 14:54:27.0 [Lynx.Load Tips(VVP96).VVP96] Tip loading Z error limit will be 10.0 mm, XY error window will be 50.0 mm, and the XY axis holding force fraction will be 20%
09/12/2018 14:54:27.0 [Lynx.Load Tips(VVP96).VVP96] Initial robot X/Y/ZStart/ZEnd coordinates: -309.01 mm, -3.56 mm, -2.00 mm, -100.71 mm, using motion profile 'Tip Load'.
09/12/2018 14:54:27.0 [Lynx.Load Tips(VVP96).VVP96] Initial axis positions:'XL' -0.03 mm, 'YL' -0.05 mm, 'ZL' 0.00 mm
09/12/2018 14:54:30.0 [XL] Relative motor limit setting 20.0%, changing limit from 100.0% to 20.0%
09/12/2018 14:54:30.0 [YL] Relative motor limit setting 20.0%, changing limit from 70.0% to 14.0%
09/12/2018 14:54:34.6 [Lynx.Load Tips(VVP96).VVP96] Maximum recorded tip load values: Position error 0.2 mm, motor current 15.1 %
09/12/2018 14:54:34.6 [Lynx.Load Tips(VVP96).VVP96] Tip load Z-axis motion complete.
09/12/2018 14:54:34.6 [Lynx.Load Tips(VVP96).VVP96] Tip load position errors for X/Y/Z: 0.02 mm, 0.49 mm, -0.18 mm
09/12/2018 14:54:34.9 [ZL] Absolute motor limit setting 24.0%, changing limit from 30.0% to 24.0%
09/12/2018 14:54:35.0 [ZL] Absolute motor limit setting 18.0%, changing limit from 24.0% to 18.0%
09/12/2018 14:54:35.1 [ZL] Absolute motor limit setting 12.0%, changing limit from 18.0% to 12.0%
09/12/2018 14:54:35.2 [ZL] Absolute motor limit setting 6.0%, changing limit from 12.0% to 6.0%
09/12/2018 14:54:35.3 [ZL] Relative motor limit setting 100.0%, changing limit from 6.0% to 30.0%
09/12/2018 14:54:36.9 [XL] Relative motor limit setting 100.0%, changing limit from 20.0% to 100.0%
09/12/2018 14:54:36.9 [YL] Relative motor limit setting 100.0%, changing limit from 14.0% to 70.0%
09/12/2018 14:54:36.9 [Lynx.Load Tips(VVP96).VVP96] Final axis positions:'XL' -308.96 mm, 'YL' -3.59 mm, 'ZL' -2.02 mm
09/12/2018 14:54:36.9 [Lynx.Load Tips(VVP96).VVP96] Current tip 'LXB-96-950F'.
09/12/2018 14:54:36.9 [Lynx.Load Tips(VVP96).VVP96] Time to complete: 9 s.
09/12/2018 14:54:36.9 Process 'Norm.met'[4] 'Load Tips(VVP96)' CommandCompleted
09/12/2018 14:54:36.9 Process 'Norm.met' MethodCompleted
1 of 1 method(s) completed successfully.
  Concurrent method 'Main' (Main) started at 09/12/2018 14:54:26.9 and finished at 09/12/2018 14:54:36.9

[User] Step.
09/12/2018 14:55:26.8 Process 'Norm.met' MethodStarted
09/12/2018 14:55:26.8 Process 'Norm.met'[5] 'Liquid Level Detect(VVP96)' CommandStarted
09/12/2018 14:55:26.8 [Lynx.Liquid Level Detect(VVP96).VVP96] Plate 'Nunc 1ml_01', column/row offset (0, 0), X/Y offset (0.00 mm,0.00 mm), height: 28.00 mm.
09/12/2018 14:55:26.8 [Lynx.Liquid Level Detect(VVP96).VVP96] Current tip 'LXB-96-950F'.
09/12/2018 14:55:26.8 [Lynx.Liquid Level Detect(VVP96).VVP96] Detect liquid level in well starting at 28.0 mm down to 1.0 mm.
09/12/2018 14:55:26.8 [Lynx.Liquid Level Detect(VVP96).VVP96] Plate is at location 'Loc_15' (-295.09 mm, -223.75 mm, -174.72 mm) with a stack index of 1.
09/12/2018 14:55:26.8 [Lynx.Liquid Level Detect(VVP96).VVP96] 96 Enabled channels: A01, B01, C01, D01, E01, F01, G01, H01, A02, B02, C02, D02, E02, F02, G02, H02, A03, B03, C03, D03, E03, F03, G03, H03, A04, B04, C04, D04, E04, F04, G04, H04, A05, B05, C05, D05, E05, F05, G05, H05, A06, B06, C06, D06, E06, F06, G06, H06, A07, B07, C07, D07, E07, F07, G07, H07, A08, B08, C08, D08, E08, F08, G08, H08, A09, B09, C09, D09, E09, F09, G09, H09, A10, B10, C10, D10, E10, F10, G10, H10, A11, B11, C11, D11, E11, F11, G11, H11, A12, B12, C12, D12, E12, F12, G12, H12
09/12/2018 14:55:26.8 [Lynx.Liquid Level Detect(VVP96).VVP96] LLD drying pressure settings from 'Mid-Range Volumes' are 45 mbar and 10 s. Sensitivity is 15.
09/12/2018 14:55:26.8 [Lynx.Liquid Level Detect(VVP96).VVP96] Initial robot X/Y/ZStart/ZEnd coordinates: -309.47 mm, -212.51 mm, -73.42 mm, -100.42 mm, using motion profile 'Mid Speed'.
09/12/2018 14:55:26.8 [Lynx.Liquid Level Detect(VVP96).VVP96] Initial axis positions:'XL' -308.97 mm, 'YL' -3.59 mm, 'ZL' -2.02 mm
09/12/2018 14:55:29.7 [VVP96] Start LLD tip drying option at 45 mbar for 10 sec.
09/12/2018 14:55:41.2 [VVP96] Set VVP: command 'LLD Limit' with setting of 150 for 96 channels.
09/12/2018 14:55:41.7 [VVP96] VVP LLD pressure is 13 mbar.
09/12/2018 14:55:42.2 [VVP96] Begin LLD downward motion.
09/12/2018 14:55:42.2 [VVP96] Begin LLD test.
09/12/2018 14:55:43.1 [VVP96] LLD finished on axis motion complete.
09/12/2018 14:55:43.1 [VVP96] LLD test complete, duration was 0.8.
09/12/2018 14:55:43.4 [VVP96] LLD channels that detected no liquid: 96
09/12/2018 14:55:43.4 [VVP96] LLD Results:ChannelName:A01, LLD:False, ZPosition:0.0, ChannelName:B01, LLD:False, ZPosition:0.0, ChannelName:C01, LLD:False, ZPosition:0.0, ChannelName:D01, LLD:False, ZPosition:0.0, ChannelName:E01, LLD:False, ZPosition:0.0, ChannelName:F01, LLD:False, ZPosition:0.0, ChannelName:G01, LLD:False, ZPosition:0.0, ChannelName:H01, LLD:False, ZPosition:0.0, ChannelName:A02, LLD:False, ZPosition:0.0, ChannelName:B02, LLD:False, ZPosition:0.0, ChannelName:C02, LLD:False, ZPosition:0.0, ChannelName:D02, LLD:False, ZPosition:0.0, ChannelName:E02, LLD:False, ZPosition:0.0, ChannelName:F02, LLD:False, ZPosition:0.0, ChannelName:G02, LLD:False, ZPosition:0.0, ChannelName:H02, LLD:False, ZPosition:0.0, ChannelName:A03, LLD:False, ZPosition:0.0, ChannelName:B03, LLD:False, ZPosition:0.0, ChannelName:C03, LLD:False, ZPosition:0.0, ChannelName:D03, LLD:False, ZPosition:0.0, ChannelName:E03, LLD:False, ZPosition:0.0, ChannelName:F03, LLD:False, ZPosition:0.0, ChannelName:G03, LLD:False, ZPosition:0.0, ChannelName:H03, LLD:False, ZPosition:0.0, ChannelName:A04, LLD:False, ZPosition:0.0, ChannelName:B04, LLD:False, ZPosition:0.0, ChannelName:C04, LLD:False, ZPosition:0.0, ChannelName:D04, LLD:False, ZPosition:0.0, ChannelName:E04, LLD:False, ZPosition:0.0, ChannelName:F04, LLD:False, ZPosition:0.0, ChannelName:G04, LLD:False, ZPosition:0.0, ChannelName:H04, LLD:False, ZPosition:0.0, ChannelName:A05, LLD:False, ZPosition:0.0, ChannelName:B05, LLD:False, ZPosition:0.0, ChannelName:C05, LLD:False, ZPosition:0.0, ChannelName:D05, LLD:False, ZPosition:0.0, ChannelName:E05, LLD:False, ZPosition:0.0, ChannelName:F05, LLD:False, ZPosition:0.0, ChannelName:G05, LLD:False, ZPosition:0.0, ChannelName:H05, LLD:False, ZPosition:0.0, ChannelName:A06, LLD:False, ZPosition:0.0, ChannelName:B06, LLD:False, ZPosition:0.0, ChannelName:C06, LLD:False, ZPosition:0.0, ChannelName:D06, LLD:False, ZPosition:0.0, ChannelName:E06, LLD:False, ZPosition:0.0, ChannelName:F06, LLD:False, ZPosition:0.0, ChannelName:G06, LLD:False, ZPosition:0.0, ChannelName:H06, LLD:False, ZPosition:0.0, ChannelName:A07, LLD:False, ZPosition:0.0, ChannelName:B07, LLD:False, ZPosition:0.0, ChannelName:C07, LLD:False, ZPosition:0.0, ChannelName:D07, LLD:False, ZPosition:0.0, ChannelName:E07, LLD:False, ZPosition:0.0, ChannelName:F07, LLD:False, ZPosition:0.0, ChannelName:G07, LLD:False, ZPosition:0.0, ChannelName:H07, LLD:False, ZPosition:0.0, ChannelName:A08, LLD:False, ZPosition:0.0, ChannelName:B08, LLD:False, ZPosition:0.0, ChannelName:C08, LLD:False, ZPosition:0.0, ChannelName:D08, LLD:False, ZPosition:0.0, ChannelName:E08, LLD:False, ZPosition:0.0, ChannelName:F08, LLD:False, ZPosition:0.0, ChannelName:G08, LLD:False, ZPosition:0.0, ChannelName:H08, LLD:False, ZPosition:0.0, ChannelName:A09, LLD:False, ZPosition:0.0, ChannelName:B09, LLD:False, ZPosition:0.0, ChannelName:C09, LLD:False, ZPosition:0.0, ChannelName:D09, LLD:False, ZPosition:0.0, ChannelName:E09, LLD:False, ZPosition:0.0, ChannelName:F09, LLD:False, ZPosition:0.0, ChannelName:G09, LLD:False, ZPosition:0.0, ChannelName:H09, LLD:False, ZPosition:0.0, ChannelName:A10, LLD:False, ZPosition:0.0, ChannelName:B10, LLD:False, ZPosition:0.0, ChannelName:C10, LLD:False, ZPosition:0.0, ChannelName:D10, LLD:False, ZPosition:0.0, ChannelName:E10, LLD:False, ZPosition:0.0, ChannelName:F10, LLD:False, ZPosition:0.0, ChannelName:G10, LLD:False, ZPosition:0.0, ChannelName:H10, LLD:False, ZPosition:0.0, ChannelName:A11, LLD:False, ZPosition:0.0, ChannelName:B11, LLD:False, ZPosition:0.0, ChannelName:C11, LLD:False, ZPosition:0.0, ChannelName:D11, LLD:False, ZPosition:0.0, ChannelName:E11, LLD:False, ZPosition:0.0, ChannelName:F11, LLD:False, ZPosition:0.0, ChannelName:G11, LLD:False, ZPosition:0.0, ChannelName:H11, LLD:False, ZPosition:0.0, ChannelName:A12, LLD:False, ZPosition:0.0, ChannelName:B12, LLD:False, ZPosition:0.0, ChannelName:C12, LLD:False, ZPosition:0.0, ChannelName:D12, LLD:False, ZPosition:0.0, ChannelName:E12, LLD:False, ZPosition:0.0, ChannelName:F12, LLD:False, ZPosition:0.0, ChannelName:G12, LLD:False, ZPosition:0.0, ChannelName:H12, LLD:False, ZPosition:0.0
09/12/2018 14:55:45.4 [Lynx.Liquid Level Detect(VVP96).VVP96] Final axis positions:'XL' -309.42 mm, 'YL' -212.50 mm, 'ZL' -2.02 mm
09/12/2018 14:55:45.5 [Lynx.Liquid Level Detect(VVP96).VVP96] Time to complete: 18 s.
09/12/2018 14:55:45.5 Process 'Norm.met'[5] 'Liquid Level Detect(VVP96)' CommandCompleted
09/12/2018 14:55:45.5 Process 'Norm.met' MethodCompleted
1 of 1 method(s) completed successfully.
  Concurrent method 'Main' (Main) started at 09/12/2018 14:55:26.7 and finished at 09/12/2018 14:55:45.5

[User] Step.
09/12/2018 14:56:40.3 Process 'Norm.met' MethodStarted
09/12/2018 14:56:40.3 Process 'Norm.met'[5] 'Liquid Level Detect(VVP96)' CommandStarted
09/12/2018 14:56:40.3 [Lynx.Liquid Level Detect(VVP96).VVP96] Plate 'Nunc 1ml_01', column/row offset (0, 0), X/Y offset (0.00 mm,0.00 mm), height: 28.00 mm.
09/12/2018 14:56:40.3 [Lynx.Liquid Level Detect(VVP96).VVP96] Current tip 'LXB-96-950F'.
09/12/2018 14:56:40.3 [Lynx.Liquid Level Detect(VVP96).VVP96] Detect liquid level in well starting at 28.0 mm down to 1.0 mm.
09/12/2018 14:56:40.3 [Lynx.Liquid Level Detect(VVP96).VVP96] Plate is at location 'Loc_15' (-295.09 mm, -223.75 mm, -174.72 mm) with a stack index of 1.
09/12/2018 14:56:40.3 [Lynx.Liquid Level Detect(VVP96).VVP96] 96 Enabled channels: A01, B01, C01, D01, E01, F01, G01, H01, A02, B02, C02, D02, E02, F02, G02, H02, A03, B03, C03, D03, E03, F03, G03, H03, A04, B04, C04, D04, E04, F04, G04, H04, A05, B05, C05, D05, E05, F05, G05, H05, A06, B06, C06, D06, E06, F06, G06, H06, A07, B07, C07, D07, E07, F07, G07, H07, A08, B08, C08, D08, E08, F08, G08, H08, A09, B09, C09, D09, E09, F09, G09, H09, A10, B10, C10, D10, E10, F10, G10, H10, A11, B11, C11, D11, E11, F11, G11, H11, A12, B12, C12, D12, E12, F12, G12, H12
09/12/2018 14:56:40.3 [Lynx.Liquid Level Detect(VVP96).VVP96] LLD drying pressure settings from 'Mid-Range Volumes' are 45 mbar and 10 s. Sensitivity is 10.
09/12/2018 14:56:40.3 [Lynx.Liquid Level Detect(VVP96).VVP96] Initial robot X/Y/ZStart/ZEnd coordinates: -309.47 mm, -212.51 mm, -73.42 mm, -100.42 mm, using motion profile 'Mid Speed'.
09/12/2018 14:56:40.3 [Lynx.Liquid Level Detect(VVP96).VVP96] Initial axis positions:'XL' -309.42 mm, 'YL' -212.50 mm, 'ZL' -2.02 mm
09/12/2018 14:56:41.7 [VVP96] Start LLD tip drying option at 45 mbar for 10 sec.
09/12/2018 14:56:53.3 [VVP96] Set VVP: command 'LLD Limit' with setting of 100 for 96 channels.
09/12/2018 14:56:53.8 [VVP96] VVP LLD pressure is 14 mbar.
09/12/2018 14:56:54.3 [VVP96] Begin LLD downward motion.
09/12/2018 14:56:54.3 [VVP96] Begin LLD test.
09/12/2018 14:56:55.3 [VVP96] LLD finished on axis motion complete.
09/12/2018 14:56:55.3 [VVP96] LLD test complete, duration was 0.9.
09/12/2018 14:56:55.6 [VVP96] LLD channels that detected no liquid: 96
09/12/2018 14:56:55.6 [VVP96] LLD Results:ChannelName:A01, LLD:False, ZPosition:0.0, ChannelName:B01, LLD:False, ZPosition:0.0, ChannelName:C01, LLD:False, ZPosition:0.0, ChannelName:D01, LLD:False, ZPosition:0.0, ChannelName:E01, LLD:False, ZPosition:0.0, ChannelName:F01, LLD:False, ZPosition:0.0, ChannelName:G01, LLD:False, ZPosition:0.0, ChannelName:H01, LLD:False, ZPosition:0.0, ChannelName:A02, LLD:False, ZPosition:0.0, ChannelName:B02, LLD:False, ZPosition:0.0, ChannelName:C02, LLD:False, ZPosition:0.0, ChannelName:D02, LLD:False, ZPosition:0.0, ChannelName:E02, LLD:False, ZPosition:0.0, ChannelName:F02, LLD:False, ZPosition:0.0, ChannelName:G02, LLD:False, ZPosition:0.0, ChannelName:H02, LLD:False, ZPosition:0.0, ChannelName:A03, LLD:False, ZPosition:0.0, ChannelName:B03, LLD:False, ZPosition:0.0, ChannelName:C03, LLD:False, ZPosition:0.0, ChannelName:D03, LLD:False, ZPosition:0.0, ChannelName:E03, LLD:False, ZPosition:0.0, ChannelName:F03, LLD:False, ZPosition:0.0, ChannelName:G03, LLD:False, ZPosition:0.0, ChannelName:H03, LLD:False, ZPosition:0.0, ChannelName:A04, LLD:False, ZPosition:0.0, ChannelName:B04, LLD:False, ZPosition:0.0, ChannelName:C04, LLD:False, ZPosition:0.0, ChannelName:D04, LLD:False, ZPosition:0.0, ChannelName:E04, LLD:False, ZPosition:0.0, ChannelName:F04, LLD:False, ZPosition:0.0, ChannelName:G04, LLD:False, ZPosition:0.0, ChannelName:H04, LLD:False, ZPosition:0.0, ChannelName:A05, LLD:False, ZPosition:0.0, ChannelName:B05, LLD:False, ZPosition:0.0, ChannelName:C05, LLD:False, ZPosition:0.0, ChannelName:D05, LLD:False, ZPosition:0.0, ChannelName:E05, LLD:False, ZPosition:0.0, ChannelName:F05, LLD:False, ZPosition:0.0, ChannelName:G05, LLD:False, ZPosition:0.0, ChannelName:H05, LLD:False, ZPosition:0.0, ChannelName:A06, LLD:False, ZPosition:0.0, ChannelName:B06, LLD:False, ZPosition:0.0, ChannelName:C06, LLD:False, ZPosition:0.0, ChannelName:D06, LLD:False, ZPosition:0.0, ChannelName:E06, LLD:False, ZPosition:0.0, ChannelName:F06, LLD:False, ZPosition:0.0, ChannelName:G06, LLD:False, ZPosition:0.0, ChannelName:H06, LLD:False, ZPosition:0.0, ChannelName:A07, LLD:False, ZPosition:0.0, ChannelName:B07, LLD:False, ZPosition:0.0, ChannelName:C07, LLD:False, ZPosition:0.0, ChannelName:D07, LLD:False, ZPosition:0.0, ChannelName:E07, LLD:False, ZPosition:0.0, ChannelName:F07, LLD:False, ZPosition:0.0, ChannelName:G07, LLD:False, ZPosition:0.0, ChannelName:H07, LLD:False, ZPosition:0.0, ChannelName:A08, LLD:False, ZPosition:0.0, ChannelName:B08, LLD:False, ZPosition:0.0, ChannelName:C08, LLD:False, ZPosition:0.0, ChannelName:D08, LLD:False, ZPosition:0.0, ChannelName:E08, LLD:False, ZPosition:0.0, ChannelName:F08, LLD:False, ZPosition:0.0, ChannelName:G08, LLD:False, ZPosition:0.0, ChannelName:H08, LLD:False, ZPosition:0.0, ChannelName:A09, LLD:False, ZPosition:0.0, ChannelName:B09, LLD:False, ZPosition:0.0, ChannelName:C09, LLD:False, ZPosition:0.0, ChannelName:D09, LLD:False, ZPosition:0.0, ChannelName:E09, LLD:False, ZPosition:0.0, ChannelName:F09, LLD:False, ZPosition:0.0, ChannelName:G09, LLD:False, ZPosition:0.0, ChannelName:H09, LLD:False, ZPosition:0.0, ChannelName:A10, LLD:False, ZPosition:0.0, ChannelName:B10, LLD:False, ZPosition:0.0, ChannelName:C10, LLD:False, ZPosition:0.0, ChannelName:D10, LLD:False, ZPosition:0.0, ChannelName:E10, LLD:False, ZPosition:0.0, ChannelName:F10, LLD:False, ZPosition:0.0, ChannelName:G10, LLD:False, ZPosition:0.0, ChannelName:H10, LLD:False, ZPosition:0.0, ChannelName:A11, LLD:False, ZPosition:0.0, ChannelName:B11, LLD:False, ZPosition:0.0, ChannelName:C11, LLD:False, ZPosition:0.0, ChannelName:D11, LLD:False, ZPosition:0.0, ChannelName:E11, LLD:False, ZPosition:0.0, ChannelName:F11, LLD:False, ZPosition:0.0, ChannelName:G11, LLD:False, ZPosition:0.0, ChannelName:H11, LLD:False, ZPosition:0.0, ChannelName:A12, LLD:False, ZPosition:0.0, ChannelName:B12, LLD:False, ZPosition:0.0, ChannelName:C12, LLD:False, ZPosition:0.0, ChannelName:D12, LLD:False, ZPosition:0.0, ChannelName:E12, LLD:False, ZPosition:0.0, ChannelName:F12, LLD:False, ZPosition:0.0, ChannelName:G12, LLD:False, ZPosition:0.0, ChannelName:H12, LLD:False, ZPosition:0.0
09/12/2018 14:56:57.7 [Lynx.Liquid Level Detect(VVP96).VVP96] Final axis positions:'XL' -309.42 mm, 'YL' -212.50 mm, 'ZL' -2.02 mm
09/12/2018 14:56:57.7 [Lynx.Liquid Level Detect(VVP96).VVP96] Time to complete: 17 s.
09/12/2018 14:56:57.7 Process 'Norm.met'[5] 'Liquid Level Detect(VVP96)' CommandCompleted
09/12/2018 14:56:57.7 Process 'Norm.met' MethodCompleted
1 of 1 method(s) completed successfully.
  Concurrent method 'Main' (Main) started at 09/12/2018 14:56:40.2 and finished at 09/12/2018 14:56:57.7

[User] Step.
09/12/2018 14:57:26.6 Process 'Norm.met' MethodStarted
09/12/2018 14:57:26.6 Process 'Norm.met'[5] 'Liquid Level Detect(VVP96)' CommandStarted
09/12/2018 14:57:26.6 [Lynx.Liquid Level Detect(VVP96).VVP96] Plate 'Nunc 1ml_01', column/row offset (0, 0), X/Y offset (0.00 mm,0.00 mm), height: 28.00 mm.
09/12/2018 14:57:26.6 [Lynx.Liquid Level Detect(VVP96).VVP96] Current tip 'LXB-96-950F'.
09/12/2018 14:57:26.6 [Lynx.Liquid Level Detect(VVP96).VVP96] Detect liquid level in well starting at 28.0 mm down to 1.0 mm.
09/12/2018 14:57:26.6 [Lynx.Liquid Level Detect(VVP96).VVP96] Plate is at location 'Loc_15' (-295.09 mm, -223.75 mm, -174.72 mm) with a stack index of 1.
09/12/2018 14:57:26.6 [Lynx.Liquid Level Detect(VVP96).VVP96] 96 Enabled channels: A01, B01, C01, D01, E01, F01, G01, H01, A02, B02, C02, D02, E02, F02, G02, H02, A03, B03, C03, D03, E03, F03, G03, H03, A04, B04, C04, D04, E04, F04, G04, H04, A05, B05, C05, D05, E05, F05, G05, H05, A06, B06, C06, D06, E06, F06, G06, H06, A07, B07, C07, D07, E07, F07, G07, H07, A08, B08, C08, D08, E08, F08, G08, H08, A09, B09, C09, D09, E09, F09, G09, H09, A10, B10, C10, D10, E10, F10, G10, H10, A11, B11, C11, D11, E11, F11, G11, H11, A12, B12, C12, D12, E12, F12, G12, H12
09/12/2018 14:57:26.6 [Lynx.Liquid Level Detect(VVP96).VVP96] LLD drying pressure settings from 'Mid-Range Volumes' are 45 mbar and 10 s. Sensitivity is 10.
09/12/2018 14:57:26.6 [Lynx.Liquid Level Detect(VVP96).VVP96] Initial robot X/Y/ZStart/ZEnd coordinates: -309.47 mm, -212.51 mm, -73.42 mm, -100.42 mm, using motion profile 'Slow Speed'.
09/12/2018 14:57:26.6 [Lynx.Liquid Level Detect(VVP96).VVP96] Initial axis positions:'XL' -309.42 mm, 'YL' -212.50 mm, 'ZL' -2.02 mm
09/12/2018 14:57:29.6 [VVP96] Start LLD tip drying option at 45 mbar for 10 sec.
09/12/2018 14:57:41.0 [VVP96] Set VVP: command 'LLD Limit' with setting of 100 for 96 channels.
09/12/2018 14:57:41.5 [VVP96] VVP LLD pressure is 14 mbar.
09/12/2018 14:57:42.0 [VVP96] Begin LLD downward motion.
09/12/2018 14:57:42.1 [VVP96] Begin LLD test.
09/12/2018 14:57:43.4 [VVP96] LLD finished on axis motion complete.
09/12/2018 14:57:43.4 [VVP96] LLD test complete, duration was 1.3.
09/12/2018 14:57:43.7 [VVP96] LLD channels that detected no liquid: 96
09/12/2018 14:57:43.7 [VVP96] LLD Results:ChannelName:A01, LLD:False, ZPosition:0.0, ChannelName:B01, LLD:False, ZPosition:0.0, ChannelName:C01, LLD:False, ZPosition:0.0, ChannelName:D01, LLD:False, ZPosition:0.0, ChannelName:E01, LLD:False, ZPosition:0.0, ChannelName:F01, LLD:False, ZPosition:0.0, ChannelName:G01, LLD:False, ZPosition:0.0, ChannelName:H01, LLD:False, ZPosition:0.0, ChannelName:A02, LLD:False, ZPosition:0.0, ChannelName:B02, LLD:False, ZPosition:0.0, ChannelName:C02, LLD:False, ZPosition:0.0, ChannelName:D02, LLD:False, ZPosition:0.0, ChannelName:E02, LLD:False, ZPosition:0.0, ChannelName:F02, LLD:False, ZPosition:0.0, ChannelName:G02, LLD:False, ZPosition:0.0, ChannelName:H02, LLD:False, ZPosition:0.0, ChannelName:A03, LLD:False, ZPosition:0.0, ChannelName:B03, LLD:False, ZPosition:0.0, ChannelName:C03, LLD:False, ZPosition:0.0, ChannelName:D03, LLD:False, ZPosition:0.0, ChannelName:E03, LLD:False, ZPosition:0.0, ChannelName:F03, LLD:False, ZPosition:0.0, ChannelName:G03, LLD:False, ZPosition:0.0, ChannelName:H03, LLD:False, ZPosition:0.0, ChannelName:A04, LLD:False, ZPosition:0.0, ChannelName:B04, LLD:False, ZPosition:0.0, ChannelName:C04, LLD:False, ZPosition:0.0, ChannelName:D04, LLD:False, ZPosition:0.0, ChannelName:E04, LLD:False, ZPosition:0.0, ChannelName:F04, LLD:False, ZPosition:0.0, ChannelName:G04, LLD:False, ZPosition:0.0, ChannelName:H04, LLD:False, ZPosition:0.0, ChannelName:A05, LLD:False, ZPosition:0.0, ChannelName:B05, LLD:False, ZPosition:0.0, ChannelName:C05, LLD:False, ZPosition:0.0, ChannelName:D05, LLD:False, ZPosition:0.0, ChannelName:E05, LLD:False, ZPosition:0.0, ChannelName:F05, LLD:False, ZPosition:0.0, ChannelName:G05, LLD:False, ZPosition:0.0, ChannelName:H05, LLD:False, ZPosition:0.0, ChannelName:A06, LLD:False, ZPosition:0.0, ChannelName:B06, LLD:False, ZPosition:0.0, ChannelName:C06, LLD:False, ZPosition:0.0, ChannelName:D06, LLD:False, ZPosition:0.0, ChannelName:E06, LLD:False, ZPosition:0.0, ChannelName:F06, LLD:False, ZPosition:0.0, ChannelName:G06, LLD:False, ZPosition:0.0, ChannelName:H06, LLD:False, ZPosition:0.0, ChannelName:A07, LLD:False, ZPosition:0.0, ChannelName:B07, LLD:False, ZPosition:0.0, ChannelName:C07, LLD:False, ZPosition:0.0, ChannelName:D07, LLD:False, ZPosition:0.0, ChannelName:E07, LLD:False, ZPosition:0.0, ChannelName:F07, LLD:False, ZPosition:0.0, ChannelName:G07, LLD:False, ZPosition:0.0, ChannelName:H07, LLD:False, ZPosition:0.0, ChannelName:A08, LLD:False, ZPosition:0.0, ChannelName:B08, LLD:False, ZPosition:0.0, ChannelName:C08, LLD:False, ZPosition:0.0, ChannelName:D08, LLD:False, ZPosition:0.0, ChannelName:E08, LLD:False, ZPosition:0.0, ChannelName:F08, LLD:False, ZPosition:0.0, ChannelName:G08, LLD:False, ZPosition:0.0, ChannelName:H08, LLD:False, ZPosition:0.0, ChannelName:A09, LLD:False, ZPosition:0.0, ChannelName:B09, LLD:False, ZPosition:0.0, ChannelName:C09, LLD:False, ZPosition:0.0, ChannelName:D09, LLD:False, ZPosition:0.0, ChannelName:E09, LLD:False, ZPosition:0.0, ChannelName:F09, LLD:False, ZPosition:0.0, ChannelName:G09, LLD:False, ZPosition:0.0, ChannelName:H09, LLD:False, ZPosition:0.0, ChannelName:A10, LLD:False, ZPosition:0.0, ChannelName:B10, LLD:False, ZPosition:0.0, ChannelName:C10, LLD:False, ZPosition:0.0, ChannelName:D10, LLD:False, ZPosition:0.0, ChannelName:E10, LLD:False, ZPosition:0.0, ChannelName:F10, LLD:False, ZPosition:0.0, ChannelName:G10, LLD:False, ZPosition:0.0, ChannelName:H10, LLD:False, ZPosition:0.0, ChannelName:A11, LLD:False, ZPosition:0.0, ChannelName:B11, LLD:False, ZPosition:0.0, ChannelName:C11, LLD:False, ZPosition:0.0, ChannelName:D11, LLD:False, ZPosition:0.0, ChannelName:E11, LLD:False, ZPosition:0.0, ChannelName:F11, LLD:False, ZPosition:0.0, ChannelName:G11, LLD:False, ZPosition:0.0, ChannelName:H11, LLD:False, ZPosition:0.0, ChannelName:A12, LLD:False, ZPosition:0.0, ChannelName:B12, LLD:False, ZPosition:0.0, ChannelName:C12, LLD:False, ZPosition:0.0, ChannelName:D12, LLD:False, ZPosition:0.0, ChannelName:E12, LLD:False, ZPosition:0.0, ChannelName:F12, LLD:False, ZPosition:0.0, ChannelName:G12, LLD:False, ZPosition:0.0, ChannelName:H12, LLD:False, ZPosition:0.0
09/12/2018 14:57:47.6 [Lynx.Liquid Level Detect(VVP96).VVP96] Final axis positions:'XL' -309.42 mm, 'YL' -212.50 mm, 'ZL' -2.02 mm
09/12/2018 14:57:47.6 [Lynx.Liquid Level Detect(VVP96).VVP96] Time to complete: 21 s.
09/12/2018 14:57:47.7 Process 'Norm.met'[5] 'Liquid Level Detect(VVP96)' CommandCompleted
09/12/2018 14:57:47.7 Process 'Norm.met' MethodCompleted
1 of 1 method(s) completed successfully.
  Concurrent method 'Main' (Main) started at 09/12/2018 14:57:26.6 and finished at 09/12/2018 14:57:47.7

[User] Step.
09/12/2018 14:59:38.4 Process 'Norm.met' MethodStarted
09/12/2018 14:59:38.4 Process 'Norm.met'[5] 'Liquid Level Detect(VVP96)' CommandStarted
09/12/2018 14:59:38.4 [Lynx.Liquid Level Detect(VVP96).VVP96] Plate 'Nunc 1ml_01', column/row offset (0, 0), X/Y offset (0.00 mm,0.00 mm), height: 28.00 mm.
09/12/2018 14:59:38.4 [Lynx.Liquid Level Detect(VVP96).VVP96] Current tip 'LXB-96-950F'.
09/12/2018 14:59:38.4 [Lynx.Liquid Level Detect(VVP96).VVP96] Detect liquid level in well starting at 28.0 mm down to 1.0 mm.
09/12/2018 14:59:38.4 [Lynx.Liquid Level Detect(VVP96).VVP96] Plate is at location 'Loc_15' (-295.09 mm, -223.75 mm, -174.72 mm) with a stack index of 1.
09/12/2018 14:59:38.4 [Lynx.Liquid Level Detect(VVP96).VVP96] 96 Enabled channels: A01, B01, C01, D01, E01, F01, G01, H01, A02, B02, C02, D02, E02, F02, G02, H02, A03, B03, C03, D03, E03, F03, G03, H03, A04, B04, C04, D04, E04, F04, G04, H04, A05, B05, C05, D05, E05, F05, G05, H05, A06, B06, C06, D06, E06, F06, G06, H06, A07, B07, C07, D07, E07, F07, G07, H07, A08, B08, C08, D08, E08, F08, G08, H08, A09, B09, C09, D09, E09, F09, G09, H09, A10, B10, C10, D10, E10, F10, G10, H10, A11, B11, C11, D11, E11, F11, G11, H11, A12, B12, C12, D12, E12, F12, G12, H12
09/12/2018 14:59:38.4 [Lynx.Liquid Level Detect(VVP96).VVP96] LLD drying pressure settings from 'Mid-Range Volumes' are 45 mbar and 10 s. Sensitivity is 10.
09/12/2018 14:59:38.4 [Lynx.Liquid Level Detect(VVP96).VVP96] Initial robot X/Y/ZStart/ZEnd coordinates: -309.47 mm, -212.51 mm, -73.42 mm, -100.42 mm, using motion profile 'Slow Speed'.
09/12/2018 14:59:38.4 [Lynx.Liquid Level Detect(VVP96).VVP96] Initial axis positions:'XL' -309.42 mm, 'YL' -212.50 mm, 'ZL' -2.02 mm
09/12/2018 14:59:41.3 [VVP96] Start LLD tip drying option at 45 mbar for 10 sec.
09/12/2018 14:59:52.2 [VVP96] Set VVP: command 'LLD Limit' with setting of 100 for 96 channels.
09/12/2018 14:59:52.7 [VVP96] VVP LLD pressure is 13 mbar.
09/12/2018 14:59:53.2 [VVP96] Begin LLD downward motion.
09/12/2018 14:59:53.3 [VVP96] Begin LLD test.
09/12/2018 14:59:54.5 [VVP96] LLD finished on axis motion complete.
09/12/2018 14:59:54.5 [VVP96] LLD test complete, duration was 1.3.
09/12/2018 14:59:54.8 [VVP96] LLD channels that detected no liquid: 96
09/12/2018 14:59:54.8 [VVP96] LLD Results:ChannelName:A01, LLD:False, ZPosition:0.0, ChannelName:B01, LLD:False, ZPosition:0.0, ChannelName:C01, LLD:False, ZPosition:0.0, ChannelName:D01, LLD:False, ZPosition:0.0, ChannelName:E01, LLD:False, ZPosition:0.0, ChannelName:F01, LLD:False, ZPosition:0.0, ChannelName:G01, LLD:False, ZPosition:0.0, ChannelName:H01, LLD:False, ZPosition:0.0, ChannelName:A02, LLD:False, ZPosition:0.0, ChannelName:B02, LLD:False, ZPosition:0.0, ChannelName:C02, LLD:False, ZPosition:0.0, ChannelName:D02, LLD:False, ZPosition:0.0, ChannelName:E02, LLD:False, ZPosition:0.0, ChannelName:F02, LLD:False, ZPosition:0.0, ChannelName:G02, LLD:False, ZPosition:0.0, ChannelName:H02, LLD:False, ZPosition:0.0, ChannelName:A03, LLD:False, ZPosition:0.0, ChannelName:B03, LLD:False, ZPosition:0.0, ChannelName:C03, LLD:False, ZPosition:0.0, ChannelName:D03, LLD:False, ZPosition:0.0, ChannelName:E03, LLD:False, ZPosition:0.0, ChannelName:F03, LLD:False, ZPosition:0.0, ChannelName:G03, LLD:False, ZPosition:0.0, ChannelName:H03, LLD:False, ZPosition:0.0, ChannelName:A04, LLD:False, ZPosition:0.0, ChannelName:B04, LLD:False, ZPosition:0.0, ChannelName:C04, LLD:False, ZPosition:0.0, ChannelName:D04, LLD:False, ZPosition:0.0, ChannelName:E04, LLD:False, ZPosition:0.0, ChannelName:F04, LLD:False, ZPosition:0.0, ChannelName:G04, LLD:False, ZPosition:0.0, ChannelName:H04, LLD:False, ZPosition:0.0, ChannelName:A05, LLD:False, ZPosition:0.0, ChannelName:B05, LLD:False, ZPosition:0.0, ChannelName:C05, LLD:False, ZPosition:0.0, ChannelName:D05, LLD:False, ZPosition:0.0, ChannelName:E05, LLD:False, ZPosition:0.0, ChannelName:F05, LLD:False, ZPosition:0.0, ChannelName:G05, LLD:False, ZPosition:0.0, ChannelName:H05, LLD:False, ZPosition:0.0, ChannelName:A06, LLD:False, ZPosition:0.0, ChannelName:B06, LLD:False, ZPosition:0.0, ChannelName:C06, LLD:False, ZPosition:0.0, ChannelName:D06, LLD:False, ZPosition:0.0, ChannelName:E06, LLD:False, ZPosition:0.0, ChannelName:F06, LLD:False, ZPosition:0.0, ChannelName:G06, LLD:False, ZPosition:0.0, ChannelName:H06, LLD:False, ZPosition:0.0, ChannelName:A07, LLD:False, ZPosition:0.0, ChannelName:B07, LLD:False, ZPosition:0.0, ChannelName:C07, LLD:False, ZPosition:0.0, ChannelName:D07, LLD:False, ZPosition:0.0, ChannelName:E07, LLD:False, ZPosition:0.0, ChannelName:F07, LLD:False, ZPosition:0.0, ChannelName:G07, LLD:False, ZPosition:0.0, ChannelName:H07, LLD:False, ZPosition:0.0, ChannelName:A08, LLD:False, ZPosition:0.0, ChannelName:B08, LLD:False, ZPosition:0.0, ChannelName:C08, LLD:False, ZPosition:0.0, ChannelName:D08, LLD:False, ZPosition:0.0, ChannelName:E08, LLD:False, ZPosition:0.0, ChannelName:F08, LLD:False, ZPosition:0.0, ChannelName:G08, LLD:False, ZPosition:0.0, ChannelName:H08, LLD:False, ZPosition:0.0, ChannelName:A09, LLD:False, ZPosition:0.0, ChannelName:B09, LLD:False, ZPosition:0.0, ChannelName:C09, LLD:False, ZPosition:0.0, ChannelName:D09, LLD:False, ZPosition:0.0, ChannelName:E09, LLD:False, ZPosition:0.0, ChannelName:F09, LLD:False, ZPosition:0.0, ChannelName:G09, LLD:False, ZPosition:0.0, ChannelName:H09, LLD:False, ZPosition:0.0, ChannelName:A10, LLD:False, ZPosition:0.0, ChannelName:B10, LLD:False, ZPosition:0.0, ChannelName:C10, LLD:False, ZPosition:0.0, ChannelName:D10, LLD:False, ZPosition:0.0, ChannelName:E10, LLD:False, ZPosition:0.0, ChannelName:F10, LLD:False, ZPosition:0.0, ChannelName:G10, LLD:False, ZPosition:0.0, ChannelName:H10, LLD:False, ZPosition:0.0, ChannelName:A11, LLD:False, ZPosition:0.0, ChannelName:B11, LLD:False, ZPosition:0.0, ChannelName:C11, LLD:False, ZPosition:0.0, ChannelName:D11, LLD:False, ZPosition:0.0, ChannelName:E11, LLD:False, ZPosition:0.0, ChannelName:F11, LLD:False, ZPosition:0.0, ChannelName:G11, LLD:False, ZPosition:0.0, ChannelName:H11, LLD:False, ZPosition:0.0, ChannelName:A12, LLD:False, ZPosition:0.0, ChannelName:B12, LLD:False, ZPosition:0.0, ChannelName:C12, LLD:False, ZPosition:0.0, ChannelName:D12, LLD:False, ZPosition:0.0, ChannelName:E12, LLD:False, ZPosition:0.0, ChannelName:F12, LLD:False, ZPosition:0.0, ChannelName:G12, LLD:False, ZPosition:0.0, ChannelName:H12, LLD:False, ZPosition:0.0
09/12/2018 14:59:58.8 [Lynx.Liquid Level Detect(VVP96).VVP96] Final axis positions:'XL' -309.42 mm, 'YL' -212.50 mm, 'ZL' -2.02 mm
09/12/2018 14:59:58.8 [Lynx.Liquid Level Detect(VVP96).VVP96] Time to complete: 20 s.
09/12/2018 14:59:58.8 Process 'Norm.met'[5] 'Liquid Level Detect(VVP96)' CommandCompleted
09/12/2018 14:59:58.8 Process 'Norm.met' MethodCompleted
1 of 1 method(s) completed successfully.
  Concurrent method 'Main' (Main) started at 09/12/2018 14:59:38.3 and finished at 09/12/2018 14:59:58.8

[User] Step.
09/12/2018 16:31:37.0 Process 'Norm.met' MethodStarted
09/12/2018 16:31:37.0 Process 'Norm.met'[5] 'Liquid Level Detect(VVP96)' CommandStarted
09/12/2018 16:31:37.0 [Lynx.Liquid Level Detect(VVP96).VVP96] Plate 'Nunc 1ml_01', column/row offset (0, 0), X/Y offset (0.00 mm,0.00 mm), height: 28.00 mm.
09/12/2018 16:31:37.0 [Lynx.Liquid Level Detect(VVP96).VVP96] Current tip 'LXB-96-950F'.
09/12/2018 16:31:37.0 [Lynx.Liquid Level Detect(VVP96).VVP96] Detect liquid level in well starting at 28.0 mm down to 1.0 mm.
09/12/2018 16:31:37.0 [Lynx.Liquid Level Detect(VVP96).VVP96] Plate is at location 'Loc_15' (-295.09 mm, -223.75 mm, -174.72 mm) with a stack index of 1.
09/12/2018 16:31:37.0 [Lynx.Liquid Level Detect(VVP96).VVP96] 96 Enabled channels: A01, B01, C01, D01, E01, F01, G01, H01, A02, B02, C02, D02, E02, F02, G02, H02, A03, B03, C03, D03, E03, F03, G03, H03, A04, B04, C04, D04, E04, F04, G04, H04, A05, B05, C05, D05, E05, F05, G05, H05, A06, B06, C06, D06, E06, F06, G06, H06, A07, B07, C07, D07, E07, F07, G07, H07, A08, B08, C08, D08, E08, F08, G08, H08, A09, B09, C09, D09, E09, F09, G09, H09, A10, B10, C10, D10, E10, F10, G10, H10, A11, B11, C11, D11, E11, F11, G11, H11, A12, B12, C12, D12, E12, F12, G12, H12
09/12/2018 16:31:37.0 [Lynx.Liquid Level Detect(VVP96).VVP96] LLD drying pressure settings from 'Mid-Range Volumes' are 45 mbar and 10 s. Sensitivity is 10.
09/12/2018 16:31:37.1 [Lynx.Liquid Level Detect(VVP96).VVP96] Initial robot X/Y/ZStart/ZEnd coordinates: -309.47 mm, -212.51 mm, -73.42 mm, -100.42 mm, using motion profile 'Slow Speed'.
09/12/2018 16:31:37.1 [Lynx.Liquid Level Detect(VVP96).VVP96] Initial axis positions:'XL' -309.43 mm, 'YL' -212.50 mm, 'ZL' -2.02 mm
09/12/2018 16:31:40.0 [VVP96] Start LLD tip drying option at 45 mbar for 10 sec.
09/12/2018 16:31:51.4 [VVP96] Set VVP: command 'LLD Limit' with setting of 100 for 96 channels.
09/12/2018 16:31:52.0 [VVP96] VVP LLD pressure is 14 mbar.
09/12/2018 16:31:52.4 [VVP96] Begin LLD downward motion.
09/12/2018 16:31:52.5 [VVP96] Begin LLD test.
09/12/2018 16:31:53.7 [VVP96] LLD finished on axis motion complete.
09/12/2018 16:31:53.7 [VVP96] LLD test complete, duration was 1.2.
09/12/2018 16:31:54.0 [VVP96] LLD channels that detected no liquid: 95
09/12/2018 16:31:54.0 [VVP96] LLD Results:ChannelName:A01, LLD:True, ZPosition:-80.6, ChannelName:B01, LLD:False, ZPosition:0.0, ChannelName:C01, LLD:False, ZPosition:0.0, ChannelName:D01, LLD:False, ZPosition:0.0, ChannelName:E01, LLD:False, ZPosition:0.0, ChannelName:F01, LLD:False, ZPosition:0.0, ChannelName:G01, LLD:False, ZPosition:0.0, ChannelName:H01, LLD:False, ZPosition:0.0, ChannelName:A02, LLD:False, ZPosition:0.0, ChannelName:B02, LLD:False, ZPosition:0.0, ChannelName:C02, LLD:False, ZPosition:0.0, ChannelName:D02, LLD:False, ZPosition:0.0, ChannelName:E02, LLD:False, ZPosition:0.0, ChannelName:F02, LLD:False, ZPosition:0.0, ChannelName:G02, LLD:False, ZPosition:0.0, ChannelName:H02, LLD:False, ZPosition:0.0, ChannelName:A03, LLD:False, ZPosition:0.0, ChannelName:B03, LLD:False, ZPosition:0.0, ChannelName:C03, LLD:False, ZPosition:0.0, ChannelName:D03, LLD:False, ZPosition:0.0, ChannelName:E03, LLD:False, ZPosition:0.0, ChannelName:F03, LLD:False, ZPosition:0.0, ChannelName:G03, LLD:False, ZPosition:0.0, ChannelName:H03, LLD:False, ZPosition:0.0, ChannelName:A04, LLD:False, ZPosition:0.0, ChannelName:B04, LLD:False, ZPosition:0.0, ChannelName:C04, LLD:False, ZPosition:0.0, ChannelName:D04, LLD:False, ZPosition:0.0, ChannelName:E04, LLD:False, ZPosition:0.0, ChannelName:F04, LLD:False, ZPosition:0.0, ChannelName:G04, LLD:False, ZPosition:0.0, ChannelName:H04, LLD:False, ZPosition:0.0, ChannelName:A05, LLD:False, ZPosition:0.0, ChannelName:B05, LLD:False, ZPosition:0.0, ChannelName:C05, LLD:False, ZPosition:0.0, ChannelName:D05, LLD:False, ZPosition:0.0, ChannelName:E05, LLD:False, ZPosition:0.0, ChannelName:F05, LLD:False, ZPosition:0.0, ChannelName:G05, LLD:False, ZPosition:0.0, ChannelName:H05, LLD:False, ZPosition:0.0, ChannelName:A06, LLD:False, ZPosition:0.0, ChannelName:B06, LLD:False, ZPosition:0.0, ChannelName:C06, LLD:False, ZPosition:0.0, ChannelName:D06, LLD:False, ZPosition:0.0, ChannelName:E06, LLD:False, ZPosition:0.0, ChannelName:F06, LLD:False, ZPosition:0.0, ChannelName:G06, LLD:False, ZPosition:0.0, ChannelName:H06, LLD:False, ZPosition:0.0, ChannelName:A07, LLD:False, ZPosition:0.0, ChannelName:B07, LLD:False, ZPosition:0.0, ChannelName:C07, LLD:False, ZPosition:0.0, ChannelName:D07, LLD:False, ZPosition:0.0, ChannelName:E07, LLD:False, ZPosition:0.0, ChannelName:F07, LLD:False, ZPosition:0.0, ChannelName:G07, LLD:False, ZPosition:0.0, ChannelName:H07, LLD:False, ZPosition:0.0, ChannelName:A08, LLD:False, ZPosition:0.0, ChannelName:B08, LLD:False, ZPosition:0.0, ChannelName:C08, LLD:False, ZPosition:0.0, ChannelName:D08, LLD:False, ZPosition:0.0, ChannelName:E08, LLD:False, ZPosition:0.0, ChannelName:F08, LLD:False, ZPosition:0.0, ChannelName:G08, LLD:False, ZPosition:0.0, ChannelName:H08, LLD:False, ZPosition:0.0, ChannelName:A09, LLD:False, ZPosition:0.0, ChannelName:B09, LLD:False, ZPosition:0.0, ChannelName:C09, LLD:False, ZPosition:0.0, ChannelName:D09, LLD:False, ZPosition:0.0, ChannelName:E09, LLD:False, ZPosition:0.0, ChannelName:F09, LLD:False, ZPosition:0.0, ChannelName:G09, LLD:False, ZPosition:0.0, ChannelName:H09, LLD:False, ZPosition:0.0, ChannelName:A10, LLD:False, ZPosition:0.0, ChannelName:B10, LLD:False, ZPosition:0.0, ChannelName:C10, LLD:False, ZPosition:0.0, ChannelName:D10, LLD:False, ZPosition:0.0, ChannelName:E10, LLD:False, ZPosition:0.0, ChannelName:F10, LLD:False, ZPosition:0.0, ChannelName:G10, LLD:False, ZPosition:0.0, ChannelName:H10, LLD:False, ZPosition:0.0, ChannelName:A11, LLD:False, ZPosition:0.0, ChannelName:B11, LLD:False, ZPosition:0.0, ChannelName:C11, LLD:False, ZPosition:0.0, ChannelName:D11, LLD:False, ZPosition:0.0, ChannelName:E11, LLD:False, ZPosition:0.0, ChannelName:F11, LLD:False, ZPosition:0.0, ChannelName:G11, LLD:False, ZPosition:0.0, ChannelName:H11, LLD:False, ZPosition:0.0, ChannelName:A12, LLD:False, ZPosition:0.0, ChannelName:B12, LLD:False, ZPosition:0.0, ChannelName:C12, LLD:False, ZPosition:0.0, ChannelName:D12, LLD:False, ZPosition:0.0, ChannelName:E12, LLD:False, ZPosition:0.0, ChannelName:F12, LLD:False, ZPosition:0.0, ChannelName:G12, LLD:False, ZPosition:0.0, ChannelName:H12, LLD:False, ZPosition:0.0
09/12/2018 16:31:57.9 [Lynx.Liquid Level Detect(VVP96).VVP96] Final axis positions:'XL' -309.43 mm, 'YL' -212.50 mm, 'ZL' -2.02 mm
09/12/2018 16:31:58.0 [Lynx.Liquid Level Detect(VVP96).VVP96] Time to complete: 20 s.
09/12/2018 16:31:58.0 Process 'Norm.met'[5] 'Liquid Level Detect(VVP96)' CommandCompleted
09/12/2018 16:31:58.0 Process 'Norm.met' MethodCompleted
1 of 1 method(s) completed successfully.
  Concurrent method 'Main' (Main) started at 09/12/2018 16:31:37.0 and finished at 09/12/2018 16:31:58.0

09/12/2018 17:09:25.5 [XL] Closing component connections for Warp 'XL'.
09/12/2018 17:09:25.5 [YL] Closing component connections for Warp 'YL'.
09/12/2018 17:09:25.5 [ZL] Closing component connections for Warp 'ZL'.
09/12/2018 17:09:25.5 [BarCodeZAxis] Closing component connections for Warp 'BarCodeZAxis'.
09/12/2018 17:09:26.5 [Lynx] 
