Workspace 'LM703' modules...
  MethodManagerV4   1.4.6666.27655
  MMCoreDevice   1.4.6666.27650
  MMLiquidHandler   1.4.6666.26302
  Warp3   2.0.6591.13866
  MMVVP   1.4.6666.26303
  MMIOLightTower   1.4.6666.26303
  MMHeadGripper   1.3.6591.14013
The pipette tool 'VVP96' has mandrel type 'MLV' and can load the following tip types:
   Tip type 'LXB-96-150F', loading depth 9.4 mm, Id: baf0d489-a29c-4899-844e-44fbdc6c2c49.
   Tip type 'LXB-96-200NF', loading depth 9.4 mm, Id: 095daefc-e866-4d91-906f-cc7e17eaf3f6.
   Tip type 'LXB-96-300F', loading depth 10.4 mm, Id: d2f37554-e0d6-41ea-8f3d-101c68af7e40.
   Tip type 'LXB-96-300NF', loading depth 10.4 mm, Id: 423ec1e5-0ccf-4946-a441-905f3c9e1fd9.
   Tip type 'LXB-96-950F', loading depth 28.6 mm, Id: 497625a6-73fc-4433-95df-636ceecdc818.
   Tip type 'LXB-96-950F-WB', loading depth 28.6 mm, Id: ca3988bc-a34d-4ad7-ba77-93a37e8cba6d.
   Tip type 'LXB-96-1250NF', loading depth 28.6 mm, Id: 13ba07a3-d5cb-4a96-9ab8-1d418fc383d6.
04/01/2019 19:44:35.3 The command server is monitoring the workspace 'LM703' and is available on 172.18.3.53/1000
04/01/2019 19:44:58.4 [ZL] Instruction Error Status: None
04/01/2019 19:44:58.4 [ZL] Warp3 core version: 99103v1.0 (will support I/O).
04/01/2019 19:44:58.5 [ZL] Configured as an enhanced Warp3 with I/O.
04/01/2019 19:44:58.5 [ZL]   Inputs: False False False False False 
04/01/2019 19:44:58.5 [ZL] Current IP communications rate is 10 mb.
04/01/2019 19:44:58.5 [ZL] IP communications speed is currently set to 10 Mbps.
04/01/2019 19:44:58.6 [ZL] Phase correction: disabled, prescale: 0, phase counts: 2000
04/01/2019 19:44:58.7 [ZL] SetCurrentFoldbackAmps(8, 20) will set 17440 , 216
04/01/2019 19:44:58.7 [ZL] Configuration parameters loaded from 'P:\MethodManagerWorkspaces\LM703\Configuration\Z Axis.xml'. HomeVelocity 20 mm/s, CountsPerMM 2571 cts/mm.
04/01/2019 19:44:58.8 [ZL] Start Hall-based phase initialization.
04/01/2019 19:44:58.9 [ZL] Phases initialized.
04/01/2019 19:44:58.9 [BarCodeZAxis] Instruction Error Status: None
04/01/2019 19:44:58.9 [BarCodeZAxis] Warp3 core version: 99103v1.0 (will support I/O).
04/01/2019 19:44:58.9 [BarCodeZAxis] Configured as an enhanced Warp3 with I/O.
04/01/2019 19:44:58.9 [BarCodeZAxis]   Inputs: False True False False False 
04/01/2019 19:44:59.0 [BarCodeZAxis] Current IP communications rate is 10 mb.
04/01/2019 19:44:59.0 [BarCodeZAxis] IP communications speed is currently set to 10 Mbps.
04/01/2019 19:44:59.1 [BarCodeZAxis] Phase correction: disabled, prescale: 0, phase counts: 2000
04/01/2019 19:44:59.1 [BarCodeZAxis] SetCurrentFoldbackAmps(2, 5) will set 4360 , 54
04/01/2019 19:44:59.1 [BarCodeZAxis] Configuration parameters loaded from 'P:\MethodManagerWorkspaces\LM703\Configuration\BarCode Z.xml'. HomeVelocity 20 mm/s, CountsPerMM 5538 cts/mm.
04/01/2019 19:44:59.3 [BarCodeZAxis] Start Hall-based phase initialization.
04/01/2019 19:44:59.3 [BarCodeZAxis] Phases initialized.
04/01/2019 19:44:59.3 [YL] Instruction Error Status: None
04/01/2019 19:44:59.3 [YL] Warp3 core version: 99103v1.0 (will support I/O).
04/01/2019 19:44:59.4 [YL] Configured as an enhanced Warp3 with I/O.
04/01/2019 19:44:59.4 [YL]   Inputs: False False False False False 
04/01/2019 19:44:59.4 [YL] Current IP communications rate is 10 mb.
04/01/2019 19:44:59.4 [YL] IP communications speed is currently set to 10 Mbps.
04/01/2019 19:44:59.5 [YL] Phase correction: disabled, prescale: 1, phase counts: 1905
04/01/2019 19:44:59.5 [YL] SetCurrentFoldbackAmps(6, 100) will set 13080 , 1083
04/01/2019 19:44:59.6 [YL] Configuration parameters loaded from 'P:\MethodManagerWorkspaces\LM703\Configuration\Y Axis.xml'. HomeVelocity 20 mm/s, CountsPerMM 2000 cts/mm.
04/01/2019 19:44:59.7 [YL] Start Hall-based phase initialization.
04/01/2019 19:44:59.7 [YL] Phases initialized.
04/01/2019 19:44:59.8 [XL] Instruction Error Status: None
04/01/2019 19:44:59.8 [XL] Warp3 core version: 99103v1.0 (will support I/O).
04/01/2019 19:44:59.8 [XL] Configured as an enhanced Warp3 with I/O.
04/01/2019 19:44:59.8 [XL]   Inputs: False False False False False 
04/01/2019 19:44:59.8 [XL] Current IP communications rate is 10 mb.
04/01/2019 19:44:59.9 [XL] IP communications speed is currently set to 10 Mbps.
04/01/2019 19:45:00.0 [XL] Phase correction: disabled, prescale: 1, phase counts: 1905
04/01/2019 19:45:00.0 [XL] SetCurrentFoldbackAmps(6, 100) will set 13080 , 1083
04/01/2019 19:45:00.0 [XL] Configuration parameters loaded from 'P:\MethodManagerWorkspaces\LM703\Configuration\X Axis.xml'. HomeVelocity 20 mm/s, CountsPerMM 2000 cts/mm.
04/01/2019 19:45:00.2 [XL] Start Hall-based phase initialization.
04/01/2019 19:45:00.2 [XL] Phases initialized.
04/01/2019 19:45:02.5 [VVP96] Get VVP: command 'Aspirate Diagnostics' from 96 channels.
04/01/2019 19:45:02.7 [ZL] Move to Positive limit. Velocity 20 mm/s, accel 40 mm/s2, decel 200 mm/s2, timeout 60 s.
04/01/2019 19:45:03.3 [ZL] Reached limit successfully.
04/01/2019 19:45:03.3 [ZL] Attempting to back off Positive limit.
04/01/2019 19:45:04.0 [ZL] Move off limit completion: Successful (OKReady).
04/01/2019 19:45:04.0 [ZL] Move to limit finished.
04/01/2019 19:45:04.1 [ZL] Establishing new 0 position for the old position 0.00 mm.
04/01/2019 19:45:04.1 [ZL] Timestamp of last successful home: 4/1/2019 7:45:04 PM
04/01/2019 19:45:04.3 [BarCodeZAxis] Move to Negative limit. Velocity 20 mm/s, accel 200 mm/s2, decel 350 mm/s2, timeout 60 s.
04/01/2019 19:45:04.7 [BarCodeZAxis] Reached limit successfully.
04/01/2019 19:45:04.8 [BarCodeZAxis] Attempting to back off Negative limit.
04/01/2019 19:45:05.2 [BarCodeZAxis] Move off limit completion: Successful (OKReady).
04/01/2019 19:45:05.2 [BarCodeZAxis] Move to limit finished.
04/01/2019 19:45:05.3 [BarCodeZAxis] Establishing new 0 position for the old position 0.00 mm.
04/01/2019 19:45:05.3 [BarCodeZAxis] Timestamp of last successful home: 4/1/2019 7:45:05 PM
04/01/2019 19:45:06.7 [YL] Move to Positive limit. Velocity 20 mm/s, accel 200 mm/s2, decel 1000 mm/s2, timeout 60 s.
04/01/2019 19:45:22.9 [YL] Reached limit successfully.
04/01/2019 19:45:22.9 [YL] Attempting to back off Positive limit.
04/01/2019 19:45:23.4 [YL] Move off limit completion: Successful (OKReady).
04/01/2019 19:45:23.4 [YL] Move to limit finished.
04/01/2019 19:45:23.4 [YL] Establishing new 0 position for the old position 0.00 mm.
04/01/2019 19:45:23.5 [YL] Timestamp of last successful home: 4/1/2019 7:45:23 PM
04/01/2019 19:45:23.6 [XL] Move to Positive limit. Velocity 20 mm/s, accel 200 mm/s2, decel 1000 mm/s2, timeout 60 s.
04/01/2019 19:45:32.1 [XL] Reached limit successfully.
04/01/2019 19:45:32.1 [XL] Attempting to back off Positive limit.
04/01/2019 19:45:32.5 [XL] Move off limit completion: Failed (OKReady).
04/01/2019 19:45:32.6 [XL] Failed to find Positive limit: OKReady.
04/01/2019 19:45:32.6 [XL] Failed to home axis 'XL'.
04/02/2019 07:23:56.4 [XL] Closing component connections for Warp 'XL'.
04/02/2019 07:23:56.5 [YL] Closing component connections for Warp 'YL'.
04/02/2019 07:23:56.5 [ZL] Closing component connections for Warp 'ZL'.
04/02/2019 07:23:56.5 [BarCodeZAxis] Closing component connections for Warp 'BarCodeZAxis'.
04/02/2019 07:23:57.0 [Lynx] 
