Workspace 'LM703' modules...
  MethodManagerV4   1.4.6666.27655
  MMCoreDevice   1.4.6666.27650
  MMLiquidHandler   1.4.6666.26302
  Warp3   2.0.6591.13866
  MMVVP   1.4.6666.26303
  MMIOLightTower   1.4.6666.26303
  MMHeadGripper   1.3.6591.14013
The pipette tool 'VVP96' has mandrel type 'MLV' and can load the following tip types:
   Tip type 'LXB-96-150F', loading depth 9.4 mm, Id: baf0d489-a29c-4899-844e-44fbdc6c2c49.
   Tip type 'LXB-96-200NF', loading depth 9.4 mm, Id: 095daefc-e866-4d91-906f-cc7e17eaf3f6.
   Tip type 'LXB-96-300F', loading depth 10.4 mm, Id: d2f37554-e0d6-41ea-8f3d-101c68af7e40.
   Tip type 'LXB-96-300NF', loading depth 10.4 mm, Id: 423ec1e5-0ccf-4946-a441-905f3c9e1fd9.
   Tip type 'LXB-96-950F', loading depth 28.6 mm, Id: 497625a6-73fc-4433-95df-636ceecdc818.
   Tip type 'LXB-96-950F-WB', loading depth 28.6 mm, Id: ca3988bc-a34d-4ad7-ba77-93a37e8cba6d.
   Tip type 'LXB-96-1250NF', loading depth 28.6 mm, Id: 13ba07a3-d5cb-4a96-9ab8-1d418fc383d6.
03/09/2019 12:08:50.1 The command server is monitoring the workspace 'LM703' and is available on 172.18.3.53/1000
03/09/2019 12:09:02.9 [ZL] Instruction Error Status: None
03/09/2019 12:09:02.9 [ZL] Warp3 core version: 99103v1.0 (will support I/O).
03/09/2019 12:09:03.0 [ZL] Configured as an enhanced Warp3 with I/O.
03/09/2019 12:09:03.0 [ZL]   Inputs: False False False False False 
03/09/2019 12:09:03.0 [ZL] Current IP communications rate is 10 mb.
03/09/2019 12:09:03.0 [ZL] IP communications speed is currently set to 10 Mbps.
03/09/2019 12:09:03.1 [ZL] Relative motor limit setting 100.0%, changing limit from 100.0% to 30.0%
03/09/2019 12:09:03.1 [ZL] Phase correction: disabled, prescale: 0, phase counts: 2000
03/09/2019 12:09:03.2 [ZL] SetCurrentFoldbackAmps(8, 20) will set 17440 , 216
03/09/2019 12:09:03.2 [ZL] Configuration parameters loaded from 'P:\MethodManagerWorkspaces\LM703\Configuration\Z Axis.xml'. HomeVelocity 20 mm/s, CountsPerMM 2571 cts/mm.
03/09/2019 12:09:03.4 [ZL] Start Hall-based phase initialization.
03/09/2019 12:09:03.4 [ZL] Phases initialized.
03/09/2019 12:09:03.6 [BarCodeZAxis] Instruction Error Status: None
03/09/2019 12:09:03.6 [BarCodeZAxis] Warp3 core version: 99103v1.0 (will support I/O).
03/09/2019 12:09:03.6 [BarCodeZAxis] Configured as an enhanced Warp3 with I/O.
03/09/2019 12:09:03.6 [BarCodeZAxis]   Inputs: False False False False False 
03/09/2019 12:09:03.6 [BarCodeZAxis] Current IP communications rate is 10 mb.
03/09/2019 12:09:03.6 [BarCodeZAxis] IP communications speed is currently set to 10 Mbps.
03/09/2019 12:09:03.7 [BarCodeZAxis] Relative motor limit setting 100.0%, changing limit from 100.0% to 10.0%
03/09/2019 12:09:03.7 [BarCodeZAxis] Phase correction: disabled, prescale: 0, phase counts: 2000
03/09/2019 12:09:03.8 [BarCodeZAxis] SetCurrentFoldbackAmps(2, 5) will set 4360 , 54
03/09/2019 12:09:03.8 [BarCodeZAxis] Configuration parameters loaded from 'P:\MethodManagerWorkspaces\LM703\Configuration\BarCode Z.xml'. HomeVelocity 20 mm/s, CountsPerMM 5538 cts/mm.
03/09/2019 12:09:03.9 [BarCodeZAxis] Start Hall-based phase initialization.
03/09/2019 12:09:03.9 [BarCodeZAxis] Phases initialized.
03/09/2019 12:09:04.1 [YL] Instruction Error Status: None
03/09/2019 12:09:04.1 [YL] Warp3 core version: 99103v1.0 (will support I/O).
03/09/2019 12:09:04.1 [YL] Configured as an enhanced Warp3 with I/O.
03/09/2019 12:09:04.2 [YL]   Inputs: False False False False False 
03/09/2019 12:09:04.2 [YL] Current IP communications rate is 10 mb.
03/09/2019 12:09:04.2 [YL] IP communications speed is currently set to 10 Mbps.
03/09/2019 12:09:04.3 [YL] Relative motor limit setting 100.0%, changing limit from 100.0% to 70.0%
03/09/2019 12:09:04.3 [YL] Phase correction: disabled, prescale: 1, phase counts: 1905
03/09/2019 12:09:04.3 [YL] SetCurrentFoldbackAmps(6, 100) will set 13080 , 1083
03/09/2019 12:09:04.3 [YL] Configuration parameters loaded from 'P:\MethodManagerWorkspaces\LM703\Configuration\Y Axis.xml'. HomeVelocity 20 mm/s, CountsPerMM 2000 cts/mm.
03/09/2019 12:09:04.5 [YL] Start Hall-based phase initialization.
03/09/2019 12:09:04.5 [YL] Phases initialized.
03/09/2019 12:09:04.7 [XL] Instruction Error Status: None
03/09/2019 12:09:04.7 [XL] Warp3 core version: 99103v1.0 (will support I/O).
03/09/2019 12:09:04.7 [XL] Configured as an enhanced Warp3 with I/O.
03/09/2019 12:09:04.7 [XL]   Inputs: False False False False False 
03/09/2019 12:09:04.8 [XL] Current IP communications rate is 10 mb.
03/09/2019 12:09:04.8 [XL] IP communications speed is currently set to 10 Mbps.
03/09/2019 12:09:04.9 [XL] Phase correction: disabled, prescale: 1, phase counts: 1905
03/09/2019 12:09:04.9 [XL] SetCurrentFoldbackAmps(6, 100) will set 13080 , 1083
03/09/2019 12:09:04.9 [XL] Configuration parameters loaded from 'P:\MethodManagerWorkspaces\LM703\Configuration\X Axis.xml'. HomeVelocity 20 mm/s, CountsPerMM 2000 cts/mm.
03/09/2019 12:09:05.1 [XL] Start Hall-based phase initialization.
03/09/2019 12:09:05.1 [XL] Phases initialized.
03/09/2019 12:09:07.2 [VVP96] Get VVP: command 'Aspirate Diagnostics' from 96 channels.
03/09/2019 12:09:07.4 [ZL] Move to Positive limit. Velocity 20 mm/s, accel 40 mm/s2, decel 200 mm/s2, timeout 60 s.
03/09/2019 12:09:08.1 [ZL] Reached limit successfully.
03/09/2019 12:09:08.1 [ZL] Attempting to back off Positive limit.
03/09/2019 12:09:08.7 [ZL] Move off limit completion: Successful (OKReady).
03/09/2019 12:09:08.8 [ZL] Move to limit finished.
03/09/2019 12:09:08.8 [ZL] Establishing new 0 position for the old position 2.19 mm.
03/09/2019 12:09:08.8 [ZL] Timestamp of last successful home: 3/9/2019 12:09:08 PM
03/09/2019 12:09:09.0 [BarCodeZAxis] Move to Negative limit. Velocity 20 mm/s, accel 200 mm/s2, decel 350 mm/s2, timeout 60 s.
03/09/2019 12:09:09.5 [BarCodeZAxis] Reached limit successfully.
03/09/2019 12:09:09.5 [BarCodeZAxis] Attempting to back off Negative limit.
03/09/2019 12:09:09.9 [BarCodeZAxis] Move off limit completion: Successful (OKReady).
03/09/2019 12:09:10.0 [BarCodeZAxis] Move to limit finished.
03/09/2019 12:09:10.0 [BarCodeZAxis] Establishing new 0 position for the old position 0.00 mm.
03/09/2019 12:09:10.0 [BarCodeZAxis] Timestamp of last successful home: 3/9/2019 12:09:10 PM
03/09/2019 12:09:14.1 [YL] Move to Positive limit. Velocity 20 mm/s, accel 200 mm/s2, decel 1000 mm/s2, timeout 60 s.
03/09/2019 12:09:40.8 [YL] Reached limit successfully.
03/09/2019 12:09:40.8 [YL] Attempting to back off Positive limit.
03/09/2019 12:09:41.3 [YL] Move off limit completion: Successful (OKReady).
03/09/2019 12:09:41.3 [YL] Move to limit finished.
03/09/2019 12:09:41.4 [YL] Establishing new 0 position for the old position 523.98 mm.
03/09/2019 12:09:41.4 [YL] Timestamp of last successful home: 3/9/2019 12:09:41 PM
03/09/2019 12:09:41.6 [XL] Move to Positive limit. Velocity 20 mm/s, accel 200 mm/s2, decel 1000 mm/s2, timeout 60 s.
03/09/2019 12:09:49.8 [XL] Reached limit successfully.
03/09/2019 12:09:49.8 [XL] Attempting to back off Positive limit.
03/09/2019 12:09:50.3 [XL] Move off limit completion: Successful (OKReady).
03/09/2019 12:09:50.3 [XL] Move to limit finished.
03/09/2019 12:09:50.4 [XL] Establishing new 0 position for the old position 156.86 mm.
03/09/2019 12:09:50.4 [XL] Timestamp of last successful home: 3/9/2019 12:09:50 PM
[User] Start.
03/09/2019 13:07:31.1 Process 'WeeklyBarrelCheck.met' MethodStarted
03/09/2019 13:07:31.1 Process 'WeeklyBarrelCheck.met'[0] 'Show Message' CommandStarted
03/09/2019 13:07:35.1 Process 'WeeklyBarrelCheck.met'[0] 'Show Message' CommandCompleted
03/09/2019 13:07:35.1 Process 'WeeklyBarrelCheck.met'[1] 'Move To Location(VVP96)' CommandStarted
03/09/2019 13:07:35.1 [Lynx.Move To Location(VVP96).VVP96] Location 'Loc_12' with X/Y offsets 0.00 mm / 0.00 mm.
03/09/2019 13:07:35.1 [Lynx.Move To Location(VVP96).VVP96] Location coords: -145.14 mm, -536.34 mm, -174.43 mm.
03/09/2019 13:07:35.1 [Lynx.Move To Location(VVP96).VVP96] Tool X/Y location offsets: 14.38 mm, 11.24 mm.
03/09/2019 13:07:35.1 [Lynx.Move To Location(VVP96).VVP96] Initial robot X/Y/ZStart/ZEnd coordinates: -159.52 mm, -525.10 mm, -2.00 mm, -2.00 mm, using motion profile 'Mid Speed'.
03/09/2019 13:07:35.1 [Lynx.Move To Location(VVP96).VVP96] Initial axis positions:'XL' -0.07 mm, 'YL' -0.04 mm, 'ZL' 0.00 mm
03/09/2019 13:07:37.8 [Lynx.Move To Location(VVP96).VVP96] Final axis positions:'XL' -159.47 mm, 'YL' -525.06 mm, 'ZL' -2.00 mm
03/09/2019 13:07:37.8 [Lynx.Move To Location(VVP96).VVP96] Time to complete: 2 s.
03/09/2019 13:07:37.8 Process 'WeeklyBarrelCheck.met'[1] 'Move To Location(VVP96)' CommandCompleted
03/09/2019 13:07:37.8 Process 'WeeklyBarrelCheck.met'[2] 'Load Tips(VVP96)' CommandStarted
03/09/2019 13:07:37.8 [Lynx.Load Tips(VVP96).VVP96] Plate 'LXB-96-150F_02', column/row offset (0, 0), X/Y offset (0.00 mm,0.00 mm), height: 0.00 mm.
03/09/2019 13:07:37.8 [Lynx.Load Tips(VVP96).VVP96] No current tip.
03/09/2019 13:07:37.8 [Lynx.Load Tips(VVP96).VVP96] Tip loading depth for tip type 'LXB-96-150F' is 9.4 mm.
03/09/2019 13:07:37.8 [Lynx.Load Tips(VVP96).VVP96] Plate is at location 'Loc_12' (-145.14 mm, -536.34 mm, -174.43 mm) with a stack index of 1.
03/09/2019 13:07:37.8 [Lynx.Load Tips(VVP96).VVP96] Tip loading height adjustment is 0.0 mm and Z axis force limit is 30% of full power.
03/09/2019 13:07:37.8 [Lynx.Load Tips(VVP96).VVP96] Tip loading Z error limit will be 10.0 mm, XY error window will be 50.0 mm, and the XY axis holding force fraction will be 20%
03/09/2019 13:07:37.8 [Lynx.Load Tips(VVP96).VVP96] Initial robot X/Y/ZStart/ZEnd coordinates: -159.52 mm, -525.10 mm, -2.00 mm, -126.83 mm, using motion profile 'Mid Speed'.
03/09/2019 13:07:37.8 [Lynx.Load Tips(VVP96).VVP96] Initial axis positions:'XL' -159.47 mm, 'YL' -525.06 mm, 'ZL' -2.00 mm
03/09/2019 13:07:39.4 [XL] Relative motor limit setting 20.0%, changing limit from 100.0% to 20.0%
03/09/2019 13:07:39.4 [YL] Relative motor limit setting 20.0%, changing limit from 70.0% to 14.0%
03/09/2019 13:07:40.6 [Lynx.Load Tips(VVP96).VVP96] Maximum recorded tip load values: Position error 1.5 mm, motor current 29.9 %
03/09/2019 13:07:40.6 [Lynx.Load Tips(VVP96).VVP96] Tip load Z-axis motion complete.
03/09/2019 13:07:40.6 [Lynx.Load Tips(VVP96).VVP96] Tip load position errors for X/Y/Z: 0.00 mm, -1.31 mm, -1.53 mm
03/09/2019 13:07:40.8 [ZL] Absolute motor limit setting 24.0%, changing limit from 30.0% to 24.0%
03/09/2019 13:07:41.0 [ZL] Absolute motor limit setting 18.0%, changing limit from 24.0% to 18.0%
03/09/2019 13:07:41.1 [ZL] Absolute motor limit setting 12.0%, changing limit from 18.0% to 12.0%
03/09/2019 13:07:41.2 [ZL] Absolute motor limit setting 6.0%, changing limit from 12.0% to 6.0%
03/09/2019 13:07:41.3 [ZL] Relative motor limit setting 100.0%, changing limit from 6.0% to 30.0%
03/09/2019 13:07:43.0 [XL] Relative motor limit setting 100.0%, changing limit from 20.0% to 100.0%
03/09/2019 13:07:43.0 [YL] Relative motor limit setting 100.0%, changing limit from 14.0% to 70.0%
03/09/2019 13:07:43.0 [Lynx.Load Tips(VVP96).VVP96] Final axis positions:'XL' -159.49 mm, 'YL' -525.08 mm, 'ZL' -2.02 mm
03/09/2019 13:07:43.0 [Lynx.Load Tips(VVP96).VVP96] Current tip 'LXB-96-150F'.
03/09/2019 13:07:43.0 [Lynx.Load Tips(VVP96).VVP96] Time to complete: 5 s.
03/09/2019 13:07:43.1 Process 'WeeklyBarrelCheck.met'[2] 'Load Tips(VVP96)' CommandCompleted
03/09/2019 13:07:43.1 Process 'WeeklyBarrelCheck.met'[3] 'Move To Location(VVP96)' CommandStarted
03/09/2019 13:07:43.1 [Lynx.Move To Location(VVP96).VVP96] Location 'Loc_06' with X/Y offsets 0.00 mm / 0.00 mm.
03/09/2019 13:07:43.1 [Lynx.Move To Location(VVP96).VVP96] Location coords: 3.99 mm, -536.05 mm, -174.36 mm.
03/09/2019 13:07:43.1 [Lynx.Move To Location(VVP96).VVP96] Tool X/Y location offsets: 14.38 mm, 11.24 mm.
03/09/2019 13:07:43.1 [Lynx.Move To Location(VVP96).VVP96] Initial robot X/Y/ZStart/ZEnd coordinates: -10.39 mm, -524.81 mm, -2.00 mm, -2.00 mm, using motion profile 'Mid Speed'.
03/09/2019 13:07:43.1 [Lynx.Move To Location(VVP96).VVP96] Initial axis positions:'XL' -159.49 mm, 'YL' -525.07 mm, 'ZL' -2.02 mm
03/09/2019 13:07:44.5 [Lynx.Move To Location(VVP96).VVP96] Final axis positions:'XL' -10.44 mm, 'YL' -524.80 mm, 'ZL' -2.01 mm
03/09/2019 13:07:44.5 [Lynx.Move To Location(VVP96).VVP96] Time to complete: 1 s.
03/09/2019 13:07:44.5 Process 'WeeklyBarrelCheck.met'[3] 'Move To Location(VVP96)' CommandCompleted
03/09/2019 13:07:44.5 Process 'WeeklyBarrelCheck.met'[4] 'Aspirate(VVP96)' CommandStarted
03/09/2019 13:07:44.5 [Lynx.Aspirate(VVP96).VVP96] Plate 'Reservoir_01', column/row offset (0, 0), X/Y offset (0.00 mm,0.00 mm), height: 1.00 mm.
03/09/2019 13:07:44.5 [Lynx.Aspirate(VVP96).VVP96] Current tip 'LXB-96-150F'.
03/09/2019 13:07:44.5 [Lynx.Aspirate(VVP96).VVP96] Plate is at location 'Loc_06' (3.99 mm, -536.05 mm, -174.36 mm) with a stack index of 1.
03/09/2019 13:07:44.5 [Lynx.Aspirate(VVP96).VVP96] VVP Pressure 'Mid-Range Volumes': Pressure 40 mbar, Residual vol. 0.59 uL, Pre/Post delay 0.00/1.00
03/09/2019 13:07:44.5 [Lynx.Aspirate(VVP96).VVP96] Aspirate parameters (96): Ch:A01 120.0uL/0.6uL; Ch:B01 120.0uL/0.6uL; Ch:C01 120.0uL/0.6uL; Ch:D01 120.0uL/0.6uL; Ch:E01 120.0uL/0.6uL; Ch:F01 120.0uL/0.6uL; Ch:G01 120.0uL/0.6uL; Ch:H01 120.0uL/0.6uL; Ch:A02 120.0uL/0.6uL; Ch:B02 120.0uL/0.6uL; Ch:C02 120.0uL/0.6uL; Ch:D02 120.0uL/0.6uL; Ch:E02 120.0uL/0.6uL; Ch:F02 120.0uL/0.6uL; Ch:G02 120.0uL/0.6uL; Ch:H02 120.0uL/0.6uL; Ch:A03 120.0uL/0.6uL; Ch:B03 120.0uL/0.6uL; Ch:C03 120.0uL/0.6uL; Ch:D03 120.0uL/0.6uL; Ch:E03 120.0uL/0.6uL; Ch:F03 120.0uL/0.6uL; Ch:G03 120.0uL/0.6uL; Ch:H03 120.0uL/0.6uL; Ch:A04 120.0uL/0.6uL; Ch:B04 120.0uL/0.6uL; Ch:C04 120.0uL/0.6uL; Ch:D04 120.0uL/0.6uL; Ch:E04 120.0uL/0.6uL; Ch:F04 120.0uL/0.6uL; Ch:G04 120.0uL/0.6uL; Ch:H04 120.0uL/0.6uL; Ch:A05 120.0uL/0.6uL; Ch:B05 120.0uL/0.6uL; Ch:C05 120.0uL/0.6uL; Ch:D05 120.0uL/0.6uL; Ch:E05 120.0uL/0.6uL; Ch:F05 120.0uL/0.6uL; Ch:G05 120.0uL/0.6uL; Ch:H05 120.0uL/0.6uL; Ch:A06 120.0uL/0.6uL; Ch:B06 120.0uL/0.6uL; Ch:C06 120.0uL/0.6uL; Ch:D06 120.0uL/0.6uL; Ch:E06 120.0uL/0.6uL; Ch:F06 120.0uL/0.6uL; Ch:G06 120.0uL/0.6uL; Ch:H06 120.0uL/0.6uL; Ch:A07 120.0uL/0.6uL; Ch:B07 120.0uL/0.6uL; Ch:C07 120.0uL/0.6uL; Ch:D07 120.0uL/0.6uL; Ch:E07 120.0uL/0.6uL; Ch:F07 120.0uL/0.6uL; Ch:G07 120.0uL/0.6uL; Ch:H07 120.0uL/0.6uL; Ch:A08 120.0uL/0.6uL; Ch:B08 120.0uL/0.6uL; Ch:C08 120.0uL/0.6uL; Ch:D08 120.0uL/0.6uL; Ch:E08 120.0uL/0.6uL; Ch:F08 120.0uL/0.6uL; Ch:G08 120.0uL/0.6uL; Ch:H08 120.0uL/0.6uL; Ch:A09 120.0uL/0.6uL; Ch:B09 120.0uL/0.6uL; Ch:C09 120.0uL/0.6uL; Ch:D09 120.0uL/0.6uL; Ch:E09 120.0uL/0.6uL; Ch:F09 120.0uL/0.6uL; Ch:G09 120.0uL/0.6uL; Ch:H09 120.0uL/0.6uL; Ch:A10 120.0uL/0.6uL; Ch:B10 120.0uL/0.6uL; Ch:C10 120.0uL/0.6uL; Ch:D10 120.0uL/0.6uL; Ch:E10 120.0uL/0.6uL; Ch:F10 120.0uL/0.6uL; Ch:G10 120.0uL/0.6uL; Ch:H10 120.0uL/0.6uL; Ch:A11 120.0uL/0.6uL; Ch:B11 120.0uL/0.6uL; Ch:C11 120.0uL/0.6uL; Ch:D11 120.0uL/0.6uL; Ch:E11 120.0uL/0.6uL; Ch:F11 120.0uL/0.6uL; Ch:G11 120.0uL/0.6uL; Ch:H11 120.0uL/0.6uL; Ch:A12 120.0uL/0.6uL; Ch:B12 120.0uL/0.6uL; Ch:C12 120.0uL/0.6uL; Ch:D12 120.0uL/0.6uL; Ch:E12 120.0uL/0.6uL; Ch:F12 120.0uL/0.6uL; Ch:G12 120.0uL/0.6uL; Ch:H12 120.0uL/0.6uL
03/09/2019 13:07:44.5 [Lynx.Aspirate(VVP96).VVP96] Post airgap parameters (96): Ch:A01 0.5uL/0.4uL; Ch:B01 0.5uL/0.4uL; Ch:C01 0.5uL/0.4uL; Ch:D01 0.5uL/0.4uL; Ch:E01 0.5uL/0.4uL; Ch:F01 0.5uL/0.4uL; Ch:G01 0.5uL/0.4uL; Ch:H01 0.5uL/0.4uL; Ch:A02 0.5uL/0.4uL; Ch:B02 0.5uL/0.4uL; Ch:C02 0.5uL/0.4uL; Ch:D02 0.5uL/0.4uL; Ch:E02 0.5uL/0.4uL; Ch:F02 0.5uL/0.4uL; Ch:G02 0.5uL/0.4uL; Ch:H02 0.5uL/0.4uL; Ch:A03 0.5uL/0.4uL; Ch:B03 0.5uL/0.4uL; Ch:C03 0.5uL/0.4uL; Ch:D03 0.5uL/0.4uL; Ch:E03 0.5uL/0.4uL; Ch:F03 0.5uL/0.4uL; Ch:G03 0.5uL/0.4uL; Ch:H03 0.5uL/0.4uL; Ch:A04 0.5uL/0.4uL; Ch:B04 0.5uL/0.4uL; Ch:C04 0.5uL/0.4uL; Ch:D04 0.5uL/0.4uL; Ch:E04 0.5uL/0.4uL; Ch:F04 0.5uL/0.4uL; Ch:G04 0.5uL/0.4uL; Ch:H04 0.5uL/0.4uL; Ch:A05 0.5uL/0.4uL; Ch:B05 0.5uL/0.4uL; Ch:C05 0.5uL/0.4uL; Ch:D05 0.5uL/0.4uL; Ch:E05 0.5uL/0.4uL; Ch:F05 0.5uL/0.4uL; Ch:G05 0.5uL/0.4uL; Ch:H05 0.5uL/0.4uL; Ch:A06 0.5uL/0.4uL; Ch:B06 0.5uL/0.4uL; Ch:C06 0.5uL/0.4uL; Ch:D06 0.5uL/0.4uL; Ch:E06 0.5uL/0.4uL; Ch:F06 0.5uL/0.4uL; Ch:G06 0.5uL/0.4uL; Ch:H06 0.5uL/0.4uL; Ch:A07 0.5uL/0.4uL; Ch:B07 0.5uL/0.4uL; Ch:C07 0.5uL/0.4uL; Ch:D07 0.5uL/0.4uL; Ch:E07 0.5uL/0.4uL; Ch:F07 0.5uL/0.4uL; Ch:G07 0.5uL/0.4uL; Ch:H07 0.5uL/0.4uL; Ch:A08 0.5uL/0.4uL; Ch:B08 0.5uL/0.4uL; Ch:C08 0.5uL/0.4uL; Ch:D08 0.5uL/0.4uL; Ch:E08 0.5uL/0.4uL; Ch:F08 0.5uL/0.4uL; Ch:G08 0.5uL/0.4uL; Ch:H08 0.5uL/0.4uL; Ch:A09 0.5uL/0.4uL; Ch:B09 0.5uL/0.4uL; Ch:C09 0.5uL/0.4uL; Ch:D09 0.5uL/0.4uL; Ch:E09 0.5uL/0.4uL; Ch:F09 0.5uL/0.4uL; Ch:G09 0.5uL/0.4uL; Ch:H09 0.5uL/0.4uL; Ch:A10 0.5uL/0.4uL; Ch:B10 0.5uL/0.4uL; Ch:C10 0.5uL/0.4uL; Ch:D10 0.5uL/0.4uL; Ch:E10 0.5uL/0.4uL; Ch:F10 0.5uL/0.4uL; Ch:G10 0.5uL/0.4uL; Ch:H10 0.5uL/0.4uL; Ch:A11 0.5uL/0.4uL; Ch:B11 0.5uL/0.4uL; Ch:C11 0.5uL/0.4uL; Ch:D11 0.5uL/0.4uL; Ch:E11 0.5uL/0.4uL; Ch:F11 0.5uL/0.4uL; Ch:G11 0.5uL/0.4uL; Ch:H11 0.5uL/0.4uL; Ch:A12 0.5uL/0.4uL; Ch:B12 0.5uL/0.4uL; Ch:C12 0.5uL/0.4uL; Ch:D12 0.5uL/0.4uL; Ch:E12 0.5uL/0.4uL; Ch:F12 0.5uL/0.4uL; Ch:G12 0.5uL/0.4uL; Ch:H12 0.5uL/0.4uL
03/09/2019 13:07:44.6 [Lynx.Aspirate(VVP96).VVP96] Initial robot X/Y/ZStart/ZEnd coordinates: -10.31 mm, -524.85 mm, -127.32 mm, -128.32 mm, using motion profile 'Mid Speed'.
03/09/2019 13:07:44.6 [Lynx.Aspirate(VVP96).VVP96] Initial axis positions:'XL' -10.45 mm, 'YL' -524.80 mm, 'ZL' -2.01 mm
03/09/2019 13:07:46.5 [VVP96] Clog detection is off.
03/09/2019 13:07:46.5 [VVP96] Aspirate diagnostics are off.
03/09/2019 13:07:46.6 [VVP96] Set VVP: command 'Clogging Limit' with setting of 0 for 96 channels.
03/09/2019 13:07:46.8 [VVP96] Set VVP: command 'Air-to-Liquid Sens.' with setting of 0 for 96 channels.
03/09/2019 13:07:47.0 [VVP96] Set VVP: command 'Liquid-to-Air Sens.' with setting of 0 for 96 channels.
03/09/2019 13:07:48.3 [VVP96] VVP Aspirate pressure is 42 mbar.
03/09/2019 13:07:50.1 [VVP96] Aspirate complete.
03/09/2019 13:07:50.8 [VVP96] Average residual volume was 1.11 ul for 96 channels at 40 mbar pressure
03/09/2019 13:07:51.0 [Lynx.Aspirate(VVP96).VVP96] Aspirate results: Ch:A01 120.6uL/1.1uL OK, Ch:B01 120.6uL/1.2uL OK, Ch:C01 120.5uL/1.1uL OK, Ch:D01 120.5uL/1.1uL OK, Ch:E01 120.6uL/1.2uL OK, Ch:F01 120.7uL/1.2uL OK, Ch:G01 120.5uL/1.1uL OK, Ch:H01 120.5uL/1.1uL OK, Ch:A02 120.5uL/1.1uL OK, Ch:B02 120.6uL/1.1uL OK, Ch:C02 120.7uL/1.2uL OK, Ch:D02 120.5uL/1.1uL OK, Ch:E02 120.6uL/1.2uL OK, Ch:F02 120.4uL/1.0uL OK, Ch:G02 120.6uL/1.1uL OK, Ch:H02 120.6uL/1.1uL OK, Ch:A03 120.6uL/1.1uL OK, Ch:B03 120.6uL/1.1uL OK, Ch:C03 120.6uL/1.1uL OK, Ch:D03 120.5uL/1.1uL OK, Ch:E03 120.6uL/1.1uL OK, Ch:F03 120.5uL/1.1uL OK, Ch:G03 120.5uL/1.1uL OK, Ch:H03 120.6uL/1.1uL OK, Ch:A04 120.5uL/1.1uL OK, Ch:B04 120.4uL/1.0uL OK, Ch:C04 120.7uL/1.2uL OK, Ch:D04 120.6uL/1.1uL OK, Ch:E04 120.6uL/1.1uL OK, Ch:F04 120.6uL/1.1uL OK, Ch:G04 120.5uL/1.1uL OK, Ch:H04 120.5uL/1.1uL OK, Ch:A05 120.5uL/1.0uL OK, Ch:B05 120.6uL/1.1uL OK, Ch:C05 120.5uL/1.1uL OK, Ch:D05 120.6uL/1.1uL OK, Ch:E05 120.6uL/1.1uL OK, Ch:F05 120.7uL/1.2uL OK, Ch:G05 120.7uL/1.2uL OK, Ch:H05 120.6uL/1.1uL OK, Ch:A06 120.5uL/1.1uL OK, Ch:B06 120.5uL/1.1uL OK, Ch:C06 120.5uL/1.0uL OK, Ch:D06 120.5uL/1.0uL OK, Ch:E06 120.5uL/1.0uL OK, Ch:F06 120.6uL/1.1uL OK, Ch:G06 120.6uL/1.1uL OK, Ch:H06 120.6uL/1.1uL OK, Ch:A07 120.6uL/1.1uL OK, Ch:B07 120.6uL/1.1uL OK, Ch:C07 120.5uL/1.1uL OK, Ch:D07 120.7uL/1.2uL OK, Ch:E07 120.6uL/1.1uL OK, Ch:F07 120.5uL/1.0uL OK, Ch:G07 120.6uL/1.1uL OK, Ch:H07 120.6uL/1.2uL OK, Ch:A08 120.5uL/1.1uL OK, Ch:B08 120.5uL/1.1uL OK, Ch:C08 120.5uL/1.1uL OK, Ch:D08 120.6uL/1.1uL OK, Ch:E08 120.5uL/1.1uL OK, Ch:F08 120.5uL/1.1uL OK, Ch:G08 120.6uL/1.1uL OK, Ch:H08 120.6uL/1.1uL OK, Ch:A09 120.6uL/1.2uL OK, Ch:B09 120.5uL/1.1uL OK, Ch:C09 120.4uL/1.0uL OK, Ch:D09 120.5uL/1.1uL OK, Ch:E09 120.6uL/1.2uL OK, Ch:F09 120.6uL/1.1uL OK, Ch:G09 120.6uL/1.1uL OK, Ch:H09 120.5uL/1.1uL OK, Ch:A10 120.6uL/1.1uL OK, Ch:B10 120.6uL/1.2uL OK, Ch:C10 120.6uL/1.1uL OK, Ch:D10 120.6uL/1.1uL OK, Ch:E10 120.5uL/1.1uL OK, Ch:F10 120.5uL/1.0uL OK, Ch:G10 120.5uL/1.1uL OK, Ch:H10 120.6uL/1.2uL OK, Ch:A11 120.6uL/1.2uL OK, Ch:B11 120.6uL/1.1uL OK, Ch:C11 120.5uL/1.1uL OK, Ch:D11 120.6uL/1.2uL OK, Ch:E11 120.6uL/1.2uL OK, Ch:F11 120.7uL/1.2uL OK, Ch:G11 120.5uL/1.0uL OK, Ch:H11 120.4uL/1.0uL OK, Ch:A12 120.5uL/1.1uL OK, Ch:B12 120.5uL/1.1uL OK, Ch:C12 120.7uL/1.2uL OK, Ch:D12 120.6uL/1.1uL OK, Ch:E12 120.6uL/1.1uL OK, Ch:F12 120.5uL/1.1uL OK, Ch:G12 120.6uL/1.1uL OK, Ch:H12 120.7uL/1.2uL OK
03/09/2019 13:07:52.0 [Lynx.Aspirate(VVP96).VVP96] Set aspirate pressure for post airgap.
03/09/2019 13:07:53.1 [VVP96] Clog detection is off.
03/09/2019 13:07:53.1 [VVP96] Aspirate diagnostics are off.
03/09/2019 13:07:53.1 [VVP96] Set VVP: command 'Clogging Limit' with setting of 0 for 96 channels.
03/09/2019 13:07:53.3 [VVP96] Set VVP: command 'Air-to-Liquid Sens.' with setting of 0 for 96 channels.
03/09/2019 13:07:53.6 [VVP96] Set VVP: command 'Liquid-to-Air Sens.' with setting of 0 for 96 channels.
03/09/2019 13:07:54.7 [VVP96] VVP Aspirate pressure is 30 mbar.
03/09/2019 13:07:55.2 [VVP96] Aspirate complete.
03/09/2019 13:07:55.8 [VVP96] Average residual volume was 0.69 ul for 96 channels at 30 mbar pressure
03/09/2019 13:07:56.0 [Lynx.Aspirate(VVP96).VVP96] Post airgap results: Ch:A01 0.9uL/0.7uL OK, Ch:B01 0.8uL/0.7uL OK, Ch:C01 0.9uL/0.7uL OK, Ch:D01 0.9uL/0.7uL OK, Ch:E01 0.8uL/0.7uL OK, Ch:F01 0.8uL/0.7uL OK, Ch:G01 0.9uL/0.7uL OK, Ch:H01 0.8uL/0.7uL OK, Ch:A02 0.8uL/0.7uL OK, Ch:B02 0.9uL/0.7uL OK, Ch:C02 0.8uL/0.7uL OK, Ch:D02 0.8uL/0.7uL OK, Ch:E02 0.8uL/0.7uL OK, Ch:F02 0.9uL/0.7uL OK, Ch:G02 0.9uL/0.7uL OK, Ch:H02 0.9uL/0.7uL OK, Ch:A03 0.9uL/0.7uL OK, Ch:B03 0.8uL/0.7uL OK, Ch:C03 0.7uL/0.6uL OK, Ch:D03 0.9uL/0.7uL OK, Ch:E03 0.8uL/0.7uL OK, Ch:F03 0.8uL/0.7uL OK, Ch:G03 0.9uL/0.7uL OK, Ch:H03 0.7uL/0.6uL OK, Ch:A04 0.8uL/0.7uL OK, Ch:B04 0.7uL/0.6uL OK, Ch:C04 0.9uL/0.7uL OK, Ch:D04 0.8uL/0.7uL OK, Ch:E04 0.7uL/0.6uL OK, Ch:F04 0.7uL/0.6uL OK, Ch:G04 0.8uL/0.7uL OK, Ch:H04 0.8uL/0.7uL OK, Ch:A05 0.8uL/0.7uL OK, Ch:B05 0.8uL/0.7uL OK, Ch:C05 0.9uL/0.7uL OK, Ch:D05 0.9uL/0.7uL OK, Ch:E05 0.8uL/0.7uL OK, Ch:F05 0.9uL/0.7uL OK, Ch:G05 0.8uL/0.7uL OK, Ch:H05 0.8uL/0.7uL OK, Ch:A06 0.8uL/0.7uL OK, Ch:B06 0.9uL/0.7uL OK, Ch:C06 0.8uL/0.7uL OK, Ch:D06 0.9uL/0.7uL OK, Ch:E06 0.9uL/0.7uL OK, Ch:F06 0.8uL/0.7uL OK, Ch:G06 0.9uL/0.7uL OK, Ch:H06 0.9uL/0.7uL OK, Ch:A07 0.8uL/0.7uL OK, Ch:B07 0.8uL/0.7uL OK, Ch:C07 0.8uL/0.7uL OK, Ch:D07 0.9uL/0.7uL OK, Ch:E07 0.8uL/0.7uL OK, Ch:F07 0.8uL/0.7uL OK, Ch:G07 1.0uL/0.8uL OK, Ch:H07 0.8uL/0.7uL OK, Ch:A08 0.8uL/0.7uL OK, Ch:B08 0.9uL/0.8uL OK, Ch:C08 0.9uL/0.7uL OK, Ch:D08 0.8uL/0.7uL OK, Ch:E08 0.9uL/0.7uL OK, Ch:F08 0.9uL/0.7uL OK, Ch:G08 0.8uL/0.6uL OK, Ch:H08 0.7uL/0.6uL OK, Ch:A09 0.8uL/0.7uL OK, Ch:B09 0.9uL/0.7uL OK, Ch:C09 0.9uL/0.7uL OK, Ch:D09 0.9uL/0.7uL OK, Ch:E09 1.0uL/0.8uL OK, Ch:F09 0.8uL/0.7uL OK, Ch:G09 0.7uL/0.6uL OK, Ch:H09 0.9uL/0.7uL OK, Ch:A10 0.9uL/0.7uL OK, Ch:B10 0.9uL/0.8uL OK, Ch:C10 0.8uL/0.7uL OK, Ch:D10 0.8uL/0.7uL OK, Ch:E10 0.9uL/0.7uL OK, Ch:F10 0.7uL/0.6uL OK, Ch:G10 0.9uL/0.7uL OK, Ch:H10 0.9uL/0.7uL OK, Ch:A11 0.8uL/0.7uL OK, Ch:B11 0.8uL/0.7uL OK, Ch:C11 0.8uL/0.7uL OK, Ch:D11 0.9uL/0.7uL OK, Ch:E11 0.9uL/0.7uL OK, Ch:F11 0.8uL/0.7uL OK, Ch:G11 0.8uL/0.6uL OK, Ch:H11 0.9uL/0.7uL OK, Ch:A12 0.9uL/0.7uL OK, Ch:B12 0.8uL/0.7uL OK, Ch:C12 0.8uL/0.7uL OK, Ch:D12 0.8uL/0.7uL OK, Ch:E12 0.8uL/0.7uL OK, Ch:F12 1.0uL/0.8uL OK, Ch:G12 0.8uL/0.7uL OK, Ch:H12 0.8uL/0.7uL OK
03/09/2019 13:07:56.0 [Lynx.Aspirate(VVP96).VVP96] Final axis positions:'XL' -10.36 mm, 'YL' -524.83 mm, 'ZL' -79.13 mm
03/09/2019 13:07:56.0 [Lynx.Aspirate(VVP96).VVP96] Time to complete: 11 s.
03/09/2019 13:07:56.1 Process 'WeeklyBarrelCheck.met'[4] 'Aspirate(VVP96)' CommandCompleted
03/09/2019 13:07:56.1 Process 'WeeklyBarrelCheck.met'[5] 'Wait' CommandStarted
03/09/2019 13:08:41.2 Process 'WeeklyBarrelCheck.met'[5] 'Wait' CommandCompleted
03/09/2019 13:08:41.3 Process 'WeeklyBarrelCheck.met'[6] 'Show Message' CommandStarted
03/09/2019 13:08:43.0 Process 'WeeklyBarrelCheck.met'[6] 'Show Message' CommandCompleted
03/09/2019 13:08:43.1 Process 'WeeklyBarrelCheck.met'[7] 'Dispense(VVP96)' CommandStarted
03/09/2019 13:08:43.1 [Lynx.Dispense(VVP96).VVP96] Plate 'Reservoir_01', column/row offset (0, 0), X/Y offset (0.00 mm,0.00 mm), height: 2.00 mm.
03/09/2019 13:08:43.1 [Lynx.Dispense(VVP96).VVP96] Current tip 'LXB-96-150F'.
03/09/2019 13:08:43.1 [Lynx.Dispense(VVP96).VVP96] Plate is at location 'Loc_06' (3.99 mm, -536.05 mm, -174.36 mm) with a stack index of 1.
03/09/2019 13:08:43.1 [Lynx.Dispense(VVP96).VVP96] VVP Pressure 'Mid-Range Volumes': Pressure 40 mbar, Residual vol. 0.64 uL, Pre/Post delay 0.00/1.00
03/09/2019 13:08:43.1 [Lynx.Dispense(VVP96).VVP96] Dispense parameters (96): Ch:A01 121.5uL/0.6uL; Ch:B01 121.4uL/0.6uL; Ch:C01 121.4uL/0.6uL; Ch:D01 121.4uL/0.6uL; Ch:E01 121.4uL/0.6uL; Ch:F01 121.5uL/0.6uL; Ch:G01 121.4uL/0.6uL; Ch:H01 121.3uL/0.6uL; Ch:A02 121.3uL/0.6uL; Ch:B02 121.5uL/0.6uL; Ch:C02 121.5uL/0.6uL; Ch:D02 121.3uL/0.6uL; Ch:E02 121.4uL/0.6uL; Ch:F02 121.3uL/0.6uL; Ch:G02 121.5uL/0.6uL; Ch:H02 121.5uL/0.6uL; Ch:A03 121.5uL/0.6uL; Ch:B03 121.4uL/0.6uL; Ch:C03 121.3uL/0.6uL; Ch:D03 121.4uL/0.6uL; Ch:E03 121.4uL/0.6uL; Ch:F03 121.3uL/0.6uL; Ch:G03 121.4uL/0.6uL; Ch:H03 121.3uL/0.6uL; Ch:A04 121.3uL/0.6uL; Ch:B04 121.1uL/0.6uL; Ch:C04 121.6uL/0.6uL; Ch:D04 121.4uL/0.6uL; Ch:E04 121.3uL/0.6uL; Ch:F04 121.3uL/0.6uL; Ch:G04 121.3uL/0.6uL; Ch:H04 121.3uL/0.6uL; Ch:A05 121.3uL/0.6uL; Ch:B05 121.4uL/0.6uL; Ch:C05 121.4uL/0.6uL; Ch:D05 121.5uL/0.6uL; Ch:E05 121.4uL/0.6uL; Ch:F05 121.6uL/0.6uL; Ch:G05 121.5uL/0.6uL; Ch:H05 121.4uL/0.6uL; Ch:A06 121.3uL/0.6uL; Ch:B06 121.4uL/0.6uL; Ch:C06 121.3uL/0.6uL; Ch:D06 121.4uL/0.6uL; Ch:E06 121.4uL/0.6uL; Ch:F06 121.4uL/0.6uL; Ch:G06 121.5uL/0.6uL; Ch:H06 121.5uL/0.6uL; Ch:A07 121.4uL/0.6uL; Ch:B07 121.4uL/0.6uL; Ch:C07 121.3uL/0.6uL; Ch:D07 121.6uL/0.6uL; Ch:E07 121.4uL/0.6uL; Ch:F07 121.3uL/0.6uL; Ch:G07 121.6uL/0.6uL; Ch:H07 121.4uL/0.6uL; Ch:A08 121.3uL/0.6uL; Ch:B08 121.4uL/0.6uL; Ch:C08 121.4uL/0.6uL; Ch:D08 121.4uL/0.6uL; Ch:E08 121.4uL/0.6uL; Ch:F08 121.4uL/0.6uL; Ch:G08 121.4uL/0.6uL; Ch:H08 121.3uL/0.6uL; Ch:A09 121.4uL/0.6uL; Ch:B09 121.4uL/0.6uL; Ch:C09 121.3uL/0.6uL; Ch:D09 121.4uL/0.6uL; Ch:E09 121.6uL/0.6uL; Ch:F09 121.4uL/0.6uL; Ch:G09 121.3uL/0.6uL; Ch:H09 121.4uL/0.6uL; Ch:A10 121.5uL/0.6uL; Ch:B10 121.5uL/0.6uL; Ch:C10 121.4uL/0.6uL; Ch:D10 121.4uL/0.6uL; Ch:E10 121.4uL/0.6uL; Ch:F10 121.2uL/0.6uL; Ch:G10 121.4uL/0.6uL; Ch:H10 121.5uL/0.6uL; Ch:A11 121.4uL/0.6uL; Ch:B11 121.4uL/0.6uL; Ch:C11 121.3uL/0.6uL; Ch:D11 121.5uL/0.6uL; Ch:E11 121.5uL/0.6uL; Ch:F11 121.5uL/0.6uL; Ch:G11 121.3uL/0.6uL; Ch:H11 121.3uL/0.6uL; Ch:A12 121.4uL/0.6uL; Ch:B12 121.3uL/0.6uL; Ch:C12 121.5uL/0.6uL; Ch:D12 121.4uL/0.6uL; Ch:E12 121.4uL/0.6uL; Ch:F12 121.5uL/0.6uL; Ch:G12 121.4uL/0.6uL; Ch:H12 121.5uL/0.6uL
03/09/2019 13:08:43.1 [Lynx.Dispense(VVP96).VVP96] Post airgap parameters (0): 
03/09/2019 13:08:43.1 [Lynx.Dispense(VVP96).VVP96] Initial robot X/Y/ZStart/ZEnd coordinates: -10.31 mm, -524.85 mm, -126.32 mm, -128.32 mm, using motion profile 'Mid Speed'.
03/09/2019 13:08:43.1 [Lynx.Dispense(VVP96).VVP96] Initial axis positions:'XL' -10.36 mm, 'YL' -524.83 mm, 'ZL' -79.13 mm
03/09/2019 13:08:44.4 [VVP96] Set VVP: command 'Clogging Limit' with setting of 0 for 96 channels.
03/09/2019 13:08:44.7 [VVP96] Set VVP: command 'Air-to-Liquid Sens.' with setting of 0 for 96 channels.
03/09/2019 13:08:44.9 [VVP96] Set VVP: command 'Liquid-to-Air Sens.' with setting of 0 for 96 channels.
03/09/2019 13:08:46.0 [VVP96] VVP Dispense pressure is 41 mbar.
03/09/2019 13:08:47.6 [VVP96] Dispense complete.
03/09/2019 13:08:48.7 [VVP96] Average residual volume was 1.31 ul for 96 channels at 40 mbar pressure
03/09/2019 13:08:48.8 [Lynx.Dispense(VVP96).VVP96] Dispense results: Ch:A01 122.3uL/1.4uL OK, Ch:B01 122.1uL/1.3uL OK, Ch:C01 122.1uL/1.3uL OK, Ch:D01 122.1uL/1.3uL OK, Ch:E01 122.0uL/1.3uL OK, Ch:F01 122.2uL/1.3uL OK, Ch:G01 122.1uL/1.3uL OK, Ch:H01 121.9uL/1.3uL OK, Ch:A02 122.0uL/1.3uL OK, Ch:B02 122.2uL/1.4uL OK, Ch:C02 122.1uL/1.3uL OK, Ch:D02 122.1uL/1.4uL OK, Ch:E02 122.1uL/1.3uL OK, Ch:F02 121.8uL/1.2uL OK, Ch:G02 122.2uL/1.3uL OK, Ch:H02 122.1uL/1.3uL OK, Ch:A03 122.1uL/1.3uL OK, Ch:B03 122.1uL/1.3uL OK, Ch:C03 121.9uL/1.2uL OK, Ch:D03 122.2uL/1.4uL OK, Ch:E03 122.0uL/1.3uL OK, Ch:F03 122.1uL/1.4uL OK, Ch:G03 122.0uL/1.3uL OK, Ch:H03 122.0uL/1.4uL OK, Ch:A04 122.0uL/1.4uL OK, Ch:B04 121.8uL/1.3uL OK, Ch:C04 122.3uL/1.3uL OK, Ch:D04 122.0uL/1.3uL OK, Ch:E04 122.1uL/1.4uL OK, Ch:F04 122.1uL/1.4uL OK, Ch:G04 121.9uL/1.3uL OK, Ch:H04 122.0uL/1.3uL OK, Ch:A05 122.0uL/1.3uL OK, Ch:B05 122.1uL/1.3uL OK, Ch:C05 122.0uL/1.3uL OK, Ch:D05 122.1uL/1.2uL OK, Ch:E05 122.1uL/1.3uL OK, Ch:F05 122.4uL/1.4uL OK, Ch:G05 122.3uL/1.4uL OK, Ch:H05 121.9uL/1.2uL OK, Ch:A06 122.0uL/1.3uL OK, Ch:B06 122.1uL/1.3uL OK, Ch:C06 122.0uL/1.3uL OK, Ch:D06 122.1uL/1.3uL OK, Ch:E06 122.1uL/1.3uL OK, Ch:F06 122.1uL/1.3uL OK, Ch:G06 122.1uL/1.3uL OK, Ch:H06 122.1uL/1.3uL OK, Ch:A07 121.9uL/1.2uL OK, Ch:B07 122.0uL/1.2uL OK, Ch:C07 122.0uL/1.3uL OK, Ch:D07 122.3uL/1.3uL OK, Ch:E07 122.1uL/1.4uL OK, Ch:F07 122.0uL/1.3uL OK, Ch:G07 122.2uL/1.2uL OK, Ch:H07 122.0uL/1.3uL OK, Ch:A08 121.9uL/1.3uL OK, Ch:B08 122.0uL/1.2uL OK, Ch:C08 122.0uL/1.3uL OK, Ch:D08 122.2uL/1.4uL OK, Ch:E08 122.0uL/1.3uL OK, Ch:F08 122.0uL/1.3uL OK, Ch:G08 122.1uL/1.4uL OK, Ch:H08 122.1uL/1.4uL OK, Ch:A09 122.1uL/1.3uL OK, Ch:B09 122.1uL/1.3uL OK, Ch:C09 121.8uL/1.2uL OK, Ch:D09 122.1uL/1.3uL OK, Ch:E09 122.3uL/1.3uL OK, Ch:F09 122.1uL/1.3uL OK, Ch:G09 121.9uL/1.3uL OK, Ch:H09 121.9uL/1.2uL OK, Ch:A10 122.1uL/1.3uL OK, Ch:B10 122.4uL/1.5uL OK, Ch:C10 122.0uL/1.3uL OK, Ch:D10 122.1uL/1.3uL OK, Ch:E10 122.1uL/1.3uL OK, Ch:F10 121.8uL/1.3uL OK, Ch:G10 122.1uL/1.4uL OK, Ch:H10 122.2uL/1.3uL OK, Ch:A11 122.0uL/1.3uL OK, Ch:B11 122.1uL/1.3uL OK, Ch:C11 122.0uL/1.3uL OK, Ch:D11 122.2uL/1.3uL OK, Ch:E11 122.3uL/1.4uL OK, Ch:F11 122.2uL/1.3uL OK, Ch:G11 122.1uL/1.4uL OK, Ch:H11 121.9uL/1.3uL OK, Ch:A12 122.1uL/1.3uL OK, Ch:B12 122.0uL/1.3uL OK, Ch:C12 122.2uL/1.3uL OK, Ch:D12 122.1uL/1.3uL OK, Ch:E12 122.1uL/1.3uL OK, Ch:F12 122.1uL/1.2uL OK, Ch:G12 122.1uL/1.3uL OK, Ch:H12 122.1uL/1.3uL OK
03/09/2019 13:08:51.4 [Lynx.Dispense(VVP96).VVP96] Final axis positions:'XL' -10.36 mm, 'YL' -524.83 mm, 'ZL' -2.02 mm
03/09/2019 13:08:51.5 [Lynx.Dispense(VVP96).VVP96] Time to complete: 8 s.
03/09/2019 13:08:51.5 Process 'WeeklyBarrelCheck.met'[7] 'Dispense(VVP96)' CommandCompleted
03/09/2019 13:08:51.5 Process 'WeeklyBarrelCheck.met'[8] 'Eject Tips(VVP96)' CommandStarted
03/09/2019 13:08:51.5 [Lynx.Eject Tips(VVP96).VVP96] Plate 'LXB-96-150F_02', column/row offset (0, 0), X/Y offset (0.00 mm,0.00 mm), height: 15.00 mm.
03/09/2019 13:08:51.5 [Lynx.Eject Tips(VVP96).VVP96] Current tip 'LXB-96-150F'.
03/09/2019 13:08:51.5 [Lynx.Eject Tips(VVP96).VVP96] Plate is at location 'Loc_12' (-145.14 mm, -536.34 mm, -174.43 mm) with a stack index of 1.
03/09/2019 13:08:51.6 [Lynx.Eject Tips(VVP96).VVP96] Initial robot X/Y/ZStart/ZEnd coordinates: -159.52 mm, -525.10 mm, -2.00 mm, -102.43 mm, using motion profile 'Tip Eject'.
03/09/2019 13:08:51.6 [Lynx.Eject Tips(VVP96).VVP96] Initial axis positions:'XL' -10.36 mm, 'YL' -524.83 mm, 'ZL' -2.02 mm
03/09/2019 13:08:56.6 [VVP96] Tip ejection performed 2 times.
03/09/2019 13:08:58.0 [Lynx.Eject Tips(VVP96).VVP96] No current tip.
03/09/2019 13:08:58.0 [Lynx.Eject Tips(VVP96).VVP96] Time to complete: 6 s.
03/09/2019 13:08:58.0 Process 'WeeklyBarrelCheck.met'[8] 'Eject Tips(VVP96)' CommandCompleted
03/09/2019 13:08:58.0 Process 'WeeklyBarrelCheck.met' MethodCompleted
1 of 1 method(s) completed successfully.
  Concurrent method 'Main' (Main) started at 03/09/2019 13:07:31.0 and finished at 03/09/2019 13:08:58.0

03/09/2019 13:11:48.6 [XL] Closing component connections for Warp 'XL'.
03/09/2019 13:11:48.6 [YL] Closing component connections for Warp 'YL'.
03/09/2019 13:11:48.7 [ZL] Closing component connections for Warp 'ZL'.
03/09/2019 13:11:48.7 [BarCodeZAxis] Closing component connections for Warp 'BarCodeZAxis'.
03/09/2019 13:11:49.3 [Lynx] 
