Workspace 'LM703' modules...
  MethodManagerV4   1.4.6666.27655
  MMCoreDevice   1.4.6666.27650
  MMLiquidHandler   1.4.6666.26302
  Warp3   2.0.6591.13866
  MMVVP   1.4.6666.26303
  MMIOLightTower   1.4.6666.26303
  MMHeadGripper   1.3.6591.14013
The pipette tool 'VVP96' has mandrel type 'MLV' and can load the following tip types:
   Tip type 'LXB-96-150F', loading depth 9.4 mm, Id: baf0d489-a29c-4899-844e-44fbdc6c2c49.
   Tip type 'LXB-96-200NF', loading depth 9.4 mm, Id: 095daefc-e866-4d91-906f-cc7e17eaf3f6.
   Tip type 'LXB-96-300F', loading depth 10.4 mm, Id: d2f37554-e0d6-41ea-8f3d-101c68af7e40.
   Tip type 'LXB-96-300NF', loading depth 10.4 mm, Id: 423ec1e5-0ccf-4946-a441-905f3c9e1fd9.
   Tip type 'LXB-96-950F', loading depth 28.6 mm, Id: 497625a6-73fc-4433-95df-636ceecdc818.
   Tip type 'LXB-96-950F-WB', loading depth 28.6 mm, Id: ca3988bc-a34d-4ad7-ba77-93a37e8cba6d.
   Tip type 'LXB-96-1250NF', loading depth 28.6 mm, Id: 13ba07a3-d5cb-4a96-9ab8-1d418fc383d6.
12/19/2019 07:20:23.7 Tcp notification encountered an error: SocketException: System.Net.Sockets.SocketException (0x80004005): The requested address is not valid in its context 172.18.3.52:0
   at System.Net.Sockets.TcpClient..ctor(String hostname, Int32 port)
   at MethodManager.DX.Interop.MMTcpServer.<>c__DisplayClass5.<SendNotification>b__4()
12/19/2019 07:20:29.2 Process 'InitializeLynx.met' MethodCompleted
1 of 1 method(s) completed successfully.
  Concurrent method 'Main' (Main) started at 12/19/2019 07:20:27.0 and finished at 12/19/2019 07:20:29.2

12/19/2019 07:24:59.2 Process 'ChipLoad_150ul.met' MethodCompleted
1 of 1 method(s) completed successfully.
  Concurrent method 'Main' (Main) started at 12/19/2019 07:23:56.7 and finished at 12/19/2019 07:24:59.2

12/19/2019 07:34:42.3 Process 'Norm.met' MethodCompleted
1 of 1 method(s) completed successfully.
  Concurrent method 'Main' (Main) started at 12/19/2019 07:31:39.8 and finished at 12/19/2019 07:34:42.3

12/19/2019 07:35:40.3 Process 'AndStamp.met' MethodCompleted
1 of 1 method(s) completed successfully.
  Concurrent method 'Main' (Main) started at 12/19/2019 07:34:45.7 and finished at 12/19/2019 07:35:40.3

12/19/2019 07:43:36.6 Process 'ChipLoad_150ul.met' MethodCompleted
1 of 1 method(s) completed successfully.
  Concurrent method 'Main' (Main) started at 12/19/2019 07:42:34.5 and finished at 12/19/2019 07:43:36.6

12/19/2019 08:25:38.7 Process 'Norm.met' MethodCompleted
1 of 1 method(s) completed successfully.
  Concurrent method 'Main' (Main) started at 12/19/2019 08:22:33.9 and finished at 12/19/2019 08:25:38.7

12/19/2019 08:26:34.9 Process 'AndStamp.met' MethodCompleted
1 of 1 method(s) completed successfully.
  Concurrent method 'Main' (Main) started at 12/19/2019 08:25:41.6 and finished at 12/19/2019 08:26:34.9

12/19/2019 08:38:52.1 Process 'ChipLoad_150ul.met' MethodCompleted
1 of 1 method(s) completed successfully.
  Concurrent method 'Main' (Main) started at 12/19/2019 08:37:50.4 and finished at 12/19/2019 08:38:52.1

12/19/2019 08:50:11.9 Process 'Norm.met' MethodCompleted
1 of 1 method(s) completed successfully.
  Concurrent method 'Main' (Main) started at 12/19/2019 08:47:08.0 and finished at 12/19/2019 08:50:11.9

12/19/2019 08:51:08.7 Process 'AndStamp.met' MethodCompleted
1 of 1 method(s) completed successfully.
  Concurrent method 'Main' (Main) started at 12/19/2019 08:50:15.0 and finished at 12/19/2019 08:51:08.7

12/19/2019 09:02:42.1 Process 'ChipLoad_150ul.met' MethodCompleted
1 of 1 method(s) completed successfully.
  Concurrent method 'Main' (Main) started at 12/19/2019 09:01:40.5 and finished at 12/19/2019 09:02:42.1

12/19/2019 09:13:01.1 Process 'Norm.met' MethodCompleted
1 of 1 method(s) completed successfully.
  Concurrent method 'Main' (Main) started at 12/19/2019 09:09:57.5 and finished at 12/19/2019 09:13:01.1

12/19/2019 09:13:58.5 Process 'AndStamp.met' MethodCompleted
1 of 1 method(s) completed successfully.
  Concurrent method 'Main' (Main) started at 12/19/2019 09:13:04.4 and finished at 12/19/2019 09:13:58.5

12/19/2019 09:28:10.2 Process 'ChipLoad_150ul.met' MethodCompleted
1 of 1 method(s) completed successfully.
  Concurrent method 'Main' (Main) started at 12/19/2019 09:27:08.2 and finished at 12/19/2019 09:28:10.2

12/19/2019 10:05:43.7 Process 'Norm.met' MethodCompleted
1 of 1 method(s) completed successfully.
  Concurrent method 'Main' (Main) started at 12/19/2019 10:02:40.1 and finished at 12/19/2019 10:05:43.7

12/19/2019 10:06:39.8 Process 'AndStamp.met' MethodCompleted
1 of 1 method(s) completed successfully.
  Concurrent method 'Main' (Main) started at 12/19/2019 10:05:46.7 and finished at 12/19/2019 10:06:39.8

12/19/2019 10:14:50.1 Process 'ChipLoad_150ul.met' MethodCompleted
1 of 1 method(s) completed successfully.
  Concurrent method 'Main' (Main) started at 12/19/2019 10:13:48.1 and finished at 12/19/2019 10:14:50.1

12/19/2019 10:24:36.2 Process 'Norm.met' MethodCompleted
1 of 1 method(s) completed successfully.
  Concurrent method 'Main' (Main) started at 12/19/2019 10:21:32.0 and finished at 12/19/2019 10:24:36.2

12/19/2019 10:25:32.9 Process 'AndStamp.met' MethodCompleted
1 of 1 method(s) completed successfully.
  Concurrent method 'Main' (Main) started at 12/19/2019 10:24:39.8 and finished at 12/19/2019 10:25:32.9

12/19/2019 10:33:35.7 Process 'ChipLoad_150ul.met' MethodCompleted
1 of 1 method(s) completed successfully.
  Concurrent method 'Main' (Main) started at 12/19/2019 10:32:33.7 and finished at 12/19/2019 10:33:35.7

12/19/2019 10:43:21.9 Process 'Norm.met' MethodCompleted
1 of 1 method(s) completed successfully.
  Concurrent method 'Main' (Main) started at 12/19/2019 10:40:16.7 and finished at 12/19/2019 10:43:21.9

12/19/2019 10:44:18.2 Process 'AndStamp.met' MethodCompleted
1 of 1 method(s) completed successfully.
  Concurrent method 'Main' (Main) started at 12/19/2019 10:43:25.1 and finished at 12/19/2019 10:44:18.2

12/19/2019 10:52:03.1 [VVP96] VVP reports 1 errors in last aspirate: E07
12/19/2019 10:52:45.1 Process 'ChipLoad_150ul.met' MethodCompleted
1 of 1 method(s) completed successfully.
  Concurrent method 'Main' (Main) started at 12/19/2019 10:51:23.2 and finished at 12/19/2019 10:52:45.1

12/19/2019 11:02:31.5 Process 'Norm.met' MethodCompleted
1 of 1 method(s) completed successfully.
  Concurrent method 'Main' (Main) started at 12/19/2019 10:59:28.5 and finished at 12/19/2019 11:02:31.5

12/19/2019 11:03:28.1 Process 'AndStamp.met' MethodCompleted
1 of 1 method(s) completed successfully.
  Concurrent method 'Main' (Main) started at 12/19/2019 11:02:34.6 and finished at 12/19/2019 11:03:28.1

12/19/2019 11:15:23.1 Process 'ChipLoad_150ul.met' MethodCompleted
1 of 1 method(s) completed successfully.
  Concurrent method 'Main' (Main) started at 12/19/2019 11:14:21.0 and finished at 12/19/2019 11:15:23.1

12/19/2019 11:25:09.1 Process 'Norm.met' MethodCompleted
1 of 1 method(s) completed successfully.
  Concurrent method 'Main' (Main) started at 12/19/2019 11:22:04.4 and finished at 12/19/2019 11:25:09.1

12/19/2019 11:26:04.8 Process 'AndStamp.met' MethodCompleted
1 of 1 method(s) completed successfully.
  Concurrent method 'Main' (Main) started at 12/19/2019 11:25:12.0 and finished at 12/19/2019 11:26:04.8

12/19/2019 11:35:04.2 Process 'ChipLoad_150ul.met' MethodCompleted
1 of 1 method(s) completed successfully.
  Concurrent method 'Main' (Main) started at 12/19/2019 11:34:02.5 and finished at 12/19/2019 11:35:04.2

12/19/2019 11:44:50.5 Process 'Norm.met' MethodCompleted
1 of 1 method(s) completed successfully.
  Concurrent method 'Main' (Main) started at 12/19/2019 11:41:47.2 and finished at 12/19/2019 11:44:50.5

12/19/2019 11:45:47.4 Process 'AndStamp.met' MethodCompleted
1 of 1 method(s) completed successfully.
  Concurrent method 'Main' (Main) started at 12/19/2019 11:44:53.4 and finished at 12/19/2019 11:45:47.4

12/19/2019 11:55:14.5 Process 'ChipLoad_150ul.met' MethodCompleted
1 of 1 method(s) completed successfully.
  Concurrent method 'Main' (Main) started at 12/19/2019 11:54:10.7 and finished at 12/19/2019 11:55:14.5

12/19/2019 12:05:07.4 Process 'Norm.met' MethodCompleted
1 of 1 method(s) completed successfully.
  Concurrent method 'Main' (Main) started at 12/19/2019 12:01:58.1 and finished at 12/19/2019 12:05:07.4

12/19/2019 12:06:03.3 Process 'AndStamp.met' MethodCompleted
1 of 1 method(s) completed successfully.
  Concurrent method 'Main' (Main) started at 12/19/2019 12:05:10.4 and finished at 12/19/2019 12:06:03.3

