Workspace 'LM703' modules...
  MethodManagerV4   1.4.6666.27655
  MMCoreDevice   1.4.6666.27650
  MMLiquidHandler   1.4.6666.26302
  Warp3   2.0.6591.13866
  MMVVP   1.4.6666.26303
  MMIOLightTower   1.4.6666.26303
  MMHeadGripper   1.3.6591.14013
The pipette tool 'VVP96' has mandrel type 'MLV' and can load the following tip types:
   Tip type 'LXB-96-150F', loading depth 9.4 mm, Id: baf0d489-a29c-4899-844e-44fbdc6c2c49.
   Tip type 'LXB-96-200NF', loading depth 9.4 mm, Id: 095daefc-e866-4d91-906f-cc7e17eaf3f6.
   Tip type 'LXB-96-300F', loading depth 10.4 mm, Id: d2f37554-e0d6-41ea-8f3d-101c68af7e40.
   Tip type 'LXB-96-300NF', loading depth 10.4 mm, Id: 423ec1e5-0ccf-4946-a441-905f3c9e1fd9.
   Tip type 'LXB-96-950F', loading depth 28.6 mm, Id: 497625a6-73fc-4433-95df-636ceecdc818.
   Tip type 'LXB-96-950F-WB', loading depth 28.6 mm, Id: ca3988bc-a34d-4ad7-ba77-93a37e8cba6d.
   Tip type 'LXB-96-1250NF', loading depth 28.6 mm, Id: 13ba07a3-d5cb-4a96-9ab8-1d418fc383d6.
05/14/2019 13:05:04.2 The command server is monitoring the workspace 'LM703' and is available on 172.18.3.53/1000
05/14/2019 13:10:16.0 [ZL] Instruction Error Status: None
05/14/2019 13:10:16.0 [ZL] Warp3 core version: 99103v1.0 (will support I/O).
05/14/2019 13:10:16.0 [ZL] Configured as an enhanced Warp3 with I/O.
05/14/2019 13:10:16.0 [ZL]   Inputs: False False False False False 
05/14/2019 13:10:16.1 [ZL] Current IP communications rate is 10 mb.
05/14/2019 13:10:16.1 [ZL] IP communications speed is currently set to 10 Mbps.
05/14/2019 13:10:16.2 [ZL] Phase correction: disabled, prescale: 0, phase counts: 2000
05/14/2019 13:10:16.2 [ZL] SetCurrentFoldbackAmps(8, 20) will set 17440 , 216
05/14/2019 13:10:16.3 [ZL] Configuration parameters loaded from 'P:\MethodManagerWorkspaces\LM703\Configuration\Z Axis.xml'. HomeVelocity 20 mm/s, CountsPerMM 2571 cts/mm.
05/14/2019 13:10:16.4 [ZL] Start Hall-based phase initialization.
05/14/2019 13:10:16.4 [ZL] Phases initialized.
05/14/2019 13:10:16.5 [BarCodeZAxis] Instruction Error Status: None
05/14/2019 13:10:16.5 [BarCodeZAxis] Warp3 core version: 99103v1.0 (will support I/O).
05/14/2019 13:10:16.5 [BarCodeZAxis] Configured as an enhanced Warp3 with I/O.
05/14/2019 13:10:16.5 [BarCodeZAxis]   Inputs: False True False False False 
05/14/2019 13:10:16.5 [BarCodeZAxis] Current IP communications rate is 10 mb.
05/14/2019 13:10:16.6 [BarCodeZAxis] IP communications speed is currently set to 10 Mbps.
05/14/2019 13:10:16.6 [BarCodeZAxis] Phase correction: disabled, prescale: 0, phase counts: 2000
05/14/2019 13:10:16.7 [BarCodeZAxis] SetCurrentFoldbackAmps(2, 5) will set 4360 , 54
05/14/2019 13:10:16.7 [BarCodeZAxis] Configuration parameters loaded from 'P:\MethodManagerWorkspaces\LM703\Configuration\BarCode Z.xml'. HomeVelocity 20 mm/s, CountsPerMM 5538 cts/mm.
05/14/2019 13:10:16.8 [BarCodeZAxis] Start Hall-based phase initialization.
05/14/2019 13:10:16.9 [BarCodeZAxis] Phases initialized.
05/14/2019 13:10:16.9 [YL] Instruction Error Status: None
05/14/2019 13:10:16.9 [YL] Warp3 core version: 99103v1.0 (will support I/O).
05/14/2019 13:10:16.9 [YL] Configured as an enhanced Warp3 with I/O.
05/14/2019 13:10:16.9 [YL]   Inputs: False False False False False 
05/14/2019 13:10:17.0 [YL] Current IP communications rate is 10 mb.
05/14/2019 13:10:17.0 [YL] IP communications speed is currently set to 10 Mbps.
05/14/2019 13:10:17.1 [YL] Phase correction: disabled, prescale: 1, phase counts: 1905
05/14/2019 13:10:17.1 [YL] SetCurrentFoldbackAmps(6, 100) will set 13080 , 1083
05/14/2019 13:10:17.1 [YL] Configuration parameters loaded from 'P:\MethodManagerWorkspaces\LM703\Configuration\Y Axis.xml'. HomeVelocity 20 mm/s, CountsPerMM 2000 cts/mm.
05/14/2019 13:10:17.3 [YL] Start Hall-based phase initialization.
05/14/2019 13:10:17.3 [YL] Phases initialized.
05/14/2019 13:10:17.3 [XL] Instruction Error Status: None
05/14/2019 13:10:17.3 [XL] Warp3 core version: 99103v1.0 (will support I/O).
05/14/2019 13:10:17.3 [XL] Configured as an enhanced Warp3 with I/O.
05/14/2019 13:10:17.4 [XL]   Inputs: False False False False False 
05/14/2019 13:10:17.4 [XL] Current IP communications rate is 10 mb.
05/14/2019 13:10:17.4 [XL] IP communications speed is currently set to 10 Mbps.
05/14/2019 13:10:17.5 [XL] Phase correction: disabled, prescale: 1, phase counts: 1905
05/14/2019 13:10:17.5 [XL] SetCurrentFoldbackAmps(6, 100) will set 13080 , 1083
05/14/2019 13:10:17.5 [XL] Configuration parameters loaded from 'P:\MethodManagerWorkspaces\LM703\Configuration\X Axis.xml'. HomeVelocity 20 mm/s, CountsPerMM 2000 cts/mm.
05/14/2019 13:10:17.7 [XL] Start Hall-based phase initialization.
05/14/2019 13:10:17.7 [XL] Phases initialized.
05/14/2019 13:10:20.7 [VVP96] Get VVP: command 'Aspirate Diagnostics' from 96 channels.
05/14/2019 13:10:20.9 [ZL] Move to Positive limit. Velocity 20 mm/s, accel 40 mm/s2, decel 200 mm/s2, timeout 60 s.
05/14/2019 13:10:21.5 [ZL] Reached limit successfully.
05/14/2019 13:10:21.5 [ZL] Attempting to back off Positive limit.
05/14/2019 13:10:22.2 [ZL] Move off limit completion: Successful (OKReady).
05/14/2019 13:10:22.2 [ZL] Move to limit finished.
05/14/2019 13:10:22.3 [ZL] Establishing new 0 position for the old position 0.00 mm.
05/14/2019 13:10:22.3 [ZL] Timestamp of last successful home: 5/14/2019 1:10:22 PM
05/14/2019 13:10:22.5 [BarCodeZAxis] Move to Negative limit. Velocity 20 mm/s, accel 200 mm/s2, decel 350 mm/s2, timeout 60 s.
05/14/2019 13:10:22.9 [BarCodeZAxis] Reached limit successfully.
05/14/2019 13:10:23.0 [BarCodeZAxis] Attempting to back off Negative limit.
05/14/2019 13:10:23.4 [BarCodeZAxis] Move off limit completion: Successful (OKReady).
05/14/2019 13:10:23.4 [BarCodeZAxis] Move to limit finished.
05/14/2019 13:10:23.5 [BarCodeZAxis] Establishing new 0 position for the old position 0.00 mm.
05/14/2019 13:10:23.5 [BarCodeZAxis] Timestamp of last successful home: 5/14/2019 1:10:23 PM
05/14/2019 13:10:24.6 [YL] Move to Positive limit. Velocity 20 mm/s, accel 200 mm/s2, decel 1000 mm/s2, timeout 60 s.
05/14/2019 13:10:40.8 [YL] Reached limit successfully.
05/14/2019 13:10:40.8 [YL] Attempting to back off Positive limit.
05/14/2019 13:10:41.3 [YL] Move off limit completion: Successful (OKReady).
05/14/2019 13:10:41.3 [YL] Move to limit finished.
05/14/2019 13:10:41.3 [YL] Establishing new 0 position for the old position -0.03 mm.
05/14/2019 13:10:41.4 [YL] Timestamp of last successful home: 5/14/2019 1:10:41 PM
05/14/2019 13:10:41.6 [XL] Move to Positive limit. Velocity 20 mm/s, accel 200 mm/s2, decel 1000 mm/s2, timeout 60 s.
05/14/2019 13:10:50.0 [XL] Reached limit successfully.
05/14/2019 13:10:50.0 [XL] Attempting to back off Positive limit.
05/14/2019 13:10:50.5 [XL] Move off limit completion: Successful (OKReady).
05/14/2019 13:10:50.5 [XL] Move to limit finished.
05/14/2019 13:10:50.5 [XL] Establishing new 0 position for the old position -0.02 mm.
05/14/2019 13:10:50.6 [XL] Timestamp of last successful home: 5/14/2019 1:10:50 PM
05/14/2019 13:10:55.1 Tcp notification encountered an error: SocketException: System.Net.Sockets.SocketException (0x80004005): The requested address is not valid in its context 172.18.3.52:0
   at System.Net.Sockets.TcpClient..ctor(String hostname, Int32 port)
   at MethodManager.DX.Interop.MMTcpServer.<>c__DisplayClass5.<SendNotification>b__4()
05/14/2019 13:13:10.0 [XL] Closing component connections for Warp 'XL'.
05/14/2019 13:13:10.0 [YL] Closing component connections for Warp 'YL'.
05/14/2019 13:13:10.0 [ZL] Closing component connections for Warp 'ZL'.
05/14/2019 13:13:10.1 [BarCodeZAxis] Closing component connections for Warp 'BarCodeZAxis'.
05/14/2019 13:13:10.8 [Lynx] 
