Workspace 'LM703' modules...
  MethodManagerV4   1.4.6666.27655
  MMCoreDevice   1.4.6666.27650
  MMLiquidHandler   1.4.6666.26302
  Warp3   2.0.6591.13866
  MMVVP   1.4.6666.26303
  MMIOLightTower   1.4.6666.26303
  MMHeadGripper   1.3.6591.14013
The pipette tool 'VVP96' has mandrel type 'MLV' and can load the following tip types:
   Tip type 'LXB-96-150F', loading depth 9.4 mm, Id: baf0d489-a29c-4899-844e-44fbdc6c2c49.
   Tip type 'LXB-96-200NF', loading depth 9.4 mm, Id: 095daefc-e866-4d91-906f-cc7e17eaf3f6.
   Tip type 'LXB-96-300F', loading depth 10.4 mm, Id: d2f37554-e0d6-41ea-8f3d-101c68af7e40.
   Tip type 'LXB-96-300NF', loading depth 10.4 mm, Id: 423ec1e5-0ccf-4946-a441-905f3c9e1fd9.
   Tip type 'LXB-96-950F', loading depth 28.6 mm, Id: 497625a6-73fc-4433-95df-636ceecdc818.
   Tip type 'LXB-96-950F-WB', loading depth 28.6 mm, Id: ca3988bc-a34d-4ad7-ba77-93a37e8cba6d.
   Tip type 'LXB-96-1250NF', loading depth 28.6 mm, Id: 13ba07a3-d5cb-4a96-9ab8-1d418fc383d6.
02/13/2019 13:02:11.7 The command server is monitoring the workspace 'LM703' and is available on 172.18.3.53/1000
02/13/2019 13:02:21.4 [ZL] Instruction Error Status: None
02/13/2019 13:02:21.4 [ZL] Warp3 core version: 99103v1.0 (will support I/O).
02/13/2019 13:02:21.4 [ZL] Configured as an enhanced Warp3 with I/O.
02/13/2019 13:02:21.5 [ZL]   Inputs: False False False False False 
02/13/2019 13:02:21.6 [ZL] Current IP communications rate is 10 mb.
02/13/2019 13:02:21.6 [ZL] IP communications speed is currently set to 10 Mbps.
02/13/2019 13:02:21.7 [ZL] Phase correction: disabled, prescale: 0, phase counts: 2000
02/13/2019 13:02:21.7 [ZL] SetCurrentFoldbackAmps(8, 20) will set 17440 , 216
02/13/2019 13:02:21.7 [ZL] Configuration parameters loaded from 'P:\MethodManagerWorkspaces\LM703\Configuration\Z Axis.xml'. HomeVelocity 20 mm/s, CountsPerMM 2571 cts/mm.
02/13/2019 13:02:21.9 [ZL] Start Hall-based phase initialization.
02/13/2019 13:02:21.9 [ZL] Phases initialized.
02/13/2019 13:02:21.9 [BarCodeZAxis] Instruction Error Status: None
02/13/2019 13:02:21.9 [BarCodeZAxis] Warp3 core version: 99103v1.0 (will support I/O).
02/13/2019 13:02:22.0 [BarCodeZAxis] Configured as an enhanced Warp3 with I/O.
02/13/2019 13:02:22.0 [BarCodeZAxis]   Inputs: False True False False False 
02/13/2019 13:02:22.0 [BarCodeZAxis] Current IP communications rate is 10 mb.
02/13/2019 13:02:22.0 [BarCodeZAxis] IP communications speed is currently set to 10 Mbps.
02/13/2019 13:02:22.1 [BarCodeZAxis] Phase correction: disabled, prescale: 0, phase counts: 2000
02/13/2019 13:02:22.1 [BarCodeZAxis] SetCurrentFoldbackAmps(2, 5) will set 4360 , 54
02/13/2019 13:02:22.2 [BarCodeZAxis] Configuration parameters loaded from 'P:\MethodManagerWorkspaces\LM703\Configuration\BarCode Z.xml'. HomeVelocity 20 mm/s, CountsPerMM 5538 cts/mm.
02/13/2019 13:02:22.3 [BarCodeZAxis] Start Hall-based phase initialization.
02/13/2019 13:02:22.3 [BarCodeZAxis] Phases initialized.
02/13/2019 13:02:22.4 [YL] Instruction Error Status: None
02/13/2019 13:02:22.4 [YL] Warp3 core version: 99103v1.0 (will support I/O).
02/13/2019 13:02:22.4 [YL] Configured as an enhanced Warp3 with I/O.
02/13/2019 13:02:22.4 [YL]   Inputs: False False False False False 
02/13/2019 13:02:22.4 [YL] Current IP communications rate is 10 mb.
02/13/2019 13:02:22.4 [YL] IP communications speed is currently set to 10 Mbps.
02/13/2019 13:02:22.5 [YL] Phase correction: disabled, prescale: 1, phase counts: 1905
02/13/2019 13:02:22.6 [YL] SetCurrentFoldbackAmps(6, 100) will set 13080 , 1083
02/13/2019 13:02:22.6 [YL] Configuration parameters loaded from 'P:\MethodManagerWorkspaces\LM703\Configuration\Y Axis.xml'. HomeVelocity 20 mm/s, CountsPerMM 2000 cts/mm.
02/13/2019 13:02:22.7 [YL] Start Hall-based phase initialization.
02/13/2019 13:02:22.8 [YL] Phases initialized.
02/13/2019 13:02:22.8 [XL] Instruction Error Status: None
02/13/2019 13:02:22.8 [XL] Warp3 core version: 99103v1.0 (will support I/O).
02/13/2019 13:02:22.8 [XL] Configured as an enhanced Warp3 with I/O.
02/13/2019 13:02:22.8 [XL]   Inputs: False False False False False 
02/13/2019 13:02:22.9 [XL] Current IP communications rate is 10 mb.
02/13/2019 13:02:22.9 [XL] IP communications speed is currently set to 10 Mbps.
02/13/2019 13:02:23.0 [XL] Phase correction: disabled, prescale: 1, phase counts: 1905
02/13/2019 13:02:23.0 [XL] SetCurrentFoldbackAmps(6, 100) will set 13080 , 1083
02/13/2019 13:02:23.0 [XL] Configuration parameters loaded from 'P:\MethodManagerWorkspaces\LM703\Configuration\X Axis.xml'. HomeVelocity 20 mm/s, CountsPerMM 2000 cts/mm.
02/13/2019 13:02:23.2 [XL] Start Hall-based phase initialization.
02/13/2019 13:02:23.2 [XL] Phases initialized.
02/13/2019 13:02:25.6 [VVP96] Get VVP: command 'Aspirate Diagnostics' from 96 channels.
02/13/2019 13:02:25.8 [ZL] Move to Positive limit. Velocity 20 mm/s, accel 40 mm/s2, decel 200 mm/s2, timeout 60 s.
02/13/2019 13:02:26.4 [ZL] Reached limit successfully.
02/13/2019 13:02:26.4 [ZL] Attempting to back off Positive limit.
02/13/2019 13:02:27.1 [ZL] Move off limit completion: Successful (OKReady).
02/13/2019 13:02:27.1 [ZL] Move to limit finished.
02/13/2019 13:02:27.2 [ZL] Establishing new 0 position for the old position 0.00 mm.
02/13/2019 13:02:27.2 [ZL] Timestamp of last successful home: 2/13/2019 1:02:27 PM
02/13/2019 13:02:27.4 [BarCodeZAxis] Move to Negative limit. Velocity 20 mm/s, accel 200 mm/s2, decel 350 mm/s2, timeout 60 s.
02/13/2019 13:02:27.9 [BarCodeZAxis] Reached limit successfully.
02/13/2019 13:02:27.9 [BarCodeZAxis] Attempting to back off Negative limit.
02/13/2019 13:02:28.3 [BarCodeZAxis] Move off limit completion: Successful (OKReady).
02/13/2019 13:02:28.4 [BarCodeZAxis] Move to limit finished.
02/13/2019 13:02:28.4 [BarCodeZAxis] Establishing new 0 position for the old position 0.00 mm.
02/13/2019 13:02:28.5 [BarCodeZAxis] Timestamp of last successful home: 2/13/2019 1:02:28 PM
02/13/2019 13:02:32.6 [YL] Move to Positive limit. Velocity 20 mm/s, accel 200 mm/s2, decel 1000 mm/s2, timeout 60 s.
02/13/2019 13:02:48.8 [YL] Reached limit successfully.
02/13/2019 13:02:48.8 [YL] Attempting to back off Positive limit.
02/13/2019 13:02:49.2 [YL] Move off limit completion: Successful (OKReady).
02/13/2019 13:02:49.3 [YL] Move to limit finished.
02/13/2019 13:02:49.3 [YL] Establishing new 0 position for the old position 0.01 mm.
02/13/2019 13:02:49.4 [YL] Timestamp of last successful home: 2/13/2019 1:02:49 PM
02/13/2019 13:02:49.5 [XL] Move to Positive limit. Velocity 20 mm/s, accel 200 mm/s2, decel 1000 mm/s2, timeout 60 s.
02/13/2019 13:02:58.0 [XL] Reached limit successfully.
02/13/2019 13:02:58.0 [XL] Attempting to back off Positive limit.
02/13/2019 13:02:58.4 [XL] Move off limit completion: Successful (OKReady).
02/13/2019 13:02:58.5 [XL] Move to limit finished.
02/13/2019 13:02:58.5 [XL] Establishing new 0 position for the old position -0.01 mm.
02/13/2019 13:02:58.6 [XL] Timestamp of last successful home: 2/13/2019 1:02:58 PM
02/13/2019 13:09:46.7 [ZL] Closing component connections for Warp 'ZL'.
02/13/2019 13:09:46.7 [ZL] Instruction Error Status: None
02/13/2019 13:09:46.7 [ZL] Warp3 core version: 99103v1.0 (will support I/O).
02/13/2019 13:09:46.7 [ZL] Configured as an enhanced Warp3 with I/O.
02/13/2019 13:09:46.8 [ZL]   Inputs: False False False False False 
02/13/2019 13:09:46.8 [ZL] Current IP communications rate is 10 mb.
02/13/2019 13:09:46.8 [ZL] IP communications speed is currently set to 10 Mbps.
02/13/2019 13:09:46.9 [ZL] Phase correction: disabled, prescale: 0, phase counts: 2000
02/13/2019 13:09:46.9 [ZL] SetCurrentFoldbackAmps(8, 20) will set 17440 , 216
02/13/2019 13:09:46.9 [ZL] Configuration parameters loaded from 'P:\MethodManagerWorkspaces\LM703\Configuration\Z Axis.xml'. HomeVelocity 20 mm/s, CountsPerMM 2571 cts/mm.
02/13/2019 13:09:47.1 [ZL] Start Hall-based phase initialization.
02/13/2019 13:09:47.1 [ZL] Phases initialized.
02/13/2019 13:09:47.2 [BarCodeZAxis] Closing component connections for Warp 'BarCodeZAxis'.
02/13/2019 13:09:47.7 [BarCodeZAxis] Instruction Error Status: None
02/13/2019 13:09:47.7 [BarCodeZAxis] Warp3 core version: 99103v1.0 (will support I/O).
02/13/2019 13:09:47.7 [BarCodeZAxis] Configured as an enhanced Warp3 with I/O.
02/13/2019 13:09:47.7 [BarCodeZAxis]   Inputs: False True False False False 
02/13/2019 13:09:47.8 [BarCodeZAxis] Current IP communications rate is 10 mb.
02/13/2019 13:09:47.8 [BarCodeZAxis] IP communications speed is currently set to 10 Mbps.
02/13/2019 13:09:47.9 [BarCodeZAxis] Phase correction: disabled, prescale: 0, phase counts: 2000
02/13/2019 13:09:47.9 [BarCodeZAxis] SetCurrentFoldbackAmps(2, 5) will set 4360 , 54
02/13/2019 13:09:47.9 [BarCodeZAxis] Configuration parameters loaded from 'P:\MethodManagerWorkspaces\LM703\Configuration\BarCode Z.xml'. HomeVelocity 20 mm/s, CountsPerMM 5538 cts/mm.
02/13/2019 13:09:48.1 [BarCodeZAxis] Start Hall-based phase initialization.
02/13/2019 13:09:48.1 [BarCodeZAxis] Phases initialized.
02/13/2019 13:09:48.2 [YL] Closing component connections for Warp 'YL'.
02/13/2019 13:09:48.4 [YL] Instruction Error Status: None
02/13/2019 13:09:48.5 [YL] Warp3 core version: 99103v1.0 (will support I/O).
02/13/2019 13:09:48.5 [YL] Configured as an enhanced Warp3 with I/O.
02/13/2019 13:09:48.5 [YL]   Inputs: False False False False False 
02/13/2019 13:09:48.5 [YL] Current IP communications rate is 10 mb.
02/13/2019 13:09:48.5 [YL] IP communications speed is currently set to 10 Mbps.
02/13/2019 13:09:48.6 [YL] Phase correction: disabled, prescale: 1, phase counts: 1905
02/13/2019 13:09:48.7 [YL] SetCurrentFoldbackAmps(6, 100) will set 13080 , 1083
02/13/2019 13:09:48.7 [YL] Configuration parameters loaded from 'P:\MethodManagerWorkspaces\LM703\Configuration\Y Axis.xml'. HomeVelocity 20 mm/s, CountsPerMM 2000 cts/mm.
02/13/2019 13:09:48.8 [YL] Start Hall-based phase initialization.
02/13/2019 13:09:48.9 [YL] Phases initialized.
02/13/2019 13:09:48.9 [XL] Closing component connections for Warp 'XL'.
02/13/2019 13:09:49.4 [XL] Instruction Error Status: None
02/13/2019 13:09:49.4 [XL] Warp3 core version: 99103v1.0 (will support I/O).
02/13/2019 13:09:49.5 [XL] Configured as an enhanced Warp3 with I/O.
02/13/2019 13:09:49.5 [XL]   Inputs: False False False False False 
02/13/2019 13:09:49.5 [XL] Current IP communications rate is 10 mb.
02/13/2019 13:09:49.5 [XL] IP communications speed is currently set to 10 Mbps.
02/13/2019 13:09:49.6 [XL] Phase correction: disabled, prescale: 1, phase counts: 1905
02/13/2019 13:09:49.6 [XL] SetCurrentFoldbackAmps(6, 100) will set 13080 , 1083
02/13/2019 13:09:49.7 [XL] Configuration parameters loaded from 'P:\MethodManagerWorkspaces\LM703\Configuration\X Axis.xml'. HomeVelocity 20 mm/s, CountsPerMM 2000 cts/mm.
02/13/2019 13:09:49.8 [XL] Start Hall-based phase initialization.
02/13/2019 13:09:49.8 [XL] Phases initialized.
02/13/2019 13:09:51.7 [VVP96] Get VVP: command 'Aspirate Diagnostics' from 96 channels.
02/13/2019 13:09:52.0 [ZL] Move to Positive limit. Velocity 20 mm/s, accel 40 mm/s2, decel 200 mm/s2, timeout 60 s.
02/13/2019 13:09:52.4 [ZL] Reached limit successfully.
02/13/2019 13:09:52.4 [ZL] Attempting to back off Positive limit.
02/13/2019 13:09:52.8 [ZL] Move off limit completion: Successful (OKReady).
02/13/2019 13:09:52.9 [ZL] Move to limit finished.
02/13/2019 13:09:52.9 [ZL] Establishing new 0 position for the old position 0.00 mm.
02/13/2019 13:09:53.0 [ZL] Timestamp of last successful home: 2/13/2019 1:09:53 PM
02/13/2019 13:09:53.2 [BarCodeZAxis] Move to Negative limit. Velocity 20 mm/s, accel 200 mm/s2, decel 350 mm/s2, timeout 60 s.
02/13/2019 13:09:53.6 [BarCodeZAxis] Reached limit successfully.
02/13/2019 13:09:53.6 [BarCodeZAxis] Attempting to back off Negative limit.
02/13/2019 13:09:54.1 [BarCodeZAxis] Move off limit completion: Successful (OKReady).
02/13/2019 13:09:54.1 [BarCodeZAxis] Move to limit finished.
02/13/2019 13:09:54.2 [BarCodeZAxis] Establishing new 0 position for the old position 0.00 mm.
02/13/2019 13:09:54.2 [BarCodeZAxis] Timestamp of last successful home: 2/13/2019 1:09:54 PM
02/13/2019 13:09:58.3 [YL] Move to Positive limit. Velocity 20 mm/s, accel 200 mm/s2, decel 1000 mm/s2, timeout 60 s.
02/13/2019 13:09:59.2 [YL] Reached limit successfully.
02/13/2019 13:09:59.2 [YL] Attempting to back off Positive limit.
02/13/2019 13:09:59.6 [YL] Move off limit completion: Successful (OKReady).
02/13/2019 13:09:59.7 [YL] Move to limit finished.
02/13/2019 13:09:59.7 [YL] Establishing new 0 position for the old position 0.03 mm.
02/13/2019 13:09:59.8 [YL] Timestamp of last successful home: 2/13/2019 1:09:59 PM
02/13/2019 13:10:00.0 [XL] Move to Positive limit. Velocity 20 mm/s, accel 200 mm/s2, decel 1000 mm/s2, timeout 60 s.
02/13/2019 13:10:00.6 [XL] Reached limit successfully.
02/13/2019 13:10:00.6 [XL] Attempting to back off Positive limit.
02/13/2019 13:10:01.1 [XL] Move off limit completion: Successful (OKReady).
02/13/2019 13:10:01.1 [XL] Move to limit finished.
02/13/2019 13:10:01.2 [XL] Establishing new 0 position for the old position -0.11 mm.
02/13/2019 13:10:01.2 [XL] Timestamp of last successful home: 2/13/2019 1:10:01 PM
02/13/2019 13:10:05.7 Tcp notification encountered an error: SocketException: System.Net.Sockets.SocketException (0x80004005): The requested address is not valid in its context 172.18.3.52:0
   at System.Net.Sockets.TcpClient..ctor(String hostname, Int32 port)
   at MethodManager.DX.Interop.MMTcpServer.<>c__DisplayClass5.<SendNotification>b__4()
02/13/2019 13:10:18.5 Process 'InitializeLynx.met' MethodStarted
02/13/2019 13:10:18.5 Process 'InitializeLynx.met'[0] 'Move To Location(VVP96)' CommandStarted
02/13/2019 13:10:18.6 [Lynx.Move To Location(VVP96).VVP96] Location 'Loc_10' with X/Y offsets 0.00 mm / 0.00 mm.
02/13/2019 13:10:18.6 [Lynx.Move To Location(VVP96).VVP96] Location coords: -145.48 mm, -327.87 mm, -174.72 mm.
02/13/2019 13:10:18.6 [Lynx.Move To Location(VVP96).VVP96] Tool X/Y location offsets: 14.38 mm, 11.24 mm.
02/13/2019 13:10:18.6 [Lynx.Move To Location(VVP96).VVP96] Initial robot X/Y/ZStart/ZEnd coordinates: -159.86 mm, -316.63 mm, -2.00 mm, -2.00 mm, using motion profile 'Mid Speed'.
02/13/2019 13:10:18.6 [Lynx.Move To Location(VVP96).VVP96] Initial axis positions:'XL' -0.05 mm, 'YL' -0.03 mm, 'ZL' 0.00 mm
02/13/2019 13:10:20.7 [Lynx.Move To Location(VVP96).VVP96] Final axis positions:'XL' -159.82 mm, 'YL' -316.60 mm, 'ZL' -2.00 mm
02/13/2019 13:10:20.7 [Lynx.Move To Location(VVP96).VVP96] Time to complete: 2 s.
02/13/2019 13:10:20.7 Process 'InitializeLynx.met'[0] 'Move To Location(VVP96)' CommandCompleted
02/13/2019 13:10:20.8 Process 'InitializeLynx.met' MethodCompleted
1 of 1 method(s) completed successfully.
  Concurrent method 'Main' (Main) started at 02/13/2019 13:10:18.5 and finished at 02/13/2019 13:10:20.8

[User] Step.
02/14/2019 11:30:44.5 Process 'WeeklyBarrelCheck.met' MethodStarted
02/14/2019 11:30:44.5 Process 'WeeklyBarrelCheck.met'[0] 'Show Message' CommandStarted
[UserStop] Stop.
02/14/2019 11:30:50.3 Process 'WeeklyBarrelCheck.met'[0] 'Show Message' CommandInterrupted
02/14/2019 11:30:53.4 Process 'WeeklyBarrelCheck.met' MethodCompleted, A 'Show Message' command was interrupted.
0 of 1 method(s) completed successfully.
  Concurrent method 'Main' (Main) started at 02/14/2019 11:30:44.5 and terminated at 02/14/2019 11:30:53.3
    Terminate reason:QuitSignal
    Command 'Show Message', line 0, was interrupted due to Command is required to exit on Stop signal

[User] Clear errors.
No Device Errors to resolve.
[User] Start.
02/14/2019 11:31:10.3 Process 'WeeklyBarrelCheck.met' MethodStarted
02/14/2019 11:31:10.3 Process 'WeeklyBarrelCheck.met'[0] 'Show Message' CommandStarted
[UserStop] Stop.
02/14/2019 11:31:23.9 Process 'WeeklyBarrelCheck.met'[0] 'Show Message' CommandInterrupted
02/14/2019 11:31:27.9 Process 'WeeklyBarrelCheck.met' MethodCompleted, A 'Show Message' command was interrupted.
0 of 1 method(s) completed successfully.
  Concurrent method 'Main' (Main) started at 02/14/2019 11:31:10.3 and terminated at 02/14/2019 11:31:27.8
    Terminate reason:QuitSignal
    Command 'Show Message', line 0, was interrupted due to Command is required to exit on Stop signal

[User] Step.
02/14/2019 11:38:01.2 Process 'WeeklyBarrelCheck.met' MethodStarted
02/14/2019 11:38:01.2 Process 'WeeklyBarrelCheck.met'[0] 'Show Message' CommandStarted
02/14/2019 11:38:02.9 Process 'WeeklyBarrelCheck.met'[0] 'Show Message' CommandCompleted
02/14/2019 11:38:03.0 Process 'WeeklyBarrelCheck.met' MethodCompleted
1 of 1 method(s) completed successfully.
  Concurrent method 'Main' (Main) started at 02/14/2019 11:38:01.2 and finished at 02/14/2019 11:38:03.0

[User] Step.
02/14/2019 11:38:04.3 Process 'WeeklyBarrelCheck.met' MethodStarted
02/14/2019 11:38:04.3 Process 'WeeklyBarrelCheck.met'[1] 'Move To Location(VVP96)' CommandStarted
02/14/2019 11:38:04.3 [Lynx.Move To Location(VVP96).VVP96] Location 'Loc_06' with X/Y offsets 0.00 mm / 0.00 mm.
02/14/2019 11:38:04.3 [Lynx.Move To Location(VVP96).VVP96] Location coords: 3.99 mm, -536.05 mm, -174.36 mm.
02/14/2019 11:38:04.3 [Lynx.Move To Location(VVP96).VVP96] Tool X/Y location offsets: 14.38 mm, 11.24 mm.
02/14/2019 11:38:04.3 [Lynx.Move To Location(VVP96).VVP96] Initial robot X/Y/ZStart/ZEnd coordinates: -10.39 mm, -524.81 mm, -2.00 mm, -2.00 mm, using motion profile 'Mid Speed'.
02/14/2019 11:38:04.3 [Lynx.Move To Location(VVP96).VVP96] Initial axis positions:'XL' -159.84 mm, 'YL' -316.62 mm, 'ZL' -2.01 mm
02/14/2019 11:38:05.9 [Lynx.Move To Location(VVP96).VVP96] Final axis positions:'XL' -10.47 mm, 'YL' -524.75 mm, 'ZL' -2.01 mm
02/14/2019 11:38:05.9 [Lynx.Move To Location(VVP96).VVP96] Time to complete: 1 s.
02/14/2019 11:38:05.9 Process 'WeeklyBarrelCheck.met'[1] 'Move To Location(VVP96)' CommandCompleted
02/14/2019 11:38:05.9 Process 'WeeklyBarrelCheck.met' MethodCompleted
1 of 1 method(s) completed successfully.
  Concurrent method 'Main' (Main) started at 02/14/2019 11:38:04.3 and finished at 02/14/2019 11:38:05.9

[User] Step.
02/14/2019 11:38:13.9 Process 'WeeklyBarrelCheck.met' MethodStarted
02/14/2019 11:38:13.9 Process 'WeeklyBarrelCheck.met'[2] 'Set Tip Type(VVP96)' CommandStarted
02/14/2019 11:38:14.0 [Lynx.Set Tip Type(VVP96).VVP96] Time to complete: 0 s.
02/14/2019 11:38:14.0 Process 'WeeklyBarrelCheck.met'[2] 'Set Tip Type(VVP96)' CommandCompleted
02/14/2019 11:38:14.0 Process 'WeeklyBarrelCheck.met' MethodCompleted
1 of 1 method(s) completed successfully.
  Concurrent method 'Main' (Main) started at 02/14/2019 11:38:13.9 and finished at 02/14/2019 11:38:14.0

[User] Step.
02/14/2019 11:38:16.4 Process 'WeeklyBarrelCheck.met' MethodStarted
02/14/2019 11:38:16.4 Process 'WeeklyBarrelCheck.met'[3] 'Load Tips(VVP96)' CommandStarted
02/14/2019 11:38:16.4 [Lynx.Load Tips(VVP96).VVP96] Plate 'LXB-96-150F_02', column/row offset (0, 0), X/Y offset (0.00 mm,0.00 mm), height: 0.00 mm.
02/14/2019 11:38:16.4 [Lynx.Load Tips(VVP96).VVP96] Current tip 'LXB-96-150F'.
02/14/2019 11:38:16.4 Process 'WeeklyBarrelCheck.met'[3] 'Load Tips(VVP96)' CommandFailed
02/14/2019 11:38:19.7 Process 'WeeklyBarrelCheck.met' MethodCompleted, A 'Load Tips(VVP96)' command has a logic or parameter error
0 of 1 method(s) completed successfully.
  Concurrent method 'Main' (Main) started at 02/14/2019 11:38:16.4 and terminated at 02/14/2019 11:38:19.6
    Terminate reason:CommandError
    Command 'Load Tips(VVP96)', line 3, was interrupted due to Command 'Load Tips(VVP96)' can not have an existing tip type

[User] Clear errors.
No Device Errors to resolve.
[User] Step.
02/14/2019 11:38:31.1 Process 'WeeklyBarrelCheck.met' MethodStarted
02/14/2019 11:38:31.1 Process 'WeeklyBarrelCheck.met'[2] 'Set Tip Type(VVP96)' CommandStarted
02/14/2019 11:38:31.1 [Lynx.Set Tip Type(VVP96).VVP96] Time to complete: 0 s.
02/14/2019 11:38:31.1 Process 'WeeklyBarrelCheck.met'[2] 'Set Tip Type(VVP96)' CommandCompleted
02/14/2019 11:38:31.1 Process 'WeeklyBarrelCheck.met' MethodCompleted
1 of 1 method(s) completed successfully.
  Concurrent method 'Main' (Main) started at 02/14/2019 11:38:31.1 and finished at 02/14/2019 11:38:31.1

[User] Step.
02/14/2019 11:38:32.6 Process 'WeeklyBarrelCheck.met' MethodStarted
02/14/2019 11:38:32.6 Process 'WeeklyBarrelCheck.met'[3] 'Move To Location(VVP96)' CommandStarted
02/14/2019 11:38:32.6 [Lynx.Move To Location(VVP96).VVP96] Location 'Loc_06' with X/Y offsets 0.00 mm / 0.00 mm.
02/14/2019 11:38:32.6 [Lynx.Move To Location(VVP96).VVP96] Location coords: 3.99 mm, -536.05 mm, -174.36 mm.
02/14/2019 11:38:32.6 [Lynx.Move To Location(VVP96).VVP96] Tool X/Y location offsets: 14.38 mm, 11.24 mm.
02/14/2019 11:38:32.6 [Lynx.Move To Location(VVP96).VVP96] Initial robot X/Y/ZStart/ZEnd coordinates: -10.39 mm, -524.81 mm, -2.00 mm, -2.00 mm, using motion profile 'Mid Speed'.
02/14/2019 11:38:32.6 [Lynx.Move To Location(VVP96).VVP96] Initial axis positions:'XL' -10.45 mm, 'YL' -524.77 mm, 'ZL' -2.01 mm
02/14/2019 11:38:32.8 [Lynx.Move To Location(VVP96).VVP96] Final axis positions:'XL' -10.45 mm, 'YL' -524.77 mm, 'ZL' -2.01 mm
02/14/2019 11:38:32.8 [Lynx.Move To Location(VVP96).VVP96] Time to complete: 0 s.
02/14/2019 11:38:32.8 Process 'WeeklyBarrelCheck.met'[3] 'Move To Location(VVP96)' CommandCompleted
02/14/2019 11:38:32.8 Process 'WeeklyBarrelCheck.met' MethodCompleted
1 of 1 method(s) completed successfully.
  Concurrent method 'Main' (Main) started at 02/14/2019 11:38:32.6 and finished at 02/14/2019 11:38:32.8

[User] Step.
02/14/2019 11:38:58.5 Process 'WeeklyBarrelCheck.met' MethodStarted
02/14/2019 11:38:58.5 Process 'WeeklyBarrelCheck.met'[8] 'Eject Tips(VVP96)' CommandStarted
02/14/2019 11:38:58.5 [Lynx.Eject Tips(VVP96).VVP96] Plate 'LXB-96-150F_01', column/row offset (0, 0), X/Y offset (0.00 mm,0.00 mm), height: 15.00 mm.
02/14/2019 11:38:58.5 [Lynx.Eject Tips(VVP96).VVP96] Current tip 'LXB-96-150F'.
02/14/2019 11:38:58.5 Process 'WeeklyBarrelCheck.met'[8] 'Eject Tips(VVP96)' CommandFailed
02/14/2019 11:39:00.6 Process 'WeeklyBarrelCheck.met' MethodCompleted, A 'Eject Tips(VVP96)' command has a logic or parameter error
0 of 1 method(s) completed successfully.
  Concurrent method 'Main' (Main) started at 02/14/2019 11:38:58.5 and terminated at 02/14/2019 11:39:00.5
    Terminate reason:CommandError
    Command 'Eject Tips(VVP96)', line 8, was interrupted due to Can not locate a top-most plate with either the name or bar code 'LXB-96-150F_01'

[User] Clear errors.
No Device Errors to resolve.
[User] Step.
02/14/2019 11:39:06.5 Process 'WeeklyBarrelCheck.met' MethodStarted
02/14/2019 11:39:06.5 Process 'WeeklyBarrelCheck.met'[0] 'Show Message' CommandStarted
02/14/2019 11:39:07.6 Process 'WeeklyBarrelCheck.met'[0] 'Show Message' CommandCompleted
02/14/2019 11:39:07.6 Process 'WeeklyBarrelCheck.met' MethodCompleted
1 of 1 method(s) completed successfully.
  Concurrent method 'Main' (Main) started at 02/14/2019 11:39:06.5 and finished at 02/14/2019 11:39:07.6

[User] Step.
02/14/2019 11:39:08.6 Process 'WeeklyBarrelCheck.met' MethodStarted
02/14/2019 11:39:08.6 Process 'WeeklyBarrelCheck.met'[1] 'Move To Location(VVP96)' CommandStarted
02/14/2019 11:39:08.7 [Lynx.Move To Location(VVP96).VVP96] Location 'Loc_06' with X/Y offsets 0.00 mm / 0.00 mm.
02/14/2019 11:39:08.7 [Lynx.Move To Location(VVP96).VVP96] Location coords: 3.99 mm, -536.05 mm, -174.36 mm.
02/14/2019 11:39:08.7 [Lynx.Move To Location(VVP96).VVP96] Tool X/Y location offsets: 14.38 mm, 11.24 mm.
02/14/2019 11:39:08.7 [Lynx.Move To Location(VVP96).VVP96] Initial robot X/Y/ZStart/ZEnd coordinates: -10.39 mm, -524.81 mm, -2.00 mm, -2.00 mm, using motion profile 'Mid Speed'.
02/14/2019 11:39:08.7 [Lynx.Move To Location(VVP96).VVP96] Initial axis positions:'XL' -10.45 mm, 'YL' -524.77 mm, 'ZL' -2.01 mm
02/14/2019 11:39:08.8 [Lynx.Move To Location(VVP96).VVP96] Final axis positions:'XL' -10.45 mm, 'YL' -524.77 mm, 'ZL' -2.01 mm
02/14/2019 11:39:08.8 [Lynx.Move To Location(VVP96).VVP96] Time to complete: 0 s.
02/14/2019 11:39:08.8 Process 'WeeklyBarrelCheck.met'[1] 'Move To Location(VVP96)' CommandCompleted
02/14/2019 11:39:08.8 Process 'WeeklyBarrelCheck.met' MethodCompleted
1 of 1 method(s) completed successfully.
  Concurrent method 'Main' (Main) started at 02/14/2019 11:39:08.6 and finished at 02/14/2019 11:39:08.8

[User] Step.
02/14/2019 11:39:10.3 Process 'WeeklyBarrelCheck.met' MethodStarted
02/14/2019 11:39:10.3 Process 'WeeklyBarrelCheck.met'[2] 'Load Tips(VVP96)' CommandStarted
02/14/2019 11:39:10.3 [Lynx.Load Tips(VVP96).VVP96] Plate 'LXB-96-150F_02', column/row offset (0, 0), X/Y offset (0.00 mm,0.00 mm), height: 0.00 mm.
02/14/2019 11:39:10.3 [Lynx.Load Tips(VVP96).VVP96] Current tip 'LXB-96-150F'.
02/14/2019 11:39:10.4 Process 'WeeklyBarrelCheck.met'[2] 'Load Tips(VVP96)' CommandFailed
02/14/2019 11:39:12.6 Process 'WeeklyBarrelCheck.met' MethodCompleted, A 'Load Tips(VVP96)' command has a logic or parameter error
0 of 1 method(s) completed successfully.
  Concurrent method 'Main' (Main) started at 02/14/2019 11:39:10.3 and terminated at 02/14/2019 11:39:12.6
    Terminate reason:CommandError
    Command 'Load Tips(VVP96)', line 2, was interrupted due to Command 'Load Tips(VVP96)' can not have an existing tip type

[User] Step.
02/14/2019 11:39:18.9 Process 'WeeklyBarrelCheck.met' MethodStarted
02/14/2019 11:39:18.9 Process 'WeeklyBarrelCheck.met'[8] 'Eject Tips(VVP96)' CommandStarted
02/14/2019 11:39:18.9 [Lynx.Eject Tips(VVP96).VVP96] Plate 'LXB-96-150F_01', column/row offset (0, 0), X/Y offset (0.00 mm,0.00 mm), height: 15.00 mm.
02/14/2019 11:39:18.9 [Lynx.Eject Tips(VVP96).VVP96] Current tip 'LXB-96-150F'.
02/14/2019 11:39:18.9 Process 'WeeklyBarrelCheck.met'[8] 'Eject Tips(VVP96)' CommandFailed
02/14/2019 11:39:23.4 Process 'WeeklyBarrelCheck.met' MethodCompleted, A 'Eject Tips(VVP96)' command has a logic or parameter error
0 of 1 method(s) completed successfully.
  Concurrent method 'Main' (Main) started at 02/14/2019 11:39:18.8 and terminated at 02/14/2019 11:39:23.3
    Terminate reason:CommandError
    Command 'Eject Tips(VVP96)', line 8, was interrupted due to Can not locate a top-most plate with either the name or bar code 'LXB-96-150F_01'

[User] Step.
02/14/2019 11:39:29.6 Process 'WeeklyBarrelCheck.met' MethodStarted
02/14/2019 11:39:29.7 Process 'WeeklyBarrelCheck.met'[8] 'Eject Tips(VVP96)' CommandStarted
02/14/2019 11:39:29.7 [Lynx.Eject Tips(VVP96).VVP96] Plate 'LXB-96-150F_02', column/row offset (0, 0), X/Y offset (0.00 mm,0.00 mm), height: 15.00 mm.
02/14/2019 11:39:29.7 [Lynx.Eject Tips(VVP96).VVP96] Current tip 'LXB-96-150F'.
02/14/2019 11:39:29.7 [Lynx.Eject Tips(VVP96).VVP96] Plate is at location 'Loc_12' (-145.14 mm, -536.34 mm, -174.43 mm) with a stack index of 1.
02/14/2019 11:39:29.7 [Lynx.Eject Tips(VVP96).VVP96] Initial robot X/Y/ZStart/ZEnd coordinates: -159.52 mm, -525.10 mm, -2.00 mm, -102.43 mm, using motion profile 'Tip Eject'.
02/14/2019 11:39:29.7 [Lynx.Eject Tips(VVP96).VVP96] Initial axis positions:'XL' -10.45 mm, 'YL' -524.78 mm, 'ZL' -2.01 mm
02/14/2019 11:39:34.7 [VVP96] Tip ejection performed 2 times.
02/14/2019 11:39:36.1 [Lynx.Eject Tips(VVP96).VVP96] No current tip.
02/14/2019 11:39:36.1 [Lynx.Eject Tips(VVP96).VVP96] Time to complete: 6 s.
02/14/2019 11:39:36.1 Process 'WeeklyBarrelCheck.met'[8] 'Eject Tips(VVP96)' CommandCompleted
02/14/2019 11:39:36.1 Process 'WeeklyBarrelCheck.met' MethodCompleted
1 of 1 method(s) completed successfully.
  Concurrent method 'Main' (Main) started at 02/14/2019 11:39:29.6 and finished at 02/14/2019 11:39:36.1

[User] Step.
02/14/2019 11:39:41.9 Process 'WeeklyBarrelCheck.met' MethodStarted
02/14/2019 11:39:41.9 Process 'WeeklyBarrelCheck.met'[0] 'Show Message' CommandStarted
02/14/2019 11:39:43.0 Process 'WeeklyBarrelCheck.met'[0] 'Show Message' CommandCompleted
02/14/2019 11:39:43.0 Process 'WeeklyBarrelCheck.met' MethodCompleted
1 of 1 method(s) completed successfully.
  Concurrent method 'Main' (Main) started at 02/14/2019 11:39:41.9 and finished at 02/14/2019 11:39:43.0

[User] Step.
02/14/2019 11:39:45.7 Process 'WeeklyBarrelCheck.met' MethodStarted
02/14/2019 11:39:45.7 Process 'WeeklyBarrelCheck.met'[1] 'Move To Location(VVP96)' CommandStarted
02/14/2019 11:39:45.7 [Lynx.Move To Location(VVP96).VVP96] Location 'Loc_06' with X/Y offsets 0.00 mm / 0.00 mm.
02/14/2019 11:39:45.7 [Lynx.Move To Location(VVP96).VVP96] Location coords: 3.99 mm, -536.05 mm, -174.36 mm.
02/14/2019 11:39:45.7 [Lynx.Move To Location(VVP96).VVP96] Tool X/Y location offsets: 14.38 mm, 11.24 mm.
02/14/2019 11:39:45.7 [Lynx.Move To Location(VVP96).VVP96] Initial robot X/Y/ZStart/ZEnd coordinates: -10.39 mm, -524.81 mm, -2.00 mm, -2.00 mm, using motion profile 'Mid Speed'.
02/14/2019 11:39:45.7 [Lynx.Move To Location(VVP96).VVP96] Initial axis positions:'XL' -159.49 mm, 'YL' -525.07 mm, 'ZL' -2.02 mm
02/14/2019 11:39:47.1 [Lynx.Move To Location(VVP96).VVP96] Final axis positions:'XL' -10.46 mm, 'YL' -524.80 mm, 'ZL' -2.02 mm
02/14/2019 11:39:47.1 [Lynx.Move To Location(VVP96).VVP96] Time to complete: 1 s.
02/14/2019 11:39:47.1 Process 'WeeklyBarrelCheck.met'[1] 'Move To Location(VVP96)' CommandCompleted
02/14/2019 11:39:47.1 Process 'WeeklyBarrelCheck.met' MethodCompleted
1 of 1 method(s) completed successfully.
  Concurrent method 'Main' (Main) started at 02/14/2019 11:39:45.7 and finished at 02/14/2019 11:39:47.1

[User] Step.
02/14/2019 11:39:48.5 Process 'WeeklyBarrelCheck.met' MethodStarted
02/14/2019 11:39:48.5 Process 'WeeklyBarrelCheck.met'[2] 'Load Tips(VVP96)' CommandStarted
02/14/2019 11:39:48.5 [Lynx.Load Tips(VVP96).VVP96] Plate 'LXB-96-150F_02', column/row offset (0, 0), X/Y offset (0.00 mm,0.00 mm), height: 0.00 mm.
02/14/2019 11:39:48.5 [Lynx.Load Tips(VVP96).VVP96] No current tip.
02/14/2019 11:39:48.5 [Lynx.Load Tips(VVP96).VVP96] Tip loading depth for tip type 'LXB-96-150F' is 9.4 mm.
02/14/2019 11:39:48.5 [Lynx.Load Tips(VVP96).VVP96] Plate is at location 'Loc_12' (-145.14 mm, -536.34 mm, -174.43 mm) with a stack index of 1.
02/14/2019 11:39:48.6 [Lynx.Load Tips(VVP96).VVP96] Tip loading height adjustment is 0.0 mm and Z axis force limit is 30% of full power.
02/14/2019 11:39:48.6 [Lynx.Load Tips(VVP96).VVP96] Tip loading Z error limit will be 10.0 mm, XY error window will be 50.0 mm, and the XY axis holding force fraction will be 20%
02/14/2019 11:39:48.6 [Lynx.Load Tips(VVP96).VVP96] Initial robot X/Y/ZStart/ZEnd coordinates: -159.52 mm, -525.10 mm, -2.00 mm, -126.83 mm, using motion profile 'Mid Speed'.
02/14/2019 11:39:48.6 [Lynx.Load Tips(VVP96).VVP96] Initial axis positions:'XL' -10.46 mm, 'YL' -524.80 mm, 'ZL' -2.02 mm
02/14/2019 11:39:51.4 [XL] Relative motor limit setting 20.0%, changing limit from 100.0% to 20.0%
02/14/2019 11:39:51.4 [YL] Relative motor limit setting 20.0%, changing limit from 70.0% to 14.0%
02/14/2019 11:39:52.6 [Lynx.Load Tips(VVP96).VVP96] Maximum recorded tip load values: Position error 0.0 mm, motor current 2.1 %
02/14/2019 11:39:52.6 [Lynx.Load Tips(VVP96).VVP96] Tip load Z-axis motion complete.
02/14/2019 11:39:52.6 [Lynx.Load Tips(VVP96).VVP96] Tip load position errors for X/Y/Z: -0.04 mm, -0.03 mm, 0.00 mm
02/14/2019 11:39:52.9 [ZL] Absolute motor limit setting 24.0%, changing limit from 30.0% to 24.0%
02/14/2019 11:39:53.0 [ZL] Absolute motor limit setting 18.0%, changing limit from 24.0% to 18.0%
02/14/2019 11:39:53.1 [ZL] Absolute motor limit setting 12.0%, changing limit from 18.0% to 12.0%
02/14/2019 11:39:53.2 [ZL] Absolute motor limit setting 6.0%, changing limit from 12.0% to 6.0%
02/14/2019 11:39:53.3 [ZL] Relative motor limit setting 100.0%, changing limit from 6.0% to 30.0%
02/14/2019 11:39:55.1 [XL] Relative motor limit setting 100.0%, changing limit from 20.0% to 100.0%
02/14/2019 11:39:55.1 [YL] Relative motor limit setting 100.0%, changing limit from 14.0% to 70.0%
02/14/2019 11:39:55.1 [Lynx.Load Tips(VVP96).VVP96] Final axis positions:'XL' -159.49 mm, 'YL' -525.07 mm, 'ZL' -2.02 mm
02/14/2019 11:39:55.1 [Lynx.Load Tips(VVP96).VVP96] Current tip 'LXB-96-150F'.
02/14/2019 11:39:55.1 [Lynx.Load Tips(VVP96).VVP96] Time to complete: 6 s.
02/14/2019 11:39:55.1 Process 'WeeklyBarrelCheck.met'[2] 'Load Tips(VVP96)' CommandCompleted
02/14/2019 11:39:55.1 Process 'WeeklyBarrelCheck.met' MethodCompleted
1 of 1 method(s) completed successfully.
  Concurrent method 'Main' (Main) started at 02/14/2019 11:39:48.5 and finished at 02/14/2019 11:39:55.1

[User] Step.
02/14/2019 11:40:00.4 Process 'WeeklyBarrelCheck.met' MethodStarted
02/14/2019 11:40:00.4 Process 'WeeklyBarrelCheck.met'[3] 'Move To Location(VVP96)' CommandStarted
02/14/2019 11:40:00.4 [Lynx.Move To Location(VVP96).VVP96] Location 'Loc_06' with X/Y offsets 0.00 mm / 0.00 mm.
02/14/2019 11:40:00.5 [Lynx.Move To Location(VVP96).VVP96] Location coords: 3.99 mm, -536.05 mm, -174.36 mm.
02/14/2019 11:40:00.5 [Lynx.Move To Location(VVP96).VVP96] Tool X/Y location offsets: 14.38 mm, 11.24 mm.
02/14/2019 11:40:00.5 [Lynx.Move To Location(VVP96).VVP96] Initial robot X/Y/ZStart/ZEnd coordinates: -10.39 mm, -524.81 mm, -2.00 mm, -2.00 mm, using motion profile 'Mid Speed'.
02/14/2019 11:40:00.5 [Lynx.Move To Location(VVP96).VVP96] Initial axis positions:'XL' -159.49 mm, 'YL' -525.07 mm, 'ZL' -2.02 mm
02/14/2019 11:40:01.8 [Lynx.Move To Location(VVP96).VVP96] Final axis positions:'XL' -10.46 mm, 'YL' -524.80 mm, 'ZL' -2.02 mm
02/14/2019 11:40:01.8 [Lynx.Move To Location(VVP96).VVP96] Time to complete: 1 s.
02/14/2019 11:40:01.9 Process 'WeeklyBarrelCheck.met'[3] 'Move To Location(VVP96)' CommandCompleted
02/14/2019 11:40:01.9 Process 'WeeklyBarrelCheck.met' MethodCompleted
1 of 1 method(s) completed successfully.
  Concurrent method 'Main' (Main) started at 02/14/2019 11:40:00.4 and finished at 02/14/2019 11:40:01.9

[User] Step.
02/14/2019 11:40:05.6 Process 'WeeklyBarrelCheck.met' MethodStarted
02/14/2019 11:40:05.6 Process 'WeeklyBarrelCheck.met'[4] 'Aspirate(VVP96)' CommandStarted
02/14/2019 11:40:05.6 [Lynx.Aspirate(VVP96).VVP96] Plate 'Reservoir_01', column/row offset (0, 0), X/Y offset (0.00 mm,0.00 mm), height: 1.00 mm.
02/14/2019 11:40:05.6 [Lynx.Aspirate(VVP96).VVP96] Current tip 'LXB-96-150F'.
02/14/2019 11:40:05.6 [Lynx.Aspirate(VVP96).VVP96] Plate is at location 'Loc_06' (3.99 mm, -536.05 mm, -174.36 mm) with a stack index of 1.
02/14/2019 11:40:05.7 [Lynx.Aspirate(VVP96).VVP96] VVP Pressure 'Mid-Range Volumes': Pressure 40 mbar, Residual vol. 0.59 uL, Pre/Post delay 0.00/1.00
02/14/2019 11:40:05.7 [Lynx.Aspirate(VVP96).VVP96] Aspirate parameters (96): Ch:A01 120.0uL/0.6uL; Ch:B01 120.0uL/0.6uL; Ch:C01 120.0uL/0.6uL; Ch:D01 120.0uL/0.6uL; Ch:E01 120.0uL/0.6uL; Ch:F01 120.0uL/0.6uL; Ch:G01 120.0uL/0.6uL; Ch:H01 120.0uL/0.6uL; Ch:A02 120.0uL/0.6uL; Ch:B02 120.0uL/0.6uL; Ch:C02 120.0uL/0.6uL; Ch:D02 120.0uL/0.6uL; Ch:E02 120.0uL/0.6uL; Ch:F02 120.0uL/0.6uL; Ch:G02 120.0uL/0.6uL; Ch:H02 120.0uL/0.6uL; Ch:A03 120.0uL/0.6uL; Ch:B03 120.0uL/0.6uL; Ch:C03 120.0uL/0.6uL; Ch:D03 120.0uL/0.6uL; Ch:E03 120.0uL/0.6uL; Ch:F03 120.0uL/0.6uL; Ch:G03 120.0uL/0.6uL; Ch:H03 120.0uL/0.6uL; Ch:A04 120.0uL/0.6uL; Ch:B04 120.0uL/0.6uL; Ch:C04 120.0uL/0.6uL; Ch:D04 120.0uL/0.6uL; Ch:E04 120.0uL/0.6uL; Ch:F04 120.0uL/0.6uL; Ch:G04 120.0uL/0.6uL; Ch:H04 120.0uL/0.6uL; Ch:A05 120.0uL/0.6uL; Ch:B05 120.0uL/0.6uL; Ch:C05 120.0uL/0.6uL; Ch:D05 120.0uL/0.6uL; Ch:E05 120.0uL/0.6uL; Ch:F05 120.0uL/0.6uL; Ch:G05 120.0uL/0.6uL; Ch:H05 120.0uL/0.6uL; Ch:A06 120.0uL/0.6uL; Ch:B06 120.0uL/0.6uL; Ch:C06 120.0uL/0.6uL; Ch:D06 120.0uL/0.6uL; Ch:E06 120.0uL/0.6uL; Ch:F06 120.0uL/0.6uL; Ch:G06 120.0uL/0.6uL; Ch:H06 120.0uL/0.6uL; Ch:A07 120.0uL/0.6uL; Ch:B07 120.0uL/0.6uL; Ch:C07 120.0uL/0.6uL; Ch:D07 120.0uL/0.6uL; Ch:E07 120.0uL/0.6uL; Ch:F07 120.0uL/0.6uL; Ch:G07 120.0uL/0.6uL; Ch:H07 120.0uL/0.6uL; Ch:A08 120.0uL/0.6uL; Ch:B08 120.0uL/0.6uL; Ch:C08 120.0uL/0.6uL; Ch:D08 120.0uL/0.6uL; Ch:E08 120.0uL/0.6uL; Ch:F08 120.0uL/0.6uL; Ch:G08 120.0uL/0.6uL; Ch:H08 120.0uL/0.6uL; Ch:A09 120.0uL/0.6uL; Ch:B09 120.0uL/0.6uL; Ch:C09 120.0uL/0.6uL; Ch:D09 120.0uL/0.6uL; Ch:E09 120.0uL/0.6uL; Ch:F09 120.0uL/0.6uL; Ch:G09 120.0uL/0.6uL; Ch:H09 120.0uL/0.6uL; Ch:A10 120.0uL/0.6uL; Ch:B10 120.0uL/0.6uL; Ch:C10 120.0uL/0.6uL; Ch:D10 120.0uL/0.6uL; Ch:E10 120.0uL/0.6uL; Ch:F10 120.0uL/0.6uL; Ch:G10 120.0uL/0.6uL; Ch:H10 120.0uL/0.6uL; Ch:A11 120.0uL/0.6uL; Ch:B11 120.0uL/0.6uL; Ch:C11 120.0uL/0.6uL; Ch:D11 120.0uL/0.6uL; Ch:E11 120.0uL/0.6uL; Ch:F11 120.0uL/0.6uL; Ch:G11 120.0uL/0.6uL; Ch:H11 120.0uL/0.6uL; Ch:A12 120.0uL/0.6uL; Ch:B12 120.0uL/0.6uL; Ch:C12 120.0uL/0.6uL; Ch:D12 120.0uL/0.6uL; Ch:E12 120.0uL/0.6uL; Ch:F12 120.0uL/0.6uL; Ch:G12 120.0uL/0.6uL; Ch:H12 120.0uL/0.6uL
02/14/2019 11:40:05.7 [Lynx.Aspirate(VVP96).VVP96] Post airgap parameters (0): 
02/14/2019 11:40:05.7 [Lynx.Aspirate(VVP96).VVP96] Initial robot X/Y/ZStart/ZEnd coordinates: -10.31 mm, -524.85 mm, -127.32 mm, -128.32 mm, using motion profile 'Tip Load'.
02/14/2019 11:40:05.7 [Lynx.Aspirate(VVP96).VVP96] Initial axis positions:'XL' -10.46 mm, 'YL' -524.80 mm, 'ZL' -2.02 mm
02/14/2019 11:40:18.9 [VVP96] Clog detection is off.
02/14/2019 11:40:18.9 [VVP96] Aspirate diagnostics are off.
02/14/2019 11:40:19.0 [VVP96] Set VVP: command 'Clogging Limit' with setting of 0 for 96 channels.
02/14/2019 11:40:19.2 [VVP96] Set VVP: command 'Air-to-Liquid Sens.' with setting of 0 for 96 channels.
02/14/2019 11:40:19.4 [VVP96] Set VVP: command 'Liquid-to-Air Sens.' with setting of 0 for 96 channels.
02/14/2019 11:40:20.6 [VVP96] VVP Aspirate pressure is 40 mbar.
02/14/2019 11:40:22.2 [VVP96] Aspirate complete.
02/14/2019 11:40:22.9 [VVP96] Average residual volume was 1.16 ul for 96 channels at 40 mbar pressure
02/14/2019 11:40:23.1 [Lynx.Aspirate(VVP96).VVP96] Aspirate results: Ch:A01 120.6uL/1.1uL OK, Ch:B01 120.6uL/1.2uL OK, Ch:C01 120.6uL/1.1uL OK, Ch:D01 120.7uL/1.2uL OK, Ch:E01 120.7uL/1.2uL OK, Ch:F01 120.7uL/1.2uL OK, Ch:G01 120.5uL/1.1uL OK, Ch:H01 120.7uL/1.2uL OK, Ch:A02 120.6uL/1.1uL OK, Ch:B02 120.7uL/1.2uL OK, Ch:C02 120.7uL/1.2uL OK, Ch:D02 120.7uL/1.2uL OK, Ch:E02 120.6uL/1.2uL OK, Ch:F02 120.4uL/1.0uL OK, Ch:G02 120.6uL/1.1uL OK, Ch:H02 120.5uL/1.1uL OK, Ch:A03 120.6uL/1.2uL OK, Ch:B03 120.7uL/1.2uL OK, Ch:C03 120.5uL/1.1uL OK, Ch:D03 120.6uL/1.2uL OK, Ch:E03 120.6uL/1.1uL OK, Ch:F03 120.7uL/1.2uL OK, Ch:G03 120.7uL/1.2uL OK, Ch:H03 120.5uL/1.1uL OK, Ch:A04 120.7uL/1.2uL OK, Ch:B04 120.5uL/1.0uL OK, Ch:C04 120.7uL/1.2uL OK, Ch:D04 120.6uL/1.1uL OK, Ch:E04 120.7uL/1.2uL OK, Ch:F04 120.6uL/1.1uL OK, Ch:G04 120.7uL/1.2uL OK, Ch:H04 120.5uL/1.1uL OK, Ch:A05 120.6uL/1.1uL OK, Ch:B05 120.5uL/1.1uL OK, Ch:C05 120.5uL/1.1uL OK, Ch:D05 120.6uL/1.1uL OK, Ch:E05 120.6uL/1.2uL OK, Ch:F05 120.8uL/1.3uL OK, Ch:G05 120.8uL/1.3uL OK, Ch:H05 120.6uL/1.2uL OK, Ch:A06 120.7uL/1.2uL OK, Ch:B06 120.6uL/1.1uL OK, Ch:C06 120.6uL/1.1uL OK, Ch:D06 120.6uL/1.1uL OK, Ch:E06 120.7uL/1.2uL OK, Ch:F06 120.5uL/1.1uL OK, Ch:G06 120.6uL/1.1uL OK, Ch:H06 120.6uL/1.2uL OK, Ch:A07 120.6uL/1.2uL OK, Ch:B07 120.6uL/1.1uL OK, Ch:C07 120.6uL/1.2uL OK, Ch:D07 120.7uL/1.2uL OK, Ch:E07 120.7uL/1.2uL OK, Ch:F07 120.6uL/1.1uL OK, Ch:G07 120.5uL/1.1uL OK, Ch:H07 120.7uL/1.2uL OK, Ch:A08 120.7uL/1.2uL OK, Ch:B08 120.6uL/1.2uL OK, Ch:C08 120.7uL/1.2uL OK, Ch:D08 120.5uL/1.1uL OK, Ch:E08 120.7uL/1.2uL OK, Ch:F08 120.7uL/1.2uL OK, Ch:G08 120.6uL/1.1uL OK, Ch:H08 120.7uL/1.2uL OK, Ch:A09 120.6uL/1.2uL OK, Ch:B09 120.6uL/1.1uL OK, Ch:C09 120.6uL/1.1uL OK, Ch:D09 120.7uL/1.2uL OK, Ch:E09 120.7uL/1.2uL OK, Ch:F09 120.7uL/1.2uL OK, Ch:G09 120.7uL/1.2uL OK, Ch:H09 120.6uL/1.2uL OK, Ch:A10 120.7uL/1.2uL OK, Ch:B10 120.8uL/1.3uL OK, Ch:C10 120.7uL/1.2uL OK, Ch:D10 120.5uL/1.1uL OK, Ch:E10 120.5uL/1.1uL OK, Ch:F10 120.6uL/1.1uL OK, Ch:G10 120.6uL/1.1uL OK, Ch:H10 120.7uL/1.2uL OK, Ch:A11 120.7uL/1.2uL OK, Ch:B11 120.7uL/1.2uL OK, Ch:C11 120.7uL/1.2uL OK, Ch:D11 120.7uL/1.2uL OK, Ch:E11 120.6uL/1.2uL OK, Ch:F11 120.7uL/1.3uL OK, Ch:G11 120.5uL/1.0uL OK, Ch:H11 120.5uL/1.1uL OK, Ch:A12 120.6uL/1.2uL OK, Ch:B12 120.7uL/1.2uL OK, Ch:C12 120.7uL/1.2uL OK, Ch:D12 120.6uL/1.1uL OK, Ch:E12 120.7uL/1.2uL OK, Ch:F12 120.7uL/1.2uL OK, Ch:G12 120.6uL/1.1uL OK, Ch:H12 120.7uL/1.2uL OK
02/14/2019 11:40:25.7 [Lynx.Aspirate(VVP96).VVP96] Final axis positions:'XL' -10.37 mm, 'YL' -524.83 mm, 'ZL' -2.02 mm
02/14/2019 11:40:25.8 [Lynx.Aspirate(VVP96).VVP96] Time to complete: 20 s.
02/14/2019 11:40:25.8 Process 'WeeklyBarrelCheck.met'[4] 'Aspirate(VVP96)' CommandCompleted
02/14/2019 11:40:25.8 Process 'WeeklyBarrelCheck.met' MethodCompleted
1 of 1 method(s) completed successfully.
  Concurrent method 'Main' (Main) started at 02/14/2019 11:40:05.6 and finished at 02/14/2019 11:40:25.8

[User] Step.
02/14/2019 11:40:27.1 Process 'WeeklyBarrelCheck.met' MethodStarted
02/14/2019 11:40:27.1 Process 'WeeklyBarrelCheck.met'[5] 'Wait' CommandStarted
[UserStop] Stop.
02/14/2019 11:40:31.5 Process 'WeeklyBarrelCheck.met'[5] 'Wait' CommandInterrupted
02/14/2019 11:40:33.2 Process 'WeeklyBarrelCheck.met' MethodCompleted, A 'Wait' command was interrupted.
0 of 1 method(s) completed successfully.
  Concurrent method 'Main' (Main) started at 02/14/2019 11:40:27.1 and terminated at 02/14/2019 11:40:33.1
    Terminate reason:QuitSignal
    Command 'Wait', line 5, was interrupted due to Command is required to exit on Stop signal

[User] Step.
02/14/2019 11:40:50.6 Process 'WeeklyBarrelCheck.met' MethodStarted
02/14/2019 11:40:50.6 Process 'WeeklyBarrelCheck.met'[8] 'Eject Tips(VVP96)' CommandStarted
02/14/2019 11:40:50.6 [Lynx.Eject Tips(VVP96).VVP96] Plate 'LXB-96-150F_02', column/row offset (0, 0), X/Y offset (0.00 mm,0.00 mm), height: 15.00 mm.
02/14/2019 11:40:50.6 [Lynx.Eject Tips(VVP96).VVP96] Current tip 'LXB-96-150F'.
02/14/2019 11:40:50.6 [Lynx.Eject Tips(VVP96).VVP96] Plate is at location 'Loc_12' (-145.14 mm, -536.34 mm, -174.43 mm) with a stack index of 1.
02/14/2019 11:40:50.6 [Lynx.Eject Tips(VVP96).VVP96] Initial robot X/Y/ZStart/ZEnd coordinates: -159.52 mm, -525.10 mm, -2.00 mm, -102.43 mm, using motion profile 'Tip Eject'.
02/14/2019 11:40:50.6 [Lynx.Eject Tips(VVP96).VVP96] Initial axis positions:'XL' -10.37 mm, 'YL' -524.83 mm, 'ZL' -2.02 mm
02/14/2019 11:40:55.6 [VVP96] Tip ejection performed 2 times.
02/14/2019 11:40:57.0 [Lynx.Eject Tips(VVP96).VVP96] No current tip.
02/14/2019 11:40:57.0 [Lynx.Eject Tips(VVP96).VVP96] Time to complete: 6 s.
02/14/2019 11:40:57.0 Process 'WeeklyBarrelCheck.met'[8] 'Eject Tips(VVP96)' CommandCompleted
02/14/2019 11:40:57.0 Process 'WeeklyBarrelCheck.met' MethodCompleted
1 of 1 method(s) completed successfully.
  Concurrent method 'Main' (Main) started at 02/14/2019 11:40:50.6 and finished at 02/14/2019 11:40:57.0

[User] Start.
02/14/2019 11:47:46.5 Process 'WeeklyBarrelCheck.met' MethodStarted
02/14/2019 11:47:46.5 Process 'WeeklyBarrelCheck.met'[0] 'Show Message' CommandStarted
02/14/2019 11:47:47.9 Process 'WeeklyBarrelCheck.met'[0] 'Show Message' CommandCompleted
02/14/2019 11:47:47.9 Process 'WeeklyBarrelCheck.met'[1] 'Move To Location(VVP96)' CommandStarted
02/14/2019 11:47:47.9 [Lynx.Move To Location(VVP96).VVP96] Location 'Loc_12' with X/Y offsets 0.00 mm / 0.00 mm.
02/14/2019 11:47:47.9 [Lynx.Move To Location(VVP96).VVP96] Location coords: -145.14 mm, -536.34 mm, -174.43 mm.
02/14/2019 11:47:47.9 [Lynx.Move To Location(VVP96).VVP96] Tool X/Y location offsets: 14.38 mm, 11.24 mm.
02/14/2019 11:47:47.9 [Lynx.Move To Location(VVP96).VVP96] Initial robot X/Y/ZStart/ZEnd coordinates: -159.52 mm, -525.10 mm, -2.00 mm, -2.00 mm, using motion profile 'Mid Speed'.
02/14/2019 11:47:47.9 [Lynx.Move To Location(VVP96).VVP96] Initial axis positions:'XL' -159.49 mm, 'YL' -525.08 mm, 'ZL' -2.02 mm
02/14/2019 11:47:48.1 [Lynx.Move To Location(VVP96).VVP96] Final axis positions:'XL' -159.49 mm, 'YL' -525.08 mm, 'ZL' -2.02 mm
02/14/2019 11:47:48.1 [Lynx.Move To Location(VVP96).VVP96] Time to complete: 0 s.
02/14/2019 11:47:48.1 Process 'WeeklyBarrelCheck.met'[1] 'Move To Location(VVP96)' CommandCompleted
02/14/2019 11:47:48.1 Process 'WeeklyBarrelCheck.met'[2] 'Load Tips(VVP96)' CommandStarted
02/14/2019 11:47:48.1 [Lynx.Load Tips(VVP96).VVP96] Plate 'LXB-96-150F_02', column/row offset (0, 0), X/Y offset (0.00 mm,0.00 mm), height: 0.00 mm.
02/14/2019 11:47:48.1 [Lynx.Load Tips(VVP96).VVP96] No current tip.
02/14/2019 11:47:48.1 [Lynx.Load Tips(VVP96).VVP96] Tip loading depth for tip type 'LXB-96-150F' is 9.4 mm.
02/14/2019 11:47:48.1 [Lynx.Load Tips(VVP96).VVP96] Plate is at location 'Loc_12' (-145.14 mm, -536.34 mm, -174.43 mm) with a stack index of 1.
02/14/2019 11:47:48.1 [Lynx.Load Tips(VVP96).VVP96] Tip loading height adjustment is 0.0 mm and Z axis force limit is 30% of full power.
02/14/2019 11:47:48.1 [Lynx.Load Tips(VVP96).VVP96] Tip loading Z error limit will be 10.0 mm, XY error window will be 50.0 mm, and the XY axis holding force fraction will be 20%
02/14/2019 11:47:48.1 [Lynx.Load Tips(VVP96).VVP96] Initial robot X/Y/ZStart/ZEnd coordinates: -159.52 mm, -525.10 mm, -2.00 mm, -126.83 mm, using motion profile 'Mid Speed'.
02/14/2019 11:47:48.1 [Lynx.Load Tips(VVP96).VVP96] Initial axis positions:'XL' -159.49 mm, 'YL' -525.08 mm, 'ZL' -2.02 mm
02/14/2019 11:47:49.7 [XL] Relative motor limit setting 20.0%, changing limit from 100.0% to 20.0%
02/14/2019 11:47:49.7 [YL] Relative motor limit setting 20.0%, changing limit from 70.0% to 14.0%
02/14/2019 11:47:50.9 [Lynx.Load Tips(VVP96).VVP96] Maximum recorded tip load values: Position error 1.5 mm, motor current 29.0 %
02/14/2019 11:47:50.9 [Lynx.Load Tips(VVP96).VVP96] Tip load Z-axis motion complete.
02/14/2019 11:47:50.9 [Lynx.Load Tips(VVP96).VVP96] Tip load position errors for X/Y/Z: 0.01 mm, -1.22 mm, -1.50 mm
02/14/2019 11:47:51.1 [ZL] Absolute motor limit setting 24.0%, changing limit from 30.0% to 24.0%
02/14/2019 11:47:51.2 [ZL] Absolute motor limit setting 18.0%, changing limit from 24.0% to 18.0%
02/14/2019 11:47:51.3 [ZL] Absolute motor limit setting 12.0%, changing limit from 18.0% to 12.0%
02/14/2019 11:47:51.5 [ZL] Absolute motor limit setting 6.0%, changing limit from 12.0% to 6.0%
02/14/2019 11:47:51.6 [ZL] Relative motor limit setting 100.0%, changing limit from 6.0% to 30.0%
02/14/2019 11:47:53.3 [XL] Relative motor limit setting 100.0%, changing limit from 20.0% to 100.0%
02/14/2019 11:47:53.3 [YL] Relative motor limit setting 100.0%, changing limit from 14.0% to 70.0%
02/14/2019 11:47:53.3 [Lynx.Load Tips(VVP96).VVP96] Final axis positions:'XL' -159.50 mm, 'YL' -525.08 mm, 'ZL' -2.02 mm
02/14/2019 11:47:53.3 [Lynx.Load Tips(VVP96).VVP96] Current tip 'LXB-96-150F'.
02/14/2019 11:47:53.3 [Lynx.Load Tips(VVP96).VVP96] Time to complete: 5 s.
02/14/2019 11:47:53.3 Process 'WeeklyBarrelCheck.met'[2] 'Load Tips(VVP96)' CommandCompleted
02/14/2019 11:47:53.4 Process 'WeeklyBarrelCheck.met'[3] 'Move To Location(VVP96)' CommandStarted
02/14/2019 11:47:53.4 [Lynx.Move To Location(VVP96).VVP96] Location 'Loc_06' with X/Y offsets 0.00 mm / 0.00 mm.
02/14/2019 11:47:53.4 [Lynx.Move To Location(VVP96).VVP96] Location coords: 3.99 mm, -536.05 mm, -174.36 mm.
02/14/2019 11:47:53.4 [Lynx.Move To Location(VVP96).VVP96] Tool X/Y location offsets: 14.38 mm, 11.24 mm.
02/14/2019 11:47:53.4 [Lynx.Move To Location(VVP96).VVP96] Initial robot X/Y/ZStart/ZEnd coordinates: -10.39 mm, -524.81 mm, -2.00 mm, -2.00 mm, using motion profile 'Mid Speed'.
02/14/2019 11:47:53.4 [Lynx.Move To Location(VVP96).VVP96] Initial axis positions:'XL' -159.50 mm, 'YL' -525.08 mm, 'ZL' -2.02 mm
02/14/2019 11:47:54.7 [Lynx.Move To Location(VVP96).VVP96] Final axis positions:'XL' -10.46 mm, 'YL' -524.80 mm, 'ZL' -2.02 mm
02/14/2019 11:47:54.7 [Lynx.Move To Location(VVP96).VVP96] Time to complete: 1 s.
02/14/2019 11:47:54.8 Process 'WeeklyBarrelCheck.met'[3] 'Move To Location(VVP96)' CommandCompleted
02/14/2019 11:47:54.8 Process 'WeeklyBarrelCheck.met'[4] 'Aspirate(VVP96)' CommandStarted
02/14/2019 11:47:54.8 [Lynx.Aspirate(VVP96).VVP96] Plate 'Reservoir_01', column/row offset (0, 0), X/Y offset (0.00 mm,0.00 mm), height: 1.00 mm.
02/14/2019 11:47:54.8 [Lynx.Aspirate(VVP96).VVP96] Current tip 'LXB-96-150F'.
02/14/2019 11:47:54.8 [Lynx.Aspirate(VVP96).VVP96] Plate is at location 'Loc_06' (3.99 mm, -536.05 mm, -174.36 mm) with a stack index of 1.
02/14/2019 11:47:54.8 [Lynx.Aspirate(VVP96).VVP96] VVP Pressure 'Mid-Range Volumes': Pressure 40 mbar, Residual vol. 0.59 uL, Pre/Post delay 0.00/1.00
02/14/2019 11:47:54.8 [Lynx.Aspirate(VVP96).VVP96] Aspirate parameters (96): Ch:A01 120.0uL/0.6uL; Ch:B01 120.0uL/0.6uL; Ch:C01 120.0uL/0.6uL; Ch:D01 120.0uL/0.6uL; Ch:E01 120.0uL/0.6uL; Ch:F01 120.0uL/0.6uL; Ch:G01 120.0uL/0.6uL; Ch:H01 120.0uL/0.6uL; Ch:A02 120.0uL/0.6uL; Ch:B02 120.0uL/0.6uL; Ch:C02 120.0uL/0.6uL; Ch:D02 120.0uL/0.6uL; Ch:E02 120.0uL/0.6uL; Ch:F02 120.0uL/0.6uL; Ch:G02 120.0uL/0.6uL; Ch:H02 120.0uL/0.6uL; Ch:A03 120.0uL/0.6uL; Ch:B03 120.0uL/0.6uL; Ch:C03 120.0uL/0.6uL; Ch:D03 120.0uL/0.6uL; Ch:E03 120.0uL/0.6uL; Ch:F03 120.0uL/0.6uL; Ch:G03 120.0uL/0.6uL; Ch:H03 120.0uL/0.6uL; Ch:A04 120.0uL/0.6uL; Ch:B04 120.0uL/0.6uL; Ch:C04 120.0uL/0.6uL; Ch:D04 120.0uL/0.6uL; Ch:E04 120.0uL/0.6uL; Ch:F04 120.0uL/0.6uL; Ch:G04 120.0uL/0.6uL; Ch:H04 120.0uL/0.6uL; Ch:A05 120.0uL/0.6uL; Ch:B05 120.0uL/0.6uL; Ch:C05 120.0uL/0.6uL; Ch:D05 120.0uL/0.6uL; Ch:E05 120.0uL/0.6uL; Ch:F05 120.0uL/0.6uL; Ch:G05 120.0uL/0.6uL; Ch:H05 120.0uL/0.6uL; Ch:A06 120.0uL/0.6uL; Ch:B06 120.0uL/0.6uL; Ch:C06 120.0uL/0.6uL; Ch:D06 120.0uL/0.6uL; Ch:E06 120.0uL/0.6uL; Ch:F06 120.0uL/0.6uL; Ch:G06 120.0uL/0.6uL; Ch:H06 120.0uL/0.6uL; Ch:A07 120.0uL/0.6uL; Ch:B07 120.0uL/0.6uL; Ch:C07 120.0uL/0.6uL; Ch:D07 120.0uL/0.6uL; Ch:E07 120.0uL/0.6uL; Ch:F07 120.0uL/0.6uL; Ch:G07 120.0uL/0.6uL; Ch:H07 120.0uL/0.6uL; Ch:A08 120.0uL/0.6uL; Ch:B08 120.0uL/0.6uL; Ch:C08 120.0uL/0.6uL; Ch:D08 120.0uL/0.6uL; Ch:E08 120.0uL/0.6uL; Ch:F08 120.0uL/0.6uL; Ch:G08 120.0uL/0.6uL; Ch:H08 120.0uL/0.6uL; Ch:A09 120.0uL/0.6uL; Ch:B09 120.0uL/0.6uL; Ch:C09 120.0uL/0.6uL; Ch:D09 120.0uL/0.6uL; Ch:E09 120.0uL/0.6uL; Ch:F09 120.0uL/0.6uL; Ch:G09 120.0uL/0.6uL; Ch:H09 120.0uL/0.6uL; Ch:A10 120.0uL/0.6uL; Ch:B10 120.0uL/0.6uL; Ch:C10 120.0uL/0.6uL; Ch:D10 120.0uL/0.6uL; Ch:E10 120.0uL/0.6uL; Ch:F10 120.0uL/0.6uL; Ch:G10 120.0uL/0.6uL; Ch:H10 120.0uL/0.6uL; Ch:A11 120.0uL/0.6uL; Ch:B11 120.0uL/0.6uL; Ch:C11 120.0uL/0.6uL; Ch:D11 120.0uL/0.6uL; Ch:E11 120.0uL/0.6uL; Ch:F11 120.0uL/0.6uL; Ch:G11 120.0uL/0.6uL; Ch:H11 120.0uL/0.6uL; Ch:A12 120.0uL/0.6uL; Ch:B12 120.0uL/0.6uL; Ch:C12 120.0uL/0.6uL; Ch:D12 120.0uL/0.6uL; Ch:E12 120.0uL/0.6uL; Ch:F12 120.0uL/0.6uL; Ch:G12 120.0uL/0.6uL; Ch:H12 120.0uL/0.6uL
02/14/2019 11:47:54.8 [Lynx.Aspirate(VVP96).VVP96] Post airgap parameters (0): 
02/14/2019 11:47:54.8 [Lynx.Aspirate(VVP96).VVP96] Initial robot X/Y/ZStart/ZEnd coordinates: -10.31 mm, -524.85 mm, -127.32 mm, -128.32 mm, using motion profile 'Tip Load'.
02/14/2019 11:47:54.8 [Lynx.Aspirate(VVP96).VVP96] Initial axis positions:'XL' -10.48 mm, 'YL' -524.80 mm, 'ZL' -2.02 mm
02/14/2019 11:48:08.3 [VVP96] Clog detection is off.
02/14/2019 11:48:08.3 [VVP96] Aspirate diagnostics are off.
02/14/2019 11:48:08.3 [VVP96] Set VVP: command 'Clogging Limit' with setting of 0 for 96 channels.
02/14/2019 11:48:08.6 [VVP96] Set VVP: command 'Air-to-Liquid Sens.' with setting of 0 for 96 channels.
02/14/2019 11:48:08.8 [VVP96] Set VVP: command 'Liquid-to-Air Sens.' with setting of 0 for 96 channels.
02/14/2019 11:48:09.9 [VVP96] VVP Aspirate pressure is 40 mbar.
02/14/2019 11:48:13.3 [VVP96] Aspirate complete.
02/14/2019 11:48:14.0 [VVP96] Average residual volume was 1.07 ul for 96 channels at 40 mbar pressure
02/14/2019 11:48:14.2 [Lynx.Aspirate(VVP96).VVP96] Aspirate results: Ch:A01 120.7uL/1.2uL OK, Ch:B01 120.6uL/1.1uL OK, Ch:C01 120.6uL/1.1uL OK, Ch:D01 120.6uL/1.2uL OK, Ch:E01 120.5uL/1.1uL OK, Ch:F01 120.4uL/1.0uL OK, Ch:G01 120.6uL/1.1uL OK, Ch:H01 120.5uL/1.1uL OK, Ch:A02 120.6uL/1.2uL OK, Ch:B02 120.6uL/1.2uL OK, Ch:C02 120.7uL/1.2uL OK, Ch:D02 120.6uL/1.1uL OK, Ch:E02 120.5uL/1.1uL OK, Ch:F02 120.5uL/1.0uL OK, Ch:G02 120.6uL/1.1uL OK, Ch:H02 120.5uL/1.0uL OK, Ch:A03 120.6uL/1.1uL OK, Ch:B03 120.7uL/1.2uL OK, Ch:C03 120.5uL/1.1uL OK, Ch:D03 120.5uL/1.0uL OK, Ch:E03 120.6uL/1.1uL OK, Ch:F03 120.5uL/1.1uL OK, Ch:G03 120.6uL/1.1uL OK, Ch:H03 120.5uL/1.1uL OK, Ch:A04 120.6uL/1.1uL OK, Ch:B04 120.5uL/1.0uL OK, Ch:C04 120.6uL/1.1uL OK, Ch:D04 120.4uL/1.0uL OK, Ch:E04 120.5uL/1.1uL OK, Ch:F04 120.4uL/1.0uL OK, Ch:G04 120.6uL/1.1uL OK, Ch:H04 120.4uL/1.0uL OK, Ch:A05 120.5uL/1.0uL OK, Ch:B05 120.4uL/1.0uL OK, Ch:C05 120.4uL/1.0uL OK, Ch:D05 120.5uL/1.0uL OK, Ch:E05 120.4uL/1.0uL OK, Ch:F05 120.5uL/1.1uL OK, Ch:G05 120.6uL/1.1uL OK, Ch:H05 120.5uL/1.0uL OK, Ch:A06 120.6uL/1.1uL OK, Ch:B06 120.5uL/1.0uL OK, Ch:C06 120.5uL/1.1uL OK, Ch:D06 120.4uL/1.0uL OK, Ch:E06 120.4uL/1.0uL OK, Ch:F06 120.5uL/1.0uL OK, Ch:G06 120.5uL/1.0uL OK, Ch:H06 120.6uL/1.1uL OK, Ch:A07 120.5uL/1.0uL OK, Ch:B07 120.5uL/1.1uL OK, Ch:C07 120.5uL/1.1uL OK, Ch:D07 120.6uL/1.1uL OK, Ch:E07 120.5uL/1.1uL OK, Ch:F07 120.5uL/1.0uL OK, Ch:G07 120.4uL/1.0uL OK, Ch:H07 120.7uL/1.2uL OK, Ch:A08 120.5uL/1.1uL OK, Ch:B08 120.6uL/1.1uL OK, Ch:C08 120.5uL/1.1uL OK, Ch:D08 120.5uL/1.1uL OK, Ch:E08 120.6uL/1.1uL OK, Ch:F08 120.6uL/1.1uL OK, Ch:G08 120.4uL/1.0uL OK, Ch:H08 120.6uL/1.1uL OK, Ch:A09 120.5uL/1.1uL OK, Ch:B09 120.5uL/1.0uL OK, Ch:C09 120.5uL/1.0uL OK, Ch:D09 120.6uL/1.1uL OK, Ch:E09 120.6uL/1.2uL OK, Ch:F09 120.5uL/1.0uL OK, Ch:G09 120.5uL/1.1uL OK, Ch:H09 120.5uL/1.1uL OK, Ch:A10 120.6uL/1.1uL OK, Ch:B10 120.7uL/1.2uL OK, Ch:C10 120.5uL/1.1uL OK, Ch:D10 120.4uL/1.0uL OK, Ch:E10 120.5uL/1.0uL OK, Ch:F10 120.5uL/1.0uL OK, Ch:G10 120.4uL/1.0uL OK, Ch:H10 120.6uL/1.1uL OK, Ch:A11 120.6uL/1.1uL OK, Ch:B11 120.6uL/1.1uL OK, Ch:C11 120.5uL/1.1uL OK, Ch:D11 120.5uL/1.1uL OK, Ch:E11 120.5uL/1.1uL OK, Ch:F11 120.6uL/1.1uL OK, Ch:G11 120.4uL/1.0uL OK, Ch:H11 120.5uL/1.0uL OK, Ch:A12 120.6uL/1.1uL OK, Ch:B12 120.5uL/1.1uL OK, Ch:C12 120.6uL/1.1uL OK, Ch:D12 120.5uL/1.1uL OK, Ch:E12 120.6uL/1.1uL OK, Ch:F12 120.5uL/1.0uL OK, Ch:G12 120.4uL/1.0uL OK, Ch:H12 120.6uL/1.1uL OK
02/14/2019 11:48:16.8 [Lynx.Aspirate(VVP96).VVP96] Final axis positions:'XL' -10.37 mm, 'YL' -524.83 mm, 'ZL' -2.02 mm
02/14/2019 11:48:16.8 [Lynx.Aspirate(VVP96).VVP96] Time to complete: 22 s.
02/14/2019 11:48:16.8 Process 'WeeklyBarrelCheck.met'[4] 'Aspirate(VVP96)' CommandCompleted
02/14/2019 11:48:16.9 Process 'WeeklyBarrelCheck.met'[5] 'Wait' CommandStarted
02/14/2019 11:49:02.1 Process 'WeeklyBarrelCheck.met'[5] 'Wait' CommandCompleted
02/14/2019 11:49:02.1 Process 'WeeklyBarrelCheck.met'[6] 'Show Message' CommandStarted
02/14/2019 11:49:22.0 Process 'WeeklyBarrelCheck.met'[6] 'Show Message' CommandCompleted
02/14/2019 11:49:22.1 Process 'WeeklyBarrelCheck.met'[7] 'Dispense(VVP96)' CommandStarted
02/14/2019 11:49:22.1 [Lynx.Dispense(VVP96).VVP96] Plate 'Reservoir_EtOH', column/row offset (0, 0), X/Y offset (0.00 mm,0.00 mm), height: 2.00 mm.
02/14/2019 11:49:22.1 [Lynx.Dispense(VVP96).VVP96] Current tip 'LXB-96-150F'.
02/14/2019 11:49:22.1 Process 'WeeklyBarrelCheck.met'[7] 'Dispense(VVP96)' CommandFailed
02/14/2019 11:49:34.2 Process 'WeeklyBarrelCheck.met' MethodCompleted, A 'Dispense(VVP96)' command has a logic or parameter error
0 of 1 method(s) completed successfully.
  Concurrent method 'Main' (Main) started at 02/14/2019 11:47:46.5 and terminated at 02/14/2019 11:49:34.2
    Terminate reason:CommandError
    Command 'Dispense(VVP96)', line 7, was interrupted due to Can not locate a top-most plate with either the name or bar code 'Reservoir_EtOH'

[User] Clear errors.
No Device Errors to resolve.
[User] Step.
02/14/2019 11:49:52.0 Process 'WeeklyBarrelCheck.met' MethodStarted
02/14/2019 11:49:52.0 Process 'WeeklyBarrelCheck.met'[7] 'Dispense(VVP96)' CommandStarted
02/14/2019 11:49:52.1 [Lynx.Dispense(VVP96).VVP96] Plate 'Reservoir_01', column/row offset (0, 0), X/Y offset (0.00 mm,0.00 mm), height: 2.00 mm.
02/14/2019 11:49:52.1 [Lynx.Dispense(VVP96).VVP96] Current tip 'LXB-96-150F'.
02/14/2019 11:49:52.1 [Lynx.Dispense(VVP96).VVP96] Plate is at location 'Loc_06' (3.99 mm, -536.05 mm, -174.36 mm) with a stack index of 1.
02/14/2019 11:49:52.1 [Lynx.Dispense(VVP96).VVP96] VVP Pressure 'Mid-Range Volumes': Pressure 40 mbar, Residual vol. 0.64 uL, Pre/Post delay 0.00/1.00
02/14/2019 11:49:52.1 [Lynx.Dispense(VVP96).VVP96] Dispense parameters (96): Ch:A01 120.7uL/0.6uL; Ch:B01 120.6uL/0.6uL; Ch:C01 120.6uL/0.6uL; Ch:D01 120.6uL/0.6uL; Ch:E01 120.5uL/0.6uL; Ch:F01 120.4uL/0.6uL; Ch:G01 120.6uL/0.6uL; Ch:H01 120.5uL/0.6uL; Ch:A02 120.6uL/0.6uL; Ch:B02 120.6uL/0.6uL; Ch:C02 120.7uL/0.6uL; Ch:D02 120.6uL/0.6uL; Ch:E02 120.5uL/0.6uL; Ch:F02 120.5uL/0.6uL; Ch:G02 120.6uL/0.6uL; Ch:H02 120.5uL/0.6uL; Ch:A03 120.6uL/0.6uL; Ch:B03 120.7uL/0.6uL; Ch:C03 120.5uL/0.6uL; Ch:D03 120.5uL/0.6uL; Ch:E03 120.6uL/0.6uL; Ch:F03 120.5uL/0.6uL; Ch:G03 120.6uL/0.6uL; Ch:H03 120.5uL/0.6uL; Ch:A04 120.6uL/0.6uL; Ch:B04 120.5uL/0.6uL; Ch:C04 120.6uL/0.6uL; Ch:D04 120.4uL/0.6uL; Ch:E04 120.5uL/0.6uL; Ch:F04 120.4uL/0.6uL; Ch:G04 120.6uL/0.6uL; Ch:H04 120.4uL/0.6uL; Ch:A05 120.5uL/0.6uL; Ch:B05 120.4uL/0.6uL; Ch:C05 120.4uL/0.6uL; Ch:D05 120.5uL/0.6uL; Ch:E05 120.4uL/0.6uL; Ch:F05 120.5uL/0.6uL; Ch:G05 120.6uL/0.6uL; Ch:H05 120.5uL/0.6uL; Ch:A06 120.6uL/0.6uL; Ch:B06 120.5uL/0.6uL; Ch:C06 120.5uL/0.6uL; Ch:D06 120.4uL/0.6uL; Ch:E06 120.4uL/0.6uL; Ch:F06 120.5uL/0.6uL; Ch:G06 120.5uL/0.6uL; Ch:H06 120.6uL/0.6uL; Ch:A07 120.5uL/0.6uL; Ch:B07 120.5uL/0.6uL; Ch:C07 120.5uL/0.6uL; Ch:D07 120.6uL/0.6uL; Ch:E07 120.5uL/0.6uL; Ch:F07 120.5uL/0.6uL; Ch:G07 120.4uL/0.6uL; Ch:H07 120.7uL/0.6uL; Ch:A08 120.5uL/0.6uL; Ch:B08 120.6uL/0.6uL; Ch:C08 120.5uL/0.6uL; Ch:D08 120.5uL/0.6uL; Ch:E08 120.6uL/0.6uL; Ch:F08 120.6uL/0.6uL; Ch:G08 120.4uL/0.6uL; Ch:H08 120.6uL/0.6uL; Ch:A09 120.5uL/0.6uL; Ch:B09 120.5uL/0.6uL; Ch:C09 120.5uL/0.6uL; Ch:D09 120.6uL/0.6uL; Ch:E09 120.6uL/0.6uL; Ch:F09 120.5uL/0.6uL; Ch:G09 120.5uL/0.6uL; Ch:H09 120.5uL/0.6uL; Ch:A10 120.6uL/0.6uL; Ch:B10 120.7uL/0.6uL; Ch:C10 120.5uL/0.6uL; Ch:D10 120.4uL/0.6uL; Ch:E10 120.5uL/0.6uL; Ch:F10 120.5uL/0.6uL; Ch:G10 120.4uL/0.6uL; Ch:H10 120.6uL/0.6uL; Ch:A11 120.6uL/0.6uL; Ch:B11 120.6uL/0.6uL; Ch:C11 120.5uL/0.6uL; Ch:D11 120.5uL/0.6uL; Ch:E11 120.5uL/0.6uL; Ch:F11 120.6uL/0.6uL; Ch:G11 120.4uL/0.6uL; Ch:H11 120.5uL/0.6uL; Ch:A12 120.6uL/0.6uL; Ch:B12 120.5uL/0.6uL; Ch:C12 120.6uL/0.6uL; Ch:D12 120.5uL/0.6uL; Ch:E12 120.6uL/0.6uL; Ch:F12 120.5uL/0.6uL; Ch:G12 120.4uL/0.6uL; Ch:H12 120.6uL/0.6uL
02/14/2019 11:49:52.1 [Lynx.Dispense(VVP96).VVP96] Post airgap parameters (0): 
02/14/2019 11:49:52.1 [Lynx.Dispense(VVP96).VVP96] Initial robot X/Y/ZStart/ZEnd coordinates: -10.31 mm, -524.85 mm, -126.32 mm, -128.32 mm, using motion profile 'Mid Speed'.
02/14/2019 11:49:52.1 [Lynx.Dispense(VVP96).VVP96] Initial axis positions:'XL' -10.37 mm, 'YL' -524.83 mm, 'ZL' -2.02 mm
02/14/2019 11:49:53.9 [VVP96] Set VVP: command 'Clogging Limit' with setting of 0 for 96 channels.
02/14/2019 11:49:54.2 [VVP96] Set VVP: command 'Air-to-Liquid Sens.' with setting of 0 for 96 channels.
02/14/2019 11:49:54.4 [VVP96] Set VVP: command 'Liquid-to-Air Sens.' with setting of 0 for 96 channels.
02/14/2019 11:49:55.5 [VVP96] VVP Dispense pressure is 39 mbar.
02/14/2019 11:49:57.0 [VVP96] Dispense complete.
02/14/2019 11:49:57.6 [VVP96] Average residual volume was 1.35 ul for 96 channels at 40 mbar pressure
02/14/2019 11:49:57.8 [Lynx.Dispense(VVP96).VVP96] Dispense results: Ch:A01 121.5uL/1.4uL OK, Ch:B01 121.3uL/1.3uL OK, Ch:C01 121.3uL/1.3uL OK, Ch:D01 121.3uL/1.3uL OK, Ch:E01 121.3uL/1.4uL OK, Ch:F01 121.1uL/1.3uL OK, Ch:G01 121.4uL/1.4uL OK, Ch:H01 121.1uL/1.3uL OK, Ch:A02 121.4uL/1.4uL OK, Ch:B02 121.4uL/1.4uL OK, Ch:C02 121.4uL/1.3uL OK, Ch:D02 121.4uL/1.4uL OK, Ch:E02 121.3uL/1.4uL OK, Ch:F02 121.2uL/1.3uL OK, Ch:G02 121.3uL/1.3uL OK, Ch:H02 121.3uL/1.4uL OK, Ch:A03 121.3uL/1.3uL OK, Ch:B03 121.4uL/1.3uL OK, Ch:C03 121.1uL/1.2uL OK, Ch:D03 121.3uL/1.4uL OK, Ch:E03 121.4uL/1.4uL OK, Ch:F03 121.4uL/1.5uL OK, Ch:G03 121.3uL/1.3uL OK, Ch:H03 121.2uL/1.4uL OK, Ch:A04 121.4uL/1.4uL OK, Ch:B04 121.1uL/1.3uL OK, Ch:C04 121.3uL/1.3uL OK, Ch:D04 121.1uL/1.3uL OK, Ch:E04 121.3uL/1.5uL OK, Ch:F04 121.1uL/1.4uL OK, Ch:G04 121.4uL/1.4uL OK, Ch:H04 121.2uL/1.4uL OK, Ch:A05 121.2uL/1.3uL OK, Ch:B05 121.1uL/1.4uL OK, Ch:C05 121.0uL/1.3uL OK, Ch:D05 121.1uL/1.2uL OK, Ch:E05 121.0uL/1.2uL OK, Ch:F05 121.3uL/1.4uL OK, Ch:G05 121.4uL/1.4uL OK, Ch:H05 121.2uL/1.3uL OK, Ch:A06 121.3uL/1.3uL OK, Ch:B06 121.3uL/1.4uL OK, Ch:C06 121.3uL/1.4uL OK, Ch:D06 121.2uL/1.4uL OK, Ch:E06 121.2uL/1.4uL OK, Ch:F06 121.2uL/1.3uL OK, Ch:G06 121.3uL/1.4uL OK, Ch:H06 121.3uL/1.3uL OK, Ch:A07 121.0uL/1.2uL OK, Ch:B07 121.1uL/1.3uL OK, Ch:C07 121.2uL/1.3uL OK, Ch:D07 121.4uL/1.4uL OK, Ch:E07 121.4uL/1.5uL OK, Ch:F07 121.2uL/1.3uL OK, Ch:G07 121.1uL/1.3uL OK, Ch:H07 121.4uL/1.4uL OK, Ch:A08 121.1uL/1.3uL OK, Ch:B08 121.2uL/1.2uL OK, Ch:C08 121.2uL/1.3uL OK, Ch:D08 121.3uL/1.4uL OK, Ch:E08 121.4uL/1.4uL OK, Ch:F08 121.3uL/1.3uL OK, Ch:G08 121.1uL/1.4uL OK, Ch:H08 121.5uL/1.5uL OK, Ch:A09 121.2uL/1.4uL OK, Ch:B09 121.3uL/1.4uL OK, Ch:C09 121.1uL/1.3uL OK, Ch:D09 121.4uL/1.4uL OK, Ch:E09 121.4uL/1.4uL OK, Ch:F09 121.3uL/1.4uL OK, Ch:G09 121.3uL/1.4uL OK, Ch:H09 121.1uL/1.3uL OK, Ch:A10 121.3uL/1.3uL OK, Ch:B10 121.7uL/1.6uL OK, Ch:C10 121.1uL/1.3uL OK, Ch:D10 121.2uL/1.4uL OK, Ch:E10 121.3uL/1.4uL OK, Ch:F10 121.2uL/1.3uL OK, Ch:G10 121.2uL/1.5uL OK, Ch:H10 121.4uL/1.4uL OK, Ch:A11 121.4uL/1.4uL OK, Ch:B11 121.4uL/1.4uL OK, Ch:C11 121.2uL/1.3uL OK, Ch:D11 121.3uL/1.4uL OK, Ch:E11 121.2uL/1.4uL OK, Ch:F11 121.3uL/1.3uL OK, Ch:G11 121.1uL/1.3uL OK, Ch:H11 121.2uL/1.4uL OK, Ch:A12 121.3uL/1.3uL OK, Ch:B12 121.1uL/1.3uL OK, Ch:C12 121.4uL/1.4uL OK, Ch:D12 121.2uL/1.3uL OK, Ch:E12 121.4uL/1.4uL OK, Ch:F12 121.2uL/1.3uL OK, Ch:G12 121.1uL/1.3uL OK, Ch:H12 121.3uL/1.3uL OK
02/14/2019 11:50:01.1 [Lynx.Dispense(VVP96).VVP96] Final axis positions:'XL' -10.36 mm, 'YL' -524.83 mm, 'ZL' -2.02 mm
02/14/2019 11:50:01.1 [Lynx.Dispense(VVP96).VVP96] Time to complete: 9 s.
02/14/2019 11:50:01.1 Process 'WeeklyBarrelCheck.met'[7] 'Dispense(VVP96)' CommandCompleted
02/14/2019 11:50:01.1 Process 'WeeklyBarrelCheck.met' MethodCompleted
1 of 1 method(s) completed successfully.
  Concurrent method 'Main' (Main) started at 02/14/2019 11:49:52.0 and finished at 02/14/2019 11:50:01.1

[User] Step.
02/14/2019 11:50:04.1 Process 'WeeklyBarrelCheck.met' MethodStarted
02/14/2019 11:50:04.1 Process 'WeeklyBarrelCheck.met'[8] 'Eject Tips(VVP96)' CommandStarted
02/14/2019 11:50:04.1 [Lynx.Eject Tips(VVP96).VVP96] Plate 'LXB-96-150F_02', column/row offset (0, 0), X/Y offset (0.00 mm,0.00 mm), height: 15.00 mm.
02/14/2019 11:50:04.1 [Lynx.Eject Tips(VVP96).VVP96] Current tip 'LXB-96-150F'.
02/14/2019 11:50:04.1 [Lynx.Eject Tips(VVP96).VVP96] Plate is at location 'Loc_12' (-145.14 mm, -536.34 mm, -174.43 mm) with a stack index of 1.
02/14/2019 11:50:04.1 [Lynx.Eject Tips(VVP96).VVP96] Initial robot X/Y/ZStart/ZEnd coordinates: -159.52 mm, -525.10 mm, -2.00 mm, -102.43 mm, using motion profile 'Tip Eject'.
02/14/2019 11:50:04.1 [Lynx.Eject Tips(VVP96).VVP96] Initial axis positions:'XL' -10.36 mm, 'YL' -524.83 mm, 'ZL' -2.02 mm
02/14/2019 11:50:09.1 [VVP96] Tip ejection performed 2 times.
02/14/2019 11:50:10.5 [Lynx.Eject Tips(VVP96).VVP96] No current tip.
02/14/2019 11:50:10.5 [Lynx.Eject Tips(VVP96).VVP96] Time to complete: 6 s.
02/14/2019 11:50:10.6 Process 'WeeklyBarrelCheck.met'[8] 'Eject Tips(VVP96)' CommandCompleted
02/14/2019 11:50:10.6 Process 'WeeklyBarrelCheck.met' MethodCompleted
1 of 1 method(s) completed successfully.
  Concurrent method 'Main' (Main) started at 02/14/2019 11:50:04.1 and finished at 02/14/2019 11:50:10.6

02/16/2019 12:50:44.3 [XL] Closing component connections for Warp 'XL'.
02/16/2019 12:50:44.3 [YL] Closing component connections for Warp 'YL'.
02/16/2019 12:50:44.3 [ZL] Closing component connections for Warp 'ZL'.
02/16/2019 12:50:44.3 [BarCodeZAxis] Closing component connections for Warp 'BarCodeZAxis'.
02/16/2019 12:50:44.9 [Lynx] 
