Workspace 'LM703' modules...
  MethodManagerV4   1.4.6666.27655
  MMCoreDevice   1.4.6666.27650
  MMLiquidHandler   1.4.6666.26302
  Warp3   2.0.6591.13866
  MMVVP   1.4.6666.26303
  MMIOLightTower   1.4.6666.26303
  MMHeadGripper   1.3.6591.14013
The pipette tool 'VVP96' has mandrel type 'MLV' and can load the following tip types:
   Tip type 'LXB-96-150F', loading depth 9.4 mm, Id: baf0d489-a29c-4899-844e-44fbdc6c2c49.
   Tip type 'LXB-96-200NF', loading depth 9.4 mm, Id: 095daefc-e866-4d91-906f-cc7e17eaf3f6.
   Tip type 'LXB-96-300F', loading depth 10.4 mm, Id: d2f37554-e0d6-41ea-8f3d-101c68af7e40.
   Tip type 'LXB-96-300NF', loading depth 10.4 mm, Id: 423ec1e5-0ccf-4946-a441-905f3c9e1fd9.
   Tip type 'LXB-96-950F', loading depth 28.6 mm, Id: 497625a6-73fc-4433-95df-636ceecdc818.
   Tip type 'LXB-96-950F-WB', loading depth 28.6 mm, Id: ca3988bc-a34d-4ad7-ba77-93a37e8cba6d.
   Tip type 'LXB-96-1250NF', loading depth 28.6 mm, Id: 13ba07a3-d5cb-4a96-9ab8-1d418fc383d6.
05/05/2019 15:06:18.9 The command server is monitoring the workspace 'LM703' and is available on 172.18.3.53/1000
05/05/2019 15:06:35.6 [ZL] Instruction Error Status: None
05/05/2019 15:06:35.7 [ZL] Warp3 core version: 99103v1.0 (will support I/O).
05/05/2019 15:06:35.7 [ZL] Configured as an enhanced Warp3 with I/O.
05/05/2019 15:06:35.7 [ZL]   Inputs: False False False False False 
05/05/2019 15:06:35.7 [ZL] Current IP communications rate is 10 mb.
05/05/2019 15:06:35.8 [ZL] IP communications speed is currently set to 10 Mbps.
05/05/2019 15:06:35.8 [ZL] Relative motor limit setting 100.0%, changing limit from 100.0% to 30.0%
05/05/2019 15:06:35.9 [ZL] Phase correction: disabled, prescale: 0, phase counts: 2000
05/05/2019 15:06:35.9 [ZL] SetCurrentFoldbackAmps(8, 20) will set 17440 , 216
05/05/2019 15:06:35.9 [ZL] Configuration parameters loaded from 'P:\MethodManagerWorkspaces\LM703\Configuration\Z Axis.xml'. HomeVelocity 20 mm/s, CountsPerMM 2571 cts/mm.
05/05/2019 15:06:36.1 [ZL] Start Hall-based phase initialization.
05/05/2019 15:06:36.1 [ZL] Phases initialized.
05/05/2019 15:06:36.3 [BarCodeZAxis] Instruction Error Status: None
05/05/2019 15:06:36.3 [BarCodeZAxis] Warp3 core version: 99103v1.0 (will support I/O).
05/05/2019 15:06:36.3 [BarCodeZAxis] Configured as an enhanced Warp3 with I/O.
05/05/2019 15:06:36.3 [BarCodeZAxis]   Inputs: False False False False False 
05/05/2019 15:06:36.3 [BarCodeZAxis] Current IP communications rate is 10 mb.
05/05/2019 15:06:36.4 [BarCodeZAxis] IP communications speed is currently set to 10 Mbps.
05/05/2019 15:06:36.4 [BarCodeZAxis] Relative motor limit setting 100.0%, changing limit from 100.0% to 10.0%
05/05/2019 15:06:36.5 [BarCodeZAxis] Phase correction: disabled, prescale: 0, phase counts: 2000
05/05/2019 15:06:36.5 [BarCodeZAxis] SetCurrentFoldbackAmps(2, 5) will set 4360 , 54
05/05/2019 15:06:36.5 [BarCodeZAxis] Configuration parameters loaded from 'P:\MethodManagerWorkspaces\LM703\Configuration\BarCode Z.xml'. HomeVelocity 20 mm/s, CountsPerMM 5538 cts/mm.
05/05/2019 15:06:36.7 [BarCodeZAxis] Start Hall-based phase initialization.
05/05/2019 15:06:36.7 [BarCodeZAxis] Phases initialized.
05/05/2019 15:06:36.9 [YL] Instruction Error Status: None
05/05/2019 15:06:36.9 [YL] Warp3 core version: 99103v1.0 (will support I/O).
05/05/2019 15:06:36.9 [YL] Configured as an enhanced Warp3 with I/O.
05/05/2019 15:06:36.9 [YL]   Inputs: False False False False False 
05/05/2019 15:06:36.9 [YL] Current IP communications rate is 10 mb.
05/05/2019 15:06:36.9 [YL] IP communications speed is currently set to 10 Mbps.
05/05/2019 15:06:37.0 [YL] Relative motor limit setting 100.0%, changing limit from 100.0% to 70.0%
05/05/2019 15:06:37.0 [YL] Phase correction: disabled, prescale: 1, phase counts: 1905
05/05/2019 15:06:37.1 [YL] SetCurrentFoldbackAmps(6, 100) will set 13080 , 1083
05/05/2019 15:06:37.1 [YL] Configuration parameters loaded from 'P:\MethodManagerWorkspaces\LM703\Configuration\Y Axis.xml'. HomeVelocity 20 mm/s, CountsPerMM 2000 cts/mm.
05/05/2019 15:06:37.2 [YL] Start Hall-based phase initialization.
05/05/2019 15:06:37.3 [YL] Phases initialized.
05/05/2019 15:06:37.5 [XL] Instruction Error Status: None
05/05/2019 15:06:37.5 [XL] Warp3 core version: 99103v1.0 (will support I/O).
05/05/2019 15:06:37.5 [XL] Configured as an enhanced Warp3 with I/O.
05/05/2019 15:06:37.5 [XL]   Inputs: False False False False False 
05/05/2019 15:06:37.5 [XL] Current IP communications rate is 10 mb.
05/05/2019 15:06:37.5 [XL] IP communications speed is currently set to 10 Mbps.
05/05/2019 15:06:37.6 [XL] Phase correction: disabled, prescale: 1, phase counts: 1905
05/05/2019 15:06:37.7 [XL] SetCurrentFoldbackAmps(6, 100) will set 13080 , 1083
05/05/2019 15:06:37.7 [XL] Configuration parameters loaded from 'P:\MethodManagerWorkspaces\LM703\Configuration\X Axis.xml'. HomeVelocity 20 mm/s, CountsPerMM 2000 cts/mm.
05/05/2019 15:06:37.9 [XL] Start Hall-based phase initialization.
05/05/2019 15:06:37.9 [XL] Phases initialized.
05/05/2019 15:06:39.9 [VVP96] Get VVP: command 'Aspirate Diagnostics' from 96 channels.
05/05/2019 15:06:40.1 [ZL] Move to Positive limit. Velocity 20 mm/s, accel 40 mm/s2, decel 200 mm/s2, timeout 60 s.
05/05/2019 15:06:40.8 [ZL] Reached limit successfully.
05/05/2019 15:06:40.8 [ZL] Attempting to back off Positive limit.
05/05/2019 15:06:41.5 [ZL] Move off limit completion: Successful (OKReady).
05/05/2019 15:06:41.5 [ZL] Move to limit finished.
05/05/2019 15:06:41.5 [ZL] Establishing new 0 position for the old position 2.22 mm.
05/05/2019 15:06:41.6 [ZL] Timestamp of last successful home: 5/5/2019 3:06:41 PM
05/05/2019 15:06:41.8 [BarCodeZAxis] Move to Negative limit. Velocity 20 mm/s, accel 200 mm/s2, decel 350 mm/s2, timeout 60 s.
05/05/2019 15:06:42.2 [BarCodeZAxis] Reached limit successfully.
05/05/2019 15:06:42.2 [BarCodeZAxis] Attempting to back off Negative limit.
05/05/2019 15:06:42.7 [BarCodeZAxis] Move off limit completion: Successful (OKReady).
05/05/2019 15:06:42.7 [BarCodeZAxis] Move to limit finished.
05/05/2019 15:06:42.7 [BarCodeZAxis] Establishing new 0 position for the old position -0.01 mm.
05/05/2019 15:06:42.8 [BarCodeZAxis] Timestamp of last successful home: 5/5/2019 3:06:42 PM
05/05/2019 15:06:44.6 [YL] Move to Positive limit. Velocity 20 mm/s, accel 200 mm/s2, decel 1000 mm/s2, timeout 60 s.
05/05/2019 15:07:00.9 [YL] Reached limit successfully.
05/05/2019 15:07:00.9 [YL] Attempting to back off Positive limit.
05/05/2019 15:07:01.3 [YL] Move off limit completion: Successful (OKReady).
05/05/2019 15:07:01.4 [YL] Move to limit finished.
05/05/2019 15:07:01.4 [YL] Establishing new 0 position for the old position 316.11 mm.
05/05/2019 15:07:01.4 [YL] Timestamp of last successful home: 5/5/2019 3:07:01 PM
05/05/2019 15:07:01.6 [XL] Move to Positive limit. Velocity 20 mm/s, accel 200 mm/s2, decel 1000 mm/s2, timeout 60 s.
05/05/2019 15:07:09.9 [XL] Reached limit successfully.
05/05/2019 15:07:09.9 [XL] Attempting to back off Positive limit.
05/05/2019 15:07:10.3 [XL] Move off limit completion: Failed (OKReady).
05/05/2019 15:07:10.4 [XL] Failed to find Positive limit: OKReady.
05/05/2019 15:07:10.4 [XL] Failed to home axis 'XL'.
05/05/2019 15:08:43.7 [ZL] Closing component connections for Warp 'ZL'.
05/05/2019 15:08:43.7 [ZL] Instruction Error Status: None
05/05/2019 15:08:43.7 [ZL] Warp3 core version: 99103v1.0 (will support I/O).
05/05/2019 15:08:43.7 [ZL] Configured as an enhanced Warp3 with I/O.
05/05/2019 15:08:43.8 [ZL]   Inputs: False False False False False 
05/05/2019 15:08:43.8 [ZL] Current IP communications rate is 10 mb.
05/05/2019 15:08:43.8 [ZL] IP communications speed is currently set to 10 Mbps.
05/05/2019 15:08:43.9 [ZL] Phase correction: disabled, prescale: 0, phase counts: 2000
05/05/2019 15:08:43.9 [ZL] SetCurrentFoldbackAmps(8, 20) will set 17440 , 216
05/05/2019 15:08:43.9 [ZL] Configuration parameters loaded from 'P:\MethodManagerWorkspaces\LM703\Configuration\Z Axis.xml'. HomeVelocity 20 mm/s, CountsPerMM 2571 cts/mm.
05/05/2019 15:08:44.1 [ZL] Start Hall-based phase initialization.
05/05/2019 15:08:44.1 [ZL] Phases initialized.
05/05/2019 15:08:44.1 [BarCodeZAxis] Closing component connections for Warp 'BarCodeZAxis'.
05/05/2019 15:08:44.6 [BarCodeZAxis] Instruction Error Status: None
05/05/2019 15:08:44.7 [BarCodeZAxis] Warp3 core version: 99103v1.0 (will support I/O).
05/05/2019 15:08:44.7 [BarCodeZAxis] Configured as an enhanced Warp3 with I/O.
05/05/2019 15:08:44.7 [BarCodeZAxis]   Inputs: False True False False False 
05/05/2019 15:08:44.7 [BarCodeZAxis] Current IP communications rate is 10 mb.
05/05/2019 15:08:44.7 [BarCodeZAxis] IP communications speed is currently set to 10 Mbps.
05/05/2019 15:08:44.8 [BarCodeZAxis] Phase correction: disabled, prescale: 0, phase counts: 2000
05/05/2019 15:08:44.9 [BarCodeZAxis] SetCurrentFoldbackAmps(2, 5) will set 4360 , 54
05/05/2019 15:08:44.9 [BarCodeZAxis] Configuration parameters loaded from 'P:\MethodManagerWorkspaces\LM703\Configuration\BarCode Z.xml'. HomeVelocity 20 mm/s, CountsPerMM 5538 cts/mm.
05/05/2019 15:08:45.0 [BarCodeZAxis] Start Hall-based phase initialization.
05/05/2019 15:08:45.1 [BarCodeZAxis] Phases initialized.
05/05/2019 15:08:45.1 [YL] Closing component connections for Warp 'YL'.
05/05/2019 15:08:45.6 [YL] Instruction Error Status: None
05/05/2019 15:08:45.7 [YL] Warp3 core version: 99103v1.0 (will support I/O).
05/05/2019 15:08:45.7 [YL] Configured as an enhanced Warp3 with I/O.
05/05/2019 15:08:45.7 [YL]   Inputs: False False False False False 
05/05/2019 15:08:45.7 [YL] Current IP communications rate is 10 mb.
05/05/2019 15:08:45.7 [YL] IP communications speed is currently set to 10 Mbps.
05/05/2019 15:08:45.8 [YL] Phase correction: disabled, prescale: 1, phase counts: 1905
05/05/2019 15:08:45.9 [YL] SetCurrentFoldbackAmps(6, 100) will set 13080 , 1083
05/05/2019 15:08:45.9 [YL] Configuration parameters loaded from 'P:\MethodManagerWorkspaces\LM703\Configuration\Y Axis.xml'. HomeVelocity 20 mm/s, CountsPerMM 2000 cts/mm.
05/05/2019 15:08:46.0 [YL] Start Hall-based phase initialization.
05/05/2019 15:08:46.1 [YL] Phases initialized.
05/05/2019 15:08:46.1 [XL] Closing component connections for Warp 'XL'.
05/05/2019 15:08:46.6 [XL] Instruction Error Status: None
05/05/2019 15:08:46.6 [XL] Warp3 core version: 99103v1.0 (will support I/O).
05/05/2019 15:08:46.6 [XL] Configured as an enhanced Warp3 with I/O.
05/05/2019 15:08:46.7 [XL]   Inputs: False False False False False 
05/05/2019 15:08:46.7 [XL] Current IP communications rate is 10 mb.
05/05/2019 15:08:46.7 [XL] IP communications speed is currently set to 10 Mbps.
05/05/2019 15:08:46.8 [XL] Phase correction: disabled, prescale: 1, phase counts: 1905
05/05/2019 15:08:46.8 [XL] SetCurrentFoldbackAmps(6, 100) will set 13080 , 1083
05/05/2019 15:08:46.9 [XL] Configuration parameters loaded from 'P:\MethodManagerWorkspaces\LM703\Configuration\X Axis.xml'. HomeVelocity 20 mm/s, CountsPerMM 2000 cts/mm.
05/05/2019 15:08:47.0 [XL] Start Hall-based phase initialization.
05/05/2019 15:08:47.0 [XL] Phases initialized.
05/05/2019 15:08:48.9 [VVP96] Get VVP: command 'Aspirate Diagnostics' from 96 channels.
05/05/2019 15:08:49.1 [ZL] Move to Positive limit. Velocity 20 mm/s, accel 40 mm/s2, decel 200 mm/s2, timeout 60 s.
05/05/2019 15:08:49.5 [ZL] Reached limit successfully.
05/05/2019 15:08:49.5 [ZL] Attempting to back off Positive limit.
05/05/2019 15:08:50.0 [ZL] Move off limit completion: Successful (OKReady).
05/05/2019 15:08:50.0 [ZL] Move to limit finished.
05/05/2019 15:08:50.1 [ZL] Establishing new 0 position for the old position 0.00 mm.
05/05/2019 15:08:50.1 [ZL] Timestamp of last successful home: 5/5/2019 3:08:50 PM
05/05/2019 15:08:50.3 [BarCodeZAxis] Move to Negative limit. Velocity 20 mm/s, accel 200 mm/s2, decel 350 mm/s2, timeout 60 s.
05/05/2019 15:08:50.8 [BarCodeZAxis] Reached limit successfully.
05/05/2019 15:08:50.8 [BarCodeZAxis] Attempting to back off Negative limit.
05/05/2019 15:08:51.2 [BarCodeZAxis] Move off limit completion: Successful (OKReady).
05/05/2019 15:08:51.3 [BarCodeZAxis] Move to limit finished.
05/05/2019 15:08:51.3 [BarCodeZAxis] Establishing new 0 position for the old position 0.00 mm.
05/05/2019 15:08:51.3 [BarCodeZAxis] Timestamp of last successful home: 5/5/2019 3:08:51 PM
05/05/2019 15:08:54.7 [YL] Move to Positive limit. Velocity 20 mm/s, accel 200 mm/s2, decel 1000 mm/s2, timeout 60 s.
05/05/2019 15:08:55.5 [YL] Reached limit successfully.
05/05/2019 15:08:55.6 [YL] Attempting to back off Positive limit.
05/05/2019 15:08:56.0 [YL] Move off limit completion: Successful (OKReady).
05/05/2019 15:08:56.1 [YL] Move to limit finished.
05/05/2019 15:08:56.1 [YL] Establishing new 0 position for the old position 0.04 mm.
05/05/2019 15:08:56.1 [YL] Timestamp of last successful home: 5/5/2019 3:08:56 PM
05/05/2019 15:08:56.3 [XL] Move to Positive limit. Velocity 20 mm/s, accel 200 mm/s2, decel 1000 mm/s2, timeout 60 s.
05/05/2019 15:08:57.2 [XL] Reached limit successfully.
05/05/2019 15:08:57.2 [XL] Attempting to back off Positive limit.
05/05/2019 15:08:57.7 [XL] Move off limit completion: Failed (OKReady).
05/05/2019 15:08:57.7 [XL] Failed to find Positive limit: OKReady.
05/05/2019 15:08:57.8 [XL] Failed to home axis 'XL'.
05/05/2019 15:09:01.1 [XL] This axis has not been homed!
[User] Clear errors.
05/05/2019 15:09:01.9 [XL] This axis has not been homed!
05/05/2019 15:09:02.0 [XL] This axis has not been homed!
Errors could not be resolved for these devices:
   Lynx (1 errors)
      Axis 'XL' has not been homed.

05/05/2019 15:09:05.4 [XL] This axis has not been homed!
05/05/2019 15:09:08.1 [ZL] Closing component connections for Warp 'ZL'.
05/05/2019 15:09:08.6 [ZL] Instruction Error Status: None
05/05/2019 15:09:08.6 [ZL] Warp3 core version: 99103v1.0 (will support I/O).
05/05/2019 15:09:08.6 [ZL] Configured as an enhanced Warp3 with I/O.
05/05/2019 15:09:08.7 [ZL]   Inputs: False False False False False 
05/05/2019 15:09:08.7 [ZL] Current IP communications rate is 10 mb.
05/05/2019 15:09:08.7 [ZL] IP communications speed is currently set to 10 Mbps.
05/05/2019 15:09:08.8 [ZL] Phase correction: disabled, prescale: 0, phase counts: 2000
05/05/2019 15:09:08.8 [ZL] SetCurrentFoldbackAmps(8, 20) will set 17440 , 216
05/05/2019 15:09:08.9 [ZL] Configuration parameters loaded from 'P:\MethodManagerWorkspaces\LM703\Configuration\Z Axis.xml'. HomeVelocity 20 mm/s, CountsPerMM 2571 cts/mm.
05/05/2019 15:09:09.0 [ZL] Start Hall-based phase initialization.
05/05/2019 15:09:09.0 [ZL] Phases initialized.
05/05/2019 15:09:09.1 [BarCodeZAxis] Closing component connections for Warp 'BarCodeZAxis'.
05/05/2019 15:09:09.6 [BarCodeZAxis] Instruction Error Status: None
05/05/2019 15:09:09.6 [BarCodeZAxis] Warp3 core version: 99103v1.0 (will support I/O).
05/05/2019 15:09:09.6 [BarCodeZAxis] Configured as an enhanced Warp3 with I/O.
05/05/2019 15:09:09.7 [BarCodeZAxis]   Inputs: False True False False False 
05/05/2019 15:09:09.7 [BarCodeZAxis] Current IP communications rate is 10 mb.
05/05/2019 15:09:09.7 [BarCodeZAxis] IP communications speed is currently set to 10 Mbps.
05/05/2019 15:09:09.8 [BarCodeZAxis] Phase correction: disabled, prescale: 0, phase counts: 2000
05/05/2019 15:09:09.9 [BarCodeZAxis] SetCurrentFoldbackAmps(2, 5) will set 4360 , 54
05/05/2019 15:09:09.9 [BarCodeZAxis] Configuration parameters loaded from 'P:\MethodManagerWorkspaces\LM703\Configuration\BarCode Z.xml'. HomeVelocity 20 mm/s, CountsPerMM 5538 cts/mm.
05/05/2019 15:09:10.0 [BarCodeZAxis] Start Hall-based phase initialization.
05/05/2019 15:09:10.1 [BarCodeZAxis] Phases initialized.
05/05/2019 15:09:10.1 [YL] Closing component connections for Warp 'YL'.
05/05/2019 15:09:10.6 [YL] Instruction Error Status: None
05/05/2019 15:09:10.7 [YL] Warp3 core version: 99103v1.0 (will support I/O).
05/05/2019 15:09:10.7 [YL] Configured as an enhanced Warp3 with I/O.
05/05/2019 15:09:10.7 [YL]   Inputs: False False False False False 
05/05/2019 15:09:10.7 [YL] Current IP communications rate is 10 mb.
05/05/2019 15:09:10.7 [YL] IP communications speed is currently set to 10 Mbps.
05/05/2019 15:09:10.9 [YL] Phase correction: disabled, prescale: 1, phase counts: 1905
05/05/2019 15:09:10.9 [YL] SetCurrentFoldbackAmps(6, 100) will set 13080 , 1083
05/05/2019 15:09:10.9 [YL] Configuration parameters loaded from 'P:\MethodManagerWorkspaces\LM703\Configuration\Y Axis.xml'. HomeVelocity 20 mm/s, CountsPerMM 2000 cts/mm.
05/05/2019 15:09:11.1 [YL] Start Hall-based phase initialization.
05/05/2019 15:09:11.1 [YL] Phases initialized.
05/05/2019 15:09:11.1 [XL] Closing component connections for Warp 'XL'.
05/05/2019 15:09:11.7 [XL] Instruction Error Status: None
05/05/2019 15:09:11.7 [XL] Warp3 core version: 99103v1.0 (will support I/O).
05/05/2019 15:09:11.7 [XL] Configured as an enhanced Warp3 with I/O.
05/05/2019 15:09:11.7 [XL]   Inputs: False False False False False 
05/05/2019 15:09:11.8 [XL] Current IP communications rate is 10 mb.
05/05/2019 15:09:11.8 [XL] IP communications speed is currently set to 10 Mbps.
05/05/2019 15:09:11.9 [XL] Phase correction: disabled, prescale: 1, phase counts: 1905
05/05/2019 15:09:11.9 [XL] SetCurrentFoldbackAmps(6, 100) will set 13080 , 1083
05/05/2019 15:09:11.9 [XL] Configuration parameters loaded from 'P:\MethodManagerWorkspaces\LM703\Configuration\X Axis.xml'. HomeVelocity 20 mm/s, CountsPerMM 2000 cts/mm.
05/05/2019 15:09:12.1 [XL] Start Hall-based phase initialization.
05/05/2019 15:09:12.1 [XL] Phases initialized.
05/05/2019 15:09:15.0 [VVP96] Get VVP: command 'Aspirate Diagnostics' from 96 channels.
05/05/2019 15:09:15.2 [ZL] Move to Positive limit. Velocity 20 mm/s, accel 40 mm/s2, decel 200 mm/s2, timeout 60 s.
05/05/2019 15:09:15.7 [ZL] Reached limit successfully.
05/05/2019 15:09:15.7 [ZL] Attempting to back off Positive limit.
05/05/2019 15:09:16.1 [ZL] Move off limit completion: Successful (OKReady).
05/05/2019 15:09:16.2 [ZL] Move to limit finished.
05/05/2019 15:09:16.2 [ZL] Establishing new 0 position for the old position 0.00 mm.
05/05/2019 15:09:16.3 [ZL] Timestamp of last successful home: 5/5/2019 3:09:16 PM
05/05/2019 15:09:16.5 [BarCodeZAxis] Move to Negative limit. Velocity 20 mm/s, accel 200 mm/s2, decel 350 mm/s2, timeout 60 s.
05/05/2019 15:09:16.9 [BarCodeZAxis] Reached limit successfully.
05/05/2019 15:09:16.9 [BarCodeZAxis] Attempting to back off Negative limit.
05/05/2019 15:09:17.4 [BarCodeZAxis] Move off limit completion: Successful (OKReady).
05/05/2019 15:09:17.4 [BarCodeZAxis] Move to limit finished.
05/05/2019 15:09:17.5 [BarCodeZAxis] Establishing new 0 position for the old position 0.00 mm.
05/05/2019 15:09:17.5 [BarCodeZAxis] Timestamp of last successful home: 5/5/2019 3:09:17 PM
05/05/2019 15:09:19.3 [YL] Move to Positive limit. Velocity 20 mm/s, accel 200 mm/s2, decel 1000 mm/s2, timeout 60 s.
05/05/2019 15:09:20.2 [YL] Reached limit successfully.
05/05/2019 15:09:20.2 [YL] Attempting to back off Positive limit.
05/05/2019 15:09:20.7 [YL] Move off limit completion: Successful (OKReady).
05/05/2019 15:09:20.7 [YL] Move to limit finished.
05/05/2019 15:09:20.8 [YL] Establishing new 0 position for the old position -0.01 mm.
05/05/2019 15:09:20.8 [YL] Timestamp of last successful home: 5/5/2019 3:09:20 PM
05/05/2019 15:09:21.0 [XL] Move to Positive limit. Velocity 20 mm/s, accel 200 mm/s2, decel 1000 mm/s2, timeout 60 s.
05/05/2019 15:09:21.9 [XL] Failed to find Positive limit: UndefinedError.
05/05/2019 15:09:22.0 [XL] Failed to home axis 'XL'.
05/05/2019 15:09:25.4 [XL] This axis has not been homed!
05/05/2019 15:09:27.8 [XL] Closing component connections for Warp 'XL'.
05/05/2019 15:09:27.8 [YL] Closing component connections for Warp 'YL'.
05/05/2019 15:09:27.8 [ZL] Closing component connections for Warp 'ZL'.
05/05/2019 15:09:27.8 [BarCodeZAxis] Closing component connections for Warp 'BarCodeZAxis'.
05/05/2019 15:09:28.4 [Lynx] 
