Workspace 'LM703' modules...
  MethodManagerV4   1.4.6666.27655
  MMCoreDevice   1.4.6666.27650
  MMLiquidHandler   1.4.6666.26302
  Warp3   2.0.6591.13866
  MMVVP   1.4.6666.26303
  MMIOLightTower   1.4.6666.26303
  MMHeadGripper   1.3.6591.14013
The pipette tool 'VVP96' has mandrel type 'MLV' and can load the following tip types:
   Tip type 'LXB-96-150F', loading depth 9.4 mm, Id: baf0d489-a29c-4899-844e-44fbdc6c2c49.
   Tip type 'LXB-96-200NF', loading depth 9.4 mm, Id: 095daefc-e866-4d91-906f-cc7e17eaf3f6.
   Tip type 'LXB-96-300F', loading depth 10.4 mm, Id: d2f37554-e0d6-41ea-8f3d-101c68af7e40.
   Tip type 'LXB-96-300NF', loading depth 10.4 mm, Id: 423ec1e5-0ccf-4946-a441-905f3c9e1fd9.
   Tip type 'LXB-96-950F', loading depth 28.6 mm, Id: 497625a6-73fc-4433-95df-636ceecdc818.
   Tip type 'LXB-96-950F-WB', loading depth 28.6 mm, Id: ca3988bc-a34d-4ad7-ba77-93a37e8cba6d.
   Tip type 'LXB-96-1250NF', loading depth 28.6 mm, Id: 13ba07a3-d5cb-4a96-9ab8-1d418fc383d6.
10/02/2019 10:30:30.6 The command server is monitoring the workspace 'LM703' and is available on 172.18.3.53/1000
10/02/2019 10:30:38.3 [ZL] Instruction Error Status: None
10/02/2019 10:30:38.3 [ZL] Warp3 core version: 99103v1.0 (will support I/O).
10/02/2019 10:30:38.3 [ZL] Configured as an enhanced Warp3 with I/O.
10/02/2019 10:30:38.4 [ZL]   Inputs: False False False False False 
10/02/2019 10:30:38.4 [ZL] Current IP communications rate is 10 mb.
10/02/2019 10:30:38.4 [ZL] IP communications speed is currently set to 10 Mbps.
10/02/2019 10:30:38.5 [ZL] Phase correction: disabled, prescale: 0, phase counts: 2000
10/02/2019 10:30:38.6 [ZL] SetCurrentFoldbackAmps(8, 20) will set 17440 , 216
10/02/2019 10:30:38.6 [ZL] Configuration parameters loaded from 'P:\MethodManagerWorkspaces\LM703\Configuration\Z Axis.xml'. HomeVelocity 20 mm/s, CountsPerMM 2571 cts/mm.
10/02/2019 10:30:38.7 [ZL] Start Hall-based phase initialization.
10/02/2019 10:30:38.8 [ZL] Phases initialized.
10/02/2019 10:30:38.8 [BarCodeZAxis] Instruction Error Status: None
10/02/2019 10:30:38.8 [BarCodeZAxis] Warp3 core version: 99103v1.0 (will support I/O).
10/02/2019 10:30:38.8 [BarCodeZAxis] Configured as an enhanced Warp3 with I/O.
10/02/2019 10:30:38.9 [BarCodeZAxis]   Inputs: False True False False False 
10/02/2019 10:30:38.9 [BarCodeZAxis] Current IP communications rate is 10 mb.
10/02/2019 10:30:38.9 [BarCodeZAxis] IP communications speed is currently set to 10 Mbps.
10/02/2019 10:30:39.0 [BarCodeZAxis] Phase correction: disabled, prescale: 0, phase counts: 2000
10/02/2019 10:30:39.0 [BarCodeZAxis] SetCurrentFoldbackAmps(2, 5) will set 4360 , 54
10/02/2019 10:30:39.0 [BarCodeZAxis] Configuration parameters loaded from 'P:\MethodManagerWorkspaces\LM703\Configuration\BarCode Z.xml'. HomeVelocity 20 mm/s, CountsPerMM 5538 cts/mm.
10/02/2019 10:30:39.2 [BarCodeZAxis] Start Hall-based phase initialization.
10/02/2019 10:30:39.2 [BarCodeZAxis] Phases initialized.
10/02/2019 10:30:39.2 [YL] Instruction Error Status: None
10/02/2019 10:30:39.3 [YL] Warp3 core version: 99103v1.0 (will support I/O).
10/02/2019 10:30:39.3 [YL] Configured as an enhanced Warp3 with I/O.
10/02/2019 10:30:39.3 [YL]   Inputs: False False False False False 
10/02/2019 10:30:39.3 [YL] Current IP communications rate is 10 mb.
10/02/2019 10:30:39.3 [YL] IP communications speed is currently set to 10 Mbps.
10/02/2019 10:30:39.4 [YL] Phase correction: disabled, prescale: 1, phase counts: 1905
10/02/2019 10:30:39.5 [YL] SetCurrentFoldbackAmps(6, 100) will set 13080 , 1083
10/02/2019 10:30:39.5 [YL] Configuration parameters loaded from 'P:\MethodManagerWorkspaces\LM703\Configuration\Y Axis.xml'. HomeVelocity 20 mm/s, CountsPerMM 2000 cts/mm.
10/02/2019 10:30:39.6 [YL] Start Hall-based phase initialization.
10/02/2019 10:30:39.6 [YL] Phases initialized.
10/02/2019 10:30:39.7 [XL] Instruction Error Status: None
10/02/2019 10:30:39.7 [XL] Warp3 core version: 99103v1.0 (will support I/O).
10/02/2019 10:30:39.7 [XL] Configured as an enhanced Warp3 with I/O.
10/02/2019 10:30:39.7 [XL]   Inputs: False False False False False 
10/02/2019 10:30:39.8 [XL] Current IP communications rate is 10 mb.
10/02/2019 10:30:39.8 [XL] IP communications speed is currently set to 10 Mbps.
10/02/2019 10:30:39.9 [XL] Phase correction: disabled, prescale: 1, phase counts: 1905
10/02/2019 10:30:39.9 [XL] SetCurrentFoldbackAmps(6, 100) will set 13080 , 1083
10/02/2019 10:30:39.9 [XL] Configuration parameters loaded from 'P:\MethodManagerWorkspaces\LM703\Configuration\X Axis.xml'. HomeVelocity 20 mm/s, CountsPerMM 2000 cts/mm.
10/02/2019 10:30:40.1 [XL] Start Hall-based phase initialization.
10/02/2019 10:30:40.1 [XL] Phases initialized.
10/02/2019 10:30:42.3 [VVP96] Get VVP: command 'Aspirate Diagnostics' from 96 channels.
10/02/2019 10:30:42.5 [ZL] Move to Positive limit. Velocity 20 mm/s, accel 40 mm/s2, decel 200 mm/s2, timeout 60 s.
10/02/2019 10:30:43.2 [ZL] Reached limit successfully.
10/02/2019 10:30:43.2 [ZL] Attempting to back off Positive limit.
10/02/2019 10:30:43.8 [ZL] Move off limit completion: Successful (OKReady).
10/02/2019 10:30:43.9 [ZL] Move to limit finished.
10/02/2019 10:30:43.9 [ZL] Establishing new 0 position for the old position 0.00 mm.
10/02/2019 10:30:44.0 [ZL] Timestamp of last successful home: 10/2/2019 10:30:43 AM
10/02/2019 10:30:44.1 [BarCodeZAxis] Move to Negative limit. Velocity 20 mm/s, accel 200 mm/s2, decel 350 mm/s2, timeout 60 s.
10/02/2019 10:30:44.6 [BarCodeZAxis] Reached limit successfully.
10/02/2019 10:30:44.6 [BarCodeZAxis] Attempting to back off Negative limit.
10/02/2019 10:30:45.0 [BarCodeZAxis] Move off limit completion: Successful (OKReady).
10/02/2019 10:30:45.1 [BarCodeZAxis] Move to limit finished.
10/02/2019 10:30:45.2 [BarCodeZAxis] Establishing new 0 position for the old position 0.00 mm.
10/02/2019 10:30:45.2 [BarCodeZAxis] Timestamp of last successful home: 10/2/2019 10:30:45 AM
10/02/2019 10:30:46.8 [YL] Move to Positive limit. Velocity 20 mm/s, accel 200 mm/s2, decel 1000 mm/s2, timeout 60 s.
10/02/2019 10:31:03.0 [YL] Reached limit successfully.
10/02/2019 10:31:03.0 [YL] Attempting to back off Positive limit.
10/02/2019 10:31:03.5 [YL] Move off limit completion: Successful (OKReady).
10/02/2019 10:31:03.5 [YL] Move to limit finished.
10/02/2019 10:31:03.6 [YL] Establishing new 0 position for the old position 0.00 mm.
10/02/2019 10:31:03.6 [YL] Timestamp of last successful home: 10/2/2019 10:31:03 AM
10/02/2019 10:31:03.8 [XL] Move to Positive limit. Velocity 20 mm/s, accel 200 mm/s2, decel 1000 mm/s2, timeout 60 s.
10/02/2019 10:31:12.2 [XL] Reached limit successfully.
10/02/2019 10:31:12.3 [XL] Attempting to back off Positive limit.
10/02/2019 10:31:12.7 [XL] Move off limit completion: Successful (OKReady).
10/02/2019 10:31:12.7 [XL] Move to limit finished.
10/02/2019 10:31:12.8 [XL] Establishing new 0 position for the old position 0.06 mm.
10/02/2019 10:31:12.8 [XL] Timestamp of last successful home: 10/2/2019 10:31:12 AM
10/02/2019 12:40:13.8 [XL] Closing component connections for Warp 'XL'.
10/02/2019 12:40:13.8 [YL] Closing component connections for Warp 'YL'.
10/02/2019 12:40:13.9 [ZL] Closing component connections for Warp 'ZL'.
10/02/2019 12:40:13.9 [BarCodeZAxis] Closing component connections for Warp 'BarCodeZAxis'.
10/02/2019 12:40:14.5 [Lynx] 
