Workspace 'LM703' modules...
  MethodManagerV4   1.4.6666.27655
  MMCoreDevice   1.4.6666.27650
  MMLiquidHandler   1.4.6666.26302
  Warp3   2.0.6591.13866
  MMVVP   1.4.6666.26303
  MMIOLightTower   1.4.6666.26303
  MMHeadGripper   1.3.6591.14013
The pipette tool 'VVP96' has mandrel type 'MLV' and can load the following tip types:
   Tip type 'LXB-96-150F', loading depth 9.4 mm, Id: baf0d489-a29c-4899-844e-44fbdc6c2c49.
   Tip type 'LXB-96-200NF', loading depth 9.4 mm, Id: 095daefc-e866-4d91-906f-cc7e17eaf3f6.
   Tip type 'LXB-96-300F', loading depth 10.4 mm, Id: d2f37554-e0d6-41ea-8f3d-101c68af7e40.
   Tip type 'LXB-96-300NF', loading depth 10.4 mm, Id: 423ec1e5-0ccf-4946-a441-905f3c9e1fd9.
   Tip type 'LXB-96-950F', loading depth 28.6 mm, Id: 497625a6-73fc-4433-95df-636ceecdc818.
   Tip type 'LXB-96-950F-WB', loading depth 28.6 mm, Id: ca3988bc-a34d-4ad7-ba77-93a37e8cba6d.
   Tip type 'LXB-96-1250NF', loading depth 28.6 mm, Id: 13ba07a3-d5cb-4a96-9ab8-1d418fc383d6.
12/06/2019 07:55:57.1 [XL] Move off limit completion: Failed (Timeout).
12/06/2019 07:55:57.1 [XL] Failed to find Positive limit: Timeout.
12/06/2019 07:55:57.1 [XL] Failed to home axis 'XL'.
12/06/2019 07:55:57.2 Tcp notification encountered an error: SocketException: System.Net.Sockets.SocketException (0x80004005): The requested address is not valid in its context 172.18.3.52:0
   at System.Net.Sockets.TcpClient..ctor(String hostname, Int32 port)
   at MethodManager.DX.Interop.MMTcpServer.<>c__DisplayClass5.<SendNotification>b__4()
12/06/2019 07:56:30.6 Process 'InitializeLynx.met' MethodCompleted
1 of 1 method(s) completed successfully.
  Concurrent method 'Main' (Main) started at 12/06/2019 07:56:28.4 and finished at 12/06/2019 07:56:30.6

12/06/2019 08:00:28.1 Process 'ChipLoad_150ul.met' MethodCompleted
1 of 1 method(s) completed successfully.
  Concurrent method 'Main' (Main) started at 12/06/2019 07:59:26.5 and finished at 12/06/2019 08:00:28.1

12/06/2019 08:10:12.1 Process 'Norm.met' MethodCompleted
1 of 1 method(s) completed successfully.
  Concurrent method 'Main' (Main) started at 12/06/2019 08:07:08.5 and finished at 12/06/2019 08:10:12.1

12/06/2019 08:11:09.4 Process 'AndStamp.met' MethodCompleted
1 of 1 method(s) completed successfully.
  Concurrent method 'Main' (Main) started at 12/06/2019 08:10:15.0 and finished at 12/06/2019 08:11:09.4

12/06/2019 08:26:05.9 Process 'ChipLoad_150ul.met' MethodCompleted
1 of 1 method(s) completed successfully.
  Concurrent method 'Main' (Main) started at 12/06/2019 08:25:03.3 and finished at 12/06/2019 08:26:05.9

12/06/2019 08:35:51.3 Process 'Norm.met' MethodCompleted
1 of 1 method(s) completed successfully.
  Concurrent method 'Main' (Main) started at 12/06/2019 08:32:47.3 and finished at 12/06/2019 08:35:51.3

12/06/2019 08:36:46.5 Process 'AndStamp.met' MethodCompleted
1 of 1 method(s) completed successfully.
  Concurrent method 'Main' (Main) started at 12/06/2019 08:35:54.1 and finished at 12/06/2019 08:36:46.5

12/06/2019 08:44:29.1 Process 'ChipLoad_150ul.met' MethodCompleted
1 of 1 method(s) completed successfully.
  Concurrent method 'Main' (Main) started at 12/06/2019 08:43:28.0 and finished at 12/06/2019 08:44:29.1

12/06/2019 08:54:14.9 Process 'Norm.met' MethodCompleted
1 of 1 method(s) completed successfully.
  Concurrent method 'Main' (Main) started at 12/06/2019 08:51:11.2 and finished at 12/06/2019 08:54:14.9

12/06/2019 08:55:10.9 Process 'AndStamp.met' MethodCompleted
1 of 1 method(s) completed successfully.
  Concurrent method 'Main' (Main) started at 12/06/2019 08:54:18.1 and finished at 12/06/2019 08:55:10.9

12/06/2019 09:05:44.4 Process 'ChipLoad_150ul.met' MethodCompleted
1 of 1 method(s) completed successfully.
  Concurrent method 'Main' (Main) started at 12/06/2019 09:04:43.0 and finished at 12/06/2019 09:05:44.4

12/06/2019 09:15:34.1 Process 'Norm.met' MethodCompleted
1 of 1 method(s) completed successfully.
  Concurrent method 'Main' (Main) started at 12/06/2019 09:12:29.5 and finished at 12/06/2019 09:15:34.1

12/06/2019 09:16:30.1 Process 'AndStamp.met' MethodCompleted
1 of 1 method(s) completed successfully.
  Concurrent method 'Main' (Main) started at 12/06/2019 09:15:36.8 and finished at 12/06/2019 09:16:30.1

12/06/2019 09:24:16.6 Process 'ChipLoad_150ul.met' MethodCompleted
1 of 1 method(s) completed successfully.
  Concurrent method 'Main' (Main) started at 12/06/2019 09:23:14.6 and finished at 12/06/2019 09:24:16.6

12/06/2019 09:34:02.0 Process 'Norm.met' MethodCompleted
1 of 1 method(s) completed successfully.
  Concurrent method 'Main' (Main) started at 12/06/2019 09:30:58.2 and finished at 12/06/2019 09:34:02.0

12/06/2019 09:34:58.1 Process 'AndStamp.met' MethodCompleted
1 of 1 method(s) completed successfully.
  Concurrent method 'Main' (Main) started at 12/06/2019 09:34:05.2 and finished at 12/06/2019 09:34:58.1

12/06/2019 09:42:47.3 Process 'ChipLoad_150ul.met' MethodCompleted
1 of 1 method(s) completed successfully.
  Concurrent method 'Main' (Main) started at 12/06/2019 09:41:44.0 and finished at 12/06/2019 09:42:47.3

12/06/2019 09:52:34.7 Process 'Norm.met' MethodCompleted
1 of 1 method(s) completed successfully.
  Concurrent method 'Main' (Main) started at 12/06/2019 09:49:27.5 and finished at 12/06/2019 09:52:34.7

12/06/2019 09:53:31.1 Process 'AndStamp.met' MethodCompleted
1 of 1 method(s) completed successfully.
  Concurrent method 'Main' (Main) started at 12/06/2019 09:52:37.9 and finished at 12/06/2019 09:53:31.1

12/06/2019 10:00:52.2 [VVP96] VVP reports errors in last operation: Ch:A01 3.3uL/0.9uL Err: 0, Ch:B01 3.1uL/0.7uL Err: 0, Ch:C01 3.0uL/0.6uL Err: 0, Ch:D01 3.0uL/0.6uL Err: 0, Ch:E01 2.8uL/0.4uL Err: 0, Ch:F01 2.7uL/0.2uL Err: 0, Ch:G01 3.2uL/0.8uL Err: -25, Ch:H01 3.3uL/0.8uL Err: -25, Ch:A02 3.4uL/0.9uL Err: 0, Ch:B02 3.5uL/1.0uL Err: 0, Ch:C02 3.3uL/0.9uL Err: 0, Ch:D02 3.2uL/0.7uL Err: 0, Ch:E02 3.0uL/0.6uL Err: 0, Ch:F02 3.1uL/0.6uL Err: 0, Ch:G02 3.0uL/0.5uL Err: 0, Ch:H02 3.3uL/0.8uL Err: -25, Ch:A03 3.3uL/0.9uL Err: 0, Ch:B03 3.3uL/0.8uL Err: 0, Ch:C03 3.2uL/0.8uL Err: 0, Ch:D03 3.2uL/0.8uL Err: 0, Ch:E03 3.2uL/0.8uL Err: 0, Ch:F03 3.1uL/0.7uL Err: 0, Ch:G03 3.0uL/0.5uL Err: 0, Ch:H03 2.9uL/0.4uL Err: 0, Ch:A04 3.5uL/1.0uL Err: 0, Ch:B04 3.3uL/0.9uL Err: 0, Ch:C04 3.3uL/0.9uL Err: 0, Ch:D04 3.4uL/0.9uL Err: 0, Ch:E04 3.2uL/0.8uL Err: 0, Ch:F04 3.2uL/0.7uL Err: 0, Ch:G04 3.1uL/0.6uL Err: 0, Ch:H04 3.1uL/0.6uL Err: 0, Ch:A05 3.3uL/0.9uL Err: 0, Ch:B05 3.3uL/0.9uL Err: 0, Ch:C05 3.2uL/0.8uL Err: 0, Ch:D05 3.3uL/0.8uL Err: 0, Ch:E05 3.2uL/0.8uL Err: 0, Ch:F05 3.3uL/0.8uL Err: 0, Ch:G05 3.0uL/0.6uL Err: 0, Ch:H05 3.0uL/0.5uL Err: 0, Ch:A06 3.2uL/0.8uL Err: 0, Ch:B06 3.3uL/0.9uL Err: 0, Ch:C06 3.3uL/0.9uL Err: 0, Ch:D06 3.4uL/0.9uL Err: 0, Ch:E06 3.3uL/0.9uL Err: 0, Ch:F06 3.2uL/0.8uL Err: 0, Ch:G06 3.4uL/0.9uL Err: 0, Ch:H06 3.1uL/0.6uL Err: 0, Ch:A07 3.4uL/0.9uL Err: 0, Ch:B07 3.3uL/0.9uL Err: 0, Ch:C07 3.3uL/0.8uL Err: 0, Ch:D07 3.4uL/0.9uL Err: 0, Ch:E07 3.3uL/0.8uL Err: 0, Ch:F07 3.5uL/1.0uL Err: 0, Ch:G07 3.3uL/0.9uL Err: 0, Ch:H07 3.2uL/0.7uL Err: 0, Ch:A08 3.3uL/0.9uL Err: 0, Ch:B08 3.4uL/0.9uL Err: 0, Ch:C08 3.3uL/0.9uL Err: 0, Ch:D08 3.2uL/0.8uL Err: 0, Ch:E08 3.2uL/0.8uL Err: 0, Ch:F08 3.4uL/0.9uL Err: 0, Ch:G08 3.4uL/0.9uL Err: 0, Ch:H08 3.4uL/0.9uL Err: 0, Ch:A09 3.2uL/0.8uL Err: 0, Ch:B09 3.4uL/0.9uL Err: 0, Ch:C09 3.3uL/0.9uL Err: 0, Ch:D09 3.3uL/0.9uL Err: 0, Ch:E09 3.4uL/0.9uL Err: 0, Ch:F09 3.3uL/0.9uL Err: 0, Ch:G09 3.4uL/0.9uL Err: 0, Ch:H09 3.4uL/0.9uL Err: 0, Ch:A10 3.3uL/0.9uL Err: 0, Ch:B10 3.5uL/1.0uL Err: 0, Ch:C10 3.4uL/0.9uL Err: 0, Ch:D10 3.4uL/0.9uL Err: 0, Ch:E10 3.3uL/0.9uL Err: 0, Ch:F10 3.2uL/0.8uL Err: 0, Ch:G10 3.5uL/1.0uL Err: 0, Ch:H10 3.3uL/0.8uL Err: 0, Ch:A11 3.3uL/0.9uL Err: 0, Ch:B11 3.2uL/0.8uL Err: 0, Ch:C11 3.2uL/0.8uL Err: 0, Ch:D11 3.3uL/0.9uL Err: 0, Ch:E11 3.3uL/0.9uL Err: 0, Ch:F11 3.4uL/0.9uL Err: 0, Ch:G11 3.5uL/1.0uL Err: 0, Ch:H11 3.4uL/0.9uL Err: 0, Ch:A12 3.3uL/0.9uL Err: 0, Ch:B12 3.4uL/0.9uL Err: 0, Ch:C12 3.3uL/0.9uL Err: 0, Ch:D12 3.4uL/0.9uL Err: 0, Ch:E12 3.4uL/0.9uL Err: 0, Ch:F12 3.4uL/0.9uL Err: 0, Ch:G12 3.4uL/0.9uL Err: 0, Ch:H12 3.4uL/0.9uL Err: 0
12/06/2019 10:01:18.4 Process 'ChipLoad_150ul.met' MethodCompleted
1 of 1 method(s) completed successfully.
  Concurrent method 'Main' (Main) started at 12/06/2019 10:00:14.5 and finished at 12/06/2019 10:01:18.4

12/06/2019 10:11:12.2 Process 'Norm.met' MethodCompleted
1 of 1 method(s) completed successfully.
  Concurrent method 'Main' (Main) started at 12/06/2019 10:08:02.9 and finished at 12/06/2019 10:11:12.2

12/06/2019 10:12:08.9 Process 'AndStamp.met' MethodCompleted
1 of 1 method(s) completed successfully.
  Concurrent method 'Main' (Main) started at 12/06/2019 10:11:15.2 and finished at 12/06/2019 10:12:08.9

12/06/2019 10:19:34.8 [VVP96] VVP reports errors in last operation: Ch:A01 3.3uL/0.9uL Err: 0, Ch:B01 3.1uL/0.7uL Err: 0, Ch:C01 3.1uL/0.6uL Err: 0, Ch:D01 3.1uL/0.6uL Err: 0, Ch:E01 2.9uL/0.5uL Err: 0, Ch:F01 2.5uL/0.1uL Err: 0, Ch:G01 3.0uL/0.6uL Err: -25, Ch:H01 3.0uL/0.6uL Err: -25, Ch:A02 3.4uL/0.9uL Err: 0, Ch:B02 3.3uL/0.9uL Err: 0, Ch:C02 3.3uL/0.8uL Err: 0, Ch:D02 3.1uL/0.7uL Err: 0, Ch:E02 3.1uL/0.6uL Err: 0, Ch:F02 3.1uL/0.6uL Err: 0, Ch:G02 2.8uL/0.4uL Err: 0, Ch:H02 3.1uL/0.7uL Err: -25, Ch:A03 3.3uL/0.8uL Err: 0, Ch:B03 3.3uL/0.8uL Err: 0, Ch:C03 3.2uL/0.8uL Err: 0, Ch:D03 3.2uL/0.8uL Err: 0, Ch:E03 3.2uL/0.8uL Err: 0, Ch:F03 3.1uL/0.7uL Err: 0, Ch:G03 3.1uL/0.6uL Err: 0, Ch:H03 2.9uL/0.5uL Err: 0, Ch:A04 3.3uL/0.9uL Err: 0, Ch:B04 3.2uL/0.8uL Err: 0, Ch:C04 3.3uL/0.8uL Err: 0, Ch:D04 3.2uL/0.8uL Err: 0, Ch:E04 3.2uL/0.8uL Err: 0, Ch:F04 3.2uL/0.8uL Err: 0, Ch:G04 3.0uL/0.5uL Err: 0, Ch:H04 3.1uL/0.6uL Err: 0, Ch:A05 3.2uL/0.8uL Err: 0, Ch:B05 3.2uL/0.8uL Err: 0, Ch:C05 3.3uL/0.8uL Err: 0, Ch:D05 3.3uL/0.8uL Err: 0, Ch:E05 3.2uL/0.8uL Err: 0, Ch:F05 3.2uL/0.8uL Err: 0, Ch:G05 3.1uL/0.6uL Err: 0, Ch:H05 2.9uL/0.5uL Err: 0, Ch:A06 3.2uL/0.8uL Err: 0, Ch:B06 3.2uL/0.8uL Err: 0, Ch:C06 3.3uL/0.9uL Err: 0, Ch:D06 3.3uL/0.9uL Err: 0, Ch:E06 3.4uL/0.9uL Err: 0, Ch:F06 3.2uL/0.8uL Err: 0, Ch:G06 3.2uL/0.8uL Err: 0, Ch:H06 3.3uL/0.8uL Err: 0, Ch:A07 3.3uL/0.8uL Err: 0, Ch:B07 3.3uL/0.8uL Err: 0, Ch:C07 3.3uL/0.8uL Err: 0, Ch:D07 3.3uL/0.8uL Err: 0, Ch:E07 3.4uL/0.9uL Err: 0, Ch:F07 3.3uL/0.9uL Err: 0, Ch:G07 3.3uL/0.8uL Err: 0, Ch:H07 3.3uL/0.8uL Err: 0, Ch:A08 3.2uL/0.8uL Err: 0, Ch:B08 3.2uL/0.8uL Err: 0, Ch:C08 3.3uL/0.8uL Err: 0, Ch:D08 3.3uL/0.8uL Err: 0, Ch:E08 3.4uL/0.9uL Err: 0, Ch:F08 3.2uL/0.8uL Err: 0, Ch:G08 3.4uL/0.9uL Err: 0, Ch:H08 3.3uL/0.9uL Err: 0, Ch:A09 3.2uL/0.8uL Err: 0, Ch:B09 3.4uL/0.9uL Err: 0, Ch:C09 3.3uL/0.8uL Err: 0, Ch:D09 3.3uL/0.8uL Err: 0, Ch:E09 3.3uL/0.8uL Err: 0, Ch:F09 3.2uL/0.8uL Err: 0, Ch:G09 3.3uL/0.9uL Err: 0, Ch:H09 3.2uL/0.8uL Err: 0, Ch:A10 3.2uL/0.8uL Err: 0, Ch:B10 3.5uL/1.0uL Err: 0, Ch:C10 3.3uL/0.9uL Err: 0, Ch:D10 3.4uL/0.9uL Err: 0, Ch:E10 3.4uL/0.9uL Err: 0, Ch:F10 3.3uL/0.8uL Err: 0, Ch:G10 3.4uL/0.9uL Err: 0, Ch:H10 3.3uL/0.8uL Err: 0, Ch:A11 3.2uL/0.8uL Err: 0, Ch:B11 3.3uL/0.8uL Err: 0, Ch:C11 3.2uL/0.8uL Err: 0, Ch:D11 3.3uL/0.8uL Err: 0, Ch:E11 3.3uL/0.8uL Err: 0, Ch:F11 3.2uL/0.8uL Err: 0, Ch:G11 3.3uL/0.9uL Err: 0, Ch:H11 3.4uL/1.0uL Err: 0, Ch:A12 3.2uL/0.8uL Err: 0, Ch:B12 3.2uL/0.8uL Err: 0, Ch:C12 3.4uL/0.9uL Err: 0, Ch:D12 3.2uL/0.8uL Err: 0, Ch:E12 3.2uL/0.8uL Err: 0, Ch:F12 3.2uL/0.8uL Err: 0, Ch:G12 3.3uL/0.9uL Err: 0, Ch:H12 3.3uL/0.9uL Err: 0
12/06/2019 10:19:58.3 Process 'ChipLoad_150ul.met' MethodCompleted
1 of 1 method(s) completed successfully.
  Concurrent method 'Main' (Main) started at 12/06/2019 10:18:56.7 and finished at 12/06/2019 10:19:58.3

12/06/2019 10:29:41.6 Process 'Norm.met' MethodCompleted
1 of 1 method(s) completed successfully.
  Concurrent method 'Main' (Main) started at 12/06/2019 10:26:39.7 and finished at 12/06/2019 10:29:41.6

12/06/2019 10:30:37.6 Process 'AndStamp.met' MethodCompleted
1 of 1 method(s) completed successfully.
  Concurrent method 'Main' (Main) started at 12/06/2019 10:29:44.6 and finished at 12/06/2019 10:30:37.6

12/06/2019 10:38:00.8 [VVP96] VVP reports errors in last operation: Ch:A01 3.3uL/0.9uL Err: 0, Ch:B01 3.2uL/0.8uL Err: 0, Ch:C01 2.9uL/0.5uL Err: 0, Ch:D01 2.9uL/0.5uL Err: 0, Ch:E01 2.8uL/0.4uL Err: 0, Ch:F01 2.8uL/0.3uL Err: 0, Ch:G01 3.3uL/0.9uL Err: -25, Ch:H01 6553.3uL/0.0uL Err: -3, Ch:A02 3.2uL/0.8uL Err: 0, Ch:B02 3.3uL/0.9uL Err: 0, Ch:C02 3.2uL/0.8uL Err: 0, Ch:D02 3.3uL/0.8uL Err: 0, Ch:E02 2.9uL/0.5uL Err: 0, Ch:F02 3.1uL/0.6uL Err: 0, Ch:G02 2.9uL/0.5uL Err: 0, Ch:H02 3.3uL/0.8uL Err: -25, Ch:A03 3.3uL/0.9uL Err: 0, Ch:B03 3.2uL/0.8uL Err: 0, Ch:C03 3.3uL/0.8uL Err: 0, Ch:D03 3.3uL/0.8uL Err: 0, Ch:E03 3.1uL/0.7uL Err: 0, Ch:F03 3.1uL/0.7uL Err: 0, Ch:G03 2.9uL/0.5uL Err: 0, Ch:H03 3.0uL/0.5uL Err: 0, Ch:A04 3.4uL/0.9uL Err: 0, Ch:B04 3.3uL/0.8uL Err: 0, Ch:C04 3.2uL/0.8uL Err: 0, Ch:D04 3.3uL/0.9uL Err: 0, Ch:E04 3.4uL/0.9uL Err: 0, Ch:F04 3.2uL/0.7uL Err: 0, Ch:G04 3.0uL/0.6uL Err: 0, Ch:H04 3.1uL/0.7uL Err: 0, Ch:A05 3.4uL/0.9uL Err: 0, Ch:B05 3.3uL/0.8uL Err: 0, Ch:C05 3.2uL/0.8uL Err: 0, Ch:D05 3.2uL/0.8uL Err: 0, Ch:E05 3.3uL/0.8uL Err: 0, Ch:F05 3.1uL/0.6uL Err: 0, Ch:G05 3.0uL/0.6uL Err: 0, Ch:H05 3.0uL/0.6uL Err: 0, Ch:A06 3.3uL/0.8uL Err: 0, Ch:B06 3.4uL/0.9uL Err: 0, Ch:C06 3.4uL/0.9uL Err: 0, Ch:D06 3.3uL/0.9uL Err: 0, Ch:E06 3.4uL/0.9uL Err: 0, Ch:F06 3.3uL/0.8uL Err: 0, Ch:G06 3.0uL/0.6uL Err: 0, Ch:H06 3.0uL/0.5uL Err: 0, Ch:A07 3.2uL/0.8uL Err: 0, Ch:B07 3.2uL/0.8uL Err: 0, Ch:C07 3.2uL/0.8uL Err: 0, Ch:D07 3.3uL/0.8uL Err: 0, Ch:E07 3.2uL/0.8uL Err: 0, Ch:F07 3.3uL/0.8uL Err: 0, Ch:G07 3.2uL/0.8uL Err: 0, Ch:H07 3.1uL/0.7uL Err: 0, Ch:A08 3.2uL/0.8uL Err: 0, Ch:B08 3.2uL/0.8uL Err: 0, Ch:C08 3.2uL/0.8uL Err: 0, Ch:D08 3.2uL/0.8uL Err: 0, Ch:E08 3.3uL/0.8uL Err: 0, Ch:F08 3.2uL/0.8uL Err: 0, Ch:G08 3.4uL/0.9uL Err: 0, Ch:H08 3.3uL/0.9uL Err: 0, Ch:A09 3.4uL/0.9uL Err: 0, Ch:B09 3.3uL/0.9uL Err: 0, Ch:C09 3.4uL/0.9uL Err: 0, Ch:D09 3.2uL/0.8uL Err: 0, Ch:E09 3.3uL/0.8uL Err: 0, Ch:F09 3.3uL/0.8uL Err: 0, Ch:G09 3.3uL/0.9uL Err: 0, Ch:H09 3.4uL/0.9uL Err: 0, Ch:A10 3.3uL/0.8uL Err: 0, Ch:B10 3.5uL/1.0uL Err: 0, Ch:C10 3.2uL/0.8uL Err: 0, Ch:D10 3.4uL/0.9uL Err: 0, Ch:E10 3.4uL/0.9uL Err: 0, Ch:F10 3.2uL/0.8uL Err: 0, Ch:G10 3.4uL/0.9uL Err: 0, Ch:H10 3.3uL/0.8uL Err: 0, Ch:A11 3.2uL/0.8uL Err: 0, Ch:B11 3.2uL/0.8uL Err: 0, Ch:C11 3.3uL/0.8uL Err: 0, Ch:D11 3.3uL/0.8uL Err: 0, Ch:E11 3.3uL/0.8uL Err: 0, Ch:F11 3.3uL/0.8uL Err: 0, Ch:G11 3.3uL/0.9uL Err: 0, Ch:H11 3.4uL/0.9uL Err: 0, Ch:A12 3.2uL/0.8uL Err: 0, Ch:B12 3.2uL/0.8uL Err: 0, Ch:C12 3.4uL/0.9uL Err: 0, Ch:D12 3.3uL/0.8uL Err: 0, Ch:E12 3.3uL/0.8uL Err: 0, Ch:F12 3.3uL/0.8uL Err: 0, Ch:G12 3.2uL/0.8uL Err: 0, Ch:H12 3.4uL/0.9uL Err: 0
12/06/2019 10:38:25.0 Process 'ChipLoad_150ul.met' MethodCompleted
1 of 1 method(s) completed successfully.
  Concurrent method 'Main' (Main) started at 12/06/2019 10:37:18.2 and finished at 12/06/2019 10:38:24.9

12/06/2019 10:48:10.4 Process 'Norm.met' MethodCompleted
1 of 1 method(s) completed successfully.
  Concurrent method 'Main' (Main) started at 12/06/2019 10:45:05.4 and finished at 12/06/2019 10:48:10.4

12/06/2019 10:49:06.5 Process 'AndStamp.met' MethodCompleted
1 of 1 method(s) completed successfully.
  Concurrent method 'Main' (Main) started at 12/06/2019 10:48:13.2 and finished at 12/06/2019 10:49:06.5

12/06/2019 11:01:04.9 Process 'Stamp_150ul.met' MethodCompleted
1 of 1 method(s) completed successfully.
  Concurrent method 'Main' (Main) started at 12/06/2019 10:59:49.2 and finished at 12/06/2019 11:01:04.9

12/06/2019 11:35:40.3 Process 'Stamp_150ul.met' MethodCompleted
1 of 1 method(s) completed successfully.
  Concurrent method 'Main' (Main) started at 12/06/2019 11:34:24.6 and finished at 12/06/2019 11:35:40.3

12/06/2019 12:37:11.0 [VVP96] VVP reports errors in last operation: Ch:A01 3.3uL/0.9uL Err: 0, Ch:B01 3.1uL/0.6uL Err: 0, Ch:C01 2.9uL/0.5uL Err: 0, Ch:D01 3.2uL/0.7uL Err: 0, Ch:E01 2.8uL/0.4uL Err: 0, Ch:F01 2.6uL/0.2uL Err: 0, Ch:G01 3.3uL/0.8uL Err: -25, Ch:H01 3.3uL/0.9uL Err: -25, Ch:A02 3.4uL/0.9uL Err: 0, Ch:B02 3.3uL/0.9uL Err: 0, Ch:C02 3.2uL/0.8uL Err: 0, Ch:D02 3.0uL/0.6uL Err: 0, Ch:E02 2.9uL/0.5uL Err: 0, Ch:F02 3.0uL/0.6uL Err: 0, Ch:G02 2.7uL/0.3uL Err: 0, Ch:H02 6553.3uL/0.0uL Err: -3, Ch:A03 3.3uL/0.8uL Err: 0, Ch:B03 3.3uL/0.8uL Err: 0, Ch:C03 3.2uL/0.8uL Err: 0, Ch:D03 3.3uL/0.8uL Err: 0, Ch:E03 3.1uL/0.7uL Err: 0, Ch:F03 3.0uL/0.6uL Err: 0, Ch:G03 3.0uL/0.5uL Err: 0, Ch:H03 2.9uL/0.4uL Err: 0, Ch:A04 3.4uL/0.9uL Err: 0, Ch:B04 3.4uL/0.9uL Err: 0, Ch:C04 3.2uL/0.8uL Err: 0, Ch:D04 3.3uL/0.9uL Err: 0, Ch:E04 3.2uL/0.8uL Err: 0, Ch:F04 3.0uL/0.6uL Err: 0, Ch:G04 3.1uL/0.6uL Err: 0, Ch:H04 3.1uL/0.6uL Err: 0, Ch:A05 3.2uL/0.8uL Err: 0, Ch:B05 3.3uL/0.8uL Err: 0, Ch:C05 3.2uL/0.7uL Err: 0, Ch:D05 3.3uL/0.8uL Err: 0, Ch:E05 3.2uL/0.8uL Err: 0, Ch:F05 3.3uL/0.8uL Err: 0, Ch:G05 3.1uL/0.6uL Err: 0, Ch:H05 3.0uL/0.5uL Err: 0, Ch:A06 3.3uL/0.8uL Err: 0, Ch:B06 3.2uL/0.8uL Err: 0, Ch:C06 3.4uL/1.0uL Err: 0, Ch:D06 3.5uL/1.0uL Err: 0, Ch:E06 3.4uL/0.9uL Err: 0, Ch:F06 3.3uL/0.8uL Err: 0, Ch:G06 3.3uL/0.8uL Err: 0, Ch:H06 3.0uL/0.6uL Err: 0, Ch:A07 3.2uL/0.8uL Err: 0, Ch:B07 3.2uL/0.8uL Err: 0, Ch:C07 3.1uL/0.7uL Err: 0, Ch:D07 3.3uL/0.8uL Err: 0, Ch:E07 3.3uL/0.9uL Err: 0, Ch:F07 3.3uL/0.9uL Err: 0, Ch:G07 3.2uL/0.8uL Err: 0, Ch:H07 3.3uL/0.8uL Err: 0, Ch:A08 3.4uL/0.9uL Err: 0, Ch:B08 3.3uL/0.8uL Err: 0, Ch:C08 3.3uL/0.8uL Err: 0, Ch:D08 3.3uL/0.9uL Err: 0, Ch:E08 3.3uL/0.8uL Err: 0, Ch:F08 3.4uL/0.9uL Err: 0, Ch:G08 3.4uL/0.9uL Err: 0, Ch:H08 3.4uL/0.9uL Err: 0, Ch:A09 3.2uL/0.8uL Err: 0, Ch:B09 3.2uL/0.8uL Err: 0, Ch:C09 3.2uL/0.8uL Err: 0, Ch:D09 3.2uL/0.8uL Err: 0, Ch:E09 3.3uL/0.9uL Err: 0, Ch:F09 3.4uL/0.9uL Err: 0, Ch:G09 3.4uL/0.9uL Err: 0, Ch:H09 3.2uL/0.8uL Err: 0, Ch:A10 3.2uL/0.8uL Err: 0, Ch:B10 3.4uL/1.0uL Err: 0, Ch:C10 3.3uL/0.9uL Err: 0, Ch:D10 3.3uL/0.9uL Err: 0, Ch:E10 3.3uL/0.9uL Err: 0, Ch:F10 3.2uL/0.7uL Err: 0, Ch:G10 3.4uL/0.9uL Err: 0, Ch:H10 3.2uL/0.8uL Err: 0, Ch:A11 3.3uL/0.9uL Err: 0, Ch:B11 3.3uL/0.8uL Err: 0, Ch:C11 3.3uL/0.8uL Err: 0, Ch:D11 3.3uL/0.8uL Err: 0, Ch:E11 3.3uL/0.8uL Err: 0, Ch:F11 3.3uL/0.8uL Err: 0, Ch:G11 3.3uL/0.9uL Err: 0, Ch:H11 3.4uL/0.9uL Err: 0, Ch:A12 3.4uL/0.9uL Err: 0, Ch:B12 3.3uL/0.8uL Err: 0, Ch:C12 3.3uL/0.8uL Err: 0, Ch:D12 3.3uL/0.9uL Err: 0, Ch:E12 3.2uL/0.8uL Err: 0, Ch:F12 3.2uL/0.8uL Err: 0, Ch:G12 3.2uL/0.8uL Err: 0, Ch:H12 3.4uL/0.9uL Err: 0
12/06/2019 12:37:36.6 Process 'ChipLoad_150ul.met' MethodCompleted
1 of 1 method(s) completed successfully.
  Concurrent method 'Main' (Main) started at 12/06/2019 12:36:29.3 and finished at 12/06/2019 12:37:36.6

12/06/2019 12:47:23.8 Process 'Norm.met' MethodCompleted
1 of 1 method(s) completed successfully.
  Concurrent method 'Main' (Main) started at 12/06/2019 12:44:19.9 and finished at 12/06/2019 12:47:23.8

12/06/2019 12:48:20.7 Process 'AndStamp.met' MethodCompleted
1 of 1 method(s) completed successfully.
  Concurrent method 'Main' (Main) started at 12/06/2019 12:47:26.8 and finished at 12/06/2019 12:48:20.7

12/06/2019 12:55:43.9 [VVP96] VVP reports errors in last operation: Ch:A01 3.4uL/0.9uL Err: 0, Ch:B01 3.3uL/0.8uL Err: 0, Ch:C01 2.9uL/0.5uL Err: 0, Ch:D01 3.0uL/0.5uL Err: 0, Ch:E01 2.8uL/0.4uL Err: 0, Ch:F01 2.6uL/0.1uL Err: 0, Ch:G01 3.4uL/0.9uL Err: -25, Ch:H01 3.2uL/0.8uL Err: -25, Ch:A02 3.2uL/0.8uL Err: 0, Ch:B02 3.3uL/0.9uL Err: 0, Ch:C02 3.2uL/0.8uL Err: 0, Ch:D02 3.3uL/0.9uL Err: 0, Ch:E02 3.0uL/0.5uL Err: 0, Ch:F02 3.0uL/0.6uL Err: 0, Ch:G02 2.7uL/0.3uL Err: 0, Ch:H02 2.5uL/0.1uL Err: 0, Ch:A03 3.2uL/0.8uL Err: 0, Ch:B03 3.2uL/0.8uL Err: 0, Ch:C03 3.2uL/0.8uL Err: 0, Ch:D03 3.2uL/0.8uL Err: 0, Ch:E03 3.2uL/0.8uL Err: 0, Ch:F03 3.0uL/0.6uL Err: 0, Ch:G03 3.0uL/0.5uL Err: 0, Ch:H03 3.0uL/0.5uL Err: 0, Ch:A04 3.3uL/0.9uL Err: 0, Ch:B04 3.3uL/0.9uL Err: 0, Ch:C04 3.3uL/0.9uL Err: 0, Ch:D04 3.3uL/0.8uL Err: 0, Ch:E04 3.4uL/0.9uL Err: 0, Ch:F04 3.0uL/0.6uL Err: 0, Ch:G04 3.0uL/0.6uL Err: 0, Ch:H04 3.1uL/0.7uL Err: 0, Ch:A05 3.2uL/0.8uL Err: 0, Ch:B05 3.2uL/0.8uL Err: 0, Ch:C05 3.3uL/0.8uL Err: 0, Ch:D05 3.3uL/0.8uL Err: 0, Ch:E05 3.2uL/0.8uL Err: 0, Ch:F05 3.2uL/0.8uL Err: 0, Ch:G05 3.1uL/0.6uL Err: 0, Ch:H05 3.0uL/0.5uL Err: 0, Ch:A06 3.3uL/0.8uL Err: 0, Ch:B06 3.3uL/0.8uL Err: 0, Ch:C06 3.4uL/1.0uL Err: 0, Ch:D06 3.4uL/0.9uL Err: 0, Ch:E06 3.3uL/0.9uL Err: 0, Ch:F06 3.3uL/0.8uL Err: 0, Ch:G06 3.2uL/0.8uL Err: 0, Ch:H06 3.1uL/0.6uL Err: 0, Ch:A07 3.3uL/0.9uL Err: 0, Ch:B07 3.3uL/0.8uL Err: 0, Ch:C07 3.2uL/0.8uL Err: 0, Ch:D07 3.3uL/0.8uL Err: 0, Ch:E07 3.3uL/0.8uL Err: 0, Ch:F07 3.4uL/0.9uL Err: 0, Ch:G07 3.4uL/0.9uL Err: 0, Ch:H07 3.2uL/0.8uL Err: 0, Ch:A08 3.2uL/0.8uL Err: 0, Ch:B08 3.2uL/0.8uL Err: 0, Ch:C08 3.4uL/0.9uL Err: 0, Ch:D08 3.2uL/0.8uL Err: 0, Ch:E08 3.4uL/0.9uL Err: 0, Ch:F08 3.3uL/0.8uL Err: 0, Ch:G08 3.4uL/0.9uL Err: 0, Ch:H08 3.3uL/0.9uL Err: 0, Ch:A09 3.3uL/0.9uL Err: 0, Ch:B09 3.3uL/0.8uL Err: 0, Ch:C09 3.2uL/0.8uL Err: 0, Ch:D09 3.2uL/0.8uL Err: 0, Ch:E09 3.3uL/0.8uL Err: 0, Ch:F09 3.3uL/0.9uL Err: 0, Ch:G09 3.3uL/0.9uL Err: 0, Ch:H09 3.2uL/0.8uL Err: 0, Ch:A10 3.3uL/0.8uL Err: 0, Ch:B10 3.5uL/1.0uL Err: 0, Ch:C10 3.4uL/0.9uL Err: 0, Ch:D10 3.4uL/0.9uL Err: 0, Ch:E10 3.3uL/0.9uL Err: 0, Ch:F10 3.1uL/0.7uL Err: 0, Ch:G10 3.3uL/0.9uL Err: 0, Ch:H10 3.2uL/0.8uL Err: 0, Ch:A11 3.3uL/0.9uL Err: 0, Ch:B11 3.3uL/0.8uL Err: 0, Ch:C11 3.3uL/0.8uL Err: 0, Ch:D11 3.2uL/0.8uL Err: 0, Ch:E11 3.2uL/0.8uL Err: 0, Ch:F11 3.4uL/0.9uL Err: 0, Ch:G11 3.4uL/0.9uL Err: 0, Ch:H11 3.4uL/0.9uL Err: 0, Ch:A12 3.2uL/0.8uL Err: 0, Ch:B12 3.4uL/0.9uL Err: 0, Ch:C12 3.3uL/0.8uL Err: 0, Ch:D12 3.4uL/0.9uL Err: 0, Ch:E12 3.3uL/0.9uL Err: 0, Ch:F12 3.3uL/0.8uL Err: 0, Ch:G12 3.2uL/0.8uL Err: 0, Ch:H12 3.4uL/0.9uL Err: 0
12/06/2019 12:56:07.5 Process 'ChipLoad_150ul.met' MethodCompleted
1 of 1 method(s) completed successfully.
  Concurrent method 'Main' (Main) started at 12/06/2019 12:55:06.2 and finished at 12/06/2019 12:56:07.5

12/06/2019 13:05:51.8 Process 'Norm.met' MethodCompleted
1 of 1 method(s) completed successfully.
  Concurrent method 'Main' (Main) started at 12/06/2019 13:02:51.3 and finished at 12/06/2019 13:05:51.8

12/06/2019 13:06:47.8 Process 'AndStamp.met' MethodCompleted
1 of 1 method(s) completed successfully.
  Concurrent method 'Main' (Main) started at 12/06/2019 13:05:54.6 and finished at 12/06/2019 13:06:47.8

12/06/2019 14:22:57.0 Process 'ChipLoad_150ul.met' MethodCompleted
1 of 1 method(s) completed successfully.
  Concurrent method 'Main' (Main) started at 12/06/2019 14:21:55.5 and finished at 12/06/2019 14:22:57.0

12/06/2019 14:32:44.3 Process 'Norm.met' MethodCompleted
1 of 1 method(s) completed successfully.
  Concurrent method 'Main' (Main) started at 12/06/2019 14:29:40.6 and finished at 12/06/2019 14:32:44.3

12/06/2019 14:33:40.3 Process 'AndStamp.met' MethodCompleted
1 of 1 method(s) completed successfully.
  Concurrent method 'Main' (Main) started at 12/06/2019 14:32:47.7 and finished at 12/06/2019 14:33:40.3

12/06/2019 14:41:25.5 Process 'ChipLoad_150ul.met' MethodCompleted
1 of 1 method(s) completed successfully.
  Concurrent method 'Main' (Main) started at 12/06/2019 14:40:24.5 and finished at 12/06/2019 14:41:25.5

12/06/2019 14:51:18.7 Process 'Norm.met' MethodCompleted
1 of 1 method(s) completed successfully.
  Concurrent method 'Main' (Main) started at 12/06/2019 14:48:09.3 and finished at 12/06/2019 14:51:18.7

12/06/2019 14:52:15.3 Process 'AndStamp.met' MethodCompleted
1 of 1 method(s) completed successfully.
  Concurrent method 'Main' (Main) started at 12/06/2019 14:51:21.8 and finished at 12/06/2019 14:52:15.3

12/06/2019 15:18:07.3 Process 'Stamp_150ul.met' MethodCompleted
1 of 1 method(s) completed successfully.
  Concurrent method 'Main' (Main) started at 12/06/2019 15:16:52.1 and finished at 12/06/2019 15:18:07.3

12/06/2019 16:00:46.7 Process 'Stamp_150ul.met' MethodCompleted
1 of 1 method(s) completed successfully.
  Concurrent method 'Main' (Main) started at 12/06/2019 15:59:32.5 and finished at 12/06/2019 16:00:46.7

12/06/2019 16:16:32.3 Process 'ChipLoad_150ul.met' MethodCompleted
1 of 1 method(s) completed successfully.
  Concurrent method 'Main' (Main) started at 12/06/2019 16:15:30.1 and finished at 12/06/2019 16:16:32.3

12/06/2019 16:26:20.0 Process 'Norm.met' MethodCompleted
1 of 1 method(s) completed successfully.
  Concurrent method 'Main' (Main) started at 12/06/2019 16:23:12.9 and finished at 12/06/2019 16:26:20.0

12/06/2019 16:27:16.5 Process 'AndStamp.met' MethodCompleted
1 of 1 method(s) completed successfully.
  Concurrent method 'Main' (Main) started at 12/06/2019 16:26:22.9 and finished at 12/06/2019 16:27:16.5

12/06/2019 16:35:02.9 Process 'ChipLoad_150ul.met' MethodCompleted
1 of 1 method(s) completed successfully.
  Concurrent method 'Main' (Main) started at 12/06/2019 16:34:01.3 and finished at 12/06/2019 16:35:02.9

12/06/2019 16:44:49.4 Process 'Norm.met' MethodCompleted
1 of 1 method(s) completed successfully.
  Concurrent method 'Main' (Main) started at 12/06/2019 16:41:44.3 and finished at 12/06/2019 16:44:49.4

12/06/2019 16:45:46.1 Process 'AndStamp.met' MethodCompleted
1 of 1 method(s) completed successfully.
  Concurrent method 'Main' (Main) started at 12/06/2019 16:44:52.6 and finished at 12/06/2019 16:45:46.1

12/06/2019 16:53:39.7 Process 'ChipLoad_150ul.met' MethodCompleted
1 of 1 method(s) completed successfully.
  Concurrent method 'Main' (Main) started at 12/06/2019 16:52:38.1 and finished at 12/06/2019 16:53:39.7

12/06/2019 17:03:30.7 Process 'Norm.met' MethodCompleted
1 of 1 method(s) completed successfully.
  Concurrent method 'Main' (Main) started at 12/06/2019 17:00:23.2 and finished at 12/06/2019 17:03:30.7

12/06/2019 17:04:26.4 Process 'AndStamp.met' MethodCompleted
1 of 1 method(s) completed successfully.
  Concurrent method 'Main' (Main) started at 12/06/2019 17:03:33.6 and finished at 12/06/2019 17:04:26.4

12/06/2019 17:13:56.6 Process 'ChipLoad_150ul.met' MethodCompleted
1 of 1 method(s) completed successfully.
  Concurrent method 'Main' (Main) started at 12/06/2019 17:12:54.3 and finished at 12/06/2019 17:13:56.6

12/06/2019 17:23:42.4 Process 'Norm.met' MethodCompleted
1 of 1 method(s) completed successfully.
  Concurrent method 'Main' (Main) started at 12/06/2019 17:20:37.7 and finished at 12/06/2019 17:23:42.4

12/06/2019 17:24:39.3 Process 'AndStamp.met' MethodCompleted
1 of 1 method(s) completed successfully.
  Concurrent method 'Main' (Main) started at 12/06/2019 17:23:45.6 and finished at 12/06/2019 17:24:39.3

12/06/2019 17:36:32.5 Process 'ChipLoad_150ul.met' MethodCompleted
1 of 1 method(s) completed successfully.
  Concurrent method 'Main' (Main) started at 12/06/2019 17:35:30.0 and finished at 12/06/2019 17:36:32.5

12/06/2019 17:44:45.2 [VVP96] VVP reported an initial error for the GetCommand Pressure Status: Exception of type 'Seyonic.Dispenser.DispenserException' was thrown. (Inner exception: none)
12/06/2019 17:46:21.4 Process 'Norm.met' MethodCompleted
1 of 1 method(s) completed successfully.
  Concurrent method 'Main' (Main) started at 12/06/2019 17:43:14.3 and finished at 12/06/2019 17:46:21.4

12/06/2019 17:47:16.7 Process 'AndStamp.met' MethodCompleted
1 of 1 method(s) completed successfully.
  Concurrent method 'Main' (Main) started at 12/06/2019 17:46:24.1 and finished at 12/06/2019 17:47:16.7

12/06/2019 17:57:44.5 Process 'ChipLoad_150ul.met' MethodCompleted
1 of 1 method(s) completed successfully.
  Concurrent method 'Main' (Main) started at 12/06/2019 17:56:42.9 and finished at 12/06/2019 17:57:44.5

12/06/2019 18:07:32.4 Process 'Norm.met' MethodCompleted
1 of 1 method(s) completed successfully.
  Concurrent method 'Main' (Main) started at 12/06/2019 18:04:26.2 and finished at 12/06/2019 18:07:32.4

12/06/2019 18:08:28.7 Process 'AndStamp.met' MethodCompleted
1 of 1 method(s) completed successfully.
  Concurrent method 'Main' (Main) started at 12/06/2019 18:07:35.6 and finished at 12/06/2019 18:08:28.7

12/06/2019 18:27:00.6 Process 'ChipLoad_150ul.met' MethodCompleted
1 of 1 method(s) completed successfully.
  Concurrent method 'Main' (Main) started at 12/06/2019 18:25:59.0 and finished at 12/06/2019 18:27:00.6

12/06/2019 18:36:46.8 Process 'Norm.met' MethodCompleted
1 of 1 method(s) completed successfully.
  Concurrent method 'Main' (Main) started at 12/06/2019 18:33:41.8 and finished at 12/06/2019 18:36:46.8

12/06/2019 18:37:42.6 Process 'AndStamp.met' MethodCompleted
1 of 1 method(s) completed successfully.
  Concurrent method 'Main' (Main) started at 12/06/2019 18:36:49.6 and finished at 12/06/2019 18:37:42.6

12/06/2019 18:45:26.7 Process 'ChipLoad_150ul.met' MethodCompleted
1 of 1 method(s) completed successfully.
  Concurrent method 'Main' (Main) started at 12/06/2019 18:44:25.0 and finished at 12/06/2019 18:45:26.7

12/06/2019 18:55:12.6 Process 'Norm.met' MethodCompleted
1 of 1 method(s) completed successfully.
  Concurrent method 'Main' (Main) started at 12/06/2019 18:52:08.2 and finished at 12/06/2019 18:55:12.6

12/06/2019 18:56:09.1 Process 'AndStamp.met' MethodCompleted
1 of 1 method(s) completed successfully.
  Concurrent method 'Main' (Main) started at 12/06/2019 18:55:15.5 and finished at 12/06/2019 18:56:09.1

12/06/2019 19:03:59.5 Process 'ChipLoad_150ul.met' MethodCompleted
1 of 1 method(s) completed successfully.
  Concurrent method 'Main' (Main) started at 12/06/2019 19:02:57.7 and finished at 12/06/2019 19:03:59.5

12/06/2019 19:13:47.0 Process 'Norm.met' MethodCompleted
1 of 1 method(s) completed successfully.
  Concurrent method 'Main' (Main) started at 12/06/2019 19:10:40.8 and finished at 12/06/2019 19:13:47.0

12/06/2019 19:14:42.9 Process 'AndStamp.met' MethodCompleted
1 of 1 method(s) completed successfully.
  Concurrent method 'Main' (Main) started at 12/06/2019 19:13:49.9 and finished at 12/06/2019 19:14:42.9

12/06/2019 19:22:35.7 Process 'ChipLoad_150ul.met' MethodCompleted
1 of 1 method(s) completed successfully.
  Concurrent method 'Main' (Main) started at 12/06/2019 19:21:33.0 and finished at 12/06/2019 19:22:35.7

12/06/2019 19:32:21.1 Process 'Norm.met' MethodCompleted
1 of 1 method(s) completed successfully.
  Concurrent method 'Main' (Main) started at 12/06/2019 19:29:16.2 and finished at 12/06/2019 19:32:21.1

12/06/2019 19:33:17.6 Process 'AndStamp.met' MethodCompleted
1 of 1 method(s) completed successfully.
  Concurrent method 'Main' (Main) started at 12/06/2019 19:32:23.9 and finished at 12/06/2019 19:33:17.5

12/07/2019 07:33:07.7 Tcp notification encountered an error: SocketException: System.Net.Sockets.SocketException (0x80004005): The requested address is not valid in its context 172.18.3.52:0
   at System.Net.Sockets.TcpClient..ctor(String hostname, Int32 port)
   at MethodManager.DX.Interop.MMTcpServer.<>c__DisplayClass5.<SendNotification>b__4()
12/07/2019 07:33:11.6 Process 'InitializeLynx.met' MethodCompleted
1 of 1 method(s) completed successfully.
  Concurrent method 'Main' (Main) started at 12/07/2019 07:33:09.5 and finished at 12/07/2019 07:33:11.6

12/07/2019 07:38:10.4 Process 'ChipLoad_150ul.met' MethodCompleted
1 of 1 method(s) completed successfully.
  Concurrent method 'Main' (Main) started at 12/07/2019 07:37:08.6 and finished at 12/07/2019 07:38:10.4

12/07/2019 07:47:58.1 Process 'Norm.met' MethodCompleted
1 of 1 method(s) completed successfully.
  Concurrent method 'Main' (Main) started at 12/07/2019 07:44:52.9 and finished at 12/07/2019 07:47:58.1

12/07/2019 07:48:54.6 Process 'AndStamp.met' MethodCompleted
1 of 1 method(s) completed successfully.
  Concurrent method 'Main' (Main) started at 12/07/2019 07:48:01.4 and finished at 12/07/2019 07:48:54.6

12/07/2019 07:56:51.3 Process 'ChipLoad_150ul.met' MethodCompleted
1 of 1 method(s) completed successfully.
  Concurrent method 'Main' (Main) started at 12/07/2019 07:55:49.3 and finished at 12/07/2019 07:56:51.3

12/07/2019 08:06:39.6 Process 'Norm.met' MethodCompleted
1 of 1 method(s) completed successfully.
  Concurrent method 'Main' (Main) started at 12/07/2019 08:03:33.0 and finished at 12/07/2019 08:06:39.6

12/07/2019 08:07:36.1 Process 'AndStamp.met' MethodCompleted
1 of 1 method(s) completed successfully.
  Concurrent method 'Main' (Main) started at 12/07/2019 08:06:42.8 and finished at 12/07/2019 08:07:36.1

12/07/2019 08:15:24.6 Process 'ChipLoad_150ul.met' MethodCompleted
1 of 1 method(s) completed successfully.
  Concurrent method 'Main' (Main) started at 12/07/2019 08:14:21.3 and finished at 12/07/2019 08:15:24.6

12/07/2019 08:25:07.6 Process 'Norm.met' MethodCompleted
1 of 1 method(s) completed successfully.
  Concurrent method 'Main' (Main) started at 12/07/2019 08:22:05.7 and finished at 12/07/2019 08:25:07.6

12/07/2019 08:26:03.8 Process 'AndStamp.met' MethodCompleted
1 of 1 method(s) completed successfully.
  Concurrent method 'Main' (Main) started at 12/07/2019 08:25:10.5 and finished at 12/07/2019 08:26:03.8

12/07/2019 08:33:49.9 Process 'ChipLoad_150ul.met' MethodCompleted
1 of 1 method(s) completed successfully.
  Concurrent method 'Main' (Main) started at 12/07/2019 08:32:48.2 and finished at 12/07/2019 08:33:49.9

12/07/2019 08:43:38.9 Process 'Norm.met' MethodCompleted
1 of 1 method(s) completed successfully.
  Concurrent method 'Main' (Main) started at 12/07/2019 08:40:31.7 and finished at 12/07/2019 08:43:38.9

12/07/2019 08:44:35.5 Process 'AndStamp.met' MethodCompleted
1 of 1 method(s) completed successfully.
  Concurrent method 'Main' (Main) started at 12/07/2019 08:43:42.1 and finished at 12/07/2019 08:44:35.5

12/07/2019 08:52:30.3 Process 'ChipLoad_150ul.met' MethodCompleted
1 of 1 method(s) completed successfully.
  Concurrent method 'Main' (Main) started at 12/07/2019 08:51:28.4 and finished at 12/07/2019 08:52:30.3

12/07/2019 09:02:15.2 Process 'Norm.met' MethodCompleted
1 of 1 method(s) completed successfully.
  Concurrent method 'Main' (Main) started at 12/07/2019 08:59:12.5 and finished at 12/07/2019 09:02:15.2

12/07/2019 09:03:12.0 Process 'AndStamp.met' MethodCompleted
1 of 1 method(s) completed successfully.
  Concurrent method 'Main' (Main) started at 12/07/2019 09:02:18.4 and finished at 12/07/2019 09:03:12.0

12/07/2019 09:10:58.9 Process 'ChipLoad_150ul.met' MethodCompleted
1 of 1 method(s) completed successfully.
  Concurrent method 'Main' (Main) started at 12/07/2019 09:09:56.3 and finished at 12/07/2019 09:10:58.9

12/07/2019 09:20:44.9 Process 'Norm.met' MethodCompleted
1 of 1 method(s) completed successfully.
  Concurrent method 'Main' (Main) started at 12/07/2019 09:17:40.6 and finished at 12/07/2019 09:20:44.9

12/07/2019 09:21:40.7 Process 'AndStamp.met' MethodCompleted
1 of 1 method(s) completed successfully.
  Concurrent method 'Main' (Main) started at 12/07/2019 09:20:47.9 and finished at 12/07/2019 09:21:40.7

12/07/2019 09:29:31.1 Process 'ChipLoad_150ul.met' MethodCompleted
1 of 1 method(s) completed successfully.
  Concurrent method 'Main' (Main) started at 12/07/2019 09:28:19.2 and finished at 12/07/2019 09:29:31.1

12/07/2019 09:36:55.0 [VVP96] VVP reports 1 errors in last aspirate: D08
12/07/2019 09:39:34.6 Process 'Norm.met' MethodCompleted
1 of 1 method(s) completed successfully.
  Concurrent method 'Main' (Main) started at 12/07/2019 09:36:12.8 and finished at 12/07/2019 09:39:34.6

12/07/2019 09:40:34.7 Process 'AndStamp.met' MethodCompleted
1 of 1 method(s) completed successfully.
  Concurrent method 'Main' (Main) started at 12/07/2019 09:39:37.9 and finished at 12/07/2019 09:40:34.7

12/07/2019 09:48:23.0 Process 'ChipLoad_150ul.met' MethodCompleted
1 of 1 method(s) completed successfully.
  Concurrent method 'Main' (Main) started at 12/07/2019 09:47:19.7 and finished at 12/07/2019 09:48:23.0

12/07/2019 09:58:06.8 Process 'Norm.met' MethodCompleted
1 of 1 method(s) completed successfully.
  Concurrent method 'Main' (Main) started at 12/07/2019 09:55:04.9 and finished at 12/07/2019 09:58:06.8

12/07/2019 09:59:02.2 Process 'AndStamp.met' MethodCompleted
1 of 1 method(s) completed successfully.
  Concurrent method 'Main' (Main) started at 12/07/2019 09:58:09.9 and finished at 12/07/2019 09:59:02.2

12/07/2019 10:06:51.5 Process 'ChipLoad_150ul.met' MethodCompleted
1 of 1 method(s) completed successfully.
  Concurrent method 'Main' (Main) started at 12/07/2019 10:05:50.3 and finished at 12/07/2019 10:06:51.5

12/07/2019 10:16:39.5 Process 'Norm.met' MethodCompleted
1 of 1 method(s) completed successfully.
  Concurrent method 'Main' (Main) started at 12/07/2019 10:13:35.3 and finished at 12/07/2019 10:16:39.5

12/07/2019 10:17:36.4 Process 'AndStamp.met' MethodCompleted
1 of 1 method(s) completed successfully.
  Concurrent method 'Main' (Main) started at 12/07/2019 10:16:42.7 and finished at 12/07/2019 10:17:36.4

12/07/2019 10:25:26.1 Process 'ChipLoad_150ul.met' MethodCompleted
1 of 1 method(s) completed successfully.
  Concurrent method 'Main' (Main) started at 12/07/2019 10:24:24.1 and finished at 12/07/2019 10:25:26.1

12/07/2019 10:35:11.0 Process 'Norm.met' MethodCompleted
1 of 1 method(s) completed successfully.
  Concurrent method 'Main' (Main) started at 12/07/2019 10:32:08.4 and finished at 12/07/2019 10:35:11.0

12/07/2019 10:36:07.5 Process 'AndStamp.met' MethodCompleted
1 of 1 method(s) completed successfully.
  Concurrent method 'Main' (Main) started at 12/07/2019 10:35:13.8 and finished at 12/07/2019 10:36:07.5

12/07/2019 10:44:03.7 Process 'Stamp_150ul.met' MethodCompleted
1 of 1 method(s) completed successfully.
  Concurrent method 'Main' (Main) started at 12/07/2019 10:42:48.0 and finished at 12/07/2019 10:44:03.7

12/07/2019 10:48:24.7 Process 'ChipLoad_150ul.met' MethodCompleted
1 of 1 method(s) completed successfully.
  Concurrent method 'Main' (Main) started at 12/07/2019 10:47:22.4 and finished at 12/07/2019 10:48:24.7

12/07/2019 10:58:15.8 Process 'Norm.met' MethodCompleted
1 of 1 method(s) completed successfully.
  Concurrent method 'Main' (Main) started at 12/07/2019 10:55:07.8 and finished at 12/07/2019 10:58:15.8

12/07/2019 10:59:12.1 Process 'AndStamp.met' MethodCompleted
1 of 1 method(s) completed successfully.
  Concurrent method 'Main' (Main) started at 12/07/2019 10:58:18.6 and finished at 12/07/2019 10:59:12.1

12/07/2019 11:08:51.8 Process 'ChipLoad_150ul.met' MethodCompleted
1 of 1 method(s) completed successfully.
  Concurrent method 'Main' (Main) started at 12/07/2019 11:07:50.6 and finished at 12/07/2019 11:08:51.8

12/07/2019 11:18:38.1 Process 'Norm.met' MethodCompleted
1 of 1 method(s) completed successfully.
  Concurrent method 'Main' (Main) started at 12/07/2019 11:15:33.4 and finished at 12/07/2019 11:18:38.1

12/07/2019 11:19:34.7 Process 'AndStamp.met' MethodCompleted
1 of 1 method(s) completed successfully.
  Concurrent method 'Main' (Main) started at 12/07/2019 11:18:40.8 and finished at 12/07/2019 11:19:34.7

12/07/2019 11:26:59.0 Process 'Stamp_150ul.met' MethodCompleted
1 of 1 method(s) completed successfully.
  Concurrent method 'Main' (Main) started at 12/07/2019 11:25:42.7 and finished at 12/07/2019 11:26:59.0

12/07/2019 12:15:25.9 Process 'ChipLoad_150ul.met' MethodCompleted
1 of 1 method(s) completed successfully.
  Concurrent method 'Main' (Main) started at 12/07/2019 12:14:24.9 and finished at 12/07/2019 12:15:25.9

12/07/2019 12:25:14.0 Process 'Norm.met' MethodCompleted
1 of 1 method(s) completed successfully.
  Concurrent method 'Main' (Main) started at 12/07/2019 12:22:08.9 and finished at 12/07/2019 12:25:14.0

12/07/2019 12:26:09.6 Process 'AndStamp.met' MethodCompleted
1 of 1 method(s) completed successfully.
  Concurrent method 'Main' (Main) started at 12/07/2019 12:25:16.7 and finished at 12/07/2019 12:26:09.6

12/07/2019 12:34:02.6 Process 'ChipLoad_150ul.met' MethodCompleted
1 of 1 method(s) completed successfully.
  Concurrent method 'Main' (Main) started at 12/07/2019 12:33:01.4 and finished at 12/07/2019 12:34:02.6

12/07/2019 12:43:50.4 Process 'Norm.met' MethodCompleted
1 of 1 method(s) completed successfully.
  Concurrent method 'Main' (Main) started at 12/07/2019 12:40:46.2 and finished at 12/07/2019 12:43:50.4

12/07/2019 12:44:46.8 Process 'AndStamp.met' MethodCompleted
1 of 1 method(s) completed successfully.
  Concurrent method 'Main' (Main) started at 12/07/2019 12:43:53.7 and finished at 12/07/2019 12:44:46.8

12/07/2019 14:57:57.4 Process 'Stamp_150ul.met' MethodCompleted
1 of 1 method(s) completed successfully.
  Concurrent method 'Main' (Main) started at 12/07/2019 14:56:43.5 and finished at 12/07/2019 14:57:57.4

12/07/2019 15:26:29.5 Process 'ChipLoad_150ul.met' MethodCompleted
1 of 1 method(s) completed successfully.
  Concurrent method 'Main' (Main) started at 12/07/2019 15:25:26.9 and finished at 12/07/2019 15:26:29.5

12/07/2019 15:36:14.5 Process 'Norm.met' MethodCompleted
1 of 1 method(s) completed successfully.
  Concurrent method 'Main' (Main) started at 12/07/2019 15:33:10.9 and finished at 12/07/2019 15:36:14.5

12/07/2019 15:37:10.9 Process 'AndStamp.met' MethodCompleted
1 of 1 method(s) completed successfully.
  Concurrent method 'Main' (Main) started at 12/07/2019 15:36:17.6 and finished at 12/07/2019 15:37:10.9

12/07/2019 15:45:09.2 Process 'ChipLoad_150ul.met' MethodCompleted
1 of 1 method(s) completed successfully.
  Concurrent method 'Main' (Main) started at 12/07/2019 15:44:07.7 and finished at 12/07/2019 15:45:09.2

12/07/2019 15:54:58.5 Process 'Norm.met' MethodCompleted
1 of 1 method(s) completed successfully.
  Concurrent method 'Main' (Main) started at 12/07/2019 15:51:52.4 and finished at 12/07/2019 15:54:58.5

12/07/2019 15:55:54.9 Process 'AndStamp.met' MethodCompleted
1 of 1 method(s) completed successfully.
  Concurrent method 'Main' (Main) started at 12/07/2019 15:55:01.3 and finished at 12/07/2019 15:55:54.9

12/07/2019 17:50:43.3 Process 'ChipLoad_150ul.met' MethodCompleted
1 of 1 method(s) completed successfully.
  Concurrent method 'Main' (Main) started at 12/07/2019 17:49:42.3 and finished at 12/07/2019 17:50:43.3

12/07/2019 18:00:28.6 Process 'Norm.met' MethodCompleted
1 of 1 method(s) completed successfully.
  Concurrent method 'Main' (Main) started at 12/07/2019 17:57:26.8 and finished at 12/07/2019 18:00:28.6

12/07/2019 18:01:24.2 Process 'AndStamp.met' MethodCompleted
1 of 1 method(s) completed successfully.
  Concurrent method 'Main' (Main) started at 12/07/2019 18:00:31.5 and finished at 12/07/2019 18:01:24.1

12/07/2019 18:09:10.0 Process 'ChipLoad_150ul.met' MethodCompleted
1 of 1 method(s) completed successfully.
  Concurrent method 'Main' (Main) started at 12/07/2019 18:08:08.5 and finished at 12/07/2019 18:09:10.0

12/07/2019 18:20:06.8 Process 'Norm.met' MethodCompleted
1 of 1 method(s) completed successfully.
  Concurrent method 'Main' (Main) started at 12/07/2019 18:17:02.9 and finished at 12/07/2019 18:20:06.8

12/07/2019 18:21:03.7 Process 'AndStamp.met' MethodCompleted
1 of 1 method(s) completed successfully.
  Concurrent method 'Main' (Main) started at 12/07/2019 18:20:09.8 and finished at 12/07/2019 18:21:03.7

12/07/2019 18:28:58.0 Process 'ChipLoad_150ul.met' MethodCompleted
1 of 1 method(s) completed successfully.
  Concurrent method 'Main' (Main) started at 12/07/2019 18:27:55.4 and finished at 12/07/2019 18:28:58.0

12/07/2019 18:38:42.9 Process 'Norm.met' MethodCompleted
1 of 1 method(s) completed successfully.
  Concurrent method 'Main' (Main) started at 12/07/2019 18:35:39.8 and finished at 12/07/2019 18:38:42.8

12/07/2019 18:39:38.7 Process 'AndStamp.met' MethodCompleted
1 of 1 method(s) completed successfully.
  Concurrent method 'Main' (Main) started at 12/07/2019 18:38:45.6 and finished at 12/07/2019 18:39:38.7

12/07/2019 18:48:58.5 Process 'ChipLoad_150ul.met' MethodCompleted
1 of 1 method(s) completed successfully.
  Concurrent method 'Main' (Main) started at 12/07/2019 18:47:56.6 and finished at 12/07/2019 18:48:58.5

12/07/2019 18:58:47.9 Process 'Norm.met' MethodCompleted
1 of 1 method(s) completed successfully.
  Concurrent method 'Main' (Main) started at 12/07/2019 18:55:42.1 and finished at 12/07/2019 18:58:47.9

12/07/2019 18:59:44.3 Process 'AndStamp.met' MethodCompleted
1 of 1 method(s) completed successfully.
  Concurrent method 'Main' (Main) started at 12/07/2019 18:58:51.3 and finished at 12/07/2019 18:59:44.3

12/07/2019 19:46:56.2 Process 'ChipLoad_150ul.met' MethodCompleted
1 of 1 method(s) completed successfully.
  Concurrent method 'Main' (Main) started at 12/07/2019 19:45:53.4 and finished at 12/07/2019 19:46:56.2

12/07/2019 19:56:44.1 Process 'Norm.met' MethodCompleted
1 of 1 method(s) completed successfully.
  Concurrent method 'Main' (Main) started at 12/07/2019 19:53:38.2 and finished at 12/07/2019 19:56:44.1

12/07/2019 19:57:40.0 Process 'AndStamp.met' MethodCompleted
1 of 1 method(s) completed successfully.
  Concurrent method 'Main' (Main) started at 12/07/2019 19:56:47.0 and finished at 12/07/2019 19:57:40.0

