Workspace 'LM703' modules...
  MethodManagerV4   1.4.6666.27655
  MMCoreDevice   1.4.6666.27650
  MMLiquidHandler   1.4.6666.26302
  Warp3   2.0.6591.13866
  MMVVP   1.4.6666.26303
  MMIOLightTower   1.4.6666.26303
  MMHeadGripper   1.3.6591.14013
The pipette tool 'VVP96' has mandrel type 'MLV' and can load the following tip types:
   Tip type 'LXB-96-150F', loading depth 9.4 mm, Id: baf0d489-a29c-4899-844e-44fbdc6c2c49.
   Tip type 'LXB-96-200NF', loading depth 9.4 mm, Id: 095daefc-e866-4d91-906f-cc7e17eaf3f6.
   Tip type 'LXB-96-300F', loading depth 10.4 mm, Id: d2f37554-e0d6-41ea-8f3d-101c68af7e40.
   Tip type 'LXB-96-300NF', loading depth 10.4 mm, Id: 423ec1e5-0ccf-4946-a441-905f3c9e1fd9.
   Tip type 'LXB-96-950F', loading depth 28.6 mm, Id: 497625a6-73fc-4433-95df-636ceecdc818.
   Tip type 'LXB-96-950F-WB', loading depth 28.6 mm, Id: ca3988bc-a34d-4ad7-ba77-93a37e8cba6d.
   Tip type 'LXB-96-1250NF', loading depth 28.6 mm, Id: 13ba07a3-d5cb-4a96-9ab8-1d418fc383d6.
[User] Step.
11/29/2019 19:06:28.1 Process 'AndStamp.met' MethodCompleted, A 'Eject Tips(VVP96)' command has a logic or parameter error
0 of 1 method(s) completed successfully.
  Concurrent method 'Main' (Main) started at 11/29/2019 19:06:26.4 and terminated at 11/29/2019 19:06:28.1
    Terminate reason:CommandError
    Command 'Eject Tips(VVP96)', line 5, was interrupted due to Command 'Eject Tips(VVP96)' requires a valid tip type

[User] Clear errors.
No Device Errors to resolve.
[User] Step.
11/29/2019 19:06:37.9 Process 'AndStamp.met' MethodCompleted, A 'Eject Tips(VVP96)' command has a logic or parameter error
0 of 1 method(s) completed successfully.
  Concurrent method 'Main' (Main) started at 11/29/2019 19:06:35.8 and terminated at 11/29/2019 19:06:37.9
    Terminate reason:CommandError
    Command 'Eject Tips(VVP96)', line 5, was interrupted due to Command 'Eject Tips(VVP96)' requires a valid tip type

[User] Step.
11/29/2019 19:07:13.4 Process 'SubMethods\TipOn_Check_300uL.met' MethodCompleted, A 'Eject Tips(VVP96)' command has a logic or parameter error
0 of 1 method(s) completed successfully.
  Concurrent method 'Main' (Main) started at 11/29/2019 19:07:03.8 and terminated at 11/29/2019 19:07:13.4
    Terminate reason:CommandError
    Command 'Eject Tips(VVP96)', line 4, was interrupted due to Command 'Eject Tips(VVP96)' requires a valid tip type

[User] Clear errors.
No Device Errors to resolve.
[User] Step.
11/29/2019 19:07:21.0 Process 'SubMethods\TipOn_Check_300uL.met' MethodCompleted
1 of 1 method(s) completed successfully.
  Concurrent method 'Main' (Main) started at 11/29/2019 19:07:20.2 and finished at 11/29/2019 19:07:21.0

[User] Step.
11/29/2019 19:07:36.2 Process 'SubMethods\TipOn_Check_300uL.met' MethodCompleted, A 'Eject Tips(VVP96)' command has a logic or parameter error
0 of 1 method(s) completed successfully.
  Concurrent method 'Main' (Main) started at 11/29/2019 19:07:32.0 and terminated at 11/29/2019 19:07:36.2
    Terminate reason:CommandError
    Command 'Eject Tips(VVP96)', line 4, was interrupted due to Command 'Eject Tips(VVP96)' requires a valid tip type

[User] Step.
11/29/2019 19:08:17.6 Process 'SubMethods\TipOn_Check_300uL.met' MethodCompleted
1 of 1 method(s) completed successfully.
  Concurrent method 'Main' (Main) started at 11/29/2019 19:08:09.7 and finished at 11/29/2019 19:08:17.6

[User] Step.
11/29/2019 19:10:20.1 Process 'AndStamp.met' MethodCompleted
1 of 1 method(s) completed successfully.
  Concurrent method 'Main' (Main) started at 11/29/2019 19:10:13.3 and finished at 11/29/2019 19:10:20.1

[User] Start.
[UserStop] Stop.
11/29/2019 19:16:20.6 Process 'AndStamp.met' MethodCompleted, A 'Aspirate(VVP96)' command responded to a stop signal
0 of 1 method(s) completed successfully.
  Concurrent method 'Main' (Main) started at 11/29/2019 19:15:52.7 and terminated at 11/29/2019 19:16:20.6
    Terminate reason:QuitSignal
    Command 'Aspirate(VVP96)', line 2, was interrupted due to Command 'Aspirate(VVP96)' required to exit on Stop

[User] Start.
11/29/2019 19:17:49.9 Process 'AndStamp.met' MethodCompleted, A 'Load Tips(VVP96)' command has a logic or parameter error
0 of 1 method(s) completed successfully.
  Concurrent method 'Main' (Main) started at 11/29/2019 19:17:47.7 and terminated at 11/29/2019 19:17:49.8
    Terminate reason:CommandError
    Command 'Load Tips(VVP96)', line 0, was interrupted due to Command 'Load Tips(VVP96)' can not have an existing tip type

[User] Clear errors.
No Device Errors to resolve.
[User] Start.
11/29/2019 19:18:41.8 Process 'AndStamp.met' MethodCompleted, A 'Load Tips(VVP96)' command has a logic or parameter error
0 of 1 method(s) completed successfully.
  Concurrent method 'Main' (Main) started at 11/29/2019 19:18:40.2 and terminated at 11/29/2019 19:18:41.8
    Terminate reason:CommandError
    Command 'Load Tips(VVP96)', line 0, was interrupted due to Command 'Load Tips(VVP96)' can not have an existing tip type

