Workspace 'LM703' modules...
  MethodManagerV4   1.4.6666.27655
  MMCoreDevice   1.4.6666.27650
  MMLiquidHandler   1.4.6666.26302
  Warp3   2.0.6591.13866
  MMVVP   1.4.6666.26303
  MMIOLightTower   1.4.6666.26303
  MMHeadGripper   1.3.6591.14013
The pipette tool 'VVP96' has mandrel type 'MLV' and can load the following tip types:
   Tip type 'LXB-96-150F', loading depth 9.4 mm, Id: baf0d489-a29c-4899-844e-44fbdc6c2c49.
   Tip type 'LXB-96-200NF', loading depth 9.4 mm, Id: 095daefc-e866-4d91-906f-cc7e17eaf3f6.
   Tip type 'LXB-96-300F', loading depth 10.4 mm, Id: d2f37554-e0d6-41ea-8f3d-101c68af7e40.
   Tip type 'LXB-96-300NF', loading depth 10.4 mm, Id: 423ec1e5-0ccf-4946-a441-905f3c9e1fd9.
   Tip type 'LXB-96-950F', loading depth 28.6 mm, Id: 497625a6-73fc-4433-95df-636ceecdc818.
   Tip type 'LXB-96-950F-WB', loading depth 28.6 mm, Id: ca3988bc-a34d-4ad7-ba77-93a37e8cba6d.
   Tip type 'LXB-96-1250NF', loading depth 28.6 mm, Id: 13ba07a3-d5cb-4a96-9ab8-1d418fc383d6.
03/13/2019 12:43:49.1 The command server is monitoring the workspace 'LM703' and is available on 172.18.3.53/1000
03/13/2019 12:43:53.9 [ZL] Instruction Error Status: None
03/13/2019 12:43:53.9 [ZL] Warp3 core version: 99103v1.0 (will support I/O).
03/13/2019 12:43:53.9 [ZL] Configured as an enhanced Warp3 with I/O.
03/13/2019 12:43:53.9 [ZL]   Inputs: False False False False False 
03/13/2019 12:43:54.0 [ZL] Current IP communications rate is 10 mb.
03/13/2019 12:43:54.0 [ZL] IP communications speed is currently set to 10 Mbps.
03/13/2019 12:43:54.1 [ZL] Phase correction: disabled, prescale: 0, phase counts: 2000
03/13/2019 12:43:54.1 [ZL] SetCurrentFoldbackAmps(8, 20) will set 17440 , 216
03/13/2019 12:43:54.1 [ZL] Configuration parameters loaded from 'P:\MethodManagerWorkspaces\LM703\Configuration\Z Axis.xml'. HomeVelocity 20 mm/s, CountsPerMM 2571 cts/mm.
03/13/2019 12:43:54.3 [ZL] Start Hall-based phase initialization.
03/13/2019 12:43:54.3 [ZL] Phases initialized.
03/13/2019 12:43:54.3 [BarCodeZAxis] Instruction Error Status: None
03/13/2019 12:43:54.3 [BarCodeZAxis] Warp3 core version: 99103v1.0 (will support I/O).
03/13/2019 12:43:54.4 [BarCodeZAxis] Configured as an enhanced Warp3 with I/O.
03/13/2019 12:43:54.4 [BarCodeZAxis]   Inputs: False True False False False 
03/13/2019 12:43:54.4 [BarCodeZAxis] Current IP communications rate is 10 mb.
03/13/2019 12:43:54.4 [BarCodeZAxis] IP communications speed is currently set to 10 Mbps.
03/13/2019 12:43:54.5 [BarCodeZAxis] Phase correction: disabled, prescale: 0, phase counts: 2000
03/13/2019 12:43:54.5 [BarCodeZAxis] SetCurrentFoldbackAmps(2, 5) will set 4360 , 54
03/13/2019 12:43:54.5 [BarCodeZAxis] Configuration parameters loaded from 'P:\MethodManagerWorkspaces\LM703\Configuration\BarCode Z.xml'. HomeVelocity 20 mm/s, CountsPerMM 5538 cts/mm.
03/13/2019 12:43:54.7 [BarCodeZAxis] Start Hall-based phase initialization.
03/13/2019 12:43:54.7 [BarCodeZAxis] Phases initialized.
03/13/2019 12:43:54.7 [YL] Instruction Error Status: None
03/13/2019 12:43:54.8 [YL] Warp3 core version: 99103v1.0 (will support I/O).
03/13/2019 12:43:54.8 [YL] Configured as an enhanced Warp3 with I/O.
03/13/2019 12:43:54.8 [YL]   Inputs: False False False False False 
03/13/2019 12:43:54.8 [YL] Current IP communications rate is 10 mb.
03/13/2019 12:43:54.8 [YL] IP communications speed is currently set to 10 Mbps.
03/13/2019 12:43:54.9 [YL] Phase correction: disabled, prescale: 1, phase counts: 1905
03/13/2019 12:43:54.9 [YL] SetCurrentFoldbackAmps(6, 100) will set 13080 , 1083
03/13/2019 12:43:54.9 [YL] Configuration parameters loaded from 'P:\MethodManagerWorkspaces\LM703\Configuration\Y Axis.xml'. HomeVelocity 20 mm/s, CountsPerMM 2000 cts/mm.
03/13/2019 12:43:55.1 [YL] Start Hall-based phase initialization.
03/13/2019 12:43:55.1 [YL] Phases initialized.
03/13/2019 12:43:55.2 [XL] Instruction Error Status: None
03/13/2019 12:43:55.2 [XL] Warp3 core version: 99103v1.0 (will support I/O).
03/13/2019 12:43:55.2 [XL] Configured as an enhanced Warp3 with I/O.
03/13/2019 12:43:55.2 [XL]   Inputs: False False False False False 
03/13/2019 12:43:55.2 [XL] Current IP communications rate is 10 mb.
03/13/2019 12:43:55.2 [XL] IP communications speed is currently set to 10 Mbps.
03/13/2019 12:43:55.3 [XL] Phase correction: disabled, prescale: 1, phase counts: 1905
03/13/2019 12:43:55.3 [XL] SetCurrentFoldbackAmps(6, 100) will set 13080 , 1083
03/13/2019 12:43:55.4 [XL] Configuration parameters loaded from 'P:\MethodManagerWorkspaces\LM703\Configuration\X Axis.xml'. HomeVelocity 20 mm/s, CountsPerMM 2000 cts/mm.
03/13/2019 12:43:55.5 [XL] Start Hall-based phase initialization.
03/13/2019 12:43:55.5 [XL] Phases initialized.
03/13/2019 12:43:57.5 [VVP96] Get VVP: command 'Aspirate Diagnostics' from 96 channels.
03/13/2019 12:43:57.7 [ZL] Move to Positive limit. Velocity 20 mm/s, accel 40 mm/s2, decel 200 mm/s2, timeout 60 s.
03/13/2019 12:43:58.4 [ZL] Reached limit successfully.
03/13/2019 12:43:58.4 [ZL] Attempting to back off Positive limit.
03/13/2019 12:43:59.0 [ZL] Move off limit completion: Successful (OKReady).
03/13/2019 12:43:59.1 [ZL] Move to limit finished.
03/13/2019 12:43:59.1 [ZL] Establishing new 0 position for the old position 0.00 mm.
03/13/2019 12:43:59.2 [ZL] Timestamp of last successful home: 3/13/2019 12:43:59 PM
03/13/2019 12:43:59.3 [BarCodeZAxis] Move to Negative limit. Velocity 20 mm/s, accel 200 mm/s2, decel 350 mm/s2, timeout 60 s.
03/13/2019 12:43:59.8 [BarCodeZAxis] Reached limit successfully.
03/13/2019 12:43:59.8 [BarCodeZAxis] Attempting to back off Negative limit.
03/13/2019 12:44:00.2 [BarCodeZAxis] Move off limit completion: Successful (OKReady).
03/13/2019 12:44:00.3 [BarCodeZAxis] Move to limit finished.
03/13/2019 12:44:00.3 [BarCodeZAxis] Establishing new 0 position for the old position 0.00 mm.
03/13/2019 12:44:00.4 [BarCodeZAxis] Timestamp of last successful home: 3/13/2019 12:44:00 PM
03/13/2019 12:44:04.4 [YL] Move to Positive limit. Velocity 20 mm/s, accel 200 mm/s2, decel 1000 mm/s2, timeout 60 s.
03/13/2019 12:44:20.7 [YL] Reached limit successfully.
03/13/2019 12:44:20.7 [YL] Attempting to back off Positive limit.
03/13/2019 12:44:21.1 [YL] Move off limit completion: Successful (OKReady).
03/13/2019 12:44:21.2 [YL] Move to limit finished.
03/13/2019 12:44:21.2 [YL] Establishing new 0 position for the old position -0.01 mm.
03/13/2019 12:44:21.2 [YL] Timestamp of last successful home: 3/13/2019 12:44:21 PM
03/13/2019 12:44:21.4 [XL] Move to Positive limit. Velocity 20 mm/s, accel 200 mm/s2, decel 1000 mm/s2, timeout 60 s.
03/13/2019 12:44:29.9 [XL] Reached limit successfully.
03/13/2019 12:44:29.9 [XL] Attempting to back off Positive limit.
03/13/2019 12:44:30.3 [XL] Move off limit completion: Failed (OKReady).
03/13/2019 12:44:30.4 [XL] Failed to find Positive limit: OKReady.
03/13/2019 12:44:30.4 [XL] Failed to home axis 'XL'.
03/13/2019 12:44:36.6 [ZL] Closing component connections for Warp 'ZL'.
03/13/2019 12:44:37.1 [ZL] Instruction Error Status: None
03/13/2019 12:44:37.1 [ZL] Warp3 core version: 99103v1.0 (will support I/O).
03/13/2019 12:44:37.1 [ZL] Configured as an enhanced Warp3 with I/O.
03/13/2019 12:44:37.2 [ZL]   Inputs: False False False False False 
03/13/2019 12:44:37.2 [ZL] Current IP communications rate is 10 mb.
03/13/2019 12:44:37.2 [ZL] IP communications speed is currently set to 10 Mbps.
03/13/2019 12:44:37.3 [ZL] Phase correction: disabled, prescale: 0, phase counts: 2000
03/13/2019 12:44:37.3 [ZL] SetCurrentFoldbackAmps(8, 20) will set 17440 , 216
03/13/2019 12:44:37.4 [ZL] Configuration parameters loaded from 'P:\MethodManagerWorkspaces\LM703\Configuration\Z Axis.xml'. HomeVelocity 20 mm/s, CountsPerMM 2571 cts/mm.
03/13/2019 12:44:37.5 [ZL] Start Hall-based phase initialization.
03/13/2019 12:44:37.5 [ZL] Phases initialized.
03/13/2019 12:44:37.6 [BarCodeZAxis] Closing component connections for Warp 'BarCodeZAxis'.
03/13/2019 12:44:38.1 [BarCodeZAxis] Instruction Error Status: None
03/13/2019 12:44:38.1 [BarCodeZAxis] Warp3 core version: 99103v1.0 (will support I/O).
03/13/2019 12:44:38.1 [BarCodeZAxis] Configured as an enhanced Warp3 with I/O.
03/13/2019 12:44:38.1 [BarCodeZAxis]   Inputs: False True False False False 
03/13/2019 12:44:38.2 [BarCodeZAxis] Current IP communications rate is 10 mb.
03/13/2019 12:44:38.2 [BarCodeZAxis] IP communications speed is currently set to 10 Mbps.
03/13/2019 12:44:38.3 [BarCodeZAxis] Phase correction: disabled, prescale: 0, phase counts: 2000
03/13/2019 12:44:38.3 [BarCodeZAxis] SetCurrentFoldbackAmps(2, 5) will set 4360 , 54
03/13/2019 12:44:38.3 [BarCodeZAxis] Configuration parameters loaded from 'P:\MethodManagerWorkspaces\LM703\Configuration\BarCode Z.xml'. HomeVelocity 20 mm/s, CountsPerMM 5538 cts/mm.
03/13/2019 12:44:38.5 [BarCodeZAxis] Start Hall-based phase initialization.
03/13/2019 12:44:38.5 [BarCodeZAxis] Phases initialized.
03/13/2019 12:44:38.5 [YL] Closing component connections for Warp 'YL'.
03/13/2019 12:44:39.0 [YL] Instruction Error Status: None
03/13/2019 12:44:39.1 [YL] Warp3 core version: 99103v1.0 (will support I/O).
03/13/2019 12:44:39.1 [YL] Configured as an enhanced Warp3 with I/O.
03/13/2019 12:44:39.1 [YL]   Inputs: False False False False False 
03/13/2019 12:44:39.1 [YL] Current IP communications rate is 10 mb.
03/13/2019 12:44:39.1 [YL] IP communications speed is currently set to 10 Mbps.
03/13/2019 12:44:39.2 [YL] Phase correction: disabled, prescale: 1, phase counts: 1905
03/13/2019 12:44:39.3 [YL] SetCurrentFoldbackAmps(6, 100) will set 13080 , 1083
03/13/2019 12:44:39.3 [YL] Configuration parameters loaded from 'P:\MethodManagerWorkspaces\LM703\Configuration\Y Axis.xml'. HomeVelocity 20 mm/s, CountsPerMM 2000 cts/mm.
03/13/2019 12:44:39.5 [YL] Start Hall-based phase initialization.
03/13/2019 12:44:39.5 [YL] Phases initialized.
03/13/2019 12:44:39.5 [XL] Closing component connections for Warp 'XL'.
03/13/2019 12:44:40.0 [XL] Instruction Error Status: None
03/13/2019 12:44:40.0 [XL] Warp3 core version: 99103v1.0 (will support I/O).
03/13/2019 12:44:40.1 [XL] Configured as an enhanced Warp3 with I/O.
03/13/2019 12:44:40.1 [XL]   Inputs: False False False False False 
03/13/2019 12:44:40.1 [XL] Current IP communications rate is 10 mb.
03/13/2019 12:44:40.1 [XL] IP communications speed is currently set to 10 Mbps.
03/13/2019 12:44:40.2 [XL] Phase correction: disabled, prescale: 1, phase counts: 1905
03/13/2019 12:44:40.3 [XL] SetCurrentFoldbackAmps(6, 100) will set 13080 , 1083
03/13/2019 12:44:40.3 [XL] Configuration parameters loaded from 'P:\MethodManagerWorkspaces\LM703\Configuration\X Axis.xml'. HomeVelocity 20 mm/s, CountsPerMM 2000 cts/mm.
03/13/2019 12:44:40.4 [XL] Start Hall-based phase initialization.
03/13/2019 12:44:40.5 [XL] Phases initialized.
03/13/2019 12:44:42.3 [VVP96] Get VVP: command 'Aspirate Diagnostics' from 96 channels.
03/13/2019 12:44:42.5 [ZL] Move to Positive limit. Velocity 20 mm/s, accel 40 mm/s2, decel 200 mm/s2, timeout 60 s.
03/13/2019 12:44:42.9 [ZL] Reached limit successfully.
03/13/2019 12:44:43.0 [ZL] Attempting to back off Positive limit.
03/13/2019 12:44:43.4 [ZL] Move off limit completion: Successful (OKReady).
03/13/2019 12:44:43.5 [ZL] Move to limit finished.
03/13/2019 12:44:43.5 [ZL] Establishing new 0 position for the old position 0.00 mm.
03/13/2019 12:44:43.6 [ZL] Timestamp of last successful home: 3/13/2019 12:44:43 PM
03/13/2019 12:44:43.7 [BarCodeZAxis] Move to Negative limit. Velocity 20 mm/s, accel 200 mm/s2, decel 350 mm/s2, timeout 60 s.
03/13/2019 12:44:44.2 [BarCodeZAxis] Reached limit successfully.
03/13/2019 12:44:44.2 [BarCodeZAxis] Attempting to back off Negative limit.
03/13/2019 12:44:44.6 [BarCodeZAxis] Move off limit completion: Successful (OKReady).
03/13/2019 12:44:44.7 [BarCodeZAxis] Move to limit finished.
03/13/2019 12:44:44.7 [BarCodeZAxis] Establishing new 0 position for the old position 0.00 mm.
03/13/2019 12:44:44.8 [BarCodeZAxis] Timestamp of last successful home: 3/13/2019 12:44:44 PM
03/13/2019 12:44:48.9 [YL] Move to Positive limit. Velocity 20 mm/s, accel 200 mm/s2, decel 1000 mm/s2, timeout 60 s.
03/13/2019 12:44:49.7 [YL] Reached limit successfully.
03/13/2019 12:44:49.7 [YL] Attempting to back off Positive limit.
03/13/2019 12:44:50.2 [YL] Move off limit completion: Successful (OKReady).
03/13/2019 12:44:50.2 [YL] Move to limit finished.
03/13/2019 12:44:50.3 [YL] Establishing new 0 position for the old position 0.02 mm.
03/13/2019 12:44:50.3 [YL] Timestamp of last successful home: 3/13/2019 12:44:50 PM
03/13/2019 12:44:50.5 [XL] Move to Positive limit. Velocity 20 mm/s, accel 200 mm/s2, decel 1000 mm/s2, timeout 60 s.
03/13/2019 12:44:51.4 [XL] Failed to find Positive limit: UndefinedError.
03/13/2019 12:44:51.4 [XL] Failed to home axis 'XL'.
[User] Clear errors.
No Device Errors to resolve.
03/13/2019 12:44:59.3 [XL] Closing component connections for Warp 'XL'.
03/13/2019 12:44:59.4 [YL] Closing component connections for Warp 'YL'.
03/13/2019 12:44:59.4 [ZL] Closing component connections for Warp 'ZL'.
03/13/2019 12:44:59.4 [BarCodeZAxis] Closing component connections for Warp 'BarCodeZAxis'.
03/13/2019 12:44:59.9 [Lynx] 
