Workspace 'LM703' modules...
  MethodManagerV4   1.4.6850.18371
  MMCoreDevice   1.4.6836.11963
  MMLiquidHandler   1.4.6850.18147
  Warp3   2.0.6591.13866
  MMVVP   1.4.6850.18147
  MMIOLightTower   1.4.6850.18147
  MMHeadGripper   1.3.6667.26832
The pipette tool 'VVP96' has mandrel type 'MLV' and can load the following tip types:
   Tip type 'LXB-96-150F', loading depth 9.4 mm, Id: baf0d489-a29c-4899-844e-44fbdc6c2c49.
   Tip type 'LXB-96-200NF', loading depth 9.4 mm, Id: 095daefc-e866-4d91-906f-cc7e17eaf3f6.
   Tip type 'LXB-96-300F', loading depth 10.4 mm, Id: d2f37554-e0d6-41ea-8f3d-101c68af7e40.
   Tip type 'LXB-96-300NF', loading depth 10.4 mm, Id: 423ec1e5-0ccf-4946-a441-905f3c9e1fd9.
   Tip type 'LXB-96-950F', loading depth 28.6 mm, Id: 497625a6-73fc-4433-95df-636ceecdc818.
   Tip type 'LXB-96-950F-WB', loading depth 28.6 mm, Id: ca3988bc-a34d-4ad7-ba77-93a37e8cba6d.
   Tip type 'LXB-96-1250NF', loading depth 28.6 mm, Id: 13ba07a3-d5cb-4a96-9ab8-1d418fc383d6.
12/12/2018 15:55:21.6 The command server is monitoring the workspace 'LM703' and is available on 172.18.3.53/1000
12/12/2018 15:55:23.0 [ZL] Instruction Error Status: None
12/12/2018 15:55:23.0 [ZL] Warp3 core version: 99103v1.0 (will support I/O).
12/12/2018 15:55:23.0 [ZL] Configured as an enhanced Warp3 with I/O.
12/12/2018 15:55:23.0 [ZL]   Inputs: False False False False False 
12/12/2018 15:55:23.0 [ZL] Current IP communications rate is 10 mb.
12/12/2018 15:55:23.1 [ZL] IP communications speed is currently set to 10 Mbps.
12/12/2018 15:55:23.2 [ZL] Phase correction: disabled, prescale: 0, phase counts: 2000
12/12/2018 15:55:23.2 [ZL] SetCurrentFoldbackAmps(8, 20) will set 17440 , 216
12/12/2018 15:55:23.2 [ZL] Configuration parameters loaded from 'P:\MethodManagerWorkspaces\LM703\Configuration\Z Axis.xml'. HomeVelocity 20 mm/s, CountsPerMM 2571 cts/mm.
12/12/2018 15:55:23.4 [ZL] Start Hall-based phase initialization.
12/12/2018 15:55:23.4 [ZL] Phases initialized.
12/12/2018 15:55:23.4 [BarCodeZAxis] Instruction Error Status: None
12/12/2018 15:55:23.4 [BarCodeZAxis] Warp3 core version: 99103v1.0 (will support I/O).
12/12/2018 15:55:23.4 [BarCodeZAxis] Configured as an enhanced Warp3 with I/O.
12/12/2018 15:55:23.5 [BarCodeZAxis]   Inputs: False True False False False 
12/12/2018 15:55:23.5 [BarCodeZAxis] Current IP communications rate is 10 mb.
12/12/2018 15:55:23.5 [BarCodeZAxis] IP communications speed is currently set to 10 Mbps.
12/12/2018 15:55:23.6 [BarCodeZAxis] Phase correction: disabled, prescale: 0, phase counts: 2000
12/12/2018 15:55:23.6 [BarCodeZAxis] SetCurrentFoldbackAmps(2, 5) will set 4360 , 54
12/12/2018 15:55:23.6 [BarCodeZAxis] Configuration parameters loaded from 'P:\MethodManagerWorkspaces\LM703\Configuration\BarCode Z.xml'. HomeVelocity 20 mm/s, CountsPerMM 5538 cts/mm.
12/12/2018 15:55:23.8 [BarCodeZAxis] Start Hall-based phase initialization.
12/12/2018 15:55:23.8 [BarCodeZAxis] Phases initialized.
12/12/2018 15:55:23.8 [YL] Instruction Error Status: None
12/12/2018 15:55:23.8 [YL] Warp3 core version: 99103v1.0 (will support I/O).
12/12/2018 15:55:23.8 [YL] Configured as an enhanced Warp3 with I/O.
12/12/2018 15:55:23.9 [YL]   Inputs: False False False False False 
12/12/2018 15:55:23.9 [YL] Current IP communications rate is 10 mb.
12/12/2018 15:55:23.9 [YL] IP communications speed is currently set to 10 Mbps.
12/12/2018 15:55:24.0 [YL] Phase correction: disabled, prescale: 1, phase counts: 1905
12/12/2018 15:55:24.0 [YL] SetCurrentFoldbackAmps(6, 100) will set 13080 , 1083
12/12/2018 15:55:24.1 [YL] Configuration parameters loaded from 'P:\MethodManagerWorkspaces\LM703\Configuration\Y Axis.xml'. HomeVelocity 20 mm/s, CountsPerMM 2000 cts/mm.
12/12/2018 15:55:24.5 [YL] Start Hall-based phase initialization.
12/12/2018 15:55:24.5 [YL] Phases initialized.
12/12/2018 15:55:24.6 [XL] Instruction Error Status: None
12/12/2018 15:55:24.6 [XL] Warp3 core version: 99103v1.0 (will support I/O).
12/12/2018 15:55:24.6 [XL] Configured as an enhanced Warp3 with I/O.
12/12/2018 15:55:24.7 [XL]   Inputs: False False False False False 
12/12/2018 15:55:24.7 [XL] Current IP communications rate is 10 mb.
12/12/2018 15:55:24.7 [XL] IP communications speed is currently set to 10 Mbps.
12/12/2018 15:55:24.8 [XL] Phase correction: disabled, prescale: 1, phase counts: 1905
12/12/2018 15:55:24.8 [XL] SetCurrentFoldbackAmps(6, 100) will set 13080 , 1083
12/12/2018 15:55:24.8 [XL] Configuration parameters loaded from 'P:\MethodManagerWorkspaces\LM703\Configuration\X Axis.xml'. HomeVelocity 20 mm/s, CountsPerMM 2000 cts/mm.
12/12/2018 15:55:25.0 [XL] Start Hall-based phase initialization.
12/12/2018 15:55:25.0 [XL] Phases initialized.
12/12/2018 15:55:27.0 [VVP96] Get VVP: command 'Aspirate Diagnostics' from 96 channels.
12/12/2018 15:55:27.2 [ZL] Move to Positive limit. Velocity 20 mm/s, accel 40 mm/s2, decel 200 mm/s2, timeout 60 s.
12/12/2018 15:55:27.8 [ZL] Reached limit successfully.
12/12/2018 15:55:27.8 [ZL] Attempting to back off Positive limit.
12/12/2018 15:55:28.5 [ZL] Move off limit completion: Successful (OKReady).
12/12/2018 15:55:28.5 [ZL] Move to limit finished.
12/12/2018 15:55:28.5 [ZL] Establishing new 0 position for the old position 0.00 mm.
12/12/2018 15:55:28.6 [ZL] Timestamp of last successful home: 12/12/2018 3:55:28 PM
12/12/2018 15:55:28.8 [BarCodeZAxis] Move to Negative limit. Velocity 20 mm/s, accel 200 mm/s2, decel 350 mm/s2, timeout 60 s.
12/12/2018 15:55:29.2 [BarCodeZAxis] Reached limit successfully.
12/12/2018 15:55:29.2 [BarCodeZAxis] Attempting to back off Negative limit.
12/12/2018 15:55:29.7 [BarCodeZAxis] Move off limit completion: Successful (OKReady).
12/12/2018 15:55:29.7 [BarCodeZAxis] Move to limit finished.
12/12/2018 15:55:29.8 [BarCodeZAxis] Establishing new 0 position for the old position 0.00 mm.
12/12/2018 15:55:29.8 [BarCodeZAxis] Timestamp of last successful home: 12/12/2018 3:55:29 PM
12/12/2018 15:55:33.9 [YL] Move to Positive limit. Velocity 20 mm/s, accel 200 mm/s2, decel 1000 mm/s2, timeout 60 s.
12/12/2018 15:55:50.1 [YL] Reached limit successfully.
12/12/2018 15:55:50.1 [YL] Attempting to back off Positive limit.
12/12/2018 15:55:50.6 [YL] Move off limit completion: Successful (OKReady).
12/12/2018 15:55:50.6 [YL] Move to limit finished.
12/12/2018 15:55:50.6 [YL] Establishing new 0 position for the old position 0.00 mm.
12/12/2018 15:55:50.7 [YL] Timestamp of last successful home: 12/12/2018 3:55:50 PM
12/12/2018 15:55:50.9 [XL] Move to Positive limit. Velocity 20 mm/s, accel 200 mm/s2, decel 1000 mm/s2, timeout 60 s.
12/12/2018 15:55:59.3 [XL] Reached limit successfully.
12/12/2018 15:55:59.3 [XL] Attempting to back off Positive limit.
12/12/2018 15:55:59.8 [XL] Move off limit completion: Failed (OKReady).
12/12/2018 15:55:59.8 [XL] Failed to find Positive limit: OKReady.
12/12/2018 15:55:59.8 [XL] Failed to home axis 'XL'.
12/12/2018 15:57:13.6 [ZL] Closing component connections for Warp 'ZL'.
12/12/2018 15:57:14.1 [ZL] Instruction Error Status: None
12/12/2018 15:57:14.1 [ZL] Warp3 core version: 99103v1.0 (will support I/O).
12/12/2018 15:57:14.2 [ZL] Configured as an enhanced Warp3 with I/O.
12/12/2018 15:57:14.2 [ZL]   Inputs: False False False False False 
12/12/2018 15:57:14.2 [ZL] Current IP communications rate is 10 mb.
12/12/2018 15:57:14.2 [ZL] IP communications speed is currently set to 10 Mbps.
12/12/2018 15:57:14.3 [ZL] Phase correction: disabled, prescale: 0, phase counts: 2000
12/12/2018 15:57:14.3 [ZL] SetCurrentFoldbackAmps(8, 20) will set 17440 , 216
12/12/2018 15:57:14.4 [ZL] Configuration parameters loaded from 'P:\MethodManagerWorkspaces\LM703\Configuration\Z Axis.xml'. HomeVelocity 20 mm/s, CountsPerMM 2571 cts/mm.
12/12/2018 15:57:14.5 [ZL] Start Hall-based phase initialization.
12/12/2018 15:57:14.5 [ZL] Phases initialized.
12/12/2018 15:57:14.6 [BarCodeZAxis] Closing component connections for Warp 'BarCodeZAxis'.
12/12/2018 15:57:15.1 [BarCodeZAxis] Instruction Error Status: None
12/12/2018 15:57:15.1 [BarCodeZAxis] Warp3 core version: 99103v1.0 (will support I/O).
12/12/2018 15:57:15.1 [BarCodeZAxis] Configured as an enhanced Warp3 with I/O.
12/12/2018 15:57:15.1 [BarCodeZAxis]   Inputs: False True False False False 
12/12/2018 15:57:15.2 [BarCodeZAxis] Current IP communications rate is 10 mb.
12/12/2018 15:57:15.2 [BarCodeZAxis] IP communications speed is currently set to 10 Mbps.
12/12/2018 15:57:15.3 [BarCodeZAxis] Phase correction: disabled, prescale: 0, phase counts: 2000
12/12/2018 15:57:15.3 [BarCodeZAxis] SetCurrentFoldbackAmps(2, 5) will set 4360 , 54
12/12/2018 15:57:15.3 [BarCodeZAxis] Configuration parameters loaded from 'P:\MethodManagerWorkspaces\LM703\Configuration\BarCode Z.xml'. HomeVelocity 20 mm/s, CountsPerMM 5538 cts/mm.
12/12/2018 15:57:15.5 [BarCodeZAxis] Start Hall-based phase initialization.
12/12/2018 15:57:15.5 [BarCodeZAxis] Phases initialized.
12/12/2018 15:57:15.5 [YL] Closing component connections for Warp 'YL'.
12/12/2018 15:57:16.1 [YL] Instruction Error Status: None
12/12/2018 15:57:16.1 [YL] Warp3 core version: 99103v1.0 (will support I/O).
12/12/2018 15:57:16.1 [YL] Configured as an enhanced Warp3 with I/O.
12/12/2018 15:57:16.1 [YL]   Inputs: False False False False False 
12/12/2018 15:57:16.1 [YL] Current IP communications rate is 10 mb.
12/12/2018 15:57:16.2 [YL] IP communications speed is currently set to 10 Mbps.
12/12/2018 15:57:16.2 [YL] Phase correction: disabled, prescale: 1, phase counts: 1905
12/12/2018 15:57:16.3 [YL] SetCurrentFoldbackAmps(6, 100) will set 13080 , 1083
12/12/2018 15:57:16.3 [YL] Configuration parameters loaded from 'P:\MethodManagerWorkspaces\LM703\Configuration\Y Axis.xml'. HomeVelocity 20 mm/s, CountsPerMM 2000 cts/mm.
12/12/2018 15:57:16.5 [YL] Start Hall-based phase initialization.
12/12/2018 15:57:16.5 [YL] Phases initialized.
12/12/2018 15:57:16.5 [XL] Closing component connections for Warp 'XL'.
12/12/2018 15:57:17.0 [XL] Instruction Error Status: None
12/12/2018 15:57:17.0 [XL] Warp3 core version: 99103v1.0 (will support I/O).
12/12/2018 15:57:17.0 [XL] Configured as an enhanced Warp3 with I/O.
12/12/2018 15:57:17.1 [XL]   Inputs: False False False False False 
12/12/2018 15:57:17.1 [XL] Current IP communications rate is 10 mb.
12/12/2018 15:57:17.1 [XL] IP communications speed is currently set to 10 Mbps.
12/12/2018 15:57:17.2 [XL] Phase correction: disabled, prescale: 1, phase counts: 1905
12/12/2018 15:57:17.2 [XL] SetCurrentFoldbackAmps(6, 100) will set 13080 , 1083
12/12/2018 15:57:17.3 [XL] Configuration parameters loaded from 'P:\MethodManagerWorkspaces\LM703\Configuration\X Axis.xml'. HomeVelocity 20 mm/s, CountsPerMM 2000 cts/mm.
12/12/2018 15:57:17.4 [XL] Start Hall-based phase initialization.
12/12/2018 15:57:17.4 [XL] Phases initialized.
12/12/2018 15:57:19.3 [VVP96] Get VVP: command 'Aspirate Diagnostics' from 96 channels.
12/12/2018 15:57:19.5 [ZL] Move to Positive limit. Velocity 20 mm/s, accel 40 mm/s2, decel 200 mm/s2, timeout 60 s.
12/12/2018 15:57:19.9 [ZL] Reached limit successfully.
12/12/2018 15:57:19.9 [ZL] Attempting to back off Positive limit.
12/12/2018 15:57:20.4 [ZL] Move off limit completion: Successful (OKReady).
12/12/2018 15:57:20.4 [ZL] Move to limit finished.
12/12/2018 15:57:20.5 [ZL] Establishing new 0 position for the old position 0.00 mm.
12/12/2018 15:57:20.5 [ZL] Timestamp of last successful home: 12/12/2018 3:57:20 PM
12/12/2018 15:57:20.7 [BarCodeZAxis] Move to Negative limit. Velocity 20 mm/s, accel 200 mm/s2, decel 350 mm/s2, timeout 60 s.
12/12/2018 15:57:21.1 [BarCodeZAxis] Reached limit successfully.
12/12/2018 15:57:21.2 [BarCodeZAxis] Attempting to back off Negative limit.
12/12/2018 15:57:21.6 [BarCodeZAxis] Move off limit completion: Successful (OKReady).
12/12/2018 15:57:21.7 [BarCodeZAxis] Move to limit finished.
12/12/2018 15:57:21.7 [BarCodeZAxis] Establishing new 0 position for the old position 0.00 mm.
12/12/2018 15:57:21.7 [BarCodeZAxis] Timestamp of last successful home: 12/12/2018 3:57:21 PM
12/12/2018 15:57:25.8 [YL] Move to Positive limit. Velocity 20 mm/s, accel 200 mm/s2, decel 1000 mm/s2, timeout 60 s.
12/12/2018 15:57:26.7 [YL] Reached limit successfully.
12/12/2018 15:57:26.7 [YL] Attempting to back off Positive limit.
12/12/2018 15:57:27.1 [YL] Move off limit completion: Successful (OKReady).
12/12/2018 15:57:27.2 [YL] Move to limit finished.
12/12/2018 15:57:27.2 [YL] Establishing new 0 position for the old position 0.01 mm.
12/12/2018 15:57:27.3 [YL] Timestamp of last successful home: 12/12/2018 3:57:27 PM
12/12/2018 15:57:27.4 [XL] Move to Positive limit. Velocity 20 mm/s, accel 200 mm/s2, decel 1000 mm/s2, timeout 60 s.
12/12/2018 15:57:28.1 [XL] Reached limit successfully.
12/12/2018 15:57:28.1 [XL] Attempting to back off Positive limit.
12/12/2018 15:57:28.6 [XL] Move off limit completion: Failed (OKReady).
12/12/2018 15:57:28.6 [XL] Failed to find Positive limit: OKReady.
12/12/2018 15:57:28.6 [XL] Failed to home axis 'XL'.
12/12/2018 15:58:36.1 [XL] Closing component connections for Warp 'XL'.
12/12/2018 15:58:36.1 [YL] Closing component connections for Warp 'YL'.
12/12/2018 15:58:36.1 [ZL] Closing component connections for Warp 'ZL'.
12/12/2018 15:58:36.2 [BarCodeZAxis] Closing component connections for Warp 'BarCodeZAxis'.
12/12/2018 15:58:36.7 [Lynx] 
