Workspace 'LM703' modules...
  MethodManagerV4   1.4.6666.27655
  MMCoreDevice   1.4.6666.27650
  MMLiquidHandler   1.4.6666.26302
  Warp3   2.0.6591.13866
  MMVVP   1.4.6666.26303
  MMIOLightTower   1.4.6666.26303
  MMHeadGripper   1.3.6591.14013
The pipette tool 'VVP96' has mandrel type 'MLV' and can load the following tip types:
   Tip type 'LXB-96-150F', loading depth 9.4 mm, Id: baf0d489-a29c-4899-844e-44fbdc6c2c49.
   Tip type 'LXB-96-200NF', loading depth 9.4 mm, Id: 095daefc-e866-4d91-906f-cc7e17eaf3f6.
   Tip type 'LXB-96-300F', loading depth 10.4 mm, Id: d2f37554-e0d6-41ea-8f3d-101c68af7e40.
   Tip type 'LXB-96-300NF', loading depth 10.4 mm, Id: 423ec1e5-0ccf-4946-a441-905f3c9e1fd9.
   Tip type 'LXB-96-950F', loading depth 28.6 mm, Id: 497625a6-73fc-4433-95df-636ceecdc818.
   Tip type 'LXB-96-950F-WB', loading depth 28.6 mm, Id: ca3988bc-a34d-4ad7-ba77-93a37e8cba6d.
   Tip type 'LXB-96-1250NF', loading depth 28.6 mm, Id: 13ba07a3-d5cb-4a96-9ab8-1d418fc383d6.
10/31/2019 19:51:51.7 The command server is monitoring the workspace 'LM703' and is available on 172.18.3.53/1000
10/31/2019 19:56:28.4 [ZL] Instruction Error Status: None
10/31/2019 19:56:28.4 [ZL] Warp3 core version: 99103v1.0 (will support I/O).
10/31/2019 19:56:28.4 [ZL] Configured as an enhanced Warp3 with I/O.
10/31/2019 19:56:28.5 [ZL]   Inputs: False False False False False 
10/31/2019 19:56:28.5 [ZL] Current IP communications rate is 10 mb.
10/31/2019 19:56:28.5 [ZL] IP communications speed is currently set to 10 Mbps.
10/31/2019 19:56:28.7 [ZL] Relative motor limit setting 100.0%, changing limit from 100.0% to 30.0%
10/31/2019 19:56:28.7 [ZL] Phase correction: disabled, prescale: 0, phase counts: 2000
10/31/2019 19:56:28.7 [ZL] SetCurrentFoldbackAmps(8, 20) will set 17440 , 216
10/31/2019 19:56:28.7 [ZL] Configuration parameters loaded from 'P:\MethodManagerWorkspaces\LM703\Configuration\Z Axis.xml'. HomeVelocity 20 mm/s, CountsPerMM 2571 cts/mm.
10/31/2019 19:56:28.9 [ZL] Start Hall-based phase initialization.
10/31/2019 19:56:28.9 [ZL] Phases initialized.
10/31/2019 19:56:29.1 [BarCodeZAxis] Instruction Error Status: None
10/31/2019 19:56:29.1 [BarCodeZAxis] Warp3 core version: 99103v1.0 (will support I/O).
10/31/2019 19:56:29.1 [BarCodeZAxis] Configured as an enhanced Warp3 with I/O.
10/31/2019 19:56:29.2 [BarCodeZAxis]   Inputs: False False False False False 
10/31/2019 19:56:29.2 [BarCodeZAxis] Current IP communications rate is 10 mb.
10/31/2019 19:56:29.2 [BarCodeZAxis] IP communications speed is currently set to 10 Mbps.
10/31/2019 19:56:29.3 [BarCodeZAxis] Relative motor limit setting 100.0%, changing limit from 100.0% to 10.0%
10/31/2019 19:56:29.3 [BarCodeZAxis] Phase correction: disabled, prescale: 0, phase counts: 2000
10/31/2019 19:56:29.3 [BarCodeZAxis] SetCurrentFoldbackAmps(2, 5) will set 4360 , 54
10/31/2019 19:56:29.3 [BarCodeZAxis] Configuration parameters loaded from 'P:\MethodManagerWorkspaces\LM703\Configuration\BarCode Z.xml'. HomeVelocity 20 mm/s, CountsPerMM 5538 cts/mm.
10/31/2019 19:56:29.5 [BarCodeZAxis] Start Hall-based phase initialization.
10/31/2019 19:56:29.5 [BarCodeZAxis] Phases initialized.
10/31/2019 19:56:29.7 [YL] Instruction Error Status: None
10/31/2019 19:56:29.7 [YL] Warp3 core version: 99103v1.0 (will support I/O).
10/31/2019 19:56:29.7 [YL] Configured as an enhanced Warp3 with I/O.
10/31/2019 19:56:29.7 [YL]   Inputs: False False False False False 
10/31/2019 19:56:29.7 [YL] Current IP communications rate is 10 mb.
10/31/2019 19:56:29.7 [YL] IP communications speed is currently set to 10 Mbps.
10/31/2019 19:56:29.8 [YL] Relative motor limit setting 100.0%, changing limit from 100.0% to 70.0%
10/31/2019 19:56:29.8 [YL] Phase correction: disabled, prescale: 1, phase counts: 1905
10/31/2019 19:56:29.9 [YL] SetCurrentFoldbackAmps(6, 100) will set 13080 , 1083
10/31/2019 19:56:29.9 [YL] Configuration parameters loaded from 'P:\MethodManagerWorkspaces\LM703\Configuration\Y Axis.xml'. HomeVelocity 20 mm/s, CountsPerMM 2000 cts/mm.
10/31/2019 19:56:30.0 [YL] Start Hall-based phase initialization.
10/31/2019 19:56:30.1 [YL] Phases initialized.
10/31/2019 19:56:30.2 [XL] Instruction Error Status: None
10/31/2019 19:56:30.3 [XL] Warp3 core version: 99103v1.0 (will support I/O).
10/31/2019 19:56:30.3 [XL] Configured as an enhanced Warp3 with I/O.
10/31/2019 19:56:30.3 [XL]   Inputs: False False False False False 
10/31/2019 19:56:30.3 [XL] Current IP communications rate is 10 mb.
10/31/2019 19:56:30.3 [XL] IP communications speed is currently set to 10 Mbps.
10/31/2019 19:56:30.4 [XL] Phase correction: disabled, prescale: 1, phase counts: 1905
10/31/2019 19:56:30.4 [XL] SetCurrentFoldbackAmps(6, 100) will set 13080 , 1083
10/31/2019 19:56:30.5 [XL] Configuration parameters loaded from 'P:\MethodManagerWorkspaces\LM703\Configuration\X Axis.xml'. HomeVelocity 20 mm/s, CountsPerMM 2000 cts/mm.
10/31/2019 19:56:30.6 [XL] Start Hall-based phase initialization.
10/31/2019 19:56:30.6 [XL] Phases initialized.
10/31/2019 19:56:36.8 [VVP96] Get VVP: command 'Aspirate Diagnostics' from 96 channels.
10/31/2019 19:56:37.0 [ZL] Move to Positive limit. Velocity 20 mm/s, accel 40 mm/s2, decel 200 mm/s2, timeout 60 s.
10/31/2019 19:56:37.9 [ZL] Reached limit successfully.
10/31/2019 19:56:37.9 [ZL] Attempting to back off Positive limit.
10/31/2019 19:56:38.5 [ZL] Move off limit completion: Successful (OKReady).
10/31/2019 19:56:38.6 [ZL] Move to limit finished.
10/31/2019 19:56:38.6 [ZL] Establishing new 0 position for the old position 2.26 mm.
10/31/2019 19:56:38.7 [ZL] Timestamp of last successful home: 10/31/2019 7:56:38 PM
10/31/2019 19:56:38.8 [BarCodeZAxis] Move to Negative limit. Velocity 20 mm/s, accel 200 mm/s2, decel 350 mm/s2, timeout 60 s.
10/31/2019 19:56:39.3 [BarCodeZAxis] Reached limit successfully.
10/31/2019 19:56:39.3 [BarCodeZAxis] Attempting to back off Negative limit.
10/31/2019 19:56:39.8 [BarCodeZAxis] Move off limit completion: Successful (OKReady).
10/31/2019 19:56:39.8 [BarCodeZAxis] Move to limit finished.
10/31/2019 19:56:39.9 [BarCodeZAxis] Establishing new 0 position for the old position -0.01 mm.
10/31/2019 19:56:39.9 [BarCodeZAxis] Timestamp of last successful home: 10/31/2019 7:56:39 PM
10/31/2019 19:56:41.0 [YL] Move to Positive limit. Velocity 20 mm/s, accel 200 mm/s2, decel 1000 mm/s2, timeout 60 s.
10/31/2019 19:57:08.0 [YL] Reached limit successfully.
10/31/2019 19:57:08.0 [YL] Attempting to back off Positive limit.
10/31/2019 19:57:08.5 [YL] Move off limit completion: Successful (OKReady).
10/31/2019 19:57:08.5 [YL] Move to limit finished.
10/31/2019 19:57:08.5 [YL] Establishing new 0 position for the old position 531.34 mm.
10/31/2019 19:57:08.6 [YL] Timestamp of last successful home: 10/31/2019 7:57:08 PM
10/31/2019 19:57:08.8 [XL] Move to Positive limit. Velocity 20 mm/s, accel 200 mm/s2, decel 1000 mm/s2, timeout 60 s.
10/31/2019 19:57:22.6 [XL] Reached limit successfully.
10/31/2019 19:57:22.6 [XL] Attempting to back off Positive limit.
10/31/2019 19:57:23.1 [XL] Move off limit completion: Successful (OKReady).
10/31/2019 19:57:23.1 [XL] Move to limit finished.
10/31/2019 19:57:23.1 [XL] Establishing new 0 position for the old position 268.06 mm.
10/31/2019 19:57:23.2 [XL] Timestamp of last successful home: 10/31/2019 7:57:23 PM
10/31/2019 19:57:27.8 Tcp notification encountered an error: SocketException: System.Net.Sockets.SocketException (0x80004005): The requested address is not valid in its context 172.18.3.52:0
   at System.Net.Sockets.TcpClient..ctor(String hostname, Int32 port)
   at MethodManager.DX.Interop.MMTcpServer.<>c__DisplayClass5.<SendNotification>b__4()
10/31/2019 19:58:33.2 [XL] Closing component connections for Warp 'XL'.
10/31/2019 19:58:33.2 [YL] Closing component connections for Warp 'YL'.
10/31/2019 19:58:33.2 [ZL] Closing component connections for Warp 'ZL'.
10/31/2019 19:58:33.2 [BarCodeZAxis] Closing component connections for Warp 'BarCodeZAxis'.
10/31/2019 19:58:33.9 [Lynx] 
