Workspace 'LM703' modules...
  MethodManagerV4   1.4.6666.27655
  MMCoreDevice   1.4.6666.27650
  MMLiquidHandler   1.4.6666.26302
  Warp3   2.0.6591.13866
  MMVVP   1.4.6666.26303
  MMIOLightTower   1.4.6666.26303
  MMHeadGripper   1.3.6591.14013
The pipette tool 'VVP96' has mandrel type 'MLV' and can load the following tip types:
   Tip type 'LXB-96-150F', loading depth 9.4 mm, Id: baf0d489-a29c-4899-844e-44fbdc6c2c49.
   Tip type 'LXB-96-200NF', loading depth 9.4 mm, Id: 095daefc-e866-4d91-906f-cc7e17eaf3f6.
   Tip type 'LXB-96-300F', loading depth 10.4 mm, Id: d2f37554-e0d6-41ea-8f3d-101c68af7e40.
   Tip type 'LXB-96-300NF', loading depth 10.4 mm, Id: 423ec1e5-0ccf-4946-a441-905f3c9e1fd9.
   Tip type 'LXB-96-950F', loading depth 28.6 mm, Id: 497625a6-73fc-4433-95df-636ceecdc818.
   Tip type 'LXB-96-950F-WB', loading depth 28.6 mm, Id: ca3988bc-a34d-4ad7-ba77-93a37e8cba6d.
   Tip type 'LXB-96-1250NF', loading depth 28.6 mm, Id: 13ba07a3-d5cb-4a96-9ab8-1d418fc383d6.
11/23/2019 19:14:23.4 The command server is monitoring the workspace 'LM703' and is available on 172.18.3.53/1000
[User] Clear errors.
Errors could not be resolved for these devices:
   Lynx (6 errors)
      Axis 'XL' is not connected.
      Axis 'YL' is not connected.
      Axis 'ZL' is not connected.
      Axis 'BarCodeZAxis' is not connected.
      Pipettor 'VVP96' is not connected.
      Error(s) on component 'Gripper': Failed to set output 'Lynx.BarCodeZAxis.4'.

[User] Clear errors.
Errors could not be resolved for these devices:
   Lynx (6 errors)
      Axis 'XL' is not connected.
      Axis 'YL' is not connected.
      Axis 'ZL' is not connected.
      Axis 'BarCodeZAxis' is not connected.
      Pipettor 'VVP96' is not connected.
      Error(s) on component 'Gripper': Failed to set output 'Lynx.BarCodeZAxis.4'.

[User] Clear errors.
Errors could not be resolved for these devices:
   Lynx (6 errors)
      Axis 'XL' is not connected.
      Axis 'YL' is not connected.
      Axis 'ZL' is not connected.
      Axis 'BarCodeZAxis' is not connected.
      Pipettor 'VVP96' is not connected.
      Error(s) on component 'Gripper': Failed to set output 'Lynx.BarCodeZAxis.4'.

11/23/2019 19:15:01.4 [Lynx] 
