Workspace 'LM703' modules...
  MethodManagerV4   1.4.6666.27655
  MMCoreDevice   1.4.6666.27650
  MMLiquidHandler   1.4.6666.26302
  Warp3   2.0.6591.13866
  MMVVP   1.4.6666.26303
  MMIOLightTower   1.4.6666.26303
  MMHeadGripper   1.3.6591.14013
The pipette tool 'VVP96' has mandrel type 'MLV' and can load the following tip types:
   Tip type 'LXB-96-150F', loading depth 9.4 mm, Id: baf0d489-a29c-4899-844e-44fbdc6c2c49.
   Tip type 'LXB-96-200NF', loading depth 9.4 mm, Id: 095daefc-e866-4d91-906f-cc7e17eaf3f6.
   Tip type 'LXB-96-300F', loading depth 10.4 mm, Id: d2f37554-e0d6-41ea-8f3d-101c68af7e40.
   Tip type 'LXB-96-300NF', loading depth 10.4 mm, Id: 423ec1e5-0ccf-4946-a441-905f3c9e1fd9.
   Tip type 'LXB-96-950F', loading depth 28.6 mm, Id: 497625a6-73fc-4433-95df-636ceecdc818.
   Tip type 'LXB-96-950F-WB', loading depth 28.6 mm, Id: ca3988bc-a34d-4ad7-ba77-93a37e8cba6d.
   Tip type 'LXB-96-1250NF', loading depth 28.6 mm, Id: 13ba07a3-d5cb-4a96-9ab8-1d418fc383d6.
[User] Clear errors.
Errors could not be resolved for these devices:
   Lynx (6 errors)
      Axis 'XL' is not connected.
      Axis 'YL' is not connected.
      Axis 'ZL' is not connected.
      Axis 'BarCodeZAxis' is not connected.
      Pipettor 'VVP96' is not connected.
      Error(s) on component 'Gripper': Failed to set output 'Lynx.BarCodeZAxis.4'.

12/03/2019 08:05:38.6 [XL] Move off limit completion: Failed (Timeout).
12/03/2019 08:05:38.7 [XL] Failed to find Positive limit: Timeout.
12/03/2019 08:05:38.7 [XL] Failed to home axis 'XL'.
12/03/2019 08:05:38.8 Tcp notification encountered an error: SocketException: System.Net.Sockets.SocketException (0x80004005): The requested address is not valid in its context 172.18.3.52:0
   at System.Net.Sockets.TcpClient..ctor(String hostname, Int32 port)
   at MethodManager.DX.Interop.MMTcpServer.<>c__DisplayClass5.<SendNotification>b__4()
12/03/2019 08:05:52.9 Process 'InitializeLynx.met' MethodCompleted
1 of 1 method(s) completed successfully.
  Concurrent method 'Main' (Main) started at 12/03/2019 08:05:50.5 and finished at 12/03/2019 08:05:52.9

12/03/2019 10:55:10.5 Process 'Stamp_150ul.met' MethodCompleted
1 of 1 method(s) completed successfully.
  Concurrent method 'Main' (Main) started at 12/03/2019 10:53:53.8 and finished at 12/03/2019 10:55:10.5

12/03/2019 12:49:00.5 Process 'ChipLoad_150ul.met' MethodCompleted
1 of 1 method(s) completed successfully.
  Concurrent method 'Main' (Main) started at 12/03/2019 12:47:58.5 and finished at 12/03/2019 12:49:00.5

12/03/2019 12:58:49.7 Process 'Norm.met' MethodCompleted
1 of 1 method(s) completed successfully.
  Concurrent method 'Main' (Main) started at 12/03/2019 12:55:43.1 and finished at 12/03/2019 12:58:49.7

12/03/2019 12:59:46.1 Process 'AndStamp.met' MethodCompleted
1 of 1 method(s) completed successfully.
  Concurrent method 'Main' (Main) started at 12/03/2019 12:58:53.1 and finished at 12/03/2019 12:59:46.1

12/03/2019 13:07:42.8 Process 'ChipLoad_150ul.met' MethodCompleted
1 of 1 method(s) completed successfully.
  Concurrent method 'Main' (Main) started at 12/03/2019 13:06:40.1 and finished at 12/03/2019 13:07:42.8

12/03/2019 13:17:27.8 Process 'Norm.met' MethodCompleted
1 of 1 method(s) completed successfully.
  Concurrent method 'Main' (Main) started at 12/03/2019 13:14:24.7 and finished at 12/03/2019 13:17:27.8

12/03/2019 13:18:24.0 Process 'AndStamp.met' MethodCompleted
1 of 1 method(s) completed successfully.
  Concurrent method 'Main' (Main) started at 12/03/2019 13:17:30.9 and finished at 12/03/2019 13:18:24.0

12/03/2019 14:10:16.2 Tcp notification encountered an error: SocketException: System.Net.Sockets.SocketException (0x80004005): The requested address is not valid in its context 172.18.3.52:0
   at System.Net.Sockets.TcpClient..ctor(String hostname, Int32 port)
   at MethodManager.DX.Interop.MMTcpServer.<>c__DisplayClass5.<SendNotification>b__4()
12/03/2019 14:10:23.5 Process 'InitializeLynx.met' MethodCompleted
1 of 1 method(s) completed successfully.
  Concurrent method 'Main' (Main) started at 12/03/2019 14:10:21.3 and finished at 12/03/2019 14:10:23.5

12/03/2019 14:24:31.3 Process 'Stamp_150ul.met' MethodCompleted
1 of 1 method(s) completed successfully.
  Concurrent method 'Main' (Main) started at 12/03/2019 14:23:16.8 and finished at 12/03/2019 14:24:31.3

12/03/2019 16:19:36.3 Process 'ChipLoad_150ul.met' MethodCompleted
1 of 1 method(s) completed successfully.
  Concurrent method 'Main' (Main) started at 12/03/2019 16:18:34.4 and finished at 12/03/2019 16:19:36.3

12/03/2019 16:29:22.6 Process 'Norm.met' MethodCompleted
1 of 1 method(s) completed successfully.
  Concurrent method 'Main' (Main) started at 12/03/2019 16:26:18.9 and finished at 12/03/2019 16:29:22.6

12/03/2019 16:30:19.6 Process 'AndStamp.met' MethodCompleted
1 of 1 method(s) completed successfully.
  Concurrent method 'Main' (Main) started at 12/03/2019 16:29:26.1 and finished at 12/03/2019 16:30:19.6

12/03/2019 16:38:16.1 Process 'ChipLoad_150ul.met' MethodCompleted
1 of 1 method(s) completed successfully.
  Concurrent method 'Main' (Main) started at 12/03/2019 16:37:13.9 and finished at 12/03/2019 16:38:16.1

12/03/2019 16:48:03.5 Process 'Norm.met' MethodCompleted
1 of 1 method(s) completed successfully.
  Concurrent method 'Main' (Main) started at 12/03/2019 16:44:58.7 and finished at 12/03/2019 16:48:03.5

12/03/2019 16:48:59.5 Process 'AndStamp.met' MethodCompleted
1 of 1 method(s) completed successfully.
  Concurrent method 'Main' (Main) started at 12/03/2019 16:48:06.5 and finished at 12/03/2019 16:48:59.5

12/03/2019 16:56:56.7 Process 'ChipLoad_150ul.met' MethodCompleted
1 of 1 method(s) completed successfully.
  Concurrent method 'Main' (Main) started at 12/03/2019 16:55:54.6 and finished at 12/03/2019 16:56:56.7

12/03/2019 17:06:41.9 Process 'Norm.met' MethodCompleted
1 of 1 method(s) completed successfully.
  Concurrent method 'Main' (Main) started at 12/03/2019 17:03:37.6 and finished at 12/03/2019 17:06:41.9

12/03/2019 17:07:37.7 Process 'AndStamp.met' MethodCompleted
1 of 1 method(s) completed successfully.
  Concurrent method 'Main' (Main) started at 12/03/2019 17:06:44.9 and finished at 12/03/2019 17:07:37.7

12/03/2019 17:15:31.6 Process 'ChipLoad_150ul.met' MethodCompleted
1 of 1 method(s) completed successfully.
  Concurrent method 'Main' (Main) started at 12/03/2019 17:14:29.5 and finished at 12/03/2019 17:15:31.6

12/03/2019 17:25:17.3 Process 'Norm.met' MethodCompleted
1 of 1 method(s) completed successfully.
  Concurrent method 'Main' (Main) started at 12/03/2019 17:22:12.9 and finished at 12/03/2019 17:25:17.3

12/03/2019 17:26:14.0 Process 'AndStamp.met' MethodCompleted
1 of 1 method(s) completed successfully.
  Concurrent method 'Main' (Main) started at 12/03/2019 17:25:20.2 and finished at 12/03/2019 17:26:14.0

12/03/2019 17:45:46.2 Process 'ChipLoad_150ul.met' MethodCompleted
1 of 1 method(s) completed successfully.
  Concurrent method 'Main' (Main) started at 12/03/2019 17:44:44.4 and finished at 12/03/2019 17:45:46.2

12/03/2019 17:55:31.5 Process 'Norm.met' MethodCompleted
1 of 1 method(s) completed successfully.
  Concurrent method 'Main' (Main) started at 12/03/2019 17:52:28.5 and finished at 12/03/2019 17:55:31.5

12/03/2019 17:56:27.9 Process 'AndStamp.met' MethodCompleted
1 of 1 method(s) completed successfully.
  Concurrent method 'Main' (Main) started at 12/03/2019 17:55:34.2 and finished at 12/03/2019 17:56:27.9

12/03/2019 18:04:13.4 Process 'ChipLoad_150ul.met' MethodCompleted
1 of 1 method(s) completed successfully.
  Concurrent method 'Main' (Main) started at 12/03/2019 18:03:11.0 and finished at 12/03/2019 18:04:13.4

12/03/2019 18:14:01.1 Process 'Norm.met' MethodCompleted
1 of 1 method(s) completed successfully.
  Concurrent method 'Main' (Main) started at 12/03/2019 18:10:55.7 and finished at 12/03/2019 18:14:01.1

12/03/2019 18:14:56.7 Process 'AndStamp.met' MethodCompleted
1 of 1 method(s) completed successfully.
  Concurrent method 'Main' (Main) started at 12/03/2019 18:14:04.0 and finished at 12/03/2019 18:14:56.7

12/03/2019 18:49:26.7 Process 'ChipLoad_150ul.met' MethodCompleted
1 of 1 method(s) completed successfully.
  Concurrent method 'Main' (Main) started at 12/03/2019 18:48:15.7 and finished at 12/03/2019 18:49:26.7

12/03/2019 18:56:52.0 [VVP96] VVP reports 1 errors in last aspirate: H10
12/03/2019 18:59:30.0 Process 'Norm.met' MethodCompleted
1 of 1 method(s) completed successfully.
  Concurrent method 'Main' (Main) started at 12/03/2019 18:56:09.8 and finished at 12/03/2019 18:59:30.0

12/03/2019 19:00:26.8 Process 'AndStamp.met' MethodCompleted
1 of 1 method(s) completed successfully.
  Concurrent method 'Main' (Main) started at 12/03/2019 18:59:33.1 and finished at 12/03/2019 19:00:26.8

12/03/2019 19:08:13.7 Process 'ChipLoad_150ul.met' MethodCompleted
1 of 1 method(s) completed successfully.
  Concurrent method 'Main' (Main) started at 12/03/2019 19:07:11.4 and finished at 12/03/2019 19:08:13.7

12/03/2019 19:18:00.7 Process 'Norm.met' MethodCompleted
1 of 1 method(s) completed successfully.
  Concurrent method 'Main' (Main) started at 12/03/2019 19:14:56.2 and finished at 12/03/2019 19:18:00.7

12/03/2019 19:18:55.9 Process 'AndStamp.met' MethodCompleted
1 of 1 method(s) completed successfully.
  Concurrent method 'Main' (Main) started at 12/03/2019 19:18:03.6 and finished at 12/03/2019 19:18:55.9

12/03/2019 19:29:00.0 Process 'ChipLoad_150ul.met' MethodCompleted
1 of 1 method(s) completed successfully.
  Concurrent method 'Main' (Main) started at 12/03/2019 19:27:59.1 and finished at 12/03/2019 19:29:00.0

12/03/2019 19:38:29.5 [VVP96] VVP reported an initial error for the GetCommand Pressure Status: Exception of type 'Seyonic.Dispenser.DispenserException' was thrown. (Inner exception: none)
12/03/2019 19:38:46.9 Process 'Norm.met' MethodCompleted
1 of 1 method(s) completed successfully.
  Concurrent method 'Main' (Main) started at 12/03/2019 19:35:43.6 and finished at 12/03/2019 19:38:46.9

12/03/2019 19:39:43.2 Process 'AndStamp.met' MethodCompleted
1 of 1 method(s) completed successfully.
  Concurrent method 'Main' (Main) started at 12/03/2019 19:38:50.0 and finished at 12/03/2019 19:39:43.2

12/03/2019 19:47:28.3 Process 'ChipLoad_150ul.met' MethodCompleted
1 of 1 method(s) completed successfully.
  Concurrent method 'Main' (Main) started at 12/03/2019 19:46:27.0 and finished at 12/03/2019 19:47:28.3

12/03/2019 19:57:15.9 Process 'Norm.met' MethodCompleted
1 of 1 method(s) completed successfully.
  Concurrent method 'Main' (Main) started at 12/03/2019 19:54:12.0 and finished at 12/03/2019 19:57:15.9

12/03/2019 19:58:12.3 Process 'AndStamp.met' MethodCompleted
1 of 1 method(s) completed successfully.
  Concurrent method 'Main' (Main) started at 12/03/2019 19:57:18.8 and finished at 12/03/2019 19:58:12.3

12/03/2019 20:06:07.4 Process 'ChipLoad_150ul.met' MethodCompleted
1 of 1 method(s) completed successfully.
  Concurrent method 'Main' (Main) started at 12/03/2019 20:05:05.9 and finished at 12/03/2019 20:06:07.4

12/03/2019 20:15:53.7 Process 'Norm.met' MethodCompleted
1 of 1 method(s) completed successfully.
  Concurrent method 'Main' (Main) started at 12/03/2019 20:12:50.5 and finished at 12/03/2019 20:15:53.6

12/03/2019 20:16:49.5 Process 'AndStamp.met' MethodCompleted
1 of 1 method(s) completed successfully.
  Concurrent method 'Main' (Main) started at 12/03/2019 20:15:56.9 and finished at 12/03/2019 20:16:49.5

12/04/2019 07:33:28.5 Tcp notification encountered an error: SocketException: System.Net.Sockets.SocketException (0x80004005): The requested address is not valid in its context 172.18.3.52:0
   at System.Net.Sockets.TcpClient..ctor(String hostname, Int32 port)
   at MethodManager.DX.Interop.MMTcpServer.<>c__DisplayClass5.<SendNotification>b__4()
12/04/2019 07:33:35.0 Process 'InitializeLynx.met' MethodCompleted
1 of 1 method(s) completed successfully.
  Concurrent method 'Main' (Main) started at 12/04/2019 07:33:32.8 and finished at 12/04/2019 07:33:35.0

12/04/2019 07:40:03.0 Process 'ChipLoad_150ul.met' MethodCompleted
1 of 1 method(s) completed successfully.
  Concurrent method 'Main' (Main) started at 12/04/2019 07:39:01.7 and finished at 12/04/2019 07:40:03.0

12/04/2019 07:49:46.6 Process 'Norm.met' MethodCompleted
1 of 1 method(s) completed successfully.
  Concurrent method 'Main' (Main) started at 12/04/2019 07:46:44.0 and finished at 12/04/2019 07:49:46.6

12/04/2019 07:50:42.6 Process 'AndStamp.met' MethodCompleted
1 of 1 method(s) completed successfully.
  Concurrent method 'Main' (Main) started at 12/04/2019 07:49:49.5 and finished at 12/04/2019 07:50:42.6

12/04/2019 07:58:37.1 Process 'ChipLoad_150ul.met' MethodCompleted
1 of 1 method(s) completed successfully.
  Concurrent method 'Main' (Main) started at 12/04/2019 07:57:35.5 and finished at 12/04/2019 07:58:37.1

12/04/2019 08:08:23.1 Process 'Norm.met' MethodCompleted
1 of 1 method(s) completed successfully.
  Concurrent method 'Main' (Main) started at 12/04/2019 08:05:18.9 and finished at 12/04/2019 08:08:23.1

12/04/2019 08:09:20.1 Process 'AndStamp.met' MethodCompleted
1 of 1 method(s) completed successfully.
  Concurrent method 'Main' (Main) started at 12/04/2019 08:08:26.4 and finished at 12/04/2019 08:09:20.1

12/04/2019 08:17:06.8 Process 'ChipLoad_150ul.met' MethodCompleted
1 of 1 method(s) completed successfully.
  Concurrent method 'Main' (Main) started at 12/04/2019 08:16:05.1 and finished at 12/04/2019 08:17:06.8

12/04/2019 08:26:51.5 Process 'Norm.met' MethodCompleted
1 of 1 method(s) completed successfully.
  Concurrent method 'Main' (Main) started at 12/04/2019 08:23:48.5 and finished at 12/04/2019 08:26:51.5

12/04/2019 08:27:48.2 Process 'AndStamp.met' MethodCompleted
1 of 1 method(s) completed successfully.
  Concurrent method 'Main' (Main) started at 12/04/2019 08:26:54.3 and finished at 12/04/2019 08:27:48.2

12/04/2019 08:35:45.0 Process 'ChipLoad_150ul.met' MethodCompleted
1 of 1 method(s) completed successfully.
  Concurrent method 'Main' (Main) started at 12/04/2019 08:34:42.4 and finished at 12/04/2019 08:35:45.0

12/04/2019 08:45:28.8 Process 'Norm.met' MethodCompleted
1 of 1 method(s) completed successfully.
  Concurrent method 'Main' (Main) started at 12/04/2019 08:42:25.6 and finished at 12/04/2019 08:45:28.8

12/04/2019 08:46:25.1 Process 'AndStamp.met' MethodCompleted
1 of 1 method(s) completed successfully.
  Concurrent method 'Main' (Main) started at 12/04/2019 08:45:31.9 and finished at 12/04/2019 08:46:25.1

12/04/2019 08:54:20.5 Process 'ChipLoad_150ul.met' MethodCompleted
1 of 1 method(s) completed successfully.
  Concurrent method 'Main' (Main) started at 12/04/2019 08:53:18.9 and finished at 12/04/2019 08:54:20.5

12/04/2019 09:04:06.0 Process 'Norm.met' MethodCompleted
1 of 1 method(s) completed successfully.
  Concurrent method 'Main' (Main) started at 12/04/2019 09:01:02.8 and finished at 12/04/2019 09:04:06.0

12/04/2019 09:05:02.3 Process 'AndStamp.met' MethodCompleted
1 of 1 method(s) completed successfully.
  Concurrent method 'Main' (Main) started at 12/04/2019 09:04:09.5 and finished at 12/04/2019 09:05:02.3

12/04/2019 09:12:54.9 Process 'ChipLoad_150ul.met' MethodCompleted
1 of 1 method(s) completed successfully.
  Concurrent method 'Main' (Main) started at 12/04/2019 09:11:53.3 and finished at 12/04/2019 09:12:54.9

12/04/2019 09:22:42.9 Process 'Norm.met' MethodCompleted
1 of 1 method(s) completed successfully.
  Concurrent method 'Main' (Main) started at 12/04/2019 09:19:37.4 and finished at 12/04/2019 09:22:42.9

12/04/2019 09:23:39.6 Process 'AndStamp.met' MethodCompleted
1 of 1 method(s) completed successfully.
  Concurrent method 'Main' (Main) started at 12/04/2019 09:22:45.6 and finished at 12/04/2019 09:23:39.6

12/04/2019 09:31:26.2 Process 'ChipLoad_150ul.met' MethodCompleted
1 of 1 method(s) completed successfully.
  Concurrent method 'Main' (Main) started at 12/04/2019 09:30:24.0 and finished at 12/04/2019 09:31:26.2

12/04/2019 09:41:14.5 Process 'Norm.met' MethodCompleted
1 of 1 method(s) completed successfully.
  Concurrent method 'Main' (Main) started at 12/04/2019 09:38:08.0 and finished at 12/04/2019 09:41:14.5

12/04/2019 09:42:10.5 Process 'AndStamp.met' MethodCompleted
1 of 1 method(s) completed successfully.
  Concurrent method 'Main' (Main) started at 12/04/2019 09:41:17.6 and finished at 12/04/2019 09:42:10.5

12/04/2019 09:54:59.6 Process 'Stamp_150ul.met' MethodCompleted
1 of 1 method(s) completed successfully.
  Concurrent method 'Main' (Main) started at 12/04/2019 09:53:44.0 and finished at 12/04/2019 09:54:59.6

12/04/2019 12:15:06.9 Process 'ChipLoad_150ul.met' MethodCompleted
1 of 1 method(s) completed successfully.
  Concurrent method 'Main' (Main) started at 12/04/2019 12:14:04.4 and finished at 12/04/2019 12:15:06.9

12/04/2019 12:24:50.6 Process 'Norm.met' MethodCompleted
1 of 1 method(s) completed successfully.
  Concurrent method 'Main' (Main) started at 12/04/2019 12:21:49.3 and finished at 12/04/2019 12:24:50.6

12/04/2019 12:25:46.7 Process 'AndStamp.met' MethodCompleted
1 of 1 method(s) completed successfully.
  Concurrent method 'Main' (Main) started at 12/04/2019 12:24:53.6 and finished at 12/04/2019 12:25:46.7

12/04/2019 12:33:30.0 Process 'ChipLoad_150ul.met' MethodCompleted
1 of 1 method(s) completed successfully.
  Concurrent method 'Main' (Main) started at 12/04/2019 12:32:27.4 and finished at 12/04/2019 12:33:30.0

12/04/2019 12:43:16.0 Process 'Norm.met' MethodCompleted
1 of 1 method(s) completed successfully.
  Concurrent method 'Main' (Main) started at 12/04/2019 12:40:12.2 and finished at 12/04/2019 12:43:16.0

12/04/2019 12:44:11.7 Process 'AndStamp.met' MethodCompleted
1 of 1 method(s) completed successfully.
  Concurrent method 'Main' (Main) started at 12/04/2019 12:43:18.9 and finished at 12/04/2019 12:44:11.7

12/04/2019 13:44:53.4 Process 'ChipLoad_150ul.met' MethodCompleted
1 of 1 method(s) completed successfully.
  Concurrent method 'Main' (Main) started at 12/04/2019 13:43:50.5 and finished at 12/04/2019 13:44:53.4

12/04/2019 13:54:39.6 Process 'Norm.met' MethodCompleted
1 of 1 method(s) completed successfully.
  Concurrent method 'Main' (Main) started at 12/04/2019 13:51:34.9 and finished at 12/04/2019 13:54:39.6

12/04/2019 13:55:36.2 Process 'AndStamp.met' MethodCompleted
1 of 1 method(s) completed successfully.
  Concurrent method 'Main' (Main) started at 12/04/2019 13:54:42.6 and finished at 12/04/2019 13:55:36.2

12/04/2019 14:03:25.0 Process 'ChipLoad_150ul.met' MethodCompleted
1 of 1 method(s) completed successfully.
  Concurrent method 'Main' (Main) started at 12/04/2019 14:02:22.9 and finished at 12/04/2019 14:03:25.0

12/04/2019 14:13:13.2 Process 'Norm.met' MethodCompleted
1 of 1 method(s) completed successfully.
  Concurrent method 'Main' (Main) started at 12/04/2019 14:10:07.2 and finished at 12/04/2019 14:13:13.2

12/04/2019 14:14:09.4 Process 'AndStamp.met' MethodCompleted
1 of 1 method(s) completed successfully.
  Concurrent method 'Main' (Main) started at 12/04/2019 14:13:16.1 and finished at 12/04/2019 14:14:09.4

12/04/2019 14:25:03.9 Process 'ChipLoad_150ul.met' MethodCompleted
1 of 1 method(s) completed successfully.
  Concurrent method 'Main' (Main) started at 12/04/2019 14:24:01.9 and finished at 12/04/2019 14:25:03.9

12/04/2019 14:34:50.8 Process 'Norm.met' MethodCompleted
1 of 1 method(s) completed successfully.
  Concurrent method 'Main' (Main) started at 12/04/2019 14:31:46.9 and finished at 12/04/2019 14:34:50.8

12/04/2019 14:35:46.5 Process 'AndStamp.met' MethodCompleted
1 of 1 method(s) completed successfully.
  Concurrent method 'Main' (Main) started at 12/04/2019 14:34:53.7 and finished at 12/04/2019 14:35:46.5

12/04/2019 14:43:43.0 Process 'ChipLoad_150ul.met' MethodCompleted
1 of 1 method(s) completed successfully.
  Concurrent method 'Main' (Main) started at 12/04/2019 14:42:41.8 and finished at 12/04/2019 14:43:43.0

12/04/2019 14:53:32.3 Process 'Norm.met' MethodCompleted
1 of 1 method(s) completed successfully.
  Concurrent method 'Main' (Main) started at 12/04/2019 14:50:25.9 and finished at 12/04/2019 14:53:32.3

12/04/2019 14:54:28.7 Process 'AndStamp.met' MethodCompleted
1 of 1 method(s) completed successfully.
  Concurrent method 'Main' (Main) started at 12/04/2019 14:53:35.2 and finished at 12/04/2019 14:54:28.7

12/04/2019 15:01:54.1 Process 'Stamp_150ul.met' MethodCompleted
1 of 1 method(s) completed successfully.
  Concurrent method 'Main' (Main) started at 12/04/2019 15:00:38.4 and finished at 12/04/2019 15:01:54.1

12/04/2019 15:45:34.7 Process 'Stamp_150ul.met' MethodCompleted
1 of 1 method(s) completed successfully.
  Concurrent method 'Main' (Main) started at 12/04/2019 15:44:20.0 and finished at 12/04/2019 15:45:34.7

12/04/2019 16:02:13.2 Process 'ChipLoad_150ul.met' MethodCompleted
1 of 1 method(s) completed successfully.
  Concurrent method 'Main' (Main) started at 12/04/2019 16:01:11.5 and finished at 12/04/2019 16:02:13.2

12/04/2019 16:11:59.3 Process 'Norm.met' MethodCompleted
1 of 1 method(s) completed successfully.
  Concurrent method 'Main' (Main) started at 12/04/2019 16:08:55.6 and finished at 12/04/2019 16:11:59.3

12/04/2019 16:12:55.7 Process 'AndStamp.met' MethodCompleted
1 of 1 method(s) completed successfully.
  Concurrent method 'Main' (Main) started at 12/04/2019 16:12:02.5 and finished at 12/04/2019 16:12:55.7

12/04/2019 16:20:55.4 Process 'ChipLoad_150ul.met' MethodCompleted
1 of 1 method(s) completed successfully.
  Concurrent method 'Main' (Main) started at 12/04/2019 16:19:52.7 and finished at 12/04/2019 16:20:55.4

12/04/2019 16:30:41.1 Process 'Norm.met' MethodCompleted
1 of 1 method(s) completed successfully.
  Concurrent method 'Main' (Main) started at 12/04/2019 16:27:36.9 and finished at 12/04/2019 16:30:41.1

12/04/2019 16:31:37.2 Process 'AndStamp.met' MethodCompleted
1 of 1 method(s) completed successfully.
  Concurrent method 'Main' (Main) started at 12/04/2019 16:30:44.4 and finished at 12/04/2019 16:31:37.2

12/04/2019 16:39:34.0 Process 'ChipLoad_150ul.met' MethodCompleted
1 of 1 method(s) completed successfully.
  Concurrent method 'Main' (Main) started at 12/04/2019 16:38:33.1 and finished at 12/04/2019 16:39:34.0

12/04/2019 16:49:23.4 Process 'Norm.met' MethodCompleted
1 of 1 method(s) completed successfully.
  Concurrent method 'Main' (Main) started at 12/04/2019 16:46:18.7 and finished at 12/04/2019 16:49:23.4

12/04/2019 16:50:20.6 Process 'AndStamp.met' MethodCompleted
1 of 1 method(s) completed successfully.
  Concurrent method 'Main' (Main) started at 12/04/2019 16:49:26.5 and finished at 12/04/2019 16:50:20.6

12/04/2019 16:58:09.2 Process 'ChipLoad_150ul.met' MethodCompleted
1 of 1 method(s) completed successfully.
  Concurrent method 'Main' (Main) started at 12/04/2019 16:57:07.3 and finished at 12/04/2019 16:58:09.2

12/04/2019 17:07:55.1 Process 'Norm.met' MethodCompleted
1 of 1 method(s) completed successfully.
  Concurrent method 'Main' (Main) started at 12/04/2019 17:04:51.6 and finished at 12/04/2019 17:07:55.1

12/04/2019 17:08:51.2 Process 'AndStamp.met' MethodCompleted
1 of 1 method(s) completed successfully.
  Concurrent method 'Main' (Main) started at 12/04/2019 17:07:58.0 and finished at 12/04/2019 17:08:51.2

12/04/2019 17:22:18.8 Process 'ChipLoad_150ul.met' MethodCompleted
1 of 1 method(s) completed successfully.
  Concurrent method 'Main' (Main) started at 12/04/2019 17:21:16.3 and finished at 12/04/2019 17:22:18.8

12/04/2019 17:32:07.2 Process 'Norm.met' MethodCompleted
1 of 1 method(s) completed successfully.
  Concurrent method 'Main' (Main) started at 12/04/2019 17:29:01.7 and finished at 12/04/2019 17:32:07.2

12/04/2019 17:33:03.4 Process 'AndStamp.met' MethodCompleted
1 of 1 method(s) completed successfully.
  Concurrent method 'Main' (Main) started at 12/04/2019 17:32:10.5 and finished at 12/04/2019 17:33:03.4

12/04/2019 17:41:03.1 Process 'ChipLoad_150ul.met' MethodCompleted
1 of 1 method(s) completed successfully.
  Concurrent method 'Main' (Main) started at 12/04/2019 17:40:00.6 and finished at 12/04/2019 17:41:03.1

12/04/2019 17:50:50.4 Process 'Norm.met' MethodCompleted
1 of 1 method(s) completed successfully.
  Concurrent method 'Main' (Main) started at 12/04/2019 17:47:44.5 and finished at 12/04/2019 17:50:50.4

12/04/2019 17:51:46.4 Process 'AndStamp.met' MethodCompleted
1 of 1 method(s) completed successfully.
  Concurrent method 'Main' (Main) started at 12/04/2019 17:50:53.3 and finished at 12/04/2019 17:51:46.4

12/04/2019 18:21:32.1 Process 'ChipLoad_150ul.met' MethodCompleted
1 of 1 method(s) completed successfully.
  Concurrent method 'Main' (Main) started at 12/04/2019 18:20:29.7 and finished at 12/04/2019 18:21:32.1

12/04/2019 18:31:19.1 Process 'Norm.met' MethodCompleted
1 of 1 method(s) completed successfully.
  Concurrent method 'Main' (Main) started at 12/04/2019 18:28:14.5 and finished at 12/04/2019 18:31:19.1

12/04/2019 18:32:15.9 Process 'AndStamp.met' MethodCompleted
1 of 1 method(s) completed successfully.
  Concurrent method 'Main' (Main) started at 12/04/2019 18:31:22.3 and finished at 12/04/2019 18:32:15.9

12/04/2019 18:40:11.0 Process 'ChipLoad_150ul.met' MethodCompleted
1 of 1 method(s) completed successfully.
  Concurrent method 'Main' (Main) started at 12/04/2019 18:39:09.2 and finished at 12/04/2019 18:40:11.0

12/04/2019 18:50:03.2 Process 'Norm.met' MethodCompleted
1 of 1 method(s) completed successfully.
  Concurrent method 'Main' (Main) started at 12/04/2019 18:46:54.1 and finished at 12/04/2019 18:50:03.2

12/04/2019 18:51:00.0 Process 'AndStamp.met' MethodCompleted
1 of 1 method(s) completed successfully.
  Concurrent method 'Main' (Main) started at 12/04/2019 18:50:06.6 and finished at 12/04/2019 18:51:00.0

12/04/2019 19:04:11.2 Process 'ChipLoad_150ul.met' MethodCompleted
1 of 1 method(s) completed successfully.
  Concurrent method 'Main' (Main) started at 12/04/2019 19:03:08.3 and finished at 12/04/2019 19:04:11.2

12/04/2019 19:13:56.2 Process 'Norm.met' MethodCompleted
1 of 1 method(s) completed successfully.
  Concurrent method 'Main' (Main) started at 12/04/2019 19:10:53.4 and finished at 12/04/2019 19:13:56.2

12/04/2019 19:14:52.5 Process 'AndStamp.met' MethodCompleted
1 of 1 method(s) completed successfully.
  Concurrent method 'Main' (Main) started at 12/04/2019 19:13:59.2 and finished at 12/04/2019 19:14:52.5

12/04/2019 19:22:48.5 Process 'ChipLoad_150ul.met' MethodCompleted
1 of 1 method(s) completed successfully.
  Concurrent method 'Main' (Main) started at 12/04/2019 19:21:46.3 and finished at 12/04/2019 19:22:48.5

12/04/2019 19:32:34.8 Process 'Norm.met' MethodCompleted
1 of 1 method(s) completed successfully.
  Concurrent method 'Main' (Main) started at 12/04/2019 19:29:29.5 and finished at 12/04/2019 19:32:34.8

12/04/2019 19:33:31.3 Process 'AndStamp.met' MethodCompleted
1 of 1 method(s) completed successfully.
  Concurrent method 'Main' (Main) started at 12/04/2019 19:32:37.8 and finished at 12/04/2019 19:33:31.3

12/05/2019 07:35:57.9 Tcp notification encountered an error: SocketException: System.Net.Sockets.SocketException (0x80004005): The requested address is not valid in its context 172.18.3.52:0
   at System.Net.Sockets.TcpClient..ctor(String hostname, Int32 port)
   at MethodManager.DX.Interop.MMTcpServer.<>c__DisplayClass5.<SendNotification>b__4()
12/05/2019 07:36:04.7 Process 'InitializeLynx.met' MethodCompleted
1 of 1 method(s) completed successfully.
  Concurrent method 'Main' (Main) started at 12/05/2019 07:36:02.5 and finished at 12/05/2019 07:36:04.7

12/05/2019 07:47:39.7 Process 'ChipLoad_150ul.met' MethodCompleted
1 of 1 method(s) completed successfully.
  Concurrent method 'Main' (Main) started at 12/05/2019 07:46:38.0 and finished at 12/05/2019 07:47:39.7

12/05/2019 07:57:28.1 Process 'Norm.met' MethodCompleted
1 of 1 method(s) completed successfully.
  Concurrent method 'Main' (Main) started at 12/05/2019 07:54:22.3 and finished at 12/05/2019 07:57:28.1

12/05/2019 07:58:24.5 Process 'AndStamp.met' MethodCompleted
1 of 1 method(s) completed successfully.
  Concurrent method 'Main' (Main) started at 12/05/2019 07:57:31.1 and finished at 12/05/2019 07:58:24.5

12/05/2019 08:06:15.2 Process 'ChipLoad_150ul.met' MethodCompleted
1 of 1 method(s) completed successfully.
  Concurrent method 'Main' (Main) started at 12/05/2019 08:05:13.3 and finished at 12/05/2019 08:06:15.2

12/05/2019 08:16:06.2 Process 'Norm.met' MethodCompleted
1 of 1 method(s) completed successfully.
  Concurrent method 'Main' (Main) started at 12/05/2019 08:12:57.4 and finished at 12/05/2019 08:16:06.2

12/05/2019 08:17:02.4 Process 'AndStamp.met' MethodCompleted
1 of 1 method(s) completed successfully.
  Concurrent method 'Main' (Main) started at 12/05/2019 08:16:09.2 and finished at 12/05/2019 08:17:02.4

12/05/2019 08:24:47.8 Process 'ChipLoad_150ul.met' MethodCompleted
1 of 1 method(s) completed successfully.
  Concurrent method 'Main' (Main) started at 12/05/2019 08:23:46.0 and finished at 12/05/2019 08:24:47.8

12/05/2019 08:34:35.2 Process 'Norm.met' MethodCompleted
1 of 1 method(s) completed successfully.
  Concurrent method 'Main' (Main) started at 12/05/2019 08:31:29.6 and finished at 12/05/2019 08:34:35.2

12/05/2019 08:35:30.5 Process 'AndStamp.met' MethodCompleted
1 of 1 method(s) completed successfully.
  Concurrent method 'Main' (Main) started at 12/05/2019 08:34:37.8 and finished at 12/05/2019 08:35:30.5

12/05/2019 08:43:16.9 Process 'ChipLoad_150ul.met' MethodCompleted
1 of 1 method(s) completed successfully.
  Concurrent method 'Main' (Main) started at 12/05/2019 08:42:15.7 and finished at 12/05/2019 08:43:16.9

12/05/2019 08:53:04.1 Process 'Norm.met' MethodCompleted
1 of 1 method(s) completed successfully.
  Concurrent method 'Main' (Main) started at 12/05/2019 08:50:00.0 and finished at 12/05/2019 08:53:04.1

12/05/2019 08:54:00.8 Process 'AndStamp.met' MethodCompleted
1 of 1 method(s) completed successfully.
  Concurrent method 'Main' (Main) started at 12/05/2019 08:53:06.9 and finished at 12/05/2019 08:54:00.8

12/05/2019 09:01:47.5 Process 'ChipLoad_150ul.met' MethodCompleted
1 of 1 method(s) completed successfully.
  Concurrent method 'Main' (Main) started at 12/05/2019 09:00:46.0 and finished at 12/05/2019 09:01:47.5

12/05/2019 09:11:34.9 Process 'Norm.met' MethodCompleted
1 of 1 method(s) completed successfully.
  Concurrent method 'Main' (Main) started at 12/05/2019 09:08:30.0 and finished at 12/05/2019 09:11:34.9

12/05/2019 09:12:31.6 Process 'AndStamp.met' MethodCompleted
1 of 1 method(s) completed successfully.
  Concurrent method 'Main' (Main) started at 12/05/2019 09:11:37.9 and finished at 12/05/2019 09:12:31.6

12/05/2019 09:20:17.8 Process 'ChipLoad_150ul.met' MethodCompleted
1 of 1 method(s) completed successfully.
  Concurrent method 'Main' (Main) started at 12/05/2019 09:19:16.0 and finished at 12/05/2019 09:20:17.8

12/05/2019 09:30:05.9 Process 'Norm.met' MethodCompleted
1 of 1 method(s) completed successfully.
  Concurrent method 'Main' (Main) started at 12/05/2019 09:26:59.7 and finished at 12/05/2019 09:30:05.9

12/05/2019 09:31:03.9 Process 'AndStamp.met' MethodCompleted
1 of 1 method(s) completed successfully.
  Concurrent method 'Main' (Main) started at 12/05/2019 09:30:09.2 and finished at 12/05/2019 09:31:03.9

12/05/2019 09:38:53.4 Process 'ChipLoad_150ul.met' MethodCompleted
1 of 1 method(s) completed successfully.
  Concurrent method 'Main' (Main) started at 12/05/2019 09:37:50.8 and finished at 12/05/2019 09:38:53.4

12/05/2019 09:48:35.9 Process 'Norm.met' MethodCompleted
1 of 1 method(s) completed successfully.
  Concurrent method 'Main' (Main) started at 12/05/2019 09:45:34.6 and finished at 12/05/2019 09:48:35.9

12/05/2019 09:53:56.6 Process 'AndStamp.met' MethodCompleted
1 of 1 method(s) completed successfully.
  Concurrent method 'Main' (Main) started at 12/05/2019 09:53:02.2 and finished at 12/05/2019 09:53:56.6

12/05/2019 10:01:43.7 Process 'ChipLoad_150ul.met' MethodCompleted
1 of 1 method(s) completed successfully.
  Concurrent method 'Main' (Main) started at 12/05/2019 10:00:40.5 and finished at 12/05/2019 10:01:43.7

12/05/2019 10:11:27.4 Process 'Norm.met' MethodCompleted
1 of 1 method(s) completed successfully.
  Concurrent method 'Main' (Main) started at 12/05/2019 10:08:24.3 and finished at 12/05/2019 10:11:27.4

12/05/2019 10:12:23.6 Process 'AndStamp.met' MethodCompleted
1 of 1 method(s) completed successfully.
  Concurrent method 'Main' (Main) started at 12/05/2019 10:11:30.2 and finished at 12/05/2019 10:12:23.6

12/05/2019 10:20:09.3 Process 'ChipLoad_150ul.met' MethodCompleted
1 of 1 method(s) completed successfully.
  Concurrent method 'Main' (Main) started at 12/05/2019 10:19:06.9 and finished at 12/05/2019 10:20:09.3

12/05/2019 10:29:56.3 Process 'Norm.met' MethodCompleted
1 of 1 method(s) completed successfully.
  Concurrent method 'Main' (Main) started at 12/05/2019 10:26:51.2 and finished at 12/05/2019 10:29:56.3

12/05/2019 10:30:51.5 Process 'AndStamp.met' MethodCompleted
1 of 1 method(s) completed successfully.
  Concurrent method 'Main' (Main) started at 12/05/2019 10:29:59.0 and finished at 12/05/2019 10:30:51.5

12/05/2019 10:38:46.6 Process 'ChipLoad_150ul.met' MethodCompleted
1 of 1 method(s) completed successfully.
  Concurrent method 'Main' (Main) started at 12/05/2019 10:37:44.8 and finished at 12/05/2019 10:38:46.6

12/05/2019 10:48:33.3 Process 'Norm.met' MethodCompleted
1 of 1 method(s) completed successfully.
  Concurrent method 'Main' (Main) started at 12/05/2019 10:45:28.5 and finished at 12/05/2019 10:48:33.3

12/05/2019 10:49:29.4 Process 'AndStamp.met' MethodCompleted
1 of 1 method(s) completed successfully.
  Concurrent method 'Main' (Main) started at 12/05/2019 10:48:36.6 and finished at 12/05/2019 10:49:29.4

12/05/2019 10:59:54.1 Process 'ChipLoad_150ul.met' MethodCompleted
1 of 1 method(s) completed successfully.
  Concurrent method 'Main' (Main) started at 12/05/2019 10:58:52.4 and finished at 12/05/2019 10:59:54.1

12/05/2019 11:09:44.2 Process 'Norm.met' MethodCompleted
1 of 1 method(s) completed successfully.
  Concurrent method 'Main' (Main) started at 12/05/2019 11:06:35.4 and finished at 12/05/2019 11:09:44.2

12/05/2019 11:10:40.4 Process 'AndStamp.met' MethodCompleted
1 of 1 method(s) completed successfully.
  Concurrent method 'Main' (Main) started at 12/05/2019 11:09:47.1 and finished at 12/05/2019 11:10:40.4

12/05/2019 11:21:05.1 Process 'ChipLoad_150ul.met' MethodCompleted
1 of 1 method(s) completed successfully.
  Concurrent method 'Main' (Main) started at 12/05/2019 11:20:02.9 and finished at 12/05/2019 11:21:05.1

12/05/2019 11:31:05.8 Process 'Norm.met' MethodCompleted
1 of 1 method(s) completed successfully.
  Concurrent method 'Main' (Main) started at 12/05/2019 11:27:57.6 and finished at 12/05/2019 11:31:05.8

12/05/2019 11:32:03.8 Process 'AndStamp.met' MethodCompleted
1 of 1 method(s) completed successfully.
  Concurrent method 'Main' (Main) started at 12/05/2019 11:31:09.0 and finished at 12/05/2019 11:32:03.8

12/05/2019 11:47:01.9 Process 'Stamp_150ul.met' MethodCompleted
1 of 1 method(s) completed successfully.
  Concurrent method 'Main' (Main) started at 12/05/2019 11:45:45.1 and finished at 12/05/2019 11:47:01.9

12/05/2019 12:05:13.9 Process 'Stamp_150ul.met' MethodCompleted
1 of 1 method(s) completed successfully.
  Concurrent method 'Main' (Main) started at 12/05/2019 12:03:58.0 and finished at 12/05/2019 12:05:13.9

12/05/2019 12:37:18.4 Process 'ChipLoad_150ul.met' MethodCompleted
1 of 1 method(s) completed successfully.
  Concurrent method 'Main' (Main) started at 12/05/2019 12:36:17.3 and finished at 12/05/2019 12:37:18.4

12/05/2019 12:47:08.7 Process 'Norm.met' MethodCompleted
1 of 1 method(s) completed successfully.
  Concurrent method 'Main' (Main) started at 12/05/2019 12:44:01.2 and finished at 12/05/2019 12:47:08.7

12/05/2019 12:48:05.3 Process 'AndStamp.met' MethodCompleted
1 of 1 method(s) completed successfully.
  Concurrent method 'Main' (Main) started at 12/05/2019 12:47:11.5 and finished at 12/05/2019 12:48:05.3

12/05/2019 12:56:01.1 Process 'ChipLoad_150ul.met' MethodCompleted
1 of 1 method(s) completed successfully.
  Concurrent method 'Main' (Main) started at 12/05/2019 12:54:59.7 and finished at 12/05/2019 12:56:01.1

12/05/2019 13:05:46.2 Process 'Norm.met' MethodCompleted
1 of 1 method(s) completed successfully.
  Concurrent method 'Main' (Main) started at 12/05/2019 13:02:43.0 and finished at 12/05/2019 13:05:46.2

12/05/2019 13:06:42.8 Process 'AndStamp.met' MethodCompleted
1 of 1 method(s) completed successfully.
  Concurrent method 'Main' (Main) started at 12/05/2019 13:05:49.2 and finished at 12/05/2019 13:06:42.8

12/05/2019 14:11:02.5 Process 'ChipLoad_150ul.met' MethodCompleted
1 of 1 method(s) completed successfully.
  Concurrent method 'Main' (Main) started at 12/05/2019 14:10:01.2 and finished at 12/05/2019 14:11:02.5

12/05/2019 14:20:47.4 Process 'Norm.met' MethodCompleted
1 of 1 method(s) completed successfully.
  Concurrent method 'Main' (Main) started at 12/05/2019 14:17:44.2 and finished at 12/05/2019 14:20:47.4

12/05/2019 14:21:43.8 Process 'AndStamp.met' MethodCompleted
1 of 1 method(s) completed successfully.
  Concurrent method 'Main' (Main) started at 12/05/2019 14:20:50.7 and finished at 12/05/2019 14:21:43.8

12/05/2019 14:30:11.9 Process 'ChipLoad_150ul.met' MethodCompleted
1 of 1 method(s) completed successfully.
  Concurrent method 'Main' (Main) started at 12/05/2019 14:29:10.7 and finished at 12/05/2019 14:30:11.9

12/05/2019 14:40:01.2 Process 'Norm.met' MethodCompleted
1 of 1 method(s) completed successfully.
  Concurrent method 'Main' (Main) started at 12/05/2019 14:36:56.0 and finished at 12/05/2019 14:40:01.2

12/05/2019 14:40:56.9 Process 'AndStamp.met' MethodCompleted
1 of 1 method(s) completed successfully.
  Concurrent method 'Main' (Main) started at 12/05/2019 14:40:04.4 and finished at 12/05/2019 14:40:56.9

12/05/2019 14:52:53.2 Process 'Stamp_150ul.met' MethodCompleted
1 of 1 method(s) completed successfully.
  Concurrent method 'Main' (Main) started at 12/05/2019 14:51:39.4 and finished at 12/05/2019 14:52:53.2

12/05/2019 15:59:08.2 Process 'ChipLoad_150ul.met' MethodCompleted
1 of 1 method(s) completed successfully.
  Concurrent method 'Main' (Main) started at 12/05/2019 15:58:07.5 and finished at 12/05/2019 15:59:08.2

12/05/2019 16:08:54.9 Process 'Norm.met' MethodCompleted
1 of 1 method(s) completed successfully.
  Concurrent method 'Main' (Main) started at 12/05/2019 16:05:52.7 and finished at 12/05/2019 16:08:54.9

12/05/2019 16:09:51.7 Process 'AndStamp.met' MethodCompleted
1 of 1 method(s) completed successfully.
  Concurrent method 'Main' (Main) started at 12/05/2019 16:08:57.9 and finished at 12/05/2019 16:09:51.7

12/05/2019 16:17:54.2 Process 'ChipLoad_150ul.met' MethodCompleted
1 of 1 method(s) completed successfully.
  Concurrent method 'Main' (Main) started at 12/05/2019 16:16:51.3 and finished at 12/05/2019 16:17:54.2

12/05/2019 16:27:42.0 Process 'Norm.met' MethodCompleted
1 of 1 method(s) completed successfully.
  Concurrent method 'Main' (Main) started at 12/05/2019 16:24:34.9 and finished at 12/05/2019 16:27:42.0

12/05/2019 16:28:38.2 Process 'AndStamp.met' MethodCompleted
1 of 1 method(s) completed successfully.
  Concurrent method 'Main' (Main) started at 12/05/2019 16:27:44.9 and finished at 12/05/2019 16:28:38.2

12/05/2019 16:35:36.1 [VVP96] VVP reports 1 errors in last aspirate: A01
12/05/2019 16:36:25.2 Process 'Stamp_150ul.met' MethodCompleted
1 of 1 method(s) completed successfully.
  Concurrent method 'Main' (Main) started at 12/05/2019 16:34:48.6 and finished at 12/05/2019 16:36:25.2

12/05/2019 16:45:10.4 Process 'Stamp_150ul.met' MethodCompleted
1 of 1 method(s) completed successfully.
  Concurrent method 'Main' (Main) started at 12/05/2019 16:43:56.2 and finished at 12/05/2019 16:45:10.4

12/05/2019 16:54:15.8 Process 'ChipLoad_150ul.met' MethodCompleted
1 of 1 method(s) completed successfully.
  Concurrent method 'Main' (Main) started at 12/05/2019 16:53:13.9 and finished at 12/05/2019 16:54:15.8

12/05/2019 17:04:00.3 Process 'Norm.met' MethodCompleted
1 of 1 method(s) completed successfully.
  Concurrent method 'Main' (Main) started at 12/05/2019 17:00:57.9 and finished at 12/05/2019 17:04:00.3

12/05/2019 17:04:57.4 Process 'AndStamp.met' MethodCompleted
1 of 1 method(s) completed successfully.
  Concurrent method 'Main' (Main) started at 12/05/2019 17:04:03.4 and finished at 12/05/2019 17:04:57.4

12/05/2019 17:12:44.7 Process 'ChipLoad_150ul.met' MethodCompleted
1 of 1 method(s) completed successfully.
  Concurrent method 'Main' (Main) started at 12/05/2019 17:11:43.2 and finished at 12/05/2019 17:12:44.7

12/05/2019 17:22:32.4 Process 'Norm.met' MethodCompleted
1 of 1 method(s) completed successfully.
  Concurrent method 'Main' (Main) started at 12/05/2019 17:19:27.8 and finished at 12/05/2019 17:22:32.4

12/05/2019 17:23:28.2 Process 'AndStamp.met' MethodCompleted
1 of 1 method(s) completed successfully.
  Concurrent method 'Main' (Main) started at 12/05/2019 17:22:35.1 and finished at 12/05/2019 17:23:28.2

12/05/2019 17:31:59.7 Process 'ChipLoad_150ul.met' MethodCompleted
1 of 1 method(s) completed successfully.
  Concurrent method 'Main' (Main) started at 12/05/2019 17:30:57.0 and finished at 12/05/2019 17:31:59.7

12/05/2019 17:41:47.8 Process 'Norm.met' MethodCompleted
1 of 1 method(s) completed successfully.
  Concurrent method 'Main' (Main) started at 12/05/2019 17:38:42.4 and finished at 12/05/2019 17:41:47.8

12/05/2019 17:42:44.0 Process 'AndStamp.met' MethodCompleted
1 of 1 method(s) completed successfully.
  Concurrent method 'Main' (Main) started at 12/05/2019 17:41:50.6 and finished at 12/05/2019 17:42:44.0

12/05/2019 17:50:35.2 Process 'ChipLoad_150ul.met' MethodCompleted
1 of 1 method(s) completed successfully.
  Concurrent method 'Main' (Main) started at 12/05/2019 17:49:32.8 and finished at 12/05/2019 17:50:35.2

12/05/2019 18:00:24.6 Process 'Norm.met' MethodCompleted
1 of 1 method(s) completed successfully.
  Concurrent method 'Main' (Main) started at 12/05/2019 17:57:17.0 and finished at 12/05/2019 18:00:24.6

12/05/2019 18:01:21.5 Process 'AndStamp.met' MethodCompleted
1 of 1 method(s) completed successfully.
  Concurrent method 'Main' (Main) started at 12/05/2019 18:00:27.8 and finished at 12/05/2019 18:01:21.5

12/05/2019 18:08:41.3 Process 'Stamp_150ul.met' MethodCompleted
1 of 1 method(s) completed successfully.
  Concurrent method 'Main' (Main) started at 12/05/2019 18:07:25.4 and finished at 12/05/2019 18:08:41.3

12/05/2019 18:13:04.8 Process 'ChipLoad_150ul.met' MethodCompleted
1 of 1 method(s) completed successfully.
  Concurrent method 'Main' (Main) started at 12/05/2019 18:12:03.2 and finished at 12/05/2019 18:13:04.8

12/05/2019 18:22:50.3 Process 'Norm.met' MethodCompleted
1 of 1 method(s) completed successfully.
  Concurrent method 'Main' (Main) started at 12/05/2019 18:19:46.9 and finished at 12/05/2019 18:22:50.3

12/05/2019 18:23:46.3 Process 'AndStamp.met' MethodCompleted
1 of 1 method(s) completed successfully.
  Concurrent method 'Main' (Main) started at 12/05/2019 18:22:53.1 and finished at 12/05/2019 18:23:46.3

12/05/2019 18:32:11.5 Process 'ChipLoad_150ul.met' MethodCompleted
1 of 1 method(s) completed successfully.
  Concurrent method 'Main' (Main) started at 12/05/2019 18:31:10.5 and finished at 12/05/2019 18:32:11.5

12/05/2019 18:42:02.8 Process 'Norm.met' MethodCompleted
1 of 1 method(s) completed successfully.
  Concurrent method 'Main' (Main) started at 12/05/2019 18:38:54.0 and finished at 12/05/2019 18:42:02.7

12/05/2019 18:42:59.1 Process 'AndStamp.met' MethodCompleted
1 of 1 method(s) completed successfully.
  Concurrent method 'Main' (Main) started at 12/05/2019 18:42:05.7 and finished at 12/05/2019 18:42:59.1

12/05/2019 18:55:57.1 Process 'ChipLoad_150ul.met' MethodCompleted
1 of 1 method(s) completed successfully.
  Concurrent method 'Main' (Main) started at 12/05/2019 18:54:55.0 and finished at 12/05/2019 18:55:57.1

12/05/2019 19:05:43.7 Process 'Norm.met' MethodCompleted
1 of 1 method(s) completed successfully.
  Concurrent method 'Main' (Main) started at 12/05/2019 19:02:38.1 and finished at 12/05/2019 19:05:43.7

12/05/2019 19:06:40.3 Process 'AndStamp.met' MethodCompleted
1 of 1 method(s) completed successfully.
  Concurrent method 'Main' (Main) started at 12/05/2019 19:05:46.8 and finished at 12/05/2019 19:06:40.3

12/05/2019 19:14:35.6 Process 'ChipLoad_150ul.met' MethodCompleted
1 of 1 method(s) completed successfully.
  Concurrent method 'Main' (Main) started at 12/05/2019 19:13:34.2 and finished at 12/05/2019 19:14:35.6

12/05/2019 19:24:22.5 Process 'Norm.met' MethodCompleted
1 of 1 method(s) completed successfully.
  Concurrent method 'Main' (Main) started at 12/05/2019 19:21:18.6 and finished at 12/05/2019 19:24:22.5

12/05/2019 19:25:18.8 Process 'AndStamp.met' MethodCompleted
1 of 1 method(s) completed successfully.
  Concurrent method 'Main' (Main) started at 12/05/2019 19:24:25.3 and finished at 12/05/2019 19:25:18.8

12/05/2019 19:33:07.3 Process 'ChipLoad_150ul.met' MethodCompleted
1 of 1 method(s) completed successfully.
  Concurrent method 'Main' (Main) started at 12/05/2019 19:32:05.8 and finished at 12/05/2019 19:33:07.3

12/05/2019 19:42:55.4 Process 'Norm.met' MethodCompleted
1 of 1 method(s) completed successfully.
  Concurrent method 'Main' (Main) started at 12/05/2019 19:39:50.4 and finished at 12/05/2019 19:42:55.4

12/05/2019 19:43:51.3 Process 'AndStamp.met' MethodCompleted
1 of 1 method(s) completed successfully.
  Concurrent method 'Main' (Main) started at 12/05/2019 19:42:58.0 and finished at 12/05/2019 19:43:51.3

12/05/2019 19:51:38.1 Process 'ChipLoad_150ul.met' MethodCompleted
1 of 1 method(s) completed successfully.
  Concurrent method 'Main' (Main) started at 12/05/2019 19:50:35.1 and finished at 12/05/2019 19:51:38.1

12/05/2019 20:04:55.7 Process 'Norm.met' MethodCompleted
1 of 1 method(s) completed successfully.
  Concurrent method 'Main' (Main) started at 12/05/2019 20:01:48.0 and finished at 12/05/2019 20:04:55.7

12/05/2019 20:05:52.2 Process 'AndStamp.met' MethodCompleted
1 of 1 method(s) completed successfully.
  Concurrent method 'Main' (Main) started at 12/05/2019 20:04:58.9 and finished at 12/05/2019 20:05:52.2

12/05/2019 20:16:19.1 Process 'ChipLoad_150ul.met' MethodCompleted
1 of 1 method(s) completed successfully.
  Concurrent method 'Main' (Main) started at 12/05/2019 20:15:17.5 and finished at 12/05/2019 20:16:19.1

12/05/2019 20:26:04.4 Process 'Norm.met' MethodCompleted
1 of 1 method(s) completed successfully.
  Concurrent method 'Main' (Main) started at 12/05/2019 20:23:00.5 and finished at 12/05/2019 20:26:04.4

12/05/2019 20:26:59.8 Process 'AndStamp.met' MethodCompleted
1 of 1 method(s) completed successfully.
  Concurrent method 'Main' (Main) started at 12/05/2019 20:26:07.3 and finished at 12/05/2019 20:26:59.8

