Workspace 'LM703' modules...
  MethodManagerV4   1.4.6666.27655
  MMCoreDevice   1.4.6666.27650
  MMLiquidHandler   1.4.6666.26302
  Warp3   2.0.6591.13866
  MMVVP   1.4.6666.26303
  MMIOLightTower   1.4.6666.26303
  MMHeadGripper   1.3.6591.14013
The pipette tool 'VVP96' has mandrel type 'MLV' and can load the following tip types:
   Tip type 'LXB-96-150F', loading depth 9.4 mm, Id: baf0d489-a29c-4899-844e-44fbdc6c2c49.
   Tip type 'LXB-96-200NF', loading depth 9.4 mm, Id: 095daefc-e866-4d91-906f-cc7e17eaf3f6.
   Tip type 'LXB-96-300F', loading depth 10.4 mm, Id: d2f37554-e0d6-41ea-8f3d-101c68af7e40.
   Tip type 'LXB-96-300NF', loading depth 10.4 mm, Id: 423ec1e5-0ccf-4946-a441-905f3c9e1fd9.
   Tip type 'LXB-96-950F', loading depth 28.6 mm, Id: 497625a6-73fc-4433-95df-636ceecdc818.
   Tip type 'LXB-96-950F-WB', loading depth 28.6 mm, Id: ca3988bc-a34d-4ad7-ba77-93a37e8cba6d.
   Tip type 'LXB-96-1250NF', loading depth 28.6 mm, Id: 13ba07a3-d5cb-4a96-9ab8-1d418fc383d6.
08/23/2018 11:37:59.2 The remote server is not configured: 
08/23/2018 11:39:11.9 [ZL] Instruction Error Status: None
08/23/2018 11:39:11.9 [ZL] Warp3 core version: 99103v1.0 (will support I/O).
08/23/2018 11:39:11.9 [ZL] Configured as an enhanced Warp3 with I/O.
08/23/2018 11:39:11.9 [ZL]   Inputs: False False False False False 
08/23/2018 11:39:12.0 [ZL] Current IP communications rate is 10 mb.
08/23/2018 11:39:12.0 [ZL] IP communications speed is currently set to 10 Mbps.
08/23/2018 11:39:12.1 [ZL] Phase correction: disabled, prescale: 0, phase counts: 2000
08/23/2018 11:39:12.1 [ZL] SetCurrentFoldbackAmps(8, 20) will set 17440 , 216
08/23/2018 11:39:12.1 [ZL] Configuration parameters loaded from 'C:\MethodManager4\Workspaces\LM703\Configuration\Z Axis.xml'. HomeVelocity 20 mm/s, CountsPerMM 2571 cts/mm.
08/23/2018 11:39:12.2 [ZL] EStop is on while attempting to clear errors.
08/23/2018 11:39:12.2 [ZL] Warp3 'ZL' is throwing an exception: Can not initialize phases when Emergency Stop is on.
08/23/2018 11:39:12.2 [BarCodeZAxis] Instruction Error Status: None
08/23/2018 11:39:12.2 [BarCodeZAxis] Warp3 core version: 99103v1.0 (will support I/O).
08/23/2018 11:39:12.2 [BarCodeZAxis] Configured as an enhanced Warp3 with I/O.
08/23/2018 11:39:12.3 [BarCodeZAxis]   Inputs: False True False False False 
08/23/2018 11:39:12.3 [BarCodeZAxis] Current IP communications rate is 10 mb.
08/23/2018 11:39:12.3 [BarCodeZAxis] IP communications speed is currently set to 10 Mbps.
08/23/2018 11:39:12.4 [BarCodeZAxis] Phase correction: disabled, prescale: 0, phase counts: 2000
08/23/2018 11:39:12.4 [BarCodeZAxis] SetCurrentFoldbackAmps(2, 5) will set 4360 , 54
08/23/2018 11:39:12.4 [BarCodeZAxis] Configuration parameters loaded from 'C:\MethodManager4\Workspaces\LM703\Configuration\BarCode Z.xml'. HomeVelocity 20 mm/s, CountsPerMM 5538 cts/mm.
08/23/2018 11:39:12.4 [BarCodeZAxis] EStop is on while attempting to clear errors.
08/23/2018 11:39:12.5 [BarCodeZAxis] Warp3 'BarCodeZAxis' is throwing an exception: Can not initialize phases when Emergency Stop is on.
08/23/2018 11:39:12.5 [YL] Instruction Error Status: None
08/23/2018 11:39:12.5 [YL] Warp3 core version: 99103v1.0 (will support I/O).
08/23/2018 11:39:12.5 [YL] Configured as an enhanced Warp3 with I/O.
08/23/2018 11:39:12.5 [YL]   Inputs: False False False False False 
08/23/2018 11:39:12.5 [YL] Current IP communications rate is 10 mb.
08/23/2018 11:39:12.5 [YL] IP communications speed is currently set to 10 Mbps.
08/23/2018 11:39:12.6 [YL] Phase correction: disabled, prescale: 1, phase counts: 1905
08/23/2018 11:39:12.7 [YL] SetCurrentFoldbackAmps(6, 100) will set 13080 , 1083
08/23/2018 11:39:12.7 [YL] Configuration parameters loaded from 'C:\MethodManager4\Workspaces\LM703\Configuration\Y Axis.xml'. HomeVelocity 20 mm/s, CountsPerMM 2000 cts/mm.
08/23/2018 11:39:12.7 [YL] EStop is on while attempting to clear errors.
08/23/2018 11:39:12.7 [YL] Warp3 'YL' is throwing an exception: Can not initialize phases when Emergency Stop is on.
08/23/2018 11:39:12.7 [XL] Instruction Error Status: None
08/23/2018 11:39:12.7 [XL] Warp3 core version: 99103v1.0 (will support I/O).
08/23/2018 11:39:12.7 [XL] Configured as an enhanced Warp3 with I/O.
08/23/2018 11:39:12.8 [XL]   Inputs: False False False False False 
08/23/2018 11:39:12.8 [XL] Current IP communications rate is 10 mb.
08/23/2018 11:39:12.8 [XL] IP communications speed is currently set to 10 Mbps.
08/23/2018 11:39:12.9 [XL] Phase correction: disabled, prescale: 1, phase counts: 1905
08/23/2018 11:39:12.9 [XL] SetCurrentFoldbackAmps(6, 100) will set 13080 , 1083
08/23/2018 11:39:12.9 [XL] Configuration parameters loaded from 'C:\MethodManager4\Workspaces\LM703\Configuration\X Axis.xml'. HomeVelocity 20 mm/s, CountsPerMM 2000 cts/mm.
08/23/2018 11:39:13.0 [XL] EStop is on while attempting to clear errors.
08/23/2018 11:39:13.0 [XL] Warp3 'XL' is throwing an exception: Can not initialize phases when Emergency Stop is on.
08/23/2018 11:39:15.1 [VVP96] Get VVP: command 'Aspirate Diagnostics' from 96 channels.
08/23/2018 11:39:15.1 [ZL] EStop is on while attempting to clear errors.
08/23/2018 11:39:15.1 [ZL] Warp3 'ZL' is throwing an exception: Can not initialize phases when Emergency Stop is on.
08/23/2018 11:39:15.2 [ZL] Warp3 'ZL' is throwing an exception: Can not initialize phases when Emergency Stop is on.
08/23/2018 11:39:15.2 [ZL] Failed to home axis 'ZL'.
08/23/2018 11:39:59.7 [ZL] Closing component connections for Warp 'ZL'.
08/23/2018 11:40:00.2 [ZL] Instruction Error Status: None
08/23/2018 11:40:00.2 [ZL] Warp3 core version: 99103v1.0 (will support I/O).
08/23/2018 11:40:00.2 [ZL] Configured as an enhanced Warp3 with I/O.
08/23/2018 11:40:00.2 [ZL]   Inputs: False False False False False 
08/23/2018 11:40:00.2 [ZL] Current IP communications rate is 10 mb.
08/23/2018 11:40:00.3 [ZL] IP communications speed is currently set to 10 Mbps.
08/23/2018 11:40:00.4 [ZL] Phase correction: disabled, prescale: 0, phase counts: 2000
08/23/2018 11:40:00.4 [ZL] SetCurrentFoldbackAmps(8, 20) will set 17440 , 216
08/23/2018 11:40:00.4 [ZL] Configuration parameters loaded from 'C:\MethodManager4\Workspaces\LM703\Configuration\Z Axis.xml'. HomeVelocity 20 mm/s, CountsPerMM 2571 cts/mm.
08/23/2018 11:40:00.4 [ZL] EStop is on while attempting to clear errors.
08/23/2018 11:40:00.4 [ZL] Warp3 'ZL' is throwing an exception: Can not initialize phases when Emergency Stop is on.
08/23/2018 11:40:00.5 [BarCodeZAxis] Closing component connections for Warp 'BarCodeZAxis'.
08/23/2018 11:40:01.0 [BarCodeZAxis] Instruction Error Status: None
08/23/2018 11:40:01.0 [BarCodeZAxis] Warp3 core version: 99103v1.0 (will support I/O).
08/23/2018 11:40:01.0 [BarCodeZAxis] Configured as an enhanced Warp3 with I/O.
08/23/2018 11:40:01.0 [BarCodeZAxis]   Inputs: False True False False False 
08/23/2018 11:40:01.1 [BarCodeZAxis] Current IP communications rate is 10 mb.
08/23/2018 11:40:01.1 [BarCodeZAxis] IP communications speed is currently set to 10 Mbps.
08/23/2018 11:40:01.2 [BarCodeZAxis] Phase correction: disabled, prescale: 0, phase counts: 2000
08/23/2018 11:40:01.2 [BarCodeZAxis] SetCurrentFoldbackAmps(2, 5) will set 4360 , 54
08/23/2018 11:40:01.2 [BarCodeZAxis] Configuration parameters loaded from 'C:\MethodManager4\Workspaces\LM703\Configuration\BarCode Z.xml'. HomeVelocity 20 mm/s, CountsPerMM 5538 cts/mm.
08/23/2018 11:40:01.2 [BarCodeZAxis] EStop is on while attempting to clear errors.
08/23/2018 11:40:01.2 [BarCodeZAxis] Warp3 'BarCodeZAxis' is throwing an exception: Can not initialize phases when Emergency Stop is on.
08/23/2018 11:40:01.3 [YL] Closing component connections for Warp 'YL'.
08/23/2018 11:40:01.8 [YL] Instruction Error Status: None
08/23/2018 11:40:01.8 [YL] Warp3 core version: 99103v1.0 (will support I/O).
08/23/2018 11:40:01.8 [YL] Configured as an enhanced Warp3 with I/O.
08/23/2018 11:40:01.8 [YL]   Inputs: False False False False False 
08/23/2018 11:40:01.9 [YL] Current IP communications rate is 10 mb.
08/23/2018 11:40:01.9 [YL] IP communications speed is currently set to 10 Mbps.
08/23/2018 11:40:02.0 [YL] Phase correction: disabled, prescale: 1, phase counts: 1905
08/23/2018 11:40:02.0 [YL] SetCurrentFoldbackAmps(6, 100) will set 13080 , 1083
08/23/2018 11:40:02.0 [YL] Configuration parameters loaded from 'C:\MethodManager4\Workspaces\LM703\Configuration\Y Axis.xml'. HomeVelocity 20 mm/s, CountsPerMM 2000 cts/mm.
08/23/2018 11:40:02.0 [YL] EStop is on while attempting to clear errors.
08/23/2018 11:40:02.1 [YL] Warp3 'YL' is throwing an exception: Can not initialize phases when Emergency Stop is on.
08/23/2018 11:40:02.1 [XL] Closing component connections for Warp 'XL'.
08/23/2018 11:40:02.6 [XL] Instruction Error Status: None
08/23/2018 11:40:02.6 [XL] Warp3 core version: 99103v1.0 (will support I/O).
08/23/2018 11:40:02.6 [XL] Configured as an enhanced Warp3 with I/O.
08/23/2018 11:40:02.7 [XL]   Inputs: False False False False False 
08/23/2018 11:40:02.7 [XL] Current IP communications rate is 10 mb.
08/23/2018 11:40:02.7 [XL] IP communications speed is currently set to 10 Mbps.
08/23/2018 11:40:02.8 [XL] Phase correction: disabled, prescale: 1, phase counts: 1905
08/23/2018 11:40:02.8 [XL] SetCurrentFoldbackAmps(6, 100) will set 13080 , 1083
08/23/2018 11:40:02.8 [XL] Configuration parameters loaded from 'C:\MethodManager4\Workspaces\LM703\Configuration\X Axis.xml'. HomeVelocity 20 mm/s, CountsPerMM 2000 cts/mm.
08/23/2018 11:40:02.9 [XL] EStop is on while attempting to clear errors.
08/23/2018 11:40:02.9 [XL] Warp3 'XL' is throwing an exception: Can not initialize phases when Emergency Stop is on.
08/23/2018 11:40:04.7 [VVP96] Get VVP: command 'Aspirate Diagnostics' from 96 channels.
08/23/2018 11:40:04.7 [ZL] EStop is on while attempting to clear errors.
08/23/2018 11:40:04.7 [ZL] Warp3 'ZL' is throwing an exception: Can not initialize phases when Emergency Stop is on.
08/23/2018 11:40:04.7 [ZL] Warp3 'ZL' is throwing an exception: Can not initialize phases when Emergency Stop is on.
08/23/2018 11:40:04.8 [ZL] Failed to home axis 'ZL'.
08/23/2018 11:40:18.3 [BarCodeZAxis] Closing component connections for Warp 'BarCodeZAxis'.
08/23/2018 11:40:18.8 [BarCodeZAxis] Instruction Error Status: None
08/23/2018 11:40:18.8 [BarCodeZAxis] Warp3 core version: 99103v1.0 (will support I/O).
08/23/2018 11:40:18.9 [BarCodeZAxis] Configured as an enhanced Warp3 with I/O.
08/23/2018 11:40:18.9 [BarCodeZAxis]   Inputs: False True False False False 
08/23/2018 11:40:18.9 [BarCodeZAxis] Current IP communications rate is 10 mb.
08/23/2018 11:40:18.9 [BarCodeZAxis] IP communications speed is currently set to 10 Mbps.
08/23/2018 11:40:19.0 [BarCodeZAxis] Phase correction: disabled, prescale: 0, phase counts: 2000
08/23/2018 11:40:19.1 [BarCodeZAxis] SetCurrentFoldbackAmps(2, 5) will set 4360 , 54
08/23/2018 11:40:19.1 [BarCodeZAxis] Configuration parameters loaded from 'C:\MethodManager4\Workspaces\LM703\Configuration\BarCode Z.xml'. HomeVelocity 20 mm/s, CountsPerMM 5538 cts/mm.
08/23/2018 11:40:19.1 [BarCodeZAxis] EStop is on while attempting to clear errors.
08/23/2018 11:40:19.1 [BarCodeZAxis] Warp3 'BarCodeZAxis' is throwing an exception: Can not initialize phases when Emergency Stop is on.
08/23/2018 11:40:19.1 [YL] Closing component connections for Warp 'YL'.
08/23/2018 11:40:19.7 [YL] Instruction Error Status: None
08/23/2018 11:40:19.7 [YL] Warp3 core version: 99103v1.0 (will support I/O).
08/23/2018 11:40:19.7 [YL] Configured as an enhanced Warp3 with I/O.
08/23/2018 11:40:19.7 [YL]   Inputs: False False False False False 
08/23/2018 11:40:19.8 [YL] Current IP communications rate is 10 mb.
08/23/2018 11:40:19.8 [YL] IP communications speed is currently set to 10 Mbps.
08/23/2018 11:40:19.9 [YL] Phase correction: disabled, prescale: 1, phase counts: 1905
08/23/2018 11:40:19.9 [YL] SetCurrentFoldbackAmps(6, 100) will set 13080 , 1083
08/23/2018 11:40:19.9 [YL] Configuration parameters loaded from 'C:\MethodManager4\Workspaces\LM703\Configuration\Y Axis.xml'. HomeVelocity 20 mm/s, CountsPerMM 2000 cts/mm.
08/23/2018 11:40:19.9 [YL] EStop is on while attempting to clear errors.
08/23/2018 11:40:20.0 [YL] Warp3 'YL' is throwing an exception: Can not initialize phases when Emergency Stop is on.
08/23/2018 11:40:20.0 [XL] Closing component connections for Warp 'XL'.
08/23/2018 11:40:20.5 [XL] Instruction Error Status: None
08/23/2018 11:40:20.5 [XL] Warp3 core version: 99103v1.0 (will support I/O).
08/23/2018 11:40:20.5 [XL] Configured as an enhanced Warp3 with I/O.
08/23/2018 11:40:20.6 [XL]   Inputs: False False False False False 
08/23/2018 11:40:20.6 [XL] Current IP communications rate is 10 mb.
08/23/2018 11:40:20.6 [XL] IP communications speed is currently set to 10 Mbps.
08/23/2018 11:40:20.7 [XL] Phase correction: disabled, prescale: 1, phase counts: 1905
08/23/2018 11:40:20.7 [XL] SetCurrentFoldbackAmps(6, 100) will set 13080 , 1083
08/23/2018 11:40:20.8 [XL] Configuration parameters loaded from 'C:\MethodManager4\Workspaces\LM703\Configuration\X Axis.xml'. HomeVelocity 20 mm/s, CountsPerMM 2000 cts/mm.
08/23/2018 11:40:20.8 [XL] EStop is on while attempting to clear errors.
08/23/2018 11:40:20.8 [XL] Warp3 'XL' is throwing an exception: Can not initialize phases when Emergency Stop is on.
08/23/2018 11:40:22.9 [VVP96] Get VVP: command 'Aspirate Diagnostics' from 96 channels.
08/23/2018 11:40:22.9 [BarCodeZAxis] EStop is on while attempting to clear errors.
08/23/2018 11:40:23.0 [BarCodeZAxis] Warp3 'BarCodeZAxis' is throwing an exception: Can not initialize phases when Emergency Stop is on.
08/23/2018 11:40:23.0 [BarCodeZAxis] Warp3 'BarCodeZAxis' is throwing an exception: Can not initialize phases when Emergency Stop is on.
08/23/2018 11:40:23.0 [BarCodeZAxis] Failed to home axis 'BarCodeZAxis'.
08/23/2018 11:40:46.2 [XL] Error: RcvTimeout, Func: GetMotorLimit, Win32: 0, Date: 8/23/2018 11:40:46 AM 
08/23/2018 11:40:51.8 [XL] Error: RcvTimeout, Func: SetBufferReadIndex, Win32: 0, Date: 8/23/2018 11:40:51 AM 
08/23/2018 11:40:57.3 [YL] Error: RcvTimeout, Func: GetMotorLimit, Win32: B7, Date: 8/23/2018 11:40:57 AM 
08/23/2018 11:41:02.8 [YL] Error: RcvTimeout, Func: SetBufferReadIndex, Win32: 0, Date: 8/23/2018 11:41:02 AM 
08/23/2018 11:41:08.4 [ZL] Error: RcvTimeout, Func: GetMotorLimit, Win32: B7, Date: 8/23/2018 11:41:08 AM 
08/23/2018 11:41:13.9 [ZL] Error: RcvTimeout, Func: SetBufferReadIndex, Win32: B7, Date: 8/23/2018 11:41:13 AM 
08/23/2018 11:41:19.4 [BarCodeZAxis] Error: RcvTimeout, Func: GetMotorLimit, Win32: B7, Date: 8/23/2018 11:41:19 AM 
08/23/2018 11:41:24.9 [BarCodeZAxis] Error: RcvTimeout, Func: SetBufferReadIndex, Win32: B7, Date: 8/23/2018 11:41:24 AM 
08/23/2018 11:41:32.1 [XL] Closing component connections for Warp 'XL'.
08/23/2018 11:41:32.1 [YL] Closing component connections for Warp 'YL'.
08/23/2018 11:41:32.1 [ZL] Closing component connections for Warp 'ZL'.
08/23/2018 11:41:32.1 [BarCodeZAxis] Closing component connections for Warp 'BarCodeZAxis'.
08/23/2018 11:41:37.7 [Lynx] 
