Workspace 'LM703' modules...
  MethodManagerV4   1.4.6666.27655
  MMCoreDevice   1.4.6666.27650
  MMLiquidHandler   1.4.6666.26302
  Warp3   2.0.6591.13866
  MMVVP   1.4.6666.26303
  MMIOLightTower   1.4.6666.26303
  MMHeadGripper   1.3.6591.14013
The pipette tool 'VVP96' has mandrel type 'MLV' and can load the following tip types:
   Tip type 'LXB-96-150F', loading depth 9.4 mm, Id: baf0d489-a29c-4899-844e-44fbdc6c2c49.
   Tip type 'LXB-96-200NF', loading depth 9.4 mm, Id: 095daefc-e866-4d91-906f-cc7e17eaf3f6.
   Tip type 'LXB-96-300F', loading depth 10.4 mm, Id: d2f37554-e0d6-41ea-8f3d-101c68af7e40.
   Tip type 'LXB-96-300NF', loading depth 10.4 mm, Id: 423ec1e5-0ccf-4946-a441-905f3c9e1fd9.
   Tip type 'LXB-96-950F', loading depth 28.6 mm, Id: 497625a6-73fc-4433-95df-636ceecdc818.
   Tip type 'LXB-96-950F-WB', loading depth 28.6 mm, Id: ca3988bc-a34d-4ad7-ba77-93a37e8cba6d.
   Tip type 'LXB-96-1250NF', loading depth 28.6 mm, Id: 13ba07a3-d5cb-4a96-9ab8-1d418fc383d6.
08/01/2019 17:04:32.9 The command server is monitoring the workspace 'LM703' and is available on 172.18.3.53/1000
08/01/2019 17:04:36.5 [ZL] Instruction Error Status: None
08/01/2019 17:04:36.5 [ZL] Warp3 core version: 99103v1.0 (will support I/O).
08/01/2019 17:04:36.5 [ZL] Configured as an enhanced Warp3 with I/O.
08/01/2019 17:04:36.6 [ZL]   Inputs: False False False False False 
08/01/2019 17:04:36.7 [ZL] Current IP communications rate is 10 mb.
08/01/2019 17:04:36.7 [ZL] IP communications speed is currently set to 10 Mbps.
08/01/2019 17:04:36.8 [ZL] Relative motor limit setting 100.0%, changing limit from 100.0% to 30.0%
08/01/2019 17:04:36.9 [ZL] Phase correction: disabled, prescale: 0, phase counts: 2000
08/01/2019 17:04:36.9 [ZL] SetCurrentFoldbackAmps(8, 20) will set 17440 , 216
08/01/2019 17:04:36.9 [ZL] Configuration parameters loaded from 'P:\MethodManagerWorkspaces\LM703\Configuration\Z Axis.xml'. HomeVelocity 20 mm/s, CountsPerMM 2571 cts/mm.
08/01/2019 17:04:37.1 [ZL] Start Hall-based phase initialization.
08/01/2019 17:04:37.1 [ZL] Phases initialized.
08/01/2019 17:04:37.3 [BarCodeZAxis] Instruction Error Status: None
08/01/2019 17:04:37.3 [BarCodeZAxis] Warp3 core version: 99103v1.0 (will support I/O).
08/01/2019 17:04:37.3 [BarCodeZAxis] Configured as an enhanced Warp3 with I/O.
08/01/2019 17:04:37.3 [BarCodeZAxis]   Inputs: False False False False False 
08/01/2019 17:04:37.3 [BarCodeZAxis] Current IP communications rate is 10 mb.
08/01/2019 17:04:37.3 [BarCodeZAxis] IP communications speed is currently set to 10 Mbps.
08/01/2019 17:04:37.4 [BarCodeZAxis] Relative motor limit setting 100.0%, changing limit from 100.0% to 10.0%
08/01/2019 17:04:37.4 [BarCodeZAxis] Phase correction: disabled, prescale: 0, phase counts: 2000
08/01/2019 17:04:37.5 [BarCodeZAxis] SetCurrentFoldbackAmps(2, 5) will set 4360 , 54
08/01/2019 17:04:37.5 [BarCodeZAxis] Configuration parameters loaded from 'P:\MethodManagerWorkspaces\LM703\Configuration\BarCode Z.xml'. HomeVelocity 20 mm/s, CountsPerMM 5538 cts/mm.
08/01/2019 17:04:37.6 [BarCodeZAxis] Start Hall-based phase initialization.
08/01/2019 17:04:37.6 [BarCodeZAxis] Phases initialized.
08/01/2019 17:04:37.8 [YL] Instruction Error Status: None
08/01/2019 17:04:37.8 [YL] Warp3 core version: 99103v1.0 (will support I/O).
08/01/2019 17:04:37.8 [YL] Configured as an enhanced Warp3 with I/O.
08/01/2019 17:04:37.9 [YL]   Inputs: False False False False False 
08/01/2019 17:04:37.9 [YL] Current IP communications rate is 10 mb.
08/01/2019 17:04:37.9 [YL] IP communications speed is currently set to 10 Mbps.
08/01/2019 17:04:38.0 [YL] Relative motor limit setting 100.0%, changing limit from 100.0% to 70.0%
08/01/2019 17:04:38.0 [YL] Phase correction: disabled, prescale: 1, phase counts: 1905
08/01/2019 17:04:38.0 [YL] SetCurrentFoldbackAmps(6, 100) will set 13080 , 1083
08/01/2019 17:04:38.0 [YL] Configuration parameters loaded from 'P:\MethodManagerWorkspaces\LM703\Configuration\Y Axis.xml'. HomeVelocity 20 mm/s, CountsPerMM 2000 cts/mm.
08/01/2019 17:04:38.2 [YL] Start Hall-based phase initialization.
08/01/2019 17:04:38.2 [YL] Phases initialized.
08/01/2019 17:04:38.4 [XL] Instruction Error Status: None
08/01/2019 17:04:38.4 [XL] Warp3 core version: 99103v1.0 (will support I/O).
08/01/2019 17:04:38.4 [XL] Configured as an enhanced Warp3 with I/O.
08/01/2019 17:04:38.5 [XL]   Inputs: False False False False False 
08/01/2019 17:04:38.5 [XL] Current IP communications rate is 10 mb.
08/01/2019 17:04:38.5 [XL] IP communications speed is currently set to 10 Mbps.
08/01/2019 17:04:38.6 [XL] Phase correction: disabled, prescale: 1, phase counts: 1905
08/01/2019 17:04:38.6 [XL] SetCurrentFoldbackAmps(6, 100) will set 13080 , 1083
08/01/2019 17:04:38.6 [XL] Configuration parameters loaded from 'P:\MethodManagerWorkspaces\LM703\Configuration\X Axis.xml'. HomeVelocity 20 mm/s, CountsPerMM 2000 cts/mm.
08/01/2019 17:04:38.8 [XL] Start Hall-based phase initialization.
08/01/2019 17:04:38.8 [XL] Phases initialized.
08/01/2019 17:04:44.9 [VVP96] Get VVP: command 'Aspirate Diagnostics' from 96 channels.
08/01/2019 17:04:45.2 [ZL] Move to Positive limit. Velocity 20 mm/s, accel 40 mm/s2, decel 200 mm/s2, timeout 60 s.
08/01/2019 17:04:46.1 [ZL] Reached limit successfully.
08/01/2019 17:04:46.1 [ZL] Attempting to back off Positive limit.
08/01/2019 17:04:46.7 [ZL] Move off limit completion: Successful (OKReady).
08/01/2019 17:04:46.7 [ZL] Move to limit finished.
08/01/2019 17:04:46.8 [ZL] Establishing new 0 position for the old position 2.51 mm.
08/01/2019 17:04:46.8 [ZL] Timestamp of last successful home: 8/1/2019 5:04:46 PM
08/01/2019 17:04:47.0 [BarCodeZAxis] Move to Negative limit. Velocity 20 mm/s, accel 200 mm/s2, decel 350 mm/s2, timeout 60 s.
08/01/2019 17:04:47.4 [BarCodeZAxis] Reached limit successfully.
08/01/2019 17:04:47.5 [BarCodeZAxis] Attempting to back off Negative limit.
08/01/2019 17:04:48.0 [BarCodeZAxis] Move off limit completion: Successful (OKReady).
08/01/2019 17:04:48.1 [BarCodeZAxis] Move to limit finished.
08/01/2019 17:04:48.1 [BarCodeZAxis] Establishing new 0 position for the old position -0.01 mm.
08/01/2019 17:04:48.1 [BarCodeZAxis] Timestamp of last successful home: 8/1/2019 5:04:48 PM
08/01/2019 17:04:49.2 [YL] Move to Positive limit. Velocity 20 mm/s, accel 200 mm/s2, decel 1000 mm/s2, timeout 60 s.
08/01/2019 17:05:00.3 [YL] Reached limit successfully.
08/01/2019 17:05:00.4 [YL] Attempting to back off Positive limit.
08/01/2019 17:05:00.8 [YL] Move off limit completion: Successful (OKReady).
08/01/2019 17:05:00.9 [YL] Move to limit finished.
08/01/2019 17:05:00.9 [YL] Establishing new 0 position for the old position 212.58 mm.
08/01/2019 17:05:01.0 [YL] Timestamp of last successful home: 8/1/2019 5:05:01 PM
08/01/2019 17:05:01.2 [XL] Move to Positive limit. Velocity 20 mm/s, accel 200 mm/s2, decel 1000 mm/s2, timeout 60 s.
08/01/2019 17:05:03.1 [XL] Reached limit successfully.
08/01/2019 17:05:03.1 [XL] Attempting to back off Positive limit.
08/01/2019 17:05:03.5 [XL] Move off limit completion: Successful (OKReady).
08/01/2019 17:05:03.5 [XL] Move to limit finished.
08/01/2019 17:05:03.6 [XL] Establishing new 0 position for the old position 31.34 mm.
08/01/2019 17:05:03.6 [XL] Timestamp of last successful home: 8/1/2019 5:05:03 PM
[User] Start.
08/01/2019 17:05:47.9 Process 'AndStamp.met' MethodStarted
08/01/2019 17:05:47.9 Process 'AndStamp.met'[0] 'Load Tips(VVP96)' CommandStarted
08/01/2019 17:05:47.9 [Lynx.Load Tips(VVP96).VVP96] Plate 'LXB-96-300F_01', column/row offset (0, 0), X/Y offset (0.00 mm,0.00 mm), height: -2.50 mm.
08/01/2019 17:05:47.9 [Lynx.Load Tips(VVP96).VVP96] No current tip.
08/01/2019 17:05:48.0 [Lynx.Load Tips(VVP96).VVP96] Tip loading depth for tip type 'LXB-96-300F' is 10.4 mm.
08/01/2019 17:05:48.0 [Lynx.Load Tips(VVP96).VVP96] Plate is at location 'Loc_03' (2.85 mm, -223.74 mm, -173.57 mm) with a stack index of 1.
08/01/2019 17:05:48.0 [Lynx.Load Tips(VVP96).VVP96] Tip loading height adjustment is -2.5 mm and Z axis force limit is 30% of full power.
08/01/2019 17:05:48.0 [Lynx.Load Tips(VVP96).VVP96] Tip loading Z error limit will be 10.0 mm, XY error window will be 50.0 mm, and the XY axis holding force fraction will be 20%
08/01/2019 17:05:48.0 [Lynx.Load Tips(VVP96).VVP96] Initial robot X/Y/ZStart/ZEnd coordinates: -11.53 mm, -212.50 mm, -2.00 mm, -124.97 mm, using motion profile 'Tip Load'.
08/01/2019 17:05:48.0 [Lynx.Load Tips(VVP96).VVP96] Initial axis positions:'XL' -0.05 mm, 'YL' -0.04 mm, 'ZL' 0.00 mm
08/01/2019 17:05:51.2 [XL] Relative motor limit setting 20.0%, changing limit from 100.0% to 20.0%
08/01/2019 17:05:51.2 [YL] Relative motor limit setting 20.0%, changing limit from 70.0% to 14.0%
08/01/2019 17:05:54.0 [Lynx.Load Tips(VVP96).VVP96] Maximum recorded tip load values: Position error 3.8 mm, motor current 29.9 %
08/01/2019 17:05:54.0 [Lynx.Load Tips(VVP96).VVP96] Tip load Z-axis motion complete.
08/01/2019 17:05:54.0 [Lynx.Load Tips(VVP96).VVP96] Tip load position errors for X/Y/Z: 0.04 mm, 0.01 mm, -3.84 mm
08/01/2019 17:05:54.3 [ZL] Absolute motor limit setting 24.0%, changing limit from 30.0% to 24.0%
08/01/2019 17:05:54.4 [ZL] Absolute motor limit setting 18.0%, changing limit from 24.0% to 18.0%
08/01/2019 17:05:54.5 [ZL] Absolute motor limit setting 12.0%, changing limit from 18.0% to 12.0%
08/01/2019 17:05:54.6 [ZL] Absolute motor limit setting 6.0%, changing limit from 12.0% to 6.0%
08/01/2019 17:05:54.7 [ZL] Relative motor limit setting 100.0%, changing limit from 6.0% to 30.0%
08/01/2019 17:05:56.4 [XL] Relative motor limit setting 100.0%, changing limit from 20.0% to 100.0%
08/01/2019 17:05:56.4 [YL] Relative motor limit setting 100.0%, changing limit from 14.0% to 70.0%
08/01/2019 17:05:56.4 [Lynx.Load Tips(VVP96).VVP96] Final axis positions:'XL' -11.55 mm, 'YL' -212.50 mm, 'ZL' -2.02 mm
08/01/2019 17:05:56.4 [Lynx.Load Tips(VVP96).VVP96] Current tip 'LXB-96-300F'.
08/01/2019 17:05:56.9 [Lynx.Load Tips(VVP96).VVP96] Time to complete: 9 s.
08/01/2019 17:05:56.9 Process 'AndStamp.met'[0] 'Load Tips(VVP96)' CommandCompleted
08/01/2019 17:05:57.0 Process 'AndStamp.met'[1] 'Run Sub' CommandStarted
08/01/2019 17:05:57.1 SubProcess 'SubMethods\TipOn_Check_300uL.met' MethodStarted
08/01/2019 17:05:57.1 SubProcess 'SubMethods\TipOn_Check_300uL.met'[0] 'Move To Location(VVP96)' CommandStarted
08/01/2019 17:05:57.1 [Lynx.Move To Location(VVP96).VVP96] Location 'Loc_12' with X/Y offsets 0.00 mm / 0.00 mm.
08/01/2019 17:05:57.1 [Lynx.Move To Location(VVP96).VVP96] Location coords: -145.14 mm, -536.34 mm, -174.43 mm.
08/01/2019 17:05:57.1 [Lynx.Move To Location(VVP96).VVP96] Tool X/Y location offsets: 14.38 mm, 11.24 mm.
08/01/2019 17:05:57.1 [Lynx.Move To Location(VVP96).VVP96] Initial robot X/Y/ZStart/ZEnd coordinates: -159.52 mm, -525.10 mm, -2.00 mm, -2.00 mm, using motion profile 'Fast Speed'.
08/01/2019 17:05:57.1 [Lynx.Move To Location(VVP96).VVP96] Initial axis positions:'XL' -11.55 mm, 'YL' -212.50 mm, 'ZL' -2.02 mm
08/01/2019 17:05:58.7 [Lynx.Move To Location(VVP96).VVP96] Final axis positions:'XL' -159.48 mm, 'YL' -525.06 mm, 'ZL' -2.02 mm
08/01/2019 17:05:58.7 [Lynx.Move To Location(VVP96).VVP96] Time to complete: 1 s.
08/01/2019 17:05:58.7 SubProcess 'SubMethods\TipOn_Check_300uL.met'[0] 'Move To Location(VVP96)' CommandCompleted
08/01/2019 17:05:58.7 SubProcess 'SubMethods\TipOn_Check_300uL.met'[1] 'Move Axis' CommandStarted
08/01/2019 17:05:58.7 [Lynx.Move Axis] Move axes: 'ZL' to -90.00 mm
08/01/2019 17:06:00.0 [Lynx.Move Axis] Time to complete: 1 s.
08/01/2019 17:06:00.1 SubProcess 'SubMethods\TipOn_Check_300uL.met'[1] 'Move Axis' CommandCompleted
08/01/2019 17:06:00.1 SubProcess 'SubMethods\TipOn_Check_300uL.met'[2] 'Move Axis' CommandStarted
08/01/2019 17:06:00.1 [Lynx.Move Axis] Move axes: 'ZL' to -105.00 mm
08/01/2019 17:06:00.9 [Lynx.Move Axis] Time to complete: 0 s.
08/01/2019 17:06:01.0 SubProcess 'SubMethods\TipOn_Check_300uL.met'[2] 'Move Axis' CommandCompleted
08/01/2019 17:06:01.0 SubProcess 'SubMethods\TipOn_Check_300uL.met' MethodCompleted
08/01/2019 17:06:01.1 Process 'AndStamp.met'[1] 'Run Sub' CommandCompleted
08/01/2019 17:06:01.1 Process 'AndStamp.met'[2] 'Aspirate(VVP96)' CommandStarted
08/01/2019 17:06:01.2 [Lynx.Aspirate(VVP96).VVP96] Plate 'Fluidx_1mL_Tube_rack_01', column/row offset (0, 0), X/Y offset (0.00 mm,0.00 mm), height: 0.50 mm.
08/01/2019 17:06:01.2 [Lynx.Aspirate(VVP96).VVP96] Current tip 'LXB-96-300F'.
08/01/2019 17:06:01.2 [Lynx.Aspirate(VVP96).VVP96] Plate is at location 'Loc_08' (-145.88 mm, -119.12 mm, -173.31 mm) with a stack index of 1.
08/01/2019 17:06:01.2 [Lynx.Aspirate(VVP96).VVP96] VVP Pressure 'Mid-Range Volumes': Pressure 40 mbar, Residual vol. 0.59 uL, Pre/Post delay 0.00/1.00
08/01/2019 17:06:01.2 [Lynx.Aspirate(VVP96).VVP96] Aspirate parameters (96): Ch:A01 130.0uL/0.6uL; Ch:B01 130.0uL/0.6uL; Ch:C01 130.0uL/0.6uL; Ch:D01 130.0uL/0.6uL; Ch:E01 130.0uL/0.6uL; Ch:F01 130.0uL/0.6uL; Ch:G01 130.0uL/0.6uL; Ch:H01 130.0uL/0.6uL; Ch:A02 130.0uL/0.6uL; Ch:B02 130.0uL/0.6uL; Ch:C02 130.0uL/0.6uL; Ch:D02 130.0uL/0.6uL; Ch:E02 130.0uL/0.6uL; Ch:F02 130.0uL/0.6uL; Ch:G02 130.0uL/0.6uL; Ch:H02 130.0uL/0.6uL; Ch:A03 130.0uL/0.6uL; Ch:B03 130.0uL/0.6uL; Ch:C03 130.0uL/0.6uL; Ch:D03 130.0uL/0.6uL; Ch:E03 130.0uL/0.6uL; Ch:F03 130.0uL/0.6uL; Ch:G03 130.0uL/0.6uL; Ch:H03 130.0uL/0.6uL; Ch:A04 130.0uL/0.6uL; Ch:B04 130.0uL/0.6uL; Ch:C04 130.0uL/0.6uL; Ch:D04 130.0uL/0.6uL; Ch:E04 130.0uL/0.6uL; Ch:F04 130.0uL/0.6uL; Ch:G04 130.0uL/0.6uL; Ch:H04 130.0uL/0.6uL; Ch:A05 130.0uL/0.6uL; Ch:B05 130.0uL/0.6uL; Ch:C05 130.0uL/0.6uL; Ch:D05 130.0uL/0.6uL; Ch:E05 130.0uL/0.6uL; Ch:F05 130.0uL/0.6uL; Ch:G05 130.0uL/0.6uL; Ch:H05 130.0uL/0.6uL; Ch:A06 130.0uL/0.6uL; Ch:B06 130.0uL/0.6uL; Ch:C06 130.0uL/0.6uL; Ch:D06 130.0uL/0.6uL; Ch:E06 130.0uL/0.6uL; Ch:F06 130.0uL/0.6uL; Ch:G06 130.0uL/0.6uL; Ch:H06 130.0uL/0.6uL; Ch:A07 130.0uL/0.6uL; Ch:B07 130.0uL/0.6uL; Ch:C07 130.0uL/0.6uL; Ch:D07 130.0uL/0.6uL; Ch:E07 130.0uL/0.6uL; Ch:F07 130.0uL/0.6uL; Ch:G07 130.0uL/0.6uL; Ch:H07 130.0uL/0.6uL; Ch:A08 130.0uL/0.6uL; Ch:B08 130.0uL/0.6uL; Ch:C08 130.0uL/0.6uL; Ch:D08 130.0uL/0.6uL; Ch:E08 130.0uL/0.6uL; Ch:F08 130.0uL/0.6uL; Ch:G08 130.0uL/0.6uL; Ch:H08 130.0uL/0.6uL; Ch:A09 130.0uL/0.6uL; Ch:B09 130.0uL/0.6uL; Ch:C09 130.0uL/0.6uL; Ch:D09 130.0uL/0.6uL; Ch:E09 130.0uL/0.6uL; Ch:F09 130.0uL/0.6uL; Ch:G09 130.0uL/0.6uL; Ch:H09 130.0uL/0.6uL; Ch:A10 130.0uL/0.6uL; Ch:B10 130.0uL/0.6uL; Ch:C10 130.0uL/0.6uL; Ch:D10 130.0uL/0.6uL; Ch:E10 130.0uL/0.6uL; Ch:F10 130.0uL/0.6uL; Ch:G10 130.0uL/0.6uL; Ch:H10 130.0uL/0.6uL; Ch:A11 130.0uL/0.6uL; Ch:B11 130.0uL/0.6uL; Ch:C11 130.0uL/0.6uL; Ch:D11 130.0uL/0.6uL; Ch:E11 130.0uL/0.6uL; Ch:F11 130.0uL/0.6uL; Ch:G11 130.0uL/0.6uL; Ch:H11 130.0uL/0.6uL; Ch:A12 130.0uL/0.6uL; Ch:B12 130.0uL/0.6uL; Ch:C12 130.0uL/0.6uL; Ch:D12 130.0uL/0.6uL; Ch:E12 130.0uL/0.6uL; Ch:F12 130.0uL/0.6uL; Ch:G12 130.0uL/0.6uL; Ch:H12 130.0uL/0.6uL
08/01/2019 17:06:01.2 [Lynx.Aspirate(VVP96).VVP96] Post airgap parameters (0): 
08/01/2019 17:06:01.3 [Lynx.Aspirate(VVP96).VVP96] Initial robot X/Y/ZStart/ZEnd coordinates: -160.26 mm, -107.88 mm, -121.11 mm, -121.61 mm, using motion profile 'Slow Speed'.
08/01/2019 17:06:01.3 [Lynx.Aspirate(VVP96).VVP96] Initial axis positions:'XL' -159.48 mm, 'YL' -525.06 mm, 'ZL' -105.00 mm
08/01/2019 17:06:12.5 [VVP96] Clog detection is off.
08/01/2019 17:06:12.5 [VVP96] Aspirate diagnostics are off.
08/01/2019 17:06:12.5 [VVP96] Set VVP: command 'Clogging Limit' with setting of 0 for 96 channels.
08/01/2019 17:06:12.7 [VVP96] Set VVP: command 'Air-to-Liquid Sens.' with setting of 0 for 96 channels.
08/01/2019 17:06:13.0 [VVP96] Set VVP: command 'Liquid-to-Air Sens.' with setting of 0 for 96 channels.
08/01/2019 17:06:14.3 [VVP96] VVP Aspirate pressure is 40 mbar.
08/01/2019 17:06:16.2 [VVP96] Aspirate complete.
08/01/2019 17:06:17.2 [VVP96] Average residual volume was 1.17 ul for 96 channels at 40 mbar pressure
08/01/2019 17:06:17.4 [Lynx.Aspirate(VVP96).VVP96] Aspirate results: Ch:A01 131.4uL/1.1uL OK, Ch:B01 131.5uL/1.2uL OK, Ch:C01 131.4uL/1.1uL OK, Ch:D01 131.6uL/1.2uL OK, Ch:E01 131.5uL/1.2uL OK, Ch:F01 131.5uL/1.1uL OK, Ch:G01 131.6uL/1.2uL OK, Ch:H01 131.5uL/1.1uL OK, Ch:A02 131.5uL/1.1uL OK, Ch:B02 131.6uL/1.2uL OK, Ch:C02 131.5uL/1.1uL OK, Ch:D02 131.5uL/1.1uL OK, Ch:E02 131.7uL/1.3uL OK, Ch:F02 131.4uL/1.1uL OK, Ch:G02 131.5uL/1.1uL OK, Ch:H02 131.5uL/1.2uL OK, Ch:A03 131.6uL/1.2uL OK, Ch:B03 131.5uL/1.2uL OK, Ch:C03 131.5uL/1.1uL OK, Ch:D03 131.6uL/1.2uL OK, Ch:E03 131.6uL/1.2uL OK, Ch:F03 131.5uL/1.1uL OK, Ch:G03 131.5uL/1.2uL OK, Ch:H03 131.5uL/1.2uL OK, Ch:A04 131.5uL/1.2uL OK, Ch:B04 131.5uL/1.1uL OK, Ch:C04 131.6uL/1.2uL OK, Ch:D04 131.5uL/1.1uL OK, Ch:E04 131.6uL/1.2uL OK, Ch:F04 131.5uL/1.1uL OK, Ch:G04 131.6uL/1.2uL OK, Ch:H04 131.5uL/1.1uL OK, Ch:A05 131.5uL/1.1uL OK, Ch:B05 131.5uL/1.1uL OK, Ch:C05 131.5uL/1.1uL OK, Ch:D05 131.5uL/1.1uL OK, Ch:E05 131.5uL/1.1uL OK, Ch:F05 131.6uL/1.2uL OK, Ch:G05 131.7uL/1.3uL OK, Ch:H05 131.6uL/1.2uL OK, Ch:A06 131.6uL/1.2uL OK, Ch:B06 131.6uL/1.2uL OK, Ch:C06 131.5uL/1.1uL OK, Ch:D06 131.4uL/1.1uL OK, Ch:E06 131.5uL/1.1uL OK, Ch:F06 131.6uL/1.2uL OK, Ch:G06 131.5uL/1.1uL OK, Ch:H06 131.6uL/1.2uL OK, Ch:A07 131.4uL/1.1uL OK, Ch:B07 131.5uL/1.2uL OK, Ch:C07 131.5uL/1.1uL OK, Ch:D07 131.6uL/1.2uL OK, Ch:E07 131.7uL/1.3uL OK, Ch:F07 131.5uL/1.1uL OK, Ch:G07 131.6uL/1.2uL OK, Ch:H07 131.7uL/1.3uL OK, Ch:A08 131.7uL/1.3uL OK, Ch:B08 131.4uL/1.1uL OK, Ch:C08 131.5uL/1.2uL OK, Ch:D08 131.5uL/1.1uL OK, Ch:E08 131.5uL/1.2uL OK, Ch:F08 131.6uL/1.2uL OK, Ch:G08 131.5uL/1.2uL OK, Ch:H08 131.6uL/1.2uL OK, Ch:A09 131.6uL/1.2uL OK, Ch:B09 131.6uL/1.2uL OK, Ch:C09 131.6uL/1.2uL OK, Ch:D09 131.6uL/1.2uL OK, Ch:E09 131.6uL/1.2uL OK, Ch:F09 131.6uL/1.2uL OK, Ch:G09 131.6uL/1.2uL OK, Ch:H09 131.6uL/1.2uL OK, Ch:A10 131.6uL/1.2uL OK, Ch:B10 131.7uL/1.3uL OK, Ch:C10 131.6uL/1.2uL OK, Ch:D10 131.4uL/1.1uL OK, Ch:E10 131.5uL/1.1uL OK, Ch:F10 131.5uL/1.2uL OK, Ch:G10 131.4uL/1.1uL OK, Ch:H10 131.6uL/1.2uL OK, Ch:A11 131.6uL/1.2uL OK, Ch:B11 131.5uL/1.2uL OK, Ch:C11 131.4uL/1.1uL OK, Ch:D11 131.5uL/1.2uL OK, Ch:E11 131.6uL/1.3uL OK, Ch:F11 131.5uL/1.2uL OK, Ch:G11 131.5uL/1.1uL OK, Ch:H11 131.5uL/1.1uL OK, Ch:A12 131.5uL/1.1uL OK, Ch:B12 131.5uL/1.2uL OK, Ch:C12 131.6uL/1.2uL OK, Ch:D12 131.4uL/1.1uL OK, Ch:E12 131.6uL/1.2uL OK, Ch:F12 131.6uL/1.2uL OK, Ch:G12 131.5uL/1.1uL OK, Ch:H12 131.5uL/1.2uL OK
08/01/2019 17:06:18.5 [Lynx.Aspirate(VVP96).VVP96] Final axis positions:'XL' -160.24 mm, 'YL' -107.91 mm, 'ZL' -121.11 mm
08/01/2019 17:06:19.0 [Lynx.Aspirate(VVP96).VVP96] Time to complete: 17 s.
08/01/2019 17:06:19.0 Process 'AndStamp.met'[2] 'Aspirate(VVP96)' CommandCompleted
08/01/2019 17:06:19.0 Process 'AndStamp.met'[3] 'Run Sub' CommandStarted
08/01/2019 17:06:19.0 SubProcess 'SubMethods\Small_TipShimmy2.met' MethodStarted
08/01/2019 17:06:19.0 SubProcess 'SubMethods\Small_TipShimmy2.met'[0] 'Move Axis Relative' CommandStarted
08/01/2019 17:06:19.1 [Lynx.Move Axis Relative] Move axes relative: 'ZL' by 23.00 mm
08/01/2019 17:06:19.1 [Lynx.Move Axis Relative] Time to complete: 0 s.
08/01/2019 17:06:19.2 SubProcess 'SubMethods\Small_TipShimmy2.met'[0] 'Move Axis Relative' CommandCompleted
08/01/2019 17:06:19.2 SubProcess 'SubMethods\Small_TipShimmy2.met'[1] 'Move Axis Relative' CommandStarted
08/01/2019 17:06:19.2 [Lynx.Move Axis Relative] Move axes relative: 'XL' by 1.25 mm
08/01/2019 17:06:19.4 SubProcess 'SubMethods\Small_TipShimmy2.met'[1] 'Move Axis Relative' CommandFailed
