Workspace 'LM703' modules...
  MethodManagerV4   1.4.6666.27655
  MMCoreDevice   1.4.6666.27650
  MMLiquidHandler   1.4.6666.26302
  Warp3   2.0.6591.13866
  MMVVP   1.4.6666.26303
  MMIOLightTower   1.4.6666.26303
  MMHeadGripper   1.3.6591.14013
The pipette tool 'VVP96' has mandrel type 'MLV' and can load the following tip types:
   Tip type 'LXB-96-150F', loading depth 9.4 mm, Id: baf0d489-a29c-4899-844e-44fbdc6c2c49.
   Tip type 'LXB-96-200NF', loading depth 9.4 mm, Id: 095daefc-e866-4d91-906f-cc7e17eaf3f6.
   Tip type 'LXB-96-300F', loading depth 10.4 mm, Id: d2f37554-e0d6-41ea-8f3d-101c68af7e40.
   Tip type 'LXB-96-300NF', loading depth 10.4 mm, Id: 423ec1e5-0ccf-4946-a441-905f3c9e1fd9.
   Tip type 'LXB-96-950F', loading depth 28.6 mm, Id: 497625a6-73fc-4433-95df-636ceecdc818.
   Tip type 'LXB-96-950F-WB', loading depth 28.6 mm, Id: ca3988bc-a34d-4ad7-ba77-93a37e8cba6d.
   Tip type 'LXB-96-1250NF', loading depth 28.6 mm, Id: 13ba07a3-d5cb-4a96-9ab8-1d418fc383d6.
10/26/2018 10:23:41.9 The command server is monitoring the workspace 'LM703' and is available on 172.18.3.53/1000
10/26/2018 14:29:27.9 [ZL] Instruction Error Status: None
10/26/2018 14:29:27.9 [ZL] Warp3 core version: 99103v1.0 (will support I/O).
10/26/2018 14:29:27.9 [ZL] Configured as an enhanced Warp3 with I/O.
10/26/2018 14:29:27.9 [ZL]   Inputs: False False False False False 
10/26/2018 14:29:27.9 [ZL] Current IP communications rate is 10 mb.
10/26/2018 14:29:27.9 [ZL] IP communications speed is currently set to 10 Mbps.
10/26/2018 14:29:28.1 [ZL] Phase correction: disabled, prescale: 0, phase counts: 2000
10/26/2018 14:29:28.1 [ZL] SetCurrentFoldbackAmps(8, 20) will set 17440 , 216
10/26/2018 14:29:28.1 [ZL] Configuration parameters loaded from 'C:\MethodManager4\Workspaces\LM703\Configuration\Z Axis.xml'. HomeVelocity 20 mm/s, CountsPerMM 2571 cts/mm.
10/26/2018 14:29:28.3 [ZL] Start Hall-based phase initialization.
10/26/2018 14:29:28.3 [ZL] Phases initialized.
10/26/2018 14:29:28.3 [BarCodeZAxis] Instruction Error Status: None
10/26/2018 14:29:28.3 [BarCodeZAxis] Warp3 core version: 99103v1.0 (will support I/O).
10/26/2018 14:29:28.3 [BarCodeZAxis] Configured as an enhanced Warp3 with I/O.
10/26/2018 14:29:28.4 [BarCodeZAxis]   Inputs: False True False False False 
10/26/2018 14:29:28.4 [BarCodeZAxis] Current IP communications rate is 10 mb.
10/26/2018 14:29:28.4 [BarCodeZAxis] IP communications speed is currently set to 10 Mbps.
10/26/2018 14:29:28.5 [BarCodeZAxis] Phase correction: disabled, prescale: 0, phase counts: 2000
10/26/2018 14:29:28.5 [BarCodeZAxis] SetCurrentFoldbackAmps(2, 5) will set 4360 , 54
10/26/2018 14:29:28.5 [BarCodeZAxis] Configuration parameters loaded from 'C:\MethodManager4\Workspaces\LM703\Configuration\BarCode Z.xml'. HomeVelocity 20 mm/s, CountsPerMM 5538 cts/mm.
10/26/2018 14:29:28.7 [BarCodeZAxis] Start Hall-based phase initialization.
10/26/2018 14:29:28.7 [BarCodeZAxis] Phases initialized.
10/26/2018 14:29:28.7 [YL] Instruction Error Status: None
10/26/2018 14:29:28.7 [YL] Warp3 core version: 99103v1.0 (will support I/O).
10/26/2018 14:29:28.8 [YL] Configured as an enhanced Warp3 with I/O.
10/26/2018 14:29:28.8 [YL]   Inputs: False False False False False 
10/26/2018 14:29:28.8 [YL] Current IP communications rate is 10 mb.
10/26/2018 14:29:28.8 [YL] IP communications speed is currently set to 10 Mbps.
10/26/2018 14:29:28.9 [YL] Phase correction: disabled, prescale: 1, phase counts: 1905
10/26/2018 14:29:28.9 [YL] SetCurrentFoldbackAmps(6, 100) will set 13080 , 1083
10/26/2018 14:29:28.9 [YL] Configuration parameters loaded from 'C:\MethodManager4\Workspaces\LM703\Configuration\Y Axis.xml'. HomeVelocity 20 mm/s, CountsPerMM 2000 cts/mm.
10/26/2018 14:29:29.1 [YL] Start Hall-based phase initialization.
10/26/2018 14:29:29.1 [YL] Phases initialized.
10/26/2018 14:29:29.1 [XL] Instruction Error Status: None
10/26/2018 14:29:29.1 [XL] Warp3 core version: 99103v1.0 (will support I/O).
10/26/2018 14:29:29.2 [XL] Configured as an enhanced Warp3 with I/O.
10/26/2018 14:29:29.2 [XL]   Inputs: False False False False False 
10/26/2018 14:29:29.2 [XL] Current IP communications rate is 10 mb.
10/26/2018 14:29:29.2 [XL] IP communications speed is currently set to 10 Mbps.
10/26/2018 14:29:29.3 [XL] Phase correction: disabled, prescale: 1, phase counts: 1905
10/26/2018 14:29:29.4 [XL] SetCurrentFoldbackAmps(6, 100) will set 13080 , 1083
10/26/2018 14:29:29.4 [XL] Configuration parameters loaded from 'C:\MethodManager4\Workspaces\LM703\Configuration\X Axis.xml'. HomeVelocity 20 mm/s, CountsPerMM 2000 cts/mm.
10/26/2018 14:29:29.5 [XL] Start Hall-based phase initialization.
10/26/2018 14:29:29.5 [XL] Phases initialized.
10/26/2018 14:29:31.5 [VVP96] Get VVP: command 'Aspirate Diagnostics' from 96 channels.
10/26/2018 14:29:31.7 [ZL] Move to Positive limit. Velocity 20 mm/s, accel 40 mm/s2, decel 200 mm/s2, timeout 60 s.
10/26/2018 14:29:32.4 [ZL] Reached limit successfully.
10/26/2018 14:29:32.4 [ZL] Attempting to back off Positive limit.
10/26/2018 14:29:33.1 [ZL] Move off limit completion: Successful (OKReady).
10/26/2018 14:29:33.1 [ZL] Move to limit finished.
10/26/2018 14:29:33.1 [ZL] Establishing new 0 position for the old position 0.00 mm.
10/26/2018 14:29:33.2 [ZL] Timestamp of last successful home: 10/26/2018 2:29:33 PM
10/26/2018 14:29:33.4 [BarCodeZAxis] Move to Negative limit. Velocity 20 mm/s, accel 200 mm/s2, decel 350 mm/s2, timeout 60 s.
10/26/2018 14:29:33.8 [BarCodeZAxis] Reached limit successfully.
10/26/2018 14:29:33.8 [BarCodeZAxis] Attempting to back off Negative limit.
10/26/2018 14:29:34.3 [BarCodeZAxis] Move off limit completion: Successful (OKReady).
10/26/2018 14:29:34.3 [BarCodeZAxis] Move to limit finished.
10/26/2018 14:29:34.4 [BarCodeZAxis] Establishing new 0 position for the old position 0.00 mm.
10/26/2018 14:29:34.4 [BarCodeZAxis] Timestamp of last successful home: 10/26/2018 2:29:34 PM
10/26/2018 14:29:38.5 [YL] Move to Positive limit. Velocity 20 mm/s, accel 200 mm/s2, decel 1000 mm/s2, timeout 60 s.
10/26/2018 14:29:54.8 [YL] Reached limit successfully.
10/26/2018 14:29:54.8 [YL] Attempting to back off Positive limit.
10/26/2018 14:29:55.2 [YL] Move off limit completion: Successful (OKReady).
10/26/2018 14:29:55.3 [YL] Move to limit finished.
10/26/2018 14:29:55.3 [YL] Establishing new 0 position for the old position 0.01 mm.
10/26/2018 14:29:55.4 [YL] Timestamp of last successful home: 10/26/2018 2:29:55 PM
10/26/2018 14:29:55.5 [XL] Move to Positive limit. Velocity 20 mm/s, accel 200 mm/s2, decel 1000 mm/s2, timeout 60 s.
10/26/2018 14:29:56.6 [XL] Reached limit successfully.
10/26/2018 14:29:56.6 [XL] Attempting to back off Positive limit.
10/26/2018 14:29:57.1 [XL] Move off limit completion: Successful (OKReady).
10/26/2018 14:29:57.1 [XL] Move to limit finished.
10/26/2018 14:29:57.2 [XL] Establishing new 0 position for the old position -0.01 mm.
10/26/2018 14:29:57.2 [XL] Timestamp of last successful home: 10/26/2018 2:29:57 PM
[User] Start.
10/26/2018 14:30:45.5 Process 'testing\PreCapPool_384.met' MethodStarted
10/26/2018 14:30:45.5 Process 'testing\PreCapPool_384.met'[0] 'Load Tips(VVP96)' CommandStarted
10/26/2018 14:30:45.6 [Lynx.Load Tips(VVP96).VVP96] Plate 'LXB-96-150F_01', column/row offset (0, 0), X/Y offset (0.00 mm,0.00 mm), height: 0.00 mm.
10/26/2018 14:30:45.6 [Lynx.Load Tips(VVP96).VVP96] No current tip.
10/26/2018 14:30:45.6 [Lynx.Load Tips(VVP96).VVP96] Tip loading depth for tip type 'LXB-96-150F' is 9.4 mm.
10/26/2018 14:30:45.6 [Lynx.Load Tips(VVP96).VVP96] Plate is at location 'Loc_11' (-145.11 mm, -432.29 mm, -174.57 mm) with a stack index of 1.
10/26/2018 14:30:45.6 [Lynx.Load Tips(VVP96).VVP96] Tip loading height adjustment is 0.0 mm and Z axis force limit is 30% of full power.
10/26/2018 14:30:45.6 [Lynx.Load Tips(VVP96).VVP96] Tip loading Z error limit will be 10.0 mm, XY error window will be 50.0 mm, and the XY axis holding force fraction will be 20%
10/26/2018 14:30:45.6 [Lynx.Load Tips(VVP96).VVP96] Initial robot X/Y/ZStart/ZEnd coordinates: -159.49 mm, -421.05 mm, -2.00 mm, -126.97 mm, using motion profile 'Mid Speed'.
10/26/2018 14:30:45.6 [Lynx.Load Tips(VVP96).VVP96] Initial axis positions:'XL' -0.05 mm, 'YL' -0.04 mm, 'ZL' 0.00 mm
10/26/2018 14:30:49.5 [XL] Relative motor limit setting 20.0%, changing limit from 100.0% to 20.0%
10/26/2018 14:30:49.5 [YL] Relative motor limit setting 20.0%, changing limit from 70.0% to 14.0%
10/26/2018 14:30:50.6 [Lynx.Load Tips(VVP96).VVP96] Maximum recorded tip load values: Position error 1.6 mm, motor current 26.4 %
10/26/2018 14:30:50.6 [Lynx.Load Tips(VVP96).VVP96] Tip load Z-axis motion complete.
10/26/2018 14:30:50.6 [Lynx.Load Tips(VVP96).VVP96] Tip load position errors for X/Y/Z: -0.01 mm, -0.25 mm, -1.61 mm
10/26/2018 14:30:50.9 [ZL] Absolute motor limit setting 24.0%, changing limit from 30.0% to 24.0%
10/26/2018 14:30:51.0 [ZL] Absolute motor limit setting 18.0%, changing limit from 24.0% to 18.0%
10/26/2018 14:30:51.1 [ZL] Absolute motor limit setting 12.0%, changing limit from 18.0% to 12.0%
10/26/2018 14:30:51.2 [ZL] Absolute motor limit setting 6.0%, changing limit from 12.0% to 6.0%
10/26/2018 14:30:51.3 [ZL] Relative motor limit setting 100.0%, changing limit from 6.0% to 30.0%
10/26/2018 14:30:53.0 [XL] Relative motor limit setting 100.0%, changing limit from 20.0% to 100.0%
10/26/2018 14:30:53.0 [YL] Relative motor limit setting 100.0%, changing limit from 14.0% to 70.0%
10/26/2018 14:30:53.1 [Lynx.Load Tips(VVP96).VVP96] Final axis positions:'XL' -159.45 mm, 'YL' -421.03 mm, 'ZL' -2.02 mm
10/26/2018 14:30:53.1 [Lynx.Load Tips(VVP96).VVP96] Current tip 'LXB-96-150F'.
10/26/2018 14:30:53.1 [Lynx.Load Tips(VVP96).VVP96] Time to complete: 7 s.
10/26/2018 14:30:53.1 Process 'testing\PreCapPool_384.met'[0] 'Load Tips(VVP96)' CommandCompleted
10/26/2018 14:30:53.1 Process 'testing\PreCapPool_384.met'[1] 'Aspirate(VVP96)' CommandStarted
10/26/2018 14:30:53.2 [Lynx.Aspirate(VVP96).VVP96] Plate '96 PCR_01', column/row offset (0, 0), X/Y offset (0.00 mm,0.00 mm), height: 2.00 mm.
10/26/2018 14:30:53.2 [Lynx.Aspirate(VVP96).VVP96] Current tip 'LXB-96-150F'.
10/26/2018 14:30:53.2 [Lynx.Aspirate(VVP96).VVP96] Plate is at location 'Loc_14' (-294.34 mm, -118.80 mm, -174.76 mm) with a stack index of 1.
10/26/2018 14:30:53.2 [Lynx.Aspirate(VVP96).VVP96] VVP Pressure 'Mid-Range Volumes': Pressure 40 mbar, Residual vol. 0.59 uL, Pre/Post delay 0.00/1.00
10/26/2018 14:30:53.2 [Lynx.Aspirate(VVP96).VVP96] Aspirate parameters (96): Ch:A01 5.0uL/0.6uL; Ch:B01 5.0uL/0.6uL; Ch:C01 5.0uL/0.6uL; Ch:D01 5.0uL/0.6uL; Ch:E01 5.0uL/0.6uL; Ch:F01 5.0uL/0.6uL; Ch:G01 5.0uL/0.6uL; Ch:H01 5.0uL/0.6uL; Ch:A02 5.0uL/0.6uL; Ch:B02 5.0uL/0.6uL; Ch:C02 5.0uL/0.6uL; Ch:D02 5.0uL/0.6uL; Ch:E02 5.0uL/0.6uL; Ch:F02 5.0uL/0.6uL; Ch:G02 5.0uL/0.6uL; Ch:H02 5.0uL/0.6uL; Ch:A03 5.0uL/0.6uL; Ch:B03 5.0uL/0.6uL; Ch:C03 5.0uL/0.6uL; Ch:D03 5.0uL/0.6uL; Ch:E03 5.0uL/0.6uL; Ch:F03 5.0uL/0.6uL; Ch:G03 5.0uL/0.6uL; Ch:H03 5.0uL/0.6uL; Ch:A04 5.0uL/0.6uL; Ch:B04 5.0uL/0.6uL; Ch:C04 5.0uL/0.6uL; Ch:D04 5.0uL/0.6uL; Ch:E04 5.0uL/0.6uL; Ch:F04 5.0uL/0.6uL; Ch:G04 5.0uL/0.6uL; Ch:H04 5.0uL/0.6uL; Ch:A05 5.0uL/0.6uL; Ch:B05 5.0uL/0.6uL; Ch:C05 5.0uL/0.6uL; Ch:D05 5.0uL/0.6uL; Ch:E05 5.0uL/0.6uL; Ch:F05 5.0uL/0.6uL; Ch:G05 5.0uL/0.6uL; Ch:H05 5.0uL/0.6uL; Ch:A06 5.0uL/0.6uL; Ch:B06 5.0uL/0.6uL; Ch:C06 5.0uL/0.6uL; Ch:D06 5.0uL/0.6uL; Ch:E06 5.0uL/0.6uL; Ch:F06 5.0uL/0.6uL; Ch:G06 5.0uL/0.6uL; Ch:H06 5.0uL/0.6uL; Ch:A07 5.0uL/0.6uL; Ch:B07 5.0uL/0.6uL; Ch:C07 5.0uL/0.6uL; Ch:D07 5.0uL/0.6uL; Ch:E07 5.0uL/0.6uL; Ch:F07 5.0uL/0.6uL; Ch:G07 5.0uL/0.6uL; Ch:H07 5.0uL/0.6uL; Ch:A08 5.0uL/0.6uL; Ch:B08 5.0uL/0.6uL; Ch:C08 5.0uL/0.6uL; Ch:D08 5.0uL/0.6uL; Ch:E08 5.0uL/0.6uL; Ch:F08 5.0uL/0.6uL; Ch:G08 5.0uL/0.6uL; Ch:H08 5.0uL/0.6uL; Ch:A09 5.0uL/0.6uL; Ch:B09 5.0uL/0.6uL; Ch:C09 5.0uL/0.6uL; Ch:D09 5.0uL/0.6uL; Ch:E09 5.0uL/0.6uL; Ch:F09 5.0uL/0.6uL; Ch:G09 5.0uL/0.6uL; Ch:H09 5.0uL/0.6uL; Ch:A10 5.0uL/0.6uL; Ch:B10 5.0uL/0.6uL; Ch:C10 5.0uL/0.6uL; Ch:D10 5.0uL/0.6uL; Ch:E10 5.0uL/0.6uL; Ch:F10 5.0uL/0.6uL; Ch:G10 5.0uL/0.6uL; Ch:H10 5.0uL/0.6uL; Ch:A11 5.0uL/0.6uL; Ch:B11 5.0uL/0.6uL; Ch:C11 5.0uL/0.6uL; Ch:D11 5.0uL/0.6uL; Ch:E11 5.0uL/0.6uL; Ch:F11 5.0uL/0.6uL; Ch:G11 5.0uL/0.6uL; Ch:H11 5.0uL/0.6uL; Ch:A12 5.0uL/0.6uL; Ch:B12 5.0uL/0.6uL; Ch:C12 5.0uL/0.6uL; Ch:D12 5.0uL/0.6uL; Ch:E12 5.0uL/0.6uL; Ch:F12 5.0uL/0.6uL; Ch:G12 5.0uL/0.6uL; Ch:H12 5.0uL/0.6uL
10/26/2018 14:30:53.2 [Lynx.Aspirate(VVP96).VVP96] Post airgap parameters (0): 
10/26/2018 14:30:53.2 [Lynx.Aspirate(VVP96).VVP96] Initial robot X/Y/ZStart/ZEnd coordinates: -308.72 mm, -107.56 mm, -128.03 mm, -130.03 mm, using motion profile 'Mid Speed'.
10/26/2018 14:30:53.2 [Lynx.Aspirate(VVP96).VVP96] Initial axis positions:'XL' -159.45 mm, 'YL' -421.03 mm, 'ZL' -2.02 mm
10/26/2018 14:30:56.7 [VVP96] Clog detection is off.
10/26/2018 14:30:56.7 [VVP96] Aspirate diagnostics are off.
10/26/2018 14:30:56.7 [VVP96] Set VVP: command 'Clogging Limit' with setting of 0 for 96 channels.
10/26/2018 14:30:56.9 [VVP96] Set VVP: command 'Air-to-Liquid Sens.' with setting of 0 for 96 channels.
10/26/2018 14:30:57.1 [VVP96] Set VVP: command 'Liquid-to-Air Sens.' with setting of 0 for 96 channels.
10/26/2018 14:30:58.3 [VVP96] VVP Aspirate pressure is 42 mbar.
10/26/2018 14:30:58.7 [VVP96] Aspirate complete.
10/26/2018 14:30:59.4 [VVP96] Average residual volume was 1.21 ul for 96 channels at 40 mbar pressure
10/26/2018 14:30:59.5 [Lynx.Aspirate(VVP96).VVP96] Aspirate results: Ch:A01 5.8uL/1.3uL OK, Ch:B01 5.7uL/1.2uL OK, Ch:C01 5.6uL/1.2uL OK, Ch:D01 5.8uL/1.3uL OK, Ch:E01 5.7uL/1.2uL OK, Ch:F01 5.7uL/1.2uL OK, Ch:G01 5.6uL/1.2uL OK, Ch:H01 5.7uL/1.2uL OK, Ch:A02 5.7uL/1.2uL OK, Ch:B02 5.7uL/1.2uL OK, Ch:C02 5.8uL/1.3uL OK, Ch:D02 5.7uL/1.2uL OK, Ch:E02 5.7uL/1.2uL OK, Ch:F02 5.7uL/1.2uL OK, Ch:G02 5.7uL/1.2uL OK, Ch:H02 5.6uL/1.1uL OK, Ch:A03 5.6uL/1.2uL OK, Ch:B03 5.6uL/1.2uL OK, Ch:C03 5.7uL/1.2uL OK, Ch:D03 5.6uL/1.1uL OK, Ch:E03 5.7uL/1.2uL OK, Ch:F03 5.6uL/1.2uL OK, Ch:G03 5.8uL/1.3uL OK, Ch:H03 5.7uL/1.2uL OK, Ch:A04 5.6uL/1.2uL OK, Ch:B04 5.7uL/1.2uL OK, Ch:C04 5.6uL/1.2uL OK, Ch:D04 5.6uL/1.2uL OK, Ch:E04 5.7uL/1.2uL OK, Ch:F04 5.6uL/1.1uL OK, Ch:G04 5.7uL/1.2uL OK, Ch:H04 5.7uL/1.2uL OK, Ch:A05 5.7uL/1.2uL OK, Ch:B05 5.6uL/1.1uL OK, Ch:C05 5.7uL/1.2uL OK, Ch:D05 5.7uL/1.2uL OK, Ch:E05 5.7uL/1.2uL OK, Ch:F05 5.7uL/1.2uL OK, Ch:G05 5.8uL/1.3uL OK, Ch:H05 5.7uL/1.2uL OK, Ch:A06 5.6uL/1.2uL OK, Ch:B06 5.8uL/1.3uL OK, Ch:C06 5.6uL/1.2uL OK, Ch:D06 5.6uL/1.1uL OK, Ch:E06 5.6uL/1.2uL OK, Ch:F06 5.7uL/1.2uL OK, Ch:G06 5.7uL/1.2uL OK, Ch:H06 5.7uL/1.2uL OK, Ch:A07 5.7uL/1.2uL OK, Ch:B07 5.7uL/1.3uL OK, Ch:C07 5.8uL/1.3uL OK, Ch:D07 5.7uL/1.3uL OK, Ch:E07 5.7uL/1.2uL OK, Ch:F07 5.6uL/1.2uL OK, Ch:G07 5.7uL/1.3uL OK, Ch:H07 5.7uL/1.3uL OK, Ch:A08 5.7uL/1.3uL OK, Ch:B08 5.7uL/1.2uL OK, Ch:C08 5.7uL/1.2uL OK, Ch:D08 5.6uL/1.2uL OK, Ch:E08 5.7uL/1.3uL OK, Ch:F08 5.7uL/1.2uL OK, Ch:G08 5.8uL/1.3uL OK, Ch:H08 5.7uL/1.2uL OK, Ch:A09 5.7uL/1.2uL OK, Ch:B09 5.8uL/1.3uL OK, Ch:C09 5.6uL/1.2uL OK, Ch:D09 5.6uL/1.2uL OK, Ch:E09 5.7uL/1.2uL OK, Ch:F09 5.7uL/1.2uL OK, Ch:G09 5.7uL/1.2uL OK, Ch:H09 5.7uL/1.2uL OK, Ch:A10 5.6uL/1.2uL OK, Ch:B10 5.8uL/1.3uL OK, Ch:C10 5.8uL/1.3uL OK, Ch:D10 5.7uL/1.2uL OK, Ch:E10 5.6uL/1.1uL OK, Ch:F10 5.6uL/1.1uL OK, Ch:G10 5.6uL/1.2uL OK, Ch:H10 5.7uL/1.2uL OK, Ch:A11 5.7uL/1.2uL OK, Ch:B11 5.6uL/1.2uL OK, Ch:C11 5.6uL/1.2uL OK, Ch:D11 5.7uL/1.2uL OK, Ch:E11 5.7uL/1.2uL OK, Ch:F11 5.7uL/1.2uL OK, Ch:G11 5.6uL/1.2uL OK, Ch:H11 5.6uL/1.2uL OK, Ch:A12 5.7uL/1.3uL OK, Ch:B12 5.6uL/1.2uL OK, Ch:C12 5.8uL/1.3uL OK, Ch:D12 5.8uL/1.3uL OK, Ch:E12 5.6uL/1.2uL OK, Ch:F12 5.7uL/1.3uL OK, Ch:G12 5.7uL/1.2uL OK, Ch:H12 5.7uL/1.2uL OK
10/26/2018 14:31:02.7 [Lynx.Aspirate(VVP96).VVP96] Final axis positions:'XL' -308.66 mm, 'YL' -107.59 mm, 'ZL' -2.02 mm
10/26/2018 14:31:02.8 [Lynx.Aspirate(VVP96).VVP96] Time to complete: 9 s.
10/26/2018 14:31:02.8 Process 'testing\PreCapPool_384.met'[1] 'Aspirate(VVP96)' CommandCompleted
10/26/2018 14:31:02.8 Process 'testing\PreCapPool_384.met'[2] 'Dispense(VVP96)' CommandStarted
10/26/2018 14:31:02.9 [Lynx.Dispense(VVP96).VVP96] Plate '96 PCR_02', column/row offset (0, 0), X/Y offset (0.00 mm,0.00 mm), height: 2.00 mm.
10/26/2018 14:31:02.9 [Lynx.Dispense(VVP96).VVP96] Current tip 'LXB-96-150F'.
10/26/2018 14:31:02.9 [Lynx.Dispense(VVP96).VVP96] Plate is at location 'Loc_13' (-294.11 mm, -14.43 mm, -174.61 mm) with a stack index of 1.
10/26/2018 14:31:02.9 [Lynx.Dispense(VVP96).VVP96] VVP Pressure 'Mid-Range Volumes': Pressure 40 mbar, Residual vol. 0.64 uL, Pre/Post delay 0.00/1.00
10/26/2018 14:31:02.9 [Lynx.Dispense(VVP96).VVP96] Dispense parameters (96): Ch:A01 5.0uL/0.6uL; Ch:B01 5.0uL/0.6uL; Ch:C01 5.0uL/0.6uL; Ch:D01 5.0uL/0.6uL; Ch:E01 5.0uL/0.6uL; Ch:F01 5.0uL/0.6uL; Ch:G01 5.0uL/0.6uL; Ch:H01 5.0uL/0.6uL; Ch:A02 5.0uL/0.6uL; Ch:B02 5.0uL/0.6uL; Ch:C02 5.0uL/0.6uL; Ch:D02 5.0uL/0.6uL; Ch:E02 5.0uL/0.6uL; Ch:F02 5.0uL/0.6uL; Ch:G02 5.0uL/0.6uL; Ch:H02 5.0uL/0.6uL; Ch:A03 5.0uL/0.6uL; Ch:B03 5.0uL/0.6uL; Ch:C03 5.0uL/0.6uL; Ch:D03 5.0uL/0.6uL; Ch:E03 5.0uL/0.6uL; Ch:F03 5.0uL/0.6uL; Ch:G03 5.0uL/0.6uL; Ch:H03 5.0uL/0.6uL; Ch:A04 5.0uL/0.6uL; Ch:B04 5.0uL/0.6uL; Ch:C04 5.0uL/0.6uL; Ch:D04 5.0uL/0.6uL; Ch:E04 5.0uL/0.6uL; Ch:F04 5.0uL/0.6uL; Ch:G04 5.0uL/0.6uL; Ch:H04 5.0uL/0.6uL; Ch:A05 5.0uL/0.6uL; Ch:B05 5.0uL/0.6uL; Ch:C05 5.0uL/0.6uL; Ch:D05 5.0uL/0.6uL; Ch:E05 5.0uL/0.6uL; Ch:F05 5.0uL/0.6uL; Ch:G05 5.0uL/0.6uL; Ch:H05 5.0uL/0.6uL; Ch:A06 5.0uL/0.6uL; Ch:B06 5.0uL/0.6uL; Ch:C06 5.0uL/0.6uL; Ch:D06 5.0uL/0.6uL; Ch:E06 5.0uL/0.6uL; Ch:F06 5.0uL/0.6uL; Ch:G06 5.0uL/0.6uL; Ch:H06 5.0uL/0.6uL; Ch:A07 5.0uL/0.6uL; Ch:B07 5.0uL/0.6uL; Ch:C07 5.0uL/0.6uL; Ch:D07 5.0uL/0.6uL; Ch:E07 5.0uL/0.6uL; Ch:F07 5.0uL/0.6uL; Ch:G07 5.0uL/0.6uL; Ch:H07 5.0uL/0.6uL; Ch:A08 5.0uL/0.6uL; Ch:B08 5.0uL/0.6uL; Ch:C08 5.0uL/0.6uL; Ch:D08 5.0uL/0.6uL; Ch:E08 5.0uL/0.6uL; Ch:F08 5.0uL/0.6uL; Ch:G08 5.0uL/0.6uL; Ch:H08 5.0uL/0.6uL; Ch:A09 5.0uL/0.6uL; Ch:B09 5.0uL/0.6uL; Ch:C09 5.0uL/0.6uL; Ch:D09 5.0uL/0.6uL; Ch:E09 5.0uL/0.6uL; Ch:F09 5.0uL/0.6uL; Ch:G09 5.0uL/0.6uL; Ch:H09 5.0uL/0.6uL; Ch:A10 5.0uL/0.6uL; Ch:B10 5.0uL/0.6uL; Ch:C10 5.0uL/0.6uL; Ch:D10 5.0uL/0.6uL; Ch:E10 5.0uL/0.6uL; Ch:F10 5.0uL/0.6uL; Ch:G10 5.0uL/0.6uL; Ch:H10 5.0uL/0.6uL; Ch:A11 5.0uL/0.6uL; Ch:B11 5.0uL/0.6uL; Ch:C11 5.0uL/0.6uL; Ch:D11 5.0uL/0.6uL; Ch:E11 5.0uL/0.6uL; Ch:F11 5.0uL/0.6uL; Ch:G11 5.0uL/0.6uL; Ch:H11 5.0uL/0.6uL; Ch:A12 5.0uL/0.6uL; Ch:B12 5.0uL/0.6uL; Ch:C12 5.0uL/0.6uL; Ch:D12 5.0uL/0.6uL; Ch:E12 5.0uL/0.6uL; Ch:F12 5.0uL/0.6uL; Ch:G12 5.0uL/0.6uL; Ch:H12 5.0uL/0.6uL
10/26/2018 14:31:02.9 [Lynx.Dispense(VVP96).VVP96] Post airgap parameters (0): 
10/26/2018 14:31:02.9 [Lynx.Dispense(VVP96).VVP96] Initial robot X/Y/ZStart/ZEnd coordinates: -308.49 mm, -3.19 mm, -127.88 mm, -129.88 mm, using motion profile 'Mid Speed'.
10/26/2018 14:31:02.9 [Lynx.Dispense(VVP96).VVP96] Initial axis positions:'XL' -308.66 mm, 'YL' -107.59 mm, 'ZL' -2.02 mm
10/26/2018 14:31:05.8 [VVP96] Set VVP: command 'Clogging Limit' with setting of 0 for 96 channels.
10/26/2018 14:31:06.1 [VVP96] Set VVP: command 'Air-to-Liquid Sens.' with setting of 0 for 96 channels.
10/26/2018 14:31:06.3 [VVP96] Set VVP: command 'Liquid-to-Air Sens.' with setting of 0 for 96 channels.
10/26/2018 14:31:07.4 [VVP96] VVP Dispense pressure is 40 mbar.
10/26/2018 14:31:07.8 [VVP96] Dispense complete.
10/26/2018 14:31:08.5 [VVP96] Average residual volume was 1.31 ul for 96 channels at 40 mbar pressure
10/26/2018 14:31:08.6 [Lynx.Dispense(VVP96).VVP96] Dispense results: Ch:A01 5.7uL/1.3uL OK, Ch:B01 5.7uL/1.3uL OK, Ch:C01 5.7uL/1.3uL OK, Ch:D01 5.6uL/1.3uL OK, Ch:E01 5.5uL/1.2uL OK, Ch:F01 5.7uL/1.3uL OK, Ch:G01 5.7uL/1.3uL OK, Ch:H01 5.7uL/1.3uL OK, Ch:A02 5.7uL/1.3uL OK, Ch:B02 5.8uL/1.4uL OK, Ch:C02 5.6uL/1.3uL OK, Ch:D02 5.7uL/1.3uL OK, Ch:E02 5.6uL/1.3uL OK, Ch:F02 5.6uL/1.3uL OK, Ch:G02 5.7uL/1.3uL OK, Ch:H02 5.7uL/1.4uL OK, Ch:A03 5.7uL/1.4uL OK, Ch:B03 5.8uL/1.4uL OK, Ch:C03 5.6uL/1.2uL OK, Ch:D03 5.7uL/1.3uL OK, Ch:E03 5.7uL/1.3uL OK, Ch:F03 5.7uL/1.3uL OK, Ch:G03 5.7uL/1.3uL OK, Ch:H03 5.8uL/1.4uL OK, Ch:A04 5.8uL/1.4uL OK, Ch:B04 5.8uL/1.4uL OK, Ch:C04 5.7uL/1.3uL OK, Ch:D04 5.7uL/1.3uL OK, Ch:E04 5.7uL/1.3uL OK, Ch:F04 5.7uL/1.3uL OK, Ch:G04 5.7uL/1.3uL OK, Ch:H04 5.7uL/1.4uL OK, Ch:A05 5.7uL/1.3uL OK, Ch:B05 5.7uL/1.3uL OK, Ch:C05 5.7uL/1.3uL OK, Ch:D05 5.5uL/1.2uL OK, Ch:E05 5.6uL/1.2uL OK, Ch:F05 5.6uL/1.3uL OK, Ch:G05 5.7uL/1.3uL OK, Ch:H05 5.6uL/1.2uL OK, Ch:A06 5.6uL/1.2uL OK, Ch:B06 5.7uL/1.3uL OK, Ch:C06 5.8uL/1.4uL OK, Ch:D06 5.8uL/1.4uL OK, Ch:E06 5.6uL/1.3uL OK, Ch:F06 5.7uL/1.3uL OK, Ch:G06 5.7uL/1.3uL OK, Ch:H06 5.7uL/1.3uL OK, Ch:A07 5.6uL/1.3uL OK, Ch:B07 5.7uL/1.3uL OK, Ch:C07 5.6uL/1.2uL OK, Ch:D07 5.7uL/1.3uL OK, Ch:E07 5.6uL/1.3uL OK, Ch:F07 5.8uL/1.4uL OK, Ch:G07 5.7uL/1.3uL OK, Ch:H07 5.7uL/1.3uL OK, Ch:A08 5.6uL/1.2uL OK, Ch:B08 5.6uL/1.3uL OK, Ch:C08 5.7uL/1.3uL OK, Ch:D08 5.6uL/1.3uL OK, Ch:E08 5.7uL/1.3uL OK, Ch:F08 5.7uL/1.3uL OK, Ch:G08 5.7uL/1.4uL OK, Ch:H08 5.6uL/1.3uL OK, Ch:A09 5.7uL/1.3uL OK, Ch:B09 5.7uL/1.3uL OK, Ch:C09 5.6uL/1.3uL OK, Ch:D09 5.7uL/1.3uL OK, Ch:E09 5.7uL/1.3uL OK, Ch:F09 5.7uL/1.3uL OK, Ch:G09 5.8uL/1.4uL OK, Ch:H09 5.7uL/1.3uL OK, Ch:A10 5.6uL/1.2uL OK, Ch:B10 6.0uL/1.6uL OK, Ch:C10 5.7uL/1.3uL OK, Ch:D10 5.8uL/1.4uL OK, Ch:E10 5.8uL/1.4uL OK, Ch:F10 5.6uL/1.3uL OK, Ch:G10 5.7uL/1.4uL OK, Ch:H10 5.6uL/1.3uL OK, Ch:A11 5.7uL/1.3uL OK, Ch:B11 5.6uL/1.3uL OK, Ch:C11 5.6uL/1.3uL OK, Ch:D11 5.6uL/1.2uL OK, Ch:E11 5.7uL/1.3uL OK, Ch:F11 5.8uL/1.4uL OK, Ch:G11 5.6uL/1.3uL OK, Ch:H11 5.7uL/1.4uL OK, Ch:A12 5.7uL/1.3uL OK, Ch:B12 5.7uL/1.3uL OK, Ch:C12 5.7uL/1.3uL OK, Ch:D12 5.7uL/1.3uL OK, Ch:E12 5.7uL/1.3uL OK, Ch:F12 5.7uL/1.3uL OK, Ch:G12 5.7uL/1.3uL OK, Ch:H12 5.6uL/1.3uL OK
10/26/2018 14:31:11.8 [Lynx.Dispense(VVP96).VVP96] Final axis positions:'XL' -308.45 mm, 'YL' -3.23 mm, 'ZL' -2.02 mm
10/26/2018 14:31:11.9 [Lynx.Dispense(VVP96).VVP96] Time to complete: 9 s.
10/26/2018 14:31:11.9 Process 'testing\PreCapPool_384.met'[2] 'Dispense(VVP96)' CommandCompleted
10/26/2018 14:31:11.9 Process 'testing\PreCapPool_384.met'[3] 'Eject Tips(VVP96)' CommandStarted
10/26/2018 14:31:11.9 [Lynx.Eject Tips(VVP96).VVP96] Plate 'LXB-96-150F_01', column/row offset (0, 0), X/Y offset (0.00 mm,0.00 mm), height: 15.00 mm.
10/26/2018 14:31:11.9 [Lynx.Eject Tips(VVP96).VVP96] Current tip 'LXB-96-150F'.
10/26/2018 14:31:11.9 [Lynx.Eject Tips(VVP96).VVP96] Plate is at location 'Loc_11' (-145.11 mm, -432.29 mm, -174.57 mm) with a stack index of 1.
10/26/2018 14:31:12.0 [Lynx.Eject Tips(VVP96).VVP96] Initial robot X/Y/ZStart/ZEnd coordinates: -159.49 mm, -421.05 mm, -2.00 mm, -102.57 mm, using motion profile 'Mid Speed'.
10/26/2018 14:31:12.0 [Lynx.Eject Tips(VVP96).VVP96] Initial axis positions:'XL' -308.45 mm, 'YL' -3.23 mm, 'ZL' -2.02 mm
10/26/2018 14:31:17.8 [VVP96] Tip ejection performed 2 times.
10/26/2018 14:31:19.2 [Lynx.Eject Tips(VVP96).VVP96] No current tip.
10/26/2018 14:31:19.2 [Lynx.Eject Tips(VVP96).VVP96] Time to complete: 7 s.
10/26/2018 14:31:19.3 Process 'testing\PreCapPool_384.met'[3] 'Eject Tips(VVP96)' CommandCompleted
10/26/2018 14:31:19.3 Process 'testing\PreCapPool_384.met' MethodCompleted
1 of 1 method(s) completed successfully.
  Concurrent method 'Main' (Main) started at 10/26/2018 14:30:45.5 and finished at 10/26/2018 14:31:19.3

[User] Start.
10/26/2018 15:15:17.0 Process 'testing\PreCapPool_384.met' MethodStarted
10/26/2018 15:15:17.0 Process 'testing\PreCapPool_384.met'[0] 'Expression' CommandStarted
10/26/2018 15:15:17.1 Process 'testing\PreCapPool_384.met'[0] 'Expression' CommandFailed
10/26/2018 15:15:27.0 Process 'testing\PreCapPool_384.met' MethodCompleted, A 'Expression' command has a logic or parameter error
0 of 1 method(s) completed successfully.
  Concurrent method 'Main' (Main) started at 10/26/2018 15:15:17.0 and terminated at 10/26/2018 15:15:26.9
    Terminate reason:CommandError
    Command 'Expression', line 0, was interrupted due to Undefined symbol "LXB" (column 1)

[User] Start.
10/26/2018 15:16:57.7 Process 'testing\PreCapPool_384.met' MethodStarted
10/26/2018 15:16:57.7 Process 'testing\PreCapPool_384.met'[0] 'Expression' CommandStarted
10/26/2018 15:16:57.7 Process 'testing\PreCapPool_384.met'[0] 'Expression' CommandFailed
10/26/2018 15:17:14.8 Process 'testing\PreCapPool_384.met' MethodCompleted, A 'Expression' command has a logic or parameter error
0 of 1 method(s) completed successfully.
  Concurrent method 'Main' (Main) started at 10/26/2018 15:16:57.7 and terminated at 10/26/2018 15:17:14.8
    Terminate reason:CommandError
    Command 'Expression', line 0, was interrupted due to Undefined symbol "LXB" (column 1)

[User] Start.
10/26/2018 15:17:43.2 Process 'testing\PreCapPool_384.met' MethodStarted
10/26/2018 15:17:43.2 Process 'testing\PreCapPool_384.met'[0] 'String Builder' CommandStarted
10/26/2018 15:17:43.2 Process 'testing\PreCapPool_384.met'[0] 'String Builder' CommandCompleted
10/26/2018 15:17:43.2 Process 'testing\PreCapPool_384.met'[1] 'Load Tips(VVP96)' CommandStarted
10/26/2018 15:17:43.2 [Lynx.Load Tips(VVP96).VVP96] Plate 'LXB-96-150F_5', column/row offset (0, 0), X/Y offset (0.00 mm,0.00 mm), height: 0.00 mm.
10/26/2018 15:17:43.2 [Lynx.Load Tips(VVP96).VVP96] No current tip.
10/26/2018 15:17:43.2 Process 'testing\PreCapPool_384.met'[1] 'Load Tips(VVP96)' CommandFailed
10/26/2018 15:18:00.8 Process 'testing\PreCapPool_384.met' MethodCompleted, A 'Load Tips(VVP96)' command has a logic or parameter error
0 of 1 method(s) completed successfully.
  Concurrent method 'Main' (Main) started at 10/26/2018 15:17:43.2 and terminated at 10/26/2018 15:18:00.7
    Terminate reason:CommandError
    Command 'Load Tips(VVP96)', line 1, was interrupted due to Can not locate a top-most plate with either the name or bar code 'LXB-96-150F_5'

[User] Start.
10/26/2018 15:18:37.6 Process 'testing\PreCapPool_384.met' MethodStarted
10/26/2018 15:18:37.6 Process 'testing\PreCapPool_384.met'[0] 'String Builder' CommandStarted
10/26/2018 15:18:37.6 Process 'testing\PreCapPool_384.met'[0] 'String Builder' CommandFailed
10/26/2018 15:18:51.6 Process 'testing\PreCapPool_384.met' MethodCompleted, A 'String Builder' command has a logic or parameter error
0 of 1 method(s) completed successfully.
  Concurrent method 'Main' (Main) started at 10/26/2018 15:18:37.6 and terminated at 10/26/2018 15:18:51.6
    Terminate reason:CommandError
    Command 'String Builder', line 0, was interrupted due to Can not find a method variable called '0' (from in '#0,D1#')

[User] Start.
10/26/2018 15:19:34.0 Process 'testing\PreCapPool_384.met' MethodStarted
10/26/2018 15:19:34.0 Process 'testing\PreCapPool_384.met'[0] 'String Builder' CommandStarted
10/26/2018 15:19:34.0 Process 'testing\PreCapPool_384.met'[0] 'String Builder' CommandFailed
10/26/2018 15:19:42.8 Process 'testing\PreCapPool_384.met' MethodCompleted, A 'String Builder' command has a logic or parameter error
0 of 1 method(s) completed successfully.
  Concurrent method 'Main' (Main) started at 10/26/2018 15:19:34.0 and terminated at 10/26/2018 15:19:42.7
    Terminate reason:CommandError
    Command 'String Builder', line 0, was interrupted due to Can not find a method variable called '1' (from in '#1,D1#')

[User] Start.
10/26/2018 15:20:01.2 Process 'testing\PreCapPool_384.met' MethodStarted
10/26/2018 15:20:01.2 Process 'testing\PreCapPool_384.met'[0] 'Load Tips(VVP96)' CommandStarted
10/26/2018 15:20:01.2 [Lynx.Load Tips(VVP96).VVP96] Plate 'LXB-96-150F_01', column/row offset (0, 0), X/Y offset (0.00 mm,0.00 mm), height: 0.00 mm.
10/26/2018 15:20:01.2 [Lynx.Load Tips(VVP96).VVP96] No current tip.
10/26/2018 15:20:01.2 [Lynx.Load Tips(VVP96).VVP96] Tip loading depth for tip type 'LXB-96-150F' is 9.4 mm.
10/26/2018 15:20:01.2 [Lynx.Load Tips(VVP96).VVP96] Plate is at location 'Loc_09' (-145.89 mm, -222.91 mm, -174.56 mm) with a stack index of 1.
10/26/2018 15:20:01.2 [Lynx.Load Tips(VVP96).VVP96] Tip loading height adjustment is 0.0 mm and Z axis force limit is 30% of full power.
10/26/2018 15:20:01.2 [Lynx.Load Tips(VVP96).VVP96] Tip loading Z error limit will be 10.0 mm, XY error window will be 50.0 mm, and the XY axis holding force fraction will be 20%
10/26/2018 15:20:01.2 [Lynx.Load Tips(VVP96).VVP96] Initial robot X/Y/ZStart/ZEnd coordinates: -160.27 mm, -211.67 mm, -2.00 mm, -126.96 mm, using motion profile 'Mid Speed'.
10/26/2018 15:20:01.2 [Lynx.Load Tips(VVP96).VVP96] Initial axis positions:'XL' -159.48 mm, 'YL' -421.04 mm, 'ZL' -2.02 mm
10/26/2018 15:20:04.2 [XL] Relative motor limit setting 20.0%, changing limit from 100.0% to 20.0%
10/26/2018 15:20:04.2 [YL] Relative motor limit setting 20.0%, changing limit from 70.0% to 14.0%
10/26/2018 15:20:05.4 [Lynx.Load Tips(VVP96).VVP96] Maximum recorded tip load values: Position error 1.7 mm, motor current 29.9 %
10/26/2018 15:20:05.4 [Lynx.Load Tips(VVP96).VVP96] Tip load Z-axis motion complete.
10/26/2018 15:20:05.4 [Lynx.Load Tips(VVP96).VVP96] Tip load position errors for X/Y/Z: 0.01 mm, 0.23 mm, -1.65 mm
10/26/2018 15:20:05.6 [ZL] Absolute motor limit setting 24.0%, changing limit from 30.0% to 24.0%
10/26/2018 15:20:05.7 [ZL] Absolute motor limit setting 18.0%, changing limit from 24.0% to 18.0%
10/26/2018 15:20:05.9 [ZL] Absolute motor limit setting 12.0%, changing limit from 18.0% to 12.0%
10/26/2018 15:20:06.0 [ZL] Absolute motor limit setting 6.0%, changing limit from 12.0% to 6.0%
10/26/2018 15:20:06.1 [ZL] Relative motor limit setting 100.0%, changing limit from 6.0% to 30.0%
10/26/2018 15:20:07.8 [XL] Relative motor limit setting 100.0%, changing limit from 20.0% to 100.0%
10/26/2018 15:20:07.8 [YL] Relative motor limit setting 100.0%, changing limit from 14.0% to 70.0%
10/26/2018 15:20:07.8 [Lynx.Load Tips(VVP96).VVP96] Final axis positions:'XL' -160.26 mm, 'YL' -211.70 mm, 'ZL' -2.02 mm
10/26/2018 15:20:07.8 [Lynx.Load Tips(VVP96).VVP96] Current tip 'LXB-96-150F'.
10/26/2018 15:20:07.8 [Lynx.Load Tips(VVP96).VVP96] Time to complete: 6 s.
10/26/2018 15:20:07.8 Process 'testing\PreCapPool_384.met'[0] 'Load Tips(VVP96)' CommandCompleted
10/26/2018 15:20:07.9 Process 'testing\PreCapPool_384.met'[1] 'Aspirate(VVP96)' CommandStarted
10/26/2018 15:20:07.9 [Lynx.Aspirate(VVP96).VVP96] Plate '384 FlatBottom_01', column/row offset (0, 0), X/Y offset (0.00 mm,0.00 mm), height: 2.00 mm.
10/26/2018 15:20:07.9 [Lynx.Aspirate(VVP96).VVP96] Current tip 'LXB-96-150F'.
10/26/2018 15:20:07.9 [Lynx.Aspirate(VVP96).VVP96] Plate is at location 'Loc_14' (-294.34 mm, -118.80 mm, -174.76 mm) with a stack index of 1.
10/26/2018 15:20:07.9 [Lynx.Aspirate(VVP96).VVP96] VVP Pressure 'Mid-Range Volumes': Pressure 40 mbar, Residual vol. 0.59 uL, Pre/Post delay 0.00/1.00
10/26/2018 15:20:07.9 [Lynx.Aspirate(VVP96).VVP96] Aspirate parameters (96): Ch:A01 5.0uL/0.6uL; Ch:B01 5.0uL/0.6uL; Ch:C01 5.0uL/0.6uL; Ch:D01 5.0uL/0.6uL; Ch:E01 5.0uL/0.6uL; Ch:F01 5.0uL/0.6uL; Ch:G01 5.0uL/0.6uL; Ch:H01 5.0uL/0.6uL; Ch:A02 5.0uL/0.6uL; Ch:B02 5.0uL/0.6uL; Ch:C02 5.0uL/0.6uL; Ch:D02 5.0uL/0.6uL; Ch:E02 5.0uL/0.6uL; Ch:F02 5.0uL/0.6uL; Ch:G02 5.0uL/0.6uL; Ch:H02 5.0uL/0.6uL; Ch:A03 5.0uL/0.6uL; Ch:B03 5.0uL/0.6uL; Ch:C03 5.0uL/0.6uL; Ch:D03 5.0uL/0.6uL; Ch:E03 5.0uL/0.6uL; Ch:F03 5.0uL/0.6uL; Ch:G03 5.0uL/0.6uL; Ch:H03 5.0uL/0.6uL; Ch:A04 5.0uL/0.6uL; Ch:B04 5.0uL/0.6uL; Ch:C04 5.0uL/0.6uL; Ch:D04 5.0uL/0.6uL; Ch:E04 5.0uL/0.6uL; Ch:F04 5.0uL/0.6uL; Ch:G04 5.0uL/0.6uL; Ch:H04 5.0uL/0.6uL; Ch:A05 5.0uL/0.6uL; Ch:B05 5.0uL/0.6uL; Ch:C05 5.0uL/0.6uL; Ch:D05 5.0uL/0.6uL; Ch:E05 5.0uL/0.6uL; Ch:F05 5.0uL/0.6uL; Ch:G05 5.0uL/0.6uL; Ch:H05 5.0uL/0.6uL; Ch:A06 5.0uL/0.6uL; Ch:B06 5.0uL/0.6uL; Ch:C06 5.0uL/0.6uL; Ch:D06 5.0uL/0.6uL; Ch:E06 5.0uL/0.6uL; Ch:F06 5.0uL/0.6uL; Ch:G06 5.0uL/0.6uL; Ch:H06 5.0uL/0.6uL; Ch:A07 5.0uL/0.6uL; Ch:B07 5.0uL/0.6uL; Ch:C07 5.0uL/0.6uL; Ch:D07 5.0uL/0.6uL; Ch:E07 5.0uL/0.6uL; Ch:F07 5.0uL/0.6uL; Ch:G07 5.0uL/0.6uL; Ch:H07 5.0uL/0.6uL; Ch:A08 5.0uL/0.6uL; Ch:B08 5.0uL/0.6uL; Ch:C08 5.0uL/0.6uL; Ch:D08 5.0uL/0.6uL; Ch:E08 5.0uL/0.6uL; Ch:F08 5.0uL/0.6uL; Ch:G08 5.0uL/0.6uL; Ch:H08 5.0uL/0.6uL; Ch:A09 5.0uL/0.6uL; Ch:B09 5.0uL/0.6uL; Ch:C09 5.0uL/0.6uL; Ch:D09 5.0uL/0.6uL; Ch:E09 5.0uL/0.6uL; Ch:F09 5.0uL/0.6uL; Ch:G09 5.0uL/0.6uL; Ch:H09 5.0uL/0.6uL; Ch:A10 5.0uL/0.6uL; Ch:B10 5.0uL/0.6uL; Ch:C10 5.0uL/0.6uL; Ch:D10 5.0uL/0.6uL; Ch:E10 5.0uL/0.6uL; Ch:F10 5.0uL/0.6uL; Ch:G10 5.0uL/0.6uL; Ch:H10 5.0uL/0.6uL; Ch:A11 5.0uL/0.6uL; Ch:B11 5.0uL/0.6uL; Ch:C11 5.0uL/0.6uL; Ch:D11 5.0uL/0.6uL; Ch:E11 5.0uL/0.6uL; Ch:F11 5.0uL/0.6uL; Ch:G11 5.0uL/0.6uL; Ch:H11 5.0uL/0.6uL; Ch:A12 5.0uL/0.6uL; Ch:B12 5.0uL/0.6uL; Ch:C12 5.0uL/0.6uL; Ch:D12 5.0uL/0.6uL; Ch:E12 5.0uL/0.6uL; Ch:F12 5.0uL/0.6uL; Ch:G12 5.0uL/0.6uL; Ch:H12 5.0uL/0.6uL
10/26/2018 15:20:07.9 [Lynx.Aspirate(VVP96).VVP96] Post airgap parameters (0): 
10/26/2018 15:20:07.9 [Lynx.Aspirate(VVP96).VVP96] Initial robot X/Y/ZStart/ZEnd coordinates: -306.47 mm, -109.81 mm, -127.81 mm, -129.81 mm, using motion profile 'Mid Speed'.
10/26/2018 15:20:07.9 [Lynx.Aspirate(VVP96).VVP96] Initial axis positions:'XL' -160.26 mm, 'YL' -211.70 mm, 'ZL' -2.02 mm
10/26/2018 15:20:11.0 [VVP96] Clog detection is off.
10/26/2018 15:20:11.0 [VVP96] Aspirate diagnostics are off.
10/26/2018 15:20:11.0 [VVP96] Set VVP: command 'Clogging Limit' with setting of 0 for 96 channels.
10/26/2018 15:20:11.3 [VVP96] Set VVP: command 'Air-to-Liquid Sens.' with setting of 0 for 96 channels.
10/26/2018 15:20:11.5 [VVP96] Set VVP: command 'Liquid-to-Air Sens.' with setting of 0 for 96 channels.
10/26/2018 15:20:12.6 [VVP96] VVP Aspirate pressure is 43 mbar.
10/26/2018 15:20:13.0 [VVP96] Aspirate complete.
10/26/2018 15:20:13.6 [VVP96] Average residual volume was 1.23 ul for 96 channels at 40 mbar pressure
10/26/2018 15:20:13.8 [Lynx.Aspirate(VVP96).VVP96] Aspirate results: Ch:A01 5.7uL/1.2uL OK, Ch:B01 5.7uL/1.2uL OK, Ch:C01 5.7uL/1.3uL OK, Ch:D01 5.8uL/1.3uL OK, Ch:E01 5.7uL/1.2uL OK, Ch:F01 5.8uL/1.3uL OK, Ch:G01 5.7uL/1.2uL OK, Ch:H01 5.7uL/1.3uL OK, Ch:A02 5.7uL/1.2uL OK, Ch:B02 5.8uL/1.3uL OK, Ch:C02 5.7uL/1.3uL OK, Ch:D02 5.7uL/1.2uL OK, Ch:E02 5.8uL/1.3uL OK, Ch:F02 5.7uL/1.2uL OK, Ch:G02 5.6uL/1.2uL OK, Ch:H02 5.7uL/1.2uL OK, Ch:A03 5.6uL/1.2uL OK, Ch:B03 5.8uL/1.3uL OK, Ch:C03 5.7uL/1.2uL OK, Ch:D03 5.6uL/1.2uL OK, Ch:E03 5.7uL/1.2uL OK, Ch:F03 5.7uL/1.2uL OK, Ch:G03 5.8uL/1.3uL OK, Ch:H03 5.6uL/1.2uL OK, Ch:A04 5.8uL/1.3uL OK, Ch:B04 5.6uL/1.2uL OK, Ch:C04 5.6uL/1.2uL OK, Ch:D04 5.7uL/1.2uL OK, Ch:E04 5.6uL/1.2uL OK, Ch:F04 5.6uL/1.1uL OK, Ch:G04 5.7uL/1.2uL OK, Ch:H04 5.7uL/1.2uL OK, Ch:A05 5.6uL/1.2uL OK, Ch:B05 5.7uL/1.2uL OK, Ch:C05 5.7uL/1.2uL OK, Ch:D05 5.7uL/1.2uL OK, Ch:E05 5.7uL/1.2uL OK, Ch:F05 5.8uL/1.3uL OK, Ch:G05 5.8uL/1.3uL OK, Ch:H05 5.6uL/1.2uL OK, Ch:A06 5.6uL/1.2uL OK, Ch:B06 5.7uL/1.2uL OK, Ch:C06 5.7uL/1.2uL OK, Ch:D06 5.6uL/1.2uL OK, Ch:E06 5.6uL/1.2uL OK, Ch:F06 5.7uL/1.2uL OK, Ch:G06 5.6uL/1.2uL OK, Ch:H06 5.7uL/1.2uL OK, Ch:A07 5.8uL/1.3uL OK, Ch:B07 5.8uL/1.3uL OK, Ch:C07 5.8uL/1.3uL OK, Ch:D07 5.8uL/1.3uL OK, Ch:E07 5.7uL/1.2uL OK, Ch:F07 5.7uL/1.2uL OK, Ch:G07 5.7uL/1.3uL OK, Ch:H07 5.8uL/1.3uL OK, Ch:A08 5.8uL/1.3uL OK, Ch:B08 5.7uL/1.3uL OK, Ch:C08 5.6uL/1.2uL OK, Ch:D08 5.7uL/1.2uL OK, Ch:E08 5.8uL/1.3uL OK, Ch:F08 5.6uL/1.2uL OK, Ch:G08 5.7uL/1.2uL OK, Ch:H08 5.7uL/1.2uL OK, Ch:A09 5.7uL/1.2uL OK, Ch:B09 5.7uL/1.2uL OK, Ch:C09 5.7uL/1.2uL OK, Ch:D09 5.6uL/1.2uL OK, Ch:E09 5.8uL/1.3uL OK, Ch:F09 5.7uL/1.2uL OK, Ch:G09 5.7uL/1.2uL OK, Ch:H09 5.8uL/1.3uL OK, Ch:A10 5.8uL/1.3uL OK, Ch:B10 5.9uL/1.4uL OK, Ch:C10 5.7uL/1.3uL OK, Ch:D10 5.6uL/1.2uL OK, Ch:E10 5.6uL/1.2uL OK, Ch:F10 5.6uL/1.2uL OK, Ch:G10 5.7uL/1.2uL OK, Ch:H10 5.6uL/1.2uL OK, Ch:A11 5.8uL/1.3uL OK, Ch:B11 5.7uL/1.2uL OK, Ch:C11 5.7uL/1.2uL OK, Ch:D11 5.7uL/1.2uL OK, Ch:E11 5.8uL/1.3uL OK, Ch:F11 5.7uL/1.2uL OK, Ch:G11 5.7uL/1.2uL OK, Ch:H11 5.7uL/1.2uL OK, Ch:A12 5.7uL/1.3uL OK, Ch:B12 5.7uL/1.3uL OK, Ch:C12 5.8uL/1.3uL OK, Ch:D12 5.8uL/1.3uL OK, Ch:E12 5.8uL/1.3uL OK, Ch:F12 5.7uL/1.2uL OK, Ch:G12 5.7uL/1.2uL OK, Ch:H12 5.7uL/1.2uL OK
10/26/2018 15:20:17.0 [Lynx.Aspirate(VVP96).VVP96] Final axis positions:'XL' -306.41 mm, 'YL' -109.85 mm, 'ZL' -2.02 mm
10/26/2018 15:20:17.0 [Lynx.Aspirate(VVP96).VVP96] Time to complete: 9 s.
10/26/2018 15:20:17.1 Process 'testing\PreCapPool_384.met'[1] 'Aspirate(VVP96)' CommandCompleted
10/26/2018 15:20:17.1 Process 'testing\PreCapPool_384.met'[2] 'Dispense(VVP96)' CommandStarted
10/26/2018 15:20:17.1 [Lynx.Dispense(VVP96).VVP96] Plate '96 PCR_02', column/row offset (0, 0), X/Y offset (0.00 mm,0.00 mm), height: 2.00 mm.
10/26/2018 15:20:17.1 [Lynx.Dispense(VVP96).VVP96] Current tip 'LXB-96-150F'.
10/26/2018 15:20:17.1 [Lynx.Dispense(VVP96).VVP96] Plate is at location 'Loc_08' (-145.48 mm, -118.78 mm, -174.61 mm) with a stack index of 1.
10/26/2018 15:20:17.1 [Lynx.Dispense(VVP96).VVP96] VVP Pressure 'Mid-Range Volumes': Pressure 40 mbar, Residual vol. 0.64 uL, Pre/Post delay 0.00/1.00
10/26/2018 15:20:17.1 [Lynx.Dispense(VVP96).VVP96] Dispense parameters (96): Ch:A01 5.0uL/0.6uL; Ch:B01 5.0uL/0.6uL; Ch:C01 5.0uL/0.6uL; Ch:D01 5.0uL/0.6uL; Ch:E01 5.0uL/0.6uL; Ch:F01 5.0uL/0.6uL; Ch:G01 5.0uL/0.6uL; Ch:H01 5.0uL/0.6uL; Ch:A02 5.0uL/0.6uL; Ch:B02 5.0uL/0.6uL; Ch:C02 5.0uL/0.6uL; Ch:D02 5.0uL/0.6uL; Ch:E02 5.0uL/0.6uL; Ch:F02 5.0uL/0.6uL; Ch:G02 5.0uL/0.6uL; Ch:H02 5.0uL/0.6uL; Ch:A03 5.0uL/0.6uL; Ch:B03 5.0uL/0.6uL; Ch:C03 5.0uL/0.6uL; Ch:D03 5.0uL/0.6uL; Ch:E03 5.0uL/0.6uL; Ch:F03 5.0uL/0.6uL; Ch:G03 5.0uL/0.6uL; Ch:H03 5.0uL/0.6uL; Ch:A04 5.0uL/0.6uL; Ch:B04 5.0uL/0.6uL; Ch:C04 5.0uL/0.6uL; Ch:D04 5.0uL/0.6uL; Ch:E04 5.0uL/0.6uL; Ch:F04 5.0uL/0.6uL; Ch:G04 5.0uL/0.6uL; Ch:H04 5.0uL/0.6uL; Ch:A05 5.0uL/0.6uL; Ch:B05 5.0uL/0.6uL; Ch:C05 5.0uL/0.6uL; Ch:D05 5.0uL/0.6uL; Ch:E05 5.0uL/0.6uL; Ch:F05 5.0uL/0.6uL; Ch:G05 5.0uL/0.6uL; Ch:H05 5.0uL/0.6uL; Ch:A06 5.0uL/0.6uL; Ch:B06 5.0uL/0.6uL; Ch:C06 5.0uL/0.6uL; Ch:D06 5.0uL/0.6uL; Ch:E06 5.0uL/0.6uL; Ch:F06 5.0uL/0.6uL; Ch:G06 5.0uL/0.6uL; Ch:H06 5.0uL/0.6uL; Ch:A07 5.0uL/0.6uL; Ch:B07 5.0uL/0.6uL; Ch:C07 5.0uL/0.6uL; Ch:D07 5.0uL/0.6uL; Ch:E07 5.0uL/0.6uL; Ch:F07 5.0uL/0.6uL; Ch:G07 5.0uL/0.6uL; Ch:H07 5.0uL/0.6uL; Ch:A08 5.0uL/0.6uL; Ch:B08 5.0uL/0.6uL; Ch:C08 5.0uL/0.6uL; Ch:D08 5.0uL/0.6uL; Ch:E08 5.0uL/0.6uL; Ch:F08 5.0uL/0.6uL; Ch:G08 5.0uL/0.6uL; Ch:H08 5.0uL/0.6uL; Ch:A09 5.0uL/0.6uL; Ch:B09 5.0uL/0.6uL; Ch:C09 5.0uL/0.6uL; Ch:D09 5.0uL/0.6uL; Ch:E09 5.0uL/0.6uL; Ch:F09 5.0uL/0.6uL; Ch:G09 5.0uL/0.6uL; Ch:H09 5.0uL/0.6uL; Ch:A10 5.0uL/0.6uL; Ch:B10 5.0uL/0.6uL; Ch:C10 5.0uL/0.6uL; Ch:D10 5.0uL/0.6uL; Ch:E10 5.0uL/0.6uL; Ch:F10 5.0uL/0.6uL; Ch:G10 5.0uL/0.6uL; Ch:H10 5.0uL/0.6uL; Ch:A11 5.0uL/0.6uL; Ch:B11 5.0uL/0.6uL; Ch:C11 5.0uL/0.6uL; Ch:D11 5.0uL/0.6uL; Ch:E11 5.0uL/0.6uL; Ch:F11 5.0uL/0.6uL; Ch:G11 5.0uL/0.6uL; Ch:H11 5.0uL/0.6uL; Ch:A12 5.0uL/0.6uL; Ch:B12 5.0uL/0.6uL; Ch:C12 5.0uL/0.6uL; Ch:D12 5.0uL/0.6uL; Ch:E12 5.0uL/0.6uL; Ch:F12 5.0uL/0.6uL; Ch:G12 5.0uL/0.6uL; Ch:H12 5.0uL/0.6uL
10/26/2018 15:20:17.1 [Lynx.Dispense(VVP96).VVP96] Post airgap parameters (0): 
10/26/2018 15:20:17.1 [Lynx.Dispense(VVP96).VVP96] Initial robot X/Y/ZStart/ZEnd coordinates: -159.86 mm, -107.54 mm, -127.88 mm, -129.88 mm, using motion profile 'Mid Speed'.
10/26/2018 15:20:17.1 [Lynx.Dispense(VVP96).VVP96] Initial axis positions:'XL' -306.41 mm, 'YL' -109.85 mm, 'ZL' -2.02 mm
10/26/2018 15:20:20.1 [VVP96] Set VVP: command 'Clogging Limit' with setting of 0 for 96 channels.
10/26/2018 15:20:20.4 [VVP96] Set VVP: command 'Air-to-Liquid Sens.' with setting of 0 for 96 channels.
10/26/2018 15:20:20.6 [VVP96] Set VVP: command 'Liquid-to-Air Sens.' with setting of 0 for 96 channels.
10/26/2018 15:20:21.6 [VVP96] VVP Dispense pressure is 41 mbar.
10/26/2018 15:20:22.0 [VVP96] Dispense complete.
10/26/2018 15:20:22.6 [VVP96] Average residual volume was 1.35 ul for 96 channels at 40 mbar pressure
10/26/2018 15:20:22.8 [Lynx.Dispense(VVP96).VVP96] Dispense results: Ch:A01 5.7uL/1.3uL OK, Ch:B01 5.7uL/1.3uL OK, Ch:C01 5.7uL/1.3uL OK, Ch:D01 5.7uL/1.3uL OK, Ch:E01 5.7uL/1.3uL OK, Ch:F01 5.6uL/1.3uL OK, Ch:G01 5.6uL/1.3uL OK, Ch:H01 5.7uL/1.3uL OK, Ch:A02 5.8uL/1.4uL OK, Ch:B02 5.9uL/1.5uL OK, Ch:C02 5.7uL/1.3uL OK, Ch:D02 5.8uL/1.4uL OK, Ch:E02 5.7uL/1.3uL OK, Ch:F02 5.7uL/1.3uL OK, Ch:G02 5.6uL/1.3uL OK, Ch:H02 5.8uL/1.4uL OK, Ch:A03 5.6uL/1.3uL OK, Ch:B03 5.8uL/1.4uL OK, Ch:C03 5.7uL/1.3uL OK, Ch:D03 5.8uL/1.4uL OK, Ch:E03 5.8uL/1.4uL OK, Ch:F03 5.8uL/1.4uL OK, Ch:G03 5.7uL/1.3uL OK, Ch:H03 5.7uL/1.4uL OK, Ch:A04 5.8uL/1.4uL OK, Ch:B04 5.7uL/1.3uL OK, Ch:C04 5.8uL/1.4uL OK, Ch:D04 5.8uL/1.4uL OK, Ch:E04 5.8uL/1.4uL OK, Ch:F04 5.6uL/1.3uL OK, Ch:G04 5.7uL/1.3uL OK, Ch:H04 5.8uL/1.4uL OK, Ch:A05 5.8uL/1.4uL OK, Ch:B05 5.6uL/1.3uL OK, Ch:C05 5.6uL/1.3uL OK, Ch:D05 5.7uL/1.3uL OK, Ch:E05 5.7uL/1.3uL OK, Ch:F05 5.7uL/1.3uL OK, Ch:G05 5.7uL/1.3uL OK, Ch:H05 5.7uL/1.3uL OK, Ch:A06 5.7uL/1.3uL OK, Ch:B06 5.7uL/1.4uL OK, Ch:C06 5.7uL/1.3uL OK, Ch:D06 5.8uL/1.4uL OK, Ch:E06 5.8uL/1.4uL OK, Ch:F06 5.7uL/1.3uL OK, Ch:G06 5.8uL/1.4uL OK, Ch:H06 5.7uL/1.3uL OK, Ch:A07 5.7uL/1.3uL OK, Ch:B07 5.6uL/1.3uL OK, Ch:C07 5.7uL/1.3uL OK, Ch:D07 5.7uL/1.3uL OK, Ch:E07 5.8uL/1.4uL OK, Ch:F07 5.8uL/1.4uL OK, Ch:G07 5.7uL/1.3uL OK, Ch:H07 5.7uL/1.4uL OK, Ch:A08 5.7uL/1.3uL OK, Ch:B08 5.7uL/1.3uL OK, Ch:C08 5.8uL/1.4uL OK, Ch:D08 5.8uL/1.4uL OK, Ch:E08 5.7uL/1.3uL OK, Ch:F08 5.7uL/1.4uL OK, Ch:G08 5.7uL/1.4uL OK, Ch:H08 5.8uL/1.4uL OK, Ch:A09 5.8uL/1.4uL OK, Ch:B09 5.8uL/1.4uL OK, Ch:C09 5.7uL/1.3uL OK, Ch:D09 5.8uL/1.4uL OK, Ch:E09 5.7uL/1.3uL OK, Ch:F09 5.7uL/1.4uL OK, Ch:G09 5.7uL/1.4uL OK, Ch:H09 5.6uL/1.3uL OK, Ch:A10 5.6uL/1.3uL OK, Ch:B10 5.9uL/1.6uL OK, Ch:C10 5.6uL/1.3uL OK, Ch:D10 5.8uL/1.4uL OK, Ch:E10 5.8uL/1.4uL OK, Ch:F10 5.8uL/1.4uL OK, Ch:G10 5.8uL/1.4uL OK, Ch:H10 5.7uL/1.3uL OK, Ch:A11 5.6uL/1.3uL OK, Ch:B11 5.6uL/1.3uL OK, Ch:C11 5.7uL/1.3uL OK, Ch:D11 5.7uL/1.3uL OK, Ch:E11 5.7uL/1.3uL OK, Ch:F11 5.7uL/1.4uL OK, Ch:G11 5.8uL/1.4uL OK, Ch:H11 5.8uL/1.4uL OK, Ch:A12 5.6uL/1.3uL OK, Ch:B12 5.7uL/1.3uL OK, Ch:C12 5.7uL/1.4uL OK, Ch:D12 5.7uL/1.3uL OK, Ch:E12 5.7uL/1.3uL OK, Ch:F12 5.7uL/1.3uL OK, Ch:G12 5.6uL/1.3uL OK, Ch:H12 5.6uL/1.3uL OK
10/26/2018 15:20:26.0 [Lynx.Dispense(VVP96).VVP96] Final axis positions:'XL' -159.87 mm, 'YL' -107.58 mm, 'ZL' -2.02 mm
10/26/2018 15:20:26.1 [Lynx.Dispense(VVP96).VVP96] Time to complete: 8 s.
10/26/2018 15:20:26.1 Process 'testing\PreCapPool_384.met'[2] 'Dispense(VVP96)' CommandCompleted
10/26/2018 15:20:26.1 Process 'testing\PreCapPool_384.met'[3] 'Eject Tips(VVP96)' CommandStarted
10/26/2018 15:20:26.1 [Lynx.Eject Tips(VVP96).VVP96] Plate 'LXB-96-150F_01', column/row offset (0, 0), X/Y offset (0.00 mm,0.00 mm), height: 15.00 mm.
10/26/2018 15:20:26.1 [Lynx.Eject Tips(VVP96).VVP96] Current tip 'LXB-96-150F'.
10/26/2018 15:20:26.1 [Lynx.Eject Tips(VVP96).VVP96] Plate is at location 'Loc_09' (-145.89 mm, -222.91 mm, -174.56 mm) with a stack index of 1.
10/26/2018 15:20:26.1 [Lynx.Eject Tips(VVP96).VVP96] Initial robot X/Y/ZStart/ZEnd coordinates: -160.27 mm, -211.67 mm, -2.00 mm, -102.56 mm, using motion profile 'Mid Speed'.
10/26/2018 15:20:26.1 [Lynx.Eject Tips(VVP96).VVP96] Initial axis positions:'XL' -159.87 mm, 'YL' -107.58 mm, 'ZL' -2.02 mm
10/26/2018 15:20:31.2 [VVP96] Tip ejection performed 2 times.
10/26/2018 15:20:32.6 [Lynx.Eject Tips(VVP96).VVP96] No current tip.
10/26/2018 15:20:32.6 [Lynx.Eject Tips(VVP96).VVP96] Time to complete: 6 s.
10/26/2018 15:20:32.6 Process 'testing\PreCapPool_384.met'[3] 'Eject Tips(VVP96)' CommandCompleted
10/26/2018 15:20:32.6 Process 'testing\PreCapPool_384.met' MethodCompleted
1 of 1 method(s) completed successfully.
  Concurrent method 'Main' (Main) started at 10/26/2018 15:20:01.2 and finished at 10/26/2018 15:20:32.6

10/26/2018 15:51:44.0 [XL] Closing component connections for Warp 'XL'.
10/26/2018 15:51:44.0 [YL] Closing component connections for Warp 'YL'.
10/26/2018 15:51:44.0 [ZL] Closing component connections for Warp 'ZL'.
10/26/2018 15:51:44.0 [BarCodeZAxis] Closing component connections for Warp 'BarCodeZAxis'.
10/26/2018 15:51:44.8 [Lynx] 
