Workspace 'LM703' modules...
  MethodManagerV4   1.4.6850.18371
  MMCoreDevice   1.4.6836.11963
  MMLiquidHandler   1.4.6850.18147
  Warp3   2.0.6591.13866
  MMVVP   1.4.6850.18147
  MMIOLightTower   1.4.6850.18147
  MMHeadGripper   1.3.6667.26832
The pipette tool 'VVP96' has mandrel type 'MLV' and can load the following tip types:
   Tip type 'LXB-96-150F', loading depth 9.4 mm, Id: baf0d489-a29c-4899-844e-44fbdc6c2c49.
   Tip type 'LXB-96-200NF', loading depth 9.4 mm, Id: 095daefc-e866-4d91-906f-cc7e17eaf3f6.
   Tip type 'LXB-96-300F', loading depth 10.4 mm, Id: d2f37554-e0d6-41ea-8f3d-101c68af7e40.
   Tip type 'LXB-96-300NF', loading depth 10.4 mm, Id: 423ec1e5-0ccf-4946-a441-905f3c9e1fd9.
   Tip type 'LXB-96-950F', loading depth 28.6 mm, Id: 497625a6-73fc-4433-95df-636ceecdc818.
   Tip type 'LXB-96-950F-WB', loading depth 28.6 mm, Id: ca3988bc-a34d-4ad7-ba77-93a37e8cba6d.
   Tip type 'LXB-96-1250NF', loading depth 28.6 mm, Id: 13ba07a3-d5cb-4a96-9ab8-1d418fc383d6.
12/12/2018 13:07:42.5 The command server is monitoring the workspace 'LM703' and is available on 172.18.3.53/1000
[User] Clear errors.
Errors could not be resolved for these devices:
   Lynx (6 errors)
      Axis 'XL' is not connected.
      Axis 'YL' is not connected.
      Axis 'ZL' is not connected.
      Axis 'BarCodeZAxis' is not connected.
      Pipettor 'VVP96' is not connected.
      Error(s) on component 'Gripper': Failed to set output 'Lynx.BarCodeZAxis.4'.

12/12/2018 13:07:54.1 [ZL] Instruction Error Status: None
12/12/2018 13:07:54.1 [ZL] Warp3 core version: 99103v1.0 (will support I/O).
12/12/2018 13:07:54.1 [ZL] Configured as an enhanced Warp3 with I/O.
12/12/2018 13:07:54.1 [ZL]   Inputs: False False False False False 
12/12/2018 13:07:54.1 [ZL] Current IP communications rate is 10 mb.
12/12/2018 13:07:54.1 [ZL] IP communications speed is currently set to 10 Mbps.
12/12/2018 13:07:54.2 [ZL] Phase correction: disabled, prescale: 0, phase counts: 2000
12/12/2018 13:07:54.3 [ZL] SetCurrentFoldbackAmps(8, 20) will set 17440 , 216
12/12/2018 13:07:54.3 [ZL] Configuration parameters loaded from 'P:\MethodManagerWorkspaces\LM703\Configuration\Z Axis.xml'. HomeVelocity 20 mm/s, CountsPerMM 2571 cts/mm.
12/12/2018 13:07:54.5 [ZL] Start Hall-based phase initialization.
12/12/2018 13:07:54.5 [ZL] Phases initialized.
12/12/2018 13:07:54.5 [BarCodeZAxis] Instruction Error Status: None
12/12/2018 13:07:54.5 [BarCodeZAxis] Warp3 core version: 99103v1.0 (will support I/O).
12/12/2018 13:07:54.6 [BarCodeZAxis] Configured as an enhanced Warp3 with I/O.
12/12/2018 13:07:54.6 [BarCodeZAxis]   Inputs: False True False False False 
12/12/2018 13:07:54.6 [BarCodeZAxis] Current IP communications rate is 10 mb.
12/12/2018 13:07:54.6 [BarCodeZAxis] IP communications speed is currently set to 10 Mbps.
12/12/2018 13:07:54.7 [BarCodeZAxis] Phase correction: disabled, prescale: 0, phase counts: 2000
12/12/2018 13:07:54.7 [BarCodeZAxis] SetCurrentFoldbackAmps(2, 5) will set 4360 , 54
12/12/2018 13:07:54.7 [BarCodeZAxis] Configuration parameters loaded from 'P:\MethodManagerWorkspaces\LM703\Configuration\BarCode Z.xml'. HomeVelocity 20 mm/s, CountsPerMM 5538 cts/mm.
12/12/2018 13:07:54.9 [BarCodeZAxis] Start Hall-based phase initialization.
12/12/2018 13:07:54.9 [BarCodeZAxis] Phases initialized.
12/12/2018 13:07:55.0 [YL] Instruction Error Status: None
12/12/2018 13:07:55.0 [YL] Warp3 core version: 99103v1.0 (will support I/O).
12/12/2018 13:07:55.0 [YL] Configured as an enhanced Warp3 with I/O.
12/12/2018 13:07:55.0 [YL]   Inputs: False False False False False 
12/12/2018 13:07:55.0 [YL] Current IP communications rate is 10 mb.
12/12/2018 13:07:55.0 [YL] IP communications speed is currently set to 10 Mbps.
12/12/2018 13:07:55.1 [YL] Phase correction: disabled, prescale: 1, phase counts: 1905
12/12/2018 13:07:55.2 [YL] SetCurrentFoldbackAmps(6, 100) will set 13080 , 1083
12/12/2018 13:07:55.2 [YL] Configuration parameters loaded from 'P:\MethodManagerWorkspaces\LM703\Configuration\Y Axis.xml'. HomeVelocity 20 mm/s, CountsPerMM 2000 cts/mm.
12/12/2018 13:07:55.3 [YL] Start Hall-based phase initialization.
12/12/2018 13:07:55.3 [YL] Phases initialized.
12/12/2018 13:07:55.4 [XL] Instruction Error Status: None
12/12/2018 13:07:55.4 [XL] Warp3 core version: 99103v1.0 (will support I/O).
12/12/2018 13:07:55.4 [XL] Configured as an enhanced Warp3 with I/O.
12/12/2018 13:07:55.4 [XL]   Inputs: False False False False False 
12/12/2018 13:07:55.5 [XL] Current IP communications rate is 10 mb.
12/12/2018 13:07:55.5 [XL] IP communications speed is currently set to 10 Mbps.
12/12/2018 13:07:55.6 [XL] Phase correction: disabled, prescale: 1, phase counts: 1905
12/12/2018 13:07:55.6 [XL] SetCurrentFoldbackAmps(6, 100) will set 13080 , 1083
12/12/2018 13:07:55.6 [XL] Configuration parameters loaded from 'P:\MethodManagerWorkspaces\LM703\Configuration\X Axis.xml'. HomeVelocity 20 mm/s, CountsPerMM 2000 cts/mm.
12/12/2018 13:07:55.8 [XL] Start Hall-based phase initialization.
12/12/2018 13:07:55.8 [XL] Phases initialized.
12/12/2018 13:07:58.6 [VVP96] Get VVP: command 'Aspirate Diagnostics' from 96 channels.
12/12/2018 13:07:58.8 [ZL] Move to Positive limit. Velocity 20 mm/s, accel 40 mm/s2, decel 200 mm/s2, timeout 60 s.
12/12/2018 13:07:59.5 [ZL] Reached limit successfully.
12/12/2018 13:07:59.5 [ZL] Attempting to back off Positive limit.
12/12/2018 13:08:00.1 [ZL] Move off limit completion: Successful (OKReady).
12/12/2018 13:08:00.2 [ZL] Move to limit finished.
12/12/2018 13:08:00.2 [ZL] Establishing new 0 position for the old position 0.00 mm.
12/12/2018 13:08:00.3 [ZL] Timestamp of last successful home: 12/12/2018 1:08:00 PM
12/12/2018 13:08:00.4 [BarCodeZAxis] Move to Negative limit. Velocity 20 mm/s, accel 200 mm/s2, decel 350 mm/s2, timeout 60 s.
12/12/2018 13:08:00.9 [BarCodeZAxis] Reached limit successfully.
12/12/2018 13:08:00.9 [BarCodeZAxis] Attempting to back off Negative limit.
12/12/2018 13:08:01.4 [BarCodeZAxis] Move off limit completion: Successful (OKReady).
12/12/2018 13:08:01.4 [BarCodeZAxis] Move to limit finished.
12/12/2018 13:08:01.4 [BarCodeZAxis] Establishing new 0 position for the old position 0.00 mm.
12/12/2018 13:08:01.5 [BarCodeZAxis] Timestamp of last successful home: 12/12/2018 1:08:01 PM
12/12/2018 13:08:05.6 [YL] Move to Positive limit. Velocity 20 mm/s, accel 200 mm/s2, decel 1000 mm/s2, timeout 60 s.
12/12/2018 13:08:16.7 [YL] Reached limit successfully.
12/12/2018 13:08:16.7 [YL] Attempting to back off Positive limit.
12/12/2018 13:08:17.1 [YL] Move off limit completion: Successful (OKReady).
12/12/2018 13:08:17.2 [YL] Move to limit finished.
12/12/2018 13:08:17.2 [YL] Establishing new 0 position for the old position 0.00 mm.
12/12/2018 13:08:17.3 [YL] Timestamp of last successful home: 12/12/2018 1:08:17 PM
12/12/2018 13:08:17.4 [XL] Move to Positive limit. Velocity 20 mm/s, accel 200 mm/s2, decel 1000 mm/s2, timeout 60 s.
12/12/2018 13:08:18.5 [XL] Reached limit successfully.
12/12/2018 13:08:18.5 [XL] Attempting to back off Positive limit.
12/12/2018 13:08:19.0 [XL] Move off limit completion: Successful (OKReady).
12/12/2018 13:08:19.0 [XL] Move to limit finished.
12/12/2018 13:08:19.1 [XL] Establishing new 0 position for the old position 0.00 mm.
12/12/2018 13:08:19.1 [XL] Timestamp of last successful home: 12/12/2018 1:08:19 PM
[User] Step.
12/12/2018 13:10:03.1 Process 'Tiff_Test.met' MethodStarted
12/12/2018 13:10:03.1 Process 'Tiff_Test.met'[4] 'Load Tips(VVP96)' CommandStarted
12/12/2018 13:10:03.2 [Lynx.Load Tips(VVP96).VVP96] Plate 'LXB-96-950F_01', column/row offset (0, 0), X/Y offset (0.00 mm,0.00 mm), height: -2.00 mm.
12/12/2018 13:10:03.2 [Lynx.Load Tips(VVP96).VVP96] No current tip.
12/12/2018 13:10:03.2 [Lynx.Load Tips(VVP96).VVP96] Tip loading depth for tip type 'LXB-96-950F' is 28.6 mm.
12/12/2018 13:10:03.2 [Lynx.Load Tips(VVP96).VVP96] Plate is at location 'Loc_03' (3.30 mm, -223.76 mm, -174.61 mm) with a stack index of 1.
12/12/2018 13:10:03.2 [Lynx.Load Tips(VVP96).VVP96] Tip loading height adjustment is -2.0 mm and Z axis force limit is 30% of full power.
12/12/2018 13:10:03.2 [Lynx.Load Tips(VVP96).VVP96] Tip loading Z error limit will be 10.0 mm, XY error window will be 50.0 mm, and the XY axis holding force fraction will be 20%
12/12/2018 13:10:03.2 [Lynx.Load Tips(VVP96).VVP96] Initial robot X/Y/ZStart/ZEnd coordinates: -11.08 mm, -212.52 mm, -2.00 mm, -102.71 mm, using motion profile 'Tip Load'.
12/12/2018 13:10:03.2 [Lynx.Load Tips(VVP96).VVP96] Initial axis positions:'XL' -0.05 mm, 'YL' -0.05 mm, 'ZL' 0.00 mm
12/12/2018 13:10:06.1 [XL] Relative motor limit setting 20.0%, changing limit from 100.0% to 20.0%
12/12/2018 13:10:06.1 [YL] Relative motor limit setting 20.0%, changing limit from 70.0% to 14.0%
12/12/2018 13:10:10.6 [Lynx.Load Tips(VVP96).VVP96] Maximum recorded tip load values: Position error 2.6 mm, motor current 22.9 %
12/12/2018 13:10:10.6 [Lynx.Load Tips(VVP96).VVP96] Tip load Z-axis motion complete.
12/12/2018 13:10:10.6 [Lynx.Load Tips(VVP96).VVP96] Tip load position errors for X/Y/Z: 0.11 mm, -0.01 mm, -2.60 mm
12/12/2018 13:10:10.9 [ZL] Absolute motor limit setting 24.0%, changing limit from 30.0% to 24.0%
12/12/2018 13:10:11.0 [ZL] Absolute motor limit setting 18.0%, changing limit from 24.0% to 18.0%
12/12/2018 13:10:11.1 [ZL] Absolute motor limit setting 12.0%, changing limit from 18.0% to 12.0%
12/12/2018 13:10:11.2 [ZL] Absolute motor limit setting 6.0%, changing limit from 12.0% to 6.0%
12/12/2018 13:10:11.3 [ZL] Relative motor limit setting 100.0%, changing limit from 6.0% to 30.0%
12/12/2018 13:10:12.9 [XL] Relative motor limit setting 100.0%, changing limit from 20.0% to 100.0%
12/12/2018 13:10:12.9 [YL] Relative motor limit setting 100.0%, changing limit from 14.0% to 70.0%
12/12/2018 13:10:12.9 [Lynx.Load Tips(VVP96).VVP96] Final axis positions:'XL' -11.09 mm, 'YL' -212.52 mm, 'ZL' -2.02 mm
12/12/2018 13:10:12.9 [Lynx.Load Tips(VVP96).VVP96] Current tip 'LXB-96-950F'.
12/12/2018 13:10:12.9 [Lynx.Load Tips(VVP96).VVP96] Time to complete: 9 s.
12/12/2018 13:10:12.9 Process 'Tiff_Test.met'[4] 'Load Tips(VVP96)' CommandCompleted
12/12/2018 13:10:12.9 Process 'Tiff_Test.met' MethodCompleted
1 of 1 method(s) completed successfully.
  Concurrent method 'Main' (Main) started at 12/12/2018 13:10:03.1 and finished at 12/12/2018 13:10:12.9

[User] Step.
12/12/2018 13:10:46.9 Process 'Tiff_Test.met' MethodStarted
12/12/2018 13:10:46.9 Process 'Tiff_Test.met'[5] 'Aspirate(VVP96)' CommandStarted
12/12/2018 13:10:47.0 [Lynx.Aspirate(VVP96).VVP96] Plate 'AutoFillTrough Copy_01', column/row offset (0, 0), X/Y offset (0.00 mm,0.00 mm), height: 2.00 mm.
12/12/2018 13:10:47.0 [Lynx.Aspirate(VVP96).VVP96] Current tip 'LXB-96-950F'.
12/12/2018 13:10:47.0 [Lynx.Aspirate(VVP96).VVP96] Plate is at location 'Loc_16' (-294.49 mm, -327.72 mm, -174.94 mm) with a stack index of 1.
12/12/2018 13:10:47.0 [Lynx.Aspirate(VVP96).VVP96] VVP Pressure 'Standard': Pressure 50 mbar, Residual vol. 0.74 uL, Pre/Post delay 0.00/0.00
12/12/2018 13:10:47.0 [Lynx.Aspirate(VVP96).VVP96] Aspirate parameters (96): Ch:A01 50.0uL/0.7uL; Ch:B01 50.0uL/0.7uL; Ch:C01 50.0uL/0.7uL; Ch:D01 50.0uL/0.7uL; Ch:E01 50.0uL/0.7uL; Ch:F01 50.0uL/0.7uL; Ch:G01 50.0uL/0.7uL; Ch:H01 50.0uL/0.7uL; Ch:A02 50.0uL/0.7uL; Ch:B02 50.0uL/0.7uL; Ch:C02 50.0uL/0.7uL; Ch:D02 50.0uL/0.7uL; Ch:E02 50.0uL/0.7uL; Ch:F02 50.0uL/0.7uL; Ch:G02 50.0uL/0.7uL; Ch:H02 50.0uL/0.7uL; Ch:A03 100.0uL/0.7uL; Ch:B03 100.0uL/0.7uL; Ch:C03 100.0uL/0.7uL; Ch:D03 100.0uL/0.7uL; Ch:E03 100.0uL/0.7uL; Ch:F03 100.0uL/0.7uL; Ch:G03 100.0uL/0.7uL; Ch:H03 100.0uL/0.7uL; Ch:A04 100.0uL/0.7uL; Ch:B04 100.0uL/0.7uL; Ch:C04 100.0uL/0.7uL; Ch:D04 100.0uL/0.7uL; Ch:E04 100.0uL/0.7uL; Ch:F04 100.0uL/0.7uL; Ch:G04 100.0uL/0.7uL; Ch:H04 100.0uL/0.7uL; Ch:A05 250.0uL/0.7uL; Ch:B05 250.0uL/0.7uL; Ch:C05 250.0uL/0.7uL; Ch:D05 250.0uL/0.7uL; Ch:E05 250.0uL/0.7uL; Ch:F05 250.0uL/0.7uL; Ch:G05 250.0uL/0.7uL; Ch:H05 250.0uL/0.7uL; Ch:A06 250.0uL/0.7uL; Ch:B06 250.0uL/0.7uL; Ch:C06 250.0uL/0.7uL; Ch:D06 250.0uL/0.7uL; Ch:E06 250.0uL/0.7uL; Ch:F06 250.0uL/0.7uL; Ch:G06 250.0uL/0.7uL; Ch:H06 250.0uL/0.7uL; Ch:A07 350.0uL/0.7uL; Ch:B07 350.0uL/0.7uL; Ch:C07 350.0uL/0.7uL; Ch:D07 350.0uL/0.7uL; Ch:E07 350.0uL/0.7uL; Ch:F07 350.0uL/0.7uL; Ch:G07 350.0uL/0.7uL; Ch:H07 350.0uL/0.7uL; Ch:A08 350.0uL/0.7uL; Ch:B08 350.0uL/0.7uL; Ch:C08 350.0uL/0.7uL; Ch:D08 350.0uL/0.7uL; Ch:E08 350.0uL/0.7uL; Ch:F08 350.0uL/0.7uL; Ch:G08 350.0uL/0.7uL; Ch:H08 350.0uL/0.7uL; Ch:A09 500.0uL/0.7uL; Ch:B09 500.0uL/0.7uL; Ch:C09 500.0uL/0.7uL; Ch:D09 500.0uL/0.7uL; Ch:E09 500.0uL/0.7uL; Ch:F09 500.0uL/0.7uL; Ch:G09 500.0uL/0.7uL; Ch:H09 500.0uL/0.7uL; Ch:A10 500.0uL/0.7uL; Ch:B10 500.0uL/0.7uL; Ch:C10 500.0uL/0.7uL; Ch:D10 500.0uL/0.7uL; Ch:E10 500.0uL/0.7uL; Ch:F10 500.0uL/0.7uL; Ch:G10 500.0uL/0.7uL; Ch:H10 500.0uL/0.7uL; Ch:A11 700.0uL/0.7uL; Ch:B11 700.0uL/0.7uL; Ch:C11 700.0uL/0.7uL; Ch:D11 700.0uL/0.7uL; Ch:E11 700.0uL/0.7uL; Ch:F11 700.0uL/0.7uL; Ch:G11 700.0uL/0.7uL; Ch:H11 700.0uL/0.7uL; Ch:A12 700.0uL/0.7uL; Ch:B12 700.0uL/0.7uL; Ch:C12 700.0uL/0.7uL; Ch:D12 700.0uL/0.7uL; Ch:E12 700.0uL/0.7uL; Ch:F12 700.0uL/0.7uL; Ch:G12 700.0uL/0.7uL; Ch:H12 700.0uL/0.7uL
12/12/2018 13:10:47.0 [Lynx.Aspirate(VVP96).VVP96] Post airgap parameters (0): 
12/12/2018 13:10:47.0 [Lynx.Aspirate(VVP96).VVP96] Hydrostatic Pressure Correction Enabled (Channel A01) volume : 0.00 ul.
12/12/2018 13:10:47.0 [Lynx.Aspirate(VVP96).VVP96] Hydrostatic Pressure Correction Enabled (Channel B01) volume : 0.00 ul.
12/12/2018 13:10:47.0 [Lynx.Aspirate(VVP96).VVP96] Hydrostatic Pressure Correction Enabled (Channel C01) volume : 0.00 ul.
12/12/2018 13:10:47.0 [Lynx.Aspirate(VVP96).VVP96] Hydrostatic Pressure Correction Enabled (Channel D01) volume : 0.00 ul.
12/12/2018 13:10:47.0 [Lynx.Aspirate(VVP96).VVP96] Hydrostatic Pressure Correction Enabled (Channel E01) volume : 0.00 ul.
12/12/2018 13:10:47.0 [Lynx.Aspirate(VVP96).VVP96] Hydrostatic Pressure Correction Enabled (Channel F01) volume : 0.00 ul.
12/12/2018 13:10:47.0 [Lynx.Aspirate(VVP96).VVP96] Hydrostatic Pressure Correction Enabled (Channel G01) volume : 0.00 ul.
12/12/2018 13:10:47.0 [Lynx.Aspirate(VVP96).VVP96] Hydrostatic Pressure Correction Enabled (Channel H01) volume : 0.00 ul.
12/12/2018 13:10:47.0 [Lynx.Aspirate(VVP96).VVP96] Hydrostatic Pressure Correction Enabled (Channel A02) volume : 0.00 ul.
12/12/2018 13:10:47.0 [Lynx.Aspirate(VVP96).VVP96] Hydrostatic Pressure Correction Enabled (Channel B02) volume : 0.00 ul.
12/12/2018 13:10:47.0 [Lynx.Aspirate(VVP96).VVP96] Hydrostatic Pressure Correction Enabled (Channel C02) volume : 0.00 ul.
12/12/2018 13:10:47.0 [Lynx.Aspirate(VVP96).VVP96] Hydrostatic Pressure Correction Enabled (Channel D02) volume : 0.00 ul.
12/12/2018 13:10:47.0 [Lynx.Aspirate(VVP96).VVP96] Hydrostatic Pressure Correction Enabled (Channel E02) volume : 0.00 ul.
12/12/2018 13:10:47.0 [Lynx.Aspirate(VVP96).VVP96] Hydrostatic Pressure Correction Enabled (Channel F02) volume : 0.00 ul.
12/12/2018 13:10:47.0 [Lynx.Aspirate(VVP96).VVP96] Hydrostatic Pressure Correction Enabled (Channel G02) volume : 0.00 ul.
12/12/2018 13:10:47.0 [Lynx.Aspirate(VVP96).VVP96] Hydrostatic Pressure Correction Enabled (Channel H02) volume : 0.00 ul.
12/12/2018 13:10:47.0 [Lynx.Aspirate(VVP96).VVP96] Hydrostatic Pressure Correction Enabled (Channel A03) volume : 0.00 ul.
12/12/2018 13:10:47.0 [Lynx.Aspirate(VVP96).VVP96] Hydrostatic Pressure Correction Enabled (Channel B03) volume : 0.00 ul.
12/12/2018 13:10:47.0 [Lynx.Aspirate(VVP96).VVP96] Hydrostatic Pressure Correction Enabled (Channel C03) volume : 0.00 ul.
12/12/2018 13:10:47.0 [Lynx.Aspirate(VVP96).VVP96] Hydrostatic Pressure Correction Enabled (Channel D03) volume : 0.00 ul.
12/12/2018 13:10:47.0 [Lynx.Aspirate(VVP96).VVP96] Hydrostatic Pressure Correction Enabled (Channel E03) volume : 0.00 ul.
12/12/2018 13:10:47.0 [Lynx.Aspirate(VVP96).VVP96] Hydrostatic Pressure Correction Enabled (Channel F03) volume : 0.00 ul.
12/12/2018 13:10:47.0 [Lynx.Aspirate(VVP96).VVP96] Hydrostatic Pressure Correction Enabled (Channel G03) volume : 0.00 ul.
12/12/2018 13:10:47.0 [Lynx.Aspirate(VVP96).VVP96] Hydrostatic Pressure Correction Enabled (Channel H03) volume : 0.00 ul.
12/12/2018 13:10:47.0 [Lynx.Aspirate(VVP96).VVP96] Hydrostatic Pressure Correction Enabled (Channel A04) volume : 0.00 ul.
12/12/2018 13:10:47.0 [Lynx.Aspirate(VVP96).VVP96] Hydrostatic Pressure Correction Enabled (Channel B04) volume : 0.00 ul.
12/12/2018 13:10:47.0 [Lynx.Aspirate(VVP96).VVP96] Hydrostatic Pressure Correction Enabled (Channel C04) volume : 0.00 ul.
12/12/2018 13:10:47.0 [Lynx.Aspirate(VVP96).VVP96] Hydrostatic Pressure Correction Enabled (Channel D04) volume : 0.00 ul.
12/12/2018 13:10:47.0 [Lynx.Aspirate(VVP96).VVP96] Hydrostatic Pressure Correction Enabled (Channel E04) volume : 0.00 ul.
12/12/2018 13:10:47.0 [Lynx.Aspirate(VVP96).VVP96] Hydrostatic Pressure Correction Enabled (Channel F04) volume : 0.00 ul.
12/12/2018 13:10:47.0 [Lynx.Aspirate(VVP96).VVP96] Hydrostatic Pressure Correction Enabled (Channel G04) volume : 0.00 ul.
12/12/2018 13:10:47.0 [Lynx.Aspirate(VVP96).VVP96] Hydrostatic Pressure Correction Enabled (Channel H04) volume : 0.00 ul.
12/12/2018 13:10:47.0 [Lynx.Aspirate(VVP96).VVP96] Hydrostatic Pressure Correction Enabled (Channel A05) volume : 0.00 ul.
12/12/2018 13:10:47.0 [Lynx.Aspirate(VVP96).VVP96] Hydrostatic Pressure Correction Enabled (Channel B05) volume : 0.00 ul.
12/12/2018 13:10:47.0 [Lynx.Aspirate(VVP96).VVP96] Hydrostatic Pressure Correction Enabled (Channel C05) volume : 0.00 ul.
12/12/2018 13:10:47.0 [Lynx.Aspirate(VVP96).VVP96] Hydrostatic Pressure Correction Enabled (Channel D05) volume : 0.00 ul.
12/12/2018 13:10:47.0 [Lynx.Aspirate(VVP96).VVP96] Hydrostatic Pressure Correction Enabled (Channel E05) volume : 0.00 ul.
12/12/2018 13:10:47.0 [Lynx.Aspirate(VVP96).VVP96] Hydrostatic Pressure Correction Enabled (Channel F05) volume : 0.00 ul.
12/12/2018 13:10:47.0 [Lynx.Aspirate(VVP96).VVP96] Hydrostatic Pressure Correction Enabled (Channel G05) volume : 0.00 ul.
12/12/2018 13:10:47.0 [Lynx.Aspirate(VVP96).VVP96] Hydrostatic Pressure Correction Enabled (Channel H05) volume : 0.00 ul.
12/12/2018 13:10:47.0 [Lynx.Aspirate(VVP96).VVP96] Hydrostatic Pressure Correction Enabled (Channel A06) volume : 0.00 ul.
12/12/2018 13:10:47.0 [Lynx.Aspirate(VVP96).VVP96] Hydrostatic Pressure Correction Enabled (Channel B06) volume : 0.00 ul.
12/12/2018 13:10:47.0 [Lynx.Aspirate(VVP96).VVP96] Hydrostatic Pressure Correction Enabled (Channel C06) volume : 0.00 ul.
12/12/2018 13:10:47.0 [Lynx.Aspirate(VVP96).VVP96] Hydrostatic Pressure Correction Enabled (Channel D06) volume : 0.00 ul.
12/12/2018 13:10:47.0 [Lynx.Aspirate(VVP96).VVP96] Hydrostatic Pressure Correction Enabled (Channel E06) volume : 0.00 ul.
12/12/2018 13:10:47.0 [Lynx.Aspirate(VVP96).VVP96] Hydrostatic Pressure Correction Enabled (Channel F06) volume : 0.00 ul.
12/12/2018 13:10:47.0 [Lynx.Aspirate(VVP96).VVP96] Hydrostatic Pressure Correction Enabled (Channel G06) volume : 0.00 ul.
12/12/2018 13:10:47.0 [Lynx.Aspirate(VVP96).VVP96] Hydrostatic Pressure Correction Enabled (Channel H06) volume : 0.00 ul.
12/12/2018 13:10:47.0 [Lynx.Aspirate(VVP96).VVP96] Hydrostatic Pressure Correction Enabled (Channel A07) volume : 0.00 ul.
12/12/2018 13:10:47.0 [Lynx.Aspirate(VVP96).VVP96] Hydrostatic Pressure Correction Enabled (Channel B07) volume : 0.00 ul.
12/12/2018 13:10:47.0 [Lynx.Aspirate(VVP96).VVP96] Hydrostatic Pressure Correction Enabled (Channel C07) volume : 0.00 ul.
12/12/2018 13:10:47.0 [Lynx.Aspirate(VVP96).VVP96] Hydrostatic Pressure Correction Enabled (Channel D07) volume : 0.00 ul.
12/12/2018 13:10:47.0 [Lynx.Aspirate(VVP96).VVP96] Hydrostatic Pressure Correction Enabled (Channel E07) volume : 0.00 ul.
12/12/2018 13:10:47.0 [Lynx.Aspirate(VVP96).VVP96] Hydrostatic Pressure Correction Enabled (Channel F07) volume : 0.00 ul.
12/12/2018 13:10:47.0 [Lynx.Aspirate(VVP96).VVP96] Hydrostatic Pressure Correction Enabled (Channel G07) volume : 0.00 ul.
12/12/2018 13:10:47.0 [Lynx.Aspirate(VVP96).VVP96] Hydrostatic Pressure Correction Enabled (Channel H07) volume : 0.00 ul.
12/12/2018 13:10:47.0 [Lynx.Aspirate(VVP96).VVP96] Hydrostatic Pressure Correction Enabled (Channel A08) volume : 0.00 ul.
12/12/2018 13:10:47.0 [Lynx.Aspirate(VVP96).VVP96] Hydrostatic Pressure Correction Enabled (Channel B08) volume : 0.00 ul.
12/12/2018 13:10:47.0 [Lynx.Aspirate(VVP96).VVP96] Hydrostatic Pressure Correction Enabled (Channel C08) volume : 0.00 ul.
12/12/2018 13:10:47.0 [Lynx.Aspirate(VVP96).VVP96] Hydrostatic Pressure Correction Enabled (Channel D08) volume : 0.00 ul.
12/12/2018 13:10:47.0 [Lynx.Aspirate(VVP96).VVP96] Hydrostatic Pressure Correction Enabled (Channel E08) volume : 0.00 ul.
12/12/2018 13:10:47.0 [Lynx.Aspirate(VVP96).VVP96] Hydrostatic Pressure Correction Enabled (Channel F08) volume : 0.00 ul.
12/12/2018 13:10:47.0 [Lynx.Aspirate(VVP96).VVP96] Hydrostatic Pressure Correction Enabled (Channel G08) volume : 0.00 ul.
12/12/2018 13:10:47.0 [Lynx.Aspirate(VVP96).VVP96] Hydrostatic Pressure Correction Enabled (Channel H08) volume : 0.00 ul.
12/12/2018 13:10:47.0 [Lynx.Aspirate(VVP96).VVP96] Hydrostatic Pressure Correction Enabled (Channel A09) volume : 0.00 ul.
12/12/2018 13:10:47.0 [Lynx.Aspirate(VVP96).VVP96] Hydrostatic Pressure Correction Enabled (Channel B09) volume : 0.00 ul.
12/12/2018 13:10:47.0 [Lynx.Aspirate(VVP96).VVP96] Hydrostatic Pressure Correction Enabled (Channel C09) volume : 0.00 ul.
12/12/2018 13:10:47.0 [Lynx.Aspirate(VVP96).VVP96] Hydrostatic Pressure Correction Enabled (Channel D09) volume : 0.00 ul.
12/12/2018 13:10:47.0 [Lynx.Aspirate(VVP96).VVP96] Hydrostatic Pressure Correction Enabled (Channel E09) volume : 0.00 ul.
12/12/2018 13:10:47.0 [Lynx.Aspirate(VVP96).VVP96] Hydrostatic Pressure Correction Enabled (Channel F09) volume : 0.00 ul.
12/12/2018 13:10:47.0 [Lynx.Aspirate(VVP96).VVP96] Hydrostatic Pressure Correction Enabled (Channel G09) volume : 0.00 ul.
12/12/2018 13:10:47.0 [Lynx.Aspirate(VVP96).VVP96] Hydrostatic Pressure Correction Enabled (Channel H09) volume : 0.00 ul.
12/12/2018 13:10:47.0 [Lynx.Aspirate(VVP96).VVP96] Hydrostatic Pressure Correction Enabled (Channel A10) volume : 0.00 ul.
12/12/2018 13:10:47.0 [Lynx.Aspirate(VVP96).VVP96] Hydrostatic Pressure Correction Enabled (Channel B10) volume : 0.00 ul.
12/12/2018 13:10:47.0 [Lynx.Aspirate(VVP96).VVP96] Hydrostatic Pressure Correction Enabled (Channel C10) volume : 0.00 ul.
12/12/2018 13:10:47.0 [Lynx.Aspirate(VVP96).VVP96] Hydrostatic Pressure Correction Enabled (Channel D10) volume : 0.00 ul.
12/12/2018 13:10:47.0 [Lynx.Aspirate(VVP96).VVP96] Hydrostatic Pressure Correction Enabled (Channel E10) volume : 0.00 ul.
12/12/2018 13:10:47.0 [Lynx.Aspirate(VVP96).VVP96] Hydrostatic Pressure Correction Enabled (Channel F10) volume : 0.00 ul.
12/12/2018 13:10:47.0 [Lynx.Aspirate(VVP96).VVP96] Hydrostatic Pressure Correction Enabled (Channel G10) volume : 0.00 ul.
12/12/2018 13:10:47.0 [Lynx.Aspirate(VVP96).VVP96] Hydrostatic Pressure Correction Enabled (Channel H10) volume : 0.00 ul.
12/12/2018 13:10:47.0 [Lynx.Aspirate(VVP96).VVP96] Hydrostatic Pressure Correction Enabled (Channel A11) volume : 0.00 ul.
12/12/2018 13:10:47.0 [Lynx.Aspirate(VVP96).VVP96] Hydrostatic Pressure Correction Enabled (Channel B11) volume : 0.00 ul.
12/12/2018 13:10:47.0 [Lynx.Aspirate(VVP96).VVP96] Hydrostatic Pressure Correction Enabled (Channel C11) volume : 0.00 ul.
12/12/2018 13:10:47.0 [Lynx.Aspirate(VVP96).VVP96] Hydrostatic Pressure Correction Enabled (Channel D11) volume : 0.00 ul.
12/12/2018 13:10:47.0 [Lynx.Aspirate(VVP96).VVP96] Hydrostatic Pressure Correction Enabled (Channel E11) volume : 0.00 ul.
12/12/2018 13:10:47.0 [Lynx.Aspirate(VVP96).VVP96] Hydrostatic Pressure Correction Enabled (Channel F11) volume : 0.00 ul.
12/12/2018 13:10:47.0 [Lynx.Aspirate(VVP96).VVP96] Hydrostatic Pressure Correction Enabled (Channel G11) volume : 0.00 ul.
12/12/2018 13:10:47.0 [Lynx.Aspirate(VVP96).VVP96] Hydrostatic Pressure Correction Enabled (Channel H11) volume : 0.00 ul.
12/12/2018 13:10:47.0 [Lynx.Aspirate(VVP96).VVP96] Hydrostatic Pressure Correction Enabled (Channel A12) volume : 0.00 ul.
12/12/2018 13:10:47.0 [Lynx.Aspirate(VVP96).VVP96] Hydrostatic Pressure Correction Enabled (Channel B12) volume : 0.00 ul.
12/12/2018 13:10:47.0 [Lynx.Aspirate(VVP96).VVP96] Hydrostatic Pressure Correction Enabled (Channel C12) volume : 0.00 ul.
12/12/2018 13:10:47.0 [Lynx.Aspirate(VVP96).VVP96] Hydrostatic Pressure Correction Enabled (Channel D12) volume : 0.00 ul.
12/12/2018 13:10:47.0 [Lynx.Aspirate(VVP96).VVP96] Hydrostatic Pressure Correction Enabled (Channel E12) volume : 0.00 ul.
12/12/2018 13:10:47.0 [Lynx.Aspirate(VVP96).VVP96] Hydrostatic Pressure Correction Enabled (Channel F12) volume : 0.00 ul.
12/12/2018 13:10:47.0 [Lynx.Aspirate(VVP96).VVP96] Hydrostatic Pressure Correction Enabled (Channel G12) volume : 0.00 ul.
12/12/2018 13:10:47.0 [Lynx.Aspirate(VVP96).VVP96] Hydrostatic Pressure Correction Enabled (Channel H12) volume : 0.00 ul.
12/12/2018 13:10:47.0 [Lynx.Aspirate(VVP96).VVP96] Initial robot X/Y/ZStart/ZEnd coordinates: -308.79 mm, -316.52 mm, -82.64 mm, -84.64 mm, using motion profile 'Fast Speed'.
12/12/2018 13:10:47.0 [Lynx.Aspirate(VVP96).VVP96] Initial axis positions:'XL' -11.09 mm, 'YL' -212.52 mm, 'ZL' -2.02 mm
12/12/2018 13:10:49.9 [VVP96] Clog detection is off.
12/12/2018 13:10:49.9 [VVP96] Aspirate diagnostics are off.
12/12/2018 13:10:49.9 [VVP96] Set VVP: command 'Clogging Limit' with setting of 0 for 96 channels.
12/12/2018 13:10:50.2 [VVP96] Set VVP: command 'Air-to-Liquid Sens.' with setting of 0 for 96 channels.
12/12/2018 13:10:50.4 [VVP96] Set VVP: command 'Liquid-to-Air Sens.' with setting of 0 for 96 channels.
12/12/2018 13:10:51.5 [VVP96] VVP Aspirate pressure is 52 mbar.
12/12/2018 13:10:57.6 [VVP96] Aspirate complete.
12/12/2018 13:10:58.2 [VVP96] Average residual volume was 1.44 ul for 96 channels at 50 mbar pressure
12/12/2018 13:10:58.4 [Lynx.Aspirate(VVP96).VVP96] Aspirate results: Ch:A01 50.6uL/1.4uL OK, Ch:B01 50.7uL/1.4uL OK, Ch:C01 50.7uL/1.4uL OK, Ch:D01 50.7uL/1.4uL OK, Ch:E01 50.7uL/1.4uL OK, Ch:F01 50.7uL/1.4uL OK, Ch:G01 50.7uL/1.4uL OK, Ch:H01 50.6uL/1.4uL OK, Ch:A02 50.6uL/1.3uL OK, Ch:B02 50.7uL/1.4uL OK, Ch:C02 50.7uL/1.4uL OK, Ch:D02 50.7uL/1.4uL OK, Ch:E02 50.7uL/1.4uL OK, Ch:F02 50.5uL/1.3uL OK, Ch:G02 50.6uL/1.4uL OK, Ch:H02 50.6uL/1.3uL OK, Ch:A03 100.6uL/1.3uL OK, Ch:B03 100.6uL/1.4uL OK, Ch:C03 100.7uL/1.4uL OK, Ch:D03 100.6uL/1.3uL OK, Ch:E03 100.5uL/1.3uL OK, Ch:F03 100.6uL/1.3uL OK, Ch:G03 100.7uL/1.4uL OK, Ch:H03 100.7uL/1.4uL OK, Ch:A04 100.7uL/1.4uL OK, Ch:B04 100.6uL/1.3uL OK, Ch:C04 100.8uL/1.5uL OK, Ch:D04 100.6uL/1.3uL OK, Ch:E04 100.6uL/1.3uL OK, Ch:F04 100.5uL/1.3uL OK, Ch:G04 100.6uL/1.3uL OK, Ch:H04 100.6uL/1.3uL OK, Ch:A05 250.6uL/1.3uL OK, Ch:B05 250.6uL/1.4uL OK, Ch:C05 250.7uL/1.4uL OK, Ch:D05 250.6uL/1.4uL OK, Ch:E05 250.7uL/1.4uL OK, Ch:F05 250.7uL/1.4uL OK, Ch:G05 250.8uL/1.5uL OK, Ch:H05 250.7uL/1.4uL OK, Ch:A06 250.6uL/1.4uL OK, Ch:B06 250.8uL/1.5uL OK, Ch:C06 250.6uL/1.4uL OK, Ch:D06 250.7uL/1.4uL OK, Ch:E06 250.7uL/1.4uL OK, Ch:F06 250.7uL/1.4uL OK, Ch:G06 250.7uL/1.4uL OK, Ch:H06 250.6uL/1.4uL OK, Ch:A07 350.8uL/1.5uL OK, Ch:B07 350.7uL/1.5uL OK, Ch:C07 350.7uL/1.5uL OK, Ch:D07 350.7uL/1.5uL OK, Ch:E07 350.7uL/1.4uL OK, Ch:F07 350.7uL/1.5uL OK, Ch:G07 350.7uL/1.5uL OK, Ch:H07 350.8uL/1.5uL OK, Ch:A08 350.8uL/1.5uL OK, Ch:B08 350.8uL/1.5uL OK, Ch:C08 350.7uL/1.5uL OK, Ch:D08 350.7uL/1.4uL OK, Ch:E08 350.8uL/1.5uL OK, Ch:F08 350.8uL/1.5uL OK, Ch:G08 350.8uL/1.5uL OK, Ch:H08 350.6uL/1.4uL OK, Ch:A09 500.8uL/1.5uL OK, Ch:B09 500.8uL/1.6uL OK, Ch:C09 500.7uL/1.5uL OK, Ch:D09 500.7uL/1.5uL OK, Ch:E09 500.8uL/1.6uL OK, Ch:F09 500.9uL/1.6uL OK, Ch:G09 500.8uL/1.5uL OK, Ch:H09 500.8uL/1.5uL OK, Ch:A10 500.7uL/1.5uL OK, Ch:B10 501.0uL/1.7uL OK, Ch:C10 500.8uL/1.6uL OK, Ch:D10 500.7uL/1.5uL OK, Ch:E10 500.8uL/1.5uL OK, Ch:F10 500.7uL/1.4uL OK, Ch:G10 500.9uL/1.6uL OK, Ch:H10 500.9uL/1.6uL OK, Ch:A11 700.7uL/1.5uL OK, Ch:B11 700.8uL/1.5uL OK, Ch:C11 700.8uL/1.5uL OK, Ch:D11 700.7uL/1.5uL OK, Ch:E11 700.8uL/1.5uL OK, Ch:F11 700.8uL/1.5uL OK, Ch:G11 700.7uL/1.4uL OK, Ch:H11 700.8uL/1.5uL OK, Ch:A12 700.8uL/1.5uL OK, Ch:B12 700.7uL/1.5uL OK, Ch:C12 700.9uL/1.6uL OK, Ch:D12 700.8uL/1.5uL OK, Ch:E12 700.7uL/1.5uL OK, Ch:F12 700.8uL/1.5uL OK, Ch:G12 700.7uL/1.5uL OK, Ch:H12 700.8uL/1.5uL OK
12/12/2018 13:11:00.4 [Lynx.Aspirate(VVP96).VVP96] Final axis positions:'XL' -308.73 mm, 'YL' -316.50 mm, 'ZL' -2.02 mm
12/12/2018 13:11:00.4 [Lynx.Aspirate(VVP96).VVP96] Time to complete: 13 s.
12/12/2018 13:11:00.5 Process 'Tiff_Test.met'[5] 'Aspirate(VVP96)' CommandCompleted
12/12/2018 13:11:00.5 Process 'Tiff_Test.met' MethodCompleted
1 of 1 method(s) completed successfully.
  Concurrent method 'Main' (Main) started at 12/12/2018 13:10:46.9 and finished at 12/12/2018 13:11:00.5

[User] Step.
12/12/2018 13:11:04.6 Process 'Tiff_Test.met' MethodStarted
12/12/2018 13:11:04.6 Process 'Tiff_Test.met'[6] 'Dispense(VVP96)' CommandStarted
12/12/2018 13:11:04.6 [Lynx.Dispense(VVP96).VVP96] Plate 'Nunc 1ml_01', column/row offset (0, 0), X/Y offset (0.00 mm,0.00 mm), height: 5.00 mm.
12/12/2018 13:11:04.6 [Lynx.Dispense(VVP96).VVP96] Current tip 'LXB-96-950F'.
12/12/2018 13:11:04.6 [Lynx.Dispense(VVP96).VVP96] Plate is at location 'Loc_09' (-145.82 mm, -223.65 mm, -173.33 mm) with a stack index of 1.
12/12/2018 13:11:04.6 [Lynx.Dispense(VVP96).VVP96] VVP Pressure 'High Volume': Pressure 120 mbar, Residual vol. 1.91 uL, Pre/Post delay 0.00/1.00
12/12/2018 13:11:04.6 [Lynx.Dispense(VVP96).VVP96] Dispense parameters (96): Ch:A01 50.6uL/1.9uL; Ch:B01 50.7uL/1.9uL; Ch:C01 50.7uL/1.9uL; Ch:D01 50.7uL/1.9uL; Ch:E01 50.7uL/1.9uL; Ch:F01 50.7uL/1.9uL; Ch:G01 50.7uL/1.9uL; Ch:H01 50.6uL/1.9uL; Ch:A02 50.6uL/1.9uL; Ch:B02 50.7uL/1.9uL; Ch:C02 50.7uL/1.9uL; Ch:D02 50.7uL/1.9uL; Ch:E02 50.7uL/1.9uL; Ch:F02 50.5uL/1.9uL; Ch:G02 50.6uL/1.9uL; Ch:H02 50.6uL/1.9uL; Ch:A03 100.6uL/1.9uL; Ch:B03 100.6uL/1.9uL; Ch:C03 100.7uL/1.9uL; Ch:D03 100.6uL/1.9uL; Ch:E03 100.5uL/1.9uL; Ch:F03 100.6uL/1.9uL; Ch:G03 100.7uL/1.9uL; Ch:H03 100.7uL/1.9uL; Ch:A04 100.7uL/1.9uL; Ch:B04 100.6uL/1.9uL; Ch:C04 100.8uL/1.9uL; Ch:D04 100.6uL/1.9uL; Ch:E04 100.6uL/1.9uL; Ch:F04 100.5uL/1.9uL; Ch:G04 100.6uL/1.9uL; Ch:H04 100.6uL/1.9uL; Ch:A05 250.6uL/1.9uL; Ch:B05 250.6uL/1.9uL; Ch:C05 250.7uL/1.9uL; Ch:D05 250.6uL/1.9uL; Ch:E05 250.7uL/1.9uL; Ch:F05 250.7uL/1.9uL; Ch:G05 250.8uL/1.9uL; Ch:H05 250.7uL/1.9uL; Ch:A06 250.6uL/1.9uL; Ch:B06 250.8uL/1.9uL; Ch:C06 250.6uL/1.9uL; Ch:D06 250.7uL/1.9uL; Ch:E06 250.7uL/1.9uL; Ch:F06 250.7uL/1.9uL; Ch:G06 250.7uL/1.9uL; Ch:H06 250.6uL/1.9uL; Ch:A07 350.8uL/1.9uL; Ch:B07 350.7uL/1.9uL; Ch:C07 350.7uL/1.9uL; Ch:D07 350.7uL/1.9uL; Ch:E07 350.7uL/1.9uL; Ch:F07 350.7uL/1.9uL; Ch:G07 350.7uL/1.9uL; Ch:H07 350.8uL/1.9uL; Ch:A08 350.8uL/1.9uL; Ch:B08 350.8uL/1.9uL; Ch:C08 350.7uL/1.9uL; Ch:D08 350.7uL/1.9uL; Ch:E08 350.8uL/1.9uL; Ch:F08 350.8uL/1.9uL; Ch:G08 350.8uL/1.9uL; Ch:H08 350.6uL/1.9uL; Ch:A09 500.8uL/1.9uL; Ch:B09 500.8uL/1.9uL; Ch:C09 500.7uL/1.9uL; Ch:D09 500.7uL/1.9uL; Ch:E09 500.8uL/1.9uL; Ch:F09 500.9uL/1.9uL; Ch:G09 500.8uL/1.9uL; Ch:H09 500.8uL/1.9uL; Ch:A10 500.7uL/1.9uL; Ch:B10 501.0uL/1.9uL; Ch:C10 500.8uL/1.9uL; Ch:D10 500.7uL/1.9uL; Ch:E10 500.8uL/1.9uL; Ch:F10 500.7uL/1.9uL; Ch:G10 500.9uL/1.9uL; Ch:H10 500.9uL/1.9uL; Ch:A11 700.7uL/1.9uL; Ch:B11 700.8uL/1.9uL; Ch:C11 700.8uL/1.9uL; Ch:D11 700.7uL/1.9uL; Ch:E11 700.8uL/1.9uL; Ch:F11 700.8uL/1.9uL; Ch:G11 700.7uL/1.9uL; Ch:H11 700.8uL/1.9uL; Ch:A12 700.8uL/1.9uL; Ch:B12 700.7uL/1.9uL; Ch:C12 700.9uL/1.9uL; Ch:D12 700.8uL/1.9uL; Ch:E12 700.7uL/1.9uL; Ch:F12 700.8uL/1.9uL; Ch:G12 700.7uL/1.9uL; Ch:H12 700.8uL/1.9uL
12/12/2018 13:11:04.6 [Lynx.Dispense(VVP96).VVP96] Blowout parameters (96): Ch:A01 15.0uL/1.9uL; Ch:B01 15.0uL/1.9uL; Ch:C01 15.0uL/1.9uL; Ch:D01 15.0uL/1.9uL; Ch:E01 15.0uL/1.9uL; Ch:F01 15.0uL/1.9uL; Ch:G01 15.0uL/1.9uL; Ch:H01 15.0uL/1.9uL; Ch:A02 15.0uL/1.9uL; Ch:B02 15.0uL/1.9uL; Ch:C02 15.0uL/1.9uL; Ch:D02 15.0uL/1.9uL; Ch:E02 15.0uL/1.9uL; Ch:F02 15.0uL/1.9uL; Ch:G02 15.0uL/1.9uL; Ch:H02 15.0uL/1.9uL; Ch:A03 15.0uL/1.9uL; Ch:B03 15.0uL/1.9uL; Ch:C03 15.0uL/1.9uL; Ch:D03 15.0uL/1.9uL; Ch:E03 15.0uL/1.9uL; Ch:F03 15.0uL/1.9uL; Ch:G03 15.0uL/1.9uL; Ch:H03 15.0uL/1.9uL; Ch:A04 15.0uL/1.9uL; Ch:B04 15.0uL/1.9uL; Ch:C04 15.0uL/1.9uL; Ch:D04 15.0uL/1.9uL; Ch:E04 15.0uL/1.9uL; Ch:F04 15.0uL/1.9uL; Ch:G04 15.0uL/1.9uL; Ch:H04 15.0uL/1.9uL; Ch:A05 15.0uL/1.9uL; Ch:B05 15.0uL/1.9uL; Ch:C05 15.0uL/1.9uL; Ch:D05 15.0uL/1.9uL; Ch:E05 15.0uL/1.9uL; Ch:F05 15.0uL/1.9uL; Ch:G05 15.0uL/1.9uL; Ch:H05 15.0uL/1.9uL; Ch:A06 15.0uL/1.9uL; Ch:B06 15.0uL/1.9uL; Ch:C06 15.0uL/1.9uL; Ch:D06 15.0uL/1.9uL; Ch:E06 15.0uL/1.9uL; Ch:F06 15.0uL/1.9uL; Ch:G06 15.0uL/1.9uL; Ch:H06 15.0uL/1.9uL; Ch:A07 15.0uL/1.9uL; Ch:B07 15.0uL/1.9uL; Ch:C07 15.0uL/1.9uL; Ch:D07 15.0uL/1.9uL; Ch:E07 15.0uL/1.9uL; Ch:F07 15.0uL/1.9uL; Ch:G07 15.0uL/1.9uL; Ch:H07 15.0uL/1.9uL; Ch:A08 15.0uL/1.9uL; Ch:B08 15.0uL/1.9uL; Ch:C08 15.0uL/1.9uL; Ch:D08 15.0uL/1.9uL; Ch:E08 15.0uL/1.9uL; Ch:F08 15.0uL/1.9uL; Ch:G08 15.0uL/1.9uL; Ch:H08 15.0uL/1.9uL; Ch:A09 15.0uL/1.9uL; Ch:B09 15.0uL/1.9uL; Ch:C09 15.0uL/1.9uL; Ch:D09 15.0uL/1.9uL; Ch:E09 15.0uL/1.9uL; Ch:F09 15.0uL/1.9uL; Ch:G09 15.0uL/1.9uL; Ch:H09 15.0uL/1.9uL; Ch:A10 15.0uL/1.9uL; Ch:B10 15.0uL/1.9uL; Ch:C10 15.0uL/1.9uL; Ch:D10 15.0uL/1.9uL; Ch:E10 15.0uL/1.9uL; Ch:F10 15.0uL/1.9uL; Ch:G10 15.0uL/1.9uL; Ch:H10 15.0uL/1.9uL; Ch:A11 15.0uL/1.9uL; Ch:B11 15.0uL/1.9uL; Ch:C11 15.0uL/1.9uL; Ch:D11 15.0uL/1.9uL; Ch:E11 15.0uL/1.9uL; Ch:F11 15.0uL/1.9uL; Ch:G11 15.0uL/1.9uL; Ch:H11 15.0uL/1.9uL; Ch:A12 15.0uL/1.9uL; Ch:B12 15.0uL/1.9uL; Ch:C12 15.0uL/1.9uL; Ch:D12 15.0uL/1.9uL; Ch:E12 15.0uL/1.9uL; Ch:F12 15.0uL/1.9uL; Ch:G12 15.0uL/1.9uL; Ch:H12 15.0uL/1.9uL
12/12/2018 13:11:04.6 [Lynx.Dispense(VVP96).VVP96] Post airgap parameters (0): 
12/12/2018 13:11:04.6 [Lynx.Dispense(VVP96).VVP96] Initial robot X/Y/ZStart/ZEnd coordinates: -160.20 mm, -212.41 mm, -96.33 mm, -101.33 mm, using motion profile 'Slow Speed'.
12/12/2018 13:11:04.7 [Lynx.Dispense(VVP96).VVP96] Initial axis positions:'XL' -308.73 mm, 'YL' -316.50 mm, 'ZL' -2.02 mm
12/12/2018 13:11:09.9 [VVP96] Set VVP: command 'Clogging Limit' with setting of 0 for 96 channels.
12/12/2018 13:11:10.1 [VVP96] Set VVP: command 'Air-to-Liquid Sens.' with setting of 0 for 96 channels.
12/12/2018 13:11:10.3 [VVP96] Set VVP: command 'Liquid-to-Air Sens.' with setting of 0 for 96 channels.
12/12/2018 13:11:11.4 [VVP96] VVP Dispense pressure is 123 mbar.
12/12/2018 13:11:13.9 [VVP96] Dispense complete.
12/12/2018 13:11:14.5 [VVP96] Average residual volume was 3.93 ul for 96 channels at 120 mbar pressure
12/12/2018 13:11:14.7 [Lynx.Dispense(VVP96).VVP96] Dispense results: Ch:A01 52.2uL/3.5uL OK, Ch:B01 52.2uL/3.4uL OK, Ch:C01 52.2uL/3.4uL OK, Ch:D01 52.3uL/3.5uL OK, Ch:E01 52.2uL/3.4uL OK, Ch:F01 52.3uL/3.5uL OK, Ch:G01 52.3uL/3.5uL OK, Ch:H01 52.3uL/3.6uL OK, Ch:A02 52.2uL/3.5uL OK, Ch:B02 52.4uL/3.6uL OK, Ch:C02 52.4uL/3.6uL OK, Ch:D02 52.3uL/3.5uL OK, Ch:E02 52.2uL/3.4uL OK, Ch:F02 52.1uL/3.5uL OK, Ch:G02 52.1uL/3.4uL OK, Ch:H02 52.2uL/3.5uL OK, Ch:A03 102.3uL/3.6uL OK, Ch:B03 102.3uL/3.6uL OK, Ch:C03 102.2uL/3.4uL OK, Ch:D03 102.4uL/3.7uL OK, Ch:E03 102.1uL/3.5uL OK, Ch:F03 102.2uL/3.6uL OK, Ch:G03 102.3uL/3.5uL OK, Ch:H03 102.4uL/3.6uL OK, Ch:A04 102.5uL/3.7uL OK, Ch:B04 102.3uL/3.6uL OK, Ch:C04 102.8uL/3.9uL OK, Ch:D04 102.2uL/3.5uL OK, Ch:E04 102.4uL/3.7uL OK, Ch:F04 102.1uL/3.5uL OK, Ch:G04 102.3uL/3.6uL OK, Ch:H04 102.3uL/3.6uL OK, Ch:A05 252.6uL/3.9uL OK, Ch:B05 252.7uL/4.0uL OK, Ch:C05 252.6uL/3.8uL OK, Ch:D05 252.5uL/3.8uL OK, Ch:E05 252.6uL/3.8uL OK, Ch:F05 252.7uL/3.9uL OK, Ch:G05 253.1uL/4.2uL OK, Ch:H05 252.5uL/3.7uL OK, Ch:A06 252.6uL/3.9uL OK, Ch:B06 252.8uL/3.9uL OK, Ch:C06 252.8uL/4.1uL OK, Ch:D06 252.8uL/4.0uL OK, Ch:E06 252.9uL/4.1uL OK, Ch:F06 252.5uL/3.8uL OK, Ch:G06 252.7uL/3.9uL OK, Ch:H06 252.6uL/3.9uL OK, Ch:A07 353.0uL/4.1uL OK, Ch:B07 352.9uL/4.1uL OK, Ch:C07 352.9uL/4.1uL OK, Ch:D07 352.8uL/4.1uL OK, Ch:E07 352.9uL/4.2uL OK, Ch:F07 352.9uL/4.1uL OK, Ch:G07 353.0uL/4.2uL OK, Ch:H07 353.0uL/4.1uL OK, Ch:A08 353.1uL/4.2uL OK, Ch:B08 353.1uL/4.2uL OK, Ch:C08 352.9uL/4.2uL OK, Ch:D08 353.0uL/4.2uL OK, Ch:E08 353.1uL/4.2uL OK, Ch:F08 353.0uL/4.1uL OK, Ch:G08 353.0uL/4.2uL OK, Ch:H08 352.9uL/4.2uL OK, Ch:A09 503.1uL/4.2uL OK, Ch:B09 503.0uL/4.1uL OK, Ch:C09 502.9uL/4.1uL OK, Ch:D09 502.8uL/4.1uL OK, Ch:E09 503.0uL/4.2uL OK, Ch:F09 503.1uL/4.1uL OK, Ch:G09 503.1uL/4.2uL OK, Ch:H09 503.1uL/4.2uL OK, Ch:A10 502.7uL/3.9uL OK, Ch:B10 503.7uL/4.6uL OK, Ch:C10 503.0uL/4.1uL OK, Ch:D10 503.2uL/4.4uL OK, Ch:E10 503.0uL/4.1uL OK, Ch:F10 502.8uL/4.0uL OK, Ch:G10 503.2uL/4.2uL OK, Ch:H10 503.2uL/4.2uL OK, Ch:A11 703.1uL/4.3uL OK, Ch:B11 703.0uL/4.1uL OK, Ch:C11 703.1uL/4.2uL OK, Ch:D11 703.1uL/4.3uL OK, Ch:E11 703.2uL/4.3uL OK, Ch:F11 703.1uL/4.2uL OK, Ch:G11 703.1uL/4.3uL OK, Ch:H11 703.3uL/4.4uL OK, Ch:A12 703.0uL/4.1uL OK, Ch:B12 703.1uL/4.3uL OK, Ch:C12 703.2uL/4.2uL OK, Ch:D12 703.1uL/4.2uL OK, Ch:E12 703.2uL/4.4uL OK, Ch:F12 703.1uL/4.2uL OK, Ch:G12 703.0uL/4.2uL OK, Ch:H12 703.0uL/4.1uL OK
12/12/2018 13:11:14.7 [Lynx.Dispense(VVP96).VVP96] Set dispense pressure for blowout.
12/12/2018 13:11:14.8 [VVP96] Set VVP: command 'Clogging Limit' with setting of 0 for 96 channels.
12/12/2018 13:11:15.1 [VVP96] Set VVP: command 'Air-to-Liquid Sens.' with setting of 0 for 96 channels.
12/12/2018 13:11:15.3 [VVP96] Set VVP: command 'Liquid-to-Air Sens.' with setting of 0 for 96 channels.
12/12/2018 13:11:16.4 [VVP96] VVP Dispense pressure is 102 mbar.
12/12/2018 13:11:16.8 [VVP96] Dispense complete.
12/12/2018 13:11:17.5 [VVP96] Average residual volume was 3.20 ul for 96 channels at 100 mbar pressure
12/12/2018 13:11:17.7 [Lynx.Dispense(VVP96).VVP96] Blowout results: Ch:A01 52.2uL/3.5uL OK, Ch:B01 52.2uL/3.4uL OK, Ch:C01 52.2uL/3.4uL OK, Ch:D01 52.3uL/3.5uL OK, Ch:E01 52.2uL/3.4uL OK, Ch:F01 52.3uL/3.5uL OK, Ch:G01 52.3uL/3.5uL OK, Ch:H01 52.3uL/3.6uL OK, Ch:A02 52.2uL/3.5uL OK, Ch:B02 52.4uL/3.6uL OK, Ch:C02 52.4uL/3.6uL OK, Ch:D02 52.3uL/3.5uL OK, Ch:E02 52.2uL/3.4uL OK, Ch:F02 52.1uL/3.5uL OK, Ch:G02 52.1uL/3.4uL OK, Ch:H02 52.2uL/3.5uL OK, Ch:A03 102.3uL/3.6uL OK, Ch:B03 102.3uL/3.6uL OK, Ch:C03 102.2uL/3.4uL OK, Ch:D03 102.4uL/3.7uL OK, Ch:E03 102.1uL/3.5uL OK, Ch:F03 102.2uL/3.6uL OK, Ch:G03 102.3uL/3.5uL OK, Ch:H03 102.4uL/3.6uL OK, Ch:A04 102.5uL/3.7uL OK, Ch:B04 102.3uL/3.6uL OK, Ch:C04 102.8uL/3.9uL OK, Ch:D04 102.2uL/3.5uL OK, Ch:E04 102.4uL/3.7uL OK, Ch:F04 102.1uL/3.5uL OK, Ch:G04 102.3uL/3.6uL OK, Ch:H04 102.3uL/3.6uL OK, Ch:A05 252.6uL/3.9uL OK, Ch:B05 252.7uL/4.0uL OK, Ch:C05 252.6uL/3.8uL OK, Ch:D05 252.5uL/3.8uL OK, Ch:E05 252.6uL/3.8uL OK, Ch:F05 252.7uL/3.9uL OK, Ch:G05 253.1uL/4.2uL OK, Ch:H05 252.5uL/3.7uL OK, Ch:A06 252.6uL/3.9uL OK, Ch:B06 252.8uL/3.9uL OK, Ch:C06 252.8uL/4.1uL OK, Ch:D06 252.8uL/4.0uL OK, Ch:E06 252.9uL/4.1uL OK, Ch:F06 252.5uL/3.8uL OK, Ch:G06 252.7uL/3.9uL OK, Ch:H06 252.6uL/3.9uL OK, Ch:A07 353.0uL/4.1uL OK, Ch:B07 352.9uL/4.1uL OK, Ch:C07 352.9uL/4.1uL OK, Ch:D07 352.8uL/4.1uL OK, Ch:E07 352.9uL/4.2uL OK, Ch:F07 352.9uL/4.1uL OK, Ch:G07 353.0uL/4.2uL OK, Ch:H07 353.0uL/4.1uL OK, Ch:A08 353.1uL/4.2uL OK, Ch:B08 353.1uL/4.2uL OK, Ch:C08 352.9uL/4.2uL OK, Ch:D08 353.0uL/4.2uL OK, Ch:E08 353.1uL/4.2uL OK, Ch:F08 353.0uL/4.1uL OK, Ch:G08 353.0uL/4.2uL OK, Ch:H08 352.9uL/4.2uL OK, Ch:A09 503.1uL/4.2uL OK, Ch:B09 503.0uL/4.1uL OK, Ch:C09 502.9uL/4.1uL OK, Ch:D09 502.8uL/4.1uL OK, Ch:E09 503.0uL/4.2uL OK, Ch:F09 503.1uL/4.1uL OK, Ch:G09 503.1uL/4.2uL OK, Ch:H09 503.1uL/4.2uL OK, Ch:A10 502.7uL/3.9uL OK, Ch:B10 503.7uL/4.6uL OK, Ch:C10 503.0uL/4.1uL OK, Ch:D10 503.2uL/4.4uL OK, Ch:E10 503.0uL/4.1uL OK, Ch:F10 502.8uL/4.0uL OK, Ch:G10 503.2uL/4.2uL OK, Ch:H10 503.2uL/4.2uL OK, Ch:A11 703.1uL/4.3uL OK, Ch:B11 703.0uL/4.1uL OK, Ch:C11 703.1uL/4.2uL OK, Ch:D11 703.1uL/4.3uL OK, Ch:E11 703.2uL/4.3uL OK, Ch:F11 703.1uL/4.2uL OK, Ch:G11 703.1uL/4.3uL OK, Ch:H11 703.3uL/4.4uL OK, Ch:A12 703.0uL/4.1uL OK, Ch:B12 703.1uL/4.3uL OK, Ch:C12 703.2uL/4.2uL OK, Ch:D12 703.1uL/4.2uL OK, Ch:E12 703.2uL/4.4uL OK, Ch:F12 703.1uL/4.2uL OK, Ch:G12 703.0uL/4.2uL OK, Ch:H12 703.0uL/4.1uL OK
12/12/2018 13:11:18.7 [Lynx.Dispense(VVP96).VVP96] Final axis positions:'XL' -160.20 mm, 'YL' -212.44 mm, 'ZL' -96.33 mm
12/12/2018 13:11:18.8 [Lynx.Dispense(VVP96).VVP96] Time to complete: 14 s.
12/12/2018 13:11:18.8 Process 'Tiff_Test.met'[6] 'Dispense(VVP96)' CommandCompleted
12/12/2018 13:11:18.8 Process 'Tiff_Test.met' MethodCompleted
1 of 1 method(s) completed successfully.
  Concurrent method 'Main' (Main) started at 12/12/2018 13:11:04.6 and finished at 12/12/2018 13:11:18.8

[User] Step.
12/12/2018 13:11:22.3 Process 'Tiff_Test.met' MethodStarted
12/12/2018 13:11:22.3 Process 'Tiff_Test.met'[7] 'Move To Plate(VVP96)' CommandStarted
12/12/2018 13:11:22.3 [Lynx.Move To Plate(VVP96).VVP96] Plate 'Nunc 1ml_01', column/row offset (0 mm, 0 mm), X/Y offset (0 mm,0 mm), height: 50 mm).
12/12/2018 13:11:22.3 [Lynx.Move To Plate(VVP96).VVP96] Tool length 69.5 mm.
12/12/2018 13:11:22.3 [Lynx.Move To Plate(VVP96).VVP96] Plate is at location 'Loc_09' (-145.82 mm, -223.65 mm, -173.33 mm) with a stack index of 0.
12/12/2018 13:11:22.3 [Lynx.Move To Plate(VVP96).VVP96] Plate XY access is (-160.2 mm, -212.41 mm).
12/12/2018 13:11:22.3 [Lynx.Move To Plate(VVP96).VVP96] Z coord is -51.33 mm.
12/12/2018 13:11:22.3 [Lynx.Move To Plate(VVP96).VVP96] Initial axis positions:'XL' -160.20 mm, 'YL' -212.44 mm, 'ZL' -96.33 mm
12/12/2018 13:11:24.8 [Lynx.Move To Plate(VVP96).VVP96] Final axis positions:'XL' -160.20 mm, 'YL' -212.43 mm, 'ZL' -51.33 mm
12/12/2018 13:11:24.8 [Lynx.Move To Plate(VVP96).VVP96] Time to complete: 2 s.
12/12/2018 13:11:24.8 Process 'Tiff_Test.met'[7] 'Move To Plate(VVP96)' CommandCompleted
12/12/2018 13:11:24.8 Process 'Tiff_Test.met' MethodCompleted
1 of 1 method(s) completed successfully.
  Concurrent method 'Main' (Main) started at 12/12/2018 13:11:22.3 and finished at 12/12/2018 13:11:24.8

[User] Step.
12/12/2018 13:51:29.2 Process 'Norm.met' MethodStarted
12/12/2018 13:51:29.2 Process 'Norm.met'[15] 'Eject Tips(VVP96)' CommandStarted
12/12/2018 13:51:29.2 [Lynx.Eject Tips(VVP96).VVP96] Plate 'LXB-96-950F_01', column/row offset (0, 0), X/Y offset (0.00 mm,0.00 mm), height: 15.00 mm.
12/12/2018 13:51:29.2 [Lynx.Eject Tips(VVP96).VVP96] Current tip 'LXB-96-950F'.
12/12/2018 13:51:29.2 [Lynx.Eject Tips(VVP96).VVP96] Plate is at location 'Loc_13' (-295.08 mm, -14.26 mm, -173.13 mm) with a stack index of 1.
12/12/2018 13:51:29.2 [Lynx.Eject Tips(VVP96).VVP96] Initial robot X/Y/ZStart/ZEnd coordinates: -309.46 mm, -3.02 mm, -2.00 mm, -55.63 mm, using motion profile 'Tip Eject'.
12/12/2018 13:51:29.2 [Lynx.Eject Tips(VVP96).VVP96] Initial axis positions:'XL' -160.20 mm, 'YL' -212.43 mm, 'ZL' -51.33 mm
12/12/2018 13:51:35.1 [VVP96] Tip ejection performed 2 times.
12/12/2018 13:51:36.1 [Lynx.Eject Tips(VVP96).VVP96] No current tip.
12/12/2018 13:51:36.2 [Lynx.Eject Tips(VVP96).VVP96] Time to complete: 6 s.
12/12/2018 13:51:36.2 Process 'Norm.met'[15] 'Eject Tips(VVP96)' CommandCompleted
12/12/2018 13:51:36.2 Process 'Norm.met' MethodCompleted
1 of 1 method(s) completed successfully.
  Concurrent method 'Main' (Main) started at 12/12/2018 13:51:29.2 and finished at 12/12/2018 13:51:36.2

12/12/2018 13:59:27.9 [ZL] Closing component connections for Warp 'ZL'.
12/12/2018 13:59:28.4 [ZL] Instruction Error Status: None
12/12/2018 13:59:28.4 [ZL] Warp3 core version: 99103v1.0 (will support I/O).
12/12/2018 13:59:28.4 [ZL] Configured as an enhanced Warp3 with I/O.
12/12/2018 13:59:28.4 [ZL]   Inputs: False False False False False 
12/12/2018 13:59:28.4 [ZL] Current IP communications rate is 10 mb.
12/12/2018 13:59:28.4 [ZL] IP communications speed is currently set to 10 Mbps.
12/12/2018 13:59:28.5 [ZL] Phase correction: disabled, prescale: 0, phase counts: 2000
12/12/2018 13:59:28.6 [ZL] SetCurrentFoldbackAmps(8, 20) will set 17440 , 216
12/12/2018 13:59:28.6 [ZL] Configuration parameters loaded from 'P:\MethodManagerWorkspaces\LM703\Configuration\Z Axis.xml'. HomeVelocity 20 mm/s, CountsPerMM 2571 cts/mm.
12/12/2018 13:59:28.7 [ZL] Start Hall-based phase initialization.
12/12/2018 13:59:28.7 [ZL] Phases initialized.
12/12/2018 13:59:28.8 [BarCodeZAxis] Closing component connections for Warp 'BarCodeZAxis'.
12/12/2018 13:59:29.3 [BarCodeZAxis] Instruction Error Status: None
12/12/2018 13:59:29.3 [BarCodeZAxis] Warp3 core version: 99103v1.0 (will support I/O).
12/12/2018 13:59:29.3 [BarCodeZAxis] Configured as an enhanced Warp3 with I/O.
12/12/2018 13:59:29.3 [BarCodeZAxis]   Inputs: False True False False False 
12/12/2018 13:59:29.4 [BarCodeZAxis] Current IP communications rate is 10 mb.
12/12/2018 13:59:29.4 [BarCodeZAxis] IP communications speed is currently set to 10 Mbps.
12/12/2018 13:59:29.5 [BarCodeZAxis] Phase correction: disabled, prescale: 0, phase counts: 2000
12/12/2018 13:59:29.5 [BarCodeZAxis] SetCurrentFoldbackAmps(2, 5) will set 4360 , 54
12/12/2018 13:59:29.5 [BarCodeZAxis] Configuration parameters loaded from 'P:\MethodManagerWorkspaces\LM703\Configuration\BarCode Z.xml'. HomeVelocity 20 mm/s, CountsPerMM 5538 cts/mm.
12/12/2018 13:59:29.6 [BarCodeZAxis] Start Hall-based phase initialization.
12/12/2018 13:59:29.7 [BarCodeZAxis] Phases initialized.
12/12/2018 13:59:29.7 [YL] Closing component connections for Warp 'YL'.
12/12/2018 13:59:30.2 [YL] Instruction Error Status: None
12/12/2018 13:59:30.2 [YL] Warp3 core version: 99103v1.0 (will support I/O).
12/12/2018 13:59:30.2 [YL] Configured as an enhanced Warp3 with I/O.
12/12/2018 13:59:30.3 [YL]   Inputs: False False False False False 
12/12/2018 13:59:30.3 [YL] Current IP communications rate is 10 mb.
12/12/2018 13:59:30.3 [YL] IP communications speed is currently set to 10 Mbps.
12/12/2018 13:59:30.4 [YL] Phase correction: disabled, prescale: 1, phase counts: 1905
12/12/2018 13:59:30.4 [YL] SetCurrentFoldbackAmps(6, 100) will set 13080 , 1083
12/12/2018 13:59:30.4 [YL] Configuration parameters loaded from 'P:\MethodManagerWorkspaces\LM703\Configuration\Y Axis.xml'. HomeVelocity 20 mm/s, CountsPerMM 2000 cts/mm.
12/12/2018 13:59:30.6 [YL] Start Hall-based phase initialization.
12/12/2018 13:59:30.6 [YL] Phases initialized.
12/12/2018 13:59:30.6 [XL] Closing component connections for Warp 'XL'.
12/12/2018 13:59:31.1 [XL] Instruction Error Status: None
12/12/2018 13:59:31.2 [XL] Warp3 core version: 99103v1.0 (will support I/O).
12/12/2018 13:59:31.2 [XL] Configured as an enhanced Warp3 with I/O.
12/12/2018 13:59:31.2 [XL]   Inputs: False False False False False 
12/12/2018 13:59:31.2 [XL] Current IP communications rate is 10 mb.
12/12/2018 13:59:31.2 [XL] IP communications speed is currently set to 10 Mbps.
12/12/2018 13:59:31.3 [XL] Phase correction: disabled, prescale: 1, phase counts: 1905
12/12/2018 13:59:31.3 [XL] SetCurrentFoldbackAmps(6, 100) will set 13080 , 1083
12/12/2018 13:59:31.4 [XL] Configuration parameters loaded from 'P:\MethodManagerWorkspaces\LM703\Configuration\X Axis.xml'. HomeVelocity 20 mm/s, CountsPerMM 2000 cts/mm.
12/12/2018 13:59:31.5 [XL] Start Hall-based phase initialization.
12/12/2018 13:59:31.5 [XL] Phases initialized.
12/12/2018 13:59:33.4 [VVP96] Get VVP: command 'Aspirate Diagnostics' from 96 channels.
12/12/2018 13:59:33.5 [ZL] Move to Positive limit. Velocity 20 mm/s, accel 40 mm/s2, decel 200 mm/s2, timeout 60 s.
12/12/2018 13:59:34.2 [ZL] Reached limit successfully.
12/12/2018 13:59:34.2 [ZL] Attempting to back off Positive limit.
12/12/2018 13:59:34.8 [ZL] Move off limit completion: Successful (OKReady).
12/12/2018 13:59:34.9 [ZL] Move to limit finished.
12/12/2018 13:59:34.9 [ZL] Establishing new 0 position for the old position 0.00 mm.
12/12/2018 13:59:35.0 [ZL] Timestamp of last successful home: 12/12/2018 1:59:35 PM
12/12/2018 13:59:35.2 [BarCodeZAxis] Move to Negative limit. Velocity 20 mm/s, accel 200 mm/s2, decel 350 mm/s2, timeout 60 s.
12/12/2018 13:59:35.6 [BarCodeZAxis] Reached limit successfully.
12/12/2018 13:59:35.6 [BarCodeZAxis] Attempting to back off Negative limit.
12/12/2018 13:59:36.1 [BarCodeZAxis] Move off limit completion: Successful (OKReady).
12/12/2018 13:59:36.1 [BarCodeZAxis] Move to limit finished.
12/12/2018 13:59:36.1 [BarCodeZAxis] Establishing new 0 position for the old position 0.00 mm.
12/12/2018 13:59:36.2 [BarCodeZAxis] Timestamp of last successful home: 12/12/2018 1:59:36 PM
12/12/2018 13:59:40.3 [YL] Move to Positive limit. Velocity 20 mm/s, accel 200 mm/s2, decel 1000 mm/s2, timeout 60 s.
12/12/2018 13:59:41.1 [YL] Reached limit successfully.
12/12/2018 13:59:41.1 [YL] Attempting to back off Positive limit.
12/12/2018 13:59:41.6 [YL] Move off limit completion: Successful (OKReady).
12/12/2018 13:59:41.6 [YL] Move to limit finished.
12/12/2018 13:59:41.7 [YL] Establishing new 0 position for the old position 0.01 mm.
12/12/2018 13:59:41.7 [YL] Timestamp of last successful home: 12/12/2018 1:59:41 PM
12/12/2018 13:59:41.9 [XL] Move to Positive limit. Velocity 20 mm/s, accel 200 mm/s2, decel 1000 mm/s2, timeout 60 s.
12/12/2018 13:59:57.5 [XL] Reached limit successfully.
12/12/2018 13:59:57.5 [XL] Attempting to back off Positive limit.
12/12/2018 13:59:58.0 [XL] Move off limit completion: Successful (OKReady).
12/12/2018 13:59:58.0 [XL] Move to limit finished.
12/12/2018 13:59:58.0 [XL] Establishing new 0 position for the old position -0.11 mm.
12/12/2018 13:59:58.1 [XL] Timestamp of last successful home: 12/12/2018 1:59:58 PM
12/12/2018 14:00:02.5 Tcp notification encountered an error: SocketException: System.Net.Sockets.SocketException (0x80004005): The requested address is not valid in its context 172.18.3.52:0
   at System.Net.Sockets.TcpClient..ctor(String hostname, Int32 port)
   at MethodManager.DX.Interop.MMTcpServer.<>c__DisplayClass5.<SendNotification>b__4()
12/12/2018 14:00:04.9 Process 'InitializeLynx.met' MethodStarted
12/12/2018 14:00:04.9 Process 'InitializeLynx.met'[0] 'Move To Location(VVP96)' CommandStarted
12/12/2018 14:00:05.0 [Lynx.Move To Location(VVP96).VVP96] Location 'Loc_10' with X/Y offsets 0.00 mm / 0.00 mm.
12/12/2018 14:00:05.0 [Lynx.Move To Location(VVP96).VVP96] Location coords: -145.48 mm, -327.87 mm, -174.72 mm.
12/12/2018 14:00:05.0 [Lynx.Move To Location(VVP96).VVP96] Tool X/Y location offsets: 14.38 mm, 11.24 mm.
12/12/2018 14:00:05.0 [Lynx.Move To Location(VVP96).VVP96] Initial robot X/Y/ZStart/ZEnd coordinates: -159.86 mm, -316.63 mm, -2.00 mm, -2.00 mm, using motion profile 'Mid Speed'.
12/12/2018 14:00:05.0 [Lynx.Move To Location(VVP96).VVP96] Initial axis positions:'XL' -0.05 mm, 'YL' -0.04 mm, 'ZL' 0.00 mm
12/12/2018 14:00:07.1 [Lynx.Move To Location(VVP96).VVP96] Final axis positions:'XL' -159.82 mm, 'YL' -316.59 mm, 'ZL' -2.00 mm
12/12/2018 14:00:07.1 [Lynx.Move To Location(VVP96).VVP96] Time to complete: 2 s.
12/12/2018 14:00:07.1 Process 'InitializeLynx.met'[0] 'Move To Location(VVP96)' CommandCompleted
12/12/2018 14:00:07.1 Process 'InitializeLynx.met' MethodCompleted
1 of 1 method(s) completed successfully.
  Concurrent method 'Main' (Main) started at 12/12/2018 14:00:04.9 and finished at 12/12/2018 14:00:07.1

12/12/2018 14:08:11.1 [ZL] Closing component connections for Warp 'ZL'.
12/12/2018 14:08:11.7 [ZL] Instruction Error Status: None
12/12/2018 14:08:11.7 [ZL] Warp3 core version: 99103v1.0 (will support I/O).
12/12/2018 14:08:11.7 [ZL] Configured as an enhanced Warp3 with I/O.
12/12/2018 14:08:11.7 [ZL]   Inputs: False False False False False 
12/12/2018 14:08:11.7 [ZL] Current IP communications rate is 10 mb.
12/12/2018 14:08:11.7 [ZL] IP communications speed is currently set to 10 Mbps.
12/12/2018 14:08:11.8 [ZL] Phase correction: disabled, prescale: 0, phase counts: 2000
12/12/2018 14:08:11.8 [ZL] SetCurrentFoldbackAmps(8, 20) will set 17440 , 216
12/12/2018 14:08:11.9 [ZL] Configuration parameters loaded from 'P:\MethodManagerWorkspaces\LM703\Configuration\Z Axis.xml'. HomeVelocity 20 mm/s, CountsPerMM 2571 cts/mm.
12/12/2018 14:08:12.0 [ZL] Start Hall-based phase initialization.
12/12/2018 14:08:12.0 [ZL] Phases initialized.
12/12/2018 14:08:12.1 [BarCodeZAxis] Closing component connections for Warp 'BarCodeZAxis'.
12/12/2018 14:08:12.6 [BarCodeZAxis] Instruction Error Status: None
12/12/2018 14:08:12.6 [BarCodeZAxis] Warp3 core version: 99103v1.0 (will support I/O).
12/12/2018 14:08:12.6 [BarCodeZAxis] Configured as an enhanced Warp3 with I/O.
12/12/2018 14:08:12.6 [BarCodeZAxis]   Inputs: False True False False False 
12/12/2018 14:08:12.6 [BarCodeZAxis] Current IP communications rate is 10 mb.
12/12/2018 14:08:12.6 [BarCodeZAxis] IP communications speed is currently set to 10 Mbps.
12/12/2018 14:08:12.7 [BarCodeZAxis] Phase correction: disabled, prescale: 0, phase counts: 2000
12/12/2018 14:08:12.8 [BarCodeZAxis] SetCurrentFoldbackAmps(2, 5) will set 4360 , 54
12/12/2018 14:08:12.8 [BarCodeZAxis] Configuration parameters loaded from 'P:\MethodManagerWorkspaces\LM703\Configuration\BarCode Z.xml'. HomeVelocity 20 mm/s, CountsPerMM 5538 cts/mm.
12/12/2018 14:08:12.9 [BarCodeZAxis] Start Hall-based phase initialization.
12/12/2018 14:08:12.9 [BarCodeZAxis] Phases initialized.
12/12/2018 14:08:13.0 [YL] Closing component connections for Warp 'YL'.
12/12/2018 14:08:13.5 [YL] Instruction Error Status: None
12/12/2018 14:08:13.5 [YL] Warp3 core version: 99103v1.0 (will support I/O).
12/12/2018 14:08:13.5 [YL] Configured as an enhanced Warp3 with I/O.
12/12/2018 14:08:13.5 [YL]   Inputs: False False False False False 
12/12/2018 14:08:13.6 [YL] Current IP communications rate is 10 mb.
12/12/2018 14:08:13.6 [YL] IP communications speed is currently set to 10 Mbps.
12/12/2018 14:08:13.7 [YL] Phase correction: disabled, prescale: 1, phase counts: 1905
12/12/2018 14:08:13.7 [YL] SetCurrentFoldbackAmps(6, 100) will set 13080 , 1083
12/12/2018 14:08:13.7 [YL] Configuration parameters loaded from 'P:\MethodManagerWorkspaces\LM703\Configuration\Y Axis.xml'. HomeVelocity 20 mm/s, CountsPerMM 2000 cts/mm.
12/12/2018 14:08:13.9 [YL] Start Hall-based phase initialization.
12/12/2018 14:08:13.9 [YL] Phases initialized.
12/12/2018 14:08:13.9 [XL] Closing component connections for Warp 'XL'.
12/12/2018 14:08:14.4 [XL] Instruction Error Status: None
12/12/2018 14:08:14.5 [XL] Warp3 core version: 99103v1.0 (will support I/O).
12/12/2018 14:08:14.5 [XL] Configured as an enhanced Warp3 with I/O.
12/12/2018 14:08:14.5 [XL]   Inputs: False False False False False 
12/12/2018 14:08:14.5 [XL] Current IP communications rate is 10 mb.
12/12/2018 14:08:14.5 [XL] IP communications speed is currently set to 10 Mbps.
12/12/2018 14:08:14.6 [XL] Phase correction: disabled, prescale: 1, phase counts: 1905
12/12/2018 14:08:14.7 [XL] SetCurrentFoldbackAmps(6, 100) will set 13080 , 1083
12/12/2018 14:08:14.7 [XL] Configuration parameters loaded from 'P:\MethodManagerWorkspaces\LM703\Configuration\X Axis.xml'. HomeVelocity 20 mm/s, CountsPerMM 2000 cts/mm.
12/12/2018 14:08:14.8 [XL] Start Hall-based phase initialization.
12/12/2018 14:08:14.8 [XL] Phases initialized.
12/12/2018 14:08:16.7 [VVP96] Get VVP: command 'Aspirate Diagnostics' from 96 channels.
12/12/2018 14:08:16.9 [ZL] Move to Positive limit. Velocity 20 mm/s, accel 40 mm/s2, decel 200 mm/s2, timeout 60 s.
12/12/2018 14:08:17.6 [ZL] Reached limit successfully.
12/12/2018 14:08:17.6 [ZL] Attempting to back off Positive limit.
12/12/2018 14:08:18.2 [ZL] Move off limit completion: Successful (OKReady).
12/12/2018 14:08:18.3 [ZL] Move to limit finished.
12/12/2018 14:08:18.3 [ZL] Establishing new 0 position for the old position 0.00 mm.
12/12/2018 14:08:18.3 [ZL] Timestamp of last successful home: 12/12/2018 2:08:18 PM
12/12/2018 14:08:18.5 [BarCodeZAxis] Move to Negative limit. Velocity 20 mm/s, accel 200 mm/s2, decel 350 mm/s2, timeout 60 s.
12/12/2018 14:08:19.0 [BarCodeZAxis] Reached limit successfully.
12/12/2018 14:08:19.0 [BarCodeZAxis] Attempting to back off Negative limit.
12/12/2018 14:08:19.4 [BarCodeZAxis] Move off limit completion: Successful (OKReady).
12/12/2018 14:08:19.4 [BarCodeZAxis] Move to limit finished.
12/12/2018 14:08:19.5 [BarCodeZAxis] Establishing new 0 position for the old position 0.00 mm.
12/12/2018 14:08:19.5 [BarCodeZAxis] Timestamp of last successful home: 12/12/2018 2:08:19 PM
12/12/2018 14:08:23.6 [YL] Move to Positive limit. Velocity 20 mm/s, accel 200 mm/s2, decel 1000 mm/s2, timeout 60 s.
12/12/2018 14:08:39.8 [YL] Reached limit successfully.
12/12/2018 14:08:39.8 [YL] Attempting to back off Positive limit.
12/12/2018 14:08:40.3 [YL] Move off limit completion: Successful (OKReady).
12/12/2018 14:08:40.3 [YL] Move to limit finished.
12/12/2018 14:08:40.4 [YL] Establishing new 0 position for the old position 0.02 mm.
12/12/2018 14:08:40.4 [YL] Timestamp of last successful home: 12/12/2018 2:08:40 PM
12/12/2018 14:08:40.6 [XL] Move to Positive limit. Velocity 20 mm/s, accel 200 mm/s2, decel 1000 mm/s2, timeout 60 s.
12/12/2018 14:08:49.0 [XL] Reached limit successfully.
12/12/2018 14:08:49.0 [XL] Attempting to back off Positive limit.
12/12/2018 14:08:49.5 [XL] Move off limit completion: Failed (OKReady).
12/12/2018 14:08:49.5 [XL] Failed to find Positive limit: OKReady.
12/12/2018 14:08:49.6 [XL] Failed to home axis 'XL'.
12/12/2018 14:08:49.6 Tcp notification encountered an error: SocketException: System.Net.Sockets.SocketException (0x80004005): The requested address is not valid in its context 172.18.3.52:0
   at System.Net.Sockets.TcpClient..ctor(String hostname, Int32 port)
   at MethodManager.DX.Interop.MMTcpServer.<>c__DisplayClass5.<SendNotification>b__4()
12/12/2018 14:08:51.7 Process 'InitializeLynx.met' MethodStarted
12/12/2018 14:08:51.8 Process 'InitializeLynx.met'[0] 'Move To Location(VVP96)' CommandStarted
12/12/2018 14:08:51.9 [Lynx.Move To Location(VVP96).VVP96] Location 'Loc_10' with X/Y offsets 0.00 mm / 0.00 mm.
12/12/2018 14:08:51.9 [Lynx.Move To Location(VVP96).VVP96] Location coords: -145.48 mm, -327.87 mm, -174.72 mm.
12/12/2018 14:08:51.9 [Lynx.Move To Location(VVP96).VVP96] Tool X/Y location offsets: 14.38 mm, 11.24 mm.
12/12/2018 14:08:51.9 [Lynx.Move To Location(VVP96).VVP96] Initial robot X/Y/ZStart/ZEnd coordinates: -159.86 mm, -316.63 mm, -2.00 mm, -2.00 mm, using motion profile 'Mid Speed'.
12/12/2018 14:08:51.9 [Lynx.Move To Location(VVP96).VVP96] Initial axis positions:'XL' 0.07 mm, 'YL' -0.04 mm, 'ZL' 0.00 mm
12/12/2018 14:08:54.1 [Lynx.Move To Location(VVP96).VVP96] Final axis positions:'XL' -159.82 mm, 'YL' -316.60 mm, 'ZL' -2.00 mm
12/12/2018 14:08:54.1 [Lynx.Move To Location(VVP96).VVP96] Time to complete: 2 s.
12/12/2018 14:08:54.1 Process 'InitializeLynx.met'[0] 'Move To Location(VVP96)' CommandCompleted
12/12/2018 14:08:54.1 Process 'InitializeLynx.met' MethodCompleted
1 of 1 method(s) completed successfully.
  Concurrent method 'Main' (Main) started at 12/12/2018 14:08:51.7 and finished at 12/12/2018 14:08:54.1

12/12/2018 14:11:14.3 Process 'ChipLoad.met' MethodStarted
12/12/2018 14:11:14.3 Process 'ChipLoad.met'[0] 'Load Tips(VVP96)' CommandStarted
12/12/2018 14:11:14.3 [Lynx.Load Tips(VVP96).VVP96] Plate 'LXB-96-300F_01', column/row offset (0, 0), X/Y offset (0.00 mm,0.00 mm), height: -2.50 mm.
12/12/2018 14:11:14.3 [Lynx.Load Tips(VVP96).VVP96] No current tip.
12/12/2018 14:11:14.3 [Lynx.Load Tips(VVP96).VVP96] Tip loading depth for tip type 'LXB-96-300F' is 10.4 mm.
12/12/2018 14:11:14.3 [Lynx.Load Tips(VVP96).VVP96] Plate is at location 'Loc_07' (-146.02 mm, -14.59 mm, -172.99 mm) with a stack index of 1.
12/12/2018 14:11:14.4 [Lynx.Load Tips(VVP96).VVP96] Tip loading height adjustment is -2.5 mm and Z axis force limit is 25% of full power.
12/12/2018 14:11:14.4 [Lynx.Load Tips(VVP96).VVP96] Tip loading Z error limit will be 10.0 mm, XY error window will be 50.0 mm, and the XY axis holding force fraction will be 20%
12/12/2018 14:11:14.4 [Lynx.Load Tips(VVP96).VVP96] Initial robot X/Y/ZStart/ZEnd coordinates: -160.40 mm, -3.35 mm, -2.00 mm, -124.39 mm, using motion profile 'Tip Load'.
12/12/2018 14:11:14.4 [Lynx.Load Tips(VVP96).VVP96] Initial axis positions:'XL' -159.83 mm, 'YL' -316.61 mm, 'ZL' -2.00 mm
12/12/2018 14:11:17.3 [XL] Relative motor limit setting 20.0%, changing limit from 100.0% to 20.0%
12/12/2018 14:11:17.3 [YL] Relative motor limit setting 20.0%, changing limit from 70.0% to 14.0%
12/12/2018 14:11:17.3 [ZL] Absolute motor limit setting 25.0%, changing limit from 30.0% to 25.0%
12/12/2018 14:11:20.0 [Lynx.Load Tips(VVP96).VVP96] Maximum recorded tip load values: Position error 3.2 mm, motor current 10.1 %
12/12/2018 14:11:20.0 [Lynx.Load Tips(VVP96).VVP96] Tip load Z-axis motion complete.
12/12/2018 14:11:20.0 [Lynx.Load Tips(VVP96).VVP96] Tip load position errors for X/Y/Z: 0.03 mm, 0.91 mm, -3.22 mm
12/12/2018 14:11:20.2 [ZL] Absolute motor limit setting 20.0%, changing limit from 25.0% to 20.0%
12/12/2018 14:11:20.3 [ZL] Absolute motor limit setting 15.0%, changing limit from 20.0% to 15.0%
12/12/2018 14:11:20.4 [ZL] Absolute motor limit setting 10.0%, changing limit from 15.0% to 10.0%
12/12/2018 14:11:20.6 [ZL] Absolute motor limit setting 5.0%, changing limit from 10.0% to 5.0%
12/12/2018 14:11:20.7 [ZL] Relative motor limit setting 100.0%, changing limit from 5.0% to 30.0%
12/12/2018 14:11:22.4 [XL] Relative motor limit setting 100.0%, changing limit from 20.0% to 100.0%
12/12/2018 14:11:22.4 [YL] Relative motor limit setting 100.0%, changing limit from 14.0% to 70.0%
12/12/2018 14:11:22.4 [Lynx.Load Tips(VVP96).VVP96] Final axis positions:'XL' -160.38 mm, 'YL' -3.38 mm, 'ZL' -2.02 mm
12/12/2018 14:11:22.4 [Lynx.Load Tips(VVP96).VVP96] Current tip 'LXB-96-300F'.
12/12/2018 14:11:22.4 [Lynx.Load Tips(VVP96).VVP96] Time to complete: 8 s.
12/12/2018 14:11:22.4 Process 'ChipLoad.met'[0] 'Load Tips(VVP96)' CommandCompleted
12/12/2018 14:11:22.4 Process 'ChipLoad.met'[2] 'Aspirate(VVP96)' CommandStarted
12/12/2018 14:11:22.4 [Lynx.Aspirate(VVP96).VVP96] Plate 'Nunc 1ml_01', column/row offset (0, 0), X/Y offset (0.00 mm,0.00 mm), height: 1.00 mm.
12/12/2018 14:11:22.4 [Lynx.Aspirate(VVP96).VVP96] Current tip 'LXB-96-300F'.
12/12/2018 14:11:22.4 [Lynx.Aspirate(VVP96).VVP96] Plate is at location 'Loc_15' (-295.44 mm, -223.29 mm, -173.31 mm) with a stack index of 1.
12/12/2018 14:11:22.4 [Lynx.Aspirate(VVP96).VVP96] VVP Pressure 'Low Volume': Pressure 30 mbar, Residual vol. 0.44 uL, Pre/Post delay 0.00/1.00
12/12/2018 14:11:22.4 [Lynx.Aspirate(VVP96).VVP96] Aspirate parameters (96): Ch:A01 14.0uL/0.4uL; Ch:B01 14.0uL/0.4uL; Ch:C01 14.0uL/0.4uL; Ch:D01 14.0uL/0.4uL; Ch:E01 14.0uL/0.4uL; Ch:F01 14.0uL/0.4uL; Ch:G01 14.0uL/0.4uL; Ch:H01 14.0uL/0.4uL; Ch:A02 14.0uL/0.4uL; Ch:B02 14.0uL/0.4uL; Ch:C02 14.0uL/0.4uL; Ch:D02 14.0uL/0.4uL; Ch:E02 14.0uL/0.4uL; Ch:F02 14.0uL/0.4uL; Ch:G02 14.0uL/0.4uL; Ch:H02 14.0uL/0.4uL; Ch:A03 14.0uL/0.4uL; Ch:B03 14.0uL/0.4uL; Ch:C03 14.0uL/0.4uL; Ch:D03 14.0uL/0.4uL; Ch:E03 14.0uL/0.4uL; Ch:F03 14.0uL/0.4uL; Ch:G03 14.0uL/0.4uL; Ch:H03 14.0uL/0.4uL; Ch:A04 14.0uL/0.4uL; Ch:B04 14.0uL/0.4uL; Ch:C04 14.0uL/0.4uL; Ch:D04 14.0uL/0.4uL; Ch:E04 14.0uL/0.4uL; Ch:F04 14.0uL/0.4uL; Ch:G04 14.0uL/0.4uL; Ch:H04 14.0uL/0.4uL; Ch:A05 14.0uL/0.4uL; Ch:B05 14.0uL/0.4uL; Ch:C05 14.0uL/0.4uL; Ch:D05 14.0uL/0.4uL; Ch:E05 14.0uL/0.4uL; Ch:F05 14.0uL/0.4uL; Ch:G05 14.0uL/0.4uL; Ch:H05 14.0uL/0.4uL; Ch:A06 14.0uL/0.4uL; Ch:B06 14.0uL/0.4uL; Ch:C06 14.0uL/0.4uL; Ch:D06 14.0uL/0.4uL; Ch:E06 14.0uL/0.4uL; Ch:F06 14.0uL/0.4uL; Ch:G06 14.0uL/0.4uL; Ch:H06 14.0uL/0.4uL; Ch:A07 14.0uL/0.4uL; Ch:B07 14.0uL/0.4uL; Ch:C07 14.0uL/0.4uL; Ch:D07 14.0uL/0.4uL; Ch:E07 14.0uL/0.4uL; Ch:F07 14.0uL/0.4uL; Ch:G07 14.0uL/0.4uL; Ch:H07 14.0uL/0.4uL; Ch:A08 14.0uL/0.4uL; Ch:B08 14.0uL/0.4uL; Ch:C08 14.0uL/0.4uL; Ch:D08 14.0uL/0.4uL; Ch:E08 14.0uL/0.4uL; Ch:F08 14.0uL/0.4uL; Ch:G08 14.0uL/0.4uL; Ch:H08 14.0uL/0.4uL; Ch:A09 14.0uL/0.4uL; Ch:B09 14.0uL/0.4uL; Ch:C09 14.0uL/0.4uL; Ch:D09 14.0uL/0.4uL; Ch:E09 14.0uL/0.4uL; Ch:F09 14.0uL/0.4uL; Ch:G09 14.0uL/0.4uL; Ch:H09 14.0uL/0.4uL; Ch:A10 14.0uL/0.4uL; Ch:B10 14.0uL/0.4uL; Ch:C10 14.0uL/0.4uL; Ch:D10 14.0uL/0.4uL; Ch:E10 14.0uL/0.4uL; Ch:F10 14.0uL/0.4uL; Ch:G10 14.0uL/0.4uL; Ch:H10 14.0uL/0.4uL; Ch:A11 14.0uL/0.4uL; Ch:B11 14.0uL/0.4uL; Ch:C11 14.0uL/0.4uL; Ch:D11 14.0uL/0.4uL; Ch:E11 14.0uL/0.4uL; Ch:F11 14.0uL/0.4uL; Ch:G11 14.0uL/0.4uL; Ch:H11 14.0uL/0.4uL; Ch:A12 14.0uL/0.4uL; Ch:B12 14.0uL/0.4uL; Ch:C12 14.0uL/0.4uL; Ch:D12 14.0uL/0.4uL; Ch:E12 14.0uL/0.4uL; Ch:F12 14.0uL/0.4uL; Ch:G12 14.0uL/0.4uL; Ch:H12 14.0uL/0.4uL
12/12/2018 14:11:22.4 [Lynx.Aspirate(VVP96).VVP96] Post airgap parameters (0): 
12/12/2018 14:11:22.5 [Lynx.Aspirate(VVP96).VVP96] Initial robot X/Y/ZStart/ZEnd coordinates: -309.82 mm, -212.05 mm, -120.91 mm, -121.91 mm, using motion profile 'Fast Speed'.
12/12/2018 14:11:22.5 [Lynx.Aspirate(VVP96).VVP96] Initial axis positions:'XL' -160.37 mm, 'YL' -3.38 mm, 'ZL' -2.02 mm
12/12/2018 14:11:25.4 [VVP96] Clog detection is off.
12/12/2018 14:11:25.4 [VVP96] Aspirate diagnostics are off.
12/12/2018 14:11:25.4 [VVP96] Set VVP: command 'Clogging Limit' with setting of 0 for 96 channels.
12/12/2018 14:11:25.6 [VVP96] Set VVP: command 'Air-to-Liquid Sens.' with setting of 0 for 96 channels.
12/12/2018 14:11:25.9 [VVP96] Set VVP: command 'Liquid-to-Air Sens.' with setting of 0 for 96 channels.
12/12/2018 14:11:27.0 [VVP96] VVP Aspirate pressure is 31 mbar.
12/12/2018 14:11:27.7 [VVP96] Aspirate complete.
12/12/2018 14:11:28.4 [VVP96] Average residual volume was 0.78 ul for 96 channels at 30 mbar pressure
12/12/2018 14:11:28.6 [Lynx.Aspirate(VVP96).VVP96] Aspirate results: Ch:A01 14.3uL/0.8uL OK, Ch:B01 14.3uL/0.8uL OK, Ch:C01 14.4uL/0.8uL OK, Ch:D01 14.2uL/0.7uL OK, Ch:E01 14.3uL/0.8uL OK, Ch:F01 14.4uL/0.8uL OK, Ch:G01 14.3uL/0.8uL OK, Ch:H01 14.4uL/0.8uL OK, Ch:A02 14.3uL/0.8uL OK, Ch:B02 14.4uL/0.8uL OK, Ch:C02 14.4uL/0.8uL OK, Ch:D02 14.2uL/0.7uL OK, Ch:E02 14.3uL/0.8uL OK, Ch:F02 14.3uL/0.7uL OK, Ch:G02 14.3uL/0.8uL OK, Ch:H02 14.3uL/0.7uL OK, Ch:A03 14.4uL/0.8uL OK, Ch:B03 14.4uL/0.8uL OK, Ch:C03 14.3uL/0.8uL OK, Ch:D03 14.3uL/0.8uL OK, Ch:E03 14.2uL/0.7uL OK, Ch:F03 14.4uL/0.8uL OK, Ch:G03 14.4uL/0.8uL OK, Ch:H03 14.4uL/0.8uL OK, Ch:A04 14.4uL/0.8uL OK, Ch:B04 14.2uL/0.7uL OK, Ch:C04 14.4uL/0.8uL OK, Ch:D04 14.3uL/0.7uL OK, Ch:E04 14.4uL/0.8uL OK, Ch:F04 14.3uL/0.7uL OK, Ch:G04 14.4uL/0.8uL OK, Ch:H04 14.3uL/0.8uL OK, Ch:A05 14.3uL/0.8uL OK, Ch:B05 14.2uL/0.7uL OK, Ch:C05 14.3uL/0.7uL OK, Ch:D05 14.2uL/0.7uL OK, Ch:E05 14.4uL/0.8uL OK, Ch:F05 14.3uL/0.8uL OK, Ch:G05 14.3uL/0.8uL OK, Ch:H05 14.3uL/0.8uL OK, Ch:A06 14.3uL/0.8uL OK, Ch:B06 14.3uL/0.8uL OK, Ch:C06 14.2uL/0.7uL OK, Ch:D06 14.3uL/0.8uL OK, Ch:E06 14.3uL/0.8uL OK, Ch:F06 14.4uL/0.8uL OK, Ch:G06 14.4uL/0.8uL OK, Ch:H06 14.3uL/0.8uL OK, Ch:A07 14.3uL/0.8uL OK, Ch:B07 14.4uL/0.8uL OK, Ch:C07 14.3uL/0.8uL OK, Ch:D07 14.4uL/0.8uL OK, Ch:E07 14.4uL/0.8uL OK, Ch:F07 14.2uL/0.6uL OK, Ch:G07 14.3uL/0.8uL OK, Ch:H07 14.3uL/0.8uL OK, Ch:A08 14.3uL/0.8uL OK, Ch:B08 14.3uL/0.8uL OK, Ch:C08 14.4uL/0.8uL OK, Ch:D08 14.4uL/0.8uL OK, Ch:E08 14.3uL/0.8uL OK, Ch:F08 14.3uL/0.8uL OK, Ch:G08 14.3uL/0.8uL OK, Ch:H08 14.3uL/0.8uL OK, Ch:A09 14.3uL/0.8uL OK, Ch:B09 14.3uL/0.8uL OK, Ch:C09 14.3uL/0.8uL OK, Ch:D09 14.4uL/0.8uL OK, Ch:E09 14.3uL/0.8uL OK, Ch:F09 14.4uL/0.8uL OK, Ch:G09 14.2uL/0.7uL OK, Ch:H09 14.2uL/0.7uL OK, Ch:A10 14.4uL/0.8uL OK, Ch:B10 14.4uL/0.9uL OK, Ch:C10 14.4uL/0.8uL OK, Ch:D10 14.4uL/0.8uL OK, Ch:E10 14.2uL/0.7uL OK, Ch:F10 14.2uL/0.7uL OK, Ch:G10 14.2uL/0.7uL OK, Ch:H10 14.2uL/0.7uL OK, Ch:A11 14.3uL/0.8uL OK, Ch:B11 14.4uL/0.8uL OK, Ch:C11 14.3uL/0.8uL OK, Ch:D11 14.3uL/0.8uL OK, Ch:E11 14.3uL/0.8uL OK, Ch:F11 14.3uL/0.8uL OK, Ch:G11 14.3uL/0.8uL OK, Ch:H11 14.3uL/0.7uL OK, Ch:A12 14.4uL/0.8uL OK, Ch:B12 14.3uL/0.8uL OK, Ch:C12 14.4uL/0.8uL OK, Ch:D12 14.3uL/0.8uL OK, Ch:E12 14.3uL/0.8uL OK, Ch:F12 14.3uL/0.8uL OK, Ch:G12 14.3uL/0.8uL OK, Ch:H12 14.4uL/0.8uL OK
12/12/2018 14:11:31.8 [Lynx.Aspirate(VVP96).VVP96] Final axis positions:'XL' -309.76 mm, 'YL' -212.05 mm, 'ZL' -2.02 mm
12/12/2018 14:11:31.8 [Lynx.Aspirate(VVP96).VVP96] Time to complete: 9 s.
12/12/2018 14:11:31.9 Process 'ChipLoad.met'[2] 'Aspirate(VVP96)' CommandCompleted
12/12/2018 14:11:31.9 Process 'ChipLoad.met'[3] 'Dispense(VVP96)' CommandStarted
12/12/2018 14:11:31.9 [Lynx.Dispense(VVP96).VVP96] Plate 'LabChip_02', column/row offset (0, 0), X/Y offset (0.00 mm,0.00 mm), height: 0.00 mm.
12/12/2018 14:11:31.9 [Lynx.Dispense(VVP96).VVP96] Current tip 'LXB-96-300F'.
12/12/2018 14:11:31.9 [Lynx.Dispense(VVP96).VVP96] Plate is at location 'Loc_13' (-295.08 mm, -14.26 mm, -173.13 mm) with a stack index of 1.
12/12/2018 14:11:31.9 [Lynx.Dispense(VVP96).VVP96] VVP Pressure 'Below 5 microliters': Pressure 30 mbar, Residual vol. 0.48 uL, Pre/Post delay 0.00/1.00
12/12/2018 14:11:31.9 [Lynx.Dispense(VVP96).VVP96] Dispense parameters (96): Ch:A01 2.8uL/0.5uL; Ch:B01 2.8uL/0.5uL; Ch:C01 2.8uL/0.5uL; Ch:D01 2.8uL/0.5uL; Ch:E01 2.8uL/0.5uL; Ch:F01 2.8uL/0.5uL; Ch:G01 2.8uL/0.5uL; Ch:H01 2.8uL/0.5uL; Ch:A02 2.8uL/0.5uL; Ch:B02 2.8uL/0.5uL; Ch:C02 2.8uL/0.5uL; Ch:D02 2.8uL/0.5uL; Ch:E02 2.8uL/0.5uL; Ch:F02 2.8uL/0.5uL; Ch:G02 2.8uL/0.5uL; Ch:H02 2.8uL/0.5uL; Ch:A03 2.8uL/0.5uL; Ch:B03 2.8uL/0.5uL; Ch:C03 2.8uL/0.5uL; Ch:D03 2.8uL/0.5uL; Ch:E03 2.8uL/0.5uL; Ch:F03 2.8uL/0.5uL; Ch:G03 2.8uL/0.5uL; Ch:H03 2.8uL/0.5uL; Ch:A04 2.8uL/0.5uL; Ch:B04 2.8uL/0.5uL; Ch:C04 2.8uL/0.5uL; Ch:D04 2.8uL/0.5uL; Ch:E04 2.8uL/0.5uL; Ch:F04 2.8uL/0.5uL; Ch:G04 2.8uL/0.5uL; Ch:H04 2.8uL/0.5uL; Ch:A05 2.8uL/0.5uL; Ch:B05 2.8uL/0.5uL; Ch:C05 2.8uL/0.5uL; Ch:D05 2.8uL/0.5uL; Ch:E05 2.8uL/0.5uL; Ch:F05 2.8uL/0.5uL; Ch:G05 2.8uL/0.5uL; Ch:H05 2.8uL/0.5uL; Ch:A06 2.8uL/0.5uL; Ch:B06 2.8uL/0.5uL; Ch:C06 2.8uL/0.5uL; Ch:D06 2.8uL/0.5uL; Ch:E06 2.8uL/0.5uL; Ch:F06 2.8uL/0.5uL; Ch:G06 2.8uL/0.5uL; Ch:H06 2.8uL/0.5uL; Ch:A07 2.8uL/0.5uL; Ch:B07 2.8uL/0.5uL; Ch:C07 2.8uL/0.5uL; Ch:D07 2.8uL/0.5uL; Ch:E07 2.8uL/0.5uL; Ch:F07 2.8uL/0.5uL; Ch:G07 2.8uL/0.5uL; Ch:H07 2.8uL/0.5uL; Ch:A08 2.8uL/0.5uL; Ch:B08 2.8uL/0.5uL; Ch:C08 2.8uL/0.5uL; Ch:D08 2.8uL/0.5uL; Ch:E08 2.8uL/0.5uL; Ch:F08 2.8uL/0.5uL; Ch:G08 2.8uL/0.5uL; Ch:H08 2.8uL/0.5uL; Ch:A09 2.8uL/0.5uL; Ch:B09 2.8uL/0.5uL; Ch:C09 2.8uL/0.5uL; Ch:D09 2.8uL/0.5uL; Ch:E09 2.8uL/0.5uL; Ch:F09 2.8uL/0.5uL; Ch:G09 2.8uL/0.5uL; Ch:H09 2.8uL/0.5uL; Ch:A10 2.8uL/0.5uL; Ch:B10 2.8uL/0.5uL; Ch:C10 2.8uL/0.5uL; Ch:D10 2.8uL/0.5uL; Ch:E10 2.8uL/0.5uL; Ch:F10 2.8uL/0.5uL; Ch:G10 2.8uL/0.5uL; Ch:H10 2.8uL/0.5uL; Ch:A11 2.8uL/0.5uL; Ch:B11 2.8uL/0.5uL; Ch:C11 2.8uL/0.5uL; Ch:D11 2.8uL/0.5uL; Ch:E11 2.8uL/0.5uL; Ch:F11 2.8uL/0.5uL; Ch:G11 2.8uL/0.5uL; Ch:H11 2.8uL/0.5uL; Ch:A12 2.8uL/0.5uL; Ch:B12 2.8uL/0.5uL; Ch:C12 2.8uL/0.5uL; Ch:D12 2.8uL/0.5uL; Ch:E12 2.8uL/0.5uL; Ch:F12 2.8uL/0.5uL; Ch:G12 2.8uL/0.5uL; Ch:H12 2.8uL/0.5uL
12/12/2018 14:11:31.9 [Lynx.Dispense(VVP96).VVP96] Post airgap parameters (0): 
12/12/2018 14:11:32.0 [Lynx.Dispense(VVP96).VVP96] Initial robot X/Y/ZStart/ZEnd coordinates: -309.46 mm, -3.02 mm, -112.23 mm, -112.23 mm, using motion profile 'Fast Speed'.
12/12/2018 14:11:32.0 [Lynx.Dispense(VVP96).VVP96] Initial axis positions:'XL' -309.76 mm, 'YL' -212.05 mm, 'ZL' -2.02 mm
12/12/2018 14:11:34.9 [VVP96] Set VVP: command 'Clogging Limit' with setting of 0 for 96 channels.
12/12/2018 14:11:35.2 [VVP96] Set VVP: command 'Air-to-Liquid Sens.' with setting of 0 for 96 channels.
12/12/2018 14:11:35.4 [VVP96] Set VVP: command 'Liquid-to-Air Sens.' with setting of 0 for 96 channels.
12/12/2018 14:11:36.4 [VVP96] VVP Dispense pressure is 30 mbar.
12/12/2018 14:11:36.9 [VVP96] Dispense complete.
12/12/2018 14:11:37.5 [VVP96] Average residual volume was 0.99 ul for 96 channels at 30 mbar pressure
12/12/2018 14:11:37.7 [Lynx.Dispense(VVP96).VVP96] Dispense results: Ch:A01 3.2uL/0.9uL OK, Ch:B01 3.3uL/1.0uL OK, Ch:C01 3.4uL/1.0uL OK, Ch:D01 3.4uL/1.0uL OK, Ch:E01 3.4uL/1.0uL OK, Ch:F01 3.4uL/1.0uL OK, Ch:G01 3.3uL/1.0uL OK, Ch:H01 3.3uL/0.9uL OK, Ch:A02 3.3uL/1.0uL OK, Ch:B02 3.4uL/1.0uL OK, Ch:C02 3.4uL/1.0uL OK, Ch:D02 3.4uL/1.0uL OK, Ch:E02 3.3uL/0.9uL OK, Ch:F02 3.3uL/1.0uL OK, Ch:G02 3.4uL/1.0uL OK, Ch:H02 3.4uL/1.0uL OK, Ch:A03 3.3uL/1.0uL OK, Ch:B03 3.3uL/1.0uL OK, Ch:C03 3.2uL/0.9uL OK, Ch:D03 3.3uL/1.0uL OK, Ch:E03 3.4uL/1.0uL OK, Ch:F03 3.4uL/1.0uL OK, Ch:G03 3.4uL/1.0uL OK, Ch:H03 3.3uL/1.0uL OK, Ch:A04 3.3uL/1.0uL OK, Ch:B04 3.4uL/1.0uL OK, Ch:C04 3.4uL/1.1uL OK, Ch:D04 3.4uL/1.0uL OK, Ch:E04 3.3uL/1.0uL OK, Ch:F04 3.4uL/1.0uL OK, Ch:G04 3.3uL/0.9uL OK, Ch:H04 3.4uL/1.0uL OK, Ch:A05 3.4uL/1.0uL OK, Ch:B05 3.3uL/1.0uL OK, Ch:C05 3.2uL/0.9uL OK, Ch:D05 3.3uL/1.0uL OK, Ch:E05 3.2uL/0.9uL OK, Ch:F05 3.4uL/1.0uL OK, Ch:G05 3.3uL/1.0uL OK, Ch:H05 3.3uL/0.9uL OK, Ch:A06 3.3uL/0.9uL OK, Ch:B06 3.3uL/0.9uL OK, Ch:C06 3.4uL/1.1uL OK, Ch:D06 3.4uL/1.1uL OK, Ch:E06 3.4uL/1.1uL OK, Ch:F06 3.3uL/1.0uL OK, Ch:G06 3.4uL/1.0uL OK, Ch:H06 3.3uL/0.9uL OK, Ch:A07 3.4uL/1.0uL OK, Ch:B07 3.2uL/0.9uL OK, Ch:C07 3.3uL/0.9uL OK, Ch:D07 3.3uL/1.0uL OK, Ch:E07 3.3uL/1.0uL OK, Ch:F07 3.3uL/1.0uL OK, Ch:G07 3.4uL/1.0uL OK, Ch:H07 3.3uL/1.0uL OK, Ch:A08 3.4uL/1.0uL OK, Ch:B08 3.3uL/1.0uL OK, Ch:C08 3.3uL/1.0uL OK, Ch:D08 3.4uL/1.0uL OK, Ch:E08 3.4uL/1.0uL OK, Ch:F08 3.4uL/1.0uL OK, Ch:G08 3.3uL/1.0uL OK, Ch:H08 3.4uL/1.0uL OK, Ch:A09 3.2uL/0.9uL OK, Ch:B09 3.4uL/1.0uL OK, Ch:C09 3.3uL/1.0uL OK, Ch:D09 3.5uL/1.1uL OK, Ch:E09 3.4uL/1.0uL OK, Ch:F09 3.4uL/1.0uL OK, Ch:G09 3.5uL/1.1uL OK, Ch:H09 3.2uL/0.9uL OK, Ch:A10 3.3uL/1.0uL OK, Ch:B10 3.6uL/1.2uL OK, Ch:C10 3.4uL/1.0uL OK, Ch:D10 3.5uL/1.1uL OK, Ch:E10 3.4uL/1.0uL OK, Ch:F10 3.3uL/1.0uL OK, Ch:G10 3.5uL/1.1uL OK, Ch:H10 3.4uL/1.0uL OK, Ch:A11 3.3uL/1.0uL OK, Ch:B11 3.3uL/1.0uL OK, Ch:C11 3.3uL/0.9uL OK, Ch:D11 3.3uL/0.9uL OK, Ch:E11 3.3uL/1.0uL OK, Ch:F11 3.2uL/0.9uL OK, Ch:G11 3.4uL/1.1uL OK, Ch:H11 3.3uL/1.0uL OK, Ch:A12 3.4uL/1.0uL OK, Ch:B12 3.4uL/1.0uL OK, Ch:C12 3.5uL/1.1uL OK, Ch:D12 3.4uL/1.0uL OK, Ch:E12 3.4uL/1.0uL OK, Ch:F12 3.2uL/0.9uL OK, Ch:G12 3.3uL/1.0uL OK, Ch:H12 3.2uL/0.9uL OK
12/12/2018 14:11:40.7 [Lynx.Dispense(VVP96).VVP96] Final axis positions:'XL' -309.41 mm, 'YL' -3.06 mm, 'ZL' -2.02 mm
12/12/2018 14:11:40.7 [Lynx.Dispense(VVP96).VVP96] Time to complete: 8 s.
12/12/2018 14:11:40.8 Process 'ChipLoad.met'[3] 'Dispense(VVP96)' CommandCompleted
12/12/2018 14:11:40.8 Process 'ChipLoad.met'[4] 'Dispense(VVP96)' CommandStarted
12/12/2018 14:11:40.8 [Lynx.Dispense(VVP96).VVP96] Plate 'LabChip_01', column/row offset (0, 0), X/Y offset (0.00 mm,0.00 mm), height: 0.00 mm.
12/12/2018 14:11:40.8 [Lynx.Dispense(VVP96).VVP96] Current tip 'LXB-96-300F'.
12/12/2018 14:11:40.8 [Lynx.Dispense(VVP96).VVP96] Plate is at location 'Loc_14' (-295.52 mm, -118.69 mm, -173.41 mm) with a stack index of 1.
12/12/2018 14:11:40.8 [Lynx.Dispense(VVP96).VVP96] VVP Pressure 'Below 5 microliters': Pressure 30 mbar, Residual vol. 0.48 uL, Pre/Post delay 0.00/1.00
12/12/2018 14:11:40.8 [Lynx.Dispense(VVP96).VVP96] Dispense parameters (96): Ch:A01 2.8uL/0.5uL; Ch:B01 2.8uL/0.5uL; Ch:C01 2.8uL/0.5uL; Ch:D01 2.8uL/0.5uL; Ch:E01 2.8uL/0.5uL; Ch:F01 2.8uL/0.5uL; Ch:G01 2.8uL/0.5uL; Ch:H01 2.8uL/0.5uL; Ch:A02 2.8uL/0.5uL; Ch:B02 2.8uL/0.5uL; Ch:C02 2.8uL/0.5uL; Ch:D02 2.8uL/0.5uL; Ch:E02 2.8uL/0.5uL; Ch:F02 2.8uL/0.5uL; Ch:G02 2.8uL/0.5uL; Ch:H02 2.8uL/0.5uL; Ch:A03 2.8uL/0.5uL; Ch:B03 2.8uL/0.5uL; Ch:C03 2.8uL/0.5uL; Ch:D03 2.8uL/0.5uL; Ch:E03 2.8uL/0.5uL; Ch:F03 2.8uL/0.5uL; Ch:G03 2.8uL/0.5uL; Ch:H03 2.8uL/0.5uL; Ch:A04 2.8uL/0.5uL; Ch:B04 2.8uL/0.5uL; Ch:C04 2.8uL/0.5uL; Ch:D04 2.8uL/0.5uL; Ch:E04 2.8uL/0.5uL; Ch:F04 2.8uL/0.5uL; Ch:G04 2.8uL/0.5uL; Ch:H04 2.8uL/0.5uL; Ch:A05 2.8uL/0.5uL; Ch:B05 2.8uL/0.5uL; Ch:C05 2.8uL/0.5uL; Ch:D05 2.8uL/0.5uL; Ch:E05 2.8uL/0.5uL; Ch:F05 2.8uL/0.5uL; Ch:G05 2.8uL/0.5uL; Ch:H05 2.8uL/0.5uL; Ch:A06 2.8uL/0.5uL; Ch:B06 2.8uL/0.5uL; Ch:C06 2.8uL/0.5uL; Ch:D06 2.8uL/0.5uL; Ch:E06 2.8uL/0.5uL; Ch:F06 2.8uL/0.5uL; Ch:G06 2.8uL/0.5uL; Ch:H06 2.8uL/0.5uL; Ch:A07 2.8uL/0.5uL; Ch:B07 2.8uL/0.5uL; Ch:C07 2.8uL/0.5uL; Ch:D07 2.8uL/0.5uL; Ch:E07 2.8uL/0.5uL; Ch:F07 2.8uL/0.5uL; Ch:G07 2.8uL/0.5uL; Ch:H07 2.8uL/0.5uL; Ch:A08 2.8uL/0.5uL; Ch:B08 2.8uL/0.5uL; Ch:C08 2.8uL/0.5uL; Ch:D08 2.8uL/0.5uL; Ch:E08 2.8uL/0.5uL; Ch:F08 2.8uL/0.5uL; Ch:G08 2.8uL/0.5uL; Ch:H08 2.8uL/0.5uL; Ch:A09 2.8uL/0.5uL; Ch:B09 2.8uL/0.5uL; Ch:C09 2.8uL/0.5uL; Ch:D09 2.8uL/0.5uL; Ch:E09 2.8uL/0.5uL; Ch:F09 2.8uL/0.5uL; Ch:G09 2.8uL/0.5uL; Ch:H09 2.8uL/0.5uL; Ch:A10 2.8uL/0.5uL; Ch:B10 2.8uL/0.5uL; Ch:C10 2.8uL/0.5uL; Ch:D10 2.8uL/0.5uL; Ch:E10 2.8uL/0.5uL; Ch:F10 2.8uL/0.5uL; Ch:G10 2.8uL/0.5uL; Ch:H10 2.8uL/0.5uL; Ch:A11 2.8uL/0.5uL; Ch:B11 2.8uL/0.5uL; Ch:C11 2.8uL/0.5uL; Ch:D11 2.8uL/0.5uL; Ch:E11 2.8uL/0.5uL; Ch:F11 2.8uL/0.5uL; Ch:G11 2.8uL/0.5uL; Ch:H11 2.8uL/0.5uL; Ch:A12 2.8uL/0.5uL; Ch:B12 2.8uL/0.5uL; Ch:C12 2.8uL/0.5uL; Ch:D12 2.8uL/0.5uL; Ch:E12 2.8uL/0.5uL; Ch:F12 2.8uL/0.5uL; Ch:G12 2.8uL/0.5uL; Ch:H12 2.8uL/0.5uL
12/12/2018 14:11:40.8 [Lynx.Dispense(VVP96).VVP96] Post airgap parameters (0): 
12/12/2018 14:11:40.8 [Lynx.Dispense(VVP96).VVP96] Initial robot X/Y/ZStart/ZEnd coordinates: -309.90 mm, -107.45 mm, -112.51 mm, -112.51 mm, using motion profile 'Fast Speed'.
12/12/2018 14:11:40.8 [Lynx.Dispense(VVP96).VVP96] Initial axis positions:'XL' -309.41 mm, 'YL' -3.06 mm, 'ZL' -2.02 mm
12/12/2018 14:11:43.9 [VVP96] Set VVP: command 'Clogging Limit' with setting of 0 for 96 channels.
12/12/2018 14:11:44.1 [VVP96] Set VVP: command 'Air-to-Liquid Sens.' with setting of 0 for 96 channels.
12/12/2018 14:11:44.4 [VVP96] Set VVP: command 'Liquid-to-Air Sens.' with setting of 0 for 96 channels.
12/12/2018 14:11:45.4 [VVP96] VVP Dispense pressure is 31 mbar.
12/12/2018 14:11:46.3 [VVP96] Dispense complete.
12/12/2018 14:11:46.9 [VVP96] Average residual volume was 1.00 ul for 96 channels at 30 mbar pressure
12/12/2018 14:11:47.1 [Lynx.Dispense(VVP96).VVP96] Dispense results: Ch:A01 3.3uL/1.0uL OK, Ch:B01 3.4uL/1.0uL OK, Ch:C01 3.4uL/1.0uL OK, Ch:D01 3.4uL/1.0uL OK, Ch:E01 3.4uL/1.0uL OK, Ch:F01 3.3uL/0.9uL OK, Ch:G01 3.3uL/1.0uL OK, Ch:H01 3.3uL/1.0uL OK, Ch:A02 3.3uL/1.0uL OK, Ch:B02 3.4uL/1.0uL OK, Ch:C02 3.3uL/1.0uL OK, Ch:D02 3.4uL/1.1uL OK, Ch:E02 3.2uL/0.9uL OK, Ch:F02 3.4uL/1.0uL OK, Ch:G02 3.4uL/1.0uL OK, Ch:H02 3.4uL/1.0uL OK, Ch:A03 3.4uL/1.1uL OK, Ch:B03 3.4uL/1.0uL OK, Ch:C03 3.2uL/0.9uL OK, Ch:D03 3.3uL/1.0uL OK, Ch:E03 3.3uL/1.0uL OK, Ch:F03 3.4uL/1.0uL OK, Ch:G03 3.4uL/1.0uL OK, Ch:H03 3.3uL/1.0uL OK, Ch:A04 3.3uL/1.0uL OK, Ch:B04 3.3uL/1.0uL OK, Ch:C04 3.5uL/1.1uL OK, Ch:D04 3.3uL/1.0uL OK, Ch:E04 3.4uL/1.0uL OK, Ch:F04 3.4uL/1.0uL OK, Ch:G04 3.4uL/1.0uL OK, Ch:H04 3.3uL/1.0uL OK, Ch:A05 3.4uL/1.0uL OK, Ch:B05 3.3uL/1.0uL OK, Ch:C05 3.3uL/0.9uL OK, Ch:D05 3.2uL/0.9uL OK, Ch:E05 3.2uL/0.9uL OK, Ch:F05 3.3uL/1.0uL OK, Ch:G05 3.3uL/1.0uL OK, Ch:H05 3.3uL/0.9uL OK, Ch:A06 3.3uL/0.9uL OK, Ch:B06 3.3uL/1.0uL OK, Ch:C06 3.4uL/1.0uL OK, Ch:D06 3.4uL/1.0uL OK, Ch:E06 3.4uL/1.0uL OK, Ch:F06 3.4uL/1.0uL OK, Ch:G06 3.4uL/1.0uL OK, Ch:H06 3.4uL/1.0uL OK, Ch:A07 3.4uL/1.0uL OK, Ch:B07 3.4uL/1.0uL OK, Ch:C07 3.3uL/1.0uL OK, Ch:D07 3.4uL/1.0uL OK, Ch:E07 3.4uL/1.0uL OK, Ch:F07 3.4uL/1.1uL OK, Ch:G07 3.4uL/1.0uL OK, Ch:H07 3.3uL/1.0uL OK, Ch:A08 3.3uL/1.0uL OK, Ch:B08 3.2uL/0.9uL OK, Ch:C08 3.4uL/1.0uL OK, Ch:D08 3.4uL/1.1uL OK, Ch:E08 3.3uL/1.0uL OK, Ch:F08 3.4uL/1.0uL OK, Ch:G08 3.5uL/1.1uL OK, Ch:H08 3.5uL/1.1uL OK, Ch:A09 3.4uL/1.0uL OK, Ch:B09 3.3uL/1.0uL OK, Ch:C09 3.4uL/1.0uL OK, Ch:D09 3.4uL/1.1uL OK, Ch:E09 3.4uL/1.0uL OK, Ch:F09 3.4uL/1.0uL OK, Ch:G09 3.4uL/1.0uL OK, Ch:H09 3.3uL/1.0uL OK, Ch:A10 3.3uL/0.9uL OK, Ch:B10 3.5uL/1.2uL OK, Ch:C10 3.2uL/0.9uL OK, Ch:D10 3.4uL/1.1uL OK, Ch:E10 3.4uL/1.1uL OK, Ch:F10 3.4uL/1.0uL OK, Ch:G10 3.3uL/1.0uL OK, Ch:H10 3.3uL/1.0uL OK, Ch:A11 3.3uL/1.0uL OK, Ch:B11 3.3uL/1.0uL OK, Ch:C11 3.4uL/1.0uL OK, Ch:D11 3.3uL/1.0uL OK, Ch:E11 3.4uL/1.0uL OK, Ch:F11 3.3uL/1.0uL OK, Ch:G11 3.4uL/1.0uL OK, Ch:H11 3.5uL/1.1uL OK, Ch:A12 3.3uL/1.0uL OK, Ch:B12 3.3uL/1.0uL OK, Ch:C12 3.3uL/1.0uL OK, Ch:D12 3.3uL/1.0uL OK, Ch:E12 3.4uL/1.0uL OK, Ch:F12 3.2uL/0.9uL OK, Ch:G12 3.3uL/1.0uL OK, Ch:H12 3.2uL/0.9uL OK
12/12/2018 14:11:50.2 [Lynx.Dispense(VVP96).VVP96] Final axis positions:'XL' -309.84 mm, 'YL' -107.45 mm, 'ZL' -2.02 mm
12/12/2018 14:11:50.2 [Lynx.Dispense(VVP96).VVP96] Time to complete: 9 s.
12/12/2018 14:11:50.2 Process 'ChipLoad.met'[4] 'Dispense(VVP96)' CommandCompleted
12/12/2018 14:11:50.2 Process 'ChipLoad.met'[5] 'Dispense(VVP96)' CommandStarted
12/12/2018 14:11:50.3 [Lynx.Dispense(VVP96).VVP96] Plate 'Nunc 1ml_01', column/row offset (0, 0), X/Y offset (0.00 mm,0.00 mm), height: 1.00 mm.
12/12/2018 14:11:50.3 [Lynx.Dispense(VVP96).VVP96] Current tip 'LXB-96-300F'.
12/12/2018 14:11:50.3 [Lynx.Dispense(VVP96).VVP96] Plate is at location 'Loc_15' (-295.44 mm, -223.29 mm, -173.31 mm) with a stack index of 1.
12/12/2018 14:11:50.3 [Lynx.Dispense(VVP96).VVP96] VVP Pressure 'Low Volume': Pressure 30 mbar, Residual vol. 0.48 uL, Pre/Post delay 0.00/1.00
12/12/2018 14:11:50.3 [Lynx.Dispense(VVP96).VVP96] Dispense parameters (96): Ch:A01 7.8uL/0.5uL; Ch:B01 7.6uL/0.5uL; Ch:C01 7.6uL/0.5uL; Ch:D01 7.4uL/0.5uL; Ch:E01 7.5uL/0.5uL; Ch:F01 7.7uL/0.5uL; Ch:G01 7.7uL/0.5uL; Ch:H01 7.8uL/0.5uL; Ch:A02 7.7uL/0.5uL; Ch:B02 7.6uL/0.5uL; Ch:C02 7.7uL/0.5uL; Ch:D02 7.4uL/0.5uL; Ch:E02 7.8uL/0.5uL; Ch:F02 7.6uL/0.5uL; Ch:G02 7.5uL/0.5uL; Ch:H02 7.5uL/0.5uL; Ch:A03 7.7uL/0.5uL; Ch:B03 7.7uL/0.5uL; Ch:C03 7.9uL/0.5uL; Ch:D03 7.7uL/0.5uL; Ch:E03 7.5uL/0.5uL; Ch:F03 7.6uL/0.5uL; Ch:G03 7.6uL/0.5uL; Ch:H03 7.8uL/0.5uL; Ch:A04 7.8uL/0.5uL; Ch:B04 7.5uL/0.5uL; Ch:C04 7.5uL/0.5uL; Ch:D04 7.6uL/0.5uL; Ch:E04 7.7uL/0.5uL; Ch:F04 7.5uL/0.5uL; Ch:G04 7.7uL/0.5uL; Ch:H04 7.6uL/0.5uL; Ch:A05 7.5uL/0.5uL; Ch:B05 7.6uL/0.5uL; Ch:C05 7.8uL/0.5uL; Ch:D05 7.7uL/0.5uL; Ch:E05 8.0uL/0.5uL; Ch:F05 7.6uL/0.5uL; Ch:G05 7.7uL/0.5uL; Ch:H05 7.7uL/0.5uL; Ch:A06 7.7uL/0.5uL; Ch:B06 7.7uL/0.5uL; Ch:C06 7.4uL/0.5uL; Ch:D06 7.5uL/0.5uL; Ch:E06 7.5uL/0.5uL; Ch:F06 7.7uL/0.5uL; Ch:G06 7.6uL/0.5uL; Ch:H06 7.6uL/0.5uL; Ch:A07 7.5uL/0.5uL; Ch:B07 7.8uL/0.5uL; Ch:C07 7.7uL/0.5uL; Ch:D07 7.7uL/0.5uL; Ch:E07 7.7uL/0.5uL; Ch:F07 7.5uL/0.5uL; Ch:G07 7.5uL/0.5uL; Ch:H07 7.7uL/0.5uL; Ch:A08 7.6uL/0.5uL; Ch:B08 7.8uL/0.5uL; Ch:C08 7.7uL/0.5uL; Ch:D08 7.6uL/0.5uL; Ch:E08 7.6uL/0.5uL; Ch:F08 7.5uL/0.5uL; Ch:G08 7.5uL/0.5uL; Ch:H08 7.4uL/0.5uL; Ch:A09 7.7uL/0.5uL; Ch:B09 7.6uL/0.5uL; Ch:C09 7.6uL/0.5uL; Ch:D09 7.5uL/0.5uL; Ch:E09 7.5uL/0.5uL; Ch:F09 7.6uL/0.5uL; Ch:G09 7.3uL/0.5uL; Ch:H09 7.7uL/0.5uL; Ch:A10 7.8uL/0.5uL; Ch:B10 7.3uL/0.5uL; Ch:C10 7.8uL/0.5uL; Ch:D10 7.5uL/0.5uL; Ch:E10 7.4uL/0.5uL; Ch:F10 7.5uL/0.5uL; Ch:G10 7.4uL/0.5uL; Ch:H10 7.5uL/0.5uL; Ch:A11 7.7uL/0.5uL; Ch:B11 7.8uL/0.5uL; Ch:C11 7.6uL/0.5uL; Ch:D11 7.7uL/0.5uL; Ch:E11 7.6uL/0.5uL; Ch:F11 7.8uL/0.5uL; Ch:G11 7.5uL/0.5uL; Ch:H11 7.5uL/0.5uL; Ch:A12 7.7uL/0.5uL; Ch:B12 7.6uL/0.5uL; Ch:C12 7.6uL/0.5uL; Ch:D12 7.6uL/0.5uL; Ch:E12 7.5uL/0.5uL; Ch:F12 7.9uL/0.5uL; Ch:G12 7.7uL/0.5uL; Ch:H12 8.0uL/0.5uL
12/12/2018 14:11:50.3 [Lynx.Dispense(VVP96).VVP96] Blowout parameters (96): Ch:A01 5.0uL/0.5uL; Ch:B01 2.0uL/0.5uL; Ch:C01 2.0uL/0.5uL; Ch:D01 2.0uL/0.5uL; Ch:E01 2.0uL/0.5uL; Ch:F01 2.0uL/0.5uL; Ch:G01 2.0uL/0.5uL; Ch:H01 2.0uL/0.5uL; Ch:A02 2.0uL/0.5uL; Ch:B02 2.0uL/0.5uL; Ch:C02 2.0uL/0.5uL; Ch:D02 2.0uL/0.5uL; Ch:E02 2.0uL/0.5uL; Ch:F02 2.0uL/0.5uL; Ch:G02 2.0uL/0.5uL; Ch:H02 2.0uL/0.5uL; Ch:A03 2.0uL/0.5uL; Ch:B03 2.0uL/0.5uL; Ch:C03 2.0uL/0.5uL; Ch:D03 2.0uL/0.5uL; Ch:E03 2.0uL/0.5uL; Ch:F03 2.0uL/0.5uL; Ch:G03 2.0uL/0.5uL; Ch:H03 2.0uL/0.5uL; Ch:A04 2.0uL/0.5uL; Ch:B04 2.0uL/0.5uL; Ch:C04 2.0uL/0.5uL; Ch:D04 2.0uL/0.5uL; Ch:E04 2.0uL/0.5uL; Ch:F04 2.0uL/0.5uL; Ch:G04 2.0uL/0.5uL; Ch:H04 2.0uL/0.5uL; Ch:A05 2.0uL/0.5uL; Ch:B05 2.0uL/0.5uL; Ch:C05 2.0uL/0.5uL; Ch:D05 2.0uL/0.5uL; Ch:E05 2.0uL/0.5uL; Ch:F05 2.0uL/0.5uL; Ch:G05 2.0uL/0.5uL; Ch:H05 2.0uL/0.5uL; Ch:A06 2.0uL/0.5uL; Ch:B06 2.0uL/0.5uL; Ch:C06 2.0uL/0.5uL; Ch:D06 2.0uL/0.5uL; Ch:E06 2.0uL/0.5uL; Ch:F06 2.0uL/0.5uL; Ch:G06 2.0uL/0.5uL; Ch:H06 2.0uL/0.5uL; Ch:A07 2.0uL/0.5uL; Ch:B07 2.0uL/0.5uL; Ch:C07 2.0uL/0.5uL; Ch:D07 2.0uL/0.5uL; Ch:E07 2.0uL/0.5uL; Ch:F07 2.0uL/0.5uL; Ch:G07 2.0uL/0.5uL; Ch:H07 2.0uL/0.5uL; Ch:A08 2.0uL/0.5uL; Ch:B08 2.0uL/0.5uL; Ch:C08 2.0uL/0.5uL; Ch:D08 2.0uL/0.5uL; Ch:E08 2.0uL/0.5uL; Ch:F08 2.0uL/0.5uL; Ch:G08 2.0uL/0.5uL; Ch:H08 2.0uL/0.5uL; Ch:A09 2.0uL/0.5uL; Ch:B09 2.0uL/0.5uL; Ch:C09 2.0uL/0.5uL; Ch:D09 2.0uL/0.5uL; Ch:E09 2.0uL/0.5uL; Ch:F09 2.0uL/0.5uL; Ch:G09 2.0uL/0.5uL; Ch:H09 2.0uL/0.5uL; Ch:A10 2.0uL/0.5uL; Ch:B10 2.0uL/0.5uL; Ch:C10 2.0uL/0.5uL; Ch:D10 2.0uL/0.5uL; Ch:E10 2.0uL/0.5uL; Ch:F10 2.0uL/0.5uL; Ch:G10 2.0uL/0.5uL; Ch:H10 2.0uL/0.5uL; Ch:A11 2.0uL/0.5uL; Ch:B11 2.0uL/0.5uL; Ch:C11 2.0uL/0.5uL; Ch:D11 2.0uL/0.5uL; Ch:E11 2.0uL/0.5uL; Ch:F11 2.0uL/0.5uL; Ch:G11 2.0uL/0.5uL; Ch:H11 2.0uL/0.5uL; Ch:A12 2.0uL/0.5uL; Ch:B12 2.0uL/0.5uL; Ch:C12 2.0uL/0.5uL; Ch:D12 2.0uL/0.5uL; Ch:E12 2.0uL/0.5uL; Ch:F12 2.0uL/0.5uL; Ch:G12 2.0uL/0.5uL; Ch:H12 2.0uL/0.5uL
12/12/2018 14:11:50.3 [Lynx.Dispense(VVP96).VVP96] Post airgap parameters (0): 
12/12/2018 14:11:50.3 [Lynx.Dispense(VVP96).VVP96] Initial robot X/Y/ZStart/ZEnd coordinates: -309.82 mm, -212.05 mm, -120.91 mm, -121.91 mm, using motion profile 'Fast Speed'.
12/12/2018 14:11:50.3 [Lynx.Dispense(VVP96).VVP96] Initial axis positions:'XL' -309.84 mm, 'YL' -107.45 mm, 'ZL' -2.02 mm
12/12/2018 14:11:53.0 [VVP96] Set VVP: command 'Clogging Limit' with setting of 0 for 96 channels.
12/12/2018 14:11:53.2 [VVP96] Set VVP: command 'Air-to-Liquid Sens.' with setting of 0 for 96 channels.
12/12/2018 14:11:53.4 [VVP96] Set VVP: command 'Liquid-to-Air Sens.' with setting of 0 for 96 channels.
12/12/2018 14:11:54.5 [VVP96] VVP Dispense pressure is 31 mbar.
12/12/2018 14:11:54.9 [VVP96] Dispense complete.
12/12/2018 14:11:55.5 [VVP96] Average residual volume was 0.87 ul for 96 channels at 30 mbar pressure
12/12/2018 14:11:55.7 [Lynx.Dispense(VVP96).VVP96] Dispense results: Ch:A01 8.3uL/0.9uL OK, Ch:B01 8.0uL/0.8uL OK, Ch:C01 7.9uL/0.8uL OK, Ch:D01 7.8uL/0.9uL OK, Ch:E01 7.8uL/0.8uL OK, Ch:F01 8.1uL/0.8uL OK, Ch:G01 8.0uL/0.8uL OK, Ch:H01 8.2uL/0.9uL OK, Ch:A02 8.2uL/0.9uL OK, Ch:B02 8.1uL/0.9uL OK, Ch:C02 8.0uL/0.8uL OK, Ch:D02 7.7uL/0.9uL OK, Ch:E02 8.3uL/0.9uL OK, Ch:F02 8.1uL/0.9uL OK, Ch:G02 8.0uL/0.9uL OK, Ch:H02 8.0uL/0.9uL OK, Ch:A03 8.1uL/0.9uL OK, Ch:B03 8.0uL/0.8uL OK, Ch:C03 8.2uL/0.8uL OK, Ch:D03 8.2uL/0.9uL OK, Ch:E03 7.8uL/0.9uL OK, Ch:F03 8.1uL/0.9uL OK, Ch:G03 8.1uL/0.9uL OK, Ch:H03 8.3uL/0.9uL OK, Ch:A04 8.2uL/0.9uL OK, Ch:B04 7.9uL/0.9uL OK, Ch:C04 8.1uL/1.0uL OK, Ch:D04 8.1uL/0.9uL OK, Ch:E04 8.1uL/0.9uL OK, Ch:F04 8.0uL/0.9uL OK, Ch:G04 8.0uL/0.8uL OK, Ch:H04 8.0uL/0.8uL OK, Ch:A05 7.9uL/0.9uL OK, Ch:B05 7.9uL/0.9uL OK, Ch:C05 8.2uL/0.8uL OK, Ch:D05 7.9uL/0.8uL OK, Ch:E05 8.2uL/0.8uL OK, Ch:F05 8.0uL/0.8uL OK, Ch:G05 8.2uL/0.9uL OK, Ch:H05 8.0uL/0.8uL OK, Ch:A06 8.0uL/0.8uL OK, Ch:B06 8.1uL/0.8uL OK, Ch:C06 7.8uL/1.0uL OK, Ch:D06 7.9uL/0.9uL OK, Ch:E06 8.0uL/0.9uL OK, Ch:F06 8.0uL/0.8uL OK, Ch:G06 8.1uL/0.9uL OK, Ch:H06 8.0uL/0.8uL OK, Ch:A07 7.9uL/0.8uL OK, Ch:B07 8.1uL/0.8uL OK, Ch:C07 8.1uL/0.9uL OK, Ch:D07 8.0uL/0.8uL OK, Ch:E07 8.0uL/0.8uL OK, Ch:F07 7.9uL/1.0uL OK, Ch:G07 7.8uL/0.8uL OK, Ch:H07 8.2uL/0.9uL OK, Ch:A08 8.0uL/0.9uL OK, Ch:B08 8.2uL/0.8uL OK, Ch:C08 8.2uL/0.9uL OK, Ch:D08 8.1uL/0.9uL OK, Ch:E08 8.1uL/0.9uL OK, Ch:F08 7.9uL/0.8uL OK, Ch:G08 7.9uL/0.9uL OK, Ch:H08 7.9uL/1.0uL OK, Ch:A09 8.2uL/0.9uL OK, Ch:B09 8.0uL/0.8uL OK, Ch:C09 8.0uL/0.9uL OK, Ch:D09 8.0uL/0.9uL OK, Ch:E09 7.8uL/0.8uL OK, Ch:F09 8.0uL/0.8uL OK, Ch:G09 7.7uL/1.0uL OK, Ch:H09 8.1uL/0.8uL OK, Ch:A10 8.3uL/0.9uL OK, Ch:B10 7.9uL/1.1uL OK, Ch:C10 8.2uL/0.8uL OK, Ch:D10 8.0uL/0.9uL OK, Ch:E10 7.8uL/1.0uL OK, Ch:F10 7.9uL/0.9uL OK, Ch:G10 7.8uL/0.9uL OK, Ch:H10 7.9uL/0.9uL OK, Ch:A11 8.1uL/0.9uL OK, Ch:B11 8.3uL/1.0uL OK, Ch:C11 7.9uL/0.8uL OK, Ch:D11 8.1uL/0.9uL OK, Ch:E11 7.9uL/0.8uL OK, Ch:F11 8.2uL/0.9uL OK, Ch:G11 8.0uL/0.9uL OK, Ch:H11 8.0uL/0.9uL OK, Ch:A12 8.0uL/0.8uL OK, Ch:B12 8.1uL/0.9uL OK, Ch:C12 8.0uL/0.9uL OK, Ch:D12 7.9uL/0.8uL OK, Ch:E12 7.8uL/0.8uL OK, Ch:F12 8.4uL/0.9uL OK, Ch:G12 8.1uL/0.9uL OK, Ch:H12 8.3uL/0.8uL OK
12/12/2018 14:11:55.7 [Lynx.Dispense(VVP96).VVP96] Set dispense pressure for blowout.
12/12/2018 14:11:55.8 [VVP96] Set VVP: command 'Clogging Limit' with setting of 0 for 96 channels.
12/12/2018 14:11:56.0 [VVP96] Set VVP: command 'Air-to-Liquid Sens.' with setting of 0 for 96 channels.
12/12/2018 14:11:56.2 [VVP96] Set VVP: command 'Liquid-to-Air Sens.' with setting of 0 for 96 channels.
12/12/2018 14:11:57.3 [VVP96] VVP Dispense pressure is 101 mbar.
12/12/2018 14:11:57.7 [VVP96] Dispense complete.
12/12/2018 14:11:58.8 [VVP96] Average residual volume was 3.15 ul for 96 channels at 100 mbar pressure
12/12/2018 14:11:59.0 [Lynx.Dispense(VVP96).VVP96] Blowout results: Ch:A01 8.3uL/0.9uL OK, Ch:B01 8.0uL/0.8uL OK, Ch:C01 7.9uL/0.8uL OK, Ch:D01 7.8uL/0.9uL OK, Ch:E01 7.8uL/0.8uL OK, Ch:F01 8.1uL/0.8uL OK, Ch:G01 8.0uL/0.8uL OK, Ch:H01 8.2uL/0.9uL OK, Ch:A02 8.2uL/0.9uL OK, Ch:B02 8.1uL/0.9uL OK, Ch:C02 8.0uL/0.8uL OK, Ch:D02 7.7uL/0.9uL OK, Ch:E02 8.3uL/0.9uL OK, Ch:F02 8.1uL/0.9uL OK, Ch:G02 8.0uL/0.9uL OK, Ch:H02 8.0uL/0.9uL OK, Ch:A03 8.1uL/0.9uL OK, Ch:B03 8.0uL/0.8uL OK, Ch:C03 8.2uL/0.8uL OK, Ch:D03 8.2uL/0.9uL OK, Ch:E03 7.8uL/0.9uL OK, Ch:F03 8.1uL/0.9uL OK, Ch:G03 8.1uL/0.9uL OK, Ch:H03 8.3uL/0.9uL OK, Ch:A04 8.2uL/0.9uL OK, Ch:B04 7.9uL/0.9uL OK, Ch:C04 8.1uL/1.0uL OK, Ch:D04 8.1uL/0.9uL OK, Ch:E04 8.1uL/0.9uL OK, Ch:F04 8.0uL/0.9uL OK, Ch:G04 8.0uL/0.8uL OK, Ch:H04 8.0uL/0.8uL OK, Ch:A05 7.9uL/0.9uL OK, Ch:B05 7.9uL/0.9uL OK, Ch:C05 8.2uL/0.8uL OK, Ch:D05 7.9uL/0.8uL OK, Ch:E05 8.2uL/0.8uL OK, Ch:F05 8.0uL/0.8uL OK, Ch:G05 8.2uL/0.9uL OK, Ch:H05 8.0uL/0.8uL OK, Ch:A06 8.0uL/0.8uL OK, Ch:B06 8.1uL/0.8uL OK, Ch:C06 7.8uL/1.0uL OK, Ch:D06 7.9uL/0.9uL OK, Ch:E06 8.0uL/0.9uL OK, Ch:F06 8.0uL/0.8uL OK, Ch:G06 8.1uL/0.9uL OK, Ch:H06 8.0uL/0.8uL OK, Ch:A07 7.9uL/0.8uL OK, Ch:B07 8.1uL/0.8uL OK, Ch:C07 8.1uL/0.9uL OK, Ch:D07 8.0uL/0.8uL OK, Ch:E07 8.0uL/0.8uL OK, Ch:F07 7.9uL/1.0uL OK, Ch:G07 7.8uL/0.8uL OK, Ch:H07 8.2uL/0.9uL OK, Ch:A08 8.0uL/0.9uL OK, Ch:B08 8.2uL/0.8uL OK, Ch:C08 8.2uL/0.9uL OK, Ch:D08 8.1uL/0.9uL OK, Ch:E08 8.1uL/0.9uL OK, Ch:F08 7.9uL/0.8uL OK, Ch:G08 7.9uL/0.9uL OK, Ch:H08 7.9uL/1.0uL OK, Ch:A09 8.2uL/0.9uL OK, Ch:B09 8.0uL/0.8uL OK, Ch:C09 8.0uL/0.9uL OK, Ch:D09 8.0uL/0.9uL OK, Ch:E09 7.8uL/0.8uL OK, Ch:F09 8.0uL/0.8uL OK, Ch:G09 7.7uL/1.0uL OK, Ch:H09 8.1uL/0.8uL OK, Ch:A10 8.3uL/0.9uL OK, Ch:B10 7.9uL/1.1uL OK, Ch:C10 8.2uL/0.8uL OK, Ch:D10 8.0uL/0.9uL OK, Ch:E10 7.8uL/1.0uL OK, Ch:F10 7.9uL/0.9uL OK, Ch:G10 7.8uL/0.9uL OK, Ch:H10 7.9uL/0.9uL OK, Ch:A11 8.1uL/0.9uL OK, Ch:B11 8.3uL/1.0uL OK, Ch:C11 7.9uL/0.8uL OK, Ch:D11 8.1uL/0.9uL OK, Ch:E11 7.9uL/0.8uL OK, Ch:F11 8.2uL/0.9uL OK, Ch:G11 8.0uL/0.9uL OK, Ch:H11 8.0uL/0.9uL OK, Ch:A12 8.0uL/0.8uL OK, Ch:B12 8.1uL/0.9uL OK, Ch:C12 8.0uL/0.9uL OK, Ch:D12 7.9uL/0.8uL OK, Ch:E12 7.8uL/0.8uL OK, Ch:F12 8.4uL/0.9uL OK, Ch:G12 8.1uL/0.9uL OK, Ch:H12 8.3uL/0.8uL OK
12/12/2018 14:12:02.3 [Lynx.Dispense(VVP96).VVP96] Final axis positions:'XL' -287.80 mm, 'YL' -212.02 mm, 'ZL' -2.02 mm
12/12/2018 14:12:02.3 [Lynx.Dispense(VVP96).VVP96] Time to complete: 12 s.
12/12/2018 14:12:02.3 Process 'ChipLoad.met'[5] 'Dispense(VVP96)' CommandCompleted
12/12/2018 14:12:02.4 Process 'ChipLoad.met'[6] 'Eject Tips(VVP96)' CommandStarted
12/12/2018 14:12:02.4 [Lynx.Eject Tips(VVP96).VVP96] Plate 'LXB-96-300F_01', column/row offset (0, 0), X/Y offset (0.00 mm,0.00 mm), height: 10.00 mm.
12/12/2018 14:12:02.4 [Lynx.Eject Tips(VVP96).VVP96] Current tip 'LXB-96-300F'.
12/12/2018 14:12:02.4 [Lynx.Eject Tips(VVP96).VVP96] Plate is at location 'Loc_07' (-146.02 mm, -14.59 mm, -172.99 mm) with a stack index of 1.
12/12/2018 14:12:02.4 [Lynx.Eject Tips(VVP96).VVP96] Initial robot X/Y/ZStart/ZEnd coordinates: -160.40 mm, -3.35 mm, -2.00 mm, -101.49 mm, using motion profile 'Tip Eject'.
12/12/2018 14:12:02.5 [Lynx.Eject Tips(VVP96).VVP96] Initial axis positions:'XL' -285.95 mm, 'YL' -212.02 mm, 'ZL' -2.02 mm
12/12/2018 14:12:04.0 Process 'ChipLoad.met'[6] 'Eject Tips(VVP96)' CommandFailed
12/12/2018 14:12:55.8 Process 'ChipLoad.met' MethodCompleted, A 'Eject Tips(VVP96)' command was stopped due to a motion error
0 of 1 method(s) completed successfully.
  Concurrent method 'Main' (Main) started at 12/12/2018 14:11:14.2 and terminated at 12/12/2018 14:12:55.8
    Terminate reason:CommandError
    Command 'Eject Tips(VVP96)', line 6, was interrupted due to A motion error, Move X/Y axes failed:XL had MotionError

