Workspace 'LM703' modules...
  MethodManagerV4   1.4.6666.27655
  MMCoreDevice   1.4.6666.27650
  MMLiquidHandler   1.4.6666.26302
  Warp3   2.0.6591.13866
  MMVVP   1.4.6666.26303
  MMIOLightTower   1.4.6666.26303
  MMHeadGripper   1.3.6591.14013
The pipette tool 'VVP96' has mandrel type 'MLV' and can load the following tip types:
   Tip type 'LXB-96-150F', loading depth 9.4 mm, Id: baf0d489-a29c-4899-844e-44fbdc6c2c49.
   Tip type 'LXB-96-200NF', loading depth 9.4 mm, Id: 095daefc-e866-4d91-906f-cc7e17eaf3f6.
   Tip type 'LXB-96-300F', loading depth 10.4 mm, Id: d2f37554-e0d6-41ea-8f3d-101c68af7e40.
   Tip type 'LXB-96-300NF', loading depth 10.4 mm, Id: 423ec1e5-0ccf-4946-a441-905f3c9e1fd9.
   Tip type 'LXB-96-950F', loading depth 28.6 mm, Id: 497625a6-73fc-4433-95df-636ceecdc818.
   Tip type 'LXB-96-950F-WB', loading depth 28.6 mm, Id: ca3988bc-a34d-4ad7-ba77-93a37e8cba6d.
   Tip type 'LXB-96-1250NF', loading depth 28.6 mm, Id: 13ba07a3-d5cb-4a96-9ab8-1d418fc383d6.
[User] Clear errors.
Errors could not be resolved for these devices:
   Lynx (6 errors)
      Axis 'XL' is not connected.
      Axis 'YL' is not connected.
      Axis 'ZL' is not connected.
      Axis 'BarCodeZAxis' is not connected.
      Pipettor 'VVP96' is not connected.
      Error(s) on component 'Gripper': Failed to set output 'Lynx.BarCodeZAxis.4'.

[User] Start.
11/29/2019 19:27:53.1 Process 'AndStamp.met' MethodCompleted
1 of 1 method(s) completed successfully.
  Concurrent method 'Main' (Main) started at 11/29/2019 19:26:57.9 and finished at 11/29/2019 19:27:53.1

11/29/2019 19:36:56.4 [VVP96] VVP reports 1 errors in last aspirate: E05
11/29/2019 19:37:38.5 Process 'ChipLoad_150ul.met' MethodCompleted
1 of 1 method(s) completed successfully.
  Concurrent method 'Main' (Main) started at 11/29/2019 19:36:16.6 and finished at 11/29/2019 19:37:38.5

11/29/2019 19:45:03.9 [VVP96] VVP reports 1 errors in last aspirate: D03
11/29/2019 19:47:42.4 Process 'Norm.met' MethodCompleted
1 of 1 method(s) completed successfully.
  Concurrent method 'Main' (Main) started at 11/29/2019 19:44:21.4 and finished at 11/29/2019 19:47:42.4

11/29/2019 19:48:30.4 [VVP96] VVP reports 1 errors in last aspirate: D03
11/29/2019 19:48:56.4 Process 'AndStamp.met' MethodCompleted
1 of 1 method(s) completed successfully.
  Concurrent method 'Main' (Main) started at 11/29/2019 19:47:45.2 and finished at 11/29/2019 19:48:56.4

11/29/2019 19:56:38.3 Process 'ChipLoad_150ul.met' MethodCompleted
1 of 1 method(s) completed successfully.
  Concurrent method 'Main' (Main) started at 11/29/2019 19:55:36.5 and finished at 11/29/2019 19:56:38.3

11/29/2019 20:06:26.3 Process 'Norm.met' MethodCompleted
1 of 1 method(s) completed successfully.
  Concurrent method 'Main' (Main) started at 11/29/2019 20:03:19.9 and finished at 11/29/2019 20:06:26.3

11/29/2019 20:07:21.6 Process 'AndStamp.met' MethodCompleted
1 of 1 method(s) completed successfully.
  Concurrent method 'Main' (Main) started at 11/29/2019 20:06:29.1 and finished at 11/29/2019 20:07:21.6

11/29/2019 20:15:09.2 Process 'ChipLoad_150ul.met' MethodCompleted
1 of 1 method(s) completed successfully.
  Concurrent method 'Main' (Main) started at 11/29/2019 20:14:07.4 and finished at 11/29/2019 20:15:09.2

11/29/2019 20:24:54.6 Process 'Norm.met' MethodCompleted
1 of 1 method(s) completed successfully.
  Concurrent method 'Main' (Main) started at 11/29/2019 20:21:50.5 and finished at 11/29/2019 20:24:54.6

11/29/2019 20:25:50.4 Process 'AndStamp.met' MethodCompleted
1 of 1 method(s) completed successfully.
  Concurrent method 'Main' (Main) started at 11/29/2019 20:24:57.4 and finished at 11/29/2019 20:25:50.4

11/30/2019 07:21:23.4 Tcp notification encountered an error: SocketException: System.Net.Sockets.SocketException (0x80004005): The requested address is not valid in its context 172.18.3.52:0
   at System.Net.Sockets.TcpClient..ctor(String hostname, Int32 port)
   at MethodManager.DX.Interop.MMTcpServer.<>c__DisplayClass5.<SendNotification>b__4()
11/30/2019 07:21:27.3 Process 'InitializeLynx.met' MethodCompleted
1 of 1 method(s) completed successfully.
  Concurrent method 'Main' (Main) started at 11/30/2019 07:21:25.1 and finished at 11/30/2019 07:21:27.3

11/30/2019 07:39:12.8 Process 'ChipLoad_150ul.met' MethodCompleted
1 of 1 method(s) completed successfully.
  Concurrent method 'Main' (Main) started at 11/30/2019 07:38:11.3 and finished at 11/30/2019 07:39:12.8

11/30/2019 07:48:56.0 Process 'Norm.met' MethodCompleted
1 of 1 method(s) completed successfully.
  Concurrent method 'Main' (Main) started at 11/30/2019 07:45:53.8 and finished at 11/30/2019 07:48:56.0

11/30/2019 07:49:53.4 Process 'AndStamp.met' MethodCompleted
1 of 1 method(s) completed successfully.
  Concurrent method 'Main' (Main) started at 11/30/2019 07:48:59.1 and finished at 11/30/2019 07:49:53.4

11/30/2019 07:57:49.1 Process 'ChipLoad_150ul.met' MethodCompleted
1 of 1 method(s) completed successfully.
  Concurrent method 'Main' (Main) started at 11/30/2019 07:56:47.6 and finished at 11/30/2019 07:57:49.1

11/30/2019 08:07:33.7 Process 'Norm.met' MethodCompleted
1 of 1 method(s) completed successfully.
  Concurrent method 'Main' (Main) started at 11/30/2019 08:04:30.4 and finished at 11/30/2019 08:07:33.7

11/30/2019 08:08:30.1 Process 'AndStamp.met' MethodCompleted
1 of 1 method(s) completed successfully.
  Concurrent method 'Main' (Main) started at 11/30/2019 08:07:36.7 and finished at 11/30/2019 08:08:30.1

11/30/2019 08:16:20.2 Process 'ChipLoad_150ul.met' MethodCompleted
1 of 1 method(s) completed successfully.
  Concurrent method 'Main' (Main) started at 11/30/2019 08:15:18.0 and finished at 11/30/2019 08:16:20.2

11/30/2019 08:26:03.9 Process 'Norm.met' MethodCompleted
1 of 1 method(s) completed successfully.
  Concurrent method 'Main' (Main) started at 11/30/2019 08:23:00.6 and finished at 11/30/2019 08:26:03.9

11/30/2019 08:27:00.0 Process 'AndStamp.met' MethodCompleted
1 of 1 method(s) completed successfully.
  Concurrent method 'Main' (Main) started at 11/30/2019 08:26:07.0 and finished at 11/30/2019 08:27:00.0

11/30/2019 08:34:43.0 Process 'ChipLoad_150ul.met' MethodCompleted
1 of 1 method(s) completed successfully.
  Concurrent method 'Main' (Main) started at 11/30/2019 08:33:40.1 and finished at 11/30/2019 08:34:43.0

11/30/2019 08:44:25.6 Process 'Norm.met' MethodCompleted
1 of 1 method(s) completed successfully.
  Concurrent method 'Main' (Main) started at 11/30/2019 08:41:22.9 and finished at 11/30/2019 08:44:25.6

11/30/2019 08:45:22.0 Process 'AndStamp.met' MethodCompleted
1 of 1 method(s) completed successfully.
  Concurrent method 'Main' (Main) started at 11/30/2019 08:44:28.9 and finished at 11/30/2019 08:45:22.0

11/30/2019 08:53:15.2 Process 'ChipLoad_150ul.met' MethodCompleted
1 of 1 method(s) completed successfully.
  Concurrent method 'Main' (Main) started at 11/30/2019 08:52:13.4 and finished at 11/30/2019 08:53:15.2

11/30/2019 09:02:59.7 Process 'Norm.met' MethodCompleted
1 of 1 method(s) completed successfully.
  Concurrent method 'Main' (Main) started at 11/30/2019 08:59:56.1 and finished at 11/30/2019 09:02:59.7

11/30/2019 09:03:58.1 Process 'AndStamp.met' MethodCompleted
1 of 1 method(s) completed successfully.
  Concurrent method 'Main' (Main) started at 11/30/2019 09:03:05.1 and finished at 11/30/2019 09:03:58.1

11/30/2019 09:11:48.4 Process 'ChipLoad_150ul.met' MethodCompleted
1 of 1 method(s) completed successfully.
  Concurrent method 'Main' (Main) started at 11/30/2019 09:10:45.9 and finished at 11/30/2019 09:11:48.4

11/30/2019 09:21:32.0 Process 'Norm.met' MethodCompleted
1 of 1 method(s) completed successfully.
  Concurrent method 'Main' (Main) started at 11/30/2019 09:18:29.2 and finished at 11/30/2019 09:21:32.0

11/30/2019 09:22:28.7 Process 'AndStamp.met' MethodCompleted
1 of 1 method(s) completed successfully.
  Concurrent method 'Main' (Main) started at 11/30/2019 09:21:35.0 and finished at 11/30/2019 09:22:28.7

11/30/2019 09:30:18.5 Process 'ChipLoad_150ul.met' MethodCompleted
1 of 1 method(s) completed successfully.
  Concurrent method 'Main' (Main) started at 11/30/2019 09:29:16.5 and finished at 11/30/2019 09:30:18.5

11/30/2019 09:40:01.7 Process 'Norm.met' MethodCompleted
1 of 1 method(s) completed successfully.
  Concurrent method 'Main' (Main) started at 11/30/2019 09:36:58.8 and finished at 11/30/2019 09:40:01.7

11/30/2019 09:40:58.6 Process 'AndStamp.met' MethodCompleted
1 of 1 method(s) completed successfully.
  Concurrent method 'Main' (Main) started at 11/30/2019 09:40:05.1 and finished at 11/30/2019 09:40:58.6

11/30/2019 09:48:43.4 Process 'ChipLoad_150ul.met' MethodCompleted
1 of 1 method(s) completed successfully.
  Concurrent method 'Main' (Main) started at 11/30/2019 09:47:40.6 and finished at 11/30/2019 09:48:43.4

11/30/2019 09:58:27.5 Process 'Norm.met' MethodCompleted
1 of 1 method(s) completed successfully.
  Concurrent method 'Main' (Main) started at 11/30/2019 09:55:23.3 and finished at 11/30/2019 09:58:27.5

11/30/2019 09:59:23.6 Process 'AndStamp.met' MethodCompleted
1 of 1 method(s) completed successfully.
  Concurrent method 'Main' (Main) started at 11/30/2019 09:58:30.6 and finished at 11/30/2019 09:59:23.6

11/30/2019 10:25:15.3 Process 'ChipLoad_150ul.met' MethodCompleted
1 of 1 method(s) completed successfully.
  Concurrent method 'Main' (Main) started at 11/30/2019 10:24:13.5 and finished at 11/30/2019 10:25:15.3

11/30/2019 10:35:06.6 Process 'Norm.met' MethodCompleted
1 of 1 method(s) completed successfully.
  Concurrent method 'Main' (Main) started at 11/30/2019 10:31:57.3 and finished at 11/30/2019 10:35:06.6

11/30/2019 10:36:03.2 Process 'AndStamp.met' MethodCompleted
1 of 1 method(s) completed successfully.
  Concurrent method 'Main' (Main) started at 11/30/2019 10:35:09.7 and finished at 11/30/2019 10:36:03.2

11/30/2019 10:46:54.6 Process 'ChipLoad_150ul.met' MethodCompleted
1 of 1 method(s) completed successfully.
  Concurrent method 'Main' (Main) started at 11/30/2019 10:45:53.5 and finished at 11/30/2019 10:46:54.6

11/30/2019 10:56:40.3 Process 'Norm.met' MethodCompleted
1 of 1 method(s) completed successfully.
  Concurrent method 'Main' (Main) started at 11/30/2019 10:53:36.3 and finished at 11/30/2019 10:56:40.3

11/30/2019 10:57:38.6 Process 'AndStamp.met' MethodCompleted
1 of 1 method(s) completed successfully.
  Concurrent method 'Main' (Main) started at 11/30/2019 10:56:44.8 and finished at 11/30/2019 10:57:38.6

11/30/2019 11:07:41.1 Process 'ChipLoad_150ul.met' MethodCompleted
1 of 1 method(s) completed successfully.
  Concurrent method 'Main' (Main) started at 11/30/2019 11:06:39.2 and finished at 11/30/2019 11:07:41.0

11/30/2019 11:17:26.7 Process 'Norm.met' MethodCompleted
1 of 1 method(s) completed successfully.
  Concurrent method 'Main' (Main) started at 11/30/2019 11:14:22.7 and finished at 11/30/2019 11:17:26.7

11/30/2019 11:18:23.6 Process 'AndStamp.met' MethodCompleted
1 of 1 method(s) completed successfully.
  Concurrent method 'Main' (Main) started at 11/30/2019 11:17:29.6 and finished at 11/30/2019 11:18:23.6

11/30/2019 11:28:15.5 Process 'ChipLoad_150ul.met' MethodCompleted
1 of 1 method(s) completed successfully.
  Concurrent method 'Main' (Main) started at 11/30/2019 11:27:13.7 and finished at 11/30/2019 11:28:15.5

11/30/2019 11:38:01.1 Process 'Norm.met' MethodCompleted
1 of 1 method(s) completed successfully.
  Concurrent method 'Main' (Main) started at 11/30/2019 11:34:56.6 and finished at 11/30/2019 11:38:01.1

11/30/2019 11:39:00.4 Process 'AndStamp.met' MethodCompleted
1 of 1 method(s) completed successfully.
  Concurrent method 'Main' (Main) started at 11/30/2019 11:38:05.8 and finished at 11/30/2019 11:39:00.4

11/30/2019 11:50:28.7 Process 'ChipLoad_150ul.met' MethodCompleted
1 of 1 method(s) completed successfully.
  Concurrent method 'Main' (Main) started at 11/30/2019 11:49:27.0 and finished at 11/30/2019 11:50:28.7

11/30/2019 12:00:14.8 Process 'Norm.met' MethodCompleted
1 of 1 method(s) completed successfully.
  Concurrent method 'Main' (Main) started at 11/30/2019 11:57:11.2 and finished at 11/30/2019 12:00:14.8

11/30/2019 12:01:12.3 Process 'AndStamp.met' MethodCompleted
1 of 1 method(s) completed successfully.
  Concurrent method 'Main' (Main) started at 11/30/2019 12:00:20.0 and finished at 11/30/2019 12:01:12.3

11/30/2019 12:11:10.9 Process 'ChipLoad_150ul.met' MethodCompleted
1 of 1 method(s) completed successfully.
  Concurrent method 'Main' (Main) started at 11/30/2019 12:10:08.7 and finished at 11/30/2019 12:11:10.9

11/30/2019 12:20:56.3 Process 'Norm.met' MethodCompleted
1 of 1 method(s) completed successfully.
  Concurrent method 'Main' (Main) started at 11/30/2019 12:17:52.8 and finished at 11/30/2019 12:20:56.3

11/30/2019 12:21:52.2 Process 'AndStamp.met' MethodCompleted
1 of 1 method(s) completed successfully.
  Concurrent method 'Main' (Main) started at 11/30/2019 12:20:58.9 and finished at 11/30/2019 12:21:52.2

11/30/2019 12:31:38.3 Process 'ChipLoad_150ul.met' MethodCompleted
1 of 1 method(s) completed successfully.
  Concurrent method 'Main' (Main) started at 11/30/2019 12:30:36.7 and finished at 11/30/2019 12:31:38.3

11/30/2019 12:41:24.7 Process 'Norm.met' MethodCompleted
1 of 1 method(s) completed successfully.
  Concurrent method 'Main' (Main) started at 11/30/2019 12:38:20.6 and finished at 11/30/2019 12:41:24.7

11/30/2019 12:42:23.2 Process 'AndStamp.met' MethodCompleted
1 of 1 method(s) completed successfully.
  Concurrent method 'Main' (Main) started at 11/30/2019 12:41:29.7 and finished at 11/30/2019 12:42:23.2

11/30/2019 12:52:41.5 Process 'ChipLoad_150ul.met' MethodCompleted
1 of 1 method(s) completed successfully.
  Concurrent method 'Main' (Main) started at 11/30/2019 12:51:39.6 and finished at 11/30/2019 12:52:41.5

11/30/2019 13:02:30.5 Process 'Norm.met' MethodCompleted
1 of 1 method(s) completed successfully.
  Concurrent method 'Main' (Main) started at 11/30/2019 12:59:22.4 and finished at 11/30/2019 13:02:30.5

11/30/2019 13:03:28.5 Process 'AndStamp.met' MethodCompleted
1 of 1 method(s) completed successfully.
  Concurrent method 'Main' (Main) started at 11/30/2019 13:02:35.4 and finished at 11/30/2019 13:03:28.5

11/30/2019 13:57:23.9 Tcp notification encountered an error: SocketException: System.Net.Sockets.SocketException (0x80004005): The requested address is not valid in its context 172.18.3.52:0
   at System.Net.Sockets.TcpClient..ctor(String hostname, Int32 port)
   at MethodManager.DX.Interop.MMTcpServer.<>c__DisplayClass5.<SendNotification>b__4()
11/30/2019 13:57:31.1 Process 'InitializeLynx.met' MethodCompleted
1 of 1 method(s) completed successfully.
  Concurrent method 'Main' (Main) started at 11/30/2019 13:57:28.9 and finished at 11/30/2019 13:57:31.0

11/30/2019 14:19:11.3 Process 'Stamp_150ul.met' MethodCompleted
1 of 1 method(s) completed successfully.
  Concurrent method 'Main' (Main) started at 11/30/2019 14:17:56.7 and finished at 11/30/2019 14:19:11.3

11/30/2019 14:38:52.5 Process 'Stamp_150ul.met' MethodCompleted
1 of 1 method(s) completed successfully.
  Concurrent method 'Main' (Main) started at 11/30/2019 14:37:27.4 and finished at 11/30/2019 14:38:52.5

11/30/2019 15:05:43.4 Process 'Stamp_150ul.met' MethodCompleted
1 of 1 method(s) completed successfully.
  Concurrent method 'Main' (Main) started at 11/30/2019 15:04:26.5 and finished at 11/30/2019 15:05:43.4

11/30/2019 15:14:41.1 [VVP96] VVP reports 1 errors in last aspirate: C04
11/30/2019 15:15:29.0 Process 'Stamp_150ul.met' MethodCompleted
1 of 1 method(s) completed successfully.
  Concurrent method 'Main' (Main) started at 11/30/2019 15:13:54.2 and finished at 11/30/2019 15:15:29.0

11/30/2019 16:12:20.6 Process 'ChipLoad_150ul.met' MethodCompleted
1 of 1 method(s) completed successfully.
  Concurrent method 'Main' (Main) started at 11/30/2019 16:11:19.4 and finished at 11/30/2019 16:12:20.6

11/30/2019 16:22:33.6 Process 'Norm.met' MethodCompleted
1 of 1 method(s) completed successfully.
  Concurrent method 'Main' (Main) started at 11/30/2019 16:19:29.1 and finished at 11/30/2019 16:22:33.6

11/30/2019 16:23:32.8 Process 'AndStamp.met' MethodCompleted
1 of 1 method(s) completed successfully.
  Concurrent method 'Main' (Main) started at 11/30/2019 16:22:39.1 and finished at 11/30/2019 16:23:32.8

11/30/2019 16:32:26.8 Process 'ChipLoad_150ul.met' MethodCompleted
1 of 1 method(s) completed successfully.
  Concurrent method 'Main' (Main) started at 11/30/2019 16:31:25.5 and finished at 11/30/2019 16:32:26.8

11/30/2019 16:45:49.9 Process 'Norm.met' MethodCompleted
1 of 1 method(s) completed successfully.
  Concurrent method 'Main' (Main) started at 11/30/2019 16:42:48.6 and finished at 11/30/2019 16:45:49.9

11/30/2019 16:46:46.3 Process 'AndStamp.met' MethodCompleted
1 of 1 method(s) completed successfully.
  Concurrent method 'Main' (Main) started at 11/30/2019 16:45:53.1 and finished at 11/30/2019 16:46:46.3

11/30/2019 16:57:33.8 Process 'ChipLoad_150ul.met' MethodCompleted
1 of 1 method(s) completed successfully.
  Concurrent method 'Main' (Main) started at 11/30/2019 16:56:31.8 and finished at 11/30/2019 16:57:33.8

11/30/2019 17:08:07.7 Process 'Norm.met' MethodCompleted
1 of 1 method(s) completed successfully.
  Concurrent method 'Main' (Main) started at 11/30/2019 17:05:04.4 and finished at 11/30/2019 17:08:07.7

11/30/2019 17:09:03.6 Process 'AndStamp.met' MethodCompleted
1 of 1 method(s) completed successfully.
  Concurrent method 'Main' (Main) started at 11/30/2019 17:08:10.9 and finished at 11/30/2019 17:09:03.6

[User] Step.
11/30/2019 17:14:24.5 Process 'SubMethods\TipOn_Check_300uL.met' MethodCompleted, A 'Eject Tips(VVP96)' command has a logic or parameter error
0 of 1 method(s) completed successfully.
  Concurrent method 'Main' (Main) started at 11/30/2019 17:14:19.3 and terminated at 11/30/2019 17:14:24.5
    Terminate reason:CommandError
    Command 'Eject Tips(VVP96)', line 4, was interrupted due to Command 'Eject Tips(VVP96)' requires a valid tip type

[User] Step.
11/30/2019 17:16:07.1 Process 'SubMethods\TipOn_Check_300uL.met' MethodCompleted, A 'Eject Tips(VVP96)' command has a logic or parameter error
0 of 1 method(s) completed successfully.
  Concurrent method 'Main' (Main) started at 11/30/2019 17:16:05.6 and terminated at 11/30/2019 17:16:07.1
    Terminate reason:CommandError
    Command 'Eject Tips(VVP96)', line 4, was interrupted due to Command 'Eject Tips(VVP96)' requires a valid tip type

