Workspace 'LM703' modules...
  MethodManagerV4   1.4.6666.27655
  MMCoreDevice   1.4.6666.27650
  MMLiquidHandler   1.4.6666.26302
  Warp3   2.0.6591.13866
  MMVVP   1.4.6666.26303
  MMIOLightTower   1.4.6666.26303
  MMHeadGripper   1.3.6591.14013
The pipette tool 'VVP96' has mandrel type 'MLV' and can load the following tip types:
   Tip type 'LXB-96-150F', loading depth 9.4 mm, Id: baf0d489-a29c-4899-844e-44fbdc6c2c49.
   Tip type 'LXB-96-200NF', loading depth 9.4 mm, Id: 095daefc-e866-4d91-906f-cc7e17eaf3f6.
   Tip type 'LXB-96-300F', loading depth 10.4 mm, Id: d2f37554-e0d6-41ea-8f3d-101c68af7e40.
   Tip type 'LXB-96-300NF', loading depth 10.4 mm, Id: 423ec1e5-0ccf-4946-a441-905f3c9e1fd9.
   Tip type 'LXB-96-950F', loading depth 28.6 mm, Id: 497625a6-73fc-4433-95df-636ceecdc818.
   Tip type 'LXB-96-950F-WB', loading depth 28.6 mm, Id: ca3988bc-a34d-4ad7-ba77-93a37e8cba6d.
   Tip type 'LXB-96-1250NF', loading depth 28.6 mm, Id: 13ba07a3-d5cb-4a96-9ab8-1d418fc383d6.
06/07/2019 08:51:57.7 The command server is monitoring the workspace 'LM703' and is available on 172.18.3.53/1000
06/07/2019 08:52:02.9 [ZL] Instruction Error Status: None
06/07/2019 08:52:02.9 [ZL] Warp3 core version: 99103v1.0 (will support I/O).
06/07/2019 08:52:03.0 [ZL] Configured as an enhanced Warp3 with I/O.
06/07/2019 08:52:03.0 [ZL]   Inputs: False False False False False 
06/07/2019 08:52:03.0 [ZL] Current IP communications rate is 10 mb.
06/07/2019 08:52:03.0 [ZL] IP communications speed is currently set to 10 Mbps.
06/07/2019 08:52:03.1 [ZL] Phase correction: disabled, prescale: 0, phase counts: 2000
06/07/2019 08:52:03.2 [ZL] SetCurrentFoldbackAmps(8, 20) will set 17440 , 216
06/07/2019 08:52:03.2 [ZL] Configuration parameters loaded from 'P:\MethodManagerWorkspaces\LM703\Configuration\Z Axis.xml'. HomeVelocity 20 mm/s, CountsPerMM 2571 cts/mm.
06/07/2019 08:52:03.3 [ZL] Start Hall-based phase initialization.
06/07/2019 08:52:03.4 [ZL] Phases initialized.
06/07/2019 08:52:03.4 [BarCodeZAxis] Instruction Error Status: None
06/07/2019 08:52:03.4 [BarCodeZAxis] Warp3 core version: 99103v1.0 (will support I/O).
06/07/2019 08:52:03.4 [BarCodeZAxis] Configured as an enhanced Warp3 with I/O.
06/07/2019 08:52:03.4 [BarCodeZAxis]   Inputs: False True False False False 
06/07/2019 08:52:03.5 [BarCodeZAxis] Current IP communications rate is 10 mb.
06/07/2019 08:52:03.5 [BarCodeZAxis] IP communications speed is currently set to 10 Mbps.
06/07/2019 08:52:03.6 [BarCodeZAxis] Phase correction: disabled, prescale: 0, phase counts: 2000
06/07/2019 08:52:03.6 [BarCodeZAxis] SetCurrentFoldbackAmps(2, 5) will set 4360 , 54
06/07/2019 08:52:03.6 [BarCodeZAxis] Configuration parameters loaded from 'P:\MethodManagerWorkspaces\LM703\Configuration\BarCode Z.xml'. HomeVelocity 20 mm/s, CountsPerMM 5538 cts/mm.
06/07/2019 08:52:03.8 [BarCodeZAxis] Start Hall-based phase initialization.
06/07/2019 08:52:03.8 [BarCodeZAxis] Phases initialized.
06/07/2019 08:52:03.8 [YL] Instruction Error Status: None
06/07/2019 08:52:03.8 [YL] Warp3 core version: 99103v1.0 (will support I/O).
06/07/2019 08:52:03.8 [YL] Configured as an enhanced Warp3 with I/O.
06/07/2019 08:52:03.9 [YL]   Inputs: False False False False False 
06/07/2019 08:52:03.9 [YL] Current IP communications rate is 10 mb.
06/07/2019 08:52:03.9 [YL] IP communications speed is currently set to 10 Mbps.
06/07/2019 08:52:04.0 [YL] Phase correction: disabled, prescale: 1, phase counts: 1905
06/07/2019 08:52:04.0 [YL] SetCurrentFoldbackAmps(6, 100) will set 13080 , 1083
06/07/2019 08:52:04.0 [YL] Configuration parameters loaded from 'P:\MethodManagerWorkspaces\LM703\Configuration\Y Axis.xml'. HomeVelocity 20 mm/s, CountsPerMM 2000 cts/mm.
06/07/2019 08:52:04.2 [YL] Start Hall-based phase initialization.
06/07/2019 08:52:04.2 [YL] Phases initialized.
06/07/2019 08:52:04.2 [XL] Instruction Error Status: None
06/07/2019 08:52:04.3 [XL] Warp3 core version: 99103v1.0 (will support I/O).
06/07/2019 08:52:04.3 [XL] Configured as an enhanced Warp3 with I/O.
06/07/2019 08:52:04.3 [XL]   Inputs: False False False False False 
06/07/2019 08:52:04.3 [XL] Current IP communications rate is 10 mb.
06/07/2019 08:52:04.3 [XL] IP communications speed is currently set to 10 Mbps.
06/07/2019 08:52:04.4 [XL] Phase correction: disabled, prescale: 1, phase counts: 1905
06/07/2019 08:52:04.5 [XL] SetCurrentFoldbackAmps(6, 100) will set 13080 , 1083
06/07/2019 08:52:04.5 [XL] Configuration parameters loaded from 'P:\MethodManagerWorkspaces\LM703\Configuration\X Axis.xml'. HomeVelocity 20 mm/s, CountsPerMM 2000 cts/mm.
06/07/2019 08:52:04.6 [XL] Start Hall-based phase initialization.
06/07/2019 08:52:04.6 [XL] Phases initialized.
06/07/2019 08:52:07.0 [VVP96] Get VVP: command 'Aspirate Diagnostics' from 96 channels.
06/07/2019 08:52:07.2 [ZL] Move to Positive limit. Velocity 20 mm/s, accel 40 mm/s2, decel 200 mm/s2, timeout 60 s.
06/07/2019 08:52:07.6 [ZL] Reached limit successfully.
06/07/2019 08:52:07.6 [ZL] Attempting to back off Positive limit.
06/07/2019 08:52:08.1 [ZL] Move off limit completion: Successful (OKReady).
06/07/2019 08:52:08.1 [ZL] Move to limit finished.
06/07/2019 08:52:08.1 [ZL] Establishing new 0 position for the old position 0.00 mm.
06/07/2019 08:52:08.2 [ZL] Timestamp of last successful home: 6/7/2019 8:52:08 AM
06/07/2019 08:52:08.4 [BarCodeZAxis] Move to Negative limit. Velocity 20 mm/s, accel 200 mm/s2, decel 350 mm/s2, timeout 60 s.
06/07/2019 08:52:08.8 [BarCodeZAxis] Reached limit successfully.
06/07/2019 08:52:08.8 [BarCodeZAxis] Attempting to back off Negative limit.
06/07/2019 08:52:09.3 [BarCodeZAxis] Move off limit completion: Successful (OKReady).
06/07/2019 08:52:09.3 [BarCodeZAxis] Move to limit finished.
06/07/2019 08:52:09.3 [BarCodeZAxis] Establishing new 0 position for the old position 0.00 mm.
06/07/2019 08:52:09.4 [BarCodeZAxis] Timestamp of last successful home: 6/7/2019 8:52:09 AM
06/07/2019 08:52:10.5 [YL] Move to Positive limit. Velocity 20 mm/s, accel 200 mm/s2, decel 1000 mm/s2, timeout 60 s.
06/07/2019 08:52:11.1 [YL] Reached limit successfully.
06/07/2019 08:52:11.1 [YL] Attempting to back off Positive limit.
06/07/2019 08:52:11.6 [YL] Move off limit completion: Successful (OKReady).
06/07/2019 08:52:11.6 [YL] Move to limit finished.
06/07/2019 08:52:11.7 [YL] Establishing new 0 position for the old position 0.02 mm.
06/07/2019 08:52:11.7 [YL] Timestamp of last successful home: 6/7/2019 8:52:11 AM
06/07/2019 08:52:11.9 [XL] Move to Positive limit. Velocity 20 mm/s, accel 200 mm/s2, decel 1000 mm/s2, timeout 60 s.
06/07/2019 08:52:12.5 [XL] Reached limit successfully.
06/07/2019 08:52:12.5 [XL] Backing off Positive limit not required.
06/07/2019 08:52:12.6 [XL] Move to limit finished.
06/07/2019 08:52:12.6 [XL] Establishing new 0 position for the old position 0.07 mm.
06/07/2019 08:52:12.7 [XL] Timestamp of last successful home: 6/7/2019 8:52:12 AM
06/07/2019 09:02:35.0 [ZL] Closing component connections for Warp 'ZL'.
06/07/2019 09:02:35.0 [ZL] Instruction Error Status: None
06/07/2019 09:02:35.0 [ZL] Warp3 core version: 99103v1.0 (will support I/O).
06/07/2019 09:02:35.0 [ZL] Configured as an enhanced Warp3 with I/O.
06/07/2019 09:02:35.1 [ZL]   Inputs: False False False False False 
06/07/2019 09:02:35.1 [ZL] Current IP communications rate is 10 mb.
06/07/2019 09:02:35.1 [ZL] IP communications speed is currently set to 10 Mbps.
06/07/2019 09:02:35.2 [ZL] Phase correction: disabled, prescale: 0, phase counts: 2000
06/07/2019 09:02:35.2 [ZL] SetCurrentFoldbackAmps(8, 20) will set 17440 , 216
06/07/2019 09:02:35.3 [ZL] Configuration parameters loaded from 'P:\MethodManagerWorkspaces\LM703\Configuration\Z Axis.xml'. HomeVelocity 20 mm/s, CountsPerMM 2571 cts/mm.
06/07/2019 09:02:35.4 [ZL] Start Hall-based phase initialization.
06/07/2019 09:02:35.4 [ZL] Phases initialized.
06/07/2019 09:02:35.5 [BarCodeZAxis] Closing component connections for Warp 'BarCodeZAxis'.
06/07/2019 09:02:35.5 [BarCodeZAxis] Instruction Error Status: None
06/07/2019 09:02:35.5 [BarCodeZAxis] Warp3 core version: 99103v1.0 (will support I/O).
06/07/2019 09:02:35.5 [BarCodeZAxis] Configured as an enhanced Warp3 with I/O.
06/07/2019 09:02:35.6 [BarCodeZAxis]   Inputs: False True False False False 
06/07/2019 09:02:35.6 [BarCodeZAxis] Current IP communications rate is 10 mb.
06/07/2019 09:02:35.6 [BarCodeZAxis] IP communications speed is currently set to 10 Mbps.
06/07/2019 09:02:35.7 [BarCodeZAxis] Phase correction: disabled, prescale: 0, phase counts: 2000
06/07/2019 09:02:35.7 [BarCodeZAxis] SetCurrentFoldbackAmps(2, 5) will set 4360 , 54
06/07/2019 09:02:35.8 [BarCodeZAxis] Configuration parameters loaded from 'P:\MethodManagerWorkspaces\LM703\Configuration\BarCode Z.xml'. HomeVelocity 20 mm/s, CountsPerMM 5538 cts/mm.
06/07/2019 09:02:35.9 [BarCodeZAxis] Start Hall-based phase initialization.
06/07/2019 09:02:35.9 [BarCodeZAxis] Phases initialized.
06/07/2019 09:02:36.0 [YL] Closing component connections for Warp 'YL'.
06/07/2019 09:02:36.5 [YL] Instruction Error Status: None
06/07/2019 09:02:36.5 [YL] Warp3 core version: 99103v1.0 (will support I/O).
06/07/2019 09:02:36.5 [YL] Configured as an enhanced Warp3 with I/O.
06/07/2019 09:02:36.5 [YL]   Inputs: False False False False False 
06/07/2019 09:02:36.6 [YL] Current IP communications rate is 10 mb.
06/07/2019 09:02:36.6 [YL] IP communications speed is currently set to 10 Mbps.
06/07/2019 09:02:36.7 [YL] Phase correction: disabled, prescale: 1, phase counts: 1905
06/07/2019 09:02:36.7 [YL] SetCurrentFoldbackAmps(6, 100) will set 13080 , 1083
06/07/2019 09:02:36.7 [YL] Configuration parameters loaded from 'P:\MethodManagerWorkspaces\LM703\Configuration\Y Axis.xml'. HomeVelocity 20 mm/s, CountsPerMM 2000 cts/mm.
06/07/2019 09:02:36.9 [YL] Start Hall-based phase initialization.
06/07/2019 09:02:36.9 [YL] Phases initialized.
06/07/2019 09:02:36.9 [XL] Closing component connections for Warp 'XL'.
06/07/2019 09:02:37.5 [XL] Instruction Error Status: None
06/07/2019 09:02:37.5 [XL] Warp3 core version: 99103v1.0 (will support I/O).
06/07/2019 09:02:37.5 [XL] Configured as an enhanced Warp3 with I/O.
06/07/2019 09:02:37.5 [XL]   Inputs: False False False False False 
06/07/2019 09:02:37.5 [XL] Current IP communications rate is 10 mb.
06/07/2019 09:02:37.5 [XL] IP communications speed is currently set to 10 Mbps.
06/07/2019 09:02:37.7 [XL] Phase correction: disabled, prescale: 1, phase counts: 1905
06/07/2019 09:02:37.7 [XL] SetCurrentFoldbackAmps(6, 100) will set 13080 , 1083
06/07/2019 09:02:37.7 [XL] Configuration parameters loaded from 'P:\MethodManagerWorkspaces\LM703\Configuration\X Axis.xml'. HomeVelocity 20 mm/s, CountsPerMM 2000 cts/mm.
06/07/2019 09:02:37.9 [XL] Start Hall-based phase initialization.
06/07/2019 09:02:37.9 [XL] Phases initialized.
06/07/2019 09:02:40.4 [VVP96] Get VVP: command 'Aspirate Diagnostics' from 96 channels.
06/07/2019 09:02:40.6 [ZL] Move to Positive limit. Velocity 20 mm/s, accel 40 mm/s2, decel 200 mm/s2, timeout 60 s.
06/07/2019 09:02:41.0 [ZL] Reached limit successfully.
06/07/2019 09:02:41.1 [ZL] Attempting to back off Positive limit.
06/07/2019 09:02:41.5 [ZL] Move off limit completion: Successful (OKReady).
06/07/2019 09:02:41.6 [ZL] Move to limit finished.
06/07/2019 09:02:41.6 [ZL] Establishing new 0 position for the old position 0.00 mm.
06/07/2019 09:02:41.7 [ZL] Timestamp of last successful home: 6/7/2019 9:02:41 AM
06/07/2019 09:02:41.8 [BarCodeZAxis] Move to Negative limit. Velocity 20 mm/s, accel 200 mm/s2, decel 350 mm/s2, timeout 60 s.
06/07/2019 09:02:42.3 [BarCodeZAxis] Reached limit successfully.
06/07/2019 09:02:42.3 [BarCodeZAxis] Attempting to back off Negative limit.
06/07/2019 09:02:42.7 [BarCodeZAxis] Move off limit completion: Successful (OKReady).
06/07/2019 09:02:42.8 [BarCodeZAxis] Move to limit finished.
06/07/2019 09:02:42.8 [BarCodeZAxis] Establishing new 0 position for the old position 0.00 mm.
06/07/2019 09:02:42.9 [BarCodeZAxis] Timestamp of last successful home: 6/7/2019 9:02:42 AM
06/07/2019 09:02:43.9 [YL] Move to Positive limit. Velocity 20 mm/s, accel 200 mm/s2, decel 1000 mm/s2, timeout 60 s.
06/07/2019 09:02:44.6 [YL] Reached limit successfully.
06/07/2019 09:02:44.6 [YL] Attempting to back off Positive limit.
06/07/2019 09:02:45.1 [YL] Move off limit completion: Successful (OKReady).
06/07/2019 09:02:45.1 [YL] Move to limit finished.
06/07/2019 09:02:45.2 [YL] Establishing new 0 position for the old position 0.00 mm.
06/07/2019 09:02:45.2 [YL] Timestamp of last successful home: 6/7/2019 9:02:45 AM
06/07/2019 09:02:45.4 [XL] Move to Positive limit. Velocity 20 mm/s, accel 200 mm/s2, decel 1000 mm/s2, timeout 60 s.
06/07/2019 09:02:46.0 [XL] Reached limit successfully.
06/07/2019 09:02:46.0 [XL] Backing off Positive limit not required.
06/07/2019 09:02:46.1 [XL] Move to limit finished.
06/07/2019 09:02:46.1 [XL] Establishing new 0 position for the old position 0.02 mm.
06/07/2019 09:02:46.2 [XL] Timestamp of last successful home: 6/7/2019 9:02:46 AM
06/07/2019 09:02:50.7 Tcp notification encountered an error: SocketException: System.Net.Sockets.SocketException (0x80004005): The requested address is not valid in its context 172.18.3.52:0
   at System.Net.Sockets.TcpClient..ctor(String hostname, Int32 port)
   at MethodManager.DX.Interop.MMTcpServer.<>c__DisplayClass5.<SendNotification>b__4()
[User] Step.
06/07/2019 09:26:29.1 Process 'ChipLoad.met' MethodStarted
06/07/2019 09:26:29.1 Process 'ChipLoad.met'[8] 'Move To Location(VVP96)' CommandStarted
06/07/2019 09:26:29.1 [Lynx.Move To Location(VVP96).VVP96] Location 'Loc_16' with X/Y offsets 0.00 mm / 0.00 mm.
06/07/2019 09:26:29.1 [Lynx.Move To Location(VVP96).VVP96] Location coords: -294.69 mm, -327.70 mm, -174.94 mm.
06/07/2019 09:26:29.1 [Lynx.Move To Location(VVP96).VVP96] Tool X/Y location offsets: 14.38 mm, 11.24 mm.
06/07/2019 09:26:29.2 [Lynx.Move To Location(VVP96).VVP96] Initial robot X/Y/ZStart/ZEnd coordinates: -309.07 mm, -316.46 mm, -2.00 mm, -2.00 mm, using motion profile 'Fast Speed'.
06/07/2019 09:26:29.2 [Lynx.Move To Location(VVP96).VVP96] Initial axis positions:'XL' -0.04 mm, 'YL' -0.03 mm, 'ZL' 0.00 mm
06/07/2019 09:26:31.2 [Lynx.Move To Location(VVP96).VVP96] Final axis positions:'XL' -309.00 mm, 'YL' -316.43 mm, 'ZL' -2.00 mm
06/07/2019 09:26:31.2 [Lynx.Move To Location(VVP96).VVP96] Time to complete: 2 s.
06/07/2019 09:26:31.2 Process 'ChipLoad.met'[8] 'Move To Location(VVP96)' CommandCompleted
06/07/2019 09:26:31.3 Process 'ChipLoad.met' MethodCompleted
1 of 1 method(s) completed successfully.
  Concurrent method 'Main' (Main) started at 06/07/2019 09:26:29.0 and finished at 06/07/2019 09:26:31.3

[User] Step.
06/07/2019 09:45:38.9 Process 'Stamp_150uL.met' MethodStarted
06/07/2019 09:45:39.0 Process 'Stamp_150uL.met'[1] 'Load Tips(VVP96)' CommandStarted
06/07/2019 09:45:39.0 [Lynx.Load Tips(VVP96).VVP96] Plate 'LXB-96-300F_01', column/row offset (0, 0), X/Y offset (0.00 mm,0.00 mm), height: 0.00 mm.
06/07/2019 09:45:39.0 [Lynx.Load Tips(VVP96).VVP96] No current tip.
06/07/2019 09:45:39.0 Process 'Stamp_150uL.met'[1] 'Load Tips(VVP96)' CommandFailed
06/07/2019 09:45:43.9 Process 'Stamp_150uL.met' MethodCompleted, A 'Load Tips(VVP96)' command has a logic or parameter error
0 of 1 method(s) completed successfully.
  Concurrent method 'Main' (Main) started at 06/07/2019 09:45:38.9 and terminated at 06/07/2019 09:45:43.9
    Terminate reason:CommandError
    Command 'Load Tips(VVP96)', line 1, was interrupted due to Can not locate a top-most plate with either the name or bar code 'LXB-96-300F_01'

[User] Step.
06/07/2019 09:45:58.2 Process 'Stamp_150uL.met' MethodStarted
06/07/2019 09:45:58.2 Process 'Stamp_150uL.met'[1] 'Load Tips(VVP96)' CommandStarted
06/07/2019 09:45:58.2 [Lynx.Load Tips(VVP96).VVP96] Plate 'LXB-96-150F_01', column/row offset (0, 0), X/Y offset (0.00 mm,0.00 mm), height: 0.00 mm.
06/07/2019 09:45:58.2 [Lynx.Load Tips(VVP96).VVP96] No current tip.
06/07/2019 09:45:58.2 [Lynx.Load Tips(VVP96).VVP96] Tip loading depth for tip type 'LXB-96-150F' is 9.4 mm.
06/07/2019 09:45:58.2 [Lynx.Load Tips(VVP96).VVP96] Plate is at location 'Loc_02' (3.14 mm, -118.98 mm, -172.91 mm) with a stack index of 1.
06/07/2019 09:45:58.3 [Lynx.Load Tips(VVP96).VVP96] Tip loading height adjustment is 0.0 mm and Z axis force limit is 30% of full power.
06/07/2019 09:45:58.3 [Lynx.Load Tips(VVP96).VVP96] Tip loading Z error limit will be 10.0 mm, XY error window will be 50.0 mm, and the XY axis holding force fraction will be 20%
06/07/2019 09:45:58.3 [Lynx.Load Tips(VVP96).VVP96] Initial robot X/Y/ZStart/ZEnd coordinates: -11.24 mm, -107.74 mm, -2.00 mm, -125.31 mm, using motion profile 'Tip Load'.
06/07/2019 09:45:58.3 [Lynx.Load Tips(VVP96).VVP96] Initial axis positions:'XL' -309.03 mm, 'YL' -316.45 mm, 'ZL' -2.00 mm
06/07/2019 09:46:01.2 [XL] Relative motor limit setting 20.0%, changing limit from 100.0% to 20.0%
06/07/2019 09:46:01.2 [YL] Relative motor limit setting 20.0%, changing limit from 70.0% to 14.0%
06/07/2019 09:46:04.1 [Lynx.Load Tips(VVP96).VVP96] Maximum recorded tip load values: Position error 0.5 mm, motor current 9.7 %
06/07/2019 09:46:04.1 [Lynx.Load Tips(VVP96).VVP96] Tip load Z-axis motion complete.
06/07/2019 09:46:04.1 [Lynx.Load Tips(VVP96).VVP96] Tip load position errors for X/Y/Z: 0.10 mm, 0.26 mm, -0.51 mm
06/07/2019 09:46:04.3 [ZL] Absolute motor limit setting 24.0%, changing limit from 30.0% to 24.0%
06/07/2019 09:46:04.4 [ZL] Absolute motor limit setting 18.0%, changing limit from 24.0% to 18.0%
06/07/2019 09:46:04.6 [ZL] Absolute motor limit setting 12.0%, changing limit from 18.0% to 12.0%
06/07/2019 09:46:04.7 [ZL] Absolute motor limit setting 6.0%, changing limit from 12.0% to 6.0%
06/07/2019 09:46:04.8 [ZL] Relative motor limit setting 100.0%, changing limit from 6.0% to 30.0%
06/07/2019 09:46:06.5 [XL] Relative motor limit setting 100.0%, changing limit from 20.0% to 100.0%
06/07/2019 09:46:06.5 [YL] Relative motor limit setting 100.0%, changing limit from 14.0% to 70.0%
06/07/2019 09:46:06.5 [Lynx.Load Tips(VVP96).VVP96] Final axis positions:'XL' -11.28 mm, 'YL' -107.77 mm, 'ZL' -2.02 mm
06/07/2019 09:46:06.5 [Lynx.Load Tips(VVP96).VVP96] Current tip 'LXB-96-150F'.
06/07/2019 09:46:06.5 [Lynx.Load Tips(VVP96).VVP96] Time to complete: 8 s.
06/07/2019 09:46:06.5 Process 'Stamp_150uL.met'[1] 'Load Tips(VVP96)' CommandCompleted
06/07/2019 09:46:06.5 Process 'Stamp_150uL.met' MethodCompleted
1 of 1 method(s) completed successfully.
  Concurrent method 'Main' (Main) started at 06/07/2019 09:45:58.2 and finished at 06/07/2019 09:46:06.5

[User] Step.
06/07/2019 09:46:50.6 Process 'Stamp_150uL.met' MethodStarted
06/07/2019 09:46:50.6 Process 'Stamp_150uL.met'[4] 'Aspirate(VVP96)' CommandStarted
06/07/2019 09:46:50.7 [Lynx.Aspirate(VVP96).VVP96] Plate 'Fluidx_1mL_Tube_rack_01', column/row offset (0, 0), X/Y offset (0.00 mm,0.00 mm), height: 0.30 mm.
06/07/2019 09:46:50.7 [Lynx.Aspirate(VVP96).VVP96] Current tip 'LXB-96-150F'.
06/07/2019 09:46:50.7 [Lynx.Aspirate(VVP96).VVP96] Plate is at location 'Loc_01' (2.89 mm, -14.40 mm, -172.89 mm) with a stack index of 1.
06/07/2019 09:46:50.7 [Lynx.Aspirate(VVP96).VVP96] Pipette commands are from input [sampleAspData]
06/07/2019 09:46:50.7 [Lynx.Aspirate(VVP96).VVP96] VVP Pressure 'Low Volume': Pressure 30 mbar, Residual vol. 0.44 uL, Pre/Post delay 0.00/1.00
06/07/2019 09:46:50.7 [Lynx.Aspirate(VVP96).VVP96] Aspirate parameters (96): Ch:A01 136.4uL/0.4uL; Ch:B01 175.0uL/0.4uL; Ch:C01 175.0uL/0.4uL; Ch:D01 175.0uL/0.4uL; Ch:E01 175.0uL/0.4uL; Ch:F01 175.0uL/0.4uL; Ch:G01 175.0uL/0.4uL; Ch:H01 175.0uL/0.4uL; Ch:A02 175.0uL/0.4uL; Ch:B02 175.0uL/0.4uL; Ch:C02 175.0uL/0.4uL; Ch:D02 175.0uL/0.4uL; Ch:E02 175.0uL/0.4uL; Ch:F02 175.0uL/0.4uL; Ch:G02 119.6uL/0.4uL; Ch:H02 175.0uL/0.4uL; Ch:A03 175.0uL/0.4uL; Ch:B03 175.0uL/0.4uL; Ch:C03 175.0uL/0.4uL; Ch:D03 175.0uL/0.4uL; Ch:E03 165.7uL/0.4uL; Ch:F03 175.0uL/0.4uL; Ch:G03 146.8uL/0.4uL; Ch:H03 175.0uL/0.4uL; Ch:A04 140.1uL/0.4uL; Ch:B04 175.0uL/0.4uL; Ch:C04 175.0uL/0.4uL; Ch:D04 175.0uL/0.4uL; Ch:E04 175.0uL/0.4uL; Ch:F04 175.0uL/0.4uL; Ch:G04 175.0uL/0.4uL; Ch:H04 175.0uL/0.4uL; Ch:A05 175.0uL/0.4uL; Ch:B05 175.0uL/0.4uL; Ch:C05 175.0uL/0.4uL; Ch:D05 175.0uL/0.4uL; Ch:E05 172.6uL/0.4uL; Ch:F05 175.0uL/0.4uL; Ch:G05 175.0uL/0.4uL; Ch:H05 175.0uL/0.4uL; Ch:A06 175.0uL/0.4uL; Ch:B06 175.0uL/0.4uL; Ch:C06 167.5uL/0.4uL; Ch:D06 175.0uL/0.4uL; Ch:E06 174.1uL/0.4uL; Ch:F06 175.0uL/0.4uL; Ch:G06 158.3uL/0.4uL; Ch:H06 175.0uL/0.4uL; Ch:A07 175.0uL/0.4uL; Ch:B07 175.0uL/0.4uL; Ch:C07 164.7uL/0.4uL; Ch:D07 175.0uL/0.4uL; Ch:E07 175.0uL/0.4uL; Ch:F07 175.0uL/0.4uL; Ch:G07 175.0uL/0.4uL; Ch:H07 161.8uL/0.4uL; Ch:A08 175.0uL/0.4uL; Ch:B08 175.0uL/0.4uL; Ch:C08 175.0uL/0.4uL; Ch:D08 175.0uL/0.4uL; Ch:E08 175.0uL/0.4uL; Ch:F08 175.0uL/0.4uL; Ch:G08 175.0uL/0.4uL; Ch:H08 175.0uL/0.4uL; Ch:A09 175.0uL/0.4uL; Ch:B09 175.0uL/0.4uL; Ch:C09 175.0uL/0.4uL; Ch:D09 175.0uL/0.4uL; Ch:E09 175.0uL/0.4uL; Ch:F09 175.0uL/0.4uL; Ch:G09 141.3uL/0.4uL; Ch:H09 175.0uL/0.4uL; Ch:A10 175.0uL/0.4uL; Ch:B10 109.7uL/0.4uL; Ch:C10 175.0uL/0.4uL; Ch:D10 175.0uL/0.4uL; Ch:E10 175.0uL/0.4uL; Ch:F10 175.0uL/0.4uL; Ch:G10 175.0uL/0.4uL; Ch:H10 175.0uL/0.4uL; Ch:A11 175.0uL/0.4uL; Ch:B11 175.0uL/0.4uL; Ch:C11 175.0uL/0.4uL; Ch:D11 175.0uL/0.4uL; Ch:E11 175.0uL/0.4uL; Ch:F11 168.0uL/0.4uL; Ch:G11 175.0uL/0.4uL; Ch:H11 175.0uL/0.4uL; Ch:A12 175.0uL/0.4uL; Ch:B12 134.2uL/0.4uL; Ch:C12 175.0uL/0.4uL; Ch:D12 175.0uL/0.4uL; Ch:E12 175.0uL/0.4uL; Ch:F12 175.0uL/0.4uL; Ch:G12 175.0uL/0.4uL; Ch:H12 175.0uL/0.4uL
06/07/2019 09:46:50.7 [Lynx.Aspirate(VVP96).VVP96] Post airgap parameters (0): 
06/07/2019 09:46:50.7 Process 'Stamp_150uL.met'[4] 'Aspirate(VVP96)' CommandFailed
06/07/2019 09:46:57.2 Process 'Stamp_150uL.met' MethodCompleted, A 'Aspirate(VVP96)' command has a logic or parameter error
0 of 1 method(s) completed successfully.
  Concurrent method 'Main' (Main) started at 06/07/2019 09:46:50.6 and terminated at 06/07/2019 09:46:57.1
    Terminate reason:CommandError
    Command 'Aspirate(VVP96)', line 4, was interrupted due to VVP 'Aspirate(VVP96)' was requested to aspirate more than the maximum allowed volume, 150.0 ul, on the following channels: B01, C01, D01, E01, F01, G01, H01, A02, B02, C02, D02, E02, F02, H02, A03, B03, C03, D03, E03, F03, H03, B04, C04, D04, E04, F04, G04, H04, A05, B05, C05, D05, E05, F05, G05, H05, A06, B06, C06, D06, E06, F06, G06, H06, A07, B07, C07, D07, E07, F07, G07, H07, A08, B08, C08, D08, E08, F08, G08, H08, A09, B09, C09, D09, E09, F09, H09, A10, C10, D10, E10, F10, G10, H10, A11, B11, C11, D11, E11, F11, G11, H11, A12, C12, D12, E12, F12, G12, H12

[User] Step.
06/07/2019 09:47:13.7 Process 'Stamp_150uL.met' MethodStarted
06/07/2019 09:47:13.7 Process 'Stamp_150uL.met'[4] 'Aspirate(VVP96)' CommandStarted
06/07/2019 09:47:13.7 [Lynx.Aspirate(VVP96).VVP96] Plate 'Fluidx_1mL_Tube_rack_01', column/row offset (0, 0), X/Y offset (0.00 mm,0.00 mm), height: 0.30 mm.
06/07/2019 09:47:13.7 [Lynx.Aspirate(VVP96).VVP96] Current tip 'LXB-96-150F'.
06/07/2019 09:47:13.7 [Lynx.Aspirate(VVP96).VVP96] Plate is at location 'Loc_01' (2.89 mm, -14.40 mm, -172.89 mm) with a stack index of 1.
06/07/2019 09:47:13.7 [Lynx.Aspirate(VVP96).VVP96] Pipette commands are from input [sampleAspData]
06/07/2019 09:47:13.7 [Lynx.Aspirate(VVP96).VVP96] VVP Pressure 'Low Volume': Pressure 30 mbar, Residual vol. 0.44 uL, Pre/Post delay 0.00/1.00
06/07/2019 09:47:13.7 [Lynx.Aspirate(VVP96).VVP96] Aspirate parameters (96): Ch:A01 136.4uL/0.4uL; Ch:B01 175.0uL/0.4uL; Ch:C01 175.0uL/0.4uL; Ch:D01 175.0uL/0.4uL; Ch:E01 175.0uL/0.4uL; Ch:F01 175.0uL/0.4uL; Ch:G01 175.0uL/0.4uL; Ch:H01 175.0uL/0.4uL; Ch:A02 175.0uL/0.4uL; Ch:B02 175.0uL/0.4uL; Ch:C02 175.0uL/0.4uL; Ch:D02 175.0uL/0.4uL; Ch:E02 175.0uL/0.4uL; Ch:F02 175.0uL/0.4uL; Ch:G02 119.6uL/0.4uL; Ch:H02 175.0uL/0.4uL; Ch:A03 175.0uL/0.4uL; Ch:B03 175.0uL/0.4uL; Ch:C03 175.0uL/0.4uL; Ch:D03 175.0uL/0.4uL; Ch:E03 165.7uL/0.4uL; Ch:F03 175.0uL/0.4uL; Ch:G03 146.8uL/0.4uL; Ch:H03 175.0uL/0.4uL; Ch:A04 140.1uL/0.4uL; Ch:B04 175.0uL/0.4uL; Ch:C04 175.0uL/0.4uL; Ch:D04 175.0uL/0.4uL; Ch:E04 175.0uL/0.4uL; Ch:F04 175.0uL/0.4uL; Ch:G04 175.0uL/0.4uL; Ch:H04 175.0uL/0.4uL; Ch:A05 175.0uL/0.4uL; Ch:B05 175.0uL/0.4uL; Ch:C05 175.0uL/0.4uL; Ch:D05 175.0uL/0.4uL; Ch:E05 172.6uL/0.4uL; Ch:F05 175.0uL/0.4uL; Ch:G05 175.0uL/0.4uL; Ch:H05 175.0uL/0.4uL; Ch:A06 175.0uL/0.4uL; Ch:B06 175.0uL/0.4uL; Ch:C06 167.5uL/0.4uL; Ch:D06 175.0uL/0.4uL; Ch:E06 174.1uL/0.4uL; Ch:F06 175.0uL/0.4uL; Ch:G06 158.3uL/0.4uL; Ch:H06 175.0uL/0.4uL; Ch:A07 175.0uL/0.4uL; Ch:B07 175.0uL/0.4uL; Ch:C07 164.7uL/0.4uL; Ch:D07 175.0uL/0.4uL; Ch:E07 175.0uL/0.4uL; Ch:F07 175.0uL/0.4uL; Ch:G07 175.0uL/0.4uL; Ch:H07 161.8uL/0.4uL; Ch:A08 175.0uL/0.4uL; Ch:B08 175.0uL/0.4uL; Ch:C08 175.0uL/0.4uL; Ch:D08 175.0uL/0.4uL; Ch:E08 175.0uL/0.4uL; Ch:F08 175.0uL/0.4uL; Ch:G08 175.0uL/0.4uL; Ch:H08 175.0uL/0.4uL; Ch:A09 175.0uL/0.4uL; Ch:B09 175.0uL/0.4uL; Ch:C09 175.0uL/0.4uL; Ch:D09 175.0uL/0.4uL; Ch:E09 175.0uL/0.4uL; Ch:F09 175.0uL/0.4uL; Ch:G09 141.3uL/0.4uL; Ch:H09 175.0uL/0.4uL; Ch:A10 175.0uL/0.4uL; Ch:B10 109.7uL/0.4uL; Ch:C10 175.0uL/0.4uL; Ch:D10 175.0uL/0.4uL; Ch:E10 175.0uL/0.4uL; Ch:F10 175.0uL/0.4uL; Ch:G10 175.0uL/0.4uL; Ch:H10 175.0uL/0.4uL; Ch:A11 175.0uL/0.4uL; Ch:B11 175.0uL/0.4uL; Ch:C11 175.0uL/0.4uL; Ch:D11 175.0uL/0.4uL; Ch:E11 175.0uL/0.4uL; Ch:F11 168.0uL/0.4uL; Ch:G11 175.0uL/0.4uL; Ch:H11 175.0uL/0.4uL; Ch:A12 175.0uL/0.4uL; Ch:B12 134.2uL/0.4uL; Ch:C12 175.0uL/0.4uL; Ch:D12 175.0uL/0.4uL; Ch:E12 175.0uL/0.4uL; Ch:F12 175.0uL/0.4uL; Ch:G12 175.0uL/0.4uL; Ch:H12 175.0uL/0.4uL
06/07/2019 09:47:13.7 [Lynx.Aspirate(VVP96).VVP96] Post airgap parameters (0): 
06/07/2019 09:47:13.8 Process 'Stamp_150uL.met'[4] 'Aspirate(VVP96)' CommandFailed
06/07/2019 09:47:15.2 Process 'Stamp_150uL.met' MethodCompleted, A 'Aspirate(VVP96)' command has a logic or parameter error
0 of 1 method(s) completed successfully.
  Concurrent method 'Main' (Main) started at 06/07/2019 09:47:13.7 and terminated at 06/07/2019 09:47:15.2
    Terminate reason:CommandError
    Command 'Aspirate(VVP96)', line 4, was interrupted due to VVP 'Aspirate(VVP96)' was requested to aspirate more than the maximum allowed volume, 150.0 ul, on the following channels: B01, C01, D01, E01, F01, G01, H01, A02, B02, C02, D02, E02, F02, H02, A03, B03, C03, D03, E03, F03, H03, B04, C04, D04, E04, F04, G04, H04, A05, B05, C05, D05, E05, F05, G05, H05, A06, B06, C06, D06, E06, F06, G06, H06, A07, B07, C07, D07, E07, F07, G07, H07, A08, B08, C08, D08, E08, F08, G08, H08, A09, B09, C09, D09, E09, F09, H09, A10, C10, D10, E10, F10, G10, H10, A11, B11, C11, D11, E11, F11, G11, H11, A12, C12, D12, E12, F12, G12, H12

[User] Step.
06/07/2019 09:47:43.9 Process 'Stamp_150uL.met' MethodStarted
06/07/2019 09:47:43.9 Process 'Stamp_150uL.met'[5] 'Aspirate(VVP96)' CommandStarted
06/07/2019 09:47:43.9 [Lynx.Aspirate(VVP96).VVP96] Plate 'Fluidx_1mL_Tube_rack_01', column/row offset (0, 0), X/Y offset (0.00 mm,0.00 mm), height: 0.30 mm.
06/07/2019 09:47:43.9 [Lynx.Aspirate(VVP96).VVP96] Current tip 'LXB-96-150F'.
06/07/2019 09:47:43.9 [Lynx.Aspirate(VVP96).VVP96] Plate is at location 'Loc_01' (2.89 mm, -14.40 mm, -172.89 mm) with a stack index of 1.
06/07/2019 09:47:43.9 [Lynx.Aspirate(VVP96).VVP96] VVP Pressure 'Low Volume': Pressure 30 mbar, Residual vol. 0.44 uL, Pre/Post delay 0.00/1.00
06/07/2019 09:47:43.9 [Lynx.Aspirate(VVP96).VVP96] Aspirate parameters (1): Ch:A01 0.1uL/0.1uL
06/07/2019 09:47:43.9 [Lynx.Aspirate(VVP96).VVP96] Post airgap parameters (0): 
06/07/2019 09:47:43.9 [Lynx.Aspirate(VVP96).VVP96] Initial robot X/Y/ZStart/ZEnd coordinates: -11.49 mm, -3.16 mm, -128.59 mm, -128.89 mm, using motion profile 'Slow Speed'.
06/07/2019 09:47:43.9 [Lynx.Aspirate(VVP96).VVP96] Initial axis positions:'XL' -11.28 mm, 'YL' -107.77 mm, 'ZL' -2.02 mm
06/07/2019 09:47:50.1 [VVP96] Clog detection is off.
06/07/2019 09:47:50.1 [VVP96] Aspirate diagnostics are off.
06/07/2019 09:47:50.1 [VVP96] Set VVP: command 'Clogging Limit' with setting of 0 for 96 channels.
06/07/2019 09:47:50.3 [VVP96] Set VVP: command 'Air-to-Liquid Sens.' with setting of 0 for 96 channels.
06/07/2019 09:47:50.5 [VVP96] Set VVP: command 'Liquid-to-Air Sens.' with setting of 0 for 96 channels.
06/07/2019 09:47:51.4 [VVP96] VVP Aspirate pressure is 30 mbar.
06/07/2019 09:47:51.6 [VVP96] Aspirate complete.
06/07/2019 09:47:51.6 [VVP96] Average residual volume was 0.80 ul for 1 channels at 30 mbar pressure
06/07/2019 09:47:51.8 [Lynx.Aspirate(VVP96).VVP96] Aspirate results: Ch:A01 0.9uL/0.8uL OK
06/07/2019 09:47:52.8 [Lynx.Aspirate(VVP96).VVP96] Final axis positions:'XL' -11.53 mm, 'YL' -3.20 mm, 'ZL' -128.59 mm
06/07/2019 09:47:52.9 [Lynx.Aspirate(VVP96).VVP96] Time to complete: 8 s.
06/07/2019 09:47:52.9 Process 'Stamp_150uL.met'[5] 'Aspirate(VVP96)' CommandCompleted
06/07/2019 09:47:52.9 Process 'Stamp_150uL.met' MethodCompleted
1 of 1 method(s) completed successfully.
  Concurrent method 'Main' (Main) started at 06/07/2019 09:47:43.9 and finished at 06/07/2019 09:47:52.9

[User] Step.
06/07/2019 09:50:21.0 Process 'SubMethods\Small_TipShimmy2.met' MethodStarted
06/07/2019 09:50:21.0 Process 'SubMethods\Small_TipShimmy2.met'[0] 'Move Axis Relative' CommandStarted
06/07/2019 09:50:21.0 [Lynx.Move Axis Relative] Move axes relative: 'ZL' by 23.00 mm
06/07/2019 09:50:21.8 [Lynx.Move Axis Relative] Time to complete: 0 s.
06/07/2019 09:50:21.8 Process 'SubMethods\Small_TipShimmy2.met'[0] 'Move Axis Relative' CommandCompleted
06/07/2019 09:50:21.9 Process 'SubMethods\Small_TipShimmy2.met' MethodCompleted
1 of 1 method(s) completed successfully.
  Concurrent method 'Main' (Main) started at 06/07/2019 09:50:21.0 and finished at 06/07/2019 09:50:21.9

[User] Step.
06/07/2019 09:51:02.4 Process 'Stamp_150uL.met' MethodStarted
06/07/2019 09:51:02.4 Process 'Stamp_150uL.met'[5] 'Aspirate(VVP96)' CommandStarted
06/07/2019 09:51:02.4 [Lynx.Aspirate(VVP96).VVP96] Plate 'Fluidx_1mL_Tube_rack_01', column/row offset (0, 0), X/Y offset (0.00 mm,0.00 mm), height: 0.30 mm.
06/07/2019 09:51:02.4 [Lynx.Aspirate(VVP96).VVP96] Current tip 'LXB-96-150F'.
06/07/2019 09:51:02.4 [Lynx.Aspirate(VVP96).VVP96] Plate is at location 'Loc_01' (2.89 mm, -14.40 mm, -172.89 mm) with a stack index of 1.
06/07/2019 09:51:02.4 [Lynx.Aspirate(VVP96).VVP96] VVP Pressure 'Low Volume': Pressure 30 mbar, Residual vol. 0.44 uL, Pre/Post delay 0.00/1.00
06/07/2019 09:51:02.5 [Lynx.Aspirate(VVP96).VVP96] Aspirate parameters (1): Ch:A01 0.1uL/0.1uL
06/07/2019 09:51:02.5 [Lynx.Aspirate(VVP96).VVP96] Post airgap parameters (0): 
06/07/2019 09:51:02.5 [Lynx.Aspirate(VVP96).VVP96] Initial robot X/Y/ZStart/ZEnd coordinates: -11.49 mm, -3.16 mm, -128.59 mm, -128.89 mm, using motion profile 'Slow Speed'.
06/07/2019 09:51:02.5 [Lynx.Aspirate(VVP96).VVP96] Initial axis positions:'XL' -11.53 mm, 'YL' -3.19 mm, 'ZL' -105.60 mm
06/07/2019 09:51:11.0 [VVP96] Clog detection is off.
06/07/2019 09:51:11.0 [VVP96] Aspirate diagnostics are off.
06/07/2019 09:51:11.0 [VVP96] Set VVP: command 'Clogging Limit' with setting of 0 for 96 channels.
06/07/2019 09:51:11.3 [VVP96] Set VVP: command 'Air-to-Liquid Sens.' with setting of 0 for 96 channels.
06/07/2019 09:51:11.5 [VVP96] Set VVP: command 'Liquid-to-Air Sens.' with setting of 0 for 96 channels.
06/07/2019 09:51:12.4 [VVP96] VVP Aspirate pressure is 31 mbar.
06/07/2019 09:51:12.6 [VVP96] Aspirate complete.
06/07/2019 09:51:12.6 [VVP96] Average residual volume was 0.90 ul for 1 channels at 30 mbar pressure
06/07/2019 09:51:12.8 [Lynx.Aspirate(VVP96).VVP96] Aspirate results: Ch:A01 0.9uL/0.9uL OK
06/07/2019 09:51:13.9 [Lynx.Aspirate(VVP96).VVP96] Final axis positions:'XL' -11.53 mm, 'YL' -3.19 mm, 'ZL' -128.59 mm
06/07/2019 09:51:13.9 [Lynx.Aspirate(VVP96).VVP96] Time to complete: 11 s.
06/07/2019 09:51:13.9 Process 'Stamp_150uL.met'[5] 'Aspirate(VVP96)' CommandCompleted
06/07/2019 09:51:13.9 Process 'Stamp_150uL.met' MethodCompleted
1 of 1 method(s) completed successfully.
  Concurrent method 'Main' (Main) started at 06/07/2019 09:51:02.4 and finished at 06/07/2019 09:51:13.9

[User] Step.
06/07/2019 09:52:05.8 Process 'SubMethods\Small_TipShimmy_150uL.met' MethodStarted
06/07/2019 09:52:05.8 Process 'SubMethods\Small_TipShimmy_150uL.met'[0] 'Move Axis Relative' CommandStarted
06/07/2019 09:52:05.8 [Lynx.Move Axis Relative] Move axes relative: 'ZL' by 26.00 mm
06/07/2019 09:52:06.6 [Lynx.Move Axis Relative] Time to complete: 0 s.
06/07/2019 09:52:06.7 Process 'SubMethods\Small_TipShimmy_150uL.met'[0] 'Move Axis Relative' CommandCompleted
06/07/2019 09:52:06.7 Process 'SubMethods\Small_TipShimmy_150uL.met' MethodCompleted
1 of 1 method(s) completed successfully.
  Concurrent method 'Main' (Main) started at 06/07/2019 09:52:05.8 and finished at 06/07/2019 09:52:06.7

[User] Step.
06/07/2019 09:52:18.5 Process 'Stamp_150uL.met' MethodStarted
06/07/2019 09:52:18.6 Process 'Stamp_150uL.met'[5] 'Aspirate(VVP96)' CommandStarted
06/07/2019 09:52:18.6 [Lynx.Aspirate(VVP96).VVP96] Plate 'Fluidx_1mL_Tube_rack_01', column/row offset (0, 0), X/Y offset (0.00 mm,0.00 mm), height: 0.30 mm.
06/07/2019 09:52:18.6 [Lynx.Aspirate(VVP96).VVP96] Current tip 'LXB-96-150F'.
06/07/2019 09:52:18.6 [Lynx.Aspirate(VVP96).VVP96] Plate is at location 'Loc_01' (2.89 mm, -14.40 mm, -172.89 mm) with a stack index of 1.
06/07/2019 09:52:18.6 [Lynx.Aspirate(VVP96).VVP96] VVP Pressure 'Low Volume': Pressure 30 mbar, Residual vol. 0.44 uL, Pre/Post delay 0.00/1.00
06/07/2019 09:52:18.6 [Lynx.Aspirate(VVP96).VVP96] Aspirate parameters (1): Ch:A01 0.1uL/0.1uL
06/07/2019 09:52:18.6 [Lynx.Aspirate(VVP96).VVP96] Post airgap parameters (0): 
06/07/2019 09:52:18.6 [Lynx.Aspirate(VVP96).VVP96] Initial robot X/Y/ZStart/ZEnd coordinates: -11.49 mm, -3.16 mm, -128.59 mm, -128.89 mm, using motion profile 'Slow Speed'.
06/07/2019 09:52:18.6 [Lynx.Aspirate(VVP96).VVP96] Initial axis positions:'XL' -11.52 mm, 'YL' -3.19 mm, 'ZL' -102.59 mm
[UserStop] Stop.
06/07/2019 09:52:26.7 Process 'Stamp_150uL.met'[5] 'Aspirate(VVP96)' CommandInterrupted
06/07/2019 09:52:28.5 Process 'Stamp_150uL.met' MethodCompleted, A 'Aspirate(VVP96)' command responded to a stop signal
0 of 1 method(s) completed successfully.
  Concurrent method 'Main' (Main) started at 06/07/2019 09:52:18.5 and terminated at 06/07/2019 09:52:28.5
    Terminate reason:QuitSignal
    Command 'Aspirate(VVP96)', line 5, was interrupted due to Command 'Aspirate(VVP96)' required to exit on Stop

[User] Step.
06/07/2019 09:52:32.1 Process 'Stamp_150uL.met' MethodStarted
06/07/2019 09:52:32.1 Process 'Stamp_150uL.met'[5] 'Aspirate(VVP96)' CommandStarted
06/07/2019 09:52:32.1 [Lynx.Aspirate(VVP96).VVP96] Plate 'Fluidx_1mL_Tube_rack_01', column/row offset (0, 0), X/Y offset (0.00 mm,0.00 mm), height: 0.30 mm.
06/07/2019 09:52:32.1 [Lynx.Aspirate(VVP96).VVP96] Current tip 'LXB-96-150F'.
06/07/2019 09:52:32.1 [Lynx.Aspirate(VVP96).VVP96] Plate is at location 'Loc_01' (2.89 mm, -14.40 mm, -172.89 mm) with a stack index of 1.
06/07/2019 09:52:32.1 [Lynx.Aspirate(VVP96).VVP96] VVP Pressure 'Low Volume': Pressure 30 mbar, Residual vol. 0.44 uL, Pre/Post delay 0.00/1.00
06/07/2019 09:52:32.2 [Lynx.Aspirate(VVP96).VVP96] Aspirate parameters (1): Ch:A01 0.1uL/0.1uL
06/07/2019 09:52:32.2 [Lynx.Aspirate(VVP96).VVP96] Post airgap parameters (0): 
06/07/2019 09:52:32.2 [Lynx.Aspirate(VVP96).VVP96] Initial robot X/Y/ZStart/ZEnd coordinates: -11.49 mm, -3.16 mm, -128.59 mm, -128.89 mm, using motion profile 'Slow Speed'.
06/07/2019 09:52:32.2 [Lynx.Aspirate(VVP96).VVP96] Initial axis positions:'XL' -11.52 mm, 'YL' -3.19 mm, 'ZL' -116.45 mm
06/07/2019 09:52:41.0 [VVP96] Clog detection is off.
06/07/2019 09:52:41.0 [VVP96] Aspirate diagnostics are off.
06/07/2019 09:52:41.0 [VVP96] Set VVP: command 'Clogging Limit' with setting of 0 for 96 channels.
06/07/2019 09:52:41.3 [VVP96] Set VVP: command 'Air-to-Liquid Sens.' with setting of 0 for 96 channels.
06/07/2019 09:52:41.5 [VVP96] Set VVP: command 'Liquid-to-Air Sens.' with setting of 0 for 96 channels.
06/07/2019 09:52:42.3 [VVP96] VVP Aspirate pressure is 30 mbar.
06/07/2019 09:52:42.5 [VVP96] Aspirate complete.
06/07/2019 09:52:42.5 [VVP96] Average residual volume was 0.90 ul for 1 channels at 30 mbar pressure
06/07/2019 09:52:42.7 [Lynx.Aspirate(VVP96).VVP96] Aspirate results: Ch:A01 0.9uL/0.9uL OK
06/07/2019 09:52:43.7 [Lynx.Aspirate(VVP96).VVP96] Final axis positions:'XL' -11.54 mm, 'YL' -3.20 mm, 'ZL' -128.59 mm
06/07/2019 09:52:43.7 [Lynx.Aspirate(VVP96).VVP96] Time to complete: 11 s.
06/07/2019 09:52:43.7 Process 'Stamp_150uL.met'[5] 'Aspirate(VVP96)' CommandCompleted
06/07/2019 09:52:43.7 Process 'Stamp_150uL.met' MethodCompleted
1 of 1 method(s) completed successfully.
  Concurrent method 'Main' (Main) started at 06/07/2019 09:52:32.1 and finished at 06/07/2019 09:52:43.7

[User] Step.
06/07/2019 09:53:10.7 Process 'SubMethods\Small_TipShimmy_150uL.met' MethodStarted
06/07/2019 09:53:10.7 Process 'SubMethods\Small_TipShimmy_150uL.met'[0] 'Move Axis Relative' CommandStarted
06/07/2019 09:53:10.7 [Lynx.Move Axis Relative] Move axes relative: 'ZL' by 30.00 mm
06/07/2019 09:53:11.5 [Lynx.Move Axis Relative] Time to complete: 0 s.
06/07/2019 09:53:11.6 Process 'SubMethods\Small_TipShimmy_150uL.met'[0] 'Move Axis Relative' CommandCompleted
06/07/2019 09:53:11.6 Process 'SubMethods\Small_TipShimmy_150uL.met' MethodCompleted
1 of 1 method(s) completed successfully.
  Concurrent method 'Main' (Main) started at 06/07/2019 09:53:10.7 and finished at 06/07/2019 09:53:11.6

[User] Step.
06/07/2019 09:53:43.5 Process 'Stamp_150uL.met' MethodStarted
06/07/2019 09:53:43.5 Process 'Stamp_150uL.met'[6] 'Run Sub' CommandStarted
06/07/2019 09:53:43.7 SubProcess 'SubMethods\Small_TipShimmy2.met' MethodStarted
06/07/2019 09:53:43.7 SubProcess 'SubMethods\Small_TipShimmy2.met'[0] 'Move Axis Relative' CommandStarted
06/07/2019 09:53:43.7 [Lynx.Move Axis Relative] Move axes relative: 'ZL' by 23.00 mm
06/07/2019 09:53:44.5 [Lynx.Move Axis Relative] Time to complete: 0 s.
06/07/2019 09:53:44.5 SubProcess 'SubMethods\Small_TipShimmy2.met'[0] 'Move Axis Relative' CommandCompleted
06/07/2019 09:53:44.5 SubProcess 'SubMethods\Small_TipShimmy2.met'[1] 'Move Axis Relative' CommandStarted
06/07/2019 09:53:44.5 [Lynx.Move Axis Relative] Move axes relative: 'XL' by 1.25 mm
06/07/2019 09:53:44.9 [Lynx.Move Axis Relative] Time to complete: 0 s.
06/07/2019 09:53:44.9 SubProcess 'SubMethods\Small_TipShimmy2.met'[1] 'Move Axis Relative' CommandCompleted
06/07/2019 09:53:44.9 SubProcess 'SubMethods\Small_TipShimmy2.met'[2] 'Move Axis Relative' CommandStarted
06/07/2019 09:53:44.9 [Lynx.Move Axis Relative] Move axes relative: 'XL' by -2.50 mm
06/07/2019 09:53:45.3 [Lynx.Move Axis Relative] Time to complete: 0 s.
06/07/2019 09:53:45.3 SubProcess 'SubMethods\Small_TipShimmy2.met'[2] 'Move Axis Relative' CommandCompleted
06/07/2019 09:53:45.4 SubProcess 'SubMethods\Small_TipShimmy2.met'[3] 'Move Axis Relative' CommandStarted
06/07/2019 09:53:45.4 [Lynx.Move Axis Relative] Move axes relative: 'XL' by 1.25 mm
06/07/2019 09:53:45.8 [Lynx.Move Axis Relative] Time to complete: 0 s.
06/07/2019 09:53:45.8 SubProcess 'SubMethods\Small_TipShimmy2.met'[3] 'Move Axis Relative' CommandCompleted
06/07/2019 09:53:45.8 SubProcess 'SubMethods\Small_TipShimmy2.met' MethodCompleted
06/07/2019 09:53:45.8 Process 'Stamp_150uL.met'[6] 'Run Sub' CommandCompleted
06/07/2019 09:53:45.8 Process 'Stamp_150uL.met' MethodCompleted
1 of 1 method(s) completed successfully.
  Concurrent method 'Main' (Main) started at 06/07/2019 09:53:43.5 and finished at 06/07/2019 09:53:45.8

[User] Step.
06/07/2019 09:53:51.3 Process 'Stamp_150uL.met' MethodStarted
06/07/2019 09:53:51.3 Process 'Stamp_150uL.met'[5] 'Aspirate(VVP96)' CommandStarted
06/07/2019 09:53:51.3 [Lynx.Aspirate(VVP96).VVP96] Plate 'Fluidx_1mL_Tube_rack_01', column/row offset (0, 0), X/Y offset (0.00 mm,0.00 mm), height: 0.30 mm.
06/07/2019 09:53:51.3 [Lynx.Aspirate(VVP96).VVP96] Current tip 'LXB-96-150F'.
06/07/2019 09:53:51.3 [Lynx.Aspirate(VVP96).VVP96] Plate is at location 'Loc_01' (2.89 mm, -14.40 mm, -172.89 mm) with a stack index of 1.
06/07/2019 09:53:51.3 [Lynx.Aspirate(VVP96).VVP96] VVP Pressure 'Low Volume': Pressure 30 mbar, Residual vol. 0.44 uL, Pre/Post delay 0.00/1.00
06/07/2019 09:53:51.3 [Lynx.Aspirate(VVP96).VVP96] Aspirate parameters (1): Ch:A01 0.1uL/0.1uL
06/07/2019 09:53:51.3 [Lynx.Aspirate(VVP96).VVP96] Post airgap parameters (0): 
06/07/2019 09:53:51.3 [Lynx.Aspirate(VVP96).VVP96] Initial robot X/Y/ZStart/ZEnd coordinates: -11.49 mm, -3.16 mm, -128.59 mm, -128.89 mm, using motion profile 'Slow Speed'.
06/07/2019 09:53:51.3 [Lynx.Aspirate(VVP96).VVP96] Initial axis positions:'XL' -11.58 mm, 'YL' -3.19 mm, 'ZL' -75.61 mm
06/07/2019 09:53:59.0 [VVP96] Clog detection is off.
06/07/2019 09:53:59.0 [VVP96] Aspirate diagnostics are off.
06/07/2019 09:53:59.0 [VVP96] Set VVP: command 'Clogging Limit' with setting of 0 for 96 channels.
06/07/2019 09:53:59.3 [VVP96] Set VVP: command 'Air-to-Liquid Sens.' with setting of 0 for 96 channels.
06/07/2019 09:53:59.5 [VVP96] Set VVP: command 'Liquid-to-Air Sens.' with setting of 0 for 96 channels.
06/07/2019 09:54:00.3 [VVP96] VVP Aspirate pressure is 31 mbar.
06/07/2019 09:54:00.5 [VVP96] Aspirate complete.
06/07/2019 09:54:00.5 [VVP96] Average residual volume was 0.90 ul for 1 channels at 30 mbar pressure
06/07/2019 09:54:00.7 [Lynx.Aspirate(VVP96).VVP96] Aspirate results: Ch:A01 1.0uL/0.9uL OK
06/07/2019 09:54:01.7 [Lynx.Aspirate(VVP96).VVP96] Final axis positions:'XL' -11.54 mm, 'YL' -3.20 mm, 'ZL' -128.59 mm
06/07/2019 09:54:01.7 [Lynx.Aspirate(VVP96).VVP96] Time to complete: 10 s.
06/07/2019 09:54:01.7 Process 'Stamp_150uL.met'[5] 'Aspirate(VVP96)' CommandCompleted
06/07/2019 09:54:01.8 Process 'Stamp_150uL.met' MethodCompleted
1 of 1 method(s) completed successfully.
  Concurrent method 'Main' (Main) started at 06/07/2019 09:53:51.3 and finished at 06/07/2019 09:54:01.8

[User] Step.
06/07/2019 09:54:21.2 Process 'Stamp_150uL.met' MethodStarted
06/07/2019 09:54:21.2 Process 'Stamp_150uL.met'[6] 'Run Sub' CommandStarted
06/07/2019 09:54:21.2 SubProcess 'SubMethods\Small_TipShimmy_150uL.met' MethodStarted
06/07/2019 09:54:21.2 SubProcess 'SubMethods\Small_TipShimmy_150uL.met'[0] 'Move Axis Relative' CommandStarted
06/07/2019 09:54:21.2 [Lynx.Move Axis Relative] Move axes relative: 'ZL' by 33.00 mm
06/07/2019 09:54:22.2 [Lynx.Move Axis Relative] Time to complete: 0 s.
06/07/2019 09:54:22.2 SubProcess 'SubMethods\Small_TipShimmy_150uL.met'[0] 'Move Axis Relative' CommandCompleted
06/07/2019 09:54:22.2 SubProcess 'SubMethods\Small_TipShimmy_150uL.met'[1] 'Move Axis Relative' CommandStarted
06/07/2019 09:54:22.2 [Lynx.Move Axis Relative] Move axes relative: 'XL' by 1.25 mm
06/07/2019 09:54:22.5 [Lynx.Move Axis Relative] Time to complete: 0 s.
06/07/2019 09:54:22.5 SubProcess 'SubMethods\Small_TipShimmy_150uL.met'[1] 'Move Axis Relative' CommandCompleted
06/07/2019 09:54:22.5 SubProcess 'SubMethods\Small_TipShimmy_150uL.met'[2] 'Move Axis Relative' CommandStarted
06/07/2019 09:54:22.5 [Lynx.Move Axis Relative] Move axes relative: 'XL' by -2.50 mm
06/07/2019 09:54:23.0 [Lynx.Move Axis Relative] Time to complete: 0 s.
06/07/2019 09:54:23.0 SubProcess 'SubMethods\Small_TipShimmy_150uL.met'[2] 'Move Axis Relative' CommandCompleted
06/07/2019 09:54:23.0 SubProcess 'SubMethods\Small_TipShimmy_150uL.met'[3] 'Move Axis Relative' CommandStarted
06/07/2019 09:54:23.0 [Lynx.Move Axis Relative] Move axes relative: 'XL' by 1.25 mm
06/07/2019 09:54:23.4 [Lynx.Move Axis Relative] Time to complete: 0 s.
06/07/2019 09:54:23.4 SubProcess 'SubMethods\Small_TipShimmy_150uL.met'[3] 'Move Axis Relative' CommandCompleted
06/07/2019 09:54:23.4 SubProcess 'SubMethods\Small_TipShimmy_150uL.met' MethodCompleted
06/07/2019 09:54:23.4 Process 'Stamp_150uL.met'[6] 'Run Sub' CommandCompleted
06/07/2019 09:54:23.4 Process 'Stamp_150uL.met' MethodCompleted
1 of 1 method(s) completed successfully.
  Concurrent method 'Main' (Main) started at 06/07/2019 09:54:21.2 and finished at 06/07/2019 09:54:23.4

[User] Step.
06/07/2019 09:54:46.6 Process 'Stamp_150uL.met' MethodStarted
06/07/2019 09:54:46.6 Process 'Stamp_150uL.met'[7] 'Dispense(VVP96)' CommandStarted
06/07/2019 09:54:46.7 [Lynx.Dispense(VVP96).VVP96] Plate 'Eppendorf PCR_01', column/row offset (0, 0), X/Y offset (0.00 mm,0.00 mm), height: 0.30 mm.
06/07/2019 09:54:46.7 [Lynx.Dispense(VVP96).VVP96] Current tip 'LXB-96-150F'.
06/07/2019 09:54:46.7 [Lynx.Dispense(VVP96).VVP96] Plate is at location 'Loc_03' (2.64 mm, -223.74 mm, -173.57 mm) with a stack index of 1.
06/07/2019 09:54:46.7 [Lynx.Dispense(VVP96).VVP96] VVP Pressure 'Low Volume': Pressure 30 mbar, Residual vol. 0.48 uL, Pre/Post delay 0.00/1.00
06/07/2019 09:54:46.7 [Lynx.Dispense(VVP96).VVP96] Dispense parameters (1): Ch:A01 3.7uL/0.5uL
06/07/2019 09:54:46.7 [Lynx.Dispense(VVP96).VVP96] Blowout parameters (96): Ch:A01 2.0uL/0.5uL; Ch:B01 2.0uL/0.5uL; Ch:C01 2.0uL/0.5uL; Ch:D01 2.0uL/0.5uL; Ch:E01 2.0uL/0.5uL; Ch:F01 2.0uL/0.5uL; Ch:G01 2.0uL/0.5uL; Ch:H01 2.0uL/0.5uL; Ch:A02 2.0uL/0.5uL; Ch:B02 2.0uL/0.5uL; Ch:C02 2.0uL/0.5uL; Ch:D02 2.0uL/0.5uL; Ch:E02 2.0uL/0.5uL; Ch:F02 2.0uL/0.5uL; Ch:G02 2.0uL/0.5uL; Ch:H02 2.0uL/0.5uL; Ch:A03 2.0uL/0.5uL; Ch:B03 2.0uL/0.5uL; Ch:C03 2.0uL/0.5uL; Ch:D03 2.0uL/0.5uL; Ch:E03 2.0uL/0.5uL; Ch:F03 2.0uL/0.5uL; Ch:G03 2.0uL/0.5uL; Ch:H03 2.0uL/0.5uL; Ch:A04 2.0uL/0.5uL; Ch:B04 2.0uL/0.5uL; Ch:C04 2.0uL/0.5uL; Ch:D04 2.0uL/0.5uL; Ch:E04 2.0uL/0.5uL; Ch:F04 2.0uL/0.5uL; Ch:G04 2.0uL/0.5uL; Ch:H04 2.0uL/0.5uL; Ch:A05 2.0uL/0.5uL; Ch:B05 2.0uL/0.5uL; Ch:C05 2.0uL/0.5uL; Ch:D05 2.0uL/0.5uL; Ch:E05 2.0uL/0.5uL; Ch:F05 2.0uL/0.5uL; Ch:G05 2.0uL/0.5uL; Ch:H05 2.0uL/0.5uL; Ch:A06 2.0uL/0.5uL; Ch:B06 2.0uL/0.5uL; Ch:C06 2.0uL/0.5uL; Ch:D06 2.0uL/0.5uL; Ch:E06 2.0uL/0.5uL; Ch:F06 2.0uL/0.5uL; Ch:G06 2.0uL/0.5uL; Ch:H06 2.0uL/0.5uL; Ch:A07 2.0uL/0.5uL; Ch:B07 2.0uL/0.5uL; Ch:C07 2.0uL/0.5uL; Ch:D07 2.0uL/0.5uL; Ch:E07 2.0uL/0.5uL; Ch:F07 2.0uL/0.5uL; Ch:G07 2.0uL/0.5uL; Ch:H07 2.0uL/0.5uL; Ch:A08 2.0uL/0.5uL; Ch:B08 2.0uL/0.5uL; Ch:C08 2.0uL/0.5uL; Ch:D08 2.0uL/0.5uL; Ch:E08 2.0uL/0.5uL; Ch:F08 2.0uL/0.5uL; Ch:G08 2.0uL/0.5uL; Ch:H08 2.0uL/0.5uL; Ch:A09 2.0uL/0.5uL; Ch:B09 2.0uL/0.5uL; Ch:C09 2.0uL/0.5uL; Ch:D09 2.0uL/0.5uL; Ch:E09 2.0uL/0.5uL; Ch:F09 2.0uL/0.5uL; Ch:G09 2.0uL/0.5uL; Ch:H09 2.0uL/0.5uL; Ch:A10 2.0uL/0.5uL; Ch:B10 2.0uL/0.5uL; Ch:C10 2.0uL/0.5uL; Ch:D10 2.0uL/0.5uL; Ch:E10 2.0uL/0.5uL; Ch:F10 2.0uL/0.5uL; Ch:G10 2.0uL/0.5uL; Ch:H10 2.0uL/0.5uL; Ch:A11 2.0uL/0.5uL; Ch:B11 2.0uL/0.5uL; Ch:C11 2.0uL/0.5uL; Ch:D11 2.0uL/0.5uL; Ch:E11 2.0uL/0.5uL; Ch:F11 2.0uL/0.5uL; Ch:G11 2.0uL/0.5uL; Ch:H11 2.0uL/0.5uL; Ch:A12 2.0uL/0.5uL; Ch:B12 2.0uL/0.5uL; Ch:C12 2.0uL/0.5uL; Ch:D12 2.0uL/0.5uL; Ch:E12 2.0uL/0.5uL; Ch:F12 2.0uL/0.5uL; Ch:G12 2.0uL/0.5uL; Ch:H12 2.0uL/0.5uL
06/07/2019 09:54:46.7 [Lynx.Dispense(VVP96).VVP96] Post airgap parameters (0): 
06/07/2019 09:54:46.7 [Lynx.Dispense(VVP96).VVP96] Initial robot X/Y/ZStart/ZEnd coordinates: -11.74 mm, -212.50 mm, -130.38 mm, -130.68 mm, using motion profile 'Fast Speed'.
06/07/2019 09:54:46.7 [Lynx.Dispense(VVP96).VVP96] Initial axis positions:'XL' -11.62 mm, 'YL' -3.19 mm, 'ZL' -95.60 mm
06/07/2019 09:54:51.0 [VVP96] Set VVP: command 'Clogging Limit' with setting of 0 for 96 channels.
06/07/2019 09:54:51.2 [VVP96] Set VVP: command 'Air-to-Liquid Sens.' with setting of 0 for 96 channels.
06/07/2019 09:54:51.4 [VVP96] Set VVP: command 'Liquid-to-Air Sens.' with setting of 0 for 96 channels.
06/07/2019 09:54:52.3 [VVP96] VVP Dispense pressure is 31 mbar.
06/07/2019 09:54:52.5 [VVP96] Dispense complete.
06/07/2019 09:54:52.5 [VVP96] Average residual volume was 1.10 ul for 1 channels at 30 mbar pressure
06/07/2019 09:54:52.7 [Lynx.Dispense(VVP96).VVP96] Dispense results: Ch:A01 4.4uL/1.1uL OK
06/07/2019 09:54:52.7 [Lynx.Dispense(VVP96).VVP96] Set dispense pressure for blowout.
06/07/2019 09:54:52.8 [VVP96] Set VVP: command 'Clogging Limit' with setting of 0 for 96 channels.
06/07/2019 09:54:53.0 [VVP96] Set VVP: command 'Air-to-Liquid Sens.' with setting of 0 for 96 channels.
06/07/2019 09:54:53.2 [VVP96] Set VVP: command 'Liquid-to-Air Sens.' with setting of 0 for 96 channels.
06/07/2019 09:54:54.3 [VVP96] VVP Dispense pressure is 100 mbar.
06/07/2019 09:54:54.7 [VVP96] Dispense complete.
06/07/2019 09:54:55.4 [VVP96] Average residual volume was 3.15 ul for 96 channels at 100 mbar pressure
06/07/2019 09:54:55.6 [Lynx.Dispense(VVP96).VVP96] Blowout results: Ch:A01 4.4uL/1.1uL OK
06/07/2019 09:54:58.2 Process 'Stamp_150uL.met'[7] 'Dispense(VVP96)' CommandFailed
06/07/2019 09:55:08.9 Process 'Stamp_150uL.met'[7] 'Dispense(VVP96)' MethodResumed
06/07/2019 09:55:08.9 Process 'Stamp_150uL.met'[7] 'Dispense(VVP96)' CommandStarted
06/07/2019 09:55:08.9 [Lynx.Dispense(VVP96).VVP96] Plate 'Eppendorf PCR_01', column/row offset (0, 0), X/Y offset (0.00 mm,0.00 mm), height: 0.30 mm.
06/07/2019 09:55:08.9 [Lynx.Dispense(VVP96).VVP96] Current tip 'LXB-96-150F'.
06/07/2019 09:55:08.9 [Lynx.Dispense(VVP96).VVP96] Plate is at location 'Loc_03' (2.64 mm, -223.74 mm, -173.57 mm) with a stack index of 1.
06/07/2019 09:55:08.9 [Lynx.Dispense(VVP96).VVP96] VVP Pressure 'Low Volume': Pressure 30 mbar, Residual vol. 0.48 uL, Pre/Post delay 0.00/1.00
06/07/2019 09:55:08.9 [Lynx.Dispense(VVP96).VVP96] Dispense parameters (0): 
06/07/2019 09:55:08.9 [Lynx.Dispense(VVP96).VVP96] Blowout parameters (96): Ch:A01 2.0uL/0.5uL; Ch:B01 2.0uL/0.5uL; Ch:C01 2.0uL/0.5uL; Ch:D01 2.0uL/0.5uL; Ch:E01 2.0uL/0.5uL; Ch:F01 2.0uL/0.5uL; Ch:G01 2.0uL/0.5uL; Ch:H01 2.0uL/0.5uL; Ch:A02 2.0uL/0.5uL; Ch:B02 2.0uL/0.5uL; Ch:C02 2.0uL/0.5uL; Ch:D02 2.0uL/0.5uL; Ch:E02 2.0uL/0.5uL; Ch:F02 2.0uL/0.5uL; Ch:G02 2.0uL/0.5uL; Ch:H02 2.0uL/0.5uL; Ch:A03 2.0uL/0.5uL; Ch:B03 2.0uL/0.5uL; Ch:C03 2.0uL/0.5uL; Ch:D03 2.0uL/0.5uL; Ch:E03 2.0uL/0.5uL; Ch:F03 2.0uL/0.5uL; Ch:G03 2.0uL/0.5uL; Ch:H03 2.0uL/0.5uL; Ch:A04 2.0uL/0.5uL; Ch:B04 2.0uL/0.5uL; Ch:C04 2.0uL/0.5uL; Ch:D04 2.0uL/0.5uL; Ch:E04 2.0uL/0.5uL; Ch:F04 2.0uL/0.5uL; Ch:G04 2.0uL/0.5uL; Ch:H04 2.0uL/0.5uL; Ch:A05 2.0uL/0.5uL; Ch:B05 2.0uL/0.5uL; Ch:C05 2.0uL/0.5uL; Ch:D05 2.0uL/0.5uL; Ch:E05 2.0uL/0.5uL; Ch:F05 2.0uL/0.5uL; Ch:G05 2.0uL/0.5uL; Ch:H05 2.0uL/0.5uL; Ch:A06 2.0uL/0.5uL; Ch:B06 2.0uL/0.5uL; Ch:C06 2.0uL/0.5uL; Ch:D06 2.0uL/0.5uL; Ch:E06 2.0uL/0.5uL; Ch:F06 2.0uL/0.5uL; Ch:G06 2.0uL/0.5uL; Ch:H06 2.0uL/0.5uL; Ch:A07 2.0uL/0.5uL; Ch:B07 2.0uL/0.5uL; Ch:C07 2.0uL/0.5uL; Ch:D07 2.0uL/0.5uL; Ch:E07 2.0uL/0.5uL; Ch:F07 2.0uL/0.5uL; Ch:G07 2.0uL/0.5uL; Ch:H07 2.0uL/0.5uL; Ch:A08 2.0uL/0.5uL; Ch:B08 2.0uL/0.5uL; Ch:C08 2.0uL/0.5uL; Ch:D08 2.0uL/0.5uL; Ch:E08 2.0uL/0.5uL; Ch:F08 2.0uL/0.5uL; Ch:G08 2.0uL/0.5uL; Ch:H08 2.0uL/0.5uL; Ch:A09 2.0uL/0.5uL; Ch:B09 2.0uL/0.5uL; Ch:C09 2.0uL/0.5uL; Ch:D09 2.0uL/0.5uL; Ch:E09 2.0uL/0.5uL; Ch:F09 2.0uL/0.5uL; Ch:G09 2.0uL/0.5uL; Ch:H09 2.0uL/0.5uL; Ch:A10 2.0uL/0.5uL; Ch:B10 2.0uL/0.5uL; Ch:C10 2.0uL/0.5uL; Ch:D10 2.0uL/0.5uL; Ch:E10 2.0uL/0.5uL; Ch:F10 2.0uL/0.5uL; Ch:G10 2.0uL/0.5uL; Ch:H10 2.0uL/0.5uL; Ch:A11 2.0uL/0.5uL; Ch:B11 2.0uL/0.5uL; Ch:C11 2.0uL/0.5uL; Ch:D11 2.0uL/0.5uL; Ch:E11 2.0uL/0.5uL; Ch:F11 2.0uL/0.5uL; Ch:G11 2.0uL/0.5uL; Ch:H11 2.0uL/0.5uL; Ch:A12 2.0uL/0.5uL; Ch:B12 2.0uL/0.5uL; Ch:C12 2.0uL/0.5uL; Ch:D12 2.0uL/0.5uL; Ch:E12 2.0uL/0.5uL; Ch:F12 2.0uL/0.5uL; Ch:G12 2.0uL/0.5uL; Ch:H12 2.0uL/0.5uL
06/07/2019 09:55:08.9 [Lynx.Dispense(VVP96).VVP96] Post airgap parameters (0): 
06/07/2019 09:55:08.9 [Lynx.Dispense(VVP96).VVP96] Initial robot X/Y/ZStart/ZEnd coordinates: -11.74 mm, -212.50 mm, -130.38 mm, -130.68 mm, using motion profile 'Fast Speed'.
06/07/2019 09:55:08.9 [Lynx.Dispense(VVP96).VVP96] Initial axis positions:'XL' -16.90 mm, 'YL' -212.50 mm, 'ZL' -2.65 mm
06/07/2019 09:55:11.3 [Lynx.Dispense(VVP96).VVP96] Dispense results: 
06/07/2019 09:55:11.3 [Lynx.Dispense(VVP96).VVP96] Set dispense pressure for blowout.
06/07/2019 09:55:11.4 [VVP96] Set VVP: command 'Clogging Limit' with setting of 0 for 96 channels.
06/07/2019 09:55:11.7 [VVP96] Set VVP: command 'Air-to-Liquid Sens.' with setting of 0 for 96 channels.
06/07/2019 09:55:11.9 [VVP96] Set VVP: command 'Liquid-to-Air Sens.' with setting of 0 for 96 channels.
06/07/2019 09:55:13.0 [VVP96] VVP Dispense pressure is 102 mbar.
06/07/2019 09:55:14.2 [VVP96] Dispense complete.
06/07/2019 09:55:14.8 [VVP96] Average residual volume was 3.19 ul for 96 channels at 100 mbar pressure
06/07/2019 09:55:15.0 [Lynx.Dispense(VVP96).VVP96] Blowout results: 
06/07/2019 09:55:17.6 [Lynx.Dispense(VVP96).VVP96] Final axis positions:'XL' -11.78 mm, 'YL' -212.50 mm, 'ZL' -2.02 mm
06/07/2019 09:55:17.6 [Lynx.Dispense(VVP96).VVP96] Time to complete: 8 s.
06/07/2019 09:55:17.6 Process 'Stamp_150uL.met'[7] 'Dispense(VVP96)' CommandCompleted
06/07/2019 09:55:17.6 Process 'Stamp_150uL.met' MethodCompleted
1 of 1 method(s) completed successfully.
  Concurrent method 'Main' (Main) started at 06/07/2019 09:54:46.6 and finished at 06/07/2019 09:55:17.6

[User] Step.
06/07/2019 09:55:20.6 Process 'Stamp_150uL.met' MethodStarted
06/07/2019 09:55:20.6 Process 'Stamp_150uL.met'[8] 'Eject Tips(VVP96)' CommandStarted
06/07/2019 09:55:20.6 [Lynx.Eject Tips(VVP96).VVP96] Plate 'LXB-96-150F_01', column/row offset (0, 0), X/Y offset (0.00 mm,0.00 mm), height: 9.00 mm.
06/07/2019 09:55:20.6 [Lynx.Eject Tips(VVP96).VVP96] Current tip 'LXB-96-150F'.
06/07/2019 09:55:20.6 [Lynx.Eject Tips(VVP96).VVP96] Plate is at location 'Loc_02' (3.14 mm, -118.98 mm, -172.91 mm) with a stack index of 1.
06/07/2019 09:55:20.6 [Lynx.Eject Tips(VVP96).VVP96] Initial robot X/Y/ZStart/ZEnd coordinates: -11.24 mm, -107.74 mm, -2.00 mm, -106.91 mm, using motion profile 'Tip Eject'.
06/07/2019 09:55:20.7 [Lynx.Eject Tips(VVP96).VVP96] Initial axis positions:'XL' -11.78 mm, 'YL' -212.50 mm, 'ZL' -2.02 mm
06/07/2019 09:55:25.6 [VVP96] Tip ejection performed 2 times.
06/07/2019 09:55:27.0 [Lynx.Eject Tips(VVP96).VVP96] No current tip.
06/07/2019 09:55:27.0 [Lynx.Eject Tips(VVP96).VVP96] Time to complete: 6 s.
06/07/2019 09:55:27.0 Process 'Stamp_150uL.met'[8] 'Eject Tips(VVP96)' CommandCompleted
06/07/2019 09:55:27.0 Process 'Stamp_150uL.met' MethodCompleted
1 of 1 method(s) completed successfully.
  Concurrent method 'Main' (Main) started at 06/07/2019 09:55:20.6 and finished at 06/07/2019 09:55:27.0

[User] Jump.
06/07/2019 09:55:35.3 Process 'Stamp_150uL.met' MethodStarted
06/07/2019 09:55:35.3 Process 'Stamp_150uL.met'[1] 'Load Tips(VVP96)' CommandStarted
06/07/2019 09:55:35.3 [Lynx.Load Tips(VVP96).VVP96] Plate 'LXB-96-150F_01', column/row offset (0, 0), X/Y offset (0.00 mm,0.00 mm), height: 0.00 mm.
06/07/2019 09:55:35.3 [Lynx.Load Tips(VVP96).VVP96] No current tip.
06/07/2019 09:55:35.3 [Lynx.Load Tips(VVP96).VVP96] Tip loading depth for tip type 'LXB-96-150F' is 9.4 mm.
06/07/2019 09:55:35.3 [Lynx.Load Tips(VVP96).VVP96] Plate is at location 'Loc_02' (3.14 mm, -118.98 mm, -172.91 mm) with a stack index of 1.
06/07/2019 09:55:35.3 [Lynx.Load Tips(VVP96).VVP96] Tip loading height adjustment is 0.0 mm and Z axis force limit is 30% of full power.
06/07/2019 09:55:35.3 [Lynx.Load Tips(VVP96).VVP96] Tip loading Z error limit will be 10.0 mm, XY error window will be 50.0 mm, and the XY axis holding force fraction will be 20%
06/07/2019 09:55:35.3 [Lynx.Load Tips(VVP96).VVP96] Initial robot X/Y/ZStart/ZEnd coordinates: -11.24 mm, -107.74 mm, -2.00 mm, -125.31 mm, using motion profile 'Tip Load'.
06/07/2019 09:55:35.3 [Lynx.Load Tips(VVP96).VVP96] Initial axis positions:'XL' -11.28 mm, 'YL' -107.77 mm, 'ZL' -2.02 mm
06/07/2019 09:55:36.9 [XL] Relative motor limit setting 20.0%, changing limit from 100.0% to 20.0%
06/07/2019 09:55:36.9 [YL] Relative motor limit setting 20.0%, changing limit from 70.0% to 14.0%
06/07/2019 09:55:39.5 [Lynx.Load Tips(VVP96).VVP96] Maximum recorded tip load values: Position error 0.2 mm, motor current 24.8 %
06/07/2019 09:55:39.5 [Lynx.Load Tips(VVP96).VVP96] Tip load Z-axis motion complete.
06/07/2019 09:55:39.5 [Lynx.Load Tips(VVP96).VVP96] Tip load position errors for X/Y/Z: 0.10 mm, 0.25 mm, -0.24 mm
06/07/2019 09:55:39.8 [ZL] Absolute motor limit setting 24.0%, changing limit from 30.0% to 24.0%
06/07/2019 09:55:39.9 [ZL] Absolute motor limit setting 18.0%, changing limit from 24.0% to 18.0%
06/07/2019 09:55:40.0 [ZL] Absolute motor limit setting 12.0%, changing limit from 18.0% to 12.0%
06/07/2019 09:55:40.1 [ZL] Absolute motor limit setting 6.0%, changing limit from 12.0% to 6.0%
06/07/2019 09:55:40.2 [ZL] Relative motor limit setting 100.0%, changing limit from 6.0% to 30.0%
06/07/2019 09:55:41.9 [XL] Relative motor limit setting 100.0%, changing limit from 20.0% to 100.0%
06/07/2019 09:55:42.0 [YL] Relative motor limit setting 100.0%, changing limit from 14.0% to 70.0%
06/07/2019 09:55:42.0 [Lynx.Load Tips(VVP96).VVP96] Final axis positions:'XL' -11.28 mm, 'YL' -107.77 mm, 'ZL' -2.02 mm
06/07/2019 09:55:42.0 [Lynx.Load Tips(VVP96).VVP96] Current tip 'LXB-96-150F'.
06/07/2019 09:55:42.0 [Lynx.Load Tips(VVP96).VVP96] Time to complete: 6 s.
06/07/2019 09:55:42.0 Process 'Stamp_150uL.met'[1] 'Load Tips(VVP96)' CommandCompleted
06/07/2019 09:55:42.0 Process 'Stamp_150uL.met'[2] 'Run Sub' CommandStarted
06/07/2019 09:55:42.0 SubProcess 'SubMethods\TipOn_Check_300uL.met' MethodStarted
06/07/2019 09:55:42.0 SubProcess 'SubMethods\TipOn_Check_300uL.met'[0] 'Move To Location(VVP96)' CommandStarted
06/07/2019 09:55:42.0 [Lynx.Move To Location(VVP96).VVP96] Location 'Loc_12' with X/Y offsets 0.00 mm / 0.00 mm.
06/07/2019 09:55:42.0 [Lynx.Move To Location(VVP96).VVP96] Location coords: -145.14 mm, -536.34 mm, -174.43 mm.
06/07/2019 09:55:42.0 [Lynx.Move To Location(VVP96).VVP96] Tool X/Y location offsets: 14.38 mm, 11.24 mm.
06/07/2019 09:55:42.0 [Lynx.Move To Location(VVP96).VVP96] Initial robot X/Y/ZStart/ZEnd coordinates: -159.52 mm, -525.10 mm, -2.00 mm, -2.00 mm, using motion profile 'Fast Speed'.
06/07/2019 09:55:42.0 [Lynx.Move To Location(VVP96).VVP96] Initial axis positions:'XL' -11.28 mm, 'YL' -107.77 mm, 'ZL' -2.02 mm
06/07/2019 09:55:43.8 [Lynx.Move To Location(VVP96).VVP96] Final axis positions:'XL' -159.48 mm, 'YL' -525.06 mm, 'ZL' -2.02 mm
06/07/2019 09:55:43.8 [Lynx.Move To Location(VVP96).VVP96] Time to complete: 1 s.
06/07/2019 09:55:43.8 SubProcess 'SubMethods\TipOn_Check_300uL.met'[0] 'Move To Location(VVP96)' CommandCompleted
06/07/2019 09:55:43.8 SubProcess 'SubMethods\TipOn_Check_300uL.met'[1] 'Move Axis' CommandStarted
06/07/2019 09:55:43.8 [Lynx.Move Axis] Move axes: 'ZL' to -90.00 mm
06/07/2019 09:55:45.1 [Lynx.Move Axis] Time to complete: 1 s.
06/07/2019 09:55:45.1 SubProcess 'SubMethods\TipOn_Check_300uL.met'[1] 'Move Axis' CommandCompleted
06/07/2019 09:55:45.1 SubProcess 'SubMethods\TipOn_Check_300uL.met'[2] 'Move Axis' CommandStarted
06/07/2019 09:55:45.2 [Lynx.Move Axis] Move axes: 'ZL' to -105.00 mm
06/07/2019 09:55:46.0 [Lynx.Move Axis] Time to complete: 0 s.
06/07/2019 09:55:46.0 SubProcess 'SubMethods\TipOn_Check_300uL.met'[2] 'Move Axis' CommandCompleted
06/07/2019 09:55:46.0 SubProcess 'SubMethods\TipOn_Check_300uL.met' MethodCompleted
06/07/2019 09:55:46.1 Process 'Stamp_150uL.met'[2] 'Run Sub' CommandCompleted
06/07/2019 09:55:46.1 Process 'Stamp_150uL.met'[3] 'Aspirate(VVP96)' CommandStarted
06/07/2019 09:55:46.1 [Lynx.Aspirate(VVP96).VVP96] Plate 'AutoFillTrough Copy_01', column/row offset (0, 0), X/Y offset (0.00 mm,0.00 mm), height: 0.10 mm.
06/07/2019 09:55:46.1 [Lynx.Aspirate(VVP96).VVP96] Current tip 'LXB-96-150F'.
06/07/2019 09:55:46.1 [Lynx.Aspirate(VVP96).VVP96] Plate is at location 'Loc_16' (-294.69 mm, -327.70 mm, -174.94 mm) with a stack index of 1.
06/07/2019 09:55:46.1 [Lynx.Aspirate(VVP96).VVP96] Pipette commands are from input [diluentAspData]
06/07/2019 09:55:46.1 [Lynx.Aspirate(VVP96).VVP96] VVP Pressure 'Low Volume': Pressure 30 mbar, Residual vol. 0.44 uL, Pre/Post delay 0.00/1.00
06/07/2019 09:55:46.2 [Lynx.Aspirate(VVP96).VVP96] Aspirate parameters (92): Ch:A01 563.6uL/0.4uL; Ch:B01 240.0uL/0.4uL; Ch:C01 279.4uL/0.4uL; Ch:D01 344.2uL/0.4uL; Ch:E01 286.2uL/0.4uL; Ch:F01 98.7uL/0.4uL; Ch:G01 115.9uL/0.4uL; Ch:H01 320.2uL/0.4uL; Ch:A02 373.3uL/0.4uL; Ch:B02 339.1uL/0.4uL; Ch:C02 4.4uL/0.4uL; Ch:D02 365.9uL/0.4uL; Ch:E02 301.3uL/0.4uL; Ch:F02 296.7uL/0.4uL; Ch:G02 580.4uL/0.4uL; Ch:H02 490.1uL/0.4uL; Ch:A03 9.6uL/0.4uL; Ch:B03 511.1uL/0.4uL; Ch:C03 64.1uL/0.4uL; Ch:D03 505.5uL/0.4uL; Ch:E03 534.3uL/0.4uL; Ch:F03 257.3uL/0.4uL; Ch:G03 553.2uL/0.4uL; Ch:H03 258.7uL/0.4uL; Ch:A04 559.9uL/0.4uL; Ch:B04 379.0uL/0.4uL; Ch:C04 392.6uL/0.4uL; Ch:D04 386.0uL/0.4uL; Ch:E04 358.0uL/0.4uL; Ch:G04 36.5uL/0.4uL; Ch:H04 491.7uL/0.4uL; Ch:A05 473.5uL/0.4uL; Ch:B05 331.4uL/0.4uL; Ch:C05 278.4uL/0.4uL; Ch:D05 91.3uL/0.4uL; Ch:E05 527.4uL/0.4uL; Ch:F05 323.8uL/0.4uL; Ch:G05 227.4uL/0.4uL; Ch:H05 276.1uL/0.4uL; Ch:A06 443.6uL/0.4uL; Ch:B06 299.4uL/0.4uL; Ch:C06 532.5uL/0.4uL; Ch:D06 461.6uL/0.4uL; Ch:E06 525.9uL/0.4uL; Ch:F06 379.8uL/0.4uL; Ch:G06 541.7uL/0.4uL; Ch:H06 132.8uL/0.4uL; Ch:A07 453.1uL/0.4uL; Ch:B07 265.5uL/0.4uL; Ch:C07 535.3uL/0.4uL; Ch:D07 80.1uL/0.4uL; Ch:E07 305.6uL/0.4uL; Ch:F07 64.9uL/0.4uL; Ch:G07 236.8uL/0.4uL; Ch:H07 538.2uL/0.4uL; Ch:B08 475.4uL/0.4uL; Ch:C08 201.7uL/0.4uL; Ch:D08 65.6uL/0.4uL; Ch:E08 377.0uL/0.4uL; Ch:F08 113.3uL/0.4uL; Ch:G08 269.4uL/0.4uL; Ch:H08 263.4uL/0.4uL; Ch:A09 185.4uL/0.4uL; Ch:B09 233.9uL/0.4uL; Ch:C09 462.0uL/0.4uL; Ch:D09 361.7uL/0.4uL; Ch:E09 1.8uL/0.4uL; Ch:F09 460.9uL/0.4uL; Ch:G09 558.7uL/0.4uL; Ch:H09 62.0uL/0.4uL; Ch:A10 431.8uL/0.4uL; Ch:B10 590.3uL/0.4uL; Ch:C10 217.8uL/0.4uL; Ch:D10 405.3uL/0.4uL; Ch:E10 39.4uL/0.4uL; Ch:F10 367.6uL/0.4uL; Ch:G10 160.4uL/0.4uL; Ch:H10 426.9uL/0.4uL; Ch:A11 100.8uL/0.4uL; Ch:B11 320.8uL/0.4uL; Ch:C11 298.8uL/0.4uL; Ch:D11 200.4uL/0.4uL; Ch:E11 453.2uL/0.4uL; Ch:F11 532.0uL/0.4uL; Ch:G11 237.3uL/0.4uL; Ch:H11 115.4uL/0.4uL; Ch:A12 240.9uL/0.4uL; Ch:B12 565.8uL/0.4uL; Ch:C12 445.9uL/0.4uL; Ch:D12 396.3uL/0.4uL; Ch:E12 243.7uL/0.4uL; Ch:F12 281.1uL/0.4uL
06/07/2019 09:55:46.2 [Lynx.Aspirate(VVP96).VVP96] Post airgap parameters (0): 
06/07/2019 09:55:46.2 Process 'Stamp_150uL.met'[3] 'Aspirate(VVP96)' CommandFailed
06/07/2019 09:55:58.6 Process 'Stamp_150uL.met' MethodCompleted, A 'Aspirate(VVP96)' command has a logic or parameter error
0 of 1 method(s) completed successfully.
  Concurrent method 'Main' (Main) started at 06/07/2019 09:55:35.2 and terminated at 06/07/2019 09:55:58.6
    Terminate reason:CommandError
    Command 'Aspirate(VVP96)', line 3, was interrupted due to VVP 'Aspirate(VVP96)' was requested to aspirate more than the maximum allowed volume, 150.0 ul, on the following channels: A01, B01, C01, D01, E01, H01, A02, B02, D02, E02, F02, G02, H02, B03, D03, E03, F03, G03, H03, A04, B04, C04, D04, E04, H04, A05, B05, C05, E05, F05, G05, H05, A06, B06, C06, D06, E06, F06, G06, A07, B07, C07, E07, G07, H07, B08, C08, E08, G08, H08, A09, B09, C09, D09, F09, G09, A10, B10, C10, D10, F10, G10, H10, B11, C11, D11, E11, F11, G11, A12, B12, C12, D12, E12, F12

[User] Step.
06/07/2019 09:56:01.2 Process 'Stamp_150uL.met' MethodStarted
06/07/2019 09:56:01.2 Process 'Stamp_150uL.met'[5] 'Aspirate(VVP96)' CommandStarted
06/07/2019 09:56:01.2 [Lynx.Aspirate(VVP96).VVP96] Plate 'Fluidx_1mL_Tube_rack_01', column/row offset (0, 0), X/Y offset (0.00 mm,0.00 mm), height: 0.30 mm.
06/07/2019 09:56:01.2 [Lynx.Aspirate(VVP96).VVP96] Current tip 'LXB-96-150F'.
06/07/2019 09:56:01.2 [Lynx.Aspirate(VVP96).VVP96] Plate is at location 'Loc_01' (2.89 mm, -14.40 mm, -172.89 mm) with a stack index of 1.
06/07/2019 09:56:01.2 [Lynx.Aspirate(VVP96).VVP96] VVP Pressure 'Low Volume': Pressure 30 mbar, Residual vol. 0.44 uL, Pre/Post delay 0.00/1.00
06/07/2019 09:56:01.2 [Lynx.Aspirate(VVP96).VVP96] Aspirate parameters (1): Ch:A01 0.1uL/0.1uL
06/07/2019 09:56:01.2 [Lynx.Aspirate(VVP96).VVP96] Post airgap parameters (0): 
06/07/2019 09:56:01.2 [Lynx.Aspirate(VVP96).VVP96] Initial robot X/Y/ZStart/ZEnd coordinates: -11.49 mm, -3.16 mm, -128.59 mm, -128.89 mm, using motion profile 'Slow Speed'.
06/07/2019 09:56:01.2 [Lynx.Aspirate(VVP96).VVP96] Initial axis positions:'XL' -159.49 mm, 'YL' -525.07 mm, 'ZL' -105.00 mm
06/07/2019 09:56:13.1 [VVP96] Clog detection is off.
06/07/2019 09:56:13.1 [VVP96] Aspirate diagnostics are off.
06/07/2019 09:56:13.1 [VVP96] Set VVP: command 'Clogging Limit' with setting of 0 for 96 channels.
06/07/2019 09:56:13.4 [VVP96] Set VVP: command 'Air-to-Liquid Sens.' with setting of 0 for 96 channels.
06/07/2019 09:56:13.6 [VVP96] Set VVP: command 'Liquid-to-Air Sens.' with setting of 0 for 96 channels.
06/07/2019 09:56:14.4 [VVP96] VVP Aspirate pressure is 30 mbar.
06/07/2019 09:56:14.6 [VVP96] Aspirate complete.
06/07/2019 09:56:14.6 [VVP96] Average residual volume was 0.80 ul for 1 channels at 30 mbar pressure
06/07/2019 09:56:14.8 [Lynx.Aspirate(VVP96).VVP96] Aspirate results: Ch:A01 0.8uL/0.8uL OK
06/07/2019 09:56:15.8 [Lynx.Aspirate(VVP96).VVP96] Final axis positions:'XL' -11.54 mm, 'YL' -3.20 mm, 'ZL' -128.59 mm
06/07/2019 09:56:15.8 [Lynx.Aspirate(VVP96).VVP96] Time to complete: 14 s.
06/07/2019 09:56:15.8 Process 'Stamp_150uL.met'[5] 'Aspirate(VVP96)' CommandCompleted
06/07/2019 09:56:15.8 Process 'Stamp_150uL.met' MethodCompleted
1 of 1 method(s) completed successfully.
  Concurrent method 'Main' (Main) started at 06/07/2019 09:56:01.1 and finished at 06/07/2019 09:56:15.8

[User] Step.
06/07/2019 09:56:21.9 Process 'Stamp_150uL.met' MethodStarted
06/07/2019 09:56:21.9 Process 'Stamp_150uL.met'[6] 'Run Sub' CommandStarted
06/07/2019 09:56:21.9 SubProcess 'SubMethods\Small_TipShimmy_150uL.met' MethodStarted
06/07/2019 09:56:21.9 SubProcess 'SubMethods\Small_TipShimmy_150uL.met'[0] 'Move Axis Relative' CommandStarted
06/07/2019 09:56:21.9 [Lynx.Move Axis Relative] Move axes relative: 'ZL' by 35.00 mm
06/07/2019 09:56:22.8 [Lynx.Move Axis Relative] Time to complete: 0 s.
06/07/2019 09:56:22.8 SubProcess 'SubMethods\Small_TipShimmy_150uL.met'[0] 'Move Axis Relative' CommandCompleted
06/07/2019 09:56:22.8 SubProcess 'SubMethods\Small_TipShimmy_150uL.met'[1] 'Move Axis Relative' CommandStarted
06/07/2019 09:56:22.9 [Lynx.Move Axis Relative] Move axes relative: 'XL' by 1.25 mm
06/07/2019 09:56:23.2 [Lynx.Move Axis Relative] Time to complete: 0 s.
06/07/2019 09:56:23.2 SubProcess 'SubMethods\Small_TipShimmy_150uL.met'[1] 'Move Axis Relative' CommandCompleted
06/07/2019 09:56:23.2 SubProcess 'SubMethods\Small_TipShimmy_150uL.met'[2] 'Move Axis Relative' CommandStarted
06/07/2019 09:56:23.2 [Lynx.Move Axis Relative] Move axes relative: 'XL' by -2.50 mm
06/07/2019 09:56:23.7 [Lynx.Move Axis Relative] Time to complete: 0 s.
06/07/2019 09:56:23.7 SubProcess 'SubMethods\Small_TipShimmy_150uL.met'[2] 'Move Axis Relative' CommandCompleted
06/07/2019 09:56:23.7 SubProcess 'SubMethods\Small_TipShimmy_150uL.met'[3] 'Move Axis Relative' CommandStarted
06/07/2019 09:56:23.7 [Lynx.Move Axis Relative] Move axes relative: 'XL' by 1.25 mm
06/07/2019 09:56:24.0 [Lynx.Move Axis Relative] Time to complete: 0 s.
06/07/2019 09:56:24.0 SubProcess 'SubMethods\Small_TipShimmy_150uL.met'[3] 'Move Axis Relative' CommandCompleted
06/07/2019 09:56:24.0 SubProcess 'SubMethods\Small_TipShimmy_150uL.met' MethodCompleted
06/07/2019 09:56:24.1 Process 'Stamp_150uL.met'[6] 'Run Sub' CommandCompleted
06/07/2019 09:56:24.1 Process 'Stamp_150uL.met' MethodCompleted
1 of 1 method(s) completed successfully.
  Concurrent method 'Main' (Main) started at 06/07/2019 09:56:21.9 and finished at 06/07/2019 09:56:24.1

[User] Step.
06/07/2019 09:56:28.0 Process 'SubMethods\Small_TipShimmy_150uL.met' MethodStarted
06/07/2019 09:56:28.0 Process 'SubMethods\Small_TipShimmy_150uL.met'[3] 'Move Axis Relative' CommandStarted
06/07/2019 09:56:28.0 [Lynx.Move Axis Relative] Move axes relative: 'XL' by 1.25 mm
06/07/2019 09:56:28.4 [Lynx.Move Axis Relative] Time to complete: 0 s.
06/07/2019 09:56:28.4 Process 'SubMethods\Small_TipShimmy_150uL.met'[3] 'Move Axis Relative' CommandCompleted
06/07/2019 09:56:28.4 Process 'SubMethods\Small_TipShimmy_150uL.met' MethodCompleted
1 of 1 method(s) completed successfully.
  Concurrent method 'Main' (Main) started at 06/07/2019 09:56:28.0 and finished at 06/07/2019 09:56:28.4

[User] Step.
06/07/2019 09:56:34.3 Process 'Stamp_150uL.met' MethodStarted
06/07/2019 09:56:34.4 Process 'Stamp_150uL.met'[8] 'Eject Tips(VVP96)' CommandStarted
06/07/2019 09:56:34.4 [Lynx.Eject Tips(VVP96).VVP96] Plate 'LXB-96-150F_01', column/row offset (0, 0), X/Y offset (0.00 mm,0.00 mm), height: 9.00 mm.
06/07/2019 09:56:34.4 [Lynx.Eject Tips(VVP96).VVP96] Current tip 'LXB-96-150F'.
06/07/2019 09:56:34.4 [Lynx.Eject Tips(VVP96).VVP96] Plate is at location 'Loc_02' (3.14 mm, -118.98 mm, -172.91 mm) with a stack index of 1.
06/07/2019 09:56:34.4 [Lynx.Eject Tips(VVP96).VVP96] Initial robot X/Y/ZStart/ZEnd coordinates: -11.24 mm, -107.74 mm, -2.00 mm, -106.91 mm, using motion profile 'Tip Eject'.
06/07/2019 09:56:34.4 [Lynx.Eject Tips(VVP96).VVP96] Initial axis positions:'XL' -10.43 mm, 'YL' -3.20 mm, 'ZL' -93.60 mm
06/07/2019 09:56:40.6 [VVP96] Tip ejection performed 2 times.
06/07/2019 09:56:42.0 [Lynx.Eject Tips(VVP96).VVP96] No current tip.
06/07/2019 09:56:42.0 [Lynx.Eject Tips(VVP96).VVP96] Time to complete: 7 s.
06/07/2019 09:56:42.0 Process 'Stamp_150uL.met'[8] 'Eject Tips(VVP96)' CommandCompleted
06/07/2019 09:56:42.0 Process 'Stamp_150uL.met' MethodCompleted
1 of 1 method(s) completed successfully.
  Concurrent method 'Main' (Main) started at 06/07/2019 09:56:34.3 and finished at 06/07/2019 09:56:42.0

06/07/2019 10:10:11.7 [ZL] Closing component connections for Warp 'ZL'.
06/07/2019 10:10:12.2 [ZL] Instruction Error Status: None
06/07/2019 10:10:12.2 [ZL] Warp3 core version: 99103v1.0 (will support I/O).
06/07/2019 10:10:12.2 [ZL] Configured as an enhanced Warp3 with I/O.
06/07/2019 10:10:12.3 [ZL]   Inputs: False False False False False 
06/07/2019 10:10:12.3 [ZL] Current IP communications rate is 10 mb.
06/07/2019 10:10:12.3 [ZL] IP communications speed is currently set to 10 Mbps.
06/07/2019 10:10:12.4 [ZL] Phase correction: disabled, prescale: 0, phase counts: 2000
06/07/2019 10:10:12.4 [ZL] SetCurrentFoldbackAmps(8, 20) will set 17440 , 216
06/07/2019 10:10:12.4 [ZL] Configuration parameters loaded from 'P:\MethodManagerWorkspaces\LM703\Configuration\Z Axis.xml'. HomeVelocity 20 mm/s, CountsPerMM 2571 cts/mm.
06/07/2019 10:10:12.6 [ZL] Start Hall-based phase initialization.
06/07/2019 10:10:12.6 [ZL] Phases initialized.
06/07/2019 10:10:12.6 [BarCodeZAxis] Closing component connections for Warp 'BarCodeZAxis'.
06/07/2019 10:10:13.1 [BarCodeZAxis] Instruction Error Status: None
06/07/2019 10:10:13.2 [BarCodeZAxis] Warp3 core version: 99103v1.0 (will support I/O).
06/07/2019 10:10:13.2 [BarCodeZAxis] Configured as an enhanced Warp3 with I/O.
06/07/2019 10:10:13.2 [BarCodeZAxis]   Inputs: False True False False False 
06/07/2019 10:10:13.2 [BarCodeZAxis] Current IP communications rate is 10 mb.
06/07/2019 10:10:13.2 [BarCodeZAxis] IP communications speed is currently set to 10 Mbps.
06/07/2019 10:10:13.3 [BarCodeZAxis] Phase correction: disabled, prescale: 0, phase counts: 2000
06/07/2019 10:10:13.4 [BarCodeZAxis] SetCurrentFoldbackAmps(2, 5) will set 4360 , 54
06/07/2019 10:10:13.4 [BarCodeZAxis] Configuration parameters loaded from 'P:\MethodManagerWorkspaces\LM703\Configuration\BarCode Z.xml'. HomeVelocity 20 mm/s, CountsPerMM 5538 cts/mm.
06/07/2019 10:10:13.5 [BarCodeZAxis] Start Hall-based phase initialization.
06/07/2019 10:10:13.5 [BarCodeZAxis] Phases initialized.
06/07/2019 10:10:13.6 [YL] Closing component connections for Warp 'YL'.
06/07/2019 10:10:14.1 [YL] Instruction Error Status: None
06/07/2019 10:10:14.1 [YL] Warp3 core version: 99103v1.0 (will support I/O).
06/07/2019 10:10:14.1 [YL] Configured as an enhanced Warp3 with I/O.
06/07/2019 10:10:14.1 [YL]   Inputs: False False False False False 
06/07/2019 10:10:14.2 [YL] Current IP communications rate is 10 mb.
06/07/2019 10:10:14.2 [YL] IP communications speed is currently set to 10 Mbps.
06/07/2019 10:10:14.3 [YL] Phase correction: disabled, prescale: 1, phase counts: 1905
06/07/2019 10:10:14.3 [YL] SetCurrentFoldbackAmps(6, 100) will set 13080 , 1083
06/07/2019 10:10:14.3 [YL] Configuration parameters loaded from 'P:\MethodManagerWorkspaces\LM703\Configuration\Y Axis.xml'. HomeVelocity 20 mm/s, CountsPerMM 2000 cts/mm.
06/07/2019 10:10:14.5 [YL] Start Hall-based phase initialization.
06/07/2019 10:10:14.5 [YL] Phases initialized.
06/07/2019 10:10:14.5 [XL] Closing component connections for Warp 'XL'.
06/07/2019 10:10:15.0 [XL] Instruction Error Status: None
06/07/2019 10:10:15.1 [XL] Warp3 core version: 99103v1.0 (will support I/O).
06/07/2019 10:10:15.1 [XL] Configured as an enhanced Warp3 with I/O.
06/07/2019 10:10:15.1 [XL]   Inputs: False False False False False 
06/07/2019 10:10:15.1 [XL] Current IP communications rate is 10 mb.
06/07/2019 10:10:15.1 [XL] IP communications speed is currently set to 10 Mbps.
06/07/2019 10:10:15.2 [XL] Phase correction: disabled, prescale: 1, phase counts: 1905
06/07/2019 10:10:15.2 [XL] SetCurrentFoldbackAmps(6, 100) will set 13080 , 1083
06/07/2019 10:10:15.3 [XL] Configuration parameters loaded from 'P:\MethodManagerWorkspaces\LM703\Configuration\X Axis.xml'. HomeVelocity 20 mm/s, CountsPerMM 2000 cts/mm.
06/07/2019 10:10:15.4 [XL] Start Hall-based phase initialization.
06/07/2019 10:10:15.4 [XL] Phases initialized.
06/07/2019 10:10:17.3 [VVP96] Get VVP: command 'Aspirate Diagnostics' from 96 channels.
06/07/2019 10:10:17.5 [ZL] Move to Positive limit. Velocity 20 mm/s, accel 40 mm/s2, decel 200 mm/s2, timeout 60 s.
06/07/2019 10:10:18.1 [ZL] Reached limit successfully.
06/07/2019 10:10:18.1 [ZL] Attempting to back off Positive limit.
06/07/2019 10:10:18.8 [ZL] Move off limit completion: Successful (OKReady).
06/07/2019 10:10:18.8 [ZL] Move to limit finished.
06/07/2019 10:10:18.9 [ZL] Establishing new 0 position for the old position 0.00 mm.
06/07/2019 10:10:18.9 [ZL] Timestamp of last successful home: 6/7/2019 10:10:18 AM
06/07/2019 10:10:19.1 [BarCodeZAxis] Move to Negative limit. Velocity 20 mm/s, accel 200 mm/s2, decel 350 mm/s2, timeout 60 s.
06/07/2019 10:10:19.5 [BarCodeZAxis] Reached limit successfully.
06/07/2019 10:10:19.5 [BarCodeZAxis] Attempting to back off Negative limit.
06/07/2019 10:10:20.0 [BarCodeZAxis] Move off limit completion: Successful (OKReady).
06/07/2019 10:10:20.0 [BarCodeZAxis] Move to limit finished.
06/07/2019 10:10:20.1 [BarCodeZAxis] Establishing new 0 position for the old position 0.00 mm.
06/07/2019 10:10:20.1 [BarCodeZAxis] Timestamp of last successful home: 6/7/2019 10:10:20 AM
06/07/2019 10:10:21.2 [YL] Move to Positive limit. Velocity 20 mm/s, accel 200 mm/s2, decel 1000 mm/s2, timeout 60 s.
06/07/2019 10:10:26.9 [YL] Reached limit successfully.
06/07/2019 10:10:26.9 [YL] Attempting to back off Positive limit.
06/07/2019 10:10:27.4 [YL] Move off limit completion: Successful (OKReady).
06/07/2019 10:10:27.4 [YL] Move to limit finished.
06/07/2019 10:10:27.5 [YL] Establishing new 0 position for the old position 0.02 mm.
06/07/2019 10:10:27.5 [YL] Timestamp of last successful home: 6/7/2019 10:10:27 AM
06/07/2019 10:10:27.7 [XL] Move to Positive limit. Velocity 20 mm/s, accel 200 mm/s2, decel 1000 mm/s2, timeout 60 s.
06/07/2019 10:10:28.7 [XL] Reached limit successfully.
06/07/2019 10:10:28.8 [XL] Attempting to back off Positive limit.
06/07/2019 10:10:29.2 [XL] Move off limit completion: Successful (OKReady).
06/07/2019 10:10:29.2 [XL] Move to limit finished.
06/07/2019 10:10:29.3 [XL] Establishing new 0 position for the old position -0.24 mm.
06/07/2019 10:10:29.3 [XL] Timestamp of last successful home: 6/7/2019 10:10:29 AM
06/07/2019 10:10:33.9 Tcp notification encountered an error: SocketException: System.Net.Sockets.SocketException (0x80004005): The requested address is not valid in its context 172.18.3.52:0
   at System.Net.Sockets.TcpClient..ctor(String hostname, Int32 port)
   at MethodManager.DX.Interop.MMTcpServer.<>c__DisplayClass5.<SendNotification>b__4()
06/07/2019 10:11:24.9 [XL] Closing component connections for Warp 'XL'.
06/07/2019 10:11:24.9 [YL] Closing component connections for Warp 'YL'.
06/07/2019 10:11:24.9 [ZL] Closing component connections for Warp 'ZL'.
06/07/2019 10:11:24.9 [BarCodeZAxis] Closing component connections for Warp 'BarCodeZAxis'.
06/07/2019 10:11:25.5 [Lynx] 
