Workspace 'LM703' modules...
  MethodManagerV4   1.4.6666.27655
  MMCoreDevice   1.4.6666.27650
  MMLiquidHandler   1.4.6666.26302
  Warp3   2.0.6591.13866
  MMVVP   1.4.6666.26303
  MMIOLightTower   1.4.6666.26303
  MMHeadGripper   1.3.6591.14013
The pipette tool 'VVP96' has mandrel type 'MLV' and can load the following tip types:
   Tip type 'LXB-96-150F', loading depth 9.4 mm, Id: baf0d489-a29c-4899-844e-44fbdc6c2c49.
   Tip type 'LXB-96-200NF', loading depth 9.4 mm, Id: 095daefc-e866-4d91-906f-cc7e17eaf3f6.
   Tip type 'LXB-96-300F', loading depth 10.4 mm, Id: d2f37554-e0d6-41ea-8f3d-101c68af7e40.
   Tip type 'LXB-96-300NF', loading depth 10.4 mm, Id: 423ec1e5-0ccf-4946-a441-905f3c9e1fd9.
   Tip type 'LXB-96-950F', loading depth 28.6 mm, Id: 497625a6-73fc-4433-95df-636ceecdc818.
   Tip type 'LXB-96-950F-WB', loading depth 28.6 mm, Id: ca3988bc-a34d-4ad7-ba77-93a37e8cba6d.
   Tip type 'LXB-96-1250NF', loading depth 28.6 mm, Id: 13ba07a3-d5cb-4a96-9ab8-1d418fc383d6.
09/05/2018 17:12:48.8 The command server is monitoring the workspace 'LM703' and is available on 172.18.3.53/1000
09/05/2018 17:12:51.5 [ZL] Instruction Error Status: None
09/05/2018 17:12:51.5 [ZL] Warp3 core version: 99103v1.0 (will support I/O).
09/05/2018 17:12:51.5 [ZL] Configured as an enhanced Warp3 with I/O.
09/05/2018 17:12:51.5 [ZL]   Inputs: False False False False False 
09/05/2018 17:12:51.5 [ZL] Current IP communications rate is 10 mb.
09/05/2018 17:12:51.5 [ZL] IP communications speed is currently set to 10 Mbps.
09/05/2018 17:12:51.6 [ZL] Phase correction: disabled, prescale: 0, phase counts: 2000
09/05/2018 17:12:51.7 [ZL] SetCurrentFoldbackAmps(8, 20) will set 17440 , 216
09/05/2018 17:12:51.7 [ZL] Configuration parameters loaded from 'C:\MethodManager4\Workspaces\LM703\Configuration\Z Axis.xml'. HomeVelocity 20 mm/s, CountsPerMM 2571 cts/mm.
09/05/2018 17:12:51.8 [ZL] Start Hall-based phase initialization.
09/05/2018 17:12:51.8 [ZL] Phases initialized.
09/05/2018 17:12:51.9 [BarCodeZAxis] Instruction Error Status: None
09/05/2018 17:12:51.9 [BarCodeZAxis] Warp3 core version: 99103v1.0 (will support I/O).
09/05/2018 17:12:51.9 [BarCodeZAxis] Configured as an enhanced Warp3 with I/O.
09/05/2018 17:12:51.9 [BarCodeZAxis]   Inputs: False True False False False 
09/05/2018 17:12:52.0 [BarCodeZAxis] Current IP communications rate is 10 mb.
09/05/2018 17:12:52.0 [BarCodeZAxis] IP communications speed is currently set to 10 Mbps.
09/05/2018 17:12:52.1 [BarCodeZAxis] Phase correction: disabled, prescale: 0, phase counts: 2000
09/05/2018 17:12:52.1 [BarCodeZAxis] SetCurrentFoldbackAmps(2, 5) will set 4360 , 54
09/05/2018 17:12:52.1 [BarCodeZAxis] Configuration parameters loaded from 'C:\MethodManager4\Workspaces\LM703\Configuration\BarCode Z.xml'. HomeVelocity 20 mm/s, CountsPerMM 5538 cts/mm.
09/05/2018 17:12:52.2 [BarCodeZAxis] Start Hall-based phase initialization.
09/05/2018 17:12:52.3 [BarCodeZAxis] Phases initialized.
09/05/2018 17:12:52.3 [YL] Instruction Error Status: None
09/05/2018 17:12:52.3 [YL] Warp3 core version: 99103v1.0 (will support I/O).
09/05/2018 17:12:52.3 [YL] Configured as an enhanced Warp3 with I/O.
09/05/2018 17:12:52.3 [YL]   Inputs: False False False False False 
09/05/2018 17:12:52.4 [YL] Current IP communications rate is 10 mb.
09/05/2018 17:12:52.4 [YL] IP communications speed is currently set to 10 Mbps.
09/05/2018 17:12:52.4 [YL] Phase correction: disabled, prescale: 1, phase counts: 1905
09/05/2018 17:12:52.5 [YL] SetCurrentFoldbackAmps(6, 100) will set 13080 , 1083
09/05/2018 17:12:52.5 [YL] Configuration parameters loaded from 'C:\MethodManager4\Workspaces\LM703\Configuration\Y Axis.xml'. HomeVelocity 20 mm/s, CountsPerMM 2000 cts/mm.
09/05/2018 17:12:52.6 [YL] Start Hall-based phase initialization.
09/05/2018 17:12:52.7 [YL] Phases initialized.
09/05/2018 17:12:52.7 [XL] Instruction Error Status: None
09/05/2018 17:12:52.7 [XL] Warp3 core version: 99103v1.0 (will support I/O).
09/05/2018 17:12:52.7 [XL] Configured as an enhanced Warp3 with I/O.
09/05/2018 17:12:52.7 [XL]   Inputs: False False False False False 
09/05/2018 17:12:52.8 [XL] Current IP communications rate is 10 mb.
09/05/2018 17:12:52.8 [XL] IP communications speed is currently set to 10 Mbps.
09/05/2018 17:12:52.9 [XL] Phase correction: disabled, prescale: 1, phase counts: 1905
09/05/2018 17:12:52.9 [XL] SetCurrentFoldbackAmps(6, 100) will set 13080 , 1083
09/05/2018 17:12:52.9 [XL] Configuration parameters loaded from 'C:\MethodManager4\Workspaces\LM703\Configuration\X Axis.xml'. HomeVelocity 20 mm/s, CountsPerMM 2000 cts/mm.
09/05/2018 17:12:53.1 [XL] Start Hall-based phase initialization.
09/05/2018 17:12:53.1 [XL] Phases initialized.
09/05/2018 17:12:55.1 [VVP96] Get VVP: command 'Aspirate Diagnostics' from 96 channels.
09/05/2018 17:12:55.3 [ZL] Move to Positive limit. Velocity 20 mm/s, accel 40 mm/s2, decel 200 mm/s2, timeout 60 s.
09/05/2018 17:12:55.8 [ZL] Reached limit successfully.
09/05/2018 17:12:55.8 [ZL] Attempting to back off Positive limit.
09/05/2018 17:12:56.2 [ZL] Move off limit completion: Successful (OKReady).
09/05/2018 17:12:56.3 [ZL] Move to limit finished.
09/05/2018 17:12:56.3 [ZL] Establishing new 0 position for the old position 0.00 mm.
09/05/2018 17:12:56.4 [ZL] Timestamp of last successful home: 9/5/2018 5:12:56 PM
09/05/2018 17:12:56.6 [BarCodeZAxis] Move to Negative limit. Velocity 20 mm/s, accel 200 mm/s2, decel 350 mm/s2, timeout 60 s.
09/05/2018 17:12:57.0 [BarCodeZAxis] Reached limit successfully.
09/05/2018 17:12:57.0 [BarCodeZAxis] Attempting to back off Negative limit.
09/05/2018 17:12:57.5 [BarCodeZAxis] Move off limit completion: Successful (OKReady).
09/05/2018 17:12:57.5 [BarCodeZAxis] Move to limit finished.
09/05/2018 17:12:57.6 [BarCodeZAxis] Establishing new 0 position for the old position 0.00 mm.
09/05/2018 17:12:57.6 [BarCodeZAxis] Timestamp of last successful home: 9/5/2018 5:12:57 PM
09/05/2018 17:13:01.7 [YL] Move to Positive limit. Velocity 20 mm/s, accel 200 mm/s2, decel 1000 mm/s2, timeout 60 s.
09/05/2018 17:13:02.4 [YL] Reached limit successfully.
09/05/2018 17:13:02.4 [YL] Attempting to back off Positive limit.
09/05/2018 17:13:02.8 [YL] Move off limit completion: Successful (OKReady).
09/05/2018 17:13:02.9 [YL] Move to limit finished.
09/05/2018 17:13:02.9 [YL] Establishing new 0 position for the old position 0.01 mm.
09/05/2018 17:13:03.0 [YL] Timestamp of last successful home: 9/5/2018 5:13:03 PM
09/05/2018 17:13:03.2 [XL] Move to Positive limit. Velocity 20 mm/s, accel 200 mm/s2, decel 1000 mm/s2, timeout 60 s.
09/05/2018 17:13:04.9 [XL] Reached limit successfully.
09/05/2018 17:13:04.9 [XL] Attempting to back off Positive limit.
09/05/2018 17:13:05.3 [XL] Move off limit completion: Successful (OKReady).
09/05/2018 17:13:05.4 [XL] Move to limit finished.
09/05/2018 17:13:05.4 [XL] Establishing new 0 position for the old position 0.02 mm.
09/05/2018 17:13:05.5 [XL] Timestamp of last successful home: 9/5/2018 5:13:05 PM
09/05/2018 17:14:21.7 [XL] Closing component connections for Warp 'XL'.
09/05/2018 17:14:21.8 [YL] Closing component connections for Warp 'YL'.
09/05/2018 17:14:21.8 [ZL] Closing component connections for Warp 'ZL'.
09/05/2018 17:14:21.8 [BarCodeZAxis] Closing component connections for Warp 'BarCodeZAxis'.
09/05/2018 17:14:22.3 [Lynx] 
