Workspace 'LM703' modules...
  MethodManagerV4   1.4.6666.27655
  MMCoreDevice   1.4.6666.27650
  MMLiquidHandler   1.4.6666.26302
  Warp3   2.0.6591.13866
  MMVVP   1.4.6666.26303
  MMIOLightTower   1.4.6666.26303
  MMHeadGripper   1.3.6591.14013
The pipette tool 'VVP96' has mandrel type 'MLV' and can load the following tip types:
   Tip type 'LXB-96-150F', loading depth 9.4 mm, Id: baf0d489-a29c-4899-844e-44fbdc6c2c49.
   Tip type 'LXB-96-200NF', loading depth 9.4 mm, Id: 095daefc-e866-4d91-906f-cc7e17eaf3f6.
   Tip type 'LXB-96-300F', loading depth 10.4 mm, Id: d2f37554-e0d6-41ea-8f3d-101c68af7e40.
   Tip type 'LXB-96-300NF', loading depth 10.4 mm, Id: 423ec1e5-0ccf-4946-a441-905f3c9e1fd9.
   Tip type 'LXB-96-950F', loading depth 28.6 mm, Id: 497625a6-73fc-4433-95df-636ceecdc818.
   Tip type 'LXB-96-950F-WB', loading depth 28.6 mm, Id: ca3988bc-a34d-4ad7-ba77-93a37e8cba6d.
   Tip type 'LXB-96-1250NF', loading depth 28.6 mm, Id: 13ba07a3-d5cb-4a96-9ab8-1d418fc383d6.
10/31/2019 20:02:16.6 The command server is monitoring the workspace 'LM703' and is available on 172.18.3.53/1000
10/31/2019 20:02:27.8 [ZL] Instruction Error Status: None
10/31/2019 20:02:27.8 [ZL] Warp3 core version: 99103v1.0 (will support I/O).
10/31/2019 20:02:27.9 [ZL] Configured as an enhanced Warp3 with I/O.
10/31/2019 20:02:28.0 [ZL]   Inputs: False False False False False 
10/31/2019 20:02:28.1 [ZL] Current IP communications rate is 10 mb.
10/31/2019 20:02:28.1 [ZL] IP communications speed is currently set to 10 Mbps.
10/31/2019 20:02:28.2 [ZL] Relative motor limit setting 100.0%, changing limit from 100.0% to 30.0%
10/31/2019 20:02:28.2 [ZL] Phase correction: disabled, prescale: 0, phase counts: 2000
10/31/2019 20:02:28.2 [ZL] SetCurrentFoldbackAmps(8, 20) will set 17440 , 216
10/31/2019 20:02:28.2 [ZL] Configuration parameters loaded from 'P:\MethodManagerWorkspaces\LM703\Configuration\Z Axis.xml'. HomeVelocity 20 mm/s, CountsPerMM 2571 cts/mm.
10/31/2019 20:02:28.4 [ZL] Start Hall-based phase initialization.
10/31/2019 20:02:28.4 [ZL] Phases initialized.
10/31/2019 20:02:28.6 [BarCodeZAxis] Instruction Error Status: None
10/31/2019 20:02:28.6 [BarCodeZAxis] Warp3 core version: 99103v1.0 (will support I/O).
10/31/2019 20:02:28.6 [BarCodeZAxis] Configured as an enhanced Warp3 with I/O.
10/31/2019 20:02:28.6 [BarCodeZAxis]   Inputs: False False False False False 
10/31/2019 20:02:28.7 [BarCodeZAxis] Current IP communications rate is 10 mb.
10/31/2019 20:02:28.7 [BarCodeZAxis] IP communications speed is currently set to 10 Mbps.
10/31/2019 20:02:28.7 [BarCodeZAxis] Relative motor limit setting 100.0%, changing limit from 100.0% to 10.0%
10/31/2019 20:02:28.8 [BarCodeZAxis] Phase correction: disabled, prescale: 0, phase counts: 2000
10/31/2019 20:02:28.8 [BarCodeZAxis] SetCurrentFoldbackAmps(2, 5) will set 4360 , 54
10/31/2019 20:02:28.8 [BarCodeZAxis] Configuration parameters loaded from 'P:\MethodManagerWorkspaces\LM703\Configuration\BarCode Z.xml'. HomeVelocity 20 mm/s, CountsPerMM 5538 cts/mm.
10/31/2019 20:02:29.0 [BarCodeZAxis] Start Hall-based phase initialization.
10/31/2019 20:02:29.0 [BarCodeZAxis] Phases initialized.
10/31/2019 20:02:29.2 [YL] Instruction Error Status: None
10/31/2019 20:02:29.2 [YL] Warp3 core version: 99103v1.0 (will support I/O).
10/31/2019 20:02:29.2 [YL] Configured as an enhanced Warp3 with I/O.
10/31/2019 20:02:29.2 [YL]   Inputs: False False False False False 
10/31/2019 20:02:29.2 [YL] Current IP communications rate is 10 mb.
10/31/2019 20:02:29.2 [YL] IP communications speed is currently set to 10 Mbps.
10/31/2019 20:02:29.3 [YL] Relative motor limit setting 100.0%, changing limit from 100.0% to 70.0%
10/31/2019 20:02:29.3 [YL] Phase correction: disabled, prescale: 1, phase counts: 1905
10/31/2019 20:02:29.4 [YL] SetCurrentFoldbackAmps(6, 100) will set 13080 , 1083
10/31/2019 20:02:29.4 [YL] Configuration parameters loaded from 'P:\MethodManagerWorkspaces\LM703\Configuration\Y Axis.xml'. HomeVelocity 20 mm/s, CountsPerMM 2000 cts/mm.
10/31/2019 20:02:29.5 [YL] Start Hall-based phase initialization.
10/31/2019 20:02:29.5 [YL] Phases initialized.
10/31/2019 20:02:29.7 [XL] Instruction Error Status: None
10/31/2019 20:02:29.7 [XL] Warp3 core version: 99103v1.0 (will support I/O).
10/31/2019 20:02:29.8 [XL] Configured as an enhanced Warp3 with I/O.
10/31/2019 20:02:29.8 [XL]   Inputs: False False False False False 
10/31/2019 20:02:29.8 [XL] Current IP communications rate is 10 mb.
10/31/2019 20:02:29.8 [XL] IP communications speed is currently set to 10 Mbps.
10/31/2019 20:02:29.9 [XL] Phase correction: disabled, prescale: 1, phase counts: 1905
10/31/2019 20:02:29.9 [XL] SetCurrentFoldbackAmps(6, 100) will set 13080 , 1083
10/31/2019 20:02:29.9 [XL] Configuration parameters loaded from 'P:\MethodManagerWorkspaces\LM703\Configuration\X Axis.xml'. HomeVelocity 20 mm/s, CountsPerMM 2000 cts/mm.
10/31/2019 20:02:30.1 [XL] Start Hall-based phase initialization.
10/31/2019 20:02:30.1 [XL] Phases initialized.
10/31/2019 20:02:35.7 [VVP96] Get VVP: command 'Aspirate Diagnostics' from 96 channels.
10/31/2019 20:02:36.0 [ZL] Move to Positive limit. Velocity 20 mm/s, accel 40 mm/s2, decel 200 mm/s2, timeout 60 s.
10/31/2019 20:02:36.6 [ZL] Reached limit successfully.
10/31/2019 20:02:36.7 [ZL] Attempting to back off Positive limit.
10/31/2019 20:02:37.3 [ZL] Move off limit completion: Successful (OKReady).
10/31/2019 20:02:37.4 [ZL] Move to limit finished.
10/31/2019 20:02:37.4 [ZL] Establishing new 0 position for the old position 0.57 mm.
10/31/2019 20:02:37.5 [ZL] Timestamp of last successful home: 10/31/2019 8:02:37 PM
10/31/2019 20:02:37.7 [BarCodeZAxis] Move to Negative limit. Velocity 20 mm/s, accel 200 mm/s2, decel 350 mm/s2, timeout 60 s.
10/31/2019 20:02:38.1 [BarCodeZAxis] Reached limit successfully.
10/31/2019 20:02:38.1 [BarCodeZAxis] Attempting to back off Negative limit.
10/31/2019 20:02:38.6 [BarCodeZAxis] Move off limit completion: Successful (OKReady).
10/31/2019 20:02:38.6 [BarCodeZAxis] Move to limit finished.
10/31/2019 20:02:38.7 [BarCodeZAxis] Establishing new 0 position for the old position 0.00 mm.
10/31/2019 20:02:38.7 [BarCodeZAxis] Timestamp of last successful home: 10/31/2019 8:02:38 PM
10/31/2019 20:02:39.8 [YL] Move to Positive limit. Velocity 20 mm/s, accel 200 mm/s2, decel 1000 mm/s2, timeout 60 s.
10/31/2019 20:02:41.7 [YL] Reached limit successfully.
10/31/2019 20:02:41.7 [YL] Attempting to back off Positive limit.
10/31/2019 20:02:42.1 [YL] Move off limit completion: Successful (OKReady).
10/31/2019 20:02:42.2 [YL] Move to limit finished.
10/31/2019 20:02:42.2 [YL] Establishing new 0 position for the old position 23.03 mm.
10/31/2019 20:02:42.2 [YL] Timestamp of last successful home: 10/31/2019 8:02:42 PM
10/31/2019 20:02:42.5 [XL] Move to Positive limit. Velocity 20 mm/s, accel 200 mm/s2, decel 1000 mm/s2, timeout 60 s.
10/31/2019 20:02:43.9 [XL] Reached limit successfully.
10/31/2019 20:02:43.9 [XL] Attempting to back off Positive limit.
10/31/2019 20:02:44.4 [XL] Move off limit completion: Failed (OKReady).
10/31/2019 20:02:44.4 [XL] Failed to find Positive limit: OKReady.
10/31/2019 20:02:44.5 [XL] Failed to home axis 'XL'.
10/31/2019 20:03:34.3 [XL] This axis has not been homed!
[User] Clear errors.
10/31/2019 20:03:36.4 [XL] This axis has not been homed!
10/31/2019 20:03:36.5 [XL] This axis has not been homed!
Errors could not be resolved for these devices:
   Lynx (1 errors)
      Axis 'XL' has not been homed.

10/31/2019 20:03:40.6 [XL] This axis has not been homed!
10/31/2019 20:03:53.4 [XL] Closing component connections for Warp 'XL'.
10/31/2019 20:03:53.4 [YL] Closing component connections for Warp 'YL'.
10/31/2019 20:03:53.4 [ZL] Closing component connections for Warp 'ZL'.
10/31/2019 20:03:53.4 [BarCodeZAxis] Closing component connections for Warp 'BarCodeZAxis'.
10/31/2019 20:03:54.0 [Lynx] 
