Workspace 'LM703' modules...
  MethodManagerV4   1.4.6666.27655
  MMCoreDevice   1.4.6666.27650
  MMLiquidHandler   1.4.6666.26302
  Warp3   2.0.6591.13866
  MMVVP   1.4.6666.26303
  MMIOLightTower   1.4.6666.26303
  MMHeadGripper   1.3.6591.14013
The pipette tool 'VVP96' has mandrel type 'MLV' and can load the following tip types:
   Tip type 'LXB-96-150F', loading depth 9.4 mm, Id: baf0d489-a29c-4899-844e-44fbdc6c2c49.
   Tip type 'LXB-96-200NF', loading depth 9.4 mm, Id: 095daefc-e866-4d91-906f-cc7e17eaf3f6.
   Tip type 'LXB-96-300F', loading depth 10.4 mm, Id: d2f37554-e0d6-41ea-8f3d-101c68af7e40.
   Tip type 'LXB-96-300NF', loading depth 10.4 mm, Id: 423ec1e5-0ccf-4946-a441-905f3c9e1fd9.
   Tip type 'LXB-96-950F', loading depth 28.6 mm, Id: 497625a6-73fc-4433-95df-636ceecdc818.
   Tip type 'LXB-96-950F-WB', loading depth 28.6 mm, Id: ca3988bc-a34d-4ad7-ba77-93a37e8cba6d.
   Tip type 'LXB-96-1250NF', loading depth 28.6 mm, Id: 13ba07a3-d5cb-4a96-9ab8-1d418fc383d6.
06/10/2019 10:14:22.6 The command server is monitoring the workspace 'LM703' and is available on 172.18.3.53/1000
06/10/2019 10:14:25.4 [ZL] Instruction Error Status: None
06/10/2019 10:14:25.4 [ZL] Warp3 core version: 99103v1.0 (will support I/O).
06/10/2019 10:14:25.4 [ZL] Configured as an enhanced Warp3 with I/O.
06/10/2019 10:14:25.4 [ZL]   Inputs: False False False False False 
06/10/2019 10:14:25.5 [ZL] Current IP communications rate is 10 mb.
06/10/2019 10:14:25.5 [ZL] IP communications speed is currently set to 10 Mbps.
06/10/2019 10:14:25.5 [ZL] Relative motor limit setting 100.0%, changing limit from 100.0% to 30.0%
06/10/2019 10:14:25.6 [ZL] Phase correction: disabled, prescale: 0, phase counts: 2000
06/10/2019 10:14:25.6 [ZL] SetCurrentFoldbackAmps(8, 20) will set 17440 , 216
06/10/2019 10:14:25.6 [ZL] Configuration parameters loaded from 'P:\MethodManagerWorkspaces\LM703\Configuration\Z Axis.xml'. HomeVelocity 20 mm/s, CountsPerMM 2571 cts/mm.
06/10/2019 10:14:25.8 [ZL] Start Hall-based phase initialization.
06/10/2019 10:14:25.8 [ZL] Phases initialized.
06/10/2019 10:14:26.0 [BarCodeZAxis] Instruction Error Status: None
06/10/2019 10:14:26.0 [BarCodeZAxis] Warp3 core version: 99103v1.0 (will support I/O).
06/10/2019 10:14:26.0 [BarCodeZAxis] Configured as an enhanced Warp3 with I/O.
06/10/2019 10:14:26.0 [BarCodeZAxis]   Inputs: False False False False False 
06/10/2019 10:14:26.0 [BarCodeZAxis] Current IP communications rate is 10 mb.
06/10/2019 10:14:26.1 [BarCodeZAxis] IP communications speed is currently set to 10 Mbps.
06/10/2019 10:14:26.1 [BarCodeZAxis] Relative motor limit setting 100.0%, changing limit from 100.0% to 10.0%
06/10/2019 10:14:26.2 [BarCodeZAxis] Phase correction: disabled, prescale: 0, phase counts: 2000
06/10/2019 10:14:26.2 [BarCodeZAxis] SetCurrentFoldbackAmps(2, 5) will set 4360 , 54
06/10/2019 10:14:26.2 [BarCodeZAxis] Configuration parameters loaded from 'P:\MethodManagerWorkspaces\LM703\Configuration\BarCode Z.xml'. HomeVelocity 20 mm/s, CountsPerMM 5538 cts/mm.
06/10/2019 10:14:26.4 [BarCodeZAxis] Start Hall-based phase initialization.
06/10/2019 10:14:26.4 [BarCodeZAxis] Phases initialized.
06/10/2019 10:14:26.6 [YL] Instruction Error Status: None
06/10/2019 10:14:26.6 [YL] Warp3 core version: 99103v1.0 (will support I/O).
06/10/2019 10:14:26.6 [YL] Configured as an enhanced Warp3 with I/O.
06/10/2019 10:14:26.6 [YL]   Inputs: False False False False False 
06/10/2019 10:14:26.6 [YL] Current IP communications rate is 10 mb.
06/10/2019 10:14:26.6 [YL] IP communications speed is currently set to 10 Mbps.
06/10/2019 10:14:26.7 [YL] Relative motor limit setting 100.0%, changing limit from 100.0% to 70.0%
06/10/2019 10:14:26.7 [YL] Phase correction: disabled, prescale: 1, phase counts: 1905
06/10/2019 10:14:26.8 [YL] SetCurrentFoldbackAmps(6, 100) will set 13080 , 1083
06/10/2019 10:14:26.8 [YL] Configuration parameters loaded from 'P:\MethodManagerWorkspaces\LM703\Configuration\Y Axis.xml'. HomeVelocity 20 mm/s, CountsPerMM 2000 cts/mm.
06/10/2019 10:14:26.9 [YL] Start Hall-based phase initialization.
06/10/2019 10:14:26.9 [YL] Phases initialized.
06/10/2019 10:14:27.1 [XL] Instruction Error Status: None
06/10/2019 10:14:27.1 [XL] Warp3 core version: 99103v1.0 (will support I/O).
06/10/2019 10:14:27.2 [XL] Configured as an enhanced Warp3 with I/O.
06/10/2019 10:14:27.2 [XL]   Inputs: False False False False False 
06/10/2019 10:14:27.2 [XL] Current IP communications rate is 10 mb.
06/10/2019 10:14:27.2 [XL] IP communications speed is currently set to 10 Mbps.
06/10/2019 10:14:27.3 [XL] Phase correction: disabled, prescale: 1, phase counts: 1905
06/10/2019 10:14:27.3 [XL] SetCurrentFoldbackAmps(6, 100) will set 13080 , 1083
06/10/2019 10:14:27.3 [XL] Configuration parameters loaded from 'P:\MethodManagerWorkspaces\LM703\Configuration\X Axis.xml'. HomeVelocity 20 mm/s, CountsPerMM 2000 cts/mm.
06/10/2019 10:14:27.5 [XL] Start Hall-based phase initialization.
06/10/2019 10:14:27.5 [XL] Phases initialized.
06/10/2019 10:14:28.9 [VVP96] VVP reported an initial error for the GetCommand SLAVE_CONFIG: Exception of type 'Seyonic.Dispenser.DispenserException' was thrown. (Inner exception: none)
06/10/2019 10:14:31.4 [ZL] Move to Positive limit. Velocity 20 mm/s, accel 40 mm/s2, decel 200 mm/s2, timeout 60 s.
06/10/2019 10:14:31.8 [ZL] Reached limit successfully.
06/10/2019 10:14:31.8 [ZL] Attempting to back off Positive limit.
06/10/2019 10:14:32.3 [ZL] Move off limit completion: Successful (OKReady).
06/10/2019 10:14:32.3 [ZL] Move to limit finished.
06/10/2019 10:14:32.3 [ZL] Establishing new 0 position for the old position 0.46 mm.
06/10/2019 10:14:32.4 [ZL] Timestamp of last successful home: 6/10/2019 10:14:32 AM
06/10/2019 10:14:32.6 [BarCodeZAxis] Move to Negative limit. Velocity 20 mm/s, accel 200 mm/s2, decel 350 mm/s2, timeout 60 s.
06/10/2019 10:14:33.0 [BarCodeZAxis] Reached limit successfully.
06/10/2019 10:14:33.0 [BarCodeZAxis] Attempting to back off Negative limit.
06/10/2019 10:14:33.5 [BarCodeZAxis] Move off limit completion: Successful (OKReady).
06/10/2019 10:14:33.5 [BarCodeZAxis] Move to limit finished.
06/10/2019 10:14:33.5 [BarCodeZAxis] Establishing new 0 position for the old position -0.01 mm.
06/10/2019 10:14:33.6 [BarCodeZAxis] Timestamp of last successful home: 6/10/2019 10:14:33 AM
06/10/2019 10:14:34.6 [YL] Move to Positive limit. Velocity 20 mm/s, accel 200 mm/s2, decel 1000 mm/s2, timeout 60 s.
06/10/2019 10:14:36.1 [YL] Reached limit successfully.
06/10/2019 10:14:36.1 [YL] Attempting to back off Positive limit.
06/10/2019 10:14:36.6 [YL] Move off limit completion: Successful (OKReady).
06/10/2019 10:14:36.6 [YL] Move to limit finished.
06/10/2019 10:14:36.7 [YL] Establishing new 0 position for the old position 19.65 mm.
06/10/2019 10:14:36.7 [YL] Timestamp of last successful home: 6/10/2019 10:14:36 AM
06/10/2019 10:14:36.9 [XL] Move to Positive limit. Velocity 20 mm/s, accel 200 mm/s2, decel 1000 mm/s2, timeout 60 s.
06/10/2019 10:14:37.9 [XL] Reached limit successfully.
06/10/2019 10:14:38.0 [XL] Attempting to back off Positive limit.
06/10/2019 10:14:38.4 [XL] Move off limit completion: Successful (OKReady).
06/10/2019 10:14:38.4 [XL] Move to limit finished.
06/10/2019 10:14:38.5 [XL] Establishing new 0 position for the old position 13.37 mm.
06/10/2019 10:14:38.5 [XL] Timestamp of last successful home: 6/10/2019 10:14:38 AM
06/10/2019 10:14:48.1 [ZL] Closing component connections for Warp 'ZL'.
06/10/2019 10:14:48.7 [ZL] Instruction Error Status: None
06/10/2019 10:14:48.7 [ZL] Warp3 core version: 99103v1.0 (will support I/O).
06/10/2019 10:14:48.7 [ZL] Configured as an enhanced Warp3 with I/O.
06/10/2019 10:14:48.7 [ZL]   Inputs: False False False False False 
06/10/2019 10:14:48.7 [ZL] Current IP communications rate is 10 mb.
06/10/2019 10:14:48.8 [ZL] IP communications speed is currently set to 10 Mbps.
06/10/2019 10:14:48.8 [ZL] Phase correction: disabled, prescale: 0, phase counts: 2000
06/10/2019 10:14:48.9 [ZL] SetCurrentFoldbackAmps(8, 20) will set 17440 , 216
06/10/2019 10:14:48.9 [ZL] Configuration parameters loaded from 'P:\MethodManagerWorkspaces\LM703\Configuration\Z Axis.xml'. HomeVelocity 20 mm/s, CountsPerMM 2571 cts/mm.
06/10/2019 10:14:49.1 [ZL] Start Hall-based phase initialization.
06/10/2019 10:14:49.1 [ZL] Phases initialized.
06/10/2019 10:14:49.1 [BarCodeZAxis] Closing component connections for Warp 'BarCodeZAxis'.
06/10/2019 10:14:49.6 [BarCodeZAxis] Instruction Error Status: None
06/10/2019 10:14:49.7 [BarCodeZAxis] Warp3 core version: 99103v1.0 (will support I/O).
06/10/2019 10:14:49.7 [BarCodeZAxis] Configured as an enhanced Warp3 with I/O.
06/10/2019 10:14:49.7 [BarCodeZAxis]   Inputs: False True False False False 
06/10/2019 10:14:49.7 [BarCodeZAxis] Current IP communications rate is 10 mb.
06/10/2019 10:14:49.7 [BarCodeZAxis] IP communications speed is currently set to 10 Mbps.
06/10/2019 10:14:49.8 [BarCodeZAxis] Phase correction: disabled, prescale: 0, phase counts: 2000
06/10/2019 10:14:49.9 [BarCodeZAxis] SetCurrentFoldbackAmps(2, 5) will set 4360 , 54
06/10/2019 10:14:49.9 [BarCodeZAxis] Configuration parameters loaded from 'P:\MethodManagerWorkspaces\LM703\Configuration\BarCode Z.xml'. HomeVelocity 20 mm/s, CountsPerMM 5538 cts/mm.
06/10/2019 10:14:50.1 [BarCodeZAxis] Start Hall-based phase initialization.
06/10/2019 10:14:50.1 [BarCodeZAxis] Phases initialized.
06/10/2019 10:14:50.1 [YL] Closing component connections for Warp 'YL'.
06/10/2019 10:14:50.6 [YL] Instruction Error Status: None
06/10/2019 10:14:50.7 [YL] Warp3 core version: 99103v1.0 (will support I/O).
06/10/2019 10:14:50.7 [YL] Configured as an enhanced Warp3 with I/O.
06/10/2019 10:14:50.7 [YL]   Inputs: False False False False False 
06/10/2019 10:14:50.7 [YL] Current IP communications rate is 10 mb.
06/10/2019 10:14:50.7 [YL] IP communications speed is currently set to 10 Mbps.
06/10/2019 10:14:50.8 [YL] Phase correction: disabled, prescale: 1, phase counts: 1905
06/10/2019 10:14:50.9 [YL] SetCurrentFoldbackAmps(6, 100) will set 13080 , 1083
06/10/2019 10:14:50.9 [YL] Configuration parameters loaded from 'P:\MethodManagerWorkspaces\LM703\Configuration\Y Axis.xml'. HomeVelocity 20 mm/s, CountsPerMM 2000 cts/mm.
06/10/2019 10:14:51.0 [YL] Start Hall-based phase initialization.
06/10/2019 10:14:51.1 [YL] Phases initialized.
06/10/2019 10:14:51.1 [XL] Closing component connections for Warp 'XL'.
06/10/2019 10:14:51.6 [XL] Instruction Error Status: None
06/10/2019 10:14:51.6 [XL] Warp3 core version: 99103v1.0 (will support I/O).
06/10/2019 10:14:51.7 [XL] Configured as an enhanced Warp3 with I/O.
06/10/2019 10:14:51.7 [XL]   Inputs: False False False False False 
06/10/2019 10:14:51.7 [XL] Current IP communications rate is 10 mb.
06/10/2019 10:14:51.7 [XL] IP communications speed is currently set to 10 Mbps.
06/10/2019 10:14:51.8 [XL] Phase correction: disabled, prescale: 1, phase counts: 1905
06/10/2019 10:14:51.9 [XL] SetCurrentFoldbackAmps(6, 100) will set 13080 , 1083
06/10/2019 10:14:51.9 [XL] Configuration parameters loaded from 'P:\MethodManagerWorkspaces\LM703\Configuration\X Axis.xml'. HomeVelocity 20 mm/s, CountsPerMM 2000 cts/mm.
06/10/2019 10:14:52.0 [XL] Start Hall-based phase initialization.
06/10/2019 10:14:52.1 [XL] Phases initialized.
06/10/2019 10:14:54.1 [VVP96] VVP reported an initial error for the GetCommand SLAVE_CONFIG: Exception of type 'Seyonic.Dispenser.DispenserException' was thrown. (Inner exception: none)
06/10/2019 10:14:56.6 [ZL] Move to Positive limit. Velocity 20 mm/s, accel 40 mm/s2, decel 200 mm/s2, timeout 60 s.
06/10/2019 10:14:57.0 [ZL] Reached limit successfully.
06/10/2019 10:14:57.0 [ZL] Attempting to back off Positive limit.
06/10/2019 10:14:57.5 [ZL] Move off limit completion: Successful (OKReady).
06/10/2019 10:14:57.5 [ZL] Move to limit finished.
06/10/2019 10:14:57.6 [ZL] Establishing new 0 position for the old position 0.00 mm.
06/10/2019 10:14:57.6 [ZL] Timestamp of last successful home: 6/10/2019 10:14:57 AM
06/10/2019 10:14:57.8 [BarCodeZAxis] Move to Negative limit. Velocity 20 mm/s, accel 200 mm/s2, decel 350 mm/s2, timeout 60 s.
06/10/2019 10:14:58.2 [BarCodeZAxis] Reached limit successfully.
06/10/2019 10:14:58.2 [BarCodeZAxis] Attempting to back off Negative limit.
06/10/2019 10:14:58.7 [BarCodeZAxis] Move off limit completion: Successful (OKReady).
06/10/2019 10:14:58.7 [BarCodeZAxis] Move to limit finished.
06/10/2019 10:14:58.8 [BarCodeZAxis] Establishing new 0 position for the old position 0.00 mm.
06/10/2019 10:14:58.8 [BarCodeZAxis] Timestamp of last successful home: 6/10/2019 10:14:58 AM
06/10/2019 10:14:59.9 [YL] Move to Positive limit. Velocity 20 mm/s, accel 200 mm/s2, decel 1000 mm/s2, timeout 60 s.
06/10/2019 10:15:00.8 [YL] Reached limit successfully.
06/10/2019 10:15:00.8 [YL] Attempting to back off Positive limit.
06/10/2019 10:15:01.2 [YL] Move off limit completion: Successful (OKReady).
06/10/2019 10:15:01.3 [YL] Move to limit finished.
06/10/2019 10:15:01.3 [YL] Establishing new 0 position for the old position 0.01 mm.
06/10/2019 10:15:01.4 [YL] Timestamp of last successful home: 6/10/2019 10:15:01 AM
06/10/2019 10:15:01.6 [XL] Move to Positive limit. Velocity 20 mm/s, accel 200 mm/s2, decel 1000 mm/s2, timeout 60 s.
06/10/2019 10:15:02.2 [XL] Reached limit successfully.
06/10/2019 10:15:02.2 [XL] Attempting to back off Positive limit.
06/10/2019 10:15:02.7 [XL] Move off limit completion: Successful (OKReady).
06/10/2019 10:15:02.7 [XL] Move to limit finished.
06/10/2019 10:15:02.8 [XL] Establishing new 0 position for the old position -0.03 mm.
06/10/2019 10:15:02.8 [XL] Timestamp of last successful home: 6/10/2019 10:15:02 AM
06/10/2019 10:15:39.7 [ZL] Closing component connections for Warp 'ZL'.
06/10/2019 10:15:40.2 [ZL] Instruction Error Status: None
06/10/2019 10:15:40.2 [ZL] Warp3 core version: 99103v1.0 (will support I/O).
06/10/2019 10:15:40.2 [ZL] Configured as an enhanced Warp3 with I/O.
06/10/2019 10:15:40.3 [ZL]   Inputs: False False False False False 
06/10/2019 10:15:40.3 [ZL] Current IP communications rate is 10 mb.
06/10/2019 10:15:40.3 [ZL] IP communications speed is currently set to 10 Mbps.
06/10/2019 10:15:40.4 [ZL] Phase correction: disabled, prescale: 0, phase counts: 2000
06/10/2019 10:15:40.5 [ZL] SetCurrentFoldbackAmps(8, 20) will set 17440 , 216
06/10/2019 10:15:40.5 [ZL] Configuration parameters loaded from 'P:\MethodManagerWorkspaces\LM703\Configuration\Z Axis.xml'. HomeVelocity 20 mm/s, CountsPerMM 2571 cts/mm.
06/10/2019 10:15:40.6 [ZL] Start Hall-based phase initialization.
06/10/2019 10:15:40.7 [ZL] Phases initialized.
06/10/2019 10:15:40.7 [BarCodeZAxis] Closing component connections for Warp 'BarCodeZAxis'.
06/10/2019 10:15:41.2 [BarCodeZAxis] Instruction Error Status: None
06/10/2019 10:15:41.3 [BarCodeZAxis] Warp3 core version: 99103v1.0 (will support I/O).
06/10/2019 10:15:41.3 [BarCodeZAxis] Configured as an enhanced Warp3 with I/O.
06/10/2019 10:15:41.3 [BarCodeZAxis]   Inputs: False True False False False 
06/10/2019 10:15:41.3 [BarCodeZAxis] Current IP communications rate is 10 mb.
06/10/2019 10:15:41.3 [BarCodeZAxis] IP communications speed is currently set to 10 Mbps.
06/10/2019 10:15:41.4 [BarCodeZAxis] Phase correction: disabled, prescale: 0, phase counts: 2000
06/10/2019 10:15:41.5 [BarCodeZAxis] SetCurrentFoldbackAmps(2, 5) will set 4360 , 54
06/10/2019 10:15:41.5 [BarCodeZAxis] Configuration parameters loaded from 'P:\MethodManagerWorkspaces\LM703\Configuration\BarCode Z.xml'. HomeVelocity 20 mm/s, CountsPerMM 5538 cts/mm.
06/10/2019 10:15:41.7 [BarCodeZAxis] Start Hall-based phase initialization.
06/10/2019 10:15:41.7 [BarCodeZAxis] Phases initialized.
06/10/2019 10:15:41.7 [YL] Closing component connections for Warp 'YL'.
06/10/2019 10:15:42.3 [YL] Instruction Error Status: None
06/10/2019 10:15:42.3 [YL] Warp3 core version: 99103v1.0 (will support I/O).
06/10/2019 10:15:42.3 [YL] Configured as an enhanced Warp3 with I/O.
06/10/2019 10:15:42.3 [YL]   Inputs: False False False False False 
06/10/2019 10:15:42.4 [YL] Current IP communications rate is 10 mb.
06/10/2019 10:15:42.4 [YL] IP communications speed is currently set to 10 Mbps.
06/10/2019 10:15:42.5 [YL] Phase correction: disabled, prescale: 1, phase counts: 1905
06/10/2019 10:15:42.5 [YL] SetCurrentFoldbackAmps(6, 100) will set 13080 , 1083
06/10/2019 10:15:42.5 [YL] Configuration parameters loaded from 'P:\MethodManagerWorkspaces\LM703\Configuration\Y Axis.xml'. HomeVelocity 20 mm/s, CountsPerMM 2000 cts/mm.
06/10/2019 10:15:42.7 [YL] Start Hall-based phase initialization.
06/10/2019 10:15:42.7 [YL] Phases initialized.
06/10/2019 10:15:42.8 [XL] Closing component connections for Warp 'XL'.
06/10/2019 10:15:43.3 [XL] Instruction Error Status: None
06/10/2019 10:15:43.3 [XL] Warp3 core version: 99103v1.0 (will support I/O).
06/10/2019 10:15:43.4 [XL] Configured as an enhanced Warp3 with I/O.
06/10/2019 10:15:43.4 [XL]   Inputs: False False False False False 
06/10/2019 10:15:43.4 [XL] Current IP communications rate is 10 mb.
06/10/2019 10:15:43.4 [XL] IP communications speed is currently set to 10 Mbps.
06/10/2019 10:15:43.5 [XL] Phase correction: disabled, prescale: 1, phase counts: 1905
06/10/2019 10:15:43.6 [XL] SetCurrentFoldbackAmps(6, 100) will set 13080 , 1083
06/10/2019 10:15:43.6 [XL] Configuration parameters loaded from 'P:\MethodManagerWorkspaces\LM703\Configuration\X Axis.xml'. HomeVelocity 20 mm/s, CountsPerMM 2000 cts/mm.
06/10/2019 10:15:43.8 [XL] Start Hall-based phase initialization.
06/10/2019 10:15:43.8 [XL] Phases initialized.
06/10/2019 10:15:45.8 [VVP96] VVP reported an initial error for the GetCommand SLAVE_CONFIG: Exception of type 'Seyonic.Dispenser.DispenserException' was thrown. (Inner exception: none)
06/10/2019 10:15:48.2 [ZL] Move to Positive limit. Velocity 20 mm/s, accel 40 mm/s2, decel 200 mm/s2, timeout 60 s.
06/10/2019 10:15:48.7 [ZL] Reached limit successfully.
06/10/2019 10:15:48.7 [ZL] Attempting to back off Positive limit.
06/10/2019 10:15:49.2 [ZL] Move off limit completion: Successful (OKReady).
06/10/2019 10:15:49.2 [ZL] Move to limit finished.
06/10/2019 10:15:49.3 [ZL] Establishing new 0 position for the old position 0.00 mm.
06/10/2019 10:15:49.3 [ZL] Timestamp of last successful home: 6/10/2019 10:15:49 AM
06/10/2019 10:15:49.5 [BarCodeZAxis] Move to Negative limit. Velocity 20 mm/s, accel 200 mm/s2, decel 350 mm/s2, timeout 60 s.
06/10/2019 10:15:50.0 [BarCodeZAxis] Reached limit successfully.
06/10/2019 10:15:50.0 [BarCodeZAxis] Attempting to back off Negative limit.
06/10/2019 10:15:50.5 [BarCodeZAxis] Move off limit completion: Successful (OKReady).
06/10/2019 10:15:50.5 [BarCodeZAxis] Move to limit finished.
06/10/2019 10:15:50.5 [BarCodeZAxis] Establishing new 0 position for the old position 0.00 mm.
06/10/2019 10:15:50.6 [BarCodeZAxis] Timestamp of last successful home: 6/10/2019 10:15:50 AM
06/10/2019 10:15:51.7 [YL] Move to Positive limit. Velocity 20 mm/s, accel 200 mm/s2, decel 1000 mm/s2, timeout 60 s.
06/10/2019 10:15:52.5 [YL] Reached limit successfully.
06/10/2019 10:15:52.5 [YL] Attempting to back off Positive limit.
06/10/2019 10:15:53.0 [YL] Move off limit completion: Successful (OKReady).
06/10/2019 10:15:53.0 [YL] Move to limit finished.
06/10/2019 10:15:53.1 [YL] Establishing new 0 position for the old position 0.04 mm.
06/10/2019 10:15:53.1 [YL] Timestamp of last successful home: 6/10/2019 10:15:53 AM
06/10/2019 10:15:53.3 [XL] Move to Positive limit. Velocity 20 mm/s, accel 200 mm/s2, decel 1000 mm/s2, timeout 60 s.
06/10/2019 10:15:54.0 [XL] Reached limit successfully.
06/10/2019 10:15:54.0 [XL] Attempting to back off Positive limit.
06/10/2019 10:15:54.5 [XL] Move off limit completion: Successful (OKReady).
06/10/2019 10:15:54.5 [XL] Move to limit finished.
06/10/2019 10:15:54.6 [XL] Establishing new 0 position for the old position 0.01 mm.
06/10/2019 10:15:54.6 [XL] Timestamp of last successful home: 6/10/2019 10:15:54 AM
[User] Step.
06/10/2019 10:16:28.0 Process 'ChipLoad_150uL.met' MethodStarted
06/10/2019 10:16:28.0 Process 'ChipLoad_150uL.met'[7] 'Eject Tips(VVP96)' CommandStarted
06/10/2019 10:16:28.0 [Lynx.Eject Tips(VVP96).VVP96] Plate 'LXB-96-150F_01', column/row offset (0, 0), X/Y offset (0.00 mm,0.00 mm), height: 10.00 mm.
06/10/2019 10:16:28.0 [Lynx.Eject Tips(VVP96).VVP96] No current tip.
06/10/2019 10:16:28.0 [Lynx.Eject Tips(VVP96).VVP96] Plate is at location 'Loc_07' (-146.45 mm, -14.68 mm, -172.99 mm) with a stack index of 1.
06/10/2019 10:16:28.0 Process 'ChipLoad_150uL.met'[7] 'Eject Tips(VVP96)' CommandFailed
06/10/2019 10:16:31.3 Process 'ChipLoad_150uL.met' MethodCompleted, A 'Eject Tips(VVP96)' command has a logic or parameter error
0 of 1 method(s) completed successfully.
  Concurrent method 'Main' (Main) started at 06/10/2019 10:16:28.0 and terminated at 06/10/2019 10:16:31.3
    Terminate reason:CommandError
    Command 'Eject Tips(VVP96)', line 7, was interrupted due to Command 'Eject Tips(VVP96)' requires a valid tip type

[User] Step.
06/10/2019 10:16:47.5 Process 'ChipLoad_150uL.met' MethodStarted
06/10/2019 10:16:47.5 Process 'ChipLoad_150uL.met'[7] 'Set Tip Type(VVP96)' CommandStarted
06/10/2019 10:16:47.5 [Lynx.Set Tip Type(VVP96).VVP96] Time to complete: 0 s.
06/10/2019 10:16:47.5 Process 'ChipLoad_150uL.met'[7] 'Set Tip Type(VVP96)' CommandCompleted
06/10/2019 10:16:47.5 Process 'ChipLoad_150uL.met' MethodCompleted
1 of 1 method(s) completed successfully.
  Concurrent method 'Main' (Main) started at 06/10/2019 10:16:47.5 and finished at 06/10/2019 10:16:47.5

[User] Step.
06/10/2019 10:16:56.5 Process 'ChipLoad_150uL.met' MethodStarted
06/10/2019 10:16:56.5 Process 'ChipLoad_150uL.met'[7] 'Set Tip Type(VVP96)' CommandStarted
06/10/2019 10:16:56.6 [Lynx.Set Tip Type(VVP96).VVP96] Time to complete: 0 s.
06/10/2019 10:16:56.6 Process 'ChipLoad_150uL.met'[7] 'Set Tip Type(VVP96)' CommandCompleted
06/10/2019 10:16:56.6 Process 'ChipLoad_150uL.met' MethodCompleted
1 of 1 method(s) completed successfully.
  Concurrent method 'Main' (Main) started at 06/10/2019 10:16:56.5 and finished at 06/10/2019 10:16:56.6

[User] Step.
06/10/2019 10:16:58.2 Process 'ChipLoad_150uL.met' MethodStarted
06/10/2019 10:16:58.2 Process 'ChipLoad_150uL.met'[8] 'Eject Tips(VVP96)' CommandStarted
06/10/2019 10:16:58.2 [Lynx.Eject Tips(VVP96).VVP96] Plate 'LXB-96-150F_01', column/row offset (0, 0), X/Y offset (0.00 mm,0.00 mm), height: 10.00 mm.
06/10/2019 10:16:58.2 [Lynx.Eject Tips(VVP96).VVP96] Current tip 'LXB-96-150F'.
06/10/2019 10:16:58.2 [Lynx.Eject Tips(VVP96).VVP96] Plate is at location 'Loc_07' (-146.45 mm, -14.68 mm, -172.99 mm) with a stack index of 1.
06/10/2019 10:16:58.2 [Lynx.Eject Tips(VVP96).VVP96] Initial robot X/Y/ZStart/ZEnd coordinates: -160.83 mm, -3.44 mm, -2.00 mm, -105.99 mm, using motion profile 'Tip Eject'.
06/10/2019 10:16:58.2 [Lynx.Eject Tips(VVP96).VVP96] Initial axis positions:'XL' -0.05 mm, 'YL' -0.03 mm, 'ZL' 0.00 mm
06/10/2019 10:17:03.6 [VVP96] Tip ejection performed 2 times.
06/10/2019 10:17:05.1 [Lynx.Eject Tips(VVP96).VVP96] No current tip.
06/10/2019 10:17:05.1 [Lynx.Eject Tips(VVP96).VVP96] Time to complete: 6 s.
06/10/2019 10:17:05.1 Process 'ChipLoad_150uL.met'[8] 'Eject Tips(VVP96)' CommandCompleted
06/10/2019 10:17:05.1 Process 'ChipLoad_150uL.met' MethodCompleted
1 of 1 method(s) completed successfully.
  Concurrent method 'Main' (Main) started at 06/10/2019 10:16:58.2 and finished at 06/10/2019 10:17:05.1

06/10/2019 10:17:06.8 [ZL] Closing component connections for Warp 'ZL'.
06/10/2019 10:17:07.4 [ZL] Instruction Error Status: None
06/10/2019 10:17:07.4 [ZL] Warp3 core version: 99103v1.0 (will support I/O).
06/10/2019 10:17:07.4 [ZL] Configured as an enhanced Warp3 with I/O.
06/10/2019 10:17:07.4 [ZL]   Inputs: False False False False False 
06/10/2019 10:17:07.4 [ZL] Current IP communications rate is 10 mb.
06/10/2019 10:17:07.4 [ZL] IP communications speed is currently set to 10 Mbps.
06/10/2019 10:17:07.5 [ZL] Phase correction: disabled, prescale: 0, phase counts: 2000
06/10/2019 10:17:07.6 [ZL] SetCurrentFoldbackAmps(8, 20) will set 17440 , 216
06/10/2019 10:17:07.6 [ZL] Configuration parameters loaded from 'P:\MethodManagerWorkspaces\LM703\Configuration\Z Axis.xml'. HomeVelocity 20 mm/s, CountsPerMM 2571 cts/mm.
06/10/2019 10:17:07.7 [ZL] Start Hall-based phase initialization.
06/10/2019 10:17:07.7 [ZL] Phases initialized.
06/10/2019 10:17:07.8 [BarCodeZAxis] Closing component connections for Warp 'BarCodeZAxis'.
06/10/2019 10:17:08.3 [BarCodeZAxis] Instruction Error Status: None
06/10/2019 10:17:08.3 [BarCodeZAxis] Warp3 core version: 99103v1.0 (will support I/O).
06/10/2019 10:17:08.3 [BarCodeZAxis] Configured as an enhanced Warp3 with I/O.
06/10/2019 10:17:08.3 [BarCodeZAxis]   Inputs: False True False False False 
06/10/2019 10:17:08.4 [BarCodeZAxis] Current IP communications rate is 10 mb.
06/10/2019 10:17:08.4 [BarCodeZAxis] IP communications speed is currently set to 10 Mbps.
06/10/2019 10:17:08.5 [BarCodeZAxis] Phase correction: disabled, prescale: 0, phase counts: 2000
06/10/2019 10:17:08.5 [BarCodeZAxis] SetCurrentFoldbackAmps(2, 5) will set 4360 , 54
06/10/2019 10:17:08.5 [BarCodeZAxis] Configuration parameters loaded from 'P:\MethodManagerWorkspaces\LM703\Configuration\BarCode Z.xml'. HomeVelocity 20 mm/s, CountsPerMM 5538 cts/mm.
06/10/2019 10:17:08.6 [BarCodeZAxis] Start Hall-based phase initialization.
06/10/2019 10:17:08.7 [BarCodeZAxis] Phases initialized.
06/10/2019 10:17:08.7 [YL] Closing component connections for Warp 'YL'.
06/10/2019 10:17:09.2 [YL] Instruction Error Status: None
06/10/2019 10:17:09.2 [YL] Warp3 core version: 99103v1.0 (will support I/O).
06/10/2019 10:17:09.3 [YL] Configured as an enhanced Warp3 with I/O.
06/10/2019 10:17:09.3 [YL]   Inputs: False False False False False 
06/10/2019 10:17:09.3 [YL] Current IP communications rate is 10 mb.
06/10/2019 10:17:09.3 [YL] IP communications speed is currently set to 10 Mbps.
06/10/2019 10:17:09.4 [YL] Phase correction: disabled, prescale: 1, phase counts: 1905
06/10/2019 10:17:09.4 [YL] SetCurrentFoldbackAmps(6, 100) will set 13080 , 1083
06/10/2019 10:17:09.4 [YL] Configuration parameters loaded from 'P:\MethodManagerWorkspaces\LM703\Configuration\Y Axis.xml'. HomeVelocity 20 mm/s, CountsPerMM 2000 cts/mm.
06/10/2019 10:17:09.6 [YL] Start Hall-based phase initialization.
06/10/2019 10:17:09.6 [YL] Phases initialized.
06/10/2019 10:17:09.6 [XL] Closing component connections for Warp 'XL'.
06/10/2019 10:17:10.2 [XL] Instruction Error Status: None
06/10/2019 10:17:10.2 [XL] Warp3 core version: 99103v1.0 (will support I/O).
06/10/2019 10:17:10.2 [XL] Configured as an enhanced Warp3 with I/O.
06/10/2019 10:17:10.2 [XL]   Inputs: False False False False False 
06/10/2019 10:17:10.2 [XL] Current IP communications rate is 10 mb.
06/10/2019 10:17:10.2 [XL] IP communications speed is currently set to 10 Mbps.
06/10/2019 10:17:10.3 [XL] Phase correction: disabled, prescale: 1, phase counts: 1905
06/10/2019 10:17:10.4 [XL] SetCurrentFoldbackAmps(6, 100) will set 13080 , 1083
06/10/2019 10:17:10.4 [XL] Configuration parameters loaded from 'P:\MethodManagerWorkspaces\LM703\Configuration\X Axis.xml'. HomeVelocity 20 mm/s, CountsPerMM 2000 cts/mm.
06/10/2019 10:17:10.5 [XL] Start Hall-based phase initialization.
06/10/2019 10:17:10.6 [XL] Phases initialized.
06/10/2019 10:17:12.5 [VVP96] VVP reported an initial error for the GetCommand SLAVE_CONFIG: Exception of type 'Seyonic.Dispenser.DispenserException' was thrown. (Inner exception: none)
06/10/2019 10:17:14.9 [ZL] Move to Positive limit. Velocity 20 mm/s, accel 40 mm/s2, decel 200 mm/s2, timeout 60 s.
06/10/2019 10:17:15.8 [ZL] Reached limit successfully.
06/10/2019 10:17:15.8 [ZL] Attempting to back off Positive limit.
06/10/2019 10:17:16.5 [ZL] Move off limit completion: Successful (OKReady).
06/10/2019 10:17:16.5 [ZL] Move to limit finished.
06/10/2019 10:17:16.5 [ZL] Establishing new 0 position for the old position 0.00 mm.
06/10/2019 10:17:16.6 [ZL] Timestamp of last successful home: 6/10/2019 10:17:16 AM
06/10/2019 10:17:16.8 [BarCodeZAxis] Move to Negative limit. Velocity 20 mm/s, accel 200 mm/s2, decel 350 mm/s2, timeout 60 s.
06/10/2019 10:17:17.2 [BarCodeZAxis] Reached limit successfully.
06/10/2019 10:17:17.2 [BarCodeZAxis] Attempting to back off Negative limit.
06/10/2019 10:17:17.7 [BarCodeZAxis] Move off limit completion: Successful (OKReady).
06/10/2019 10:17:17.7 [BarCodeZAxis] Move to limit finished.
06/10/2019 10:17:17.7 [BarCodeZAxis] Establishing new 0 position for the old position 0.00 mm.
06/10/2019 10:17:17.8 [BarCodeZAxis] Timestamp of last successful home: 6/10/2019 10:17:17 AM
06/10/2019 10:17:18.9 [YL] Move to Positive limit. Velocity 20 mm/s, accel 200 mm/s2, decel 1000 mm/s2, timeout 60 s.
06/10/2019 10:17:19.6 [YL] Reached limit successfully.
06/10/2019 10:17:19.6 [YL] Attempting to back off Positive limit.
06/10/2019 10:17:20.0 [YL] Move off limit completion: Successful (OKReady).
06/10/2019 10:17:20.1 [YL] Move to limit finished.
06/10/2019 10:17:20.1 [YL] Establishing new 0 position for the old position 0.00 mm.
06/10/2019 10:17:20.2 [YL] Timestamp of last successful home: 6/10/2019 10:17:20 AM
06/10/2019 10:17:20.3 [XL] Move to Positive limit. Velocity 20 mm/s, accel 200 mm/s2, decel 1000 mm/s2, timeout 60 s.
06/10/2019 10:17:28.6 [XL] Reached limit successfully.
06/10/2019 10:17:28.6 [XL] Attempting to back off Positive limit.
06/10/2019 10:17:29.1 [XL] Move off limit completion: Successful (OKReady).
06/10/2019 10:17:29.1 [XL] Move to limit finished.
06/10/2019 10:17:29.1 [XL] Establishing new 0 position for the old position 0.07 mm.
06/10/2019 10:17:29.2 [XL] Timestamp of last successful home: 6/10/2019 10:17:29 AM
06/10/2019 10:17:44.7 [YL] Closing component connections for Warp 'YL'.
06/10/2019 10:17:45.2 [YL] Instruction Error Status: None
06/10/2019 10:17:45.2 [YL] Warp3 core version: 99103v1.0 (will support I/O).
06/10/2019 10:17:45.2 [YL] Configured as an enhanced Warp3 with I/O.
06/10/2019 10:17:45.3 [YL]   Inputs: False False False False False 
06/10/2019 10:17:45.3 [YL] Current IP communications rate is 10 mb.
06/10/2019 10:17:45.3 [YL] IP communications speed is currently set to 10 Mbps.
06/10/2019 10:17:45.4 [YL] Phase correction: disabled, prescale: 1, phase counts: 1905
06/10/2019 10:17:45.4 [YL] SetCurrentFoldbackAmps(6, 100) will set 13080 , 1083
06/10/2019 10:17:45.5 [YL] Configuration parameters loaded from 'P:\MethodManagerWorkspaces\LM703\Configuration\Y Axis.xml'. HomeVelocity 20 mm/s, CountsPerMM 2000 cts/mm.
06/10/2019 10:17:45.6 [YL] Start Hall-based phase initialization.
06/10/2019 10:17:45.6 [YL] Phases initialized.
06/10/2019 10:17:45.7 [XL] Closing component connections for Warp 'XL'.
06/10/2019 10:17:46.2 [XL] Instruction Error Status: None
06/10/2019 10:17:46.2 [XL] Warp3 core version: 99103v1.0 (will support I/O).
06/10/2019 10:17:46.2 [XL] Configured as an enhanced Warp3 with I/O.
06/10/2019 10:17:46.3 [XL]   Inputs: False False False False False 
06/10/2019 10:17:46.3 [XL] Current IP communications rate is 10 mb.
06/10/2019 10:17:46.3 [XL] IP communications speed is currently set to 10 Mbps.
06/10/2019 10:17:46.4 [XL] Phase correction: disabled, prescale: 1, phase counts: 1905
06/10/2019 10:17:46.4 [XL] SetCurrentFoldbackAmps(6, 100) will set 13080 , 1083
06/10/2019 10:17:46.5 [XL] Configuration parameters loaded from 'P:\MethodManagerWorkspaces\LM703\Configuration\X Axis.xml'. HomeVelocity 20 mm/s, CountsPerMM 2000 cts/mm.
06/10/2019 10:17:46.6 [XL] Start Hall-based phase initialization.
06/10/2019 10:17:46.6 [XL] Phases initialized.
06/10/2019 10:17:48.7 [VVP96] VVP reported an initial error for the GetCommand SLAVE_CONFIG: Exception of type 'Seyonic.Dispenser.DispenserException' was thrown. (Inner exception: none)
