Workspace 'LM703' modules...
  MethodManagerV4   1.4.6666.27655
  MMCoreDevice   1.4.6666.27650
  MMLiquidHandler   1.4.6666.26302
  Warp3   2.0.6591.13866
  MMVVP   1.4.6666.26303
  MMIOLightTower   1.4.6666.26303
  MMHeadGripper   1.3.6591.14013
The pipette tool 'VVP96' has mandrel type 'MLV' and can load the following tip types:
   Tip type 'LXB-96-150F', loading depth 9.4 mm, Id: baf0d489-a29c-4899-844e-44fbdc6c2c49.
   Tip type 'LXB-96-200NF', loading depth 9.4 mm, Id: 095daefc-e866-4d91-906f-cc7e17eaf3f6.
   Tip type 'LXB-96-300F', loading depth 10.4 mm, Id: d2f37554-e0d6-41ea-8f3d-101c68af7e40.
   Tip type 'LXB-96-300NF', loading depth 10.4 mm, Id: 423ec1e5-0ccf-4946-a441-905f3c9e1fd9.
   Tip type 'LXB-96-950F', loading depth 28.6 mm, Id: 497625a6-73fc-4433-95df-636ceecdc818.
   Tip type 'LXB-96-950F-WB', loading depth 28.6 mm, Id: ca3988bc-a34d-4ad7-ba77-93a37e8cba6d.
   Tip type 'LXB-96-1250NF', loading depth 28.6 mm, Id: 13ba07a3-d5cb-4a96-9ab8-1d418fc383d6.
09/11/2018 18:46:34.9 The command server is monitoring the workspace 'LM703' and is available on 172.18.3.53/1000
09/11/2018 18:46:40.3 [ZL] Instruction Error Status: None
09/11/2018 18:46:40.4 [ZL] Warp3 core version: 99103v1.0 (will support I/O).
09/11/2018 18:46:40.4 [ZL] Configured as an enhanced Warp3 with I/O.
09/11/2018 18:46:40.4 [ZL]   Inputs: False False False False False 
09/11/2018 18:46:40.4 [ZL] Current IP communications rate is 10 mb.
09/11/2018 18:46:40.4 [ZL] IP communications speed is currently set to 10 Mbps.
09/11/2018 18:46:40.5 [ZL] Phase correction: disabled, prescale: 0, phase counts: 2000
09/11/2018 18:46:40.6 [ZL] SetCurrentFoldbackAmps(8, 20) will set 17440 , 216
09/11/2018 18:46:40.6 [ZL] Configuration parameters loaded from 'C:\MethodManager4\Workspaces\LM703\Configuration\Z Axis.xml'. HomeVelocity 20 mm/s, CountsPerMM 2571 cts/mm.
09/11/2018 18:46:40.7 [ZL] Start Hall-based phase initialization.
09/11/2018 18:46:40.8 [ZL] Phases initialized.
09/11/2018 18:46:40.8 [BarCodeZAxis] Instruction Error Status: None
09/11/2018 18:46:40.8 [BarCodeZAxis] Warp3 core version: 99103v1.0 (will support I/O).
09/11/2018 18:46:40.8 [BarCodeZAxis] Configured as an enhanced Warp3 with I/O.
09/11/2018 18:46:40.9 [BarCodeZAxis]   Inputs: False True False False False 
09/11/2018 18:46:40.9 [BarCodeZAxis] Current IP communications rate is 10 mb.
09/11/2018 18:46:40.9 [BarCodeZAxis] IP communications speed is currently set to 10 Mbps.
09/11/2018 18:46:41.0 [BarCodeZAxis] Phase correction: disabled, prescale: 0, phase counts: 2000
09/11/2018 18:46:41.0 [BarCodeZAxis] SetCurrentFoldbackAmps(2, 5) will set 4360 , 54
09/11/2018 18:46:41.0 [BarCodeZAxis] Configuration parameters loaded from 'C:\MethodManager4\Workspaces\LM703\Configuration\BarCode Z.xml'. HomeVelocity 20 mm/s, CountsPerMM 5538 cts/mm.
09/11/2018 18:46:41.2 [BarCodeZAxis] Start Hall-based phase initialization.
09/11/2018 18:46:41.2 [BarCodeZAxis] Phases initialized.
09/11/2018 18:46:41.2 [YL] Instruction Error Status: None
09/11/2018 18:46:41.2 [YL] Warp3 core version: 99103v1.0 (will support I/O).
09/11/2018 18:46:41.2 [YL] Configured as an enhanced Warp3 with I/O.
09/11/2018 18:46:41.3 [YL]   Inputs: False False False False False 
09/11/2018 18:46:41.3 [YL] Current IP communications rate is 10 mb.
09/11/2018 18:46:41.3 [YL] IP communications speed is currently set to 10 Mbps.
09/11/2018 18:46:41.4 [YL] Phase correction: disabled, prescale: 1, phase counts: 1905
09/11/2018 18:46:41.4 [YL] SetCurrentFoldbackAmps(6, 100) will set 13080 , 1083
09/11/2018 18:46:41.4 [YL] Configuration parameters loaded from 'C:\MethodManager4\Workspaces\LM703\Configuration\Y Axis.xml'. HomeVelocity 20 mm/s, CountsPerMM 2000 cts/mm.
09/11/2018 18:46:41.6 [YL] Start Hall-based phase initialization.
09/11/2018 18:46:41.6 [YL] Phases initialized.
09/11/2018 18:46:41.6 [XL] Instruction Error Status: None
09/11/2018 18:46:41.6 [XL] Warp3 core version: 99103v1.0 (will support I/O).
09/11/2018 18:46:41.6 [XL] Configured as an enhanced Warp3 with I/O.
09/11/2018 18:46:41.7 [XL]   Inputs: False False False False False 
09/11/2018 18:46:41.7 [XL] Current IP communications rate is 10 mb.
09/11/2018 18:46:41.7 [XL] IP communications speed is currently set to 10 Mbps.
09/11/2018 18:46:41.8 [XL] Phase correction: disabled, prescale: 1, phase counts: 1905
09/11/2018 18:46:41.8 [XL] SetCurrentFoldbackAmps(6, 100) will set 13080 , 1083
09/11/2018 18:46:41.8 [XL] Configuration parameters loaded from 'C:\MethodManager4\Workspaces\LM703\Configuration\X Axis.xml'. HomeVelocity 20 mm/s, CountsPerMM 2000 cts/mm.
09/11/2018 18:46:42.0 [XL] Start Hall-based phase initialization.
09/11/2018 18:46:42.0 [XL] Phases initialized.
09/11/2018 18:46:43.9 [VVP96] Get VVP: command 'Aspirate Diagnostics' from 96 channels.
09/11/2018 18:46:44.1 [ZL] Move to Positive limit. Velocity 20 mm/s, accel 40 mm/s2, decel 200 mm/s2, timeout 60 s.
09/11/2018 18:46:44.7 [ZL] Reached limit successfully.
09/11/2018 18:46:44.7 [ZL] Attempting to back off Positive limit.
09/11/2018 18:46:45.3 [ZL] Move off limit completion: Successful (OKReady).
09/11/2018 18:46:45.4 [ZL] Move to limit finished.
09/11/2018 18:46:45.4 [ZL] Establishing new 0 position for the old position 0.00 mm.
09/11/2018 18:46:45.5 [ZL] Timestamp of last successful home: 9/11/2018 6:46:45 PM
09/11/2018 18:46:45.6 [BarCodeZAxis] Move to Negative limit. Velocity 20 mm/s, accel 200 mm/s2, decel 350 mm/s2, timeout 60 s.
09/11/2018 18:46:46.1 [BarCodeZAxis] Reached limit successfully.
09/11/2018 18:46:46.1 [BarCodeZAxis] Attempting to back off Negative limit.
09/11/2018 18:46:46.5 [BarCodeZAxis] Move off limit completion: Successful (OKReady).
09/11/2018 18:46:46.6 [BarCodeZAxis] Move to limit finished.
09/11/2018 18:46:46.6 [BarCodeZAxis] Establishing new 0 position for the old position 0.00 mm.
09/11/2018 18:46:46.7 [BarCodeZAxis] Timestamp of last successful home: 9/11/2018 6:46:46 PM
09/11/2018 18:46:50.8 [YL] Move to Positive limit. Velocity 20 mm/s, accel 200 mm/s2, decel 1000 mm/s2, timeout 60 s.
09/11/2018 18:47:07.0 [YL] Reached limit successfully.
09/11/2018 18:47:07.0 [YL] Attempting to back off Positive limit.
09/11/2018 18:47:07.4 [YL] Move off limit completion: Successful (OKReady).
09/11/2018 18:47:07.5 [YL] Move to limit finished.
09/11/2018 18:47:07.5 [YL] Establishing new 0 position for the old position -0.01 mm.
09/11/2018 18:47:07.6 [YL] Timestamp of last successful home: 9/11/2018 6:47:07 PM
09/11/2018 18:47:07.8 [XL] Move to Positive limit. Velocity 20 mm/s, accel 200 mm/s2, decel 1000 mm/s2, timeout 60 s.
09/11/2018 18:47:16.2 [XL] Reached limit successfully.
09/11/2018 18:47:16.2 [XL] Attempting to back off Positive limit.
09/11/2018 18:47:16.7 [XL] Move off limit completion: Successful (OKReady).
09/11/2018 18:47:16.7 [XL] Move to limit finished.
09/11/2018 18:47:16.7 [XL] Establishing new 0 position for the old position -0.10 mm.
09/11/2018 18:47:16.8 [XL] Timestamp of last successful home: 9/11/2018 6:47:16 PM
[User] Step.
09/11/2018 18:48:21.4 Process 'NormAndStamp.met' MethodStarted
09/11/2018 18:48:21.5 Process 'NormAndStamp.met'[1] 'Load Tips(VVP96)' CommandStarted
09/11/2018 18:48:21.5 [Lynx.Load Tips(VVP96).VVP96] Plate 'LXB-96-300F_01', column/row offset (0, 0), X/Y offset (0.00 mm,0.00 mm), height: 0.00 mm.
09/11/2018 18:48:21.5 [Lynx.Load Tips(VVP96).VVP96] No current tip.
09/11/2018 18:48:21.5 [Lynx.Load Tips(VVP96).VVP96] Tip loading depth for tip type 'LXB-96-300F' is 10.4 mm.
09/11/2018 18:48:21.5 [Lynx.Load Tips(VVP96).VVP96] Plate is at location 'Loc_09' (-145.89 mm, -222.91 mm, -174.56 mm) with a stack index of 1.
09/11/2018 18:48:21.5 [Lynx.Load Tips(VVP96).VVP96] Tip loading height adjustment is 0.0 mm and Z axis force limit is 30% of full power.
09/11/2018 18:48:21.5 [Lynx.Load Tips(VVP96).VVP96] Tip loading Z error limit will be 10.0 mm, XY error window will be 50.0 mm, and the XY axis holding force fraction will be 20%
09/11/2018 18:48:21.5 [Lynx.Load Tips(VVP96).VVP96] Initial robot X/Y/ZStart/ZEnd coordinates: -160.27 mm, -211.67 mm, -2.00 mm, -123.46 mm, using motion profile 'Tip Load'.
09/11/2018 18:48:21.5 [Lynx.Load Tips(VVP96).VVP96] Initial axis positions:'XL' -0.06 mm, 'YL' -0.05 mm, 'ZL' 0.00 mm
09/11/2018 18:48:24.6 [XL] Relative motor limit setting 20.0%, changing limit from 100.0% to 20.0%
09/11/2018 18:48:24.7 [YL] Relative motor limit setting 20.0%, changing limit from 70.0% to 14.0%
09/11/2018 18:48:27.2 [Lynx.Load Tips(VVP96).VVP96] Maximum recorded tip load values: Position error 1.9 mm, motor current 13.7 %
09/11/2018 18:48:27.3 [Lynx.Load Tips(VVP96).VVP96] Tip load Z-axis motion complete.
09/11/2018 18:48:27.3 [Lynx.Load Tips(VVP96).VVP96] Tip load position errors for X/Y/Z: -0.10 mm, 0.34 mm, -1.91 mm
09/11/2018 18:48:27.5 [ZL] Absolute motor limit setting 24.0%, changing limit from 30.0% to 24.0%
09/11/2018 18:48:27.6 [ZL] Absolute motor limit setting 18.0%, changing limit from 24.0% to 18.0%
09/11/2018 18:48:27.7 [ZL] Absolute motor limit setting 12.0%, changing limit from 18.0% to 12.0%
09/11/2018 18:48:27.8 [ZL] Absolute motor limit setting 6.0%, changing limit from 12.0% to 6.0%
09/11/2018 18:48:28.0 [ZL] Relative motor limit setting 100.0%, changing limit from 6.0% to 30.0%
09/11/2018 18:48:29.7 [XL] Relative motor limit setting 100.0%, changing limit from 20.0% to 100.0%
09/11/2018 18:48:29.7 [YL] Relative motor limit setting 100.0%, changing limit from 14.0% to 70.0%
09/11/2018 18:48:29.7 [Lynx.Load Tips(VVP96).VVP96] Final axis positions:'XL' -160.24 mm, 'YL' -211.68 mm, 'ZL' -2.02 mm
09/11/2018 18:48:29.7 [Lynx.Load Tips(VVP96).VVP96] Current tip 'LXB-96-300F'.
09/11/2018 18:48:29.7 [Lynx.Load Tips(VVP96).VVP96] Time to complete: 8 s.
09/11/2018 18:48:29.7 Process 'NormAndStamp.met'[1] 'Load Tips(VVP96)' CommandCompleted
09/11/2018 18:48:29.7 Process 'NormAndStamp.met' MethodCompleted
1 of 1 method(s) completed successfully.
  Concurrent method 'Main' (Main) started at 09/11/2018 18:48:21.4 and finished at 09/11/2018 18:48:29.7

09/11/2018 18:50:35.5 [Lynx.Move Axis] Move axes: 'ZL' to -2.00 mm
09/11/2018 18:50:35.6 [Lynx.Move Axis] Time to complete: 0 s.
09/11/2018 18:50:35.7 [Lynx.Move Axis] Move axes: 'XL' to -160.44 mm, 'YL' to -107.19 mm
09/11/2018 18:50:40.4 [Lynx.Move Axis] Time to complete: 4 s.
09/11/2018 18:50:43.9 [Lynx.Move Axis] Move axes: 'ZL' to -77.71 mm
09/11/2018 18:50:47.4 [Lynx.Move Axis] Time to complete: 3 s.
09/11/2018 18:51:01.3 [ZL] StopMotion flag is active in WaitReady.
09/11/2018 18:51:01.3 [ZL] StopMotion flag is active in WaitReady.
09/11/2018 18:51:03.4 [ZL] StopMotion flag is active in WaitReady.
09/11/2018 18:51:03.5 [ZL] StopMotion flag is active in WaitReady.
09/11/2018 18:51:08.8 [ZL] StopMotion flag is active in WaitReady.
09/11/2018 18:51:08.9 [ZL] StopMotion flag is active in WaitReady.
09/11/2018 18:51:15.3 [ZL] StopMotion flag is active in WaitReady.
09/11/2018 18:51:15.4 [ZL] StopMotion flag is active in WaitReady.
09/11/2018 18:51:44.5 [ZL] StopMotion flag is active in WaitReady.
09/11/2018 18:51:44.5 [ZL] StopMotion flag is active in WaitReady.
09/11/2018 18:51:45.6 [ZL] StopMotion flag is active in WaitReady.
09/11/2018 18:51:45.7 [ZL] StopMotion flag is active in WaitReady.
09/11/2018 18:52:38.2 [Lynx.Move Axis] Move axes: 'ZL' to -2.00 mm
09/11/2018 18:54:33.1 [Lynx.Move Axis] Time to complete: 114 s.
09/11/2018 18:54:33.2 [Lynx.Move Axis] Move axes: 'XL' to -160.44 mm, 'YL' to -107.19 mm
09/11/2018 18:54:33.7 [Lynx.Move Axis] Time to complete: 0 s.
09/11/2018 18:54:37.3 [Lynx.Move Axis] Move axes: 'ZL' to -77.71 mm
09/11/2018 18:55:46.8 [Lynx.Move Axis] Move axes: 'ZL' to -2.00 mm
09/11/2018 18:55:49.1 [Lynx.Move Axis] Time to complete: 2 s.
09/11/2018 18:55:49.2 [Lynx.Move Axis] Move axes: 'XL' to -160.44 mm, 'YL' to -107.19 mm
09/11/2018 18:55:49.3 [Lynx.Move Axis] Time to complete: 0 s.
09/11/2018 18:55:51.7 [Lynx.Move Axis] Move axes: 'ZL' to -77.71 mm
09/11/2018 18:55:55.2 [Lynx.Move Axis] Time to complete: 3 s.
09/11/2018 18:56:00.1 [ZL] StopMotion flag is active in WaitReady.
09/11/2018 18:56:00.2 [ZL] StopMotion flag is active in WaitReady.
09/11/2018 18:56:04.9 [ZL] StopMotion flag is active in WaitReady.
09/11/2018 18:56:04.9 [ZL] StopMotion flag is active in WaitReady.
09/11/2018 18:56:05.5 [ZL] StopMotion flag is active in WaitReady.
09/11/2018 18:56:05.5 [ZL] StopMotion flag is active in WaitReady.
09/11/2018 18:56:05.9 [ZL] StopMotion flag is active in WaitReady.
09/11/2018 18:56:06.0 [ZL] StopMotion flag is active in WaitReady.
09/11/2018 18:56:21.6 [XL] StopMotion flag is active in WaitReady.
09/11/2018 18:56:21.6 [XL] StopMotion flag is active in WaitReady.
09/11/2018 18:56:23.0 [XL] StopMotion flag is active in WaitReady.
09/11/2018 18:56:23.0 [XL] StopMotion flag is active in WaitReady.
09/11/2018 18:56:25.2 [XL] StopMotion flag is active in WaitReady.
09/11/2018 18:56:25.2 [XL] StopMotion flag is active in WaitReady.
09/11/2018 18:56:37.7 [XL] StopMotion flag is active in WaitReady.
09/11/2018 18:56:37.7 [XL] StopMotion flag is active in WaitReady.
09/11/2018 18:56:38.9 [XL] StopMotion flag is active in WaitReady.
09/11/2018 18:56:38.9 [XL] StopMotion flag is active in WaitReady.
09/11/2018 18:56:40.1 [XL] StopMotion flag is active in WaitReady.
09/11/2018 18:56:40.2 [XL] StopMotion flag is active in WaitReady.
09/11/2018 18:56:41.2 [XL] StopMotion flag is active in WaitReady.
09/11/2018 18:56:41.2 [XL] StopMotion flag is active in WaitReady.
09/11/2018 18:56:56.1 [XL] StopMotion flag is active in WaitReady.
09/11/2018 18:56:56.1 [XL] StopMotion flag is active in WaitReady.
09/11/2018 18:56:57.5 [XL] StopMotion flag is active in WaitReady.
09/11/2018 18:56:57.5 [XL] StopMotion flag is active in WaitReady.
09/11/2018 18:58:35.3 [XL] StopMotion flag is active in WaitReady.
09/11/2018 18:58:35.3 [XL] StopMotion flag is active in WaitReady.
09/11/2018 18:58:37.7 [XL] StopMotion flag is active in WaitReady.
09/11/2018 18:58:37.7 [XL] StopMotion flag is active in WaitReady.
09/11/2018 18:58:38.8 [XL] StopMotion flag is active in WaitReady.
09/11/2018 18:58:38.8 [XL] StopMotion flag is active in WaitReady.
09/11/2018 18:58:40.2 [XL] StopMotion flag is active in WaitReady.
09/11/2018 18:58:40.2 [XL] StopMotion flag is active in WaitReady.
09/11/2018 18:58:42.0 [XL] StopMotion flag is active in WaitReady.
09/11/2018 18:58:42.0 [XL] StopMotion flag is active in WaitReady.
09/11/2018 18:58:52.1 [ZL] StopMotion flag is active in WaitReady.
09/11/2018 18:58:52.2 [ZL] StopMotion flag is active in WaitReady.
09/11/2018 18:58:53.3 [ZL] StopMotion flag is active in WaitReady.
09/11/2018 18:58:53.3 [ZL] StopMotion flag is active in WaitReady.
09/11/2018 18:58:54.3 [ZL] StopMotion flag is active in WaitReady.
09/11/2018 18:58:54.3 [ZL] StopMotion flag is active in WaitReady.
09/11/2018 18:58:55.2 [ZL] StopMotion flag is active in WaitReady.
09/11/2018 18:58:55.2 [ZL] StopMotion flag is active in WaitReady.
09/11/2018 18:58:56.1 [ZL] StopMotion flag is active in WaitReady.
09/11/2018 18:58:56.2 [ZL] StopMotion flag is active in WaitReady.
09/11/2018 18:58:57.0 [ZL] StopMotion flag is active in WaitReady.
09/11/2018 18:58:57.0 [ZL] StopMotion flag is active in WaitReady.
09/11/2018 18:58:58.6 [ZL] StopMotion flag is active in WaitReady.
09/11/2018 18:58:58.6 [ZL] StopMotion flag is active in WaitReady.
09/11/2018 18:58:59.8 [ZL] StopMotion flag is active in WaitReady.
09/11/2018 18:58:59.9 [ZL] StopMotion flag is active in WaitReady.
09/11/2018 18:59:01.0 [ZL] StopMotion flag is active in WaitReady.
09/11/2018 18:59:01.0 [ZL] StopMotion flag is active in WaitReady.
09/11/2018 18:59:11.5 [YL] StopMotion flag is active in WaitReady.
09/11/2018 18:59:11.5 [YL] StopMotion flag is active in WaitReady.
09/11/2018 18:59:12.4 [YL] StopMotion flag is active in WaitReady.
09/11/2018 18:59:12.4 [YL] StopMotion flag is active in WaitReady.
09/11/2018 18:59:13.5 [YL] StopMotion flag is active in WaitReady.
09/11/2018 18:59:13.5 [YL] StopMotion flag is active in WaitReady.
09/11/2018 18:59:14.2 [YL] StopMotion flag is active in WaitReady.
09/11/2018 18:59:14.2 [YL] StopMotion flag is active in WaitReady.
09/11/2018 18:59:15.0 [YL] StopMotion flag is active in WaitReady.
09/11/2018 18:59:15.0 [YL] StopMotion flag is active in WaitReady.
09/11/2018 18:59:16.2 [YL] StopMotion flag is active in WaitReady.
09/11/2018 18:59:16.2 [YL] StopMotion flag is active in WaitReady.
09/11/2018 18:59:31.7 [YL] StopMotion flag is active in WaitReady.
09/11/2018 18:59:31.7 [YL] StopMotion flag is active in WaitReady.
09/11/2018 18:59:33.7 [YL] StopMotion flag is active in WaitReady.
09/11/2018 18:59:33.8 [YL] StopMotion flag is active in WaitReady.
09/11/2018 18:59:35.4 [YL] StopMotion flag is active in WaitReady.
09/11/2018 18:59:35.4 [YL] StopMotion flag is active in WaitReady.
09/11/2018 18:59:37.8 [YL] StopMotion flag is active in WaitReady.
09/11/2018 18:59:37.8 [YL] StopMotion flag is active in WaitReady.
09/11/2018 18:59:41.8 [YL] StopMotion flag is active in WaitReady.
09/11/2018 18:59:41.8 [YL] StopMotion flag is active in WaitReady.
09/11/2018 18:59:48.5 [ZL] StopMotion flag is active in WaitReady.
09/11/2018 18:59:48.5 [ZL] StopMotion flag is active in WaitReady.
09/11/2018 18:59:49.9 [ZL] StopMotion flag is active in WaitReady.
09/11/2018 18:59:49.9 [ZL] StopMotion flag is active in WaitReady.
09/11/2018 18:59:51.5 [ZL] StopMotion flag is active in WaitReady.
09/11/2018 18:59:51.5 [ZL] StopMotion flag is active in WaitReady.
09/11/2018 18:59:53.1 [ZL] StopMotion flag is active in WaitReady.
09/11/2018 18:59:53.1 [ZL] StopMotion flag is active in WaitReady.
09/11/2018 18:59:54.6 [ZL] StopMotion flag is active in WaitReady.
09/11/2018 18:59:54.7 [ZL] StopMotion flag is active in WaitReady.
09/11/2018 18:59:56.5 [ZL] StopMotion flag is active in WaitReady.
09/11/2018 18:59:56.5 [ZL] StopMotion flag is active in WaitReady.
09/11/2018 18:59:59.6 [ZL] StopMotion flag is active in WaitReady.
09/11/2018 18:59:59.6 [ZL] StopMotion flag is active in WaitReady.
09/11/2018 19:00:01.1 [ZL] StopMotion flag is active in WaitReady.
09/11/2018 19:00:01.1 [ZL] StopMotion flag is active in WaitReady.
09/11/2018 19:00:03.3 [ZL] StopMotion flag is active in WaitReady.
09/11/2018 19:00:03.3 [ZL] StopMotion flag is active in WaitReady.
09/11/2018 19:00:05.4 [ZL] StopMotion flag is active in WaitReady.
09/11/2018 19:00:05.4 [ZL] StopMotion flag is active in WaitReady.
09/11/2018 19:00:07.1 [ZL] StopMotion flag is active in WaitReady.
09/11/2018 19:00:07.2 [ZL] StopMotion flag is active in WaitReady.
09/11/2018 19:00:09.7 [ZL] StopMotion flag is active in WaitReady.
09/11/2018 19:00:09.8 [ZL] StopMotion flag is active in WaitReady.
09/11/2018 19:00:11.6 [ZL] StopMotion flag is active in WaitReady.
09/11/2018 19:00:11.6 [ZL] StopMotion flag is active in WaitReady.
09/11/2018 19:00:38.5 [XL] StopMotion flag is active in WaitReady.
09/11/2018 19:00:38.5 [XL] StopMotion flag is active in WaitReady.
09/11/2018 19:00:45.6 [XL] StopMotion flag is active in WaitReady.
09/11/2018 19:00:45.6 [XL] StopMotion flag is active in WaitReady.
09/11/2018 19:02:16.8 [ZL] StopMotion flag is active in WaitReady.
09/11/2018 19:02:16.8 [ZL] StopMotion flag is active in WaitReady.
09/11/2018 19:02:27.0 [ZL] StopMotion flag is active in WaitReady.
09/11/2018 19:02:27.0 [ZL] StopMotion flag is active in WaitReady.
09/11/2018 19:02:34.4 [ZL] StopMotion flag is active in WaitReady.
09/11/2018 19:02:34.4 [ZL] StopMotion flag is active in WaitReady.
[User] Step.
09/11/2018 19:03:43.7 Process 'NormAndStamp.met' MethodStarted
09/11/2018 19:03:43.7 Process 'NormAndStamp.met'[2] 'Aspirate(VVP96)' CommandStarted
09/11/2018 19:03:43.7 [Lynx.Aspirate(VVP96).VVP96] Plate 'Nunc 1ml_01', column/row offset (0, 0), X/Y offset (0.00 mm,0.00 mm), height: 1.00 mm.
09/11/2018 19:03:43.7 [Lynx.Aspirate(VVP96).VVP96] Current tip 'LXB-96-300F'.
09/11/2018 19:03:43.7 [Lynx.Aspirate(VVP96).VVP96] Plate is at location 'Loc_15' (-295.09 mm, -223.75 mm, -174.72 mm) with a stack index of 1.
09/11/2018 19:03:43.7 [Lynx.Aspirate(VVP96).VVP96] VVP Pressure 'Low Volume': Pressure 30 mbar, Residual vol. 0.44 uL, Pre/Post delay 0.00/1.00
09/11/2018 19:03:43.7 [Lynx.Aspirate(VVP96).VVP96] Aspirate parameters (96): Ch:A01 150.0uL/0.4uL; Ch:B01 150.0uL/0.4uL; Ch:C01 150.0uL/0.4uL; Ch:D01 150.0uL/0.4uL; Ch:E01 150.0uL/0.4uL; Ch:F01 150.0uL/0.4uL; Ch:G01 150.0uL/0.4uL; Ch:H01 150.0uL/0.4uL; Ch:A02 150.0uL/0.4uL; Ch:B02 150.0uL/0.4uL; Ch:C02 150.0uL/0.4uL; Ch:D02 150.0uL/0.4uL; Ch:E02 150.0uL/0.4uL; Ch:F02 150.0uL/0.4uL; Ch:G02 150.0uL/0.4uL; Ch:H02 150.0uL/0.4uL; Ch:A03 150.0uL/0.4uL; Ch:B03 150.0uL/0.4uL; Ch:C03 150.0uL/0.4uL; Ch:D03 150.0uL/0.4uL; Ch:E03 150.0uL/0.4uL; Ch:F03 150.0uL/0.4uL; Ch:G03 150.0uL/0.4uL; Ch:H03 150.0uL/0.4uL; Ch:A04 150.0uL/0.4uL; Ch:B04 150.0uL/0.4uL; Ch:C04 150.0uL/0.4uL; Ch:D04 150.0uL/0.4uL; Ch:E04 150.0uL/0.4uL; Ch:F04 150.0uL/0.4uL; Ch:G04 150.0uL/0.4uL; Ch:H04 150.0uL/0.4uL; Ch:A05 150.0uL/0.4uL; Ch:B05 150.0uL/0.4uL; Ch:C05 150.0uL/0.4uL; Ch:D05 150.0uL/0.4uL; Ch:E05 150.0uL/0.4uL; Ch:F05 150.0uL/0.4uL; Ch:G05 150.0uL/0.4uL; Ch:H05 150.0uL/0.4uL; Ch:A06 150.0uL/0.4uL; Ch:B06 150.0uL/0.4uL; Ch:C06 150.0uL/0.4uL; Ch:D06 150.0uL/0.4uL; Ch:E06 150.0uL/0.4uL; Ch:F06 150.0uL/0.4uL; Ch:G06 150.0uL/0.4uL; Ch:H06 150.0uL/0.4uL; Ch:A07 150.0uL/0.4uL; Ch:B07 150.0uL/0.4uL; Ch:C07 150.0uL/0.4uL; Ch:D07 150.0uL/0.4uL; Ch:E07 150.0uL/0.4uL; Ch:F07 150.0uL/0.4uL; Ch:G07 150.0uL/0.4uL; Ch:H07 150.0uL/0.4uL; Ch:A08 150.0uL/0.4uL; Ch:B08 150.0uL/0.4uL; Ch:C08 150.0uL/0.4uL; Ch:D08 150.0uL/0.4uL; Ch:E08 150.0uL/0.4uL; Ch:F08 150.0uL/0.4uL; Ch:G08 150.0uL/0.4uL; Ch:H08 150.0uL/0.4uL; Ch:A09 150.0uL/0.4uL; Ch:B09 150.0uL/0.4uL; Ch:C09 150.0uL/0.4uL; Ch:D09 150.0uL/0.4uL; Ch:E09 150.0uL/0.4uL; Ch:F09 150.0uL/0.4uL; Ch:G09 150.0uL/0.4uL; Ch:H09 150.0uL/0.4uL; Ch:A10 150.0uL/0.4uL; Ch:B10 150.0uL/0.4uL; Ch:C10 150.0uL/0.4uL; Ch:D10 150.0uL/0.4uL; Ch:E10 150.0uL/0.4uL; Ch:F10 150.0uL/0.4uL; Ch:G10 150.0uL/0.4uL; Ch:H10 150.0uL/0.4uL; Ch:A11 150.0uL/0.4uL; Ch:B11 150.0uL/0.4uL; Ch:C11 150.0uL/0.4uL; Ch:D11 150.0uL/0.4uL; Ch:E11 150.0uL/0.4uL; Ch:F11 150.0uL/0.4uL; Ch:G11 150.0uL/0.4uL; Ch:H11 150.0uL/0.4uL; Ch:A12 150.0uL/0.4uL; Ch:B12 150.0uL/0.4uL; Ch:C12 150.0uL/0.4uL; Ch:D12 150.0uL/0.4uL; Ch:E12 150.0uL/0.4uL; Ch:F12 150.0uL/0.4uL; Ch:G12 150.0uL/0.4uL; Ch:H12 150.0uL/0.4uL
09/11/2018 19:03:43.7 [Lynx.Aspirate(VVP96).VVP96] Post airgap parameters (0): 
09/11/2018 19:03:43.7 [Lynx.Aspirate(VVP96).VVP96] Initial robot X/Y/ZStart/ZEnd coordinates: -309.47 mm, -212.51 mm, -121.02 mm, -122.02 mm, using motion profile 'Fast Speed'.
09/11/2018 19:03:43.7 [Lynx.Aspirate(VVP96).VVP96] Initial axis positions:'XL' -159.86 mm, 'YL' -107.54 mm, 'ZL' -2.74 mm
09/11/2018 19:03:46.9 [VVP96] Clog detection is off.
09/11/2018 19:03:46.9 [VVP96] Aspirate diagnostics are off.
09/11/2018 19:03:46.9 [VVP96] Set VVP: command 'Clogging Limit' with setting of 0 for 96 channels.
09/11/2018 19:03:47.1 [VVP96] Set VVP: command 'Air-to-Liquid Sens.' with setting of 0 for 96 channels.
09/11/2018 19:03:47.3 [VVP96] Set VVP: command 'Liquid-to-Air Sens.' with setting of 0 for 96 channels.
09/11/2018 19:03:48.6 [VVP96] VVP Aspirate pressure is 31 mbar.
09/11/2018 19:03:51.0 [VVP96] Aspirate complete.
09/11/2018 19:03:51.6 [VVP96] Average residual volume was 0.86 ul for 96 channels at 30 mbar pressure
09/11/2018 19:03:51.8 [Lynx.Aspirate(VVP96).VVP96] Aspirate results: Ch:A01 150.5uL/0.9uL OK, Ch:B01 150.4uL/0.9uL OK, Ch:C01 150.3uL/0.8uL OK, Ch:D01 150.4uL/0.8uL OK, Ch:E01 150.5uL/0.9uL OK, Ch:F01 150.4uL/0.9uL OK, Ch:G01 150.3uL/0.8uL OK, Ch:H01 150.5uL/0.9uL OK, Ch:A02 150.3uL/0.8uL OK, Ch:B02 150.5uL/0.9uL OK, Ch:C02 150.4uL/0.8uL OK, Ch:D02 150.4uL/0.9uL OK, Ch:E02 150.5uL/0.9uL OK, Ch:F02 150.4uL/0.8uL OK, Ch:G02 150.5uL/0.9uL OK, Ch:H02 150.3uL/0.8uL OK, Ch:A03 150.4uL/0.8uL OK, Ch:B03 150.4uL/0.8uL OK, Ch:C03 150.4uL/0.8uL OK, Ch:D03 150.5uL/0.9uL OK, Ch:E03 150.4uL/0.8uL OK, Ch:F03 150.4uL/0.9uL OK, Ch:G03 150.5uL/0.9uL OK, Ch:H03 150.4uL/0.8uL OK, Ch:A04 150.4uL/0.9uL OK, Ch:B04 150.3uL/0.8uL OK, Ch:C04 150.5uL/0.9uL OK, Ch:D04 150.3uL/0.8uL OK, Ch:E04 150.4uL/0.9uL OK, Ch:F04 150.3uL/0.8uL OK, Ch:G04 150.5uL/0.9uL OK, Ch:H04 150.3uL/0.8uL OK, Ch:A05 150.3uL/0.8uL OK, Ch:B05 150.4uL/0.8uL OK, Ch:C05 150.3uL/0.8uL OK, Ch:D05 150.3uL/0.8uL OK, Ch:E05 150.4uL/0.8uL OK, Ch:F05 150.5uL/0.9uL OK, Ch:G05 150.5uL/0.9uL OK, Ch:H05 150.3uL/0.8uL OK, Ch:A06 150.5uL/0.9uL OK, Ch:B06 150.4uL/0.8uL OK, Ch:C06 150.3uL/0.8uL OK, Ch:D06 150.3uL/0.8uL OK, Ch:E06 150.5uL/0.9uL OK, Ch:F06 150.3uL/0.8uL OK, Ch:G06 150.3uL/0.8uL OK, Ch:H06 150.5uL/0.9uL OK, Ch:A07 150.5uL/0.9uL OK, Ch:B07 150.5uL/0.9uL OK, Ch:C07 150.4uL/0.9uL OK, Ch:D07 150.5uL/0.9uL OK, Ch:E07 150.4uL/0.9uL OK, Ch:F07 150.3uL/0.8uL OK, Ch:G07 150.4uL/0.9uL OK, Ch:H07 150.5uL/0.9uL OK, Ch:A08 150.4uL/0.9uL OK, Ch:B08 150.5uL/0.9uL OK, Ch:C08 150.5uL/0.9uL OK, Ch:D08 150.3uL/0.8uL OK, Ch:E08 150.5uL/0.9uL OK, Ch:F08 150.5uL/0.9uL OK, Ch:G08 150.3uL/0.8uL OK, Ch:H08 150.5uL/0.9uL OK, Ch:A09 150.5uL/0.9uL OK, Ch:B09 150.4uL/0.9uL OK, Ch:C09 150.4uL/0.8uL OK, Ch:D09 150.5uL/0.9uL OK, Ch:E09 150.5uL/0.9uL OK, Ch:F09 150.5uL/0.9uL OK, Ch:G09 150.5uL/0.9uL OK, Ch:H09 150.4uL/0.9uL OK, Ch:A10 150.4uL/0.9uL OK, Ch:B10 150.5uL/0.9uL OK, Ch:C10 150.3uL/0.8uL OK, Ch:D10 150.3uL/0.8uL OK, Ch:E10 150.3uL/0.8uL OK, Ch:F10 150.3uL/0.8uL OK, Ch:G10 150.3uL/0.8uL OK, Ch:H10 150.5uL/0.9uL OK, Ch:A11 150.5uL/0.9uL OK, Ch:B11 150.5uL/0.9uL OK, Ch:C11 150.5uL/0.9uL OK, Ch:D11 150.5uL/0.9uL OK, Ch:E11 150.4uL/0.9uL OK, Ch:F11 150.3uL/0.8uL OK, Ch:G11 150.4uL/0.8uL OK, Ch:H11 150.3uL/0.8uL OK, Ch:A12 150.5uL/0.9uL OK, Ch:B12 150.4uL/0.9uL OK, Ch:C12 150.4uL/0.9uL OK, Ch:D12 150.5uL/0.9uL OK, Ch:E12 150.5uL/0.9uL OK, Ch:F12 150.4uL/0.9uL OK, Ch:G12 150.3uL/0.8uL OK, Ch:H12 150.4uL/0.9uL OK
09/11/2018 19:03:55.1 [Lynx.Aspirate(VVP96).VVP96] Final axis positions:'XL' -309.41 mm, 'YL' -212.50 mm, 'ZL' -2.02 mm
09/11/2018 19:03:55.1 [Lynx.Aspirate(VVP96).VVP96] Time to complete: 11 s.
09/11/2018 19:03:55.1 Process 'NormAndStamp.met'[2] 'Aspirate(VVP96)' CommandCompleted
09/11/2018 19:03:55.1 Process 'NormAndStamp.met' MethodCompleted
1 of 1 method(s) completed successfully.
  Concurrent method 'Main' (Main) started at 09/11/2018 19:03:43.7 and finished at 09/11/2018 19:03:55.1

[User] Step.
09/11/2018 19:04:03.0 Process 'NormAndStamp.met' MethodStarted
09/11/2018 19:04:03.0 Process 'NormAndStamp.met'[4] 'Dispense(VVP96)' CommandStarted
09/11/2018 19:04:03.1 [Lynx.Dispense(VVP96).VVP96] Plate 'Nunc 1ml_01', column/row offset (0, 0), X/Y offset (0.00 mm,0.00 mm), height: 3.00 mm.
09/11/2018 19:04:03.1 [Lynx.Dispense(VVP96).VVP96] Current tip 'LXB-96-300F'.
09/11/2018 19:04:03.1 [Lynx.Dispense(VVP96).VVP96] Plate is at location 'Loc_15' (-295.09 mm, -223.75 mm, -174.72 mm) with a stack index of 1.
09/11/2018 19:04:03.1 [Lynx.Dispense(VVP96).VVP96] VVP Pressure 'Low Volume': Pressure 30 mbar, Residual vol. 0.48 uL, Pre/Post delay 0.00/1.00
09/11/2018 19:04:03.1 [Lynx.Dispense(VVP96).VVP96] Dispense parameters (96): Ch:A01 150.5uL/0.5uL; Ch:B01 150.4uL/0.5uL; Ch:C01 150.3uL/0.5uL; Ch:D01 150.4uL/0.5uL; Ch:E01 150.5uL/0.5uL; Ch:F01 150.4uL/0.5uL; Ch:G01 150.3uL/0.5uL; Ch:H01 150.5uL/0.5uL; Ch:A02 150.3uL/0.5uL; Ch:B02 150.5uL/0.5uL; Ch:C02 150.4uL/0.5uL; Ch:D02 150.4uL/0.5uL; Ch:E02 150.5uL/0.5uL; Ch:F02 150.4uL/0.5uL; Ch:G02 150.5uL/0.5uL; Ch:H02 150.3uL/0.5uL; Ch:A03 150.4uL/0.5uL; Ch:B03 150.4uL/0.5uL; Ch:C03 150.4uL/0.5uL; Ch:D03 150.5uL/0.5uL; Ch:E03 150.4uL/0.5uL; Ch:F03 150.4uL/0.5uL; Ch:G03 150.5uL/0.5uL; Ch:H03 150.4uL/0.5uL; Ch:A04 150.4uL/0.5uL; Ch:B04 150.3uL/0.5uL; Ch:C04 150.5uL/0.5uL; Ch:D04 150.3uL/0.5uL; Ch:E04 150.4uL/0.5uL; Ch:F04 150.3uL/0.5uL; Ch:G04 150.5uL/0.5uL; Ch:H04 150.3uL/0.5uL; Ch:A05 150.3uL/0.5uL; Ch:B05 150.4uL/0.5uL; Ch:C05 150.3uL/0.5uL; Ch:D05 150.3uL/0.5uL; Ch:E05 150.4uL/0.5uL; Ch:F05 150.5uL/0.5uL; Ch:G05 150.5uL/0.5uL; Ch:H05 150.3uL/0.5uL; Ch:A06 150.5uL/0.5uL; Ch:B06 150.4uL/0.5uL; Ch:C06 150.3uL/0.5uL; Ch:D06 150.3uL/0.5uL; Ch:E06 150.5uL/0.5uL; Ch:F06 150.3uL/0.5uL; Ch:G06 150.3uL/0.5uL; Ch:H06 150.5uL/0.5uL; Ch:A07 150.5uL/0.5uL; Ch:B07 150.5uL/0.5uL; Ch:C07 150.4uL/0.5uL; Ch:D07 150.5uL/0.5uL; Ch:E07 150.4uL/0.5uL; Ch:F07 150.3uL/0.5uL; Ch:G07 150.4uL/0.5uL; Ch:H07 150.5uL/0.5uL; Ch:A08 150.4uL/0.5uL; Ch:B08 150.5uL/0.5uL; Ch:C08 150.5uL/0.5uL; Ch:D08 150.3uL/0.5uL; Ch:E08 150.5uL/0.5uL; Ch:F08 150.5uL/0.5uL; Ch:G08 150.3uL/0.5uL; Ch:H08 150.5uL/0.5uL; Ch:A09 150.5uL/0.5uL; Ch:B09 150.4uL/0.5uL; Ch:C09 150.4uL/0.5uL; Ch:D09 150.5uL/0.5uL; Ch:E09 150.5uL/0.5uL; Ch:F09 150.5uL/0.5uL; Ch:G09 150.5uL/0.5uL; Ch:H09 150.4uL/0.5uL; Ch:A10 150.4uL/0.5uL; Ch:B10 150.5uL/0.5uL; Ch:C10 150.3uL/0.5uL; Ch:D10 150.3uL/0.5uL; Ch:E10 150.3uL/0.5uL; Ch:F10 150.3uL/0.5uL; Ch:G10 150.3uL/0.5uL; Ch:H10 150.5uL/0.5uL; Ch:A11 150.5uL/0.5uL; Ch:B11 150.5uL/0.5uL; Ch:C11 150.5uL/0.5uL; Ch:D11 150.5uL/0.5uL; Ch:E11 150.4uL/0.5uL; Ch:F11 150.3uL/0.5uL; Ch:G11 150.4uL/0.5uL; Ch:H11 150.3uL/0.5uL; Ch:A12 150.5uL/0.5uL; Ch:B12 150.4uL/0.5uL; Ch:C12 150.4uL/0.5uL; Ch:D12 150.5uL/0.5uL; Ch:E12 150.5uL/0.5uL; Ch:F12 150.4uL/0.5uL; Ch:G12 150.3uL/0.5uL; Ch:H12 150.4uL/0.5uL
09/11/2018 19:04:03.1 [Lynx.Dispense(VVP96).VVP96] Post airgap parameters (0): 
09/11/2018 19:04:03.1 [Lynx.Dispense(VVP96).VVP96] Initial robot X/Y/ZStart/ZEnd coordinates: -309.47 mm, -212.51 mm, -119.02 mm, -122.02 mm, using motion profile 'Fast Speed'.
09/11/2018 19:04:03.1 [Lynx.Dispense(VVP96).VVP96] Initial axis positions:'XL' -309.41 mm, 'YL' -212.50 mm, 'ZL' -2.02 mm
09/11/2018 19:04:04.8 [VVP96] Set VVP: command 'Clogging Limit' with setting of 0 for 96 channels.
09/11/2018 19:04:05.0 [VVP96] Set VVP: command 'Air-to-Liquid Sens.' with setting of 0 for 96 channels.
09/11/2018 19:04:05.3 [VVP96] Set VVP: command 'Liquid-to-Air Sens.' with setting of 0 for 96 channels.
09/11/2018 19:04:06.3 [VVP96] VVP Dispense pressure is 31 mbar.
09/11/2018 19:04:08.8 [VVP96] Dispense complete.
09/11/2018 19:04:09.4 [VVP96] Average residual volume was 1.03 ul for 96 channels at 30 mbar pressure
09/11/2018 19:04:09.6 [Lynx.Dispense(VVP96).VVP96] Dispense results: Ch:A01 151.1uL/1.0uL OK, Ch:B01 151.0uL/1.0uL OK, Ch:C01 150.8uL/1.0uL OK, Ch:D01 151.0uL/1.0uL OK, Ch:E01 151.1uL/1.0uL OK, Ch:F01 151.0uL/1.0uL OK, Ch:G01 150.9uL/1.0uL OK, Ch:H01 151.0uL/1.0uL OK, Ch:A02 150.9uL/1.1uL OK, Ch:B02 151.2uL/1.1uL OK, Ch:C02 151.0uL/1.0uL OK, Ch:D02 151.1uL/1.1uL OK, Ch:E02 151.0uL/1.0uL OK, Ch:F02 151.0uL/1.0uL OK, Ch:G02 151.0uL/1.0uL OK, Ch:H02 150.9uL/1.1uL OK, Ch:A03 151.0uL/1.0uL OK, Ch:B03 151.0uL/1.0uL OK, Ch:C03 150.9uL/0.9uL OK, Ch:D03 151.2uL/1.1uL OK, Ch:E03 151.0uL/1.0uL OK, Ch:F03 151.1uL/1.1uL OK, Ch:G03 151.0uL/1.0uL OK, Ch:H03 151.1uL/1.1uL OK, Ch:A04 151.1uL/1.1uL OK, Ch:B04 150.9uL/1.0uL OK, Ch:C04 151.2uL/1.1uL OK, Ch:D04 151.0uL/1.1uL OK, Ch:E04 151.1uL/1.1uL OK, Ch:F04 151.0uL/1.1uL OK, Ch:G04 151.1uL/1.1uL OK, Ch:H04 151.0uL/1.1uL OK, Ch:A05 150.9uL/1.0uL OK, Ch:B05 151.0uL/1.0uL OK, Ch:C05 150.9uL/1.0uL OK, Ch:D05 150.7uL/0.9uL OK, Ch:E05 151.0uL/1.0uL OK, Ch:F05 151.2uL/1.1uL OK, Ch:G05 151.2uL/1.1uL OK, Ch:H05 150.9uL/1.0uL OK, Ch:A06 151.1uL/1.0uL OK, Ch:B06 151.0uL/1.0uL OK, Ch:C06 150.9uL/1.0uL OK, Ch:D06 150.9uL/1.0uL OK, Ch:E06 151.2uL/1.1uL OK, Ch:F06 150.8uL/1.0uL OK, Ch:G06 150.8uL/1.0uL OK, Ch:H06 151.0uL/1.0uL OK, Ch:A07 151.0uL/1.0uL OK, Ch:B07 151.0uL/1.0uL OK, Ch:C07 150.9uL/0.9uL OK, Ch:D07 151.1uL/1.0uL OK, Ch:E07 151.1uL/1.1uL OK, Ch:F07 150.9uL/1.0uL OK, Ch:G07 151.0uL/1.0uL OK, Ch:H07 151.1uL/1.1uL OK, Ch:A08 151.0uL/1.0uL OK, Ch:B08 151.0uL/1.0uL OK, Ch:C08 151.0uL/1.0uL OK, Ch:D08 150.9uL/1.1uL OK, Ch:E08 151.0uL/1.0uL OK, Ch:F08 151.2uL/1.1uL OK, Ch:G08 150.9uL/1.1uL OK, Ch:H08 151.1uL/1.1uL OK, Ch:A09 151.1uL/1.0uL OK, Ch:B09 151.0uL/1.0uL OK, Ch:C09 151.0uL/1.0uL OK, Ch:D09 151.2uL/1.1uL OK, Ch:E09 151.1uL/1.0uL OK, Ch:F09 151.1uL/1.0uL OK, Ch:G09 151.2uL/1.1uL OK, Ch:H09 151.0uL/1.0uL OK, Ch:A10 151.0uL/1.0uL OK, Ch:B10 151.3uL/1.2uL OK, Ch:C10 150.8uL/1.0uL OK, Ch:D10 151.0uL/1.1uL OK, Ch:E10 150.9uL/1.1uL OK, Ch:F10 150.9uL/1.0uL OK, Ch:G10 151.0uL/1.1uL OK, Ch:H10 151.0uL/1.0uL OK, Ch:A11 151.1uL/1.0uL OK, Ch:B11 151.1uL/1.0uL OK, Ch:C11 151.1uL/1.0uL OK, Ch:D11 151.1uL/1.1uL OK, Ch:E11 151.0uL/1.0uL OK, Ch:F11 150.9uL/1.1uL OK, Ch:G11 151.1uL/1.1uL OK, Ch:H11 150.8uL/1.0uL OK, Ch:A12 150.9uL/0.9uL OK, Ch:B12 151.0uL/1.0uL OK, Ch:C12 151.0uL/1.0uL OK, Ch:D12 151.1uL/1.0uL OK, Ch:E12 151.1uL/1.0uL OK, Ch:F12 151.0uL/1.0uL OK, Ch:G12 150.9uL/1.0uL OK, Ch:H12 151.0uL/1.0uL OK
09/11/2018 19:04:12.8 [Lynx.Dispense(VVP96).VVP96] Final axis positions:'XL' -309.41 mm, 'YL' -212.50 mm, 'ZL' -2.02 mm
09/11/2018 19:04:12.8 [Lynx.Dispense(VVP96).VVP96] Time to complete: 9 s.
09/11/2018 19:04:12.8 Process 'NormAndStamp.met'[4] 'Dispense(VVP96)' CommandCompleted
09/11/2018 19:04:12.8 Process 'NormAndStamp.met' MethodCompleted
1 of 1 method(s) completed successfully.
  Concurrent method 'Main' (Main) started at 09/11/2018 19:04:03.0 and finished at 09/11/2018 19:04:12.8

[User] Step.
09/11/2018 19:04:16.2 Process 'NormAndStamp.met' MethodStarted
09/11/2018 19:04:16.2 Process 'NormAndStamp.met'[2] 'Aspirate(VVP96)' CommandStarted
09/11/2018 19:04:16.2 [Lynx.Aspirate(VVP96).VVP96] Plate 'Nunc 1ml_01', column/row offset (0, 0), X/Y offset (0.00 mm,0.00 mm), height: 1.00 mm.
09/11/2018 19:04:16.2 [Lynx.Aspirate(VVP96).VVP96] Current tip 'LXB-96-300F'.
09/11/2018 19:04:16.2 [Lynx.Aspirate(VVP96).VVP96] Plate is at location 'Loc_15' (-295.09 mm, -223.75 mm, -174.72 mm) with a stack index of 1.
09/11/2018 19:04:16.2 [Lynx.Aspirate(VVP96).VVP96] VVP Pressure 'Low Volume': Pressure 30 mbar, Residual vol. 0.44 uL, Pre/Post delay 0.00/1.00
09/11/2018 19:04:16.2 [Lynx.Aspirate(VVP96).VVP96] Aspirate parameters (96): Ch:A01 150.0uL/0.4uL; Ch:B01 150.0uL/0.4uL; Ch:C01 150.0uL/0.4uL; Ch:D01 150.0uL/0.4uL; Ch:E01 150.0uL/0.4uL; Ch:F01 150.0uL/0.4uL; Ch:G01 150.0uL/0.4uL; Ch:H01 150.0uL/0.4uL; Ch:A02 150.0uL/0.4uL; Ch:B02 150.0uL/0.4uL; Ch:C02 150.0uL/0.4uL; Ch:D02 150.0uL/0.4uL; Ch:E02 150.0uL/0.4uL; Ch:F02 150.0uL/0.4uL; Ch:G02 150.0uL/0.4uL; Ch:H02 150.0uL/0.4uL; Ch:A03 150.0uL/0.4uL; Ch:B03 150.0uL/0.4uL; Ch:C03 150.0uL/0.4uL; Ch:D03 150.0uL/0.4uL; Ch:E03 150.0uL/0.4uL; Ch:F03 150.0uL/0.4uL; Ch:G03 150.0uL/0.4uL; Ch:H03 150.0uL/0.4uL; Ch:A04 150.0uL/0.4uL; Ch:B04 150.0uL/0.4uL; Ch:C04 150.0uL/0.4uL; Ch:D04 150.0uL/0.4uL; Ch:E04 150.0uL/0.4uL; Ch:F04 150.0uL/0.4uL; Ch:G04 150.0uL/0.4uL; Ch:H04 150.0uL/0.4uL; Ch:A05 150.0uL/0.4uL; Ch:B05 150.0uL/0.4uL; Ch:C05 150.0uL/0.4uL; Ch:D05 150.0uL/0.4uL; Ch:E05 150.0uL/0.4uL; Ch:F05 150.0uL/0.4uL; Ch:G05 150.0uL/0.4uL; Ch:H05 150.0uL/0.4uL; Ch:A06 150.0uL/0.4uL; Ch:B06 150.0uL/0.4uL; Ch:C06 150.0uL/0.4uL; Ch:D06 150.0uL/0.4uL; Ch:E06 150.0uL/0.4uL; Ch:F06 150.0uL/0.4uL; Ch:G06 150.0uL/0.4uL; Ch:H06 150.0uL/0.4uL; Ch:A07 150.0uL/0.4uL; Ch:B07 150.0uL/0.4uL; Ch:C07 150.0uL/0.4uL; Ch:D07 150.0uL/0.4uL; Ch:E07 150.0uL/0.4uL; Ch:F07 150.0uL/0.4uL; Ch:G07 150.0uL/0.4uL; Ch:H07 150.0uL/0.4uL; Ch:A08 150.0uL/0.4uL; Ch:B08 150.0uL/0.4uL; Ch:C08 150.0uL/0.4uL; Ch:D08 150.0uL/0.4uL; Ch:E08 150.0uL/0.4uL; Ch:F08 150.0uL/0.4uL; Ch:G08 150.0uL/0.4uL; Ch:H08 150.0uL/0.4uL; Ch:A09 150.0uL/0.4uL; Ch:B09 150.0uL/0.4uL; Ch:C09 150.0uL/0.4uL; Ch:D09 150.0uL/0.4uL; Ch:E09 150.0uL/0.4uL; Ch:F09 150.0uL/0.4uL; Ch:G09 150.0uL/0.4uL; Ch:H09 150.0uL/0.4uL; Ch:A10 150.0uL/0.4uL; Ch:B10 150.0uL/0.4uL; Ch:C10 150.0uL/0.4uL; Ch:D10 150.0uL/0.4uL; Ch:E10 150.0uL/0.4uL; Ch:F10 150.0uL/0.4uL; Ch:G10 150.0uL/0.4uL; Ch:H10 150.0uL/0.4uL; Ch:A11 150.0uL/0.4uL; Ch:B11 150.0uL/0.4uL; Ch:C11 150.0uL/0.4uL; Ch:D11 150.0uL/0.4uL; Ch:E11 150.0uL/0.4uL; Ch:F11 150.0uL/0.4uL; Ch:G11 150.0uL/0.4uL; Ch:H11 150.0uL/0.4uL; Ch:A12 150.0uL/0.4uL; Ch:B12 150.0uL/0.4uL; Ch:C12 150.0uL/0.4uL; Ch:D12 150.0uL/0.4uL; Ch:E12 150.0uL/0.4uL; Ch:F12 150.0uL/0.4uL; Ch:G12 150.0uL/0.4uL; Ch:H12 150.0uL/0.4uL
09/11/2018 19:04:16.2 [Lynx.Aspirate(VVP96).VVP96] Post airgap parameters (0): 
09/11/2018 19:04:16.3 [Lynx.Aspirate(VVP96).VVP96] Initial robot X/Y/ZStart/ZEnd coordinates: -309.47 mm, -212.51 mm, -121.02 mm, -122.02 mm, using motion profile 'Fast Speed'.
09/11/2018 19:04:16.3 [Lynx.Aspirate(VVP96).VVP96] Initial axis positions:'XL' -309.41 mm, 'YL' -212.50 mm, 'ZL' -2.02 mm
09/11/2018 19:04:18.0 [VVP96] Clog detection is off.
09/11/2018 19:04:18.0 [VVP96] Aspirate diagnostics are off.
09/11/2018 19:04:18.0 [VVP96] Set VVP: command 'Clogging Limit' with setting of 0 for 96 channels.
09/11/2018 19:04:18.2 [VVP96] Set VVP: command 'Air-to-Liquid Sens.' with setting of 0 for 96 channels.
09/11/2018 19:04:18.5 [VVP96] Set VVP: command 'Liquid-to-Air Sens.' with setting of 0 for 96 channels.
09/11/2018 19:04:19.7 [VVP96] VVP Aspirate pressure is 31 mbar.
09/11/2018 19:04:22.4 [VVP96] Aspirate complete.
09/11/2018 19:04:23.1 [VVP96] Average residual volume was 0.90 ul for 96 channels at 30 mbar pressure
09/11/2018 19:04:23.3 [Lynx.Aspirate(VVP96).VVP96] Aspirate results: Ch:A01 150.5uL/1.0uL OK, Ch:B01 150.5uL/0.9uL OK, Ch:C01 150.4uL/0.9uL OK, Ch:D01 150.4uL/0.9uL OK, Ch:E01 150.4uL/0.9uL OK, Ch:F01 150.6uL/1.0uL OK, Ch:G01 150.4uL/0.9uL OK, Ch:H01 150.5uL/0.9uL OK, Ch:A02 150.5uL/0.9uL OK, Ch:B02 150.4uL/0.9uL OK, Ch:C02 150.5uL/0.9uL OK, Ch:D02 150.4uL/0.9uL OK, Ch:E02 150.4uL/0.9uL OK, Ch:F02 150.3uL/0.8uL OK, Ch:G02 150.5uL/0.9uL OK, Ch:H02 150.4uL/0.9uL OK, Ch:A03 150.4uL/0.9uL OK, Ch:B03 150.4uL/0.9uL OK, Ch:C03 150.5uL/0.9uL OK, Ch:D03 150.4uL/0.9uL OK, Ch:E03 150.5uL/0.9uL OK, Ch:F03 150.4uL/0.9uL OK, Ch:G03 150.5uL/0.9uL OK, Ch:H03 150.3uL/0.8uL OK, Ch:A04 150.5uL/1.0uL OK, Ch:B04 150.4uL/0.8uL OK, Ch:C04 150.4uL/0.9uL OK, Ch:D04 150.4uL/0.9uL OK, Ch:E04 150.4uL/0.9uL OK, Ch:F04 150.4uL/0.9uL OK, Ch:G04 150.4uL/0.9uL OK, Ch:H04 150.5uL/0.9uL OK, Ch:A05 150.5uL/0.9uL OK, Ch:B05 150.4uL/0.8uL OK, Ch:C05 150.5uL/0.9uL OK, Ch:D05 150.3uL/0.8uL OK, Ch:E05 150.5uL/0.9uL OK, Ch:F05 150.6uL/1.0uL OK, Ch:G05 150.6uL/1.0uL OK, Ch:H05 150.4uL/0.8uL OK, Ch:A06 150.4uL/0.9uL OK, Ch:B06 150.5uL/0.9uL OK, Ch:C06 150.3uL/0.8uL OK, Ch:D06 150.3uL/0.8uL OK, Ch:E06 150.5uL/0.9uL OK, Ch:F06 150.4uL/0.9uL OK, Ch:G06 150.5uL/0.9uL OK, Ch:H06 150.4uL/0.9uL OK, Ch:A07 150.5uL/0.9uL OK, Ch:B07 150.5uL/1.0uL OK, Ch:C07 150.4uL/0.9uL OK, Ch:D07 150.6uL/1.0uL OK, Ch:E07 150.5uL/0.9uL OK, Ch:F07 150.4uL/0.8uL OK, Ch:G07 150.4uL/0.9uL OK, Ch:H07 150.5uL/0.9uL OK, Ch:A08 150.5uL/0.9uL OK, Ch:B08 150.5uL/0.9uL OK, Ch:C08 150.4uL/0.9uL OK, Ch:D08 150.5uL/0.9uL OK, Ch:E08 150.4uL/0.9uL OK, Ch:F08 150.5uL/0.9uL OK, Ch:G08 150.5uL/0.9uL OK, Ch:H08 150.5uL/0.9uL OK, Ch:A09 150.5uL/0.9uL OK, Ch:B09 150.3uL/0.8uL OK, Ch:C09 150.5uL/0.9uL OK, Ch:D09 150.5uL/0.9uL OK, Ch:E09 150.6uL/1.0uL OK, Ch:F09 150.4uL/0.9uL OK, Ch:G09 150.6uL/1.0uL OK, Ch:H09 150.4uL/0.9uL OK, Ch:A10 150.4uL/0.9uL OK, Ch:B10 150.6uL/1.0uL OK, Ch:C10 150.5uL/0.9uL OK, Ch:D10 150.4uL/0.9uL OK, Ch:E10 150.4uL/0.8uL OK, Ch:F10 150.4uL/0.8uL OK, Ch:G10 150.3uL/0.8uL OK, Ch:H10 150.4uL/0.9uL OK, Ch:A11 150.6uL/1.0uL OK, Ch:B11 150.5uL/0.9uL OK, Ch:C11 150.4uL/0.9uL OK, Ch:D11 150.6uL/1.0uL OK, Ch:E11 150.5uL/1.0uL OK, Ch:F11 150.3uL/0.8uL OK, Ch:G11 150.4uL/0.8uL OK, Ch:H11 150.5uL/0.9uL OK, Ch:A12 150.5uL/0.9uL OK, Ch:B12 150.5uL/0.9uL OK, Ch:C12 150.5uL/0.9uL OK, Ch:D12 150.5uL/0.9uL OK, Ch:E12 150.5uL/0.9uL OK, Ch:F12 150.4uL/0.9uL OK, Ch:G12 150.5uL/0.9uL OK, Ch:H12 150.5uL/0.9uL OK
09/11/2018 19:04:26.5 [Lynx.Aspirate(VVP96).VVP96] Final axis positions:'XL' -309.42 mm, 'YL' -212.50 mm, 'ZL' -2.02 mm
09/11/2018 19:04:26.6 [Lynx.Aspirate(VVP96).VVP96] Time to complete: 10 s.
09/11/2018 19:04:26.6 Process 'NormAndStamp.met'[2] 'Aspirate(VVP96)' CommandCompleted
09/11/2018 19:04:26.6 Process 'NormAndStamp.met' MethodCompleted
1 of 1 method(s) completed successfully.
  Concurrent method 'Main' (Main) started at 09/11/2018 19:04:16.2 and finished at 09/11/2018 19:04:26.6

[User] Step.
09/11/2018 19:04:29.1 Process 'NormAndStamp.met' MethodStarted
09/11/2018 19:04:29.1 Process 'NormAndStamp.met'[3] 'Dispense(VVP96)' CommandStarted
09/11/2018 19:04:29.1 [Lynx.Dispense(VVP96).VVP96] Plate 'Fluidx_1mL_Tube_rack_01', column/row offset (0, 0), X/Y offset (0.00 mm,0.00 mm), height: 1.00 mm.
09/11/2018 19:04:29.1 [Lynx.Dispense(VVP96).VVP96] Current tip 'LXB-96-300F'.
09/11/2018 19:04:29.1 [Lynx.Dispense(VVP96).VVP96] Plate is at location 'Loc_08' (-145.48 mm, -118.78 mm, -174.61 mm) with a stack index of 1.
09/11/2018 19:04:29.1 [Lynx.Dispense(VVP96).VVP96] VVP Pressure 'Low Volume': Pressure 30 mbar, Residual vol. 0.48 uL, Pre/Post delay 0.00/1.00
09/11/2018 19:04:29.1 [Lynx.Dispense(VVP96).VVP96] Dispense parameters (96): Ch:A01 149.0uL/0.5uL; Ch:B01 149.0uL/0.5uL; Ch:C01 149.0uL/0.5uL; Ch:D01 149.0uL/0.5uL; Ch:E01 149.0uL/0.5uL; Ch:F01 149.0uL/0.5uL; Ch:G01 149.0uL/0.5uL; Ch:H01 149.0uL/0.5uL; Ch:A02 149.0uL/0.5uL; Ch:B02 149.0uL/0.5uL; Ch:C02 149.0uL/0.5uL; Ch:D02 149.0uL/0.5uL; Ch:E02 149.0uL/0.5uL; Ch:F02 149.0uL/0.5uL; Ch:G02 149.0uL/0.5uL; Ch:H02 149.0uL/0.5uL; Ch:A03 149.0uL/0.5uL; Ch:B03 149.0uL/0.5uL; Ch:C03 149.0uL/0.5uL; Ch:D03 149.0uL/0.5uL; Ch:E03 149.0uL/0.5uL; Ch:F03 149.0uL/0.5uL; Ch:G03 149.0uL/0.5uL; Ch:H03 149.0uL/0.5uL; Ch:A04 149.0uL/0.5uL; Ch:B04 149.0uL/0.5uL; Ch:C04 149.0uL/0.5uL; Ch:D04 149.0uL/0.5uL; Ch:E04 149.0uL/0.5uL; Ch:F04 149.0uL/0.5uL; Ch:G04 149.0uL/0.5uL; Ch:H04 149.0uL/0.5uL; Ch:A05 149.0uL/0.5uL; Ch:B05 149.0uL/0.5uL; Ch:C05 149.0uL/0.5uL; Ch:D05 149.0uL/0.5uL; Ch:E05 149.0uL/0.5uL; Ch:F05 149.0uL/0.5uL; Ch:G05 149.0uL/0.5uL; Ch:H05 149.0uL/0.5uL; Ch:A06 149.0uL/0.5uL; Ch:B06 149.0uL/0.5uL; Ch:C06 149.0uL/0.5uL; Ch:D06 149.0uL/0.5uL; Ch:E06 149.0uL/0.5uL; Ch:F06 149.0uL/0.5uL; Ch:G06 149.0uL/0.5uL; Ch:H06 149.0uL/0.5uL; Ch:A07 149.0uL/0.5uL; Ch:B07 149.0uL/0.5uL; Ch:C07 149.0uL/0.5uL; Ch:D07 149.0uL/0.5uL; Ch:E07 149.0uL/0.5uL; Ch:F07 149.0uL/0.5uL; Ch:G07 149.0uL/0.5uL; Ch:H07 149.0uL/0.5uL; Ch:A08 149.0uL/0.5uL; Ch:B08 149.0uL/0.5uL; Ch:C08 149.0uL/0.5uL; Ch:D08 149.0uL/0.5uL; Ch:E08 149.0uL/0.5uL; Ch:F08 149.0uL/0.5uL; Ch:G08 149.0uL/0.5uL; Ch:H08 149.0uL/0.5uL; Ch:A09 149.0uL/0.5uL; Ch:B09 149.0uL/0.5uL; Ch:C09 149.0uL/0.5uL; Ch:D09 149.0uL/0.5uL; Ch:E09 149.0uL/0.5uL; Ch:F09 149.0uL/0.5uL; Ch:G09 149.0uL/0.5uL; Ch:H09 149.0uL/0.5uL; Ch:A10 149.0uL/0.5uL; Ch:B10 149.0uL/0.5uL; Ch:C10 149.0uL/0.5uL; Ch:D10 149.0uL/0.5uL; Ch:E10 149.0uL/0.5uL; Ch:F10 149.0uL/0.5uL; Ch:G10 149.0uL/0.5uL; Ch:H10 149.0uL/0.5uL; Ch:A11 149.0uL/0.5uL; Ch:B11 149.0uL/0.5uL; Ch:C11 149.0uL/0.5uL; Ch:D11 149.0uL/0.5uL; Ch:E11 149.0uL/0.5uL; Ch:F11 149.0uL/0.5uL; Ch:G11 149.0uL/0.5uL; Ch:H11 149.0uL/0.5uL; Ch:A12 149.0uL/0.5uL; Ch:B12 149.0uL/0.5uL; Ch:C12 149.0uL/0.5uL; Ch:D12 149.0uL/0.5uL; Ch:E12 149.0uL/0.5uL; Ch:F12 149.0uL/0.5uL; Ch:G12 149.0uL/0.5uL; Ch:H12 149.0uL/0.5uL
09/11/2018 19:04:29.1 [Lynx.Dispense(VVP96).VVP96] Post airgap parameters (0): 
09/11/2018 19:04:29.2 [Lynx.Dispense(VVP96).VVP96] Initial robot X/Y/ZStart/ZEnd coordinates: -159.86 mm, -107.54 mm, -121.96 mm, -122.96 mm, using motion profile 'Mid Speed Slow Enter/Exit'.
09/11/2018 19:04:29.2 [Lynx.Dispense(VVP96).VVP96] Initial axis positions:'XL' -309.41 mm, 'YL' -212.50 mm, 'ZL' -2.02 mm
09/11/2018 19:04:35.0 [VVP96] Set VVP: command 'Clogging Limit' with setting of 0 for 96 channels.
09/11/2018 19:04:35.2 [VVP96] Set VVP: command 'Air-to-Liquid Sens.' with setting of 0 for 96 channels.
09/11/2018 19:04:35.4 [VVP96] Set VVP: command 'Liquid-to-Air Sens.' with setting of 0 for 96 channels.
09/11/2018 19:04:36.5 [VVP96] VVP Dispense pressure is 31 mbar.
09/11/2018 19:04:38.9 [VVP96] Dispense complete.
09/11/2018 19:04:39.6 [VVP96] Average residual volume was 1.04 ul for 96 channels at 30 mbar pressure
09/11/2018 19:04:39.8 [Lynx.Dispense(VVP96).VVP96] Dispense results: Ch:A01 149.6uL/1.1uL OK, Ch:B01 149.5uL/1.0uL OK, Ch:C01 149.6uL/1.0uL OK, Ch:D01 149.5uL/1.0uL OK, Ch:E01 149.6uL/1.0uL OK, Ch:F01 149.5uL/1.0uL OK, Ch:G01 149.5uL/1.0uL OK, Ch:H01 149.5uL/1.0uL OK, Ch:A02 149.6uL/1.1uL OK, Ch:B02 149.7uL/1.1uL OK, Ch:C02 149.5uL/0.9uL OK, Ch:D02 149.7uL/1.1uL OK, Ch:E02 149.6uL/1.0uL OK, Ch:F02 149.6uL/1.0uL OK, Ch:G02 149.5uL/1.0uL OK, Ch:H02 149.7uL/1.1uL OK, Ch:A03 149.5uL/1.0uL OK, Ch:B03 149.5uL/1.0uL OK, Ch:C03 149.5uL/1.0uL OK, Ch:D03 149.6uL/1.1uL OK, Ch:E03 149.7uL/1.1uL OK, Ch:F03 149.6uL/1.1uL OK, Ch:G03 149.6uL/1.0uL OK, Ch:H03 149.7uL/1.1uL OK, Ch:A04 149.6uL/1.1uL OK, Ch:B04 149.5uL/1.0uL OK, Ch:C04 149.7uL/1.1uL OK, Ch:D04 149.7uL/1.1uL OK, Ch:E04 149.7uL/1.1uL OK, Ch:F04 149.7uL/1.1uL OK, Ch:G04 149.5uL/1.0uL OK, Ch:H04 149.6uL/1.0uL OK, Ch:A05 149.5uL/1.0uL OK, Ch:B05 149.6uL/1.1uL OK, Ch:C05 149.6uL/1.0uL OK, Ch:D05 149.5uL/1.0uL OK, Ch:E05 149.5uL/0.9uL OK, Ch:F05 149.7uL/1.1uL OK, Ch:G05 149.7uL/1.1uL OK, Ch:H05 149.6uL/1.0uL OK, Ch:A06 149.6uL/1.0uL OK, Ch:B06 149.7uL/1.1uL OK, Ch:C06 149.7uL/1.1uL OK, Ch:D06 149.5uL/1.0uL OK, Ch:E06 149.6uL/1.1uL OK, Ch:F06 149.6uL/1.0uL OK, Ch:G06 149.7uL/1.1uL OK, Ch:H06 149.6uL/1.0uL OK, Ch:A07 149.6uL/1.0uL OK, Ch:B07 149.5uL/1.0uL OK, Ch:C07 149.6uL/1.0uL OK, Ch:D07 149.5uL/1.0uL OK, Ch:E07 149.7uL/1.1uL OK, Ch:F07 149.5uL/1.0uL OK, Ch:G07 149.5uL/1.0uL OK, Ch:H07 149.7uL/1.1uL OK, Ch:A08 149.5uL/1.0uL OK, Ch:B08 149.6uL/1.0uL OK, Ch:C08 149.5uL/1.0uL OK, Ch:D08 149.5uL/1.0uL OK, Ch:E08 149.5uL/1.0uL OK, Ch:F08 149.6uL/1.1uL OK, Ch:G08 149.7uL/1.1uL OK, Ch:H08 149.7uL/1.1uL OK, Ch:A09 149.6uL/1.0uL OK, Ch:B09 149.6uL/1.1uL OK, Ch:C09 149.6uL/1.0uL OK, Ch:D09 149.7uL/1.1uL OK, Ch:E09 149.6uL/1.0uL OK, Ch:F09 149.6uL/1.0uL OK, Ch:G09 149.7uL/1.1uL OK, Ch:H09 149.5uL/1.0uL OK, Ch:A10 149.5uL/1.0uL OK, Ch:B10 149.8uL/1.2uL OK, Ch:C10 149.5uL/1.0uL OK, Ch:D10 149.6uL/1.1uL OK, Ch:E10 149.6uL/1.1uL OK, Ch:F10 149.6uL/1.0uL OK, Ch:G10 149.7uL/1.1uL OK, Ch:H10 149.6uL/1.1uL OK, Ch:A11 149.6uL/1.0uL OK, Ch:B11 149.6uL/1.0uL OK, Ch:C11 149.5uL/1.0uL OK, Ch:D11 149.6uL/1.1uL OK, Ch:E11 149.7uL/1.1uL OK, Ch:F11 149.6uL/1.1uL OK, Ch:G11 149.5uL/1.0uL OK, Ch:H11 149.6uL/1.1uL OK, Ch:A12 149.6uL/1.0uL OK, Ch:B12 149.5uL/1.0uL OK, Ch:C12 149.6uL/1.0uL OK, Ch:D12 149.6uL/1.0uL OK, Ch:E12 149.6uL/1.0uL OK, Ch:F12 149.4uL/0.9uL OK, Ch:G12 149.5uL/1.0uL OK, Ch:H12 149.6uL/1.0uL OK
09/11/2018 19:04:44.0 [Lynx.Dispense(VVP96).VVP96] Final axis positions:'XL' -159.87 mm, 'YL' -107.57 mm, 'ZL' -2.02 mm
09/11/2018 19:04:44.0 [Lynx.Dispense(VVP96).VVP96] Time to complete: 14 s.
09/11/2018 19:04:44.0 Process 'NormAndStamp.met'[3] 'Dispense(VVP96)' CommandCompleted
09/11/2018 19:04:44.1 Process 'NormAndStamp.met' MethodCompleted
1 of 1 method(s) completed successfully.
  Concurrent method 'Main' (Main) started at 09/11/2018 19:04:29.1 and finished at 09/11/2018 19:04:44.0

[User] Step.
09/11/2018 19:05:40.0 Process 'NormAndStamp.met' MethodStarted
09/11/2018 19:05:40.0 Process 'NormAndStamp.met'[3] 'Dispense(VVP96)' CommandStarted
09/11/2018 19:05:40.0 [Lynx.Dispense(VVP96).VVP96] Plate 'Fluidx_1mL_Tube_rack_01', column/row offset (0, 0), X/Y offset (0.00 mm,0.00 mm), height: 1.00 mm.
09/11/2018 19:05:40.0 [Lynx.Dispense(VVP96).VVP96] Current tip 'LXB-96-300F'.
09/11/2018 19:05:40.0 [Lynx.Dispense(VVP96).VVP96] Plate is at location 'Loc_08' (-145.48 mm, -118.78 mm, -174.61 mm) with a stack index of 1.
09/11/2018 19:05:40.0 [Lynx.Dispense(VVP96).VVP96] VVP Pressure 'Low Volume': Pressure 30 mbar, Residual vol. 0.48 uL, Pre/Post delay 0.00/1.00
09/11/2018 19:05:40.0 [Lynx.Dispense(VVP96).VVP96] Dispense parameters (96): Ch:A01 149.0uL/0.5uL; Ch:B01 149.0uL/0.5uL; Ch:C01 149.0uL/0.5uL; Ch:D01 149.0uL/0.5uL; Ch:E01 149.0uL/0.5uL; Ch:F01 149.0uL/0.5uL; Ch:G01 149.0uL/0.5uL; Ch:H01 149.0uL/0.5uL; Ch:A02 149.0uL/0.5uL; Ch:B02 149.0uL/0.5uL; Ch:C02 149.0uL/0.5uL; Ch:D02 149.0uL/0.5uL; Ch:E02 149.0uL/0.5uL; Ch:F02 149.0uL/0.5uL; Ch:G02 149.0uL/0.5uL; Ch:H02 149.0uL/0.5uL; Ch:A03 149.0uL/0.5uL; Ch:B03 149.0uL/0.5uL; Ch:C03 149.0uL/0.5uL; Ch:D03 149.0uL/0.5uL; Ch:E03 149.0uL/0.5uL; Ch:F03 149.0uL/0.5uL; Ch:G03 149.0uL/0.5uL; Ch:H03 149.0uL/0.5uL; Ch:A04 149.0uL/0.5uL; Ch:B04 149.0uL/0.5uL; Ch:C04 149.0uL/0.5uL; Ch:D04 149.0uL/0.5uL; Ch:E04 149.0uL/0.5uL; Ch:F04 149.0uL/0.5uL; Ch:G04 149.0uL/0.5uL; Ch:H04 149.0uL/0.5uL; Ch:A05 149.0uL/0.5uL; Ch:B05 149.0uL/0.5uL; Ch:C05 149.0uL/0.5uL; Ch:D05 149.0uL/0.5uL; Ch:E05 149.0uL/0.5uL; Ch:F05 149.0uL/0.5uL; Ch:G05 149.0uL/0.5uL; Ch:H05 149.0uL/0.5uL; Ch:A06 149.0uL/0.5uL; Ch:B06 149.0uL/0.5uL; Ch:C06 149.0uL/0.5uL; Ch:D06 149.0uL/0.5uL; Ch:E06 149.0uL/0.5uL; Ch:F06 149.0uL/0.5uL; Ch:G06 149.0uL/0.5uL; Ch:H06 149.0uL/0.5uL; Ch:A07 149.0uL/0.5uL; Ch:B07 149.0uL/0.5uL; Ch:C07 149.0uL/0.5uL; Ch:D07 149.0uL/0.5uL; Ch:E07 149.0uL/0.5uL; Ch:F07 149.0uL/0.5uL; Ch:G07 149.0uL/0.5uL; Ch:H07 149.0uL/0.5uL; Ch:A08 149.0uL/0.5uL; Ch:B08 149.0uL/0.5uL; Ch:C08 149.0uL/0.5uL; Ch:D08 149.0uL/0.5uL; Ch:E08 149.0uL/0.5uL; Ch:F08 149.0uL/0.5uL; Ch:G08 149.0uL/0.5uL; Ch:H08 149.0uL/0.5uL; Ch:A09 149.0uL/0.5uL; Ch:B09 149.0uL/0.5uL; Ch:C09 149.0uL/0.5uL; Ch:D09 149.0uL/0.5uL; Ch:E09 149.0uL/0.5uL; Ch:F09 149.0uL/0.5uL; Ch:G09 149.0uL/0.5uL; Ch:H09 149.0uL/0.5uL; Ch:A10 149.0uL/0.5uL; Ch:B10 149.0uL/0.5uL; Ch:C10 149.0uL/0.5uL; Ch:D10 149.0uL/0.5uL; Ch:E10 149.0uL/0.5uL; Ch:F10 149.0uL/0.5uL; Ch:G10 149.0uL/0.5uL; Ch:H10 149.0uL/0.5uL; Ch:A11 149.0uL/0.5uL; Ch:B11 149.0uL/0.5uL; Ch:C11 149.0uL/0.5uL; Ch:D11 149.0uL/0.5uL; Ch:E11 149.0uL/0.5uL; Ch:F11 149.0uL/0.5uL; Ch:G11 149.0uL/0.5uL; Ch:H11 149.0uL/0.5uL; Ch:A12 149.0uL/0.5uL; Ch:B12 149.0uL/0.5uL; Ch:C12 149.0uL/0.5uL; Ch:D12 149.0uL/0.5uL; Ch:E12 149.0uL/0.5uL; Ch:F12 149.0uL/0.5uL; Ch:G12 149.0uL/0.5uL; Ch:H12 149.0uL/0.5uL
09/11/2018 19:05:40.0 [Lynx.Dispense(VVP96).VVP96] Post airgap parameters (0): 
09/11/2018 19:05:40.0 [Lynx.Dispense(VVP96).VVP96] Tip touch X/Y/Z coordinates: -162.11 mm, -107.54 mm, -78.71 mm.
09/11/2018 19:05:40.0 [Lynx.Dispense(VVP96).VVP96] Initial robot X/Y/ZStart/ZEnd coordinates: -159.86 mm, -107.54 mm, -121.96 mm, -122.96 mm, using motion profile 'Mid Speed Slow Enter/Exit'.
09/11/2018 19:05:40.0 [Lynx.Dispense(VVP96).VVP96] Initial axis positions:'XL' -159.87 mm, 'YL' -107.57 mm, 'ZL' -2.02 mm
09/11/2018 19:05:44.9 [VVP96] Set VVP: command 'Clogging Limit' with setting of 0 for 96 channels.
09/11/2018 19:05:45.2 [VVP96] Set VVP: command 'Air-to-Liquid Sens.' with setting of 0 for 96 channels.
09/11/2018 19:05:45.4 [VVP96] Set VVP: command 'Liquid-to-Air Sens.' with setting of 0 for 96 channels.
09/11/2018 19:05:46.5 [VVP96] VVP Dispense pressure is 31 mbar.
09/11/2018 19:05:48.7 [VVP96] Dispense complete.
09/11/2018 19:05:49.5 [VVP96] Average residual volume was 1.03 ul for 96 channels at 30 mbar pressure
09/11/2018 19:05:49.7 [Lynx.Dispense(VVP96).VVP96] Dispense results: Ch:A01 149.7uL/1.1uL OK, Ch:B01 149.5uL/1.0uL OK, Ch:C01 149.6uL/1.0uL OK, Ch:D01 149.7uL/1.1uL OK, Ch:E01 149.5uL/1.0uL OK, Ch:F01 149.5uL/1.0uL OK, Ch:G01 149.5uL/1.0uL OK, Ch:H01 149.5uL/0.9uL OK, Ch:A02 149.6uL/1.0uL OK, Ch:B02 149.7uL/1.1uL OK, Ch:C02 149.6uL/1.0uL OK, Ch:D02 149.6uL/1.1uL OK, Ch:E02 149.5uL/1.0uL OK, Ch:F02 149.5uL/1.0uL OK, Ch:G02 149.6uL/1.0uL OK, Ch:H02 149.6uL/1.1uL OK, Ch:A03 149.6uL/1.0uL OK, Ch:B03 149.5uL/1.0uL OK, Ch:C03 149.5uL/1.0uL OK, Ch:D03 149.7uL/1.1uL OK, Ch:E03 149.6uL/1.1uL OK, Ch:F03 149.7uL/1.2uL OK, Ch:G03 149.6uL/1.0uL OK, Ch:H03 149.7uL/1.1uL OK, Ch:A04 149.7uL/1.1uL OK, Ch:B04 149.5uL/1.0uL OK, Ch:C04 149.6uL/1.1uL OK, Ch:D04 149.6uL/1.1uL OK, Ch:E04 149.6uL/1.1uL OK, Ch:F04 149.7uL/1.1uL OK, Ch:G04 149.6uL/1.1uL OK, Ch:H04 149.6uL/1.1uL OK, Ch:A05 149.6uL/1.0uL OK, Ch:B05 149.5uL/1.0uL OK, Ch:C05 149.5uL/1.0uL OK, Ch:D05 149.5uL/1.0uL OK, Ch:E05 149.5uL/0.9uL OK, Ch:F05 149.7uL/1.1uL OK, Ch:G05 149.7uL/1.1uL OK, Ch:H05 149.5uL/1.0uL OK, Ch:A06 149.6uL/1.0uL OK, Ch:B06 149.6uL/1.1uL OK, Ch:C06 149.5uL/1.0uL OK, Ch:D06 149.6uL/1.0uL OK, Ch:E06 149.7uL/1.1uL OK, Ch:F06 149.5uL/1.0uL OK, Ch:G06 149.5uL/1.0uL OK, Ch:H06 149.6uL/1.0uL OK, Ch:A07 149.4uL/0.9uL OK, Ch:B07 149.6uL/1.0uL OK, Ch:C07 149.5uL/1.0uL OK, Ch:D07 149.6uL/1.1uL OK, Ch:E07 149.6uL/1.1uL OK, Ch:F07 149.7uL/1.1uL OK, Ch:G07 149.6uL/1.0uL OK, Ch:H07 149.6uL/1.1uL OK, Ch:A08 149.5uL/1.0uL OK, Ch:B08 149.5uL/1.0uL OK, Ch:C08 149.6uL/1.0uL OK, Ch:D08 149.6uL/1.0uL OK, Ch:E08 149.5uL/1.0uL OK, Ch:F08 149.6uL/1.1uL OK, Ch:G08 149.6uL/1.0uL OK, Ch:H08 149.6uL/1.1uL OK, Ch:A09 149.5uL/1.0uL OK, Ch:B09 149.6uL/1.1uL OK, Ch:C09 149.5uL/1.0uL OK, Ch:D09 149.7uL/1.1uL OK, Ch:E09 149.6uL/1.1uL OK, Ch:F09 149.6uL/1.0uL OK, Ch:G09 149.7uL/1.1uL OK, Ch:H09 149.6uL/1.0uL OK, Ch:A10 149.4uL/0.9uL OK, Ch:B10 149.8uL/1.2uL OK, Ch:C10 149.5uL/1.0uL OK, Ch:D10 149.7uL/1.1uL OK, Ch:E10 149.7uL/1.1uL OK, Ch:F10 149.5uL/1.0uL OK, Ch:G10 149.6uL/1.1uL OK, Ch:H10 149.5uL/1.0uL OK, Ch:A11 149.6uL/1.0uL OK, Ch:B11 149.6uL/1.0uL OK, Ch:C11 149.5uL/1.0uL OK, Ch:D11 149.5uL/1.0uL OK, Ch:E11 149.5uL/1.0uL OK, Ch:F11 149.6uL/1.1uL OK, Ch:G11 149.6uL/1.0uL OK, Ch:H11 149.6uL/1.0uL OK, Ch:A12 149.6uL/1.0uL OK, Ch:B12 149.6uL/1.0uL OK, Ch:C12 149.6uL/1.0uL OK, Ch:D12 149.6uL/1.0uL OK, Ch:E12 149.5uL/1.0uL OK, Ch:F12 149.6uL/1.0uL OK, Ch:G12 149.6uL/1.0uL OK, Ch:H12 149.6uL/1.0uL OK
09/11/2018 19:05:55.5 [Lynx.Dispense(VVP96).VVP96] Final axis positions:'XL' -159.87 mm, 'YL' -107.57 mm, 'ZL' -2.02 mm
09/11/2018 19:05:55.6 [Lynx.Dispense(VVP96).VVP96] Time to complete: 15 s.
09/11/2018 19:05:55.6 Process 'NormAndStamp.met'[3] 'Dispense(VVP96)' CommandCompleted
09/11/2018 19:05:55.6 Process 'NormAndStamp.met' MethodCompleted
1 of 1 method(s) completed successfully.
  Concurrent method 'Main' (Main) started at 09/11/2018 19:05:39.9 and finished at 09/11/2018 19:05:55.6

[User] Step.
09/11/2018 19:06:08.3 Process 'NormAndStamp.met' MethodStarted
09/11/2018 19:06:08.3 Process 'NormAndStamp.met'[3] 'Dispense(VVP96)' CommandStarted
09/11/2018 19:06:08.3 [Lynx.Dispense(VVP96).VVP96] Plate 'Fluidx_1mL_Tube_rack_01', column/row offset (0, 0), X/Y offset (0.00 mm,0.00 mm), height: 1.00 mm.
09/11/2018 19:06:08.3 [Lynx.Dispense(VVP96).VVP96] Current tip 'LXB-96-300F'.
09/11/2018 19:06:08.3 [Lynx.Dispense(VVP96).VVP96] Plate is at location 'Loc_08' (-145.48 mm, -118.78 mm, -174.61 mm) with a stack index of 1.
09/11/2018 19:06:08.3 [Lynx.Dispense(VVP96).VVP96] VVP Pressure 'Low Volume': Pressure 30 mbar, Residual vol. 0.48 uL, Pre/Post delay 0.00/1.00
09/11/2018 19:06:08.3 [Lynx.Dispense(VVP96).VVP96] Dispense parameters (96): Ch:A01 149.0uL/0.5uL; Ch:B01 149.0uL/0.5uL; Ch:C01 149.0uL/0.5uL; Ch:D01 149.0uL/0.5uL; Ch:E01 149.0uL/0.5uL; Ch:F01 149.0uL/0.5uL; Ch:G01 149.0uL/0.5uL; Ch:H01 149.0uL/0.5uL; Ch:A02 149.0uL/0.5uL; Ch:B02 149.0uL/0.5uL; Ch:C02 149.0uL/0.5uL; Ch:D02 149.0uL/0.5uL; Ch:E02 149.0uL/0.5uL; Ch:F02 149.0uL/0.5uL; Ch:G02 149.0uL/0.5uL; Ch:H02 149.0uL/0.5uL; Ch:A03 149.0uL/0.5uL; Ch:B03 149.0uL/0.5uL; Ch:C03 149.0uL/0.5uL; Ch:D03 149.0uL/0.5uL; Ch:E03 149.0uL/0.5uL; Ch:F03 149.0uL/0.5uL; Ch:G03 149.0uL/0.5uL; Ch:H03 149.0uL/0.5uL; Ch:A04 149.0uL/0.5uL; Ch:B04 149.0uL/0.5uL; Ch:C04 149.0uL/0.5uL; Ch:D04 149.0uL/0.5uL; Ch:E04 149.0uL/0.5uL; Ch:F04 149.0uL/0.5uL; Ch:G04 149.0uL/0.5uL; Ch:H04 149.0uL/0.5uL; Ch:A05 149.0uL/0.5uL; Ch:B05 149.0uL/0.5uL; Ch:C05 149.0uL/0.5uL; Ch:D05 149.0uL/0.5uL; Ch:E05 149.0uL/0.5uL; Ch:F05 149.0uL/0.5uL; Ch:G05 149.0uL/0.5uL; Ch:H05 149.0uL/0.5uL; Ch:A06 149.0uL/0.5uL; Ch:B06 149.0uL/0.5uL; Ch:C06 149.0uL/0.5uL; Ch:D06 149.0uL/0.5uL; Ch:E06 149.0uL/0.5uL; Ch:F06 149.0uL/0.5uL; Ch:G06 149.0uL/0.5uL; Ch:H06 149.0uL/0.5uL; Ch:A07 149.0uL/0.5uL; Ch:B07 149.0uL/0.5uL; Ch:C07 149.0uL/0.5uL; Ch:D07 149.0uL/0.5uL; Ch:E07 149.0uL/0.5uL; Ch:F07 149.0uL/0.5uL; Ch:G07 149.0uL/0.5uL; Ch:H07 149.0uL/0.5uL; Ch:A08 149.0uL/0.5uL; Ch:B08 149.0uL/0.5uL; Ch:C08 149.0uL/0.5uL; Ch:D08 149.0uL/0.5uL; Ch:E08 149.0uL/0.5uL; Ch:F08 149.0uL/0.5uL; Ch:G08 149.0uL/0.5uL; Ch:H08 149.0uL/0.5uL; Ch:A09 149.0uL/0.5uL; Ch:B09 149.0uL/0.5uL; Ch:C09 149.0uL/0.5uL; Ch:D09 149.0uL/0.5uL; Ch:E09 149.0uL/0.5uL; Ch:F09 149.0uL/0.5uL; Ch:G09 149.0uL/0.5uL; Ch:H09 149.0uL/0.5uL; Ch:A10 149.0uL/0.5uL; Ch:B10 149.0uL/0.5uL; Ch:C10 149.0uL/0.5uL; Ch:D10 149.0uL/0.5uL; Ch:E10 149.0uL/0.5uL; Ch:F10 149.0uL/0.5uL; Ch:G10 149.0uL/0.5uL; Ch:H10 149.0uL/0.5uL; Ch:A11 149.0uL/0.5uL; Ch:B11 149.0uL/0.5uL; Ch:C11 149.0uL/0.5uL; Ch:D11 149.0uL/0.5uL; Ch:E11 149.0uL/0.5uL; Ch:F11 149.0uL/0.5uL; Ch:G11 149.0uL/0.5uL; Ch:H11 149.0uL/0.5uL; Ch:A12 149.0uL/0.5uL; Ch:B12 149.0uL/0.5uL; Ch:C12 149.0uL/0.5uL; Ch:D12 149.0uL/0.5uL; Ch:E12 149.0uL/0.5uL; Ch:F12 149.0uL/0.5uL; Ch:G12 149.0uL/0.5uL; Ch:H12 149.0uL/0.5uL
09/11/2018 19:06:08.3 [Lynx.Dispense(VVP96).VVP96] Post airgap parameters (0): 
09/11/2018 19:06:08.3 [Lynx.Dispense(VVP96).VVP96] Tip touch X/Y/Z coordinates: -162.11 mm, -107.54 mm, -78.71 mm.
09/11/2018 19:06:08.3 [Lynx.Dispense(VVP96).VVP96] Initial robot X/Y/ZStart/ZEnd coordinates: -159.86 mm, -107.54 mm, -121.96 mm, -122.96 mm, using motion profile 'Mid Speed Slow Enter/Exit'.
09/11/2018 19:06:08.3 [Lynx.Dispense(VVP96).VVP96] Initial axis positions:'XL' -159.87 mm, 'YL' -107.57 mm, 'ZL' -2.02 mm
09/11/2018 19:06:12.9 [VVP96] Set VVP: command 'Clogging Limit' with setting of 0 for 96 channels.
09/11/2018 19:06:13.1 [VVP96] Set VVP: command 'Air-to-Liquid Sens.' with setting of 0 for 96 channels.
09/11/2018 19:06:13.4 [VVP96] Set VVP: command 'Liquid-to-Air Sens.' with setting of 0 for 96 channels.
09/11/2018 19:06:15.1 [VVP96] VVP Dispense pressure is 31 mbar.
09/11/2018 19:06:17.5 [VVP96] Dispense complete.
09/11/2018 19:06:18.1 [VVP96] Average residual volume was 1.03 ul for 96 channels at 30 mbar pressure
09/11/2018 19:06:18.3 [Lynx.Dispense(VVP96).VVP96] Dispense results: Ch:A01 149.6uL/1.0uL OK, Ch:B01 149.5uL/1.0uL OK, Ch:C01 149.6uL/1.0uL OK, Ch:D01 149.7uL/1.1uL OK, Ch:E01 149.6uL/1.0uL OK, Ch:F01 149.5uL/1.0uL OK, Ch:G01 149.5uL/1.0uL OK, Ch:H01 149.6uL/1.0uL OK, Ch:A02 149.5uL/1.0uL OK, Ch:B02 149.6uL/1.1uL OK, Ch:C02 149.5uL/1.0uL OK, Ch:D02 149.6uL/1.1uL OK, Ch:E02 149.5uL/1.0uL OK, Ch:F02 149.5uL/1.0uL OK, Ch:G02 149.5uL/1.0uL OK, Ch:H02 149.7uL/1.1uL OK, Ch:A03 149.6uL/1.0uL OK, Ch:B03 149.6uL/1.0uL OK, Ch:C03 149.5uL/0.9uL OK, Ch:D03 149.8uL/1.2uL OK, Ch:E03 149.7uL/1.1uL OK, Ch:F03 149.7uL/1.1uL OK, Ch:G03 149.6uL/1.0uL OK, Ch:H03 149.7uL/1.1uL OK, Ch:A04 149.6uL/1.1uL OK, Ch:B04 149.7uL/1.1uL OK, Ch:C04 149.6uL/1.1uL OK, Ch:D04 149.5uL/1.0uL OK, Ch:E04 149.7uL/1.1uL OK, Ch:F04 149.6uL/1.1uL OK, Ch:G04 149.5uL/1.0uL OK, Ch:H04 149.7uL/1.1uL OK, Ch:A05 149.5uL/1.0uL OK, Ch:B05 149.6uL/1.0uL OK, Ch:C05 149.6uL/1.0uL OK, Ch:D05 149.5uL/0.9uL OK, Ch:E05 149.5uL/1.0uL OK, Ch:F05 149.7uL/1.1uL OK, Ch:G05 149.6uL/1.1uL OK, Ch:H05 149.6uL/1.0uL OK, Ch:A06 149.6uL/1.0uL OK, Ch:B06 149.5uL/1.0uL OK, Ch:C06 149.7uL/1.1uL OK, Ch:D06 149.5uL/1.0uL OK, Ch:E06 149.7uL/1.1uL OK, Ch:F06 149.5uL/0.9uL OK, Ch:G06 149.6uL/1.1uL OK, Ch:H06 149.5uL/1.0uL OK, Ch:A07 149.6uL/1.0uL OK, Ch:B07 149.5uL/1.0uL OK, Ch:C07 149.5uL/1.0uL OK, Ch:D07 149.6uL/1.0uL OK, Ch:E07 149.6uL/1.1uL OK, Ch:F07 149.6uL/1.0uL OK, Ch:G07 149.5uL/0.9uL OK, Ch:H07 149.6uL/1.1uL OK, Ch:A08 149.6uL/1.0uL OK, Ch:B08 149.5uL/1.0uL OK, Ch:C08 149.5uL/1.0uL OK, Ch:D08 149.5uL/1.0uL OK, Ch:E08 149.5uL/1.0uL OK, Ch:F08 149.6uL/1.1uL OK, Ch:G08 149.7uL/1.1uL OK, Ch:H08 149.7uL/1.1uL OK, Ch:A09 149.6uL/1.0uL OK, Ch:B09 149.7uL/1.1uL OK, Ch:C09 149.5uL/1.0uL OK, Ch:D09 149.7uL/1.1uL OK, Ch:E09 149.6uL/1.0uL OK, Ch:F09 149.6uL/1.0uL OK, Ch:G09 149.6uL/1.1uL OK, Ch:H09 149.6uL/1.0uL OK, Ch:A10 149.6uL/1.0uL OK, Ch:B10 149.8uL/1.2uL OK, Ch:C10 149.5uL/1.0uL OK, Ch:D10 149.7uL/1.1uL OK, Ch:E10 149.6uL/1.1uL OK, Ch:F10 149.6uL/1.0uL OK, Ch:G10 149.5uL/1.0uL OK, Ch:H10 149.6uL/1.0uL OK, Ch:A11 149.6uL/1.0uL OK, Ch:B11 149.5uL/1.0uL OK, Ch:C11 149.5uL/1.0uL OK, Ch:D11 149.5uL/1.0uL OK, Ch:E11 149.7uL/1.1uL OK, Ch:F11 149.5uL/1.0uL OK, Ch:G11 149.5uL/1.0uL OK, Ch:H11 149.5uL/1.0uL OK, Ch:A12 149.5uL/0.9uL OK, Ch:B12 149.6uL/1.0uL OK, Ch:C12 149.5uL/1.0uL OK, Ch:D12 149.6uL/1.0uL OK, Ch:E12 149.5uL/1.0uL OK, Ch:F12 149.4uL/0.9uL OK, Ch:G12 149.5uL/1.0uL OK, Ch:H12 149.5uL/1.0uL OK
09/11/2018 19:06:24.1 [Lynx.Dispense(VVP96).VVP96] Final axis positions:'XL' -159.87 mm, 'YL' -107.57 mm, 'ZL' -2.02 mm
09/11/2018 19:06:24.2 [Lynx.Dispense(VVP96).VVP96] Time to complete: 15 s.
09/11/2018 19:06:24.2 Process 'NormAndStamp.met'[3] 'Dispense(VVP96)' CommandCompleted
09/11/2018 19:06:24.2 Process 'NormAndStamp.met' MethodCompleted
1 of 1 method(s) completed successfully.
  Concurrent method 'Main' (Main) started at 09/11/2018 19:06:08.3 and finished at 09/11/2018 19:06:24.2

[User] Step.
09/11/2018 19:06:42.3 Process 'NormAndStamp.met' MethodStarted
09/11/2018 19:06:42.3 Process 'NormAndStamp.met'[3] 'Dispense(VVP96)' CommandStarted
09/11/2018 19:06:42.3 [Lynx.Dispense(VVP96).VVP96] Plate 'Fluidx_1mL_Tube_rack_01', column/row offset (0, 0), X/Y offset (0.00 mm,0.00 mm), height: 1.00 mm.
09/11/2018 19:06:42.3 [Lynx.Dispense(VVP96).VVP96] Current tip 'LXB-96-300F'.
09/11/2018 19:06:42.3 [Lynx.Dispense(VVP96).VVP96] Plate is at location 'Loc_08' (-145.48 mm, -118.78 mm, -174.61 mm) with a stack index of 1.
09/11/2018 19:06:42.3 [Lynx.Dispense(VVP96).VVP96] VVP Pressure 'Low Volume': Pressure 30 mbar, Residual vol. 0.48 uL, Pre/Post delay 0.00/1.00
09/11/2018 19:06:42.3 [Lynx.Dispense(VVP96).VVP96] Dispense parameters (96): Ch:A01 149.0uL/0.5uL; Ch:B01 149.0uL/0.5uL; Ch:C01 149.0uL/0.5uL; Ch:D01 149.0uL/0.5uL; Ch:E01 149.0uL/0.5uL; Ch:F01 149.0uL/0.5uL; Ch:G01 149.0uL/0.5uL; Ch:H01 149.0uL/0.5uL; Ch:A02 149.0uL/0.5uL; Ch:B02 149.0uL/0.5uL; Ch:C02 149.0uL/0.5uL; Ch:D02 149.0uL/0.5uL; Ch:E02 149.0uL/0.5uL; Ch:F02 149.0uL/0.5uL; Ch:G02 149.0uL/0.5uL; Ch:H02 149.0uL/0.5uL; Ch:A03 149.0uL/0.5uL; Ch:B03 149.0uL/0.5uL; Ch:C03 149.0uL/0.5uL; Ch:D03 149.0uL/0.5uL; Ch:E03 149.0uL/0.5uL; Ch:F03 149.0uL/0.5uL; Ch:G03 149.0uL/0.5uL; Ch:H03 149.0uL/0.5uL; Ch:A04 149.0uL/0.5uL; Ch:B04 149.0uL/0.5uL; Ch:C04 149.0uL/0.5uL; Ch:D04 149.0uL/0.5uL; Ch:E04 149.0uL/0.5uL; Ch:F04 149.0uL/0.5uL; Ch:G04 149.0uL/0.5uL; Ch:H04 149.0uL/0.5uL; Ch:A05 149.0uL/0.5uL; Ch:B05 149.0uL/0.5uL; Ch:C05 149.0uL/0.5uL; Ch:D05 149.0uL/0.5uL; Ch:E05 149.0uL/0.5uL; Ch:F05 149.0uL/0.5uL; Ch:G05 149.0uL/0.5uL; Ch:H05 149.0uL/0.5uL; Ch:A06 149.0uL/0.5uL; Ch:B06 149.0uL/0.5uL; Ch:C06 149.0uL/0.5uL; Ch:D06 149.0uL/0.5uL; Ch:E06 149.0uL/0.5uL; Ch:F06 149.0uL/0.5uL; Ch:G06 149.0uL/0.5uL; Ch:H06 149.0uL/0.5uL; Ch:A07 149.0uL/0.5uL; Ch:B07 149.0uL/0.5uL; Ch:C07 149.0uL/0.5uL; Ch:D07 149.0uL/0.5uL; Ch:E07 149.0uL/0.5uL; Ch:F07 149.0uL/0.5uL; Ch:G07 149.0uL/0.5uL; Ch:H07 149.0uL/0.5uL; Ch:A08 149.0uL/0.5uL; Ch:B08 149.0uL/0.5uL; Ch:C08 149.0uL/0.5uL; Ch:D08 149.0uL/0.5uL; Ch:E08 149.0uL/0.5uL; Ch:F08 149.0uL/0.5uL; Ch:G08 149.0uL/0.5uL; Ch:H08 149.0uL/0.5uL; Ch:A09 149.0uL/0.5uL; Ch:B09 149.0uL/0.5uL; Ch:C09 149.0uL/0.5uL; Ch:D09 149.0uL/0.5uL; Ch:E09 149.0uL/0.5uL; Ch:F09 149.0uL/0.5uL; Ch:G09 149.0uL/0.5uL; Ch:H09 149.0uL/0.5uL; Ch:A10 149.0uL/0.5uL; Ch:B10 149.0uL/0.5uL; Ch:C10 149.0uL/0.5uL; Ch:D10 149.0uL/0.5uL; Ch:E10 149.0uL/0.5uL; Ch:F10 149.0uL/0.5uL; Ch:G10 149.0uL/0.5uL; Ch:H10 149.0uL/0.5uL; Ch:A11 149.0uL/0.5uL; Ch:B11 149.0uL/0.5uL; Ch:C11 149.0uL/0.5uL; Ch:D11 149.0uL/0.5uL; Ch:E11 149.0uL/0.5uL; Ch:F11 149.0uL/0.5uL; Ch:G11 149.0uL/0.5uL; Ch:H11 149.0uL/0.5uL; Ch:A12 149.0uL/0.5uL; Ch:B12 149.0uL/0.5uL; Ch:C12 149.0uL/0.5uL; Ch:D12 149.0uL/0.5uL; Ch:E12 149.0uL/0.5uL; Ch:F12 149.0uL/0.5uL; Ch:G12 149.0uL/0.5uL; Ch:H12 149.0uL/0.5uL
09/11/2018 19:06:42.3 [Lynx.Dispense(VVP96).VVP96] Post airgap parameters (0): 
09/11/2018 19:06:42.3 [Lynx.Dispense(VVP96).VVP96] Tip touch X/Y/Z coordinates: -162.11 mm, -107.54 mm, -78.71 mm.
09/11/2018 19:06:42.3 [Lynx.Dispense(VVP96).VVP96] Initial robot X/Y/ZStart/ZEnd coordinates: -159.86 mm, -107.54 mm, -121.96 mm, -122.96 mm, using motion profile 'Mid Speed Slow Enter/Exit'.
09/11/2018 19:06:42.3 [Lynx.Dispense(VVP96).VVP96] Initial axis positions:'XL' -159.87 mm, 'YL' -107.57 mm, 'ZL' -2.02 mm
09/11/2018 19:06:46.9 [VVP96] Set VVP: command 'Clogging Limit' with setting of 0 for 96 channels.
09/11/2018 19:06:47.2 [VVP96] Set VVP: command 'Air-to-Liquid Sens.' with setting of 0 for 96 channels.
09/11/2018 19:06:47.9 [VVP96] Set VVP: command 'Liquid-to-Air Sens.' with setting of 0 for 96 channels.
09/11/2018 19:06:49.1 [VVP96] VVP Dispense pressure is 30 mbar.
09/11/2018 19:06:51.3 [VVP96] Dispense complete.
09/11/2018 19:06:51.9 [VVP96] Average residual volume was 1.03 ul for 96 channels at 30 mbar pressure
09/11/2018 19:06:52.1 [Lynx.Dispense(VVP96).VVP96] Dispense results: Ch:A01 149.5uL/1.0uL OK, Ch:B01 149.6uL/1.0uL OK, Ch:C01 149.6uL/1.0uL OK, Ch:D01 149.6uL/1.1uL OK, Ch:E01 149.5uL/1.0uL OK, Ch:F01 149.6uL/1.0uL OK, Ch:G01 149.5uL/1.0uL OK, Ch:H01 149.5uL/1.0uL OK, Ch:A02 149.7uL/1.1uL OK, Ch:B02 149.7uL/1.1uL OK, Ch:C02 149.6uL/1.0uL OK, Ch:D02 149.7uL/1.1uL OK, Ch:E02 149.7uL/1.1uL OK, Ch:F02 149.6uL/1.0uL OK, Ch:G02 149.5uL/1.0uL OK, Ch:H02 149.6uL/1.1uL OK, Ch:A03 149.5uL/1.0uL OK, Ch:B03 149.5uL/1.0uL OK, Ch:C03 149.6uL/1.0uL OK, Ch:D03 149.6uL/1.1uL OK, Ch:E03 149.6uL/1.1uL OK, Ch:F03 149.7uL/1.1uL OK, Ch:G03 149.6uL/1.0uL OK, Ch:H03 149.7uL/1.1uL OK, Ch:A04 149.6uL/1.1uL OK, Ch:B04 149.7uL/1.1uL OK, Ch:C04 149.6uL/1.1uL OK, Ch:D04 149.6uL/1.0uL OK, Ch:E04 149.7uL/1.1uL OK, Ch:F04 149.6uL/1.1uL OK, Ch:G04 149.6uL/1.0uL OK, Ch:H04 149.6uL/1.1uL OK, Ch:A05 149.5uL/1.0uL OK, Ch:B05 149.7uL/1.1uL OK, Ch:C05 149.5uL/1.0uL OK, Ch:D05 149.4uL/0.9uL OK, Ch:E05 149.6uL/1.0uL OK, Ch:F05 149.7uL/1.1uL OK, Ch:G05 149.6uL/1.1uL OK, Ch:H05 149.6uL/1.0uL OK, Ch:A06 149.5uL/1.0uL OK, Ch:B06 149.6uL/1.1uL OK, Ch:C06 149.5uL/1.0uL OK, Ch:D06 149.7uL/1.1uL OK, Ch:E06 149.6uL/1.1uL OK, Ch:F06 149.5uL/1.0uL OK, Ch:G06 149.6uL/1.0uL OK, Ch:H06 149.5uL/1.0uL OK, Ch:A07 149.6uL/1.0uL OK, Ch:B07 149.5uL/1.0uL OK, Ch:C07 149.5uL/1.0uL OK, Ch:D07 149.5uL/1.0uL OK, Ch:E07 149.6uL/1.1uL OK, Ch:F07 149.6uL/1.0uL OK, Ch:G07 149.5uL/0.9uL OK, Ch:H07 149.6uL/1.0uL OK, Ch:A08 149.6uL/1.0uL OK, Ch:B08 149.5uL/0.9uL OK, Ch:C08 149.6uL/1.0uL OK, Ch:D08 149.7uL/1.1uL OK, Ch:E08 149.6uL/1.0uL OK, Ch:F08 149.7uL/1.1uL OK, Ch:G08 149.7uL/1.1uL OK, Ch:H08 149.7uL/1.1uL OK, Ch:A09 149.6uL/1.0uL OK, Ch:B09 149.6uL/1.0uL OK, Ch:C09 149.4uL/0.9uL OK, Ch:D09 149.6uL/1.1uL OK, Ch:E09 149.6uL/1.0uL OK, Ch:F09 149.6uL/1.0uL OK, Ch:G09 149.7uL/1.1uL OK, Ch:H09 149.7uL/1.1uL OK, Ch:A10 149.5uL/1.0uL OK, Ch:B10 149.8uL/1.2uL OK, Ch:C10 149.6uL/1.0uL OK, Ch:D10 149.7uL/1.1uL OK, Ch:E10 149.6uL/1.1uL OK, Ch:F10 149.6uL/1.0uL OK, Ch:G10 149.6uL/1.0uL OK, Ch:H10 149.7uL/1.1uL OK, Ch:A11 149.5uL/1.0uL OK, Ch:B11 149.6uL/1.0uL OK, Ch:C11 149.5uL/1.0uL OK, Ch:D11 149.5uL/1.0uL OK, Ch:E11 149.7uL/1.1uL OK, Ch:F11 149.7uL/1.1uL OK, Ch:G11 149.5uL/1.0uL OK, Ch:H11 149.7uL/1.1uL OK, Ch:A12 149.5uL/0.9uL OK, Ch:B12 149.6uL/1.0uL OK, Ch:C12 149.6uL/1.0uL OK, Ch:D12 149.5uL/1.0uL OK, Ch:E12 149.6uL/1.0uL OK, Ch:F12 149.5uL/0.9uL OK, Ch:G12 149.5uL/1.0uL OK, Ch:H12 149.6uL/1.0uL OK
09/11/2018 19:06:58.0 [Lynx.Dispense(VVP96).VVP96] Final axis positions:'XL' -159.87 mm, 'YL' -107.57 mm, 'ZL' -2.02 mm
09/11/2018 19:06:58.0 [Lynx.Dispense(VVP96).VVP96] Time to complete: 15 s.
09/11/2018 19:06:58.0 Process 'NormAndStamp.met'[3] 'Dispense(VVP96)' CommandCompleted
09/11/2018 19:06:58.0 Process 'NormAndStamp.met' MethodCompleted
1 of 1 method(s) completed successfully.
  Concurrent method 'Main' (Main) started at 09/11/2018 19:06:42.3 and finished at 09/11/2018 19:06:58.0

[User] Step.
09/11/2018 19:07:23.1 Process 'NormAndStamp.met' MethodStarted
09/11/2018 19:07:23.1 Process 'NormAndStamp.met'[5] 'Eject Tips(VVP96)' CommandStarted
09/11/2018 19:07:23.1 [Lynx.Eject Tips(VVP96).VVP96] Plate 'LXB-96-300F_01', column/row offset (0, 0), X/Y offset (0.00 mm,0.00 mm), height: 6.50 mm.
09/11/2018 19:07:23.1 [Lynx.Eject Tips(VVP96).VVP96] Current tip 'LXB-96-300F'.
09/11/2018 19:07:23.1 [Lynx.Eject Tips(VVP96).VVP96] Plate is at location 'Loc_09' (-145.89 mm, -222.91 mm, -174.56 mm) with a stack index of 1.
09/11/2018 19:07:23.1 [Lynx.Eject Tips(VVP96).VVP96] Initial robot X/Y/ZStart/ZEnd coordinates: -160.27 mm, -211.67 mm, -2.00 mm, -106.56 mm, using motion profile 'Tip Eject'.
09/11/2018 19:07:23.1 [Lynx.Eject Tips(VVP96).VVP96] Initial axis positions:'XL' -159.87 mm, 'YL' -107.57 mm, 'ZL' -2.02 mm
09/11/2018 19:07:28.1 [VVP96] Tip ejection performed 2 times.
09/11/2018 19:07:29.5 [Lynx.Eject Tips(VVP96).VVP96] No current tip.
09/11/2018 19:07:29.5 [Lynx.Eject Tips(VVP96).VVP96] Time to complete: 6 s.
09/11/2018 19:07:29.5 Process 'NormAndStamp.met'[5] 'Eject Tips(VVP96)' CommandCompleted
09/11/2018 19:07:29.5 Process 'NormAndStamp.met' MethodCompleted
1 of 1 method(s) completed successfully.
  Concurrent method 'Main' (Main) started at 09/11/2018 19:07:23.1 and finished at 09/11/2018 19:07:29.5

[User] Step.
09/11/2018 19:10:04.7 Process 'NormAndStamp.met' MethodStarted
09/11/2018 19:10:04.7 Process 'NormAndStamp.met'[1] 'Load Tips(VVP96)' CommandStarted
09/11/2018 19:10:04.7 [Lynx.Load Tips(VVP96).VVP96] Plate 'LXB-96-300F_01', column/row offset (0, 0), X/Y offset (0.00 mm,0.00 mm), height: 0.00 mm.
09/11/2018 19:10:04.7 [Lynx.Load Tips(VVP96).VVP96] No current tip.
09/11/2018 19:10:04.7 [Lynx.Load Tips(VVP96).VVP96] Tip loading depth for tip type 'LXB-96-300F' is 10.4 mm.
09/11/2018 19:10:04.7 [Lynx.Load Tips(VVP96).VVP96] Plate is at location 'Loc_09' (-145.89 mm, -222.91 mm, -174.56 mm) with a stack index of 1.
09/11/2018 19:10:04.7 [Lynx.Load Tips(VVP96).VVP96] Tip loading height adjustment is 0.0 mm and Z axis force limit is 30% of full power.
09/11/2018 19:10:04.7 [Lynx.Load Tips(VVP96).VVP96] Tip loading Z error limit will be 10.0 mm, XY error window will be 50.0 mm, and the XY axis holding force fraction will be 20%
09/11/2018 19:10:04.7 [Lynx.Load Tips(VVP96).VVP96] Initial robot X/Y/ZStart/ZEnd coordinates: -160.27 mm, -211.67 mm, -2.00 mm, -123.46 mm, using motion profile 'Tip Load'.
09/11/2018 19:10:04.7 [Lynx.Load Tips(VVP96).VVP96] Initial axis positions:'XL' -160.26 mm, 'YL' -211.67 mm, 'ZL' -2.02 mm
09/11/2018 19:10:06.3 [XL] Relative motor limit setting 20.0%, changing limit from 100.0% to 20.0%
09/11/2018 19:10:06.3 [YL] Relative motor limit setting 20.0%, changing limit from 70.0% to 14.0%
09/11/2018 19:10:09.3 [Lynx.Load Tips(VVP96).VVP96] Maximum recorded tip load values: Position error 1.7 mm, motor current 26.6 %
09/11/2018 19:10:09.3 [Lynx.Load Tips(VVP96).VVP96] Tip load Z-axis motion complete.
09/11/2018 19:10:09.3 [Lynx.Load Tips(VVP96).VVP96] Tip load position errors for X/Y/Z: -0.05 mm, 0.27 mm, -1.73 mm
09/11/2018 19:10:09.6 [ZL] Absolute motor limit setting 24.0%, changing limit from 30.0% to 24.0%
09/11/2018 19:10:09.7 [ZL] Absolute motor limit setting 18.0%, changing limit from 24.0% to 18.0%
09/11/2018 19:10:09.8 [ZL] Absolute motor limit setting 12.0%, changing limit from 18.0% to 12.0%
09/11/2018 19:10:09.9 [ZL] Absolute motor limit setting 6.0%, changing limit from 12.0% to 6.0%
09/11/2018 19:10:10.0 [ZL] Relative motor limit setting 100.0%, changing limit from 6.0% to 30.0%
09/11/2018 19:10:11.7 [XL] Relative motor limit setting 100.0%, changing limit from 20.0% to 100.0%
09/11/2018 19:10:11.7 [YL] Relative motor limit setting 100.0%, changing limit from 14.0% to 70.0%
09/11/2018 19:10:11.7 [Lynx.Load Tips(VVP96).VVP96] Final axis positions:'XL' -160.26 mm, 'YL' -211.68 mm, 'ZL' -2.02 mm
09/11/2018 19:10:11.7 [Lynx.Load Tips(VVP96).VVP96] Current tip 'LXB-96-300F'.
09/11/2018 19:10:11.7 [Lynx.Load Tips(VVP96).VVP96] Time to complete: 7 s.
09/11/2018 19:10:11.7 Process 'NormAndStamp.met'[1] 'Load Tips(VVP96)' CommandCompleted
09/11/2018 19:10:11.8 Process 'NormAndStamp.met' MethodCompleted
1 of 1 method(s) completed successfully.
  Concurrent method 'Main' (Main) started at 09/11/2018 19:10:04.7 and finished at 09/11/2018 19:10:11.8

[User] Step.
09/11/2018 19:10:34.6 Process 'NormAndStamp.met' MethodStarted
09/11/2018 19:10:34.6 Process 'NormAndStamp.met'[2] 'Aspirate(VVP96)' CommandStarted
09/11/2018 19:10:34.7 [Lynx.Aspirate(VVP96).VVP96] Plate 'AutofillTrough_01', column/row offset (0, 0), X/Y offset (0.00 mm,0.00 mm), height: 1.00 mm.
09/11/2018 19:10:34.7 [Lynx.Aspirate(VVP96).VVP96] Current tip 'LXB-96-300F'.
09/11/2018 19:10:34.7 [Lynx.Aspirate(VVP96).VVP96] Plate is at location 'Loc_16' (-294.49 mm, -327.72 mm, -174.94 mm) with a stack index of 1.
09/11/2018 19:10:34.7 [Lynx.Aspirate(VVP96).VVP96] VVP Pressure 'Low Volume': Pressure 30 mbar, Residual vol. 0.44 uL, Pre/Post delay 0.00/1.00
09/11/2018 19:10:34.7 [Lynx.Aspirate(VVP96).VVP96] Aspirate parameters (96): Ch:A01 150.0uL/0.4uL; Ch:B01 150.0uL/0.4uL; Ch:C01 150.0uL/0.4uL; Ch:D01 150.0uL/0.4uL; Ch:E01 150.0uL/0.4uL; Ch:F01 150.0uL/0.4uL; Ch:G01 150.0uL/0.4uL; Ch:H01 150.0uL/0.4uL; Ch:A02 150.0uL/0.4uL; Ch:B02 150.0uL/0.4uL; Ch:C02 150.0uL/0.4uL; Ch:D02 150.0uL/0.4uL; Ch:E02 150.0uL/0.4uL; Ch:F02 150.0uL/0.4uL; Ch:G02 150.0uL/0.4uL; Ch:H02 150.0uL/0.4uL; Ch:A03 150.0uL/0.4uL; Ch:B03 150.0uL/0.4uL; Ch:C03 150.0uL/0.4uL; Ch:D03 150.0uL/0.4uL; Ch:E03 150.0uL/0.4uL; Ch:F03 150.0uL/0.4uL; Ch:G03 150.0uL/0.4uL; Ch:H03 150.0uL/0.4uL; Ch:A04 150.0uL/0.4uL; Ch:B04 150.0uL/0.4uL; Ch:C04 150.0uL/0.4uL; Ch:D04 150.0uL/0.4uL; Ch:E04 150.0uL/0.4uL; Ch:F04 150.0uL/0.4uL; Ch:G04 150.0uL/0.4uL; Ch:H04 150.0uL/0.4uL; Ch:A05 150.0uL/0.4uL; Ch:B05 150.0uL/0.4uL; Ch:C05 150.0uL/0.4uL; Ch:D05 150.0uL/0.4uL; Ch:E05 150.0uL/0.4uL; Ch:F05 150.0uL/0.4uL; Ch:G05 150.0uL/0.4uL; Ch:H05 150.0uL/0.4uL; Ch:A06 150.0uL/0.4uL; Ch:B06 150.0uL/0.4uL; Ch:C06 150.0uL/0.4uL; Ch:D06 150.0uL/0.4uL; Ch:E06 150.0uL/0.4uL; Ch:F06 150.0uL/0.4uL; Ch:G06 150.0uL/0.4uL; Ch:H06 150.0uL/0.4uL; Ch:A07 150.0uL/0.4uL; Ch:B07 150.0uL/0.4uL; Ch:C07 150.0uL/0.4uL; Ch:D07 150.0uL/0.4uL; Ch:E07 150.0uL/0.4uL; Ch:F07 150.0uL/0.4uL; Ch:G07 150.0uL/0.4uL; Ch:H07 150.0uL/0.4uL; Ch:A08 150.0uL/0.4uL; Ch:B08 150.0uL/0.4uL; Ch:C08 150.0uL/0.4uL; Ch:D08 150.0uL/0.4uL; Ch:E08 150.0uL/0.4uL; Ch:F08 150.0uL/0.4uL; Ch:G08 150.0uL/0.4uL; Ch:H08 150.0uL/0.4uL; Ch:A09 150.0uL/0.4uL; Ch:B09 150.0uL/0.4uL; Ch:C09 150.0uL/0.4uL; Ch:D09 150.0uL/0.4uL; Ch:E09 150.0uL/0.4uL; Ch:F09 150.0uL/0.4uL; Ch:G09 150.0uL/0.4uL; Ch:H09 150.0uL/0.4uL; Ch:A10 150.0uL/0.4uL; Ch:B10 150.0uL/0.4uL; Ch:C10 150.0uL/0.4uL; Ch:D10 150.0uL/0.4uL; Ch:E10 150.0uL/0.4uL; Ch:F10 150.0uL/0.4uL; Ch:G10 150.0uL/0.4uL; Ch:H10 150.0uL/0.4uL; Ch:A11 150.0uL/0.4uL; Ch:B11 150.0uL/0.4uL; Ch:C11 150.0uL/0.4uL; Ch:D11 150.0uL/0.4uL; Ch:E11 150.0uL/0.4uL; Ch:F11 150.0uL/0.4uL; Ch:G11 150.0uL/0.4uL; Ch:H11 150.0uL/0.4uL; Ch:A12 150.0uL/0.4uL; Ch:B12 150.0uL/0.4uL; Ch:C12 150.0uL/0.4uL; Ch:D12 150.0uL/0.4uL; Ch:E12 150.0uL/0.4uL; Ch:F12 150.0uL/0.4uL; Ch:G12 150.0uL/0.4uL; Ch:H12 150.0uL/0.4uL
09/11/2018 19:10:34.7 [Lynx.Aspirate(VVP96).VVP96] Post airgap parameters (0): 
09/11/2018 19:10:34.7 [Lynx.Aspirate(VVP96).VVP96] Initial robot X/Y/ZStart/ZEnd coordinates: -308.79 mm, -316.52 mm, -82.04 mm, -83.04 mm, using motion profile 'Fast Speed'.
09/11/2018 19:10:34.7 [Lynx.Aspirate(VVP96).VVP96] Initial axis positions:'XL' -160.26 mm, 'YL' -211.68 mm, 'ZL' -2.02 mm
09/11/2018 19:10:37.7 [VVP96] Clog detection is off.
09/11/2018 19:10:37.7 [VVP96] Aspirate diagnostics are off.
09/11/2018 19:10:37.7 [VVP96] Set VVP: command 'Clogging Limit' with setting of 0 for 96 channels.
09/11/2018 19:10:38.0 [VVP96] Set VVP: command 'Air-to-Liquid Sens.' with setting of 0 for 96 channels.
09/11/2018 19:10:38.2 [VVP96] Set VVP: command 'Liquid-to-Air Sens.' with setting of 0 for 96 channels.
09/11/2018 19:10:39.3 [VVP96] VVP Aspirate pressure is 30 mbar.
09/11/2018 19:10:41.7 [VVP96] Aspirate complete.
09/11/2018 19:10:42.3 [VVP96] Average residual volume was 0.86 ul for 96 channels at 30 mbar pressure
09/11/2018 19:10:42.5 [Lynx.Aspirate(VVP96).VVP96] Aspirate results: Ch:A01 150.5uL/0.9uL OK, Ch:B01 150.4uL/0.9uL OK, Ch:C01 150.4uL/0.9uL OK, Ch:D01 150.4uL/0.8uL OK, Ch:E01 150.5uL/0.9uL OK, Ch:F01 150.5uL/0.9uL OK, Ch:G01 150.5uL/0.9uL OK, Ch:H01 150.4uL/0.9uL OK, Ch:A02 150.3uL/0.8uL OK, Ch:B02 150.3uL/0.8uL OK, Ch:C02 150.4uL/0.9uL OK, Ch:D02 150.3uL/0.8uL OK, Ch:E02 150.4uL/0.9uL OK, Ch:F02 150.3uL/0.7uL OK, Ch:G02 150.5uL/0.9uL OK, Ch:H02 150.4uL/0.9uL OK, Ch:A03 150.3uL/0.8uL OK, Ch:B03 150.3uL/0.8uL OK, Ch:C03 150.4uL/0.8uL OK, Ch:D03 150.5uL/0.9uL OK, Ch:E03 150.5uL/0.9uL OK, Ch:F03 150.4uL/0.9uL OK, Ch:G03 150.5uL/0.9uL OK, Ch:H03 150.4uL/0.8uL OK, Ch:A04 150.5uL/0.9uL OK, Ch:B04 150.4uL/0.8uL OK, Ch:C04 150.4uL/0.8uL OK, Ch:D04 150.4uL/0.8uL OK, Ch:E04 150.5uL/0.9uL OK, Ch:F04 150.3uL/0.8uL OK, Ch:G04 150.5uL/0.9uL OK, Ch:H04 150.3uL/0.8uL OK, Ch:A05 150.4uL/0.9uL OK, Ch:B05 150.4uL/0.8uL OK, Ch:C05 150.3uL/0.8uL OK, Ch:D05 150.3uL/0.8uL OK, Ch:E05 150.4uL/0.9uL OK, Ch:F05 150.4uL/0.9uL OK, Ch:G05 150.5uL/0.9uL OK, Ch:H05 150.5uL/0.9uL OK, Ch:A06 150.3uL/0.8uL OK, Ch:B06 150.3uL/0.8uL OK, Ch:C06 150.3uL/0.7uL OK, Ch:D06 150.3uL/0.8uL OK, Ch:E06 150.4uL/0.8uL OK, Ch:F06 150.4uL/0.8uL OK, Ch:G06 150.3uL/0.8uL OK, Ch:H06 150.4uL/0.9uL OK, Ch:A07 150.5uL/0.9uL OK, Ch:B07 150.3uL/0.8uL OK, Ch:C07 150.5uL/0.9uL OK, Ch:D07 150.4uL/0.9uL OK, Ch:E07 150.5uL/0.9uL OK, Ch:F07 150.4uL/0.8uL OK, Ch:G07 150.5uL/0.9uL OK, Ch:H07 150.5uL/0.9uL OK, Ch:A08 150.4uL/0.9uL OK, Ch:B08 150.5uL/0.9uL OK, Ch:C08 150.4uL/0.9uL OK, Ch:D08 150.3uL/0.8uL OK, Ch:E08 150.5uL/0.9uL OK, Ch:F08 150.4uL/0.8uL OK, Ch:G08 150.3uL/0.8uL OK, Ch:H08 150.4uL/0.8uL OK, Ch:A09 150.4uL/0.9uL OK, Ch:B09 150.4uL/0.8uL OK, Ch:C09 150.4uL/0.9uL OK, Ch:D09 150.5uL/0.9uL OK, Ch:E09 150.5uL/0.9uL OK, Ch:F09 150.5uL/0.9uL OK, Ch:G09 150.4uL/0.9uL OK, Ch:H09 150.4uL/0.9uL OK, Ch:A10 150.4uL/0.8uL OK, Ch:B10 150.5uL/0.9uL OK, Ch:C10 150.5uL/0.9uL OK, Ch:D10 150.3uL/0.8uL OK, Ch:E10 150.3uL/0.8uL OK, Ch:F10 150.3uL/0.8uL OK, Ch:G10 150.4uL/0.8uL OK, Ch:H10 150.4uL/0.9uL OK, Ch:A11 150.5uL/0.9uL OK, Ch:B11 150.5uL/0.9uL OK, Ch:C11 150.5uL/0.9uL OK, Ch:D11 150.5uL/0.9uL OK, Ch:E11 150.5uL/0.9uL OK, Ch:F11 150.5uL/0.9uL OK, Ch:G11 150.4uL/0.8uL OK, Ch:H11 150.3uL/0.8uL OK, Ch:A12 150.5uL/0.9uL OK, Ch:B12 150.3uL/0.8uL OK, Ch:C12 150.4uL/0.9uL OK, Ch:D12 150.5uL/0.9uL OK, Ch:E12 150.4uL/0.8uL OK, Ch:F12 150.3uL/0.8uL OK, Ch:G12 150.4uL/0.9uL OK, Ch:H12 150.5uL/0.9uL OK
09/11/2018 19:10:45.4 [Lynx.Aspirate(VVP96).VVP96] Final axis positions:'XL' -308.73 mm, 'YL' -316.50 mm, 'ZL' -2.02 mm
09/11/2018 19:10:45.4 [Lynx.Aspirate(VVP96).VVP96] Time to complete: 10 s.
09/11/2018 19:10:45.4 Process 'NormAndStamp.met'[2] 'Aspirate(VVP96)' CommandCompleted
09/11/2018 19:10:45.4 Process 'NormAndStamp.met' MethodCompleted
1 of 1 method(s) completed successfully.
  Concurrent method 'Main' (Main) started at 09/11/2018 19:10:34.6 and finished at 09/11/2018 19:10:45.4

[User] Step.
09/11/2018 19:15:27.9 Process 'NormAndStamp.met' MethodStarted
09/11/2018 19:15:27.9 Process 'NormAndStamp.met'[2] 'Aspirate(VVP96)' CommandStarted
09/11/2018 19:15:28.0 [Lynx.Aspirate(VVP96).VVP96] Plate 'Nunc 1ml_01', column/row offset (0, 0), X/Y offset (0.00 mm,0.00 mm), height: 1.00 mm.
09/11/2018 19:15:28.0 [Lynx.Aspirate(VVP96).VVP96] Current tip 'LXB-96-300F'.
09/11/2018 19:15:28.0 [Lynx.Aspirate(VVP96).VVP96] Plate is at location 'Loc_15' (-295.09 mm, -223.75 mm, -174.72 mm) with a stack index of 1.
09/11/2018 19:15:28.0 [Lynx.Aspirate(VVP96).VVP96] VVP Pressure 'Low Volume': Pressure 30 mbar, Residual vol. 0.44 uL, Pre/Post delay 0.00/1.00
09/11/2018 19:15:28.0 [Lynx.Aspirate(VVP96).VVP96] Aspirate parameters (96): Ch:A01 150.0uL/0.4uL; Ch:B01 150.0uL/0.4uL; Ch:C01 150.0uL/0.4uL; Ch:D01 150.0uL/0.4uL; Ch:E01 150.0uL/0.4uL; Ch:F01 150.0uL/0.4uL; Ch:G01 150.0uL/0.4uL; Ch:H01 150.0uL/0.4uL; Ch:A02 150.0uL/0.4uL; Ch:B02 150.0uL/0.4uL; Ch:C02 150.0uL/0.4uL; Ch:D02 150.0uL/0.4uL; Ch:E02 150.0uL/0.4uL; Ch:F02 150.0uL/0.4uL; Ch:G02 150.0uL/0.4uL; Ch:H02 150.0uL/0.4uL; Ch:A03 150.0uL/0.4uL; Ch:B03 150.0uL/0.4uL; Ch:C03 150.0uL/0.4uL; Ch:D03 150.0uL/0.4uL; Ch:E03 150.0uL/0.4uL; Ch:F03 150.0uL/0.4uL; Ch:G03 150.0uL/0.4uL; Ch:H03 150.0uL/0.4uL; Ch:A04 150.0uL/0.4uL; Ch:B04 150.0uL/0.4uL; Ch:C04 150.0uL/0.4uL; Ch:D04 150.0uL/0.4uL; Ch:E04 150.0uL/0.4uL; Ch:F04 150.0uL/0.4uL; Ch:G04 150.0uL/0.4uL; Ch:H04 150.0uL/0.4uL; Ch:A05 150.0uL/0.4uL; Ch:B05 150.0uL/0.4uL; Ch:C05 150.0uL/0.4uL; Ch:D05 150.0uL/0.4uL; Ch:E05 150.0uL/0.4uL; Ch:F05 150.0uL/0.4uL; Ch:G05 150.0uL/0.4uL; Ch:H05 150.0uL/0.4uL; Ch:A06 150.0uL/0.4uL; Ch:B06 150.0uL/0.4uL; Ch:C06 150.0uL/0.4uL; Ch:D06 150.0uL/0.4uL; Ch:E06 150.0uL/0.4uL; Ch:F06 150.0uL/0.4uL; Ch:G06 150.0uL/0.4uL; Ch:H06 150.0uL/0.4uL; Ch:A07 150.0uL/0.4uL; Ch:B07 150.0uL/0.4uL; Ch:C07 150.0uL/0.4uL; Ch:D07 150.0uL/0.4uL; Ch:E07 150.0uL/0.4uL; Ch:F07 150.0uL/0.4uL; Ch:G07 150.0uL/0.4uL; Ch:H07 150.0uL/0.4uL; Ch:A08 150.0uL/0.4uL; Ch:B08 150.0uL/0.4uL; Ch:C08 150.0uL/0.4uL; Ch:D08 150.0uL/0.4uL; Ch:E08 150.0uL/0.4uL; Ch:F08 150.0uL/0.4uL; Ch:G08 150.0uL/0.4uL; Ch:H08 150.0uL/0.4uL; Ch:A09 150.0uL/0.4uL; Ch:B09 150.0uL/0.4uL; Ch:C09 150.0uL/0.4uL; Ch:D09 150.0uL/0.4uL; Ch:E09 150.0uL/0.4uL; Ch:F09 150.0uL/0.4uL; Ch:G09 150.0uL/0.4uL; Ch:H09 150.0uL/0.4uL; Ch:A10 150.0uL/0.4uL; Ch:B10 150.0uL/0.4uL; Ch:C10 150.0uL/0.4uL; Ch:D10 150.0uL/0.4uL; Ch:E10 150.0uL/0.4uL; Ch:F10 150.0uL/0.4uL; Ch:G10 150.0uL/0.4uL; Ch:H10 150.0uL/0.4uL; Ch:A11 150.0uL/0.4uL; Ch:B11 150.0uL/0.4uL; Ch:C11 150.0uL/0.4uL; Ch:D11 150.0uL/0.4uL; Ch:E11 150.0uL/0.4uL; Ch:F11 150.0uL/0.4uL; Ch:G11 150.0uL/0.4uL; Ch:H11 150.0uL/0.4uL; Ch:A12 150.0uL/0.4uL; Ch:B12 150.0uL/0.4uL; Ch:C12 150.0uL/0.4uL; Ch:D12 150.0uL/0.4uL; Ch:E12 150.0uL/0.4uL; Ch:F12 150.0uL/0.4uL; Ch:G12 150.0uL/0.4uL; Ch:H12 150.0uL/0.4uL
09/11/2018 19:15:28.0 [Lynx.Aspirate(VVP96).VVP96] Post airgap parameters (0): 
09/11/2018 19:15:28.0 Process 'NormAndStamp.met'[2] 'Aspirate(VVP96)' CommandFailed
09/11/2018 19:15:37.0 Process 'NormAndStamp.met' MethodCompleted, A 'Aspirate(VVP96)' command has a logic or parameter error
0 of 1 method(s) completed successfully.
  Concurrent method 'Main' (Main) started at 09/11/2018 19:15:27.9 and terminated at 09/11/2018 19:15:36.9
    Terminate reason:CommandError
    Command 'Aspirate(VVP96)', line 2, was interrupted due to VVP 'Aspirate(VVP96)' was requested to aspirate more than the maximum allowed volume, 250.0 ul, on the following channels: A01, B01, C01, D01, E01, F01, G01, H01, A02, B02, C02, D02, E02, F02, G02, H02, A03, B03, C03, D03, E03, F03, G03, H03, A04, B04, C04, D04, E04, F04, G04, H04, A05, B05, C05, D05, E05, F05, G05, H05, A06, B06, C06, D06, E06, F06, G06, H06, A07, B07, C07, D07, E07, F07, G07, H07, A08, B08, C08, D08, E08, F08, G08, H08, A09, B09, C09, D09, E09, F09, G09, H09, A10, B10, C10, D10, E10, F10, G10, H10, A11, B11, C11, D11, E11, F11, G11, H11, A12, B12, C12, D12, E12, F12, G12, H12

[User] Step.
09/11/2018 19:15:48.0 Process 'NormAndStamp.met' MethodStarted
09/11/2018 19:15:48.0 Process 'NormAndStamp.met'[5] 'Eject Tips(VVP96)' CommandStarted
09/11/2018 19:15:48.0 [Lynx.Eject Tips(VVP96).VVP96] Plate 'LXB-96-300F_01', column/row offset (0, 0), X/Y offset (0.00 mm,0.00 mm), height: 6.50 mm.
09/11/2018 19:15:48.0 [Lynx.Eject Tips(VVP96).VVP96] Current tip 'LXB-96-300F'.
09/11/2018 19:15:48.0 [Lynx.Eject Tips(VVP96).VVP96] Plate is at location 'Loc_09' (-145.89 mm, -222.91 mm, -174.56 mm) with a stack index of 1.
09/11/2018 19:15:48.0 [Lynx.Eject Tips(VVP96).VVP96] Initial robot X/Y/ZStart/ZEnd coordinates: -160.27 mm, -211.67 mm, -2.00 mm, -106.56 mm, using motion profile 'Tip Eject'.
09/11/2018 19:15:48.0 [Lynx.Eject Tips(VVP96).VVP96] Initial axis positions:'XL' -308.74 mm, 'YL' -316.51 mm, 'ZL' -2.02 mm
09/11/2018 19:15:53.1 [VVP96] Tip ejection performed 2 times.
09/11/2018 19:15:54.5 [Lynx.Eject Tips(VVP96).VVP96] No current tip.
09/11/2018 19:15:54.5 [Lynx.Eject Tips(VVP96).VVP96] Time to complete: 6 s.
09/11/2018 19:15:54.5 Process 'NormAndStamp.met'[5] 'Eject Tips(VVP96)' CommandCompleted
09/11/2018 19:15:54.5 Process 'NormAndStamp.met' MethodCompleted
1 of 1 method(s) completed successfully.
  Concurrent method 'Main' (Main) started at 09/11/2018 19:15:48.0 and finished at 09/11/2018 19:15:54.5

[User] Step.
09/11/2018 19:15:57.0 Process 'NormAndStamp.met' MethodStarted
09/11/2018 19:15:57.1 Process 'NormAndStamp.met'[1] 'Load Tips(VVP96)' CommandStarted
09/11/2018 19:15:57.1 [Lynx.Load Tips(VVP96).VVP96] Plate 'LXB-96-300F_01', column/row offset (0, 0), X/Y offset (0.00 mm,0.00 mm), height: 0.00 mm.
09/11/2018 19:15:57.1 [Lynx.Load Tips(VVP96).VVP96] No current tip.
09/11/2018 19:15:57.1 [Lynx.Load Tips(VVP96).VVP96] Tip loading depth for tip type 'LXB-96-300F' is 10.4 mm.
09/11/2018 19:15:57.1 [Lynx.Load Tips(VVP96).VVP96] Plate is at location 'Loc_09' (-145.89 mm, -222.91 mm, -174.56 mm) with a stack index of 1.
09/11/2018 19:15:57.1 [Lynx.Load Tips(VVP96).VVP96] Tip loading height adjustment is 0.0 mm and Z axis force limit is 30% of full power.
09/11/2018 19:15:57.1 [Lynx.Load Tips(VVP96).VVP96] Tip loading Z error limit will be 10.0 mm, XY error window will be 50.0 mm, and the XY axis holding force fraction will be 20%
09/11/2018 19:15:57.1 [Lynx.Load Tips(VVP96).VVP96] Initial robot X/Y/ZStart/ZEnd coordinates: -160.27 mm, -211.67 mm, -2.00 mm, -123.46 mm, using motion profile 'Tip Load'.
09/11/2018 19:15:57.1 [Lynx.Load Tips(VVP96).VVP96] Initial axis positions:'XL' -160.28 mm, 'YL' -211.70 mm, 'ZL' -2.02 mm
09/11/2018 19:15:58.6 [XL] Relative motor limit setting 20.0%, changing limit from 100.0% to 20.0%
09/11/2018 19:15:58.6 [YL] Relative motor limit setting 20.0%, changing limit from 70.0% to 14.0%
09/11/2018 19:16:01.3 [Lynx.Load Tips(VVP96).VVP96] Maximum recorded tip load values: Position error 1.7 mm, motor current 29.9 %
09/11/2018 19:16:01.4 [Lynx.Load Tips(VVP96).VVP96] Tip load Z-axis motion complete.
09/11/2018 19:16:01.4 [Lynx.Load Tips(VVP96).VVP96] Tip load position errors for X/Y/Z: -0.04 mm, 0.36 mm, -1.65 mm
09/11/2018 19:16:01.6 [ZL] Absolute motor limit setting 24.0%, changing limit from 30.0% to 24.0%
09/11/2018 19:16:01.7 [ZL] Absolute motor limit setting 18.0%, changing limit from 24.0% to 18.0%
09/11/2018 19:16:01.8 [ZL] Absolute motor limit setting 12.0%, changing limit from 18.0% to 12.0%
09/11/2018 19:16:01.9 [ZL] Absolute motor limit setting 6.0%, changing limit from 12.0% to 6.0%
09/11/2018 19:16:02.0 [ZL] Relative motor limit setting 100.0%, changing limit from 6.0% to 30.0%
09/11/2018 19:16:03.7 [XL] Relative motor limit setting 100.0%, changing limit from 20.0% to 100.0%
09/11/2018 19:16:03.8 [YL] Relative motor limit setting 100.0%, changing limit from 14.0% to 70.0%
09/11/2018 19:16:03.8 [Lynx.Load Tips(VVP96).VVP96] Final axis positions:'XL' -160.28 mm, 'YL' -211.70 mm, 'ZL' -2.02 mm
09/11/2018 19:16:03.8 [Lynx.Load Tips(VVP96).VVP96] Current tip 'LXB-96-300F'.
09/11/2018 19:16:03.8 [Lynx.Load Tips(VVP96).VVP96] Time to complete: 6 s.
09/11/2018 19:16:03.8 Process 'NormAndStamp.met'[1] 'Load Tips(VVP96)' CommandCompleted
09/11/2018 19:16:03.8 Process 'NormAndStamp.met' MethodCompleted
1 of 1 method(s) completed successfully.
  Concurrent method 'Main' (Main) started at 09/11/2018 19:15:57.0 and finished at 09/11/2018 19:16:03.8

09/11/2018 19:22:32.7 [XL] Closing component connections for Warp 'XL'.
09/11/2018 19:22:32.7 [YL] Closing component connections for Warp 'YL'.
09/11/2018 19:22:32.7 [ZL] Closing component connections for Warp 'ZL'.
09/11/2018 19:22:32.7 [BarCodeZAxis] Closing component connections for Warp 'BarCodeZAxis'.
09/11/2018 19:22:33.3 [Lynx] 
