Workspace 'LM703' modules...
  MethodManagerV4   1.4.6666.27655
  MMCoreDevice   1.4.6666.27650
  MMLiquidHandler   1.4.6666.26302
  Warp3   2.0.6591.13866
  MMVVP   1.4.6666.26303
  MMIOLightTower   1.4.6666.26303
  MMHeadGripper   1.3.6591.14013
The pipette tool 'VVP96' has mandrel type 'MLV' and can load the following tip types:
   Tip type 'LXB-96-150F', loading depth 9.4 mm, Id: baf0d489-a29c-4899-844e-44fbdc6c2c49.
   Tip type 'LXB-96-200NF', loading depth 9.4 mm, Id: 095daefc-e866-4d91-906f-cc7e17eaf3f6.
   Tip type 'LXB-96-300F', loading depth 10.4 mm, Id: d2f37554-e0d6-41ea-8f3d-101c68af7e40.
   Tip type 'LXB-96-300NF', loading depth 10.4 mm, Id: 423ec1e5-0ccf-4946-a441-905f3c9e1fd9.
   Tip type 'LXB-96-950F', loading depth 28.6 mm, Id: 497625a6-73fc-4433-95df-636ceecdc818.
   Tip type 'LXB-96-950F-WB', loading depth 28.6 mm, Id: ca3988bc-a34d-4ad7-ba77-93a37e8cba6d.
   Tip type 'LXB-96-1250NF', loading depth 28.6 mm, Id: 13ba07a3-d5cb-4a96-9ab8-1d418fc383d6.
12/08/2019 14:42:50.7 Tcp notification encountered an error: SocketException: System.Net.Sockets.SocketException (0x80004005): The requested address is not valid in its context 172.18.3.52:0
   at System.Net.Sockets.TcpClient..ctor(String hostname, Int32 port)
   at MethodManager.DX.Interop.MMTcpServer.<>c__DisplayClass5.<SendNotification>b__4()
12/08/2019 14:43:07.0 Process 'InitializeLynx.met' MethodCompleted
1 of 1 method(s) completed successfully.
  Concurrent method 'Main' (Main) started at 12/08/2019 14:43:04.2 and finished at 12/08/2019 14:43:07.0

[User] Start.
12/08/2019 14:52:55.0 Process 'Maintenance\WeeklyBarrelCheck.met' MethodCompleted
1 of 1 method(s) completed successfully.
  Concurrent method 'Main' (Main) started at 12/08/2019 14:50:29.0 and finished at 12/08/2019 14:52:55.0

12/08/2019 15:26:32.8 Process 'ChipLoad_150ul.met' MethodCompleted
1 of 1 method(s) completed successfully.
  Concurrent method 'Main' (Main) started at 12/08/2019 15:25:30.4 and finished at 12/08/2019 15:26:32.8

12/08/2019 15:36:18.4 Process 'Norm.met' MethodCompleted
1 of 1 method(s) completed successfully.
  Concurrent method 'Main' (Main) started at 12/08/2019 15:33:15.0 and finished at 12/08/2019 15:36:18.4

12/08/2019 15:37:14.8 Process 'AndStamp.met' MethodCompleted
1 of 1 method(s) completed successfully.
  Concurrent method 'Main' (Main) started at 12/08/2019 15:36:21.5 and finished at 12/08/2019 15:37:14.8

12/09/2019 15:09:35.8 Tcp notification encountered an error: SocketException: System.Net.Sockets.SocketException (0x80004005): The requested address is not valid in its context 172.18.3.52:0
   at System.Net.Sockets.TcpClient..ctor(String hostname, Int32 port)
   at MethodManager.DX.Interop.MMTcpServer.<>c__DisplayClass5.<SendNotification>b__4()
12/09/2019 15:09:42.5 Process 'InitializeLynx.met' MethodCompleted
1 of 1 method(s) completed successfully.
  Concurrent method 'Main' (Main) started at 12/09/2019 15:09:40.3 and finished at 12/09/2019 15:09:42.5

12/09/2019 15:14:07.9 Process 'ChipLoad_150ul.met' MethodCompleted
1 of 1 method(s) completed successfully.
  Concurrent method 'Main' (Main) started at 12/09/2019 15:13:06.7 and finished at 12/09/2019 15:14:07.9

12/09/2019 15:24:03.4 Process 'Norm.met' MethodCompleted
1 of 1 method(s) completed successfully.
  Concurrent method 'Main' (Main) started at 12/09/2019 15:20:59.1 and finished at 12/09/2019 15:24:03.4

12/09/2019 15:24:59.7 Process 'AndStamp.met' MethodCompleted
1 of 1 method(s) completed successfully.
  Concurrent method 'Main' (Main) started at 12/09/2019 15:24:06.6 and finished at 12/09/2019 15:24:59.7

12/09/2019 15:32:53.4 Process 'ChipLoad_150ul.met' MethodCompleted
1 of 1 method(s) completed successfully.
  Concurrent method 'Main' (Main) started at 12/09/2019 15:31:52.4 and finished at 12/09/2019 15:32:53.4

12/09/2019 15:42:40.5 Process 'Norm.met' MethodCompleted
1 of 1 method(s) completed successfully.
  Concurrent method 'Main' (Main) started at 12/09/2019 15:39:35.6 and finished at 12/09/2019 15:42:40.5

12/09/2019 15:43:36.0 Process 'AndStamp.met' MethodCompleted
1 of 1 method(s) completed successfully.
  Concurrent method 'Main' (Main) started at 12/09/2019 15:42:43.4 and finished at 12/09/2019 15:43:36.0

12/09/2019 15:53:46.4 Process 'Stamp_150ul.met' MethodCompleted
1 of 1 method(s) completed successfully.
  Concurrent method 'Main' (Main) started at 12/09/2019 15:52:32.4 and finished at 12/09/2019 15:53:46.4

12/09/2019 16:29:15.6 Process 'ChipLoad_150ul.met' MethodCompleted
1 of 1 method(s) completed successfully.
  Concurrent method 'Main' (Main) started at 12/09/2019 16:28:13.0 and finished at 12/09/2019 16:29:15.6

12/09/2019 16:39:04.2 Process 'Norm.met' MethodCompleted
1 of 1 method(s) completed successfully.
  Concurrent method 'Main' (Main) started at 12/09/2019 16:35:57.5 and finished at 12/09/2019 16:39:04.2

12/09/2019 16:40:00.4 Process 'AndStamp.met' MethodCompleted
1 of 1 method(s) completed successfully.
  Concurrent method 'Main' (Main) started at 12/09/2019 16:39:07.3 and finished at 12/09/2019 16:40:00.4

12/09/2019 16:47:50.7 Process 'ChipLoad_150ul.met' MethodCompleted
1 of 1 method(s) completed successfully.
  Concurrent method 'Main' (Main) started at 12/09/2019 16:46:47.7 and finished at 12/09/2019 16:47:50.7

12/09/2019 16:57:36.9 Process 'Norm.met' MethodCompleted
1 of 1 method(s) completed successfully.
  Concurrent method 'Main' (Main) started at 12/09/2019 16:54:33.0 and finished at 12/09/2019 16:57:36.9

12/09/2019 16:58:32.3 Process 'AndStamp.met' MethodCompleted
1 of 1 method(s) completed successfully.
  Concurrent method 'Main' (Main) started at 12/09/2019 16:57:39.8 and finished at 12/09/2019 16:58:32.3

12/09/2019 17:10:16.6 Process 'Stamp_150ul.met' MethodCompleted
1 of 1 method(s) completed successfully.
  Concurrent method 'Main' (Main) started at 12/09/2019 17:09:00.3 and finished at 12/09/2019 17:10:16.6

12/09/2019 19:17:39.1 Process 'ChipLoad_150ul.met' MethodCompleted
1 of 1 method(s) completed successfully.
  Concurrent method 'Main' (Main) started at 12/09/2019 19:16:37.0 and finished at 12/09/2019 19:17:39.1

12/09/2019 19:27:25.5 Process 'Norm.met' MethodCompleted
1 of 1 method(s) completed successfully.
  Concurrent method 'Main' (Main) started at 12/09/2019 19:24:21.4 and finished at 12/09/2019 19:27:25.5

12/09/2019 19:28:21.4 Process 'AndStamp.met' MethodCompleted
1 of 1 method(s) completed successfully.
  Concurrent method 'Main' (Main) started at 12/09/2019 19:27:28.7 and finished at 12/09/2019 19:28:21.4

12/09/2019 19:38:44.5 Process 'ChipLoad_150ul.met' MethodCompleted
1 of 1 method(s) completed successfully.
  Concurrent method 'Main' (Main) started at 12/09/2019 19:37:43.3 and finished at 12/09/2019 19:38:44.5

12/09/2019 19:48:30.8 Process 'Norm.met' MethodCompleted
1 of 1 method(s) completed successfully.
  Concurrent method 'Main' (Main) started at 12/09/2019 19:45:26.7 and finished at 12/09/2019 19:48:30.8

12/09/2019 19:49:26.5 Process 'AndStamp.met' MethodCompleted
1 of 1 method(s) completed successfully.
  Concurrent method 'Main' (Main) started at 12/09/2019 19:48:33.5 and finished at 12/09/2019 19:49:26.5

