Workspace 'LM703' modules...
  MethodManagerV4   1.4.6666.27655
  MMCoreDevice   1.4.6666.27650
  MMLiquidHandler   1.4.6666.26302
  Warp3   2.0.6591.13866
  MMVVP   1.4.6666.26303
  MMIOLightTower   1.4.6666.26303
  MMHeadGripper   1.3.6591.14013
The pipette tool 'VVP96' has mandrel type 'MLV' and can load the following tip types:
   Tip type 'LXB-96-150F', loading depth 9.4 mm, Id: baf0d489-a29c-4899-844e-44fbdc6c2c49.
   Tip type 'LXB-96-200NF', loading depth 9.4 mm, Id: 095daefc-e866-4d91-906f-cc7e17eaf3f6.
   Tip type 'LXB-96-300F', loading depth 10.4 mm, Id: d2f37554-e0d6-41ea-8f3d-101c68af7e40.
   Tip type 'LXB-96-300NF', loading depth 10.4 mm, Id: 423ec1e5-0ccf-4946-a441-905f3c9e1fd9.
   Tip type 'LXB-96-950F', loading depth 28.6 mm, Id: 497625a6-73fc-4433-95df-636ceecdc818.
   Tip type 'LXB-96-950F-WB', loading depth 28.6 mm, Id: ca3988bc-a34d-4ad7-ba77-93a37e8cba6d.
   Tip type 'LXB-96-1250NF', loading depth 28.6 mm, Id: 13ba07a3-d5cb-4a96-9ab8-1d418fc383d6.
[User] Clear errors.
Errors could not be resolved for these devices:
   Lynx (6 errors)
      Axis 'XL' is not connected.
      Axis 'YL' is not connected.
      Axis 'ZL' is not connected.
      Axis 'BarCodeZAxis' is not connected.
      Pipettor 'VVP96' is not connected.
      Error(s) on component 'Gripper': Failed to set output 'Lynx.BarCodeZAxis.4'.

[User] Step.
12/11/2019 07:33:36.2 Process 'ChipLoad_150ul.met' MethodCompleted
1 of 1 method(s) completed successfully.
  Concurrent method 'Main' (Main) started at 12/11/2019 07:33:34.2 and finished at 12/11/2019 07:33:36.2

12/11/2019 07:34:55.5 Process 'ChipLoad_150ul.met' MethodCompleted
1 of 1 method(s) completed successfully.
  Concurrent method 'Main' (Main) started at 12/11/2019 07:33:52.7 and finished at 12/11/2019 07:34:55.5

12/11/2019 07:45:01.0 Process 'Norm.met' MethodCompleted
1 of 1 method(s) completed successfully.
  Concurrent method 'Main' (Main) started at 12/11/2019 07:41:52.5 and finished at 12/11/2019 07:45:01.0

12/11/2019 07:45:56.8 Process 'AndStamp.met' MethodCompleted
1 of 1 method(s) completed successfully.
  Concurrent method 'Main' (Main) started at 12/11/2019 07:45:04.0 and finished at 12/11/2019 07:45:56.8

12/11/2019 07:53:42.4 Process 'ChipLoad_150ul.met' MethodCompleted
1 of 1 method(s) completed successfully.
  Concurrent method 'Main' (Main) started at 12/11/2019 07:52:41.3 and finished at 12/11/2019 07:53:42.4

12/11/2019 08:03:31.6 Process 'Norm.met' MethodCompleted
1 of 1 method(s) completed successfully.
  Concurrent method 'Main' (Main) started at 12/11/2019 08:00:25.6 and finished at 12/11/2019 08:03:31.6

12/11/2019 08:04:27.8 Process 'AndStamp.met' MethodCompleted
1 of 1 method(s) completed successfully.
  Concurrent method 'Main' (Main) started at 12/11/2019 08:03:34.5 and finished at 12/11/2019 08:04:27.8

12/11/2019 08:12:14.0 Process 'ChipLoad_150ul.met' MethodCompleted
1 of 1 method(s) completed successfully.
  Concurrent method 'Main' (Main) started at 12/11/2019 08:11:11.9 and finished at 12/11/2019 08:12:14.0

12/11/2019 08:22:00.3 Process 'Norm.met' MethodCompleted
1 of 1 method(s) completed successfully.
  Concurrent method 'Main' (Main) started at 12/11/2019 08:18:55.1 and finished at 12/11/2019 08:22:00.3

12/11/2019 08:22:56.7 Process 'AndStamp.met' MethodCompleted
1 of 1 method(s) completed successfully.
  Concurrent method 'Main' (Main) started at 12/11/2019 08:22:03.5 and finished at 12/11/2019 08:22:56.7

12/11/2019 08:30:48.3 Process 'ChipLoad_150ul.met' MethodCompleted
1 of 1 method(s) completed successfully.
  Concurrent method 'Main' (Main) started at 12/11/2019 08:29:46.0 and finished at 12/11/2019 08:30:48.3

12/11/2019 08:40:33.6 Process 'Norm.met' MethodCompleted
1 of 1 method(s) completed successfully.
  Concurrent method 'Main' (Main) started at 12/11/2019 08:37:30.7 and finished at 12/11/2019 08:40:33.6

12/11/2019 08:41:29.8 Process 'AndStamp.met' MethodCompleted
1 of 1 method(s) completed successfully.
  Concurrent method 'Main' (Main) started at 12/11/2019 08:40:36.4 and finished at 12/11/2019 08:41:29.8

12/11/2019 08:49:16.6 Process 'ChipLoad_150ul.met' MethodCompleted
1 of 1 method(s) completed successfully.
  Concurrent method 'Main' (Main) started at 12/11/2019 08:48:14.6 and finished at 12/11/2019 08:49:16.6

12/11/2019 08:59:02.5 Process 'Norm.met' MethodCompleted
1 of 1 method(s) completed successfully.
  Concurrent method 'Main' (Main) started at 12/11/2019 08:55:58.6 and finished at 12/11/2019 08:59:02.5

12/11/2019 08:59:57.5 Process 'AndStamp.met' MethodCompleted
1 of 1 method(s) completed successfully.
  Concurrent method 'Main' (Main) started at 12/11/2019 08:59:05.4 and finished at 12/11/2019 08:59:57.5

12/11/2019 09:07:48.3 Process 'ChipLoad_150ul.met' MethodCompleted
1 of 1 method(s) completed successfully.
  Concurrent method 'Main' (Main) started at 12/11/2019 09:06:46.1 and finished at 12/11/2019 09:07:48.3

12/11/2019 09:17:30.6 Process 'Norm.met' MethodCompleted
1 of 1 method(s) completed successfully.
  Concurrent method 'Main' (Main) started at 12/11/2019 09:14:29.3 and finished at 12/11/2019 09:17:30.6

12/11/2019 09:18:28.0 Process 'AndStamp.met' MethodCompleted
1 of 1 method(s) completed successfully.
  Concurrent method 'Main' (Main) started at 12/11/2019 09:17:33.6 and finished at 12/11/2019 09:18:28.0

12/11/2019 09:26:21.9 Process 'ChipLoad_150ul.met' MethodCompleted
1 of 1 method(s) completed successfully.
  Concurrent method 'Main' (Main) started at 12/11/2019 09:25:20.1 and finished at 12/11/2019 09:26:21.9

12/11/2019 09:36:07.5 Process 'Norm.met' MethodCompleted
1 of 1 method(s) completed successfully.
  Concurrent method 'Main' (Main) started at 12/11/2019 09:33:03.4 and finished at 12/11/2019 09:36:07.5

12/11/2019 09:37:04.3 Process 'AndStamp.met' MethodCompleted
1 of 1 method(s) completed successfully.
  Concurrent method 'Main' (Main) started at 12/11/2019 09:36:10.2 and finished at 12/11/2019 09:37:04.3

12/11/2019 09:44:54.7 Process 'ChipLoad_150ul.met' MethodCompleted
1 of 1 method(s) completed successfully.
  Concurrent method 'Main' (Main) started at 12/11/2019 09:43:53.1 and finished at 12/11/2019 09:44:54.7

12/11/2019 09:54:43.9 Process 'Norm.met' MethodCompleted
1 of 1 method(s) completed successfully.
  Concurrent method 'Main' (Main) started at 12/11/2019 09:51:38.1 and finished at 12/11/2019 09:54:43.9

12/11/2019 09:55:40.5 Process 'AndStamp.met' MethodCompleted
1 of 1 method(s) completed successfully.
  Concurrent method 'Main' (Main) started at 12/11/2019 09:54:47.0 and finished at 12/11/2019 09:55:40.5

12/11/2019 10:03:30.1 Process 'ChipLoad_150ul.met' MethodCompleted
1 of 1 method(s) completed successfully.
  Concurrent method 'Main' (Main) started at 12/11/2019 10:02:27.5 and finished at 12/11/2019 10:03:30.1

12/11/2019 10:13:18.2 Process 'Norm.met' MethodCompleted
1 of 1 method(s) completed successfully.
  Concurrent method 'Main' (Main) started at 12/11/2019 10:10:12.2 and finished at 12/11/2019 10:13:18.2

12/11/2019 10:14:13.5 Process 'AndStamp.met' MethodCompleted
1 of 1 method(s) completed successfully.
  Concurrent method 'Main' (Main) started at 12/11/2019 10:13:21.0 and finished at 12/11/2019 10:14:13.5

12/11/2019 10:21:58.4 Process 'ChipLoad_150ul.met' MethodCompleted
1 of 1 method(s) completed successfully.
  Concurrent method 'Main' (Main) started at 12/11/2019 10:20:57.5 and finished at 12/11/2019 10:21:58.4

12/11/2019 10:31:43.2 Process 'Norm.met' MethodCompleted
1 of 1 method(s) completed successfully.
  Concurrent method 'Main' (Main) started at 12/11/2019 10:28:41.7 and finished at 12/11/2019 10:31:43.2

12/11/2019 10:32:39.3 Process 'AndStamp.met' MethodCompleted
1 of 1 method(s) completed successfully.
  Concurrent method 'Main' (Main) started at 12/11/2019 10:31:46.0 and finished at 12/11/2019 10:32:39.3

12/11/2019 10:40:35.3 Process 'ChipLoad_150ul.met' MethodCompleted
1 of 1 method(s) completed successfully.
  Concurrent method 'Main' (Main) started at 12/11/2019 10:39:34.1 and finished at 12/11/2019 10:40:35.3

12/11/2019 10:50:22.6 Process 'Norm.met' MethodCompleted
1 of 1 method(s) completed successfully.
  Concurrent method 'Main' (Main) started at 12/11/2019 10:47:17.1 and finished at 12/11/2019 10:50:22.6

12/11/2019 10:51:19.7 Process 'AndStamp.met' MethodCompleted
1 of 1 method(s) completed successfully.
  Concurrent method 'Main' (Main) started at 12/11/2019 10:50:25.5 and finished at 12/11/2019 10:51:19.7

12/11/2019 11:02:14.9 Process 'ChipLoad_150ul.met' MethodCompleted
1 of 1 method(s) completed successfully.
  Concurrent method 'Main' (Main) started at 12/11/2019 11:01:12.7 and finished at 12/11/2019 11:02:14.9

12/11/2019 11:11:58.4 Process 'Norm.met' MethodCompleted
1 of 1 method(s) completed successfully.
  Concurrent method 'Main' (Main) started at 12/11/2019 11:08:56.5 and finished at 12/11/2019 11:11:58.4

12/11/2019 11:12:54.9 Process 'AndStamp.met' MethodCompleted
1 of 1 method(s) completed successfully.
  Concurrent method 'Main' (Main) started at 12/11/2019 11:12:01.3 and finished at 12/11/2019 11:12:54.9

12/11/2019 11:37:21.8 Process 'ChipLoad_150ul.met' MethodCompleted
1 of 1 method(s) completed successfully.
  Concurrent method 'Main' (Main) started at 12/11/2019 11:36:19.4 and finished at 12/11/2019 11:37:21.8

12/11/2019 11:47:08.8 Process 'Norm.met' MethodCompleted
1 of 1 method(s) completed successfully.
  Concurrent method 'Main' (Main) started at 12/11/2019 11:44:04.3 and finished at 12/11/2019 11:47:08.8

12/11/2019 11:48:06.4 Process 'AndStamp.met' MethodCompleted
1 of 1 method(s) completed successfully.
  Concurrent method 'Main' (Main) started at 12/11/2019 11:47:11.7 and finished at 12/11/2019 11:48:06.4

12/11/2019 11:55:53.3 Process 'ChipLoad_150ul.met' MethodCompleted
1 of 1 method(s) completed successfully.
  Concurrent method 'Main' (Main) started at 12/11/2019 11:54:51.5 and finished at 12/11/2019 11:55:53.3

12/11/2019 12:05:39.2 Process 'Norm.met' MethodCompleted
1 of 1 method(s) completed successfully.
  Concurrent method 'Main' (Main) started at 12/11/2019 12:02:36.2 and finished at 12/11/2019 12:05:39.2

12/11/2019 12:06:34.7 Process 'AndStamp.met' MethodCompleted
1 of 1 method(s) completed successfully.
  Concurrent method 'Main' (Main) started at 12/11/2019 12:05:41.9 and finished at 12/11/2019 12:06:34.7

12/11/2019 12:30:25.5 Process 'Stamp_150ul.met' MethodCompleted
1 of 1 method(s) completed successfully.
  Concurrent method 'Main' (Main) started at 12/11/2019 12:29:09.6 and finished at 12/11/2019 12:30:25.5

12/11/2019 12:53:37.7 Process 'Stamp_150ul.met' MethodCompleted
1 of 1 method(s) completed successfully.
  Concurrent method 'Main' (Main) started at 12/11/2019 12:52:21.7 and finished at 12/11/2019 12:53:37.7

12/11/2019 14:15:49.7 Process 'Stamp_150ul.met' MethodCompleted
1 of 1 method(s) completed successfully.
  Concurrent method 'Main' (Main) started at 12/11/2019 14:14:21.2 and finished at 12/11/2019 14:15:49.7

12/11/2019 14:21:04.8 Process 'ChipLoad_150ul.met' MethodCompleted
1 of 1 method(s) completed successfully.
  Concurrent method 'Main' (Main) started at 12/11/2019 14:20:03.1 and finished at 12/11/2019 14:21:04.8

12/11/2019 14:27:52.3 [Lynx.Load Tips(VVP96).VVP96] The Z axis encountered a MotionError using a tip loading error limit of 10.0 mm.
12/11/2019 14:30:49.5 Process 'Norm.met' MethodCompleted
1 of 1 method(s) completed successfully.
  Concurrent method 'Main' (Main) started at 12/11/2019 14:27:47.0 and finished at 12/11/2019 14:30:49.5

12/11/2019 14:31:45.8 Process 'AndStamp.met' MethodCompleted
1 of 1 method(s) completed successfully.
  Concurrent method 'Main' (Main) started at 12/11/2019 14:30:52.5 and finished at 12/11/2019 14:31:45.8

12/11/2019 14:39:35.5 Process 'ChipLoad_150ul.met' MethodCompleted
1 of 1 method(s) completed successfully.
  Concurrent method 'Main' (Main) started at 12/11/2019 14:38:33.0 and finished at 12/11/2019 14:39:35.5

12/11/2019 14:49:16.9 Process 'Norm.met' MethodCompleted
1 of 1 method(s) completed successfully.
  Concurrent method 'Main' (Main) started at 12/11/2019 14:46:17.0 and finished at 12/11/2019 14:49:16.9

12/11/2019 14:50:13.3 Process 'AndStamp.met' MethodCompleted
1 of 1 method(s) completed successfully.
  Concurrent method 'Main' (Main) started at 12/11/2019 14:49:20.0 and finished at 12/11/2019 14:50:13.3

12/11/2019 14:58:02.7 Process 'ChipLoad_150ul.met' MethodCompleted
1 of 1 method(s) completed successfully.
  Concurrent method 'Main' (Main) started at 12/11/2019 14:57:00.7 and finished at 12/11/2019 14:58:02.6

12/11/2019 15:07:47.5 Process 'Norm.met' MethodCompleted
1 of 1 method(s) completed successfully.
  Concurrent method 'Main' (Main) started at 12/11/2019 15:04:45.0 and finished at 12/11/2019 15:07:47.5

12/11/2019 15:08:43.2 Process 'AndStamp.met' MethodCompleted
1 of 1 method(s) completed successfully.
  Concurrent method 'Main' (Main) started at 12/11/2019 15:07:50.4 and finished at 12/11/2019 15:08:43.2

12/11/2019 15:19:43.0 Process 'Stamp_150ul.met' MethodCompleted
1 of 1 method(s) completed successfully.
  Concurrent method 'Main' (Main) started at 12/11/2019 15:18:27.4 and finished at 12/11/2019 15:19:43.0

12/11/2019 15:45:00.2 Process 'Stamp_150ul.met' MethodCompleted
1 of 1 method(s) completed successfully.
  Concurrent method 'Main' (Main) started at 12/11/2019 15:43:46.3 and finished at 12/11/2019 15:45:00.2

12/11/2019 15:49:57.1 Process 'ChipLoad_150ul.met' MethodCompleted
1 of 1 method(s) completed successfully.
  Concurrent method 'Main' (Main) started at 12/11/2019 15:48:54.8 and finished at 12/11/2019 15:49:57.1

12/11/2019 15:59:39.0 Process 'Norm.met' MethodCompleted
1 of 1 method(s) completed successfully.
  Concurrent method 'Main' (Main) started at 12/11/2019 15:56:38.7 and finished at 12/11/2019 15:59:39.0

12/11/2019 16:00:34.5 Process 'AndStamp.met' MethodCompleted
1 of 1 method(s) completed successfully.
  Concurrent method 'Main' (Main) started at 12/11/2019 15:59:42.1 and finished at 12/11/2019 16:00:34.5

12/11/2019 16:13:15.5 Process 'ChipLoad_150ul.met' MethodCompleted
1 of 1 method(s) completed successfully.
  Concurrent method 'Main' (Main) started at 12/11/2019 16:12:14.4 and finished at 12/11/2019 16:13:15.5

12/11/2019 16:23:05.5 Process 'Norm.met' MethodCompleted
1 of 1 method(s) completed successfully.
  Concurrent method 'Main' (Main) started at 12/11/2019 16:19:58.3 and finished at 12/11/2019 16:23:05.5

12/11/2019 16:24:02.8 Process 'AndStamp.met' MethodCompleted
1 of 1 method(s) completed successfully.
  Concurrent method 'Main' (Main) started at 12/11/2019 16:23:09.2 and finished at 12/11/2019 16:24:02.8

12/11/2019 16:32:01.1 Process 'ChipLoad_150ul.met' MethodCompleted
1 of 1 method(s) completed successfully.
  Concurrent method 'Main' (Main) started at 12/11/2019 16:30:58.9 and finished at 12/11/2019 16:32:01.1

12/11/2019 16:41:46.5 Process 'Norm.met' MethodCompleted
1 of 1 method(s) completed successfully.
  Concurrent method 'Main' (Main) started at 12/11/2019 16:38:42.2 and finished at 12/11/2019 16:41:46.5

12/11/2019 16:42:42.9 Process 'AndStamp.met' MethodCompleted
1 of 1 method(s) completed successfully.
  Concurrent method 'Main' (Main) started at 12/11/2019 16:41:49.7 and finished at 12/11/2019 16:42:42.9

12/11/2019 16:50:34.9 Process 'ChipLoad_150ul.met' MethodCompleted
1 of 1 method(s) completed successfully.
  Concurrent method 'Main' (Main) started at 12/11/2019 16:49:33.1 and finished at 12/11/2019 16:50:34.9

12/11/2019 17:00:21.2 Process 'Norm.met' MethodCompleted
1 of 1 method(s) completed successfully.
  Concurrent method 'Main' (Main) started at 12/11/2019 16:57:17.7 and finished at 12/11/2019 17:00:21.2

12/11/2019 17:01:16.9 Process 'AndStamp.met' MethodCompleted
1 of 1 method(s) completed successfully.
  Concurrent method 'Main' (Main) started at 12/11/2019 17:00:24.1 and finished at 12/11/2019 17:01:16.9

12/11/2019 17:09:09.7 Process 'ChipLoad_150ul.met' MethodCompleted
1 of 1 method(s) completed successfully.
  Concurrent method 'Main' (Main) started at 12/11/2019 17:08:08.2 and finished at 12/11/2019 17:09:09.7

12/11/2019 17:20:14.2 Process 'Norm.met' MethodCompleted
1 of 1 method(s) completed successfully.
  Concurrent method 'Main' (Main) started at 12/11/2019 17:17:05.5 and finished at 12/11/2019 17:20:14.2

12/11/2019 17:21:10.3 Process 'AndStamp.met' MethodCompleted
1 of 1 method(s) completed successfully.
  Concurrent method 'Main' (Main) started at 12/11/2019 17:20:17.5 and finished at 12/11/2019 17:21:10.3

12/11/2019 17:28:58.0 Process 'ChipLoad_150ul.met' MethodCompleted
1 of 1 method(s) completed successfully.
  Concurrent method 'Main' (Main) started at 12/11/2019 17:27:56.8 and finished at 12/11/2019 17:28:58.0

12/11/2019 17:38:47.5 Process 'Norm.met' MethodCompleted
1 of 1 method(s) completed successfully.
  Concurrent method 'Main' (Main) started at 12/11/2019 17:35:41.0 and finished at 12/11/2019 17:38:47.5

12/11/2019 17:39:44.2 Process 'AndStamp.met' MethodCompleted
1 of 1 method(s) completed successfully.
  Concurrent method 'Main' (Main) started at 12/11/2019 17:38:50.9 and finished at 12/11/2019 17:39:44.2

12/11/2019 17:47:37.1 Process 'ChipLoad_150ul.met' MethodCompleted
1 of 1 method(s) completed successfully.
  Concurrent method 'Main' (Main) started at 12/11/2019 17:46:34.9 and finished at 12/11/2019 17:47:37.1

12/11/2019 17:57:28.2 Process 'Norm.met' MethodCompleted
1 of 1 method(s) completed successfully.
  Concurrent method 'Main' (Main) started at 12/11/2019 17:54:19.3 and finished at 12/11/2019 17:57:28.2

12/11/2019 17:58:23.9 Process 'AndStamp.met' MethodCompleted
1 of 1 method(s) completed successfully.
  Concurrent method 'Main' (Main) started at 12/11/2019 17:57:31.0 and finished at 12/11/2019 17:58:23.9

12/11/2019 18:06:07.8 Process 'ChipLoad_150ul.met' MethodCompleted
1 of 1 method(s) completed successfully.
  Concurrent method 'Main' (Main) started at 12/11/2019 18:05:06.5 and finished at 12/11/2019 18:06:07.8

12/11/2019 18:15:55.4 Process 'Norm.met' MethodCompleted
1 of 1 method(s) completed successfully.
  Concurrent method 'Main' (Main) started at 12/11/2019 18:12:51.0 and finished at 12/11/2019 18:15:55.4

12/11/2019 18:16:51.6 Process 'AndStamp.met' MethodCompleted
1 of 1 method(s) completed successfully.
  Concurrent method 'Main' (Main) started at 12/11/2019 18:15:58.4 and finished at 12/11/2019 18:16:51.6

12/11/2019 18:34:35.2 Process 'ChipLoad_150ul.met' MethodCompleted
1 of 1 method(s) completed successfully.
  Concurrent method 'Main' (Main) started at 12/11/2019 18:33:32.4 and finished at 12/11/2019 18:34:35.2

12/11/2019 18:44:28.9 Process 'Norm.met' MethodCompleted
1 of 1 method(s) completed successfully.
  Concurrent method 'Main' (Main) started at 12/11/2019 18:41:21.9 and finished at 12/11/2019 18:44:28.9

12/11/2019 18:45:24.7 Process 'AndStamp.met' MethodCompleted
1 of 1 method(s) completed successfully.
  Concurrent method 'Main' (Main) started at 12/11/2019 18:44:31.6 and finished at 12/11/2019 18:45:24.7

12/11/2019 18:53:20.0 Process 'ChipLoad_150ul.met' MethodCompleted
1 of 1 method(s) completed successfully.
  Concurrent method 'Main' (Main) started at 12/11/2019 18:52:18.6 and finished at 12/11/2019 18:53:20.0

12/11/2019 19:03:03.7 Process 'Norm.met' MethodCompleted
1 of 1 method(s) completed successfully.
  Concurrent method 'Main' (Main) started at 12/11/2019 19:00:03.0 and finished at 12/11/2019 19:03:03.7

12/11/2019 19:06:32.6 Process 'AndStamp.met' MethodCompleted
1 of 1 method(s) completed successfully.
  Concurrent method 'Main' (Main) started at 12/11/2019 19:05:39.2 and finished at 12/11/2019 19:06:32.6

12/11/2019 19:24:22.7 Process 'ChipLoad_150ul.met' MethodCompleted
1 of 1 method(s) completed successfully.
  Concurrent method 'Main' (Main) started at 12/11/2019 19:23:20.9 and finished at 12/11/2019 19:24:22.7

12/11/2019 19:34:10.1 Process 'Norm.met' MethodCompleted
1 of 1 method(s) completed successfully.
  Concurrent method 'Main' (Main) started at 12/11/2019 19:31:05.2 and finished at 12/11/2019 19:34:10.1

12/11/2019 19:35:07.0 Process 'AndStamp.met' MethodCompleted
1 of 1 method(s) completed successfully.
  Concurrent method 'Main' (Main) started at 12/11/2019 19:34:13.0 and finished at 12/11/2019 19:35:07.0

12/11/2019 19:49:08.3 Process 'ChipLoad_150ul.met' MethodCompleted
1 of 1 method(s) completed successfully.
  Concurrent method 'Main' (Main) started at 12/11/2019 19:48:06.8 and finished at 12/11/2019 19:49:08.3

12/11/2019 19:58:55.0 Process 'Norm.met' MethodCompleted
1 of 1 method(s) completed successfully.
  Concurrent method 'Main' (Main) started at 12/11/2019 19:55:51.2 and finished at 12/11/2019 19:58:55.0

12/11/2019 19:59:51.5 Process 'AndStamp.met' MethodCompleted
1 of 1 method(s) completed successfully.
  Concurrent method 'Main' (Main) started at 12/11/2019 19:58:58.0 and finished at 12/11/2019 19:59:51.5

12/12/2019 07:44:24.0 Tcp notification encountered an error: SocketException: System.Net.Sockets.SocketException (0x80004005): The requested address is not valid in its context 172.18.3.52:0
   at System.Net.Sockets.TcpClient..ctor(String hostname, Int32 port)
   at MethodManager.DX.Interop.MMTcpServer.<>c__DisplayClass5.<SendNotification>b__4()
12/12/2019 07:44:38.8 Process 'InitializeLynx.met' MethodCompleted
1 of 1 method(s) completed successfully.
  Concurrent method 'Main' (Main) started at 12/12/2019 07:44:36.6 and finished at 12/12/2019 07:44:38.8

12/12/2019 07:54:51.8 Process 'ChipLoad_150ul.met' MethodCompleted
1 of 1 method(s) completed successfully.
  Concurrent method 'Main' (Main) started at 12/12/2019 07:53:49.5 and finished at 12/12/2019 07:54:51.8

12/12/2019 08:04:36.9 Process 'Norm.met' MethodCompleted
1 of 1 method(s) completed successfully.
  Concurrent method 'Main' (Main) started at 12/12/2019 08:01:33.4 and finished at 12/12/2019 08:04:36.9

12/12/2019 08:05:33.0 Process 'AndStamp.met' MethodCompleted
1 of 1 method(s) completed successfully.
  Concurrent method 'Main' (Main) started at 12/12/2019 08:04:39.8 and finished at 12/12/2019 08:05:33.0

12/12/2019 08:13:33.7 Process 'ChipLoad_150ul.met' MethodCompleted
1 of 1 method(s) completed successfully.
  Concurrent method 'Main' (Main) started at 12/12/2019 08:12:31.1 and finished at 12/12/2019 08:13:33.7

12/12/2019 08:23:19.7 Process 'Norm.met' MethodCompleted
1 of 1 method(s) completed successfully.
  Concurrent method 'Main' (Main) started at 12/12/2019 08:20:15.1 and finished at 12/12/2019 08:23:19.7

12/12/2019 08:24:16.1 Process 'AndStamp.met' MethodCompleted
1 of 1 method(s) completed successfully.
  Concurrent method 'Main' (Main) started at 12/12/2019 08:23:23.0 and finished at 12/12/2019 08:24:16.1

12/12/2019 08:32:17.8 Process 'ChipLoad_150ul.met' MethodCompleted
1 of 1 method(s) completed successfully.
  Concurrent method 'Main' (Main) started at 12/12/2019 08:31:16.0 and finished at 12/12/2019 08:32:17.8

12/12/2019 08:39:37.4 [VVP96] VVP reports 27 errors in last aspirate: D01, E01, F01, G01, A02, F02, H02, D03, F03, C04, B06, C06, G06, D07, G07, H07, A08, C08, D08, A10, C10, G10, D11, E11, G11, D12, F12
12/12/2019 08:41:12.8 Process 'Norm.met' MethodCompleted, A 'Dispense(VVP96)' command was stopped due to a motion error
0 of 1 method(s) completed successfully.
  Concurrent method 'Main' (Main) started at 12/12/2019 08:38:58.2 and terminated at 12/12/2019 08:41:12.8
    Terminate reason:CommandError
    Command 'Dispense(VVP96)', line 4, was interrupted due to A motion error, Move Z axis failed:ZL had MotionError

[User] Clear errors.
All device errors were resolved.
[User] Step.
12/12/2019 08:44:00.2 Process 'Norm.met' MethodCompleted
1 of 1 method(s) completed successfully.
  Concurrent method 'Main' (Main) started at 12/12/2019 08:43:47.2 and finished at 12/12/2019 08:44:00.2

[User] Step.
12/12/2019 08:44:19.9 Process 'Norm.met' MethodCompleted
1 of 1 method(s) completed successfully.
  Concurrent method 'Main' (Main) started at 12/12/2019 08:44:16.6 and finished at 12/12/2019 08:44:19.9

[User] Jump.
[UserPause] Stop.
12/12/2019 08:46:23.1 Process 'Norm.met' MethodCompleted, A 'Load Tips(VVP96)' command responded to a stop signal
0 of 1 method(s) completed successfully.
  Concurrent method 'Main' (Main) started at 12/12/2019 08:44:25.2 and terminated at 12/12/2019 08:46:23.0
    Terminate reason:QuitSignal
    Command 'Load Tips(VVP96)', line 8, was interrupted due to Command 'Load Tips(VVP96)' required to exit on Stop

[User] Step.
12/12/2019 08:46:46.7 Process 'Norm.met' MethodCompleted
1 of 1 method(s) completed successfully.
  Concurrent method 'Main' (Main) started at 12/12/2019 08:46:44.4 and finished at 12/12/2019 08:46:46.7

[UserPause] Stop.
12/12/2019 09:25:13.1 SubProcess 'SubMethods\TipOn_Check_300uL.met'[0] 'Move To Location(VVP96)' MethodResumed
12/12/2019 09:28:08.9 Process 'Norm.met' MethodCompleted
1 of 1 method(s) completed successfully.
  Concurrent method 'Main' (Main) started at 12/12/2019 09:24:48.1 and finished at 12/12/2019 09:28:08.9

12/12/2019 12:39:47.8 Process 'AndStamp.met' MethodCompleted
1 of 1 method(s) completed successfully.
  Concurrent method 'Main' (Main) started at 12/12/2019 12:38:54.5 and finished at 12/12/2019 12:39:47.8

12/12/2019 12:47:38.8 Process 'ChipLoad_150ul.met' MethodCompleted
1 of 1 method(s) completed successfully.
  Concurrent method 'Main' (Main) started at 12/12/2019 12:46:36.3 and finished at 12/12/2019 12:47:38.8

12/12/2019 12:57:23.1 Process 'Norm.met' MethodCompleted
1 of 1 method(s) completed successfully.
  Concurrent method 'Main' (Main) started at 12/12/2019 12:54:19.6 and finished at 12/12/2019 12:57:23.1

12/12/2019 12:58:19.3 Process 'AndStamp.met' MethodCompleted
1 of 1 method(s) completed successfully.
  Concurrent method 'Main' (Main) started at 12/12/2019 12:57:26.1 and finished at 12/12/2019 12:58:19.3

12/12/2019 13:06:16.1 Process 'ChipLoad_150ul.met' MethodCompleted
1 of 1 method(s) completed successfully.
  Concurrent method 'Main' (Main) started at 12/12/2019 13:05:14.3 and finished at 12/12/2019 13:06:16.1

12/12/2019 13:16:00.6 Process 'Norm.met' MethodCompleted
1 of 1 method(s) completed successfully.
  Concurrent method 'Main' (Main) started at 12/12/2019 13:12:57.7 and finished at 12/12/2019 13:16:00.6

12/12/2019 13:16:56.6 Process 'AndStamp.met' MethodCompleted
1 of 1 method(s) completed successfully.
  Concurrent method 'Main' (Main) started at 12/12/2019 13:16:03.5 and finished at 12/12/2019 13:16:56.6

12/12/2019 13:24:46.8 Process 'ChipLoad_150ul.met' MethodCompleted
1 of 1 method(s) completed successfully.
  Concurrent method 'Main' (Main) started at 12/12/2019 13:23:44.3 and finished at 12/12/2019 13:24:46.8

12/12/2019 13:34:33.2 Process 'Norm.met' MethodCompleted
1 of 1 method(s) completed successfully.
  Concurrent method 'Main' (Main) started at 12/12/2019 13:31:28.7 and finished at 12/12/2019 13:34:33.2

12/12/2019 13:35:29.1 Process 'AndStamp.met' MethodCompleted
1 of 1 method(s) completed successfully.
  Concurrent method 'Main' (Main) started at 12/12/2019 13:34:36.0 and finished at 12/12/2019 13:35:29.1

12/12/2019 13:43:18.5 Process 'ChipLoad_150ul.met' MethodCompleted
1 of 1 method(s) completed successfully.
  Concurrent method 'Main' (Main) started at 12/12/2019 13:42:16.0 and finished at 12/12/2019 13:43:18.5

12/12/2019 13:53:08.1 Process 'Norm.met' MethodCompleted
1 of 1 method(s) completed successfully.
  Concurrent method 'Main' (Main) started at 12/12/2019 13:49:59.9 and finished at 12/12/2019 13:53:08.0

12/12/2019 13:54:04.7 Process 'AndStamp.met' MethodCompleted
1 of 1 method(s) completed successfully.
  Concurrent method 'Main' (Main) started at 12/12/2019 13:53:11.2 and finished at 12/12/2019 13:54:04.7

12/12/2019 14:01:53.7 Process 'ChipLoad_150ul.met' MethodCompleted
1 of 1 method(s) completed successfully.
  Concurrent method 'Main' (Main) started at 12/12/2019 14:00:52.1 and finished at 12/12/2019 14:01:53.7

12/12/2019 14:11:39.8 Process 'Norm.met' MethodCompleted
1 of 1 method(s) completed successfully.
  Concurrent method 'Main' (Main) started at 12/12/2019 14:08:35.6 and finished at 12/12/2019 14:11:39.8

12/12/2019 14:12:36.4 Process 'AndStamp.met' MethodCompleted
1 of 1 method(s) completed successfully.
  Concurrent method 'Main' (Main) started at 12/12/2019 14:11:42.8 and finished at 12/12/2019 14:12:36.4

12/12/2019 14:20:32.1 Process 'ChipLoad_150ul.met' MethodCompleted
1 of 1 method(s) completed successfully.
  Concurrent method 'Main' (Main) started at 12/12/2019 14:19:30.1 and finished at 12/12/2019 14:20:32.1

12/12/2019 14:30:16.1 Process 'Norm.met' MethodCompleted
1 of 1 method(s) completed successfully.
  Concurrent method 'Main' (Main) started at 12/12/2019 14:27:14.3 and finished at 12/12/2019 14:30:16.1

12/12/2019 14:31:12.8 Process 'AndStamp.met' MethodCompleted
1 of 1 method(s) completed successfully.
  Concurrent method 'Main' (Main) started at 12/12/2019 14:30:19.2 and finished at 12/12/2019 14:31:12.8

12/12/2019 14:39:00.1 Process 'ChipLoad_150ul.met' MethodCompleted
1 of 1 method(s) completed successfully.
  Concurrent method 'Main' (Main) started at 12/12/2019 14:37:57.2 and finished at 12/12/2019 14:39:00.1

12/12/2019 14:48:49.0 Process 'Norm.met' MethodCompleted
1 of 1 method(s) completed successfully.
  Concurrent method 'Main' (Main) started at 12/12/2019 14:45:40.1 and finished at 12/12/2019 14:48:49.0

12/12/2019 14:49:44.6 Process 'AndStamp.met' MethodCompleted
1 of 1 method(s) completed successfully.
  Concurrent method 'Main' (Main) started at 12/12/2019 14:48:52.0 and finished at 12/12/2019 14:49:44.6

12/12/2019 14:57:28.1 Process 'ChipLoad_150ul.met' MethodCompleted
1 of 1 method(s) completed successfully.
  Concurrent method 'Main' (Main) started at 12/12/2019 14:56:26.5 and finished at 12/12/2019 14:57:28.1

12/12/2019 15:07:17.9 Process 'Norm.met' MethodCompleted
1 of 1 method(s) completed successfully.
  Concurrent method 'Main' (Main) started at 12/12/2019 15:04:10.5 and finished at 12/12/2019 15:07:17.9

12/12/2019 15:08:13.9 Process 'AndStamp.met' MethodCompleted
1 of 1 method(s) completed successfully.
  Concurrent method 'Main' (Main) started at 12/12/2019 15:07:20.8 and finished at 12/12/2019 15:08:13.9

12/12/2019 15:18:54.4 Process 'ChipLoad_150ul.met' MethodCompleted
1 of 1 method(s) completed successfully.
  Concurrent method 'Main' (Main) started at 12/12/2019 15:17:51.5 and finished at 12/12/2019 15:18:54.4

12/12/2019 15:28:41.2 Process 'Norm.met' MethodCompleted
1 of 1 method(s) completed successfully.
  Concurrent method 'Main' (Main) started at 12/12/2019 15:25:35.4 and finished at 12/12/2019 15:28:41.2

12/12/2019 15:29:37.5 Process 'AndStamp.met' MethodCompleted
1 of 1 method(s) completed successfully.
  Concurrent method 'Main' (Main) started at 12/12/2019 15:28:44.1 and finished at 12/12/2019 15:29:37.5

12/12/2019 15:37:35.5 Process 'ChipLoad_150ul.met' MethodCompleted
1 of 1 method(s) completed successfully.
  Concurrent method 'Main' (Main) started at 12/12/2019 15:36:32.7 and finished at 12/12/2019 15:37:35.5

12/12/2019 15:47:21.2 Process 'Norm.met' MethodCompleted
1 of 1 method(s) completed successfully.
  Concurrent method 'Main' (Main) started at 12/12/2019 15:44:16.2 and finished at 12/12/2019 15:47:21.2

12/12/2019 15:48:17.0 Process 'AndStamp.met' MethodCompleted
1 of 1 method(s) completed successfully.
  Concurrent method 'Main' (Main) started at 12/12/2019 15:47:23.9 and finished at 12/12/2019 15:48:17.0

12/12/2019 15:56:10.8 Process 'ChipLoad_150ul.met' MethodCompleted
1 of 1 method(s) completed successfully.
  Concurrent method 'Main' (Main) started at 12/12/2019 15:55:08.8 and finished at 12/12/2019 15:56:10.8

12/12/2019 16:05:56.9 Process 'Norm.met' MethodCompleted
1 of 1 method(s) completed successfully.
  Concurrent method 'Main' (Main) started at 12/12/2019 16:02:52.5 and finished at 12/12/2019 16:05:56.9

12/12/2019 16:06:53.7 Process 'AndStamp.met' MethodCompleted
1 of 1 method(s) completed successfully.
  Concurrent method 'Main' (Main) started at 12/12/2019 16:05:59.8 and finished at 12/12/2019 16:06:53.7

12/12/2019 16:17:12.9 Process 'Stamp_150ul.met' MethodCompleted
1 of 1 method(s) completed successfully.
  Concurrent method 'Main' (Main) started at 12/12/2019 16:15:57.0 and finished at 12/12/2019 16:17:12.9

12/12/2019 16:23:32.5 Process 'ChipLoad_150ul.met' MethodCompleted
1 of 1 method(s) completed successfully.
  Concurrent method 'Main' (Main) started at 12/12/2019 16:22:29.8 and finished at 12/12/2019 16:23:32.5

12/12/2019 16:33:25.3 Process 'Norm.met' MethodCompleted
1 of 1 method(s) completed successfully.
  Concurrent method 'Main' (Main) started at 12/12/2019 16:30:16.0 and finished at 12/12/2019 16:33:25.3

12/12/2019 16:34:22.3 Process 'AndStamp.met' MethodCompleted
1 of 1 method(s) completed successfully.
  Concurrent method 'Main' (Main) started at 12/12/2019 16:33:28.2 and finished at 12/12/2019 16:34:22.3

12/12/2019 16:45:35.4 Process 'Stamp_150ul.met' MethodCompleted
1 of 1 method(s) completed successfully.
  Concurrent method 'Main' (Main) started at 12/12/2019 16:44:20.2 and finished at 12/12/2019 16:45:35.4

12/12/2019 16:54:47.1 Process 'Stamp_150ul.met' MethodCompleted
1 of 1 method(s) completed successfully.
  Concurrent method 'Main' (Main) started at 12/12/2019 16:53:33.2 and finished at 12/12/2019 16:54:47.1

12/12/2019 17:03:00.5 Process 'Stamp_150ul.met' MethodCompleted
1 of 1 method(s) completed successfully.
  Concurrent method 'Main' (Main) started at 12/12/2019 17:01:47.3 and finished at 12/12/2019 17:03:00.5

12/12/2019 17:11:27.2 Process 'Stamp_150ul.met' MethodCompleted
1 of 1 method(s) completed successfully.
  Concurrent method 'Main' (Main) started at 12/12/2019 17:10:11.8 and finished at 12/12/2019 17:11:27.2

12/12/2019 17:19:49.5 Process 'Stamp_150ul.met' MethodCompleted
1 of 1 method(s) completed successfully.
  Concurrent method 'Main' (Main) started at 12/12/2019 17:18:35.8 and finished at 12/12/2019 17:19:49.5

12/12/2019 17:29:12.4 Process 'Stamp_150ul.met' MethodCompleted
1 of 1 method(s) completed successfully.
  Concurrent method 'Main' (Main) started at 12/12/2019 17:27:57.7 and finished at 12/12/2019 17:29:12.4

12/12/2019 17:36:38.9 Process 'ChipLoad_150ul.met' MethodCompleted
1 of 1 method(s) completed successfully.
  Concurrent method 'Main' (Main) started at 12/12/2019 17:35:37.4 and finished at 12/12/2019 17:36:38.9

12/12/2019 17:46:29.0 Process 'Norm.met' MethodCompleted
1 of 1 method(s) completed successfully.
  Concurrent method 'Main' (Main) started at 12/12/2019 17:43:23.8 and finished at 12/12/2019 17:46:29.0

12/12/2019 17:47:25.2 Process 'AndStamp.met' MethodCompleted
1 of 1 method(s) completed successfully.
  Concurrent method 'Main' (Main) started at 12/12/2019 17:46:32.3 and finished at 12/12/2019 17:47:25.2

12/12/2019 17:55:09.6 Process 'ChipLoad_150ul.met' MethodCompleted
1 of 1 method(s) completed successfully.
  Concurrent method 'Main' (Main) started at 12/12/2019 17:54:08.1 and finished at 12/12/2019 17:55:09.6

12/12/2019 18:04:55.1 Process 'Norm.met' MethodCompleted
1 of 1 method(s) completed successfully.
  Concurrent method 'Main' (Main) started at 12/12/2019 18:01:52.4 and finished at 12/12/2019 18:04:55.0

12/12/2019 18:05:51.2 Process 'AndStamp.met' MethodCompleted
1 of 1 method(s) completed successfully.
  Concurrent method 'Main' (Main) started at 12/12/2019 18:04:58.3 and finished at 12/12/2019 18:05:51.2

12/12/2019 18:13:42.0 Process 'ChipLoad_150ul.met' MethodCompleted
1 of 1 method(s) completed successfully.
  Concurrent method 'Main' (Main) started at 12/12/2019 18:12:39.6 and finished at 12/12/2019 18:13:42.0

12/12/2019 18:23:30.4 Process 'Norm.met' MethodCompleted
1 of 1 method(s) completed successfully.
  Concurrent method 'Main' (Main) started at 12/12/2019 18:20:24.0 and finished at 12/12/2019 18:23:30.4

12/12/2019 18:24:25.9 Process 'AndStamp.met' MethodCompleted
1 of 1 method(s) completed successfully.
  Concurrent method 'Main' (Main) started at 12/12/2019 18:23:33.4 and finished at 12/12/2019 18:24:25.9

12/12/2019 18:32:08.7 Process 'ChipLoad_150ul.met' MethodCompleted
1 of 1 method(s) completed successfully.
  Concurrent method 'Main' (Main) started at 12/12/2019 18:31:07.4 and finished at 12/12/2019 18:32:08.7

12/12/2019 18:41:56.3 Process 'Norm.met' MethodCompleted
1 of 1 method(s) completed successfully.
  Concurrent method 'Main' (Main) started at 12/12/2019 18:38:50.9 and finished at 12/12/2019 18:41:56.3

12/12/2019 18:42:52.1 Process 'AndStamp.met' MethodCompleted
1 of 1 method(s) completed successfully.
  Concurrent method 'Main' (Main) started at 12/12/2019 18:41:59.2 and finished at 12/12/2019 18:42:52.1

12/12/2019 18:50:40.3 Process 'ChipLoad_150ul.met' MethodCompleted
1 of 1 method(s) completed successfully.
  Concurrent method 'Main' (Main) started at 12/12/2019 18:49:38.2 and finished at 12/12/2019 18:50:40.3

12/12/2019 19:00:27.4 Process 'Norm.met' MethodCompleted
1 of 1 method(s) completed successfully.
  Concurrent method 'Main' (Main) started at 12/12/2019 18:57:22.3 and finished at 12/12/2019 19:00:27.4

12/12/2019 19:01:23.3 Process 'AndStamp.met' MethodCompleted
1 of 1 method(s) completed successfully.
  Concurrent method 'Main' (Main) started at 12/12/2019 19:00:30.2 and finished at 12/12/2019 19:01:23.3

12/12/2019 19:09:28.3 Process 'ChipLoad_150ul.met' MethodCompleted
1 of 1 method(s) completed successfully.
  Concurrent method 'Main' (Main) started at 12/12/2019 19:08:27.1 and finished at 12/12/2019 19:09:28.3

12/12/2019 19:19:17.4 Process 'Norm.met' MethodCompleted
1 of 1 method(s) completed successfully.
  Concurrent method 'Main' (Main) started at 12/12/2019 19:16:10.9 and finished at 12/12/2019 19:19:17.4

12/12/2019 19:20:14.1 Process 'AndStamp.met' MethodCompleted
1 of 1 method(s) completed successfully.
  Concurrent method 'Main' (Main) started at 12/12/2019 19:19:20.1 and finished at 12/12/2019 19:20:14.1

12/12/2019 19:28:08.3 Process 'ChipLoad_150ul.met' MethodCompleted
1 of 1 method(s) completed successfully.
  Concurrent method 'Main' (Main) started at 12/12/2019 19:27:06.5 and finished at 12/12/2019 19:28:08.2

12/12/2019 19:37:56.4 Process 'Norm.met' MethodCompleted
1 of 1 method(s) completed successfully.
  Concurrent method 'Main' (Main) started at 12/12/2019 19:34:51.9 and finished at 12/12/2019 19:37:56.4

12/12/2019 19:38:52.3 Process 'AndStamp.met' MethodCompleted
1 of 1 method(s) completed successfully.
  Concurrent method 'Main' (Main) started at 12/12/2019 19:37:59.2 and finished at 12/12/2019 19:38:52.3

12/12/2019 19:46:48.3 Process 'ChipLoad_150ul.met' MethodCompleted
1 of 1 method(s) completed successfully.
  Concurrent method 'Main' (Main) started at 12/12/2019 19:45:45.4 and finished at 12/12/2019 19:46:48.3

12/12/2019 19:56:33.8 Process 'Norm.met' MethodCompleted
1 of 1 method(s) completed successfully.
  Concurrent method 'Main' (Main) started at 12/12/2019 19:53:29.1 and finished at 12/12/2019 19:56:33.8

12/12/2019 19:57:30.1 Process 'AndStamp.met' MethodCompleted
1 of 1 method(s) completed successfully.
  Concurrent method 'Main' (Main) started at 12/12/2019 19:56:37.0 and finished at 12/12/2019 19:57:30.1

12/12/2019 20:05:15.3 Process 'ChipLoad_150ul.met' MethodCompleted
1 of 1 method(s) completed successfully.
  Concurrent method 'Main' (Main) started at 12/12/2019 20:04:12.8 and finished at 12/12/2019 20:05:15.3

12/12/2019 20:15:08.1 Process 'Norm.met' MethodCompleted
1 of 1 method(s) completed successfully.
  Concurrent method 'Main' (Main) started at 12/12/2019 20:12:02.2 and finished at 12/12/2019 20:15:08.1

12/12/2019 20:16:03.7 Process 'AndStamp.met' MethodCompleted
1 of 1 method(s) completed successfully.
  Concurrent method 'Main' (Main) started at 12/12/2019 20:15:11.1 and finished at 12/12/2019 20:16:03.7

