Workspace 'LM703' modules...
  MethodManagerV4   1.4.7265.22152
  MMCoreDevice   1.4.7265.22158
  MMLiquidHandler   1.4.7265.22229
  Warp3   2.0.7265.22182
  MMVVP   1.4.7265.22230
  MMIOLightTower   1.4.7265.22229
  MMHeadGripper   1.4.7265.22430
The pipette tool 'VVP96' has mandrel type 'MLV' and can load the following tip types:
   Tip type 'LXB-96-150F', loading depth 9.4 mm, Id: baf0d489-a29c-4899-844e-44fbdc6c2c49.
   Tip type 'LXB-96-200NF', loading depth 9.4 mm, Id: 095daefc-e866-4d91-906f-cc7e17eaf3f6.
   Tip type 'LXB-96-300F', loading depth 10.4 mm, Id: d2f37554-e0d6-41ea-8f3d-101c68af7e40.
   Tip type 'LXB-96-300NF', loading depth 10.4 mm, Id: 423ec1e5-0ccf-4946-a441-905f3c9e1fd9.
   Tip type 'LXB-96-950F', loading depth 28.6 mm, Id: 497625a6-73fc-4433-95df-636ceecdc818.
   Tip type 'LXB-96-950F-WB', loading depth 28.6 mm, Id: ca3988bc-a34d-4ad7-ba77-93a37e8cba6d.
   Tip type 'LXB-96-1250NF', loading depth 28.6 mm, Id: 13ba07a3-d5cb-4a96-9ab8-1d418fc383d6.
01/10/2020 20:54:02.9 The command server is monitoring the workspace 'LM703' and is available on 172.18.3.53/1000
01/10/2020 20:54:08.3 [ZL] Failed to open a connection to 'ZL': Could not find a Warp3 at address 10.0.0.163
01/10/2020 20:54:19.8 [ZL] Instruction Error Status: None
01/10/2020 20:54:19.8 [ZL] Warp3 core version: 99103v1.0 (will support I/O).
01/10/2020 20:54:19.8 [ZL] Configured as an enhanced Warp3 with I/O.
01/10/2020 20:54:19.8 [ZL]   Inputs: False False False False False False 
01/10/2020 20:54:19.9 [ZL] Current IP communications rate is 10 mb.
01/10/2020 20:54:19.9 [ZL] IP communications speed is currently set to 10 Mbps.
01/10/2020 20:54:20.0 [ZL] Relative motor limit setting 100.0%, changing limit from 100.0% to 30.0%
01/10/2020 20:54:20.0 [ZL] Phase correction: disabled, prescale: 0, phase counts: 2000
01/10/2020 20:54:20.0 [ZL] SetCurrentFoldbackAmps(8, 20) will set 17440 , 216
01/10/2020 20:54:20.0 [ZL] Configuration parameters loaded from 'P:\MethodManagerWorkspaces\LM703\Configuration\Z Axis.xml'. HomeVelocity 20 mm/s, CountsPerMM 2571 cts/mm.
01/10/2020 20:54:20.2 [ZL] Start Hall-based phase initialization.
01/10/2020 20:54:20.2 [ZL] Phases initialized.
01/10/2020 20:54:20.4 [BarCodeZAxis] Instruction Error Status: None
01/10/2020 20:54:20.4 [BarCodeZAxis] Warp3 core version: 99103v1.0 (will support I/O).
01/10/2020 20:54:20.4 [BarCodeZAxis] Configured as an enhanced Warp3 with I/O.
01/10/2020 20:54:20.4 [BarCodeZAxis]   Inputs: False False False False False False 
01/10/2020 20:54:20.5 [BarCodeZAxis] Current IP communications rate is 10 mb.
01/10/2020 20:54:20.5 [BarCodeZAxis] IP communications speed is currently set to 10 Mbps.
01/10/2020 20:54:20.5 [BarCodeZAxis] Relative motor limit setting 100.0%, changing limit from 100.0% to 10.0%
01/10/2020 20:54:20.6 [BarCodeZAxis] Phase correction: disabled, prescale: 0, phase counts: 2000
01/10/2020 20:54:20.6 [BarCodeZAxis] SetCurrentFoldbackAmps(2, 5) will set 4360 , 54
01/10/2020 20:54:20.6 [BarCodeZAxis] Configuration parameters loaded from 'P:\MethodManagerWorkspaces\LM703\Configuration\BarCode Z.xml'. HomeVelocity 20 mm/s, CountsPerMM 5538 cts/mm.
01/10/2020 20:54:20.8 [BarCodeZAxis] Start Hall-based phase initialization.
01/10/2020 20:54:20.8 [BarCodeZAxis] Phases initialized.
01/10/2020 20:54:21.0 [YL] Instruction Error Status: None
01/10/2020 20:54:21.0 [YL] Warp3 core version: 99103v1.0 (will support I/O).
01/10/2020 20:54:21.0 [YL] Configured as an enhanced Warp3 with I/O.
01/10/2020 20:54:21.0 [YL]   Inputs: False False False False False False 
01/10/2020 20:54:21.0 [YL] Current IP communications rate is 10 mb.
01/10/2020 20:54:21.0 [YL] IP communications speed is currently set to 10 Mbps.
01/10/2020 20:54:21.1 [YL] Relative motor limit setting 100.0%, changing limit from 100.0% to 70.0%
01/10/2020 20:54:21.1 [YL] Phase correction: disabled, prescale: 1, phase counts: 1905
01/10/2020 20:54:21.2 [YL] SetCurrentFoldbackAmps(6, 100) will set 13080 , 1083
01/10/2020 20:54:21.2 [YL] Configuration parameters loaded from 'P:\MethodManagerWorkspaces\LM703\Configuration\Y Axis.xml'. HomeVelocity 20 mm/s, CountsPerMM 2000 cts/mm.
01/10/2020 20:54:21.4 [YL] Start Hall-based phase initialization.
01/10/2020 20:54:21.4 [YL] Phases initialized.
01/10/2020 20:54:21.6 [XL] Instruction Error Status: None
01/10/2020 20:54:21.6 [XL] Warp3 core version: 99103v1.0 (will support I/O).
01/10/2020 20:54:21.6 [XL] Configured as an enhanced Warp3 with I/O.
01/10/2020 20:54:21.6 [XL]   Inputs: False False False False False False 
01/10/2020 20:54:21.6 [XL] Current IP communications rate is 10 mb.
01/10/2020 20:54:21.7 [XL] IP communications speed is currently set to 10 Mbps.
01/10/2020 20:54:21.8 [XL] Phase correction: disabled, prescale: 1, phase counts: 1905
01/10/2020 20:54:21.8 [XL] SetCurrentFoldbackAmps(6, 100) will set 13080 , 1083
01/10/2020 20:54:21.8 [XL] Configuration parameters loaded from 'P:\MethodManagerWorkspaces\LM703\Configuration\X Axis.xml'. HomeVelocity 20 mm/s, CountsPerMM 2000 cts/mm.
01/10/2020 20:54:21.9 [XL] Start Hall-based phase initialization.
01/10/2020 20:54:22.0 [XL] Phases initialized.
01/10/2020 20:54:32.6 [ZL] Closing component connections for Warp 'ZL'.
01/10/2020 20:54:33.1 [ZL] Instruction Error Status: None
01/10/2020 20:54:33.1 [ZL] Warp3 core version: 99103v1.0 (will support I/O).
01/10/2020 20:54:33.1 [ZL] Configured as an enhanced Warp3 with I/O.
01/10/2020 20:54:33.2 [ZL]   Inputs: False False False False False False 
01/10/2020 20:54:33.2 [ZL] Current IP communications rate is 10 mb.
01/10/2020 20:54:33.2 [ZL] IP communications speed is currently set to 10 Mbps.
01/10/2020 20:54:33.3 [ZL] Phase correction: disabled, prescale: 0, phase counts: 2000
01/10/2020 20:54:33.3 [ZL] SetCurrentFoldbackAmps(8, 20) will set 17440 , 216
01/10/2020 20:54:33.3 [ZL] Configuration parameters loaded from 'P:\MethodManagerWorkspaces\LM703\Configuration\Z Axis.xml'. HomeVelocity 20 mm/s, CountsPerMM 2571 cts/mm.
01/10/2020 20:54:33.5 [ZL] Start Hall-based phase initialization.
01/10/2020 20:54:33.5 [ZL] Phases initialized.
01/10/2020 20:54:33.5 [BarCodeZAxis] Closing component connections for Warp 'BarCodeZAxis'.
01/10/2020 20:54:34.1 [BarCodeZAxis] Instruction Error Status: None
01/10/2020 20:54:34.1 [BarCodeZAxis] Warp3 core version: 99103v1.0 (will support I/O).
01/10/2020 20:54:34.1 [BarCodeZAxis] Configured as an enhanced Warp3 with I/O.
01/10/2020 20:54:34.1 [BarCodeZAxis]   Inputs: False False False False False False 
01/10/2020 20:54:34.1 [BarCodeZAxis] Current IP communications rate is 10 mb.
01/10/2020 20:54:34.1 [BarCodeZAxis] IP communications speed is currently set to 10 Mbps.
01/10/2020 20:54:34.2 [BarCodeZAxis] Phase correction: disabled, prescale: 0, phase counts: 2000
01/10/2020 20:54:34.3 [BarCodeZAxis] SetCurrentFoldbackAmps(2, 5) will set 4360 , 54
01/10/2020 20:54:34.3 [BarCodeZAxis] Configuration parameters loaded from 'P:\MethodManagerWorkspaces\LM703\Configuration\BarCode Z.xml'. HomeVelocity 20 mm/s, CountsPerMM 5538 cts/mm.
01/10/2020 20:54:34.4 [BarCodeZAxis] Start Hall-based phase initialization.
01/10/2020 20:54:34.5 [BarCodeZAxis] Phases initialized.
01/10/2020 20:54:34.5 [YL] Closing component connections for Warp 'YL'.
01/10/2020 20:54:35.0 [YL] Instruction Error Status: None
01/10/2020 20:54:35.0 [YL] Warp3 core version: 99103v1.0 (will support I/O).
01/10/2020 20:54:35.0 [YL] Configured as an enhanced Warp3 with I/O.
01/10/2020 20:54:35.1 [YL]   Inputs: False False False False False False 
01/10/2020 20:54:35.1 [YL] Current IP communications rate is 10 mb.
01/10/2020 20:54:35.1 [YL] IP communications speed is currently set to 10 Mbps.
01/10/2020 20:54:35.2 [YL] Phase correction: disabled, prescale: 1, phase counts: 1905
01/10/2020 20:54:35.2 [YL] SetCurrentFoldbackAmps(6, 100) will set 13080 , 1083
01/10/2020 20:54:35.3 [YL] Configuration parameters loaded from 'P:\MethodManagerWorkspaces\LM703\Configuration\Y Axis.xml'. HomeVelocity 20 mm/s, CountsPerMM 2000 cts/mm.
01/10/2020 20:54:35.4 [YL] Start Hall-based phase initialization.
01/10/2020 20:54:35.4 [YL] Phases initialized.
01/10/2020 20:54:35.5 [XL] Closing component connections for Warp 'XL'.
01/10/2020 20:54:36.0 [XL] Instruction Error Status: None
01/10/2020 20:54:36.0 [XL] Warp3 core version: 99103v1.0 (will support I/O).
01/10/2020 20:54:36.0 [XL] Configured as an enhanced Warp3 with I/O.
01/10/2020 20:54:36.1 [XL]   Inputs: False False False False False False 
01/10/2020 20:54:36.1 [XL] Current IP communications rate is 10 mb.
01/10/2020 20:54:36.1 [XL] IP communications speed is currently set to 10 Mbps.
01/10/2020 20:54:36.2 [XL] Phase correction: disabled, prescale: 1, phase counts: 1905
01/10/2020 20:54:36.2 [XL] SetCurrentFoldbackAmps(6, 100) will set 13080 , 1083
01/10/2020 20:54:36.2 [XL] Configuration parameters loaded from 'P:\MethodManagerWorkspaces\LM703\Configuration\X Axis.xml'. HomeVelocity 20 mm/s, CountsPerMM 2000 cts/mm.
01/10/2020 20:54:36.4 [XL] Start Hall-based phase initialization.
01/10/2020 20:54:36.4 [XL] Phases initialized.
01/10/2020 20:54:41.8 [XL] This axis has not been homed!
01/10/2020 20:54:41.8 [YL] This axis has not been homed!
01/10/2020 20:54:41.8 [ZL] This axis has not been homed!
01/10/2020 20:54:41.8 [BarCodeZAxis] This axis has not been homed!
01/10/2020 20:54:43.3 [XL] Closing component connections for Warp 'XL'.
01/10/2020 20:54:43.3 [YL] Closing component connections for Warp 'YL'.
01/10/2020 20:54:43.3 [ZL] Closing component connections for Warp 'ZL'.
01/10/2020 20:54:43.3 [BarCodeZAxis] Closing component connections for Warp 'BarCodeZAxis'.
01/10/2020 20:54:43.4 [Lynx] 
