Workspace 'LM703' modules...
  MethodManagerV4   1.4.7265.22152
  MMCoreDevice   1.4.7265.22158
  MMLiquidHandler   1.4.7265.22229
  Warp3   2.0.7265.22182
  MMVVP   1.4.7265.22230
  MMIOLightTower   1.4.7265.22229
  MMHeadGripper   1.4.7265.22430
The pipette tool 'VVP96' has mandrel type 'MLV' and can load the following tip types:
   Tip type 'LXB-96-150F', loading depth 9.4 mm, Id: baf0d489-a29c-4899-844e-44fbdc6c2c49.
   Tip type 'LXB-96-200NF', loading depth 9.4 mm, Id: 095daefc-e866-4d91-906f-cc7e17eaf3f6.
   Tip type 'LXB-96-300F', loading depth 10.4 mm, Id: d2f37554-e0d6-41ea-8f3d-101c68af7e40.
   Tip type 'LXB-96-300NF', loading depth 10.4 mm, Id: 423ec1e5-0ccf-4946-a441-905f3c9e1fd9.
   Tip type 'LXB-96-950F', loading depth 28.6 mm, Id: 497625a6-73fc-4433-95df-636ceecdc818.
   Tip type 'LXB-96-950F-WB', loading depth 28.6 mm, Id: ca3988bc-a34d-4ad7-ba77-93a37e8cba6d.
   Tip type 'LXB-96-1250NF', loading depth 28.6 mm, Id: 13ba07a3-d5cb-4a96-9ab8-1d418fc383d6.
12/19/2019 15:39:32.6 The command server is monitoring the workspace 'LM703' and is available on 172.18.3.53/1000
12/19/2019 15:39:35.6 [ZL] Instruction Error Status: None
12/19/2019 15:39:35.6 [ZL] Warp3 core version: 99103v1.0 (will support I/O).
12/19/2019 15:39:35.7 [ZL] Configured as an enhanced Warp3 with I/O.
12/19/2019 15:39:35.7 [ZL]   Inputs: False False False False False False 
12/19/2019 15:39:35.7 [ZL] Current IP communications rate is 10 mb.
12/19/2019 15:39:35.7 [ZL] IP communications speed is currently set to 10 Mbps.
12/19/2019 15:39:35.8 [ZL] Phase correction: disabled, prescale: 0, phase counts: 2000
12/19/2019 15:39:35.9 [ZL] SetCurrentFoldbackAmps(8, 20) will set 17440 , 216
12/19/2019 15:39:35.9 [ZL] Configuration parameters loaded from 'P:\MethodManagerWorkspaces\LM703\Configuration\Z Axis.xml'. HomeVelocity 20 mm/s, CountsPerMM 2571 cts/mm.
12/19/2019 15:39:36.0 [ZL] Start Hall-based phase initialization.
12/19/2019 15:39:36.0 [ZL] Phases initialized.
12/19/2019 15:39:36.1 [BarCodeZAxis] Instruction Error Status: None
12/19/2019 15:39:36.1 [BarCodeZAxis] Warp3 core version: 99103v1.0 (will support I/O).
12/19/2019 15:39:36.1 [BarCodeZAxis] Configured as an enhanced Warp3 with I/O.
12/19/2019 15:39:36.1 [BarCodeZAxis]   Inputs: False True False False False False 
12/19/2019 15:39:36.2 [BarCodeZAxis] Current IP communications rate is 10 mb.
12/19/2019 15:39:36.2 [BarCodeZAxis] IP communications speed is currently set to 10 Mbps.
12/19/2019 15:39:36.3 [BarCodeZAxis] Phase correction: disabled, prescale: 0, phase counts: 2000
12/19/2019 15:39:36.3 [BarCodeZAxis] SetCurrentFoldbackAmps(2, 5) will set 4360 , 54
12/19/2019 15:39:36.3 [BarCodeZAxis] Configuration parameters loaded from 'P:\MethodManagerWorkspaces\LM703\Configuration\BarCode Z.xml'. HomeVelocity 20 mm/s, CountsPerMM 5538 cts/mm.
12/19/2019 15:39:36.5 [BarCodeZAxis] Start Hall-based phase initialization.
12/19/2019 15:39:36.5 [BarCodeZAxis] Phases initialized.
12/19/2019 15:39:36.5 [YL] Instruction Error Status: None
12/19/2019 15:39:36.5 [YL] Warp3 core version: 99103v1.0 (will support I/O).
12/19/2019 15:39:36.5 [YL] Configured as an enhanced Warp3 with I/O.
12/19/2019 15:39:36.5 [YL]   Inputs: False False False False False False 
12/19/2019 15:39:36.6 [YL] Current IP communications rate is 10 mb.
12/19/2019 15:39:36.6 [YL] IP communications speed is currently set to 10 Mbps.
12/19/2019 15:39:36.7 [YL] Phase correction: disabled, prescale: 1, phase counts: 1905
12/19/2019 15:39:36.7 [YL] SetCurrentFoldbackAmps(6, 100) will set 13080 , 1083
12/19/2019 15:39:36.7 [YL] Configuration parameters loaded from 'P:\MethodManagerWorkspaces\LM703\Configuration\Y Axis.xml'. HomeVelocity 20 mm/s, CountsPerMM 2000 cts/mm.
12/19/2019 15:39:36.9 [YL] Start Hall-based phase initialization.
12/19/2019 15:39:36.9 [YL] Phases initialized.
12/19/2019 15:39:36.9 [XL] Instruction Error Status: None
12/19/2019 15:39:36.9 [XL] Warp3 core version: 99103v1.0 (will support I/O).
12/19/2019 15:39:36.9 [XL] Configured as an enhanced Warp3 with I/O.
12/19/2019 15:39:36.9 [XL]   Inputs: False False False False False False 
12/19/2019 15:39:37.0 [XL] Current IP communications rate is 10 mb.
12/19/2019 15:39:37.0 [XL] IP communications speed is currently set to 10 Mbps.
12/19/2019 15:39:37.1 [XL] Phase correction: disabled, prescale: 1, phase counts: 1905
12/19/2019 15:39:37.1 [XL] SetCurrentFoldbackAmps(6, 100) will set 13080 , 1083
12/19/2019 15:39:37.1 [XL] Configuration parameters loaded from 'P:\MethodManagerWorkspaces\LM703\Configuration\X Axis.xml'. HomeVelocity 20 mm/s, CountsPerMM 2000 cts/mm.
12/19/2019 15:39:37.3 [XL] Start Hall-based phase initialization.
12/19/2019 15:39:37.3 [XL] Phases initialized.
12/19/2019 15:39:39.2 [VVP96] Get VVP: command 'Aspirate Diagnostics' from 96 channels.
12/19/2019 15:39:39.4 [ZL] Move to Positive limit. Velocity 20 mm/s, accel 40 mm/s2, decel 200 mm/s2, timeout 60 s.
12/19/2019 15:39:40.0 [ZL] Reached limit successfully.
12/19/2019 15:39:40.1 [ZL] Attempting to back off Positive limit.
12/19/2019 15:39:40.8 [ZL] Move off limit completion: Successful (OKReady).
12/19/2019 15:39:40.8 [ZL] Move to limit finished.
12/19/2019 15:39:40.9 [ZL] Establishing new 0 position for the old position 0.00 mm.
12/19/2019 15:39:40.9 [ZL] Timestamp of last successful home: 12/19/2019 3:39:40 PM
12/19/2019 15:39:41.1 [BarCodeZAxis] Move to Negative limit. Velocity 20 mm/s, accel 200 mm/s2, decel 350 mm/s2, timeout 60 s.
12/19/2019 15:39:41.5 [BarCodeZAxis] Reached limit successfully.
12/19/2019 15:39:41.5 [BarCodeZAxis] Attempting to back off Negative limit.
12/19/2019 15:39:42.0 [BarCodeZAxis] Move off limit completion: Successful (OKReady).
12/19/2019 15:39:42.0 [BarCodeZAxis] Move to limit finished.
12/19/2019 15:39:42.1 [BarCodeZAxis] Establishing new 0 position for the old position 0.00 mm.
12/19/2019 15:39:42.1 [BarCodeZAxis] Timestamp of last successful home: 12/19/2019 3:39:42 PM
12/19/2019 15:39:43.2 [YL] Move to Positive limit. Velocity 20 mm/s, accel 200 mm/s2, decel 1000 mm/s2, timeout 60 s.
12/19/2019 15:39:59.4 [YL] Reached limit successfully.
12/19/2019 15:39:59.4 [YL] Attempting to back off Positive limit.
12/19/2019 15:39:59.8 [YL] Move off limit completion: Successful (OKReady).
12/19/2019 15:39:59.9 [YL] Move to limit finished.
12/19/2019 15:39:59.9 [YL] Establishing new 0 position for the old position 0.05 mm.
12/19/2019 15:40:00.0 [YL] Timestamp of last successful home: 12/19/2019 3:40:00 PM
12/19/2019 15:40:00.2 [XL] Move to Positive limit. Velocity 20 mm/s, accel 200 mm/s2, decel 1000 mm/s2, timeout 60 s.
12/19/2019 15:40:15.8 [XL] Reached limit successfully.
12/19/2019 15:40:15.8 [XL] Attempting to back off Positive limit.
12/19/2019 15:40:16.2 [XL] Move off limit completion: Successful (OKReady).
12/19/2019 15:40:16.3 [XL] Move to limit finished.
12/19/2019 15:40:16.3 [XL] Establishing new 0 position for the old position -0.10 mm.
12/19/2019 15:40:16.4 [XL] Timestamp of last successful home: 12/19/2019 3:40:16 PM
12/19/2019 16:07:53.4 [ZL] Closing component connections for Warp 'ZL'.
12/19/2019 16:07:53.9 [ZL] Instruction Error Status: None
12/19/2019 16:07:53.9 [ZL] Warp3 core version: 99103v1.0 (will support I/O).
12/19/2019 16:07:53.9 [ZL] Configured as an enhanced Warp3 with I/O.
12/19/2019 16:07:54.0 [ZL]   Inputs: False False False False False False 
12/19/2019 16:07:54.0 [ZL] Current IP communications rate is 10 mb.
12/19/2019 16:07:54.0 [ZL] IP communications speed is currently set to 10 Mbps.
12/19/2019 16:07:54.1 [ZL] Phase correction: disabled, prescale: 0, phase counts: 2000
12/19/2019 16:07:54.1 [ZL] SetCurrentFoldbackAmps(8, 20) will set 17440 , 216
12/19/2019 16:07:54.1 [ZL] Configuration parameters loaded from 'P:\MethodManagerWorkspaces\LM703\Configuration\Z Axis.xml'. HomeVelocity 20 mm/s, CountsPerMM 2571 cts/mm.
12/19/2019 16:07:54.3 [ZL] Start Hall-based phase initialization.
12/19/2019 16:07:54.3 [ZL] Phases initialized.
12/19/2019 16:07:54.3 [BarCodeZAxis] Closing component connections for Warp 'BarCodeZAxis'.
12/19/2019 16:07:54.9 [BarCodeZAxis] Instruction Error Status: None
12/19/2019 16:07:54.9 [BarCodeZAxis] Warp3 core version: 99103v1.0 (will support I/O).
12/19/2019 16:07:54.9 [BarCodeZAxis] Configured as an enhanced Warp3 with I/O.
12/19/2019 16:07:54.9 [BarCodeZAxis]   Inputs: False True False False False False 
12/19/2019 16:07:55.0 [BarCodeZAxis] Current IP communications rate is 10 mb.
12/19/2019 16:07:55.0 [BarCodeZAxis] IP communications speed is currently set to 10 Mbps.
12/19/2019 16:07:55.1 [BarCodeZAxis] Phase correction: disabled, prescale: 0, phase counts: 2000
12/19/2019 16:07:55.1 [BarCodeZAxis] SetCurrentFoldbackAmps(2, 5) will set 4360 , 54
12/19/2019 16:07:55.1 [BarCodeZAxis] Configuration parameters loaded from 'P:\MethodManagerWorkspaces\LM703\Configuration\BarCode Z.xml'. HomeVelocity 20 mm/s, CountsPerMM 5538 cts/mm.
12/19/2019 16:07:55.3 [BarCodeZAxis] Start Hall-based phase initialization.
12/19/2019 16:07:55.3 [BarCodeZAxis] Phases initialized.
12/19/2019 16:07:55.3 [YL] Closing component connections for Warp 'YL'.
12/19/2019 16:07:55.9 [YL] Instruction Error Status: None
12/19/2019 16:07:55.9 [YL] Warp3 core version: 99103v1.0 (will support I/O).
12/19/2019 16:07:55.9 [YL] Configured as an enhanced Warp3 with I/O.
12/19/2019 16:07:55.9 [YL]   Inputs: False False False False False False 
12/19/2019 16:07:55.9 [YL] Current IP communications rate is 10 mb.
12/19/2019 16:07:56.0 [YL] IP communications speed is currently set to 10 Mbps.
12/19/2019 16:07:56.1 [YL] Phase correction: disabled, prescale: 1, phase counts: 1905
12/19/2019 16:07:56.1 [YL] SetCurrentFoldbackAmps(6, 100) will set 13080 , 1083
12/19/2019 16:07:56.1 [YL] Configuration parameters loaded from 'P:\MethodManagerWorkspaces\LM703\Configuration\Y Axis.xml'. HomeVelocity 20 mm/s, CountsPerMM 2000 cts/mm.
12/19/2019 16:07:56.3 [YL] Start Hall-based phase initialization.
12/19/2019 16:07:56.3 [YL] Phases initialized.
12/19/2019 16:07:56.3 [XL] Closing component connections for Warp 'XL'.
12/19/2019 16:07:56.8 [XL] Instruction Error Status: None
12/19/2019 16:07:56.9 [XL] Warp3 core version: 99103v1.0 (will support I/O).
12/19/2019 16:07:56.9 [XL] Configured as an enhanced Warp3 with I/O.
12/19/2019 16:07:56.9 [XL]   Inputs: False False False False False False 
12/19/2019 16:07:56.9 [XL] Current IP communications rate is 10 mb.
12/19/2019 16:07:57.0 [XL] IP communications speed is currently set to 10 Mbps.
12/19/2019 16:07:57.1 [XL] Phase correction: disabled, prescale: 1, phase counts: 1905
12/19/2019 16:07:57.1 [XL] SetCurrentFoldbackAmps(6, 100) will set 13080 , 1083
12/19/2019 16:07:57.1 [XL] Configuration parameters loaded from 'P:\MethodManagerWorkspaces\LM703\Configuration\X Axis.xml'. HomeVelocity 20 mm/s, CountsPerMM 2000 cts/mm.
12/19/2019 16:07:57.3 [XL] Start Hall-based phase initialization.
12/19/2019 16:07:57.3 [XL] Phases initialized.
12/19/2019 16:07:59.4 [VVP96] Get VVP: command 'Aspirate Diagnostics' from 96 channels.
12/19/2019 16:07:59.6 [ZL] Move to Positive limit. Velocity 20 mm/s, accel 40 mm/s2, decel 200 mm/s2, timeout 60 s.
12/19/2019 16:08:00.2 [ZL] Reached limit successfully.
12/19/2019 16:08:00.2 [ZL] Attempting to back off Positive limit.
12/19/2019 16:08:00.7 [ZL] Move off limit completion: Successful (OKReady).
12/19/2019 16:08:00.7 [ZL] Move to limit finished.
12/19/2019 16:08:00.8 [ZL] Establishing new 0 position for the old position 0.00 mm.
12/19/2019 16:08:00.8 [ZL] Timestamp of last successful home: 12/19/2019 4:08:00 PM
12/19/2019 16:08:01.0 [BarCodeZAxis] Move to Negative limit. Velocity 20 mm/s, accel 200 mm/s2, decel 350 mm/s2, timeout 60 s.
12/19/2019 16:08:01.4 [BarCodeZAxis] Reached limit successfully.
12/19/2019 16:08:01.4 [BarCodeZAxis] Attempting to back off Negative limit.
12/19/2019 16:08:01.9 [BarCodeZAxis] Move off limit completion: Successful (OKReady).
12/19/2019 16:08:01.9 [BarCodeZAxis] Move to limit finished.
12/19/2019 16:08:02.0 [BarCodeZAxis] Establishing new 0 position for the old position 0.00 mm.
12/19/2019 16:08:02.0 [BarCodeZAxis] Timestamp of last successful home: 12/19/2019 4:08:02 PM
12/19/2019 16:08:03.0 [YL] Move to Positive limit. Velocity 20 mm/s, accel 200 mm/s2, decel 1000 mm/s2, timeout 60 s.
12/19/2019 16:08:21.9 [YL] Reached limit successfully.
12/19/2019 16:08:21.9 [YL] Attempting to back off Positive limit.
12/19/2019 16:08:22.3 [YL] Move off limit completion: Successful (OKReady).
12/19/2019 16:08:22.4 [YL] Move to limit finished.
12/19/2019 16:08:22.4 [YL] Establishing new 0 position for the old position 0.01 mm.
12/19/2019 16:08:22.5 [YL] Timestamp of last successful home: 12/19/2019 4:08:22 PM
12/19/2019 16:08:22.7 [XL] Move to Positive limit. Velocity 20 mm/s, accel 200 mm/s2, decel 1000 mm/s2, timeout 60 s.
12/19/2019 16:08:24.7 [XL] Reached limit successfully.
12/19/2019 16:08:24.7 [XL] Attempting to back off Positive limit.
12/19/2019 16:08:25.1 [XL] Move off limit completion: Failed (OKReady).
12/19/2019 16:08:25.2 [XL] Failed to find Positive limit: OKReady.
12/19/2019 16:08:25.2 [XL] Failed to home axis 'XL'.
12/19/2019 16:23:00.6 [XL] Closing component connections for Warp 'XL'.
12/19/2019 16:23:00.6 [YL] Closing component connections for Warp 'YL'.
12/19/2019 16:23:00.6 [ZL] Closing component connections for Warp 'ZL'.
12/19/2019 16:23:00.7 [BarCodeZAxis] Closing component connections for Warp 'BarCodeZAxis'.
12/19/2019 16:23:01.6 [Lynx] 
