Workspace 'LM703' modules...
  MethodManagerV4   1.4.6666.27655
  MMCoreDevice   1.4.6666.27650
  MMLiquidHandler   1.4.6666.26302
  Warp3   2.0.6591.13866
  MMVVP   1.4.6666.26303
  MMIOLightTower   1.4.6666.26303
  MMHeadGripper   1.3.6591.14013
The pipette tool 'VVP96' has mandrel type 'MLV' and can load the following tip types:
   Tip type 'LXB-96-150F', loading depth 9.4 mm, Id: baf0d489-a29c-4899-844e-44fbdc6c2c49.
   Tip type 'LXB-96-200NF', loading depth 9.4 mm, Id: 095daefc-e866-4d91-906f-cc7e17eaf3f6.
   Tip type 'LXB-96-300F', loading depth 10.4 mm, Id: d2f37554-e0d6-41ea-8f3d-101c68af7e40.
   Tip type 'LXB-96-300NF', loading depth 10.4 mm, Id: 423ec1e5-0ccf-4946-a441-905f3c9e1fd9.
   Tip type 'LXB-96-950F', loading depth 28.6 mm, Id: 497625a6-73fc-4433-95df-636ceecdc818.
   Tip type 'LXB-96-950F-WB', loading depth 28.6 mm, Id: ca3988bc-a34d-4ad7-ba77-93a37e8cba6d.
   Tip type 'LXB-96-1250NF', loading depth 28.6 mm, Id: 13ba07a3-d5cb-4a96-9ab8-1d418fc383d6.
09/12/2018 13:33:12.5 The command server is monitoring the workspace 'LM703' and is available on 172.18.3.53/1000
09/12/2018 13:43:13.8 [ZL] Instruction Error Status: None
09/12/2018 13:43:13.8 [ZL] Warp3 core version: 99103v1.0 (will support I/O).
09/12/2018 13:43:13.8 [ZL] Configured as an enhanced Warp3 with I/O.
09/12/2018 13:43:13.8 [ZL]   Inputs: False False False False False 
09/12/2018 13:43:13.8 [ZL] Current IP communications rate is 10 mb.
09/12/2018 13:43:13.8 [ZL] IP communications speed is currently set to 10 Mbps.
09/12/2018 13:43:14.0 [ZL] Phase correction: disabled, prescale: 0, phase counts: 2000
09/12/2018 13:43:14.0 [ZL] SetCurrentFoldbackAmps(8, 20) will set 17440 , 216
09/12/2018 13:43:14.0 [ZL] Configuration parameters loaded from 'C:\MethodManager4\Workspaces\LM703\Configuration\Z Axis.xml'. HomeVelocity 20 mm/s, CountsPerMM 2571 cts/mm.
09/12/2018 13:43:14.2 [ZL] Start Hall-based phase initialization.
09/12/2018 13:43:14.2 [ZL] Phases initialized.
09/12/2018 13:43:14.2 [BarCodeZAxis] Instruction Error Status: None
09/12/2018 13:43:14.2 [BarCodeZAxis] Warp3 core version: 99103v1.0 (will support I/O).
09/12/2018 13:43:14.2 [BarCodeZAxis] Configured as an enhanced Warp3 with I/O.
09/12/2018 13:43:14.3 [BarCodeZAxis]   Inputs: False True False False False 
09/12/2018 13:43:14.3 [BarCodeZAxis] Current IP communications rate is 10 mb.
09/12/2018 13:43:14.3 [BarCodeZAxis] IP communications speed is currently set to 10 Mbps.
09/12/2018 13:43:14.4 [BarCodeZAxis] Phase correction: disabled, prescale: 0, phase counts: 2000
09/12/2018 13:43:14.4 [BarCodeZAxis] SetCurrentFoldbackAmps(2, 5) will set 4360 , 54
09/12/2018 13:43:14.4 [BarCodeZAxis] Configuration parameters loaded from 'C:\MethodManager4\Workspaces\LM703\Configuration\BarCode Z.xml'. HomeVelocity 20 mm/s, CountsPerMM 5538 cts/mm.
09/12/2018 13:43:14.6 [BarCodeZAxis] Start Hall-based phase initialization.
09/12/2018 13:43:14.6 [BarCodeZAxis] Phases initialized.
09/12/2018 13:43:14.7 [YL] Instruction Error Status: None
09/12/2018 13:43:14.7 [YL] Warp3 core version: 99103v1.0 (will support I/O).
09/12/2018 13:43:14.7 [YL] Configured as an enhanced Warp3 with I/O.
09/12/2018 13:43:14.7 [YL]   Inputs: False False False False False 
09/12/2018 13:43:14.7 [YL] Current IP communications rate is 10 mb.
09/12/2018 13:43:14.7 [YL] IP communications speed is currently set to 10 Mbps.
09/12/2018 13:43:14.8 [YL] Phase correction: disabled, prescale: 1, phase counts: 1905
09/12/2018 13:43:14.9 [YL] SetCurrentFoldbackAmps(6, 100) will set 13080 , 1083
09/12/2018 13:43:14.9 [YL] Configuration parameters loaded from 'C:\MethodManager4\Workspaces\LM703\Configuration\Y Axis.xml'. HomeVelocity 20 mm/s, CountsPerMM 2000 cts/mm.
09/12/2018 13:43:15.0 [YL] Start Hall-based phase initialization.
09/12/2018 13:43:15.1 [YL] Phases initialized.
09/12/2018 13:43:15.1 [XL] Instruction Error Status: None
09/12/2018 13:43:15.1 [XL] Warp3 core version: 99103v1.0 (will support I/O).
09/12/2018 13:43:15.1 [XL] Configured as an enhanced Warp3 with I/O.
09/12/2018 13:43:15.2 [XL]   Inputs: False False False False False 
09/12/2018 13:43:15.2 [XL] Current IP communications rate is 10 mb.
09/12/2018 13:43:15.2 [XL] IP communications speed is currently set to 10 Mbps.
09/12/2018 13:43:15.3 [XL] Phase correction: disabled, prescale: 1, phase counts: 1905
09/12/2018 13:43:15.3 [XL] SetCurrentFoldbackAmps(6, 100) will set 13080 , 1083
09/12/2018 13:43:15.3 [XL] Configuration parameters loaded from 'C:\MethodManager4\Workspaces\LM703\Configuration\X Axis.xml'. HomeVelocity 20 mm/s, CountsPerMM 2000 cts/mm.
09/12/2018 13:43:15.5 [XL] Start Hall-based phase initialization.
09/12/2018 13:43:15.5 [XL] Phases initialized.
09/12/2018 13:43:17.9 [VVP96] Get VVP: command 'Aspirate Diagnostics' from 96 channels.
09/12/2018 13:43:18.1 [ZL] Move to Positive limit. Velocity 20 mm/s, accel 40 mm/s2, decel 200 mm/s2, timeout 60 s.
09/12/2018 13:43:18.7 [ZL] Reached limit successfully.
09/12/2018 13:43:18.7 [ZL] Attempting to back off Positive limit.
09/12/2018 13:43:19.4 [ZL] Move off limit completion: Successful (OKReady).
09/12/2018 13:43:19.4 [ZL] Move to limit finished.
09/12/2018 13:43:19.5 [ZL] Establishing new 0 position for the old position 0.00 mm.
09/12/2018 13:43:19.5 [ZL] Timestamp of last successful home: 9/12/2018 1:43:19 PM
09/12/2018 13:43:19.7 [BarCodeZAxis] Move to Negative limit. Velocity 20 mm/s, accel 200 mm/s2, decel 350 mm/s2, timeout 60 s.
09/12/2018 13:43:20.1 [BarCodeZAxis] Reached limit successfully.
09/12/2018 13:43:20.2 [BarCodeZAxis] Attempting to back off Negative limit.
09/12/2018 13:43:20.6 [BarCodeZAxis] Move off limit completion: Successful (OKReady).
09/12/2018 13:43:20.7 [BarCodeZAxis] Move to limit finished.
09/12/2018 13:43:20.7 [BarCodeZAxis] Establishing new 0 position for the old position 0.00 mm.
09/12/2018 13:43:20.7 [BarCodeZAxis] Timestamp of last successful home: 9/12/2018 1:43:20 PM
09/12/2018 13:43:24.8 [YL] Move to Positive limit. Velocity 20 mm/s, accel 200 mm/s2, decel 1000 mm/s2, timeout 60 s.
09/12/2018 13:43:25.7 [YL] Reached limit successfully.
09/12/2018 13:43:25.7 [YL] Attempting to back off Positive limit.
09/12/2018 13:43:26.2 [YL] Move off limit completion: Successful (OKReady).
09/12/2018 13:43:26.2 [YL] Move to limit finished.
09/12/2018 13:43:26.2 [YL] Establishing new 0 position for the old position 0.05 mm.
09/12/2018 13:43:26.3 [YL] Timestamp of last successful home: 9/12/2018 1:43:26 PM
09/12/2018 13:43:26.5 [XL] Move to Positive limit. Velocity 20 mm/s, accel 200 mm/s2, decel 1000 mm/s2, timeout 60 s.
09/12/2018 13:43:42.1 [XL] Reached limit successfully.
09/12/2018 13:43:42.1 [XL] Attempting to back off Positive limit.
09/12/2018 13:43:42.6 [XL] Move off limit completion: Successful (OKReady).
09/12/2018 13:43:42.6 [XL] Move to limit finished.
09/12/2018 13:43:42.6 [XL] Establishing new 0 position for the old position -0.03 mm.
09/12/2018 13:43:42.7 [XL] Timestamp of last successful home: 9/12/2018 1:43:42 PM
[User] Step.
09/12/2018 13:44:03.3 Process 'Norm.met' MethodStarted
09/12/2018 13:44:03.3 Process 'Norm.met'[4] 'Load Tips(VVP96)' CommandStarted
09/12/2018 13:44:03.3 [Lynx.Load Tips(VVP96).VVP96] Plate 'LXB-96-950F_01', column/row offset (0, 0), X/Y offset (0.00 mm,0.00 mm), height: 0.00 mm.
09/12/2018 13:44:03.3 [Lynx.Load Tips(VVP96).VVP96] No current tip.
09/12/2018 13:44:03.3 [Lynx.Load Tips(VVP96).VVP96] Tip loading depth for tip type 'LXB-96-950F' is 28.6 mm.
09/12/2018 13:44:03.3 [Lynx.Load Tips(VVP96).VVP96] Plate is at location 'Loc_13' (-294.63 mm, -14.80 mm, -174.61 mm) with a stack index of 1.
09/12/2018 13:44:03.3 [Lynx.Load Tips(VVP96).VVP96] Tip loading height adjustment is 0.0 mm and Z axis force limit is 30% of full power.
09/12/2018 13:44:03.3 [Lynx.Load Tips(VVP96).VVP96] Tip loading Z error limit will be 10.0 mm, XY error window will be 50.0 mm, and the XY axis holding force fraction will be 20%
09/12/2018 13:44:03.3 [Lynx.Load Tips(VVP96).VVP96] Initial robot X/Y/ZStart/ZEnd coordinates: -309.01 mm, -3.56 mm, -2.00 mm, -100.71 mm, using motion profile 'Tip Load'.
09/12/2018 13:44:03.3 [Lynx.Load Tips(VVP96).VVP96] Initial axis positions:'XL' -0.05 mm, 'YL' -0.04 mm, 'ZL' 0.00 mm
09/12/2018 13:44:06.4 [XL] Relative motor limit setting 20.0%, changing limit from 100.0% to 20.0%
09/12/2018 13:44:06.4 [YL] Relative motor limit setting 20.0%, changing limit from 70.0% to 14.0%
09/12/2018 13:44:11.0 [Lynx.Load Tips(VVP96).VVP96] Maximum recorded tip load values: Position error 0.2 mm, motor current 18.9 %
09/12/2018 13:44:11.1 [Lynx.Load Tips(VVP96).VVP96] Tip load Z-axis motion complete.
09/12/2018 13:44:11.1 [Lynx.Load Tips(VVP96).VVP96] Tip load position errors for X/Y/Z: 0.02 mm, 0.53 mm, -0.19 mm
09/12/2018 13:44:11.3 [ZL] Absolute motor limit setting 24.0%, changing limit from 30.0% to 24.0%
09/12/2018 13:44:11.4 [ZL] Absolute motor limit setting 18.0%, changing limit from 24.0% to 18.0%
09/12/2018 13:44:11.5 [ZL] Absolute motor limit setting 12.0%, changing limit from 18.0% to 12.0%
09/12/2018 13:44:11.6 [ZL] Absolute motor limit setting 6.0%, changing limit from 12.0% to 6.0%
09/12/2018 13:44:11.8 [ZL] Relative motor limit setting 100.0%, changing limit from 6.0% to 30.0%
09/12/2018 13:44:13.3 [XL] Relative motor limit setting 100.0%, changing limit from 20.0% to 100.0%
09/12/2018 13:44:13.3 [YL] Relative motor limit setting 100.0%, changing limit from 14.0% to 70.0%
09/12/2018 13:44:13.3 [Lynx.Load Tips(VVP96).VVP96] Final axis positions:'XL' -308.97 mm, 'YL' -3.58 mm, 'ZL' -2.02 mm
09/12/2018 13:44:13.3 [Lynx.Load Tips(VVP96).VVP96] Current tip 'LXB-96-950F'.
09/12/2018 13:44:13.4 [Lynx.Load Tips(VVP96).VVP96] Time to complete: 10 s.
09/12/2018 13:44:13.4 Process 'Norm.met'[4] 'Load Tips(VVP96)' CommandCompleted
09/12/2018 13:44:13.4 Process 'Norm.met' MethodCompleted
1 of 1 method(s) completed successfully.
  Concurrent method 'Main' (Main) started at 09/12/2018 13:44:03.2 and finished at 09/12/2018 13:44:13.4

[User] Step.
09/12/2018 13:44:32.6 Process 'Norm.met' MethodStarted
09/12/2018 13:44:32.6 Process 'Norm.met'[5] 'Aspirate(VVP96)' CommandStarted
09/12/2018 13:44:32.6 [Lynx.Aspirate(VVP96).VVP96] Plate 'AutoFillTrough_01', column/row offset (0, 0), X/Y offset (0.00 mm,0.00 mm), height: 0.00 mm.
09/12/2018 13:44:32.6 [Lynx.Aspirate(VVP96).VVP96] Current tip 'LXB-96-950F'.
09/12/2018 13:44:32.6 [Lynx.Aspirate(VVP96).VVP96] Plate is at location 'Loc_16' (-294.49 mm, -327.72 mm, -174.94 mm) with a stack index of 1.
09/12/2018 13:44:32.6 [Lynx.Aspirate(VVP96).VVP96] VVP Pressure 'Mid-Range Volumes': Pressure 40 mbar, Residual vol. 0.59 uL, Pre/Post delay 0.00/1.00
09/12/2018 13:44:32.6 [Lynx.Aspirate(VVP96).VVP96] Aspirate parameters (96): Ch:A01 500.0uL/0.6uL; Ch:B01 500.0uL/0.6uL; Ch:C01 500.0uL/0.6uL; Ch:D01 500.0uL/0.6uL; Ch:E01 500.0uL/0.6uL; Ch:F01 500.0uL/0.6uL; Ch:G01 500.0uL/0.6uL; Ch:H01 500.0uL/0.6uL; Ch:A02 500.0uL/0.6uL; Ch:B02 500.0uL/0.6uL; Ch:C02 500.0uL/0.6uL; Ch:D02 500.0uL/0.6uL; Ch:E02 500.0uL/0.6uL; Ch:F02 500.0uL/0.6uL; Ch:G02 500.0uL/0.6uL; Ch:H02 500.0uL/0.6uL; Ch:A03 500.0uL/0.6uL; Ch:B03 500.0uL/0.6uL; Ch:C03 500.0uL/0.6uL; Ch:D03 500.0uL/0.6uL; Ch:E03 500.0uL/0.6uL; Ch:F03 500.0uL/0.6uL; Ch:G03 500.0uL/0.6uL; Ch:H03 500.0uL/0.6uL; Ch:A04 500.0uL/0.6uL; Ch:B04 500.0uL/0.6uL; Ch:C04 500.0uL/0.6uL; Ch:D04 500.0uL/0.6uL; Ch:E04 500.0uL/0.6uL; Ch:F04 500.0uL/0.6uL; Ch:G04 500.0uL/0.6uL; Ch:H04 500.0uL/0.6uL; Ch:A05 500.0uL/0.6uL; Ch:B05 500.0uL/0.6uL; Ch:C05 500.0uL/0.6uL; Ch:D05 500.0uL/0.6uL; Ch:E05 500.0uL/0.6uL; Ch:F05 500.0uL/0.6uL; Ch:G05 500.0uL/0.6uL; Ch:H05 500.0uL/0.6uL; Ch:A06 500.0uL/0.6uL; Ch:B06 500.0uL/0.6uL; Ch:C06 500.0uL/0.6uL; Ch:D06 500.0uL/0.6uL; Ch:E06 500.0uL/0.6uL; Ch:F06 500.0uL/0.6uL; Ch:G06 500.0uL/0.6uL; Ch:H06 500.0uL/0.6uL; Ch:A07 500.0uL/0.6uL; Ch:B07 500.0uL/0.6uL; Ch:C07 500.0uL/0.6uL; Ch:D07 500.0uL/0.6uL; Ch:E07 500.0uL/0.6uL; Ch:F07 500.0uL/0.6uL; Ch:G07 500.0uL/0.6uL; Ch:H07 500.0uL/0.6uL; Ch:A08 500.0uL/0.6uL; Ch:B08 500.0uL/0.6uL; Ch:C08 500.0uL/0.6uL; Ch:D08 500.0uL/0.6uL; Ch:E08 500.0uL/0.6uL; Ch:F08 500.0uL/0.6uL; Ch:G08 500.0uL/0.6uL; Ch:H08 500.0uL/0.6uL; Ch:A09 500.0uL/0.6uL; Ch:B09 500.0uL/0.6uL; Ch:C09 500.0uL/0.6uL; Ch:D09 500.0uL/0.6uL; Ch:E09 500.0uL/0.6uL; Ch:F09 500.0uL/0.6uL; Ch:G09 500.0uL/0.6uL; Ch:H09 500.0uL/0.6uL; Ch:A10 500.0uL/0.6uL; Ch:B10 500.0uL/0.6uL; Ch:C10 500.0uL/0.6uL; Ch:D10 500.0uL/0.6uL; Ch:E10 500.0uL/0.6uL; Ch:F10 500.0uL/0.6uL; Ch:G10 500.0uL/0.6uL; Ch:H10 500.0uL/0.6uL; Ch:A11 500.0uL/0.6uL; Ch:B11 500.0uL/0.6uL; Ch:C11 500.0uL/0.6uL; Ch:D11 500.0uL/0.6uL; Ch:E11 500.0uL/0.6uL; Ch:F11 500.0uL/0.6uL; Ch:G11 500.0uL/0.6uL; Ch:H11 500.0uL/0.6uL; Ch:A12 500.0uL/0.6uL; Ch:B12 500.0uL/0.6uL; Ch:C12 500.0uL/0.6uL; Ch:D12 500.0uL/0.6uL; Ch:E12 500.0uL/0.6uL; Ch:F12 500.0uL/0.6uL; Ch:G12 500.0uL/0.6uL; Ch:H12 500.0uL/0.6uL
09/12/2018 13:44:32.6 [Lynx.Aspirate(VVP96).VVP96] Post airgap parameters (0): 
09/12/2018 13:44:32.6 [Lynx.Aspirate(VVP96).VVP96] Initial robot X/Y/ZStart/ZEnd coordinates: -308.79 mm, -316.52 mm, -87.74 mm, -87.74 mm, using motion profile 'Mid Speed'.
09/12/2018 13:44:32.6 [Lynx.Aspirate(VVP96).VVP96] Initial axis positions:'XL' -308.97 mm, 'YL' -3.58 mm, 'ZL' -2.02 mm
09/12/2018 13:44:35.8 [VVP96] Clog detection is off.
09/12/2018 13:44:35.8 [VVP96] Aspirate diagnostics are off.
09/12/2018 13:44:35.8 [VVP96] Set VVP: command 'Clogging Limit' with setting of 0 for 96 channels.
09/12/2018 13:44:36.0 [VVP96] Set VVP: command 'Air-to-Liquid Sens.' with setting of 0 for 96 channels.
09/12/2018 13:44:36.3 [VVP96] Set VVP: command 'Liquid-to-Air Sens.' with setting of 0 for 96 channels.
09/12/2018 13:44:37.4 [VVP96] VVP Aspirate pressure is 42 mbar.
09/12/2018 13:44:42.8 [VVP96] Aspirate complete.
09/12/2018 13:44:43.6 [VVP96] VVP reports 9 errors in last aspirate: D03, F03, A04, E04, F05, E07, D09, E09, G09
09/12/2018 13:44:43.6 [VVP96] Average residual volume was 1.29 ul for 87 channels at 40 mbar pressure
09/12/2018 13:44:43.8 [Lynx.Aspirate(VVP96).VVP96] Aspirate results: Ch:A01 500.9uL/1.4uL OK, Ch:B01 500.8uL/1.3uL OK, Ch:C01 500.7uL/1.3uL OK, Ch:D01 500.8uL/1.3uL OK, Ch:E01 500.7uL/1.3uL OK, Ch:F01 500.8uL/1.3uL OK, Ch:G01 500.7uL/1.2uL OK, Ch:H01 500.7uL/1.3uL OK, Ch:A02 500.7uL/1.2uL OK, Ch:B02 500.7uL/1.3uL OK, Ch:C02 500.8uL/1.3uL OK, Ch:D02 500.8uL/1.3uL OK, Ch:E02 500.8uL/1.4uL OK, Ch:F02 500.7uL/1.2uL OK, Ch:G02 500.8uL/1.3uL OK, Ch:H02 500.8uL/1.3uL OK, Ch:A03 500.7uL/1.2uL OK, Ch:B03 500.7uL/1.2uL OK, Ch:C03 500.7uL/1.3uL OK, Ch:D03 484.0uL/1.3uL Err: -4, Ch:E03 500.8uL/1.3uL OK, Ch:F03 498.6uL/1.4uL Err: -4, Ch:G03 500.8uL/1.3uL OK, Ch:H03 500.7uL/1.3uL OK, Ch:A04 499.4uL/1.3uL Err: -4, Ch:B04 500.7uL/1.2uL OK, Ch:C04 500.8uL/1.3uL OK, Ch:D04 500.8uL/1.3uL OK, Ch:E04 500.5uL/1.3uL Err: -4, Ch:F04 500.8uL/1.3uL OK, Ch:G04 500.7uL/1.3uL OK, Ch:H04 500.7uL/1.2uL OK, Ch:A05 500.7uL/1.2uL OK, Ch:B05 500.7uL/1.3uL OK, Ch:C05 500.6uL/1.2uL OK, Ch:D05 500.8uL/1.3uL OK, Ch:E05 500.8uL/1.3uL OK, Ch:F05 480.9uL/1.3uL Err: -4, Ch:G05 500.9uL/1.4uL OK, Ch:H05 500.7uL/1.2uL OK, Ch:A06 500.7uL/1.3uL OK, Ch:B06 500.6uL/1.2uL OK, Ch:C06 500.7uL/1.2uL OK, Ch:D06 500.8uL/1.3uL OK, Ch:E06 500.7uL/1.3uL OK, Ch:F06 500.8uL/1.3uL OK, Ch:G06 500.8uL/1.3uL OK, Ch:H06 500.8uL/1.3uL OK, Ch:A07 500.7uL/1.3uL OK, Ch:B07 500.8uL/1.3uL OK, Ch:C07 500.8uL/1.3uL OK, Ch:D07 500.9uL/1.4uL OK, Ch:E07 499.3uL/1.4uL Err: -4, Ch:F07 500.7uL/1.2uL OK, Ch:G07 500.8uL/1.3uL OK, Ch:H07 500.9uL/1.4uL OK, Ch:A08 500.8uL/1.4uL OK, Ch:B08 500.8uL/1.3uL OK, Ch:C08 500.7uL/1.3uL OK, Ch:D08 500.8uL/1.3uL OK, Ch:E08 500.8uL/1.4uL OK, Ch:F08 500.9uL/1.4uL OK, Ch:G08 500.7uL/1.3uL OK, Ch:H08 500.8uL/1.3uL OK, Ch:A09 500.8uL/1.3uL OK, Ch:B09 500.6uL/1.2uL OK, Ch:C09 500.8uL/1.3uL OK, Ch:D09 500.3uL/1.3uL Err: -4, Ch:E09 496.1uL/1.4uL Err: -4, Ch:F09 500.8uL/1.3uL OK, Ch:G09 482.9uL/1.3uL Err: -4, Ch:H09 500.9uL/1.4uL OK, Ch:A10 500.7uL/1.3uL OK, Ch:B10 500.9uL/1.4uL OK, Ch:C10 500.8uL/1.3uL OK, Ch:D10 500.8uL/1.3uL OK, Ch:E10 500.7uL/1.2uL OK, Ch:F10 500.6uL/1.2uL OK, Ch:G10 500.7uL/1.2uL OK, Ch:H10 500.7uL/1.3uL OK, Ch:A11 500.9uL/1.4uL OK, Ch:B11 500.8uL/1.3uL OK, Ch:C11 500.7uL/1.3uL OK, Ch:D11 500.8uL/1.4uL OK, Ch:E11 500.8uL/1.4uL OK, Ch:F11 500.8uL/1.3uL OK, Ch:G11 500.7uL/1.2uL OK, Ch:H11 500.8uL/1.3uL OK, Ch:A12 500.8uL/1.3uL OK, Ch:B12 500.7uL/1.3uL OK, Ch:C12 500.7uL/1.3uL OK, Ch:D12 500.7uL/1.2uL OK, Ch:E12 500.8uL/1.3uL OK, Ch:F12 500.8uL/1.3uL OK, Ch:G12 500.8uL/1.3uL OK, Ch:H12 500.8uL/1.3uL OK
09/12/2018 13:44:46.8 [Lynx.Aspirate(VVP96).VVP96] Final axis positions:'XL' -308.76 mm, 'YL' -316.50 mm, 'ZL' -2.02 mm
09/12/2018 13:44:46.8 [Lynx.Aspirate(VVP96).VVP96] Time to complete: 14 s.
09/12/2018 13:44:46.8 Process 'Norm.met'[5] 'Aspirate(VVP96)' CommandCompleted
09/12/2018 13:44:46.8 Process 'Norm.met' MethodCompleted
1 of 1 method(s) completed successfully.
  Concurrent method 'Main' (Main) started at 09/12/2018 13:44:32.5 and finished at 09/12/2018 13:44:46.8

[User] Step.
09/12/2018 13:45:31.6 Process 'Norm.met' MethodStarted
09/12/2018 13:45:31.6 Process 'Norm.met'[5] 'Aspirate(VVP96)' CommandStarted
09/12/2018 13:45:31.6 [Lynx.Aspirate(VVP96).VVP96] Plate 'AutoFillTrough_01', column/row offset (0, 0), X/Y offset (0.00 mm,0.00 mm), height: 0.00 mm.
09/12/2018 13:45:31.6 [Lynx.Aspirate(VVP96).VVP96] Current tip 'LXB-96-950F'.
09/12/2018 13:45:31.6 [Lynx.Aspirate(VVP96).VVP96] Plate is at location 'Loc_16' (-294.49 mm, -327.72 mm, -174.94 mm) with a stack index of 1.
09/12/2018 13:45:31.6 [Lynx.Aspirate(VVP96).VVP96] VVP Pressure 'Mid-Range Volumes': Pressure 40 mbar, Residual vol. 0.59 uL, Pre/Post delay 0.00/1.00
09/12/2018 13:45:31.6 [Lynx.Aspirate(VVP96).VVP96] Aspirate parameters (96): Ch:A01 1.0uL/0.6uL; Ch:B01 500.0uL/0.6uL; Ch:C01 500.0uL/0.6uL; Ch:D01 500.0uL/0.6uL; Ch:E01 500.0uL/0.6uL; Ch:F01 500.0uL/0.6uL; Ch:G01 500.0uL/0.6uL; Ch:H01 500.0uL/0.6uL; Ch:A02 500.0uL/0.6uL; Ch:B02 500.0uL/0.6uL; Ch:C02 500.0uL/0.6uL; Ch:D02 500.0uL/0.6uL; Ch:E02 500.0uL/0.6uL; Ch:F02 500.0uL/0.6uL; Ch:G02 500.0uL/0.6uL; Ch:H02 500.0uL/0.6uL; Ch:A03 500.0uL/0.6uL; Ch:B03 500.0uL/0.6uL; Ch:C03 500.0uL/0.6uL; Ch:D03 500.0uL/0.6uL; Ch:E03 500.0uL/0.6uL; Ch:F03 500.0uL/0.6uL; Ch:G03 500.0uL/0.6uL; Ch:H03 500.0uL/0.6uL; Ch:A04 500.0uL/0.6uL; Ch:B04 500.0uL/0.6uL; Ch:C04 500.0uL/0.6uL; Ch:D04 500.0uL/0.6uL; Ch:E04 500.0uL/0.6uL; Ch:F04 500.0uL/0.6uL; Ch:G04 500.0uL/0.6uL; Ch:H04 500.0uL/0.6uL; Ch:A05 500.0uL/0.6uL; Ch:B05 500.0uL/0.6uL; Ch:C05 500.0uL/0.6uL; Ch:D05 500.0uL/0.6uL; Ch:E05 500.0uL/0.6uL; Ch:F05 500.0uL/0.6uL; Ch:G05 500.0uL/0.6uL; Ch:H05 500.0uL/0.6uL; Ch:A06 500.0uL/0.6uL; Ch:B06 500.0uL/0.6uL; Ch:C06 500.0uL/0.6uL; Ch:D06 500.0uL/0.6uL; Ch:E06 500.0uL/0.6uL; Ch:F06 500.0uL/0.6uL; Ch:G06 500.0uL/0.6uL; Ch:H06 500.0uL/0.6uL; Ch:A07 500.0uL/0.6uL; Ch:B07 500.0uL/0.6uL; Ch:C07 500.0uL/0.6uL; Ch:D07 500.0uL/0.6uL; Ch:E07 500.0uL/0.6uL; Ch:F07 500.0uL/0.6uL; Ch:G07 500.0uL/0.6uL; Ch:H07 500.0uL/0.6uL; Ch:A08 500.0uL/0.6uL; Ch:B08 500.0uL/0.6uL; Ch:C08 500.0uL/0.6uL; Ch:D08 500.0uL/0.6uL; Ch:E08 500.0uL/0.6uL; Ch:F08 500.0uL/0.6uL; Ch:G08 500.0uL/0.6uL; Ch:H08 500.0uL/0.6uL; Ch:A09 500.0uL/0.6uL; Ch:B09 500.0uL/0.6uL; Ch:C09 500.0uL/0.6uL; Ch:D09 500.0uL/0.6uL; Ch:E09 500.0uL/0.6uL; Ch:F09 500.0uL/0.6uL; Ch:G09 500.0uL/0.6uL; Ch:H09 500.0uL/0.6uL; Ch:A10 500.0uL/0.6uL; Ch:B10 500.0uL/0.6uL; Ch:C10 500.0uL/0.6uL; Ch:D10 500.0uL/0.6uL; Ch:E10 500.0uL/0.6uL; Ch:F10 500.0uL/0.6uL; Ch:G10 500.0uL/0.6uL; Ch:H10 500.0uL/0.6uL; Ch:A11 500.0uL/0.6uL; Ch:B11 500.0uL/0.6uL; Ch:C11 500.0uL/0.6uL; Ch:D11 500.0uL/0.6uL; Ch:E11 500.0uL/0.6uL; Ch:F11 500.0uL/0.6uL; Ch:G11 500.0uL/0.6uL; Ch:H11 500.0uL/0.6uL; Ch:A12 500.0uL/0.6uL; Ch:B12 500.0uL/0.6uL; Ch:C12 500.0uL/0.6uL; Ch:D12 500.0uL/0.6uL; Ch:E12 500.0uL/0.6uL; Ch:F12 500.0uL/0.6uL; Ch:G12 500.0uL/0.6uL; Ch:H12 500.0uL/0.6uL
09/12/2018 13:45:31.6 [Lynx.Aspirate(VVP96).VVP96] Post airgap parameters (0): 
09/12/2018 13:45:31.6 Process 'Norm.met'[5] 'Aspirate(VVP96)' CommandFailed
09/12/2018 13:45:39.7 Process 'Norm.met' MethodCompleted, A 'Aspirate(VVP96)' command has a logic or parameter error
0 of 1 method(s) completed successfully.
  Concurrent method 'Main' (Main) started at 09/12/2018 13:45:31.6 and terminated at 09/12/2018 13:45:39.6
    Terminate reason:CommandError
    Command 'Aspirate(VVP96)', line 5, was interrupted due to VVP 'Aspirate(VVP96)' was requested to aspirate more than the maximum allowed volume, 950.0 ul, on the following channels: B01, C01, D01, E01, F01, G01, H01, A02, B02, C02, D02, E02, F02, G02, H02, A03, B03, C03, E03, G03, H03, B04, C04, D04, F04, G04, H04, A05, B05, C05, D05, E05, G05, H05, A06, B06, C06, D06, E06, F06, G06, H06, A07, B07, C07, D07, F07, G07, H07, A08, B08, C08, D08, E08, F08, G08, H08, A09, B09, C09, F09, H09, A10, B10, C10, D10, E10, F10, G10, H10, A11, B11, C11, D11, E11, F11, G11, H11, A12, B12, C12, D12, E12, F12, G12, H12

[User] Step.
09/12/2018 13:45:48.4 Process 'Norm.met' MethodStarted
09/12/2018 13:45:48.4 Process 'Norm.met'[5] 'Aspirate(VVP96)' CommandStarted
09/12/2018 13:45:48.4 [Lynx.Aspirate(VVP96).VVP96] Plate 'AutoFillTrough_01', column/row offset (0, 0), X/Y offset (0.00 mm,0.00 mm), height: 0.00 mm.
09/12/2018 13:45:48.4 [Lynx.Aspirate(VVP96).VVP96] Current tip 'LXB-96-950F'.
09/12/2018 13:45:48.4 [Lynx.Aspirate(VVP96).VVP96] Plate is at location 'Loc_16' (-294.49 mm, -327.72 mm, -174.94 mm) with a stack index of 1.
09/12/2018 13:45:48.4 [Lynx.Aspirate(VVP96).VVP96] VVP Pressure 'Mid-Range Volumes': Pressure 40 mbar, Residual vol. 0.59 uL, Pre/Post delay 0.00/1.00
09/12/2018 13:45:48.4 [Lynx.Aspirate(VVP96).VVP96] Aspirate parameters (96): Ch:A01 1.0uL/0.6uL; Ch:B01 1.0uL/0.6uL; Ch:C01 1.0uL/0.6uL; Ch:D01 1.0uL/0.6uL; Ch:E01 1.0uL/0.6uL; Ch:F01 1.0uL/0.6uL; Ch:G01 1.0uL/0.6uL; Ch:H01 1.0uL/0.6uL; Ch:A02 1.0uL/0.6uL; Ch:B02 1.0uL/0.6uL; Ch:C02 1.0uL/0.6uL; Ch:D02 1.0uL/0.6uL; Ch:E02 1.0uL/0.6uL; Ch:F02 1.0uL/0.6uL; Ch:G02 1.0uL/0.6uL; Ch:H02 1.0uL/0.6uL; Ch:A03 1.0uL/0.6uL; Ch:B03 1.0uL/0.6uL; Ch:C03 1.0uL/0.6uL; Ch:D03 1.0uL/0.6uL; Ch:E03 1.0uL/0.6uL; Ch:F03 1.0uL/0.6uL; Ch:G03 1.0uL/0.6uL; Ch:H03 1.0uL/0.6uL; Ch:A04 1.0uL/0.6uL; Ch:B04 1.0uL/0.6uL; Ch:C04 1.0uL/0.6uL; Ch:D04 1.0uL/0.6uL; Ch:E04 1.0uL/0.6uL; Ch:F04 1.0uL/0.6uL; Ch:G04 1.0uL/0.6uL; Ch:H04 1.0uL/0.6uL; Ch:A05 1.0uL/0.6uL; Ch:B05 1.0uL/0.6uL; Ch:C05 1.0uL/0.6uL; Ch:D05 1.0uL/0.6uL; Ch:E05 1.0uL/0.6uL; Ch:F05 1.0uL/0.6uL; Ch:G05 1.0uL/0.6uL; Ch:H05 1.0uL/0.6uL; Ch:A06 1.0uL/0.6uL; Ch:B06 1.0uL/0.6uL; Ch:C06 1.0uL/0.6uL; Ch:D06 1.0uL/0.6uL; Ch:E06 1.0uL/0.6uL; Ch:F06 1.0uL/0.6uL; Ch:G06 1.0uL/0.6uL; Ch:H06 1.0uL/0.6uL; Ch:A07 1.0uL/0.6uL; Ch:B07 1.0uL/0.6uL; Ch:C07 1.0uL/0.6uL; Ch:D07 1.0uL/0.6uL; Ch:E07 1.0uL/0.6uL; Ch:F07 1.0uL/0.6uL; Ch:G07 1.0uL/0.6uL; Ch:H07 1.0uL/0.6uL; Ch:A08 1.0uL/0.6uL; Ch:B08 1.0uL/0.6uL; Ch:C08 1.0uL/0.6uL; Ch:D08 1.0uL/0.6uL; Ch:E08 1.0uL/0.6uL; Ch:F08 1.0uL/0.6uL; Ch:G08 1.0uL/0.6uL; Ch:H08 1.0uL/0.6uL; Ch:A09 1.0uL/0.6uL; Ch:B09 1.0uL/0.6uL; Ch:C09 1.0uL/0.6uL; Ch:D09 1.0uL/0.6uL; Ch:E09 1.0uL/0.6uL; Ch:F09 1.0uL/0.6uL; Ch:G09 1.0uL/0.6uL; Ch:H09 1.0uL/0.6uL; Ch:A10 1.0uL/0.6uL; Ch:B10 1.0uL/0.6uL; Ch:C10 1.0uL/0.6uL; Ch:D10 1.0uL/0.6uL; Ch:E10 1.0uL/0.6uL; Ch:F10 1.0uL/0.6uL; Ch:G10 1.0uL/0.6uL; Ch:H10 1.0uL/0.6uL; Ch:A11 1.0uL/0.6uL; Ch:B11 1.0uL/0.6uL; Ch:C11 1.0uL/0.6uL; Ch:D11 1.0uL/0.6uL; Ch:E11 1.0uL/0.6uL; Ch:F11 1.0uL/0.6uL; Ch:G11 1.0uL/0.6uL; Ch:H11 1.0uL/0.6uL; Ch:A12 1.0uL/0.6uL; Ch:B12 1.0uL/0.6uL; Ch:C12 1.0uL/0.6uL; Ch:D12 1.0uL/0.6uL; Ch:E12 1.0uL/0.6uL; Ch:F12 1.0uL/0.6uL; Ch:G12 1.0uL/0.6uL; Ch:H12 1.0uL/0.6uL
09/12/2018 13:45:48.4 [Lynx.Aspirate(VVP96).VVP96] Post airgap parameters (0): 
09/12/2018 13:45:48.5 [Lynx.Aspirate(VVP96).VVP96] Initial robot X/Y/ZStart/ZEnd coordinates: -308.79 mm, -316.52 mm, -86.74 mm, -86.74 mm, using motion profile 'Mid Speed'.
09/12/2018 13:45:48.5 [Lynx.Aspirate(VVP96).VVP96] Initial axis positions:'XL' -308.76 mm, 'YL' -316.50 mm, 'ZL' -2.02 mm
09/12/2018 13:45:50.0 [VVP96] Clog detection is off.
09/12/2018 13:45:50.0 [VVP96] Aspirate diagnostics are off.
09/12/2018 13:45:50.0 [VVP96] Set VVP: command 'Clogging Limit' with setting of 0 for 96 channels.
09/12/2018 13:45:50.2 [VVP96] Set VVP: command 'Air-to-Liquid Sens.' with setting of 0 for 96 channels.
09/12/2018 13:45:50.5 [VVP96] Set VVP: command 'Liquid-to-Air Sens.' with setting of 0 for 96 channels.
09/12/2018 13:45:51.5 [VVP96] VVP Aspirate pressure is 42 mbar.
09/12/2018 13:45:52.0 [VVP96] Aspirate complete.
09/12/2018 13:45:52.6 [VVP96] Average residual volume was 1.20 ul for 96 channels at 40 mbar pressure
09/12/2018 13:45:52.8 [Lynx.Aspirate(VVP96).VVP96] Aspirate results: Ch:A01 1.6uL/1.2uL OK, Ch:B01 1.6uL/1.2uL OK, Ch:C01 1.6uL/1.2uL OK, Ch:D01 1.6uL/1.1uL OK, Ch:E01 1.7uL/1.2uL OK, Ch:F01 1.6uL/1.2uL OK, Ch:G01 1.8uL/1.3uL OK, Ch:H01 1.7uL/1.2uL OK, Ch:A02 1.5uL/1.1uL OK, Ch:B02 1.7uL/1.2uL OK, Ch:C02 1.7uL/1.3uL OK, Ch:D02 1.5uL/1.1uL OK, Ch:E02 1.7uL/1.2uL OK, Ch:F02 1.7uL/1.2uL OK, Ch:G02 1.7uL/1.2uL OK, Ch:H02 1.6uL/1.1uL OK, Ch:A03 1.7uL/1.2uL OK, Ch:B03 1.7uL/1.2uL OK, Ch:C03 1.7uL/1.2uL OK, Ch:D03 1.6uL/1.2uL OK, Ch:E03 1.6uL/1.1uL OK, Ch:F03 1.7uL/1.2uL OK, Ch:G03 1.7uL/1.2uL OK, Ch:H03 1.6uL/1.1uL OK, Ch:A04 1.6uL/1.1uL OK, Ch:B04 1.6uL/1.1uL OK, Ch:C04 1.7uL/1.2uL OK, Ch:D04 1.5uL/1.1uL OK, Ch:E04 1.7uL/1.2uL OK, Ch:F04 1.5uL/1.1uL OK, Ch:G04 1.7uL/1.2uL OK, Ch:H04 1.7uL/1.2uL OK, Ch:A05 1.6uL/1.1uL OK, Ch:B05 1.5uL/1.1uL OK, Ch:C05 1.5uL/1.1uL OK, Ch:D05 1.6uL/1.2uL OK, Ch:E05 1.7uL/1.2uL OK, Ch:F05 1.6uL/1.2uL OK, Ch:G05 1.7uL/1.3uL OK, Ch:H05 1.6uL/1.2uL OK, Ch:A06 1.7uL/1.2uL OK, Ch:B06 1.6uL/1.2uL OK, Ch:C06 1.7uL/1.2uL OK, Ch:D06 1.7uL/1.2uL OK, Ch:E06 1.6uL/1.1uL OK, Ch:F06 1.6uL/1.2uL OK, Ch:G06 1.7uL/1.2uL OK, Ch:H06 1.7uL/1.2uL OK, Ch:A07 1.6uL/1.2uL OK, Ch:B07 1.6uL/1.2uL OK, Ch:C07 1.6uL/1.2uL OK, Ch:D07 1.7uL/1.2uL OK, Ch:E07 1.7uL/1.2uL OK, Ch:F07 1.7uL/1.2uL OK, Ch:G07 1.7uL/1.2uL OK, Ch:H07 1.7uL/1.3uL OK, Ch:A08 1.7uL/1.2uL OK, Ch:B08 1.6uL/1.2uL OK, Ch:C08 1.7uL/1.2uL OK, Ch:D08 1.7uL/1.2uL OK, Ch:E08 1.7uL/1.2uL OK, Ch:F08 1.7uL/1.2uL OK, Ch:G08 1.7uL/1.2uL OK, Ch:H08 1.7uL/1.2uL OK, Ch:A09 1.6uL/1.2uL OK, Ch:B09 1.7uL/1.2uL OK, Ch:C09 1.7uL/1.2uL OK, Ch:D09 1.7uL/1.2uL OK, Ch:E09 1.7uL/1.2uL OK, Ch:F09 1.8uL/1.3uL OK, Ch:G09 1.7uL/1.2uL OK, Ch:H09 1.8uL/1.3uL OK, Ch:A10 1.7uL/1.2uL OK, Ch:B10 1.9uL/1.4uL OK, Ch:C10 1.7uL/1.3uL OK, Ch:D10 1.7uL/1.2uL OK, Ch:E10 1.7uL/1.2uL OK, Ch:F10 1.7uL/1.2uL OK, Ch:G10 1.6uL/1.2uL OK, Ch:H10 1.7uL/1.2uL OK, Ch:A11 1.7uL/1.2uL OK, Ch:B11 1.7uL/1.2uL OK, Ch:C11 1.7uL/1.2uL OK, Ch:D11 1.7uL/1.2uL OK, Ch:E11 1.8uL/1.3uL OK, Ch:F11 1.7uL/1.2uL OK, Ch:G11 1.6uL/1.1uL OK, Ch:H11 1.7uL/1.2uL OK, Ch:A12 1.7uL/1.3uL OK, Ch:B12 1.8uL/1.3uL OK, Ch:C12 1.8uL/1.3uL OK, Ch:D12 1.6uL/1.2uL OK, Ch:E12 1.7uL/1.2uL OK, Ch:F12 1.8uL/1.3uL OK, Ch:G12 1.7uL/1.2uL OK, Ch:H12 1.7uL/1.2uL OK
09/12/2018 13:45:55.7 [Lynx.Aspirate(VVP96).VVP96] Final axis positions:'XL' -308.76 mm, 'YL' -316.51 mm, 'ZL' -2.02 mm
09/12/2018 13:45:55.8 [Lynx.Aspirate(VVP96).VVP96] Time to complete: 7 s.
09/12/2018 13:45:55.8 Process 'Norm.met'[5] 'Aspirate(VVP96)' CommandCompleted
09/12/2018 13:45:55.8 Process 'Norm.met' MethodCompleted
1 of 1 method(s) completed successfully.
  Concurrent method 'Main' (Main) started at 09/12/2018 13:45:48.4 and finished at 09/12/2018 13:45:55.8

[User] Step.
09/12/2018 13:47:42.7 Process 'Norm.met' MethodStarted
09/12/2018 13:47:42.7 Process 'Norm.met'[6] 'Dispense(VVP96)' CommandStarted
09/12/2018 13:47:42.8 [Lynx.Dispense(VVP96).VVP96] Plate 'Fluidx_1mL_Tube_rack_01', column/row offset (0, 0), X/Y offset (0.00 mm,0.00 mm), height: 0.00 mm.
09/12/2018 13:47:42.8 [Lynx.Dispense(VVP96).VVP96] Current tip 'LXB-96-950F'.
09/12/2018 13:47:42.8 [Lynx.Dispense(VVP96).VVP96] Plate is at location 'Loc_08' (-145.48 mm, -118.78 mm, -174.61 mm) with a stack index of 1.
09/12/2018 13:47:42.8 [Lynx.Dispense(VVP96).VVP96] VVP Pressure 'Mid-Range Volumes': Pressure 40 mbar, Residual vol. 0.64 uL, Pre/Post delay 0.00/1.00
09/12/2018 13:47:42.8 [Lynx.Dispense(VVP96).VVP96] Dispense parameters (96): Ch:A01 502.5uL/0.6uL; Ch:B01 502.4uL/0.6uL; Ch:C01 502.3uL/0.6uL; Ch:D01 502.4uL/0.6uL; Ch:E01 502.4uL/0.6uL; Ch:F01 502.4uL/0.6uL; Ch:G01 502.5uL/0.6uL; Ch:H01 502.4uL/0.6uL; Ch:A02 502.2uL/0.6uL; Ch:B02 502.4uL/0.6uL; Ch:C02 502.5uL/0.6uL; Ch:D02 502.3uL/0.6uL; Ch:E02 502.5uL/0.6uL; Ch:F02 502.4uL/0.6uL; Ch:G02 502.5uL/0.6uL; Ch:H02 502.4uL/0.6uL; Ch:A03 502.4uL/0.6uL; Ch:B03 502.4uL/0.6uL; Ch:C03 502.4uL/0.6uL; Ch:D03 1.6uL/0.6uL; Ch:E03 502.4uL/0.6uL; Ch:F03 1.7uL/0.6uL; Ch:G03 502.5uL/0.6uL; Ch:H03 502.3uL/0.6uL; Ch:A04 1.6uL/0.6uL; Ch:B04 502.3uL/0.6uL; Ch:C04 502.5uL/0.6uL; Ch:D04 502.3uL/0.6uL; Ch:E04 1.7uL/0.6uL; Ch:F04 502.3uL/0.6uL; Ch:G04 502.4uL/0.6uL; Ch:H04 502.4uL/0.6uL; Ch:A05 502.3uL/0.6uL; Ch:B05 502.2uL/0.6uL; Ch:C05 502.1uL/0.6uL; Ch:D05 502.4uL/0.6uL; Ch:E05 502.5uL/0.6uL; Ch:F05 1.6uL/0.6uL; Ch:G05 502.6uL/0.6uL; Ch:H05 502.3uL/0.6uL; Ch:A06 502.4uL/0.6uL; Ch:B06 502.2uL/0.6uL; Ch:C06 502.4uL/0.6uL; Ch:D06 502.5uL/0.6uL; Ch:E06 502.3uL/0.6uL; Ch:F06 502.4uL/0.6uL; Ch:G06 502.5uL/0.6uL; Ch:H06 502.5uL/0.6uL; Ch:A07 502.3uL/0.6uL; Ch:B07 502.4uL/0.6uL; Ch:C07 502.4uL/0.6uL; Ch:D07 502.6uL/0.6uL; Ch:E07 1.7uL/0.6uL; Ch:F07 502.4uL/0.6uL; Ch:G07 502.5uL/0.6uL; Ch:H07 502.6uL/0.6uL; Ch:A08 502.5uL/0.6uL; Ch:B08 502.4uL/0.6uL; Ch:C08 502.4uL/0.6uL; Ch:D08 502.5uL/0.6uL; Ch:E08 502.5uL/0.6uL; Ch:F08 502.6uL/0.6uL; Ch:G08 502.4uL/0.6uL; Ch:H08 502.5uL/0.6uL; Ch:A09 502.4uL/0.6uL; Ch:B09 502.3uL/0.6uL; Ch:C09 502.5uL/0.6uL; Ch:D09 1.7uL/0.6uL; Ch:E09 1.7uL/0.6uL; Ch:F09 502.6uL/0.6uL; Ch:G09 1.7uL/0.6uL; Ch:H09 502.7uL/0.6uL; Ch:A10 502.4uL/0.6uL; Ch:B10 502.8uL/0.6uL; Ch:C10 502.5uL/0.6uL; Ch:D10 502.5uL/0.6uL; Ch:E10 502.4uL/0.6uL; Ch:F10 502.3uL/0.6uL; Ch:G10 502.3uL/0.6uL; Ch:H10 502.4uL/0.6uL; Ch:A11 502.6uL/0.6uL; Ch:B11 502.5uL/0.6uL; Ch:C11 502.4uL/0.6uL; Ch:D11 502.5uL/0.6uL; Ch:E11 502.6uL/0.6uL; Ch:F11 502.5uL/0.6uL; Ch:G11 502.3uL/0.6uL; Ch:H11 502.5uL/0.6uL; Ch:A12 502.5uL/0.6uL; Ch:B12 502.5uL/0.6uL; Ch:C12 502.5uL/0.6uL; Ch:D12 502.3uL/0.6uL; Ch:E12 502.5uL/0.6uL; Ch:F12 502.6uL/0.6uL; Ch:G12 502.5uL/0.6uL; Ch:H12 502.5uL/0.6uL
09/12/2018 13:47:42.8 [Lynx.Dispense(VVP96).VVP96] Post airgap parameters (0): 
09/12/2018 13:47:42.8 [Lynx.Dispense(VVP96).VVP96] Initial robot X/Y/ZStart/ZEnd coordinates: -159.86 mm, -107.54 mm, -102.36 mm, -62.36 mm, using motion profile 'Mid Speed'.
09/12/2018 13:47:42.8 [Lynx.Dispense(VVP96).VVP96] Initial axis positions:'XL' -308.76 mm, 'YL' -316.51 mm, 'ZL' -2.02 mm
09/12/2018 13:47:45.9 [VVP96] Set VVP: command 'Clogging Limit' with setting of 0 for 96 channels.
09/12/2018 13:47:46.1 [VVP96] Set VVP: command 'Air-to-Liquid Sens.' with setting of 0 for 96 channels.
09/12/2018 13:47:46.4 [VVP96] Set VVP: command 'Liquid-to-Air Sens.' with setting of 0 for 96 channels.
09/12/2018 13:47:47.5 [VVP96] Tiptrack motion started:01:47:47.503
09/12/2018 13:47:47.5 [VVP96] VVP Dispense pressure is 40 mbar.
09/12/2018 13:47:52.6 [VVP96] Dispense complete.
09/12/2018 13:47:53.6 [VVP96] Average residual volume was 1.41 ul for 96 channels at 40 mbar pressure
09/12/2018 13:47:53.6 [VVP96] Tiptrack motion stopped:01:47:48.339
09/12/2018 13:47:53.8 [Lynx.Dispense(VVP96).VVP96] Dispense results: Ch:A01 503.3uL/1.4uL OK, Ch:B01 503.2uL/1.4uL OK, Ch:C01 503.0uL/1.3uL OK, Ch:D01 503.2uL/1.4uL OK, Ch:E01 503.1uL/1.4uL OK, Ch:F01 503.2uL/1.5uL OK, Ch:G01 503.3uL/1.4uL OK, Ch:H01 503.2uL/1.4uL OK, Ch:A02 503.0uL/1.4uL OK, Ch:B02 503.3uL/1.5uL OK, Ch:C02 503.3uL/1.4uL OK, Ch:D02 503.2uL/1.5uL OK, Ch:E02 503.4uL/1.5uL OK, Ch:F02 503.2uL/1.4uL OK, Ch:G02 503.3uL/1.4uL OK, Ch:H02 503.2uL/1.5uL OK, Ch:A03 503.1uL/1.4uL OK, Ch:B03 503.2uL/1.4uL OK, Ch:C03 503.0uL/1.3uL OK, Ch:D03 2.3uL/1.3uL OK, Ch:E03 503.3uL/1.5uL OK, Ch:F03 2.4uL/1.4uL OK, Ch:G03 503.3uL/1.4uL OK, Ch:H03 503.2uL/1.5uL OK, Ch:A04 2.3uL/1.4uL OK, Ch:B04 503.1uL/1.4uL OK, Ch:C04 503.4uL/1.5uL OK, Ch:D04 503.2uL/1.5uL OK, Ch:E04 2.4uL/1.3uL OK, Ch:F04 503.2uL/1.5uL OK, Ch:G04 503.2uL/1.5uL OK, Ch:H04 503.3uL/1.5uL OK, Ch:A05 503.1uL/1.4uL OK, Ch:B05 503.0uL/1.4uL OK, Ch:C05 502.7uL/1.3uL OK, Ch:D05 503.0uL/1.3uL OK, Ch:E05 503.3uL/1.4uL OK, Ch:F05 2.3uL/1.3uL OK, Ch:G05 503.5uL/1.5uL OK, Ch:H05 503.0uL/1.3uL OK, Ch:A06 503.1uL/1.4uL OK, Ch:B06 503.0uL/1.4uL OK, Ch:C06 503.2uL/1.4uL OK, Ch:D06 503.3uL/1.4uL OK, Ch:E06 503.2uL/1.5uL OK, Ch:F06 503.0uL/1.3uL OK, Ch:G06 503.3uL/1.4uL OK, Ch:H06 503.2uL/1.4uL OK, Ch:A07 503.0uL/1.3uL OK, Ch:B07 503.2uL/1.4uL OK, Ch:C07 503.1uL/1.4uL OK, Ch:D07 503.4uL/1.4uL OK, Ch:E07 2.5uL/1.4uL OK, Ch:F07 503.2uL/1.5uL OK, Ch:G07 503.1uL/1.3uL OK, Ch:H07 503.4uL/1.5uL OK, Ch:A08 503.3uL/1.5uL OK, Ch:B08 503.2uL/1.4uL OK, Ch:C08 503.1uL/1.4uL OK, Ch:D08 503.3uL/1.4uL OK, Ch:E08 503.2uL/1.4uL OK, Ch:F08 503.5uL/1.5uL OK, Ch:G08 503.2uL/1.5uL OK, Ch:H08 503.4uL/1.5uL OK, Ch:A09 503.2uL/1.4uL OK, Ch:B09 503.0uL/1.4uL OK, Ch:C09 503.1uL/1.3uL OK, Ch:D09 2.3uL/1.3uL OK, Ch:E09 2.3uL/1.2uL OK, Ch:F09 503.4uL/1.4uL OK, Ch:G09 2.4uL/1.3uL OK, Ch:H09 503.5uL/1.4uL OK, Ch:A10 503.0uL/1.3uL OK, Ch:B10 503.7uL/1.6uL OK, Ch:C10 503.3uL/1.4uL OK, Ch:D10 503.4uL/1.5uL OK, Ch:E10 503.2uL/1.4uL OK, Ch:F10 503.1uL/1.4uL OK, Ch:G10 503.1uL/1.4uL OK, Ch:H10 503.3uL/1.5uL OK, Ch:A11 503.5uL/1.5uL OK, Ch:B11 503.3uL/1.4uL OK, Ch:C11 503.2uL/1.4uL OK, Ch:D11 503.3uL/1.5uL OK, Ch:E11 503.5uL/1.5uL OK, Ch:F11 503.4uL/1.5uL OK, Ch:G11 503.0uL/1.4uL OK, Ch:H11 503.3uL/1.4uL OK, Ch:A12 503.1uL/1.3uL OK, Ch:B12 503.3uL/1.4uL OK, Ch:C12 503.3uL/1.4uL OK, Ch:D12 503.1uL/1.4uL OK, Ch:E12 503.2uL/1.4uL OK, Ch:F12 503.2uL/1.3uL OK, Ch:G12 503.3uL/1.4uL OK, Ch:H12 503.3uL/1.4uL OK
09/12/2018 13:47:56.5 [Lynx.Dispense(VVP96).VVP96] Final axis positions:'XL' -159.87 mm, 'YL' -107.57 mm, 'ZL' -2.02 mm
09/12/2018 13:47:56.5 [Lynx.Dispense(VVP96).VVP96] Time to complete: 13 s.
09/12/2018 13:47:56.5 Process 'Norm.met'[6] 'Dispense(VVP96)' CommandCompleted
09/12/2018 13:47:56.5 Process 'Norm.met' MethodCompleted
1 of 1 method(s) completed successfully.
  Concurrent method 'Main' (Main) started at 09/12/2018 13:47:42.7 and finished at 09/12/2018 13:47:56.5

[User] Step.
09/12/2018 13:49:01.5 Process 'Norm.met' MethodStarted
09/12/2018 13:49:01.6 Process 'Norm.met'[5] 'Aspirate(VVP96)' CommandStarted
09/12/2018 13:49:01.6 [Lynx.Aspirate(VVP96).VVP96] Plate 'AutoFillTrough_01', column/row offset (0, 0), X/Y offset (0.00 mm,0.00 mm), height: 0.00 mm.
09/12/2018 13:49:01.6 [Lynx.Aspirate(VVP96).VVP96] Current tip 'LXB-96-950F'.
09/12/2018 13:49:01.6 [Lynx.Aspirate(VVP96).VVP96] Plate is at location 'Loc_16' (-294.49 mm, -327.72 mm, -174.94 mm) with a stack index of 1.
09/12/2018 13:49:01.6 [Lynx.Aspirate(VVP96).VVP96] VVP Pressure 'Mid-Range Volumes': Pressure 40 mbar, Residual vol. 0.59 uL, Pre/Post delay 0.00/1.00
09/12/2018 13:49:01.6 [Lynx.Aspirate(VVP96).VVP96] Aspirate parameters (96): Ch:A01 500.0uL/0.6uL; Ch:B01 1.0uL/0.6uL; Ch:C01 1.0uL/0.6uL; Ch:D01 1.0uL/0.6uL; Ch:E01 1.0uL/0.6uL; Ch:F01 1.0uL/0.6uL; Ch:G01 1.0uL/0.6uL; Ch:H01 1.0uL/0.6uL; Ch:A02 1.0uL/0.6uL; Ch:B02 1.0uL/0.6uL; Ch:C02 1.0uL/0.6uL; Ch:D02 1.0uL/0.6uL; Ch:E02 1.0uL/0.6uL; Ch:F02 1.0uL/0.6uL; Ch:G02 1.0uL/0.6uL; Ch:H02 1.0uL/0.6uL; Ch:A03 1.0uL/0.6uL; Ch:B03 1.0uL/0.6uL; Ch:C03 1.0uL/0.6uL; Ch:D03 1.0uL/0.6uL; Ch:E03 1.0uL/0.6uL; Ch:F03 1.0uL/0.6uL; Ch:G03 1.0uL/0.6uL; Ch:H03 1.0uL/0.6uL; Ch:A04 1.0uL/0.6uL; Ch:B04 1.0uL/0.6uL; Ch:C04 1.0uL/0.6uL; Ch:D04 1.0uL/0.6uL; Ch:E04 1.0uL/0.6uL; Ch:F04 1.0uL/0.6uL; Ch:G04 1.0uL/0.6uL; Ch:H04 1.0uL/0.6uL; Ch:A05 1.0uL/0.6uL; Ch:B05 1.0uL/0.6uL; Ch:C05 1.0uL/0.6uL; Ch:D05 1.0uL/0.6uL; Ch:E05 1.0uL/0.6uL; Ch:F05 1.0uL/0.6uL; Ch:G05 1.0uL/0.6uL; Ch:H05 1.0uL/0.6uL; Ch:A06 1.0uL/0.6uL; Ch:B06 1.0uL/0.6uL; Ch:C06 1.0uL/0.6uL; Ch:D06 1.0uL/0.6uL; Ch:E06 1.0uL/0.6uL; Ch:F06 1.0uL/0.6uL; Ch:G06 1.0uL/0.6uL; Ch:H06 1.0uL/0.6uL; Ch:A07 1.0uL/0.6uL; Ch:B07 1.0uL/0.6uL; Ch:C07 1.0uL/0.6uL; Ch:D07 1.0uL/0.6uL; Ch:E07 1.0uL/0.6uL; Ch:F07 1.0uL/0.6uL; Ch:G07 1.0uL/0.6uL; Ch:H07 1.0uL/0.6uL; Ch:A08 1.0uL/0.6uL; Ch:B08 1.0uL/0.6uL; Ch:C08 1.0uL/0.6uL; Ch:D08 1.0uL/0.6uL; Ch:E08 1.0uL/0.6uL; Ch:F08 1.0uL/0.6uL; Ch:G08 1.0uL/0.6uL; Ch:H08 1.0uL/0.6uL; Ch:A09 1.0uL/0.6uL; Ch:B09 1.0uL/0.6uL; Ch:C09 1.0uL/0.6uL; Ch:D09 1.0uL/0.6uL; Ch:E09 1.0uL/0.6uL; Ch:F09 1.0uL/0.6uL; Ch:G09 1.0uL/0.6uL; Ch:H09 1.0uL/0.6uL; Ch:A10 1.0uL/0.6uL; Ch:B10 1.0uL/0.6uL; Ch:C10 1.0uL/0.6uL; Ch:D10 1.0uL/0.6uL; Ch:E10 1.0uL/0.6uL; Ch:F10 1.0uL/0.6uL; Ch:G10 1.0uL/0.6uL; Ch:H10 1.0uL/0.6uL; Ch:A11 1.0uL/0.6uL; Ch:B11 1.0uL/0.6uL; Ch:C11 1.0uL/0.6uL; Ch:D11 1.0uL/0.6uL; Ch:E11 1.0uL/0.6uL; Ch:F11 1.0uL/0.6uL; Ch:G11 1.0uL/0.6uL; Ch:H11 1.0uL/0.6uL; Ch:A12 1.0uL/0.6uL; Ch:B12 1.0uL/0.6uL; Ch:C12 1.0uL/0.6uL; Ch:D12 1.0uL/0.6uL; Ch:E12 1.0uL/0.6uL; Ch:F12 1.0uL/0.6uL; Ch:G12 1.0uL/0.6uL; Ch:H12 1.0uL/0.6uL
09/12/2018 13:49:01.6 [Lynx.Aspirate(VVP96).VVP96] Post airgap parameters (0): 
09/12/2018 13:49:01.6 [Lynx.Aspirate(VVP96).VVP96] Initial robot X/Y/ZStart/ZEnd coordinates: -308.79 mm, -316.52 mm, -87.74 mm, -87.74 mm, using motion profile 'Mid Speed'.
09/12/2018 13:49:01.6 [Lynx.Aspirate(VVP96).VVP96] Initial axis positions:'XL' -159.87 mm, 'YL' -107.56 mm, 'ZL' -2.02 mm
09/12/2018 13:49:04.6 [VVP96] Clog detection is off.
09/12/2018 13:49:04.6 [VVP96] Aspirate diagnostics are off.
09/12/2018 13:49:04.6 [VVP96] Set VVP: command 'Clogging Limit' with setting of 0 for 96 channels.
09/12/2018 13:49:04.8 [VVP96] Set VVP: command 'Air-to-Liquid Sens.' with setting of 0 for 96 channels.
09/12/2018 13:49:05.0 [VVP96] Set VVP: command 'Liquid-to-Air Sens.' with setting of 0 for 96 channels.
09/12/2018 13:49:06.1 [VVP96] VVP Aspirate pressure is 42 mbar.
09/12/2018 13:49:11.0 [VVP96] Aspirate complete.
09/12/2018 13:49:11.8 [VVP96] Average residual volume was 1.19 ul for 96 channels at 40 mbar pressure
09/12/2018 13:49:12.0 [Lynx.Aspirate(VVP96).VVP96] Aspirate results: Ch:A01 500.7uL/1.3uL OK, Ch:B01 1.6uL/1.2uL OK, Ch:C01 1.6uL/1.2uL OK, Ch:D01 1.5uL/1.1uL OK, Ch:E01 1.7uL/1.2uL OK, Ch:F01 1.6uL/1.2uL OK, Ch:G01 1.7uL/1.2uL OK, Ch:H01 1.7uL/1.2uL OK, Ch:A02 1.7uL/1.2uL OK, Ch:B02 1.6uL/1.1uL OK, Ch:C02 1.7uL/1.2uL OK, Ch:D02 1.7uL/1.2uL OK, Ch:E02 1.7uL/1.2uL OK, Ch:F02 1.6uL/1.1uL OK, Ch:G02 1.6uL/1.2uL OK, Ch:H02 1.7uL/1.2uL OK, Ch:A03 1.6uL/1.2uL OK, Ch:B03 1.6uL/1.1uL OK, Ch:C03 1.7uL/1.2uL OK, Ch:D03 1.7uL/1.2uL OK, Ch:E03 1.7uL/1.2uL OK, Ch:F03 1.6uL/1.2uL OK, Ch:G03 1.6uL/1.2uL OK, Ch:H03 1.6uL/1.2uL OK, Ch:A04 1.7uL/1.2uL OK, Ch:B04 1.7uL/1.2uL OK, Ch:C04 1.7uL/1.2uL OK, Ch:D04 1.6uL/1.1uL OK, Ch:E04 1.6uL/1.2uL OK, Ch:F04 1.6uL/1.1uL OK, Ch:G04 1.6uL/1.2uL OK, Ch:H04 1.6uL/1.2uL OK, Ch:A05 1.5uL/1.1uL OK, Ch:B05 1.6uL/1.1uL OK, Ch:C05 1.7uL/1.2uL OK, Ch:D05 1.5uL/1.1uL OK, Ch:E05 1.6uL/1.2uL OK, Ch:F05 1.7uL/1.2uL OK, Ch:G05 1.8uL/1.3uL OK, Ch:H05 1.6uL/1.2uL OK, Ch:A06 1.7uL/1.2uL OK, Ch:B06 1.5uL/1.1uL OK, Ch:C06 1.5uL/1.1uL OK, Ch:D06 1.7uL/1.2uL OK, Ch:E06 1.5uL/1.1uL OK, Ch:F06 1.6uL/1.2uL OK, Ch:G06 1.6uL/1.2uL OK, Ch:H06 1.7uL/1.2uL OK, Ch:A07 1.6uL/1.2uL OK, Ch:B07 1.6uL/1.2uL OK, Ch:C07 1.6uL/1.2uL OK, Ch:D07 1.7uL/1.2uL OK, Ch:E07 1.7uL/1.2uL OK, Ch:F07 1.7uL/1.2uL OK, Ch:G07 1.7uL/1.2uL OK, Ch:H07 1.7uL/1.2uL OK, Ch:A08 1.6uL/1.2uL OK, Ch:B08 1.6uL/1.2uL OK, Ch:C08 1.7uL/1.2uL OK, Ch:D08 1.6uL/1.2uL OK, Ch:E08 1.6uL/1.2uL OK, Ch:F08 1.6uL/1.2uL OK, Ch:G08 1.7uL/1.2uL OK, Ch:H08 1.7uL/1.2uL OK, Ch:A09 1.7uL/1.2uL OK, Ch:B09 1.5uL/1.1uL OK, Ch:C09 1.6uL/1.2uL OK, Ch:D09 1.7uL/1.2uL OK, Ch:E09 1.7uL/1.2uL OK, Ch:F09 1.8uL/1.3uL OK, Ch:G09 1.6uL/1.2uL OK, Ch:H09 1.6uL/1.2uL OK, Ch:A10 1.7uL/1.2uL OK, Ch:B10 1.9uL/1.4uL OK, Ch:C10 1.6uL/1.2uL OK, Ch:D10 1.7uL/1.2uL OK, Ch:E10 1.7uL/1.2uL OK, Ch:F10 1.6uL/1.1uL OK, Ch:G10 1.6uL/1.2uL OK, Ch:H10 1.6uL/1.1uL OK, Ch:A11 1.6uL/1.2uL OK, Ch:B11 1.7uL/1.2uL OK, Ch:C11 1.6uL/1.2uL OK, Ch:D11 1.6uL/1.2uL OK, Ch:E11 1.7uL/1.2uL OK, Ch:F11 1.6uL/1.2uL OK, Ch:G11 1.7uL/1.2uL OK, Ch:H11 1.6uL/1.2uL OK, Ch:A12 1.6uL/1.2uL OK, Ch:B12 1.7uL/1.2uL OK, Ch:C12 1.6uL/1.2uL OK, Ch:D12 1.7uL/1.2uL OK, Ch:E12 1.6uL/1.2uL OK, Ch:F12 1.7uL/1.2uL OK, Ch:G12 1.7uL/1.2uL OK, Ch:H12 1.6uL/1.2uL OK
09/12/2018 13:49:15.0 [Lynx.Aspirate(VVP96).VVP96] Final axis positions:'XL' -308.74 mm, 'YL' -316.50 mm, 'ZL' -2.02 mm
09/12/2018 13:49:15.0 [Lynx.Aspirate(VVP96).VVP96] Time to complete: 13 s.
09/12/2018 13:49:15.0 Process 'Norm.met'[5] 'Aspirate(VVP96)' CommandCompleted
09/12/2018 13:49:15.0 Process 'Norm.met' MethodCompleted
1 of 1 method(s) completed successfully.
  Concurrent method 'Main' (Main) started at 09/12/2018 13:49:01.5 and finished at 09/12/2018 13:49:15.0

[User] Step.
09/12/2018 13:49:21.0 Process 'Norm.met' MethodStarted
09/12/2018 13:49:21.0 Process 'Norm.met'[6] 'Dispense(VVP96)' CommandStarted
09/12/2018 13:49:21.1 [Lynx.Dispense(VVP96).VVP96] Plate 'Fluidx_1mL_Tube_rack_01', column/row offset (0, 0), X/Y offset (0.00 mm,0.00 mm), height: 0.00 mm.
09/12/2018 13:49:21.1 [Lynx.Dispense(VVP96).VVP96] Current tip 'LXB-96-950F'.
09/12/2018 13:49:21.1 [Lynx.Dispense(VVP96).VVP96] Plate is at location 'Loc_08' (-145.48 mm, -118.78 mm, -174.61 mm) with a stack index of 1.
09/12/2018 13:49:21.1 [Lynx.Dispense(VVP96).VVP96] VVP Pressure 'Mid-Range Volumes': Pressure 40 mbar, Residual vol. 0.64 uL, Pre/Post delay 0.00/1.00
09/12/2018 13:49:21.1 [Lynx.Dispense(VVP96).VVP96] Dispense parameters (96): Ch:A01 500.7uL/0.6uL; Ch:B01 1.6uL/0.6uL; Ch:C01 1.6uL/0.6uL; Ch:D01 1.5uL/0.6uL; Ch:E01 1.7uL/0.6uL; Ch:F01 1.6uL/0.6uL; Ch:G01 1.7uL/0.6uL; Ch:H01 1.7uL/0.6uL; Ch:A02 1.7uL/0.6uL; Ch:B02 1.6uL/0.6uL; Ch:C02 1.7uL/0.6uL; Ch:D02 1.7uL/0.6uL; Ch:E02 1.7uL/0.6uL; Ch:F02 1.6uL/0.6uL; Ch:G02 1.6uL/0.6uL; Ch:H02 1.7uL/0.6uL; Ch:A03 1.6uL/0.6uL; Ch:B03 1.6uL/0.6uL; Ch:C03 1.7uL/0.6uL; Ch:D03 1.7uL/0.6uL; Ch:E03 1.7uL/0.6uL; Ch:F03 1.6uL/0.6uL; Ch:G03 1.6uL/0.6uL; Ch:H03 1.6uL/0.6uL; Ch:A04 1.7uL/0.6uL; Ch:B04 1.7uL/0.6uL; Ch:C04 1.7uL/0.6uL; Ch:D04 1.6uL/0.6uL; Ch:E04 1.6uL/0.6uL; Ch:F04 1.6uL/0.6uL; Ch:G04 1.6uL/0.6uL; Ch:H04 1.6uL/0.6uL; Ch:A05 1.5uL/0.6uL; Ch:B05 1.6uL/0.6uL; Ch:C05 1.7uL/0.6uL; Ch:D05 1.5uL/0.6uL; Ch:E05 1.6uL/0.6uL; Ch:F05 1.7uL/0.6uL; Ch:G05 1.8uL/0.6uL; Ch:H05 1.6uL/0.6uL; Ch:A06 1.7uL/0.6uL; Ch:B06 1.5uL/0.6uL; Ch:C06 1.5uL/0.6uL; Ch:D06 1.7uL/0.6uL; Ch:E06 1.5uL/0.6uL; Ch:F06 1.6uL/0.6uL; Ch:G06 1.6uL/0.6uL; Ch:H06 1.7uL/0.6uL; Ch:A07 1.6uL/0.6uL; Ch:B07 1.6uL/0.6uL; Ch:C07 1.6uL/0.6uL; Ch:D07 1.7uL/0.6uL; Ch:E07 1.7uL/0.6uL; Ch:F07 1.7uL/0.6uL; Ch:G07 1.7uL/0.6uL; Ch:H07 1.7uL/0.6uL; Ch:A08 1.6uL/0.6uL; Ch:B08 1.6uL/0.6uL; Ch:C08 1.7uL/0.6uL; Ch:D08 1.6uL/0.6uL; Ch:E08 1.6uL/0.6uL; Ch:F08 1.6uL/0.6uL; Ch:G08 1.7uL/0.6uL; Ch:H08 1.7uL/0.6uL; Ch:A09 1.7uL/0.6uL; Ch:B09 1.5uL/0.6uL; Ch:C09 1.6uL/0.6uL; Ch:D09 1.7uL/0.6uL; Ch:E09 1.7uL/0.6uL; Ch:F09 1.8uL/0.6uL; Ch:G09 1.6uL/0.6uL; Ch:H09 1.6uL/0.6uL; Ch:A10 1.7uL/0.6uL; Ch:B10 1.9uL/0.6uL; Ch:C10 1.6uL/0.6uL; Ch:D10 1.7uL/0.6uL; Ch:E10 1.7uL/0.6uL; Ch:F10 1.6uL/0.6uL; Ch:G10 1.6uL/0.6uL; Ch:H10 1.6uL/0.6uL; Ch:A11 1.6uL/0.6uL; Ch:B11 1.7uL/0.6uL; Ch:C11 1.6uL/0.6uL; Ch:D11 1.6uL/0.6uL; Ch:E11 1.7uL/0.6uL; Ch:F11 1.6uL/0.6uL; Ch:G11 1.7uL/0.6uL; Ch:H11 1.6uL/0.6uL; Ch:A12 1.6uL/0.6uL; Ch:B12 1.7uL/0.6uL; Ch:C12 1.6uL/0.6uL; Ch:D12 1.7uL/0.6uL; Ch:E12 1.6uL/0.6uL; Ch:F12 1.7uL/0.6uL; Ch:G12 1.7uL/0.6uL; Ch:H12 1.6uL/0.6uL
09/12/2018 13:49:21.1 [Lynx.Dispense(VVP96).VVP96] Post airgap parameters (0): 
09/12/2018 13:49:21.1 [Lynx.Dispense(VVP96).VVP96] Initial robot X/Y/ZStart/ZEnd coordinates: -159.86 mm, -107.54 mm, -102.36 mm, -62.36 mm, using motion profile 'Mid Speed'.
09/12/2018 13:49:21.1 [Lynx.Dispense(VVP96).VVP96] Initial axis positions:'XL' -308.74 mm, 'YL' -316.50 mm, 'ZL' -2.02 mm
09/12/2018 13:49:24.1 [VVP96] Set VVP: command 'Clogging Limit' with setting of 0 for 96 channels.
09/12/2018 13:49:24.4 [VVP96] Set VVP: command 'Air-to-Liquid Sens.' with setting of 0 for 96 channels.
09/12/2018 13:49:24.6 [VVP96] Set VVP: command 'Liquid-to-Air Sens.' with setting of 0 for 96 channels.
09/12/2018 13:49:25.7 [VVP96] Tiptrack motion started:01:49:25.732
09/12/2018 13:49:25.7 [VVP96] VVP Dispense pressure is 39 mbar.
09/12/2018 13:49:30.2 [VVP96] Dispense complete.
09/12/2018 13:49:30.9 [VVP96] Average residual volume was 1.31 ul for 96 channels at 40 mbar pressure
09/12/2018 13:49:30.9 [VVP96] Tiptrack motion stopped:01:49:27.033
09/12/2018 13:49:31.1 [Lynx.Dispense(VVP96).VVP96] Dispense results: Ch:A01 501.5uL/1.4uL OK, Ch:B01 2.2uL/1.3uL OK, Ch:C01 2.2uL/1.2uL OK, Ch:D01 2.3uL/1.4uL OK, Ch:E01 2.3uL/1.3uL OK, Ch:F01 2.3uL/1.3uL OK, Ch:G01 2.4uL/1.3uL OK, Ch:H01 2.3uL/1.3uL OK, Ch:A02 2.4uL/1.3uL OK, Ch:B02 2.3uL/1.4uL OK, Ch:C02 2.3uL/1.3uL OK, Ch:D02 2.3uL/1.3uL OK, Ch:E02 2.3uL/1.3uL OK, Ch:F02 2.2uL/1.3uL OK, Ch:G02 2.3uL/1.3uL OK, Ch:H02 2.5uL/1.4uL OK, Ch:A03 2.4uL/1.4uL OK, Ch:B03 2.4uL/1.4uL OK, Ch:C03 2.3uL/1.2uL OK, Ch:D03 2.4uL/1.3uL OK, Ch:E03 2.4uL/1.3uL OK, Ch:F03 2.3uL/1.3uL OK, Ch:G03 2.3uL/1.3uL OK, Ch:H03 2.3uL/1.3uL OK, Ch:A04 2.3uL/1.3uL OK, Ch:B04 2.4uL/1.3uL OK, Ch:C04 2.4uL/1.3uL OK, Ch:D04 2.3uL/1.3uL OK, Ch:E04 2.3uL/1.3uL OK, Ch:F04 2.2uL/1.3uL OK, Ch:G04 2.2uL/1.3uL OK, Ch:H04 2.4uL/1.4uL OK, Ch:A05 2.1uL/1.3uL OK, Ch:B05 2.2uL/1.3uL OK, Ch:C05 2.2uL/1.2uL OK, Ch:D05 2.1uL/1.2uL OK, Ch:E05 2.2uL/1.2uL OK, Ch:F05 2.4uL/1.3uL OK, Ch:G05 2.6uL/1.4uL OK, Ch:H05 2.2uL/1.3uL OK, Ch:A06 2.3uL/1.2uL OK, Ch:B06 2.2uL/1.4uL OK, Ch:C06 2.2uL/1.4uL OK, Ch:D06 2.5uL/1.4uL OK, Ch:E06 2.2uL/1.4uL OK, Ch:F06 2.3uL/1.3uL OK, Ch:G06 2.3uL/1.4uL OK, Ch:H06 2.4uL/1.3uL OK, Ch:A07 2.3uL/1.3uL OK, Ch:B07 2.3uL/1.3uL OK, Ch:C07 2.3uL/1.3uL OK, Ch:D07 2.3uL/1.2uL OK, Ch:E07 2.5uL/1.4uL OK, Ch:F07 2.4uL/1.4uL OK, Ch:G07 2.4uL/1.3uL OK, Ch:H07 2.3uL/1.3uL OK, Ch:A08 2.2uL/1.3uL OK, Ch:B08 2.3uL/1.3uL OK, Ch:C08 2.4uL/1.3uL OK, Ch:D08 2.3uL/1.3uL OK, Ch:E08 2.3uL/1.3uL OK, Ch:F08 2.3uL/1.3uL OK, Ch:G08 2.5uL/1.4uL OK, Ch:H08 2.4uL/1.3uL OK, Ch:A09 2.3uL/1.3uL OK, Ch:B09 2.3uL/1.4uL OK, Ch:C09 2.3uL/1.3uL OK, Ch:D09 2.3uL/1.3uL OK, Ch:E09 2.3uL/1.2uL OK, Ch:F09 2.5uL/1.3uL OK, Ch:G09 2.3uL/1.3uL OK, Ch:H09 2.3uL/1.3uL OK, Ch:A10 2.3uL/1.2uL OK, Ch:B10 2.9uL/1.6uL OK, Ch:C10 2.3uL/1.3uL OK, Ch:D10 2.4uL/1.4uL OK, Ch:E10 2.5uL/1.4uL OK, Ch:F10 2.2uL/1.3uL OK, Ch:G10 2.4uL/1.4uL OK, Ch:H10 2.2uL/1.3uL OK, Ch:A11 2.2uL/1.2uL OK, Ch:B11 2.4uL/1.3uL OK, Ch:C11 2.3uL/1.3uL OK, Ch:D11 2.1uL/1.2uL OK, Ch:E11 2.3uL/1.3uL OK, Ch:F11 2.3uL/1.4uL OK, Ch:G11 2.3uL/1.3uL OK, Ch:H11 2.2uL/1.3uL OK, Ch:A12 2.2uL/1.3uL OK, Ch:B12 2.4uL/1.3uL OK, Ch:C12 2.2uL/1.3uL OK, Ch:D12 2.3uL/1.3uL OK, Ch:E12 2.3uL/1.3uL OK, Ch:F12 2.4uL/1.3uL OK, Ch:G12 2.4uL/1.3uL OK, Ch:H12 2.2uL/1.2uL OK
09/12/2018 13:49:33.8 [Lynx.Dispense(VVP96).VVP96] Final axis positions:'XL' -159.87 mm, 'YL' -107.57 mm, 'ZL' -2.02 mm
09/12/2018 13:49:33.8 [Lynx.Dispense(VVP96).VVP96] Time to complete: 12 s.
09/12/2018 13:49:33.9 Process 'Norm.met'[6] 'Dispense(VVP96)' CommandCompleted
09/12/2018 13:49:33.9 Process 'Norm.met' MethodCompleted
1 of 1 method(s) completed successfully.
  Concurrent method 'Main' (Main) started at 09/12/2018 13:49:21.0 and finished at 09/12/2018 13:49:33.9

[User] Step.
09/12/2018 13:49:57.3 Process 'Norm.met' MethodStarted
09/12/2018 13:49:57.3 Process 'Norm.met'[5] 'Aspirate(VVP96)' CommandStarted
09/12/2018 13:49:57.3 [Lynx.Aspirate(VVP96).VVP96] Plate 'AutoFillTrough_01', column/row offset (0, 0), X/Y offset (0.00 mm,0.00 mm), height: 0.00 mm.
09/12/2018 13:49:57.3 [Lynx.Aspirate(VVP96).VVP96] Current tip 'LXB-96-950F'.
09/12/2018 13:49:57.3 [Lynx.Aspirate(VVP96).VVP96] Plate is at location 'Loc_16' (-294.49 mm, -327.72 mm, -174.94 mm) with a stack index of 1.
09/12/2018 13:49:57.3 [Lynx.Aspirate(VVP96).VVP96] VVP Pressure 'Mid-Range Volumes': Pressure 40 mbar, Residual vol. 0.59 uL, Pre/Post delay 0.00/1.00
09/12/2018 13:49:57.3 [Lynx.Aspirate(VVP96).VVP96] Aspirate parameters (96): Ch:A01 500.0uL/0.6uL; Ch:B01 1.0uL/0.6uL; Ch:C01 1.0uL/0.6uL; Ch:D01 1.0uL/0.6uL; Ch:E01 1.0uL/0.6uL; Ch:F01 1.0uL/0.6uL; Ch:G01 1.0uL/0.6uL; Ch:H01 1.0uL/0.6uL; Ch:A02 1.0uL/0.6uL; Ch:B02 1.0uL/0.6uL; Ch:C02 1.0uL/0.6uL; Ch:D02 1.0uL/0.6uL; Ch:E02 1.0uL/0.6uL; Ch:F02 1.0uL/0.6uL; Ch:G02 1.0uL/0.6uL; Ch:H02 1.0uL/0.6uL; Ch:A03 1.0uL/0.6uL; Ch:B03 1.0uL/0.6uL; Ch:C03 1.0uL/0.6uL; Ch:D03 1.0uL/0.6uL; Ch:E03 1.0uL/0.6uL; Ch:F03 1.0uL/0.6uL; Ch:G03 1.0uL/0.6uL; Ch:H03 1.0uL/0.6uL; Ch:A04 1.0uL/0.6uL; Ch:B04 1.0uL/0.6uL; Ch:C04 1.0uL/0.6uL; Ch:D04 1.0uL/0.6uL; Ch:E04 1.0uL/0.6uL; Ch:F04 1.0uL/0.6uL; Ch:G04 1.0uL/0.6uL; Ch:H04 1.0uL/0.6uL; Ch:A05 1.0uL/0.6uL; Ch:B05 1.0uL/0.6uL; Ch:C05 1.0uL/0.6uL; Ch:D05 1.0uL/0.6uL; Ch:E05 1.0uL/0.6uL; Ch:F05 1.0uL/0.6uL; Ch:G05 1.0uL/0.6uL; Ch:H05 1.0uL/0.6uL; Ch:A06 1.0uL/0.6uL; Ch:B06 1.0uL/0.6uL; Ch:C06 1.0uL/0.6uL; Ch:D06 1.0uL/0.6uL; Ch:E06 1.0uL/0.6uL; Ch:F06 1.0uL/0.6uL; Ch:G06 1.0uL/0.6uL; Ch:H06 1.0uL/0.6uL; Ch:A07 1.0uL/0.6uL; Ch:B07 1.0uL/0.6uL; Ch:C07 1.0uL/0.6uL; Ch:D07 1.0uL/0.6uL; Ch:E07 1.0uL/0.6uL; Ch:F07 1.0uL/0.6uL; Ch:G07 1.0uL/0.6uL; Ch:H07 1.0uL/0.6uL; Ch:A08 1.0uL/0.6uL; Ch:B08 1.0uL/0.6uL; Ch:C08 1.0uL/0.6uL; Ch:D08 1.0uL/0.6uL; Ch:E08 1.0uL/0.6uL; Ch:F08 1.0uL/0.6uL; Ch:G08 1.0uL/0.6uL; Ch:H08 1.0uL/0.6uL; Ch:A09 1.0uL/0.6uL; Ch:B09 1.0uL/0.6uL; Ch:C09 1.0uL/0.6uL; Ch:D09 1.0uL/0.6uL; Ch:E09 1.0uL/0.6uL; Ch:F09 1.0uL/0.6uL; Ch:G09 1.0uL/0.6uL; Ch:H09 1.0uL/0.6uL; Ch:A10 1.0uL/0.6uL; Ch:B10 1.0uL/0.6uL; Ch:C10 1.0uL/0.6uL; Ch:D10 1.0uL/0.6uL; Ch:E10 1.0uL/0.6uL; Ch:F10 1.0uL/0.6uL; Ch:G10 1.0uL/0.6uL; Ch:H10 1.0uL/0.6uL; Ch:A11 1.0uL/0.6uL; Ch:B11 1.0uL/0.6uL; Ch:C11 1.0uL/0.6uL; Ch:D11 1.0uL/0.6uL; Ch:E11 1.0uL/0.6uL; Ch:F11 1.0uL/0.6uL; Ch:G11 1.0uL/0.6uL; Ch:H11 1.0uL/0.6uL; Ch:A12 1.0uL/0.6uL; Ch:B12 1.0uL/0.6uL; Ch:C12 1.0uL/0.6uL; Ch:D12 1.0uL/0.6uL; Ch:E12 1.0uL/0.6uL; Ch:F12 1.0uL/0.6uL; Ch:G12 1.0uL/0.6uL; Ch:H12 1.0uL/0.6uL
09/12/2018 13:49:57.3 [Lynx.Aspirate(VVP96).VVP96] Post airgap parameters (0): 
09/12/2018 13:49:57.4 [Lynx.Aspirate(VVP96).VVP96] Initial robot X/Y/ZStart/ZEnd coordinates: -308.79 mm, -316.52 mm, -87.74 mm, -87.74 mm, using motion profile 'Mid Speed'.
09/12/2018 13:49:57.4 [Lynx.Aspirate(VVP96).VVP96] Initial axis positions:'XL' -159.87 mm, 'YL' -107.57 mm, 'ZL' -2.02 mm
09/12/2018 13:50:00.3 [VVP96] Clog detection is off.
09/12/2018 13:50:00.3 [VVP96] Aspirate diagnostics are off.
09/12/2018 13:50:00.3 [VVP96] Set VVP: command 'Clogging Limit' with setting of 0 for 96 channels.
09/12/2018 13:50:00.6 [VVP96] Set VVP: command 'Air-to-Liquid Sens.' with setting of 0 for 96 channels.
09/12/2018 13:50:00.9 [VVP96] Set VVP: command 'Liquid-to-Air Sens.' with setting of 0 for 96 channels.
09/12/2018 13:50:02.0 [VVP96] VVP Aspirate pressure is 42 mbar.
09/12/2018 13:50:06.9 [VVP96] Aspirate complete.
09/12/2018 13:50:07.6 [VVP96] Average residual volume was 1.19 ul for 96 channels at 40 mbar pressure
09/12/2018 13:50:07.8 [Lynx.Aspirate(VVP96).VVP96] Aspirate results: Ch:A01 500.8uL/1.3uL OK, Ch:B01 1.7uL/1.2uL OK, Ch:C01 1.7uL/1.2uL OK, Ch:D01 1.6uL/1.2uL OK, Ch:E01 1.7uL/1.2uL OK, Ch:F01 1.6uL/1.2uL OK, Ch:G01 1.7uL/1.2uL OK, Ch:H01 1.6uL/1.2uL OK, Ch:A02 1.6uL/1.1uL OK, Ch:B02 1.6uL/1.2uL OK, Ch:C02 1.7uL/1.2uL OK, Ch:D02 1.5uL/1.1uL OK, Ch:E02 1.7uL/1.2uL OK, Ch:F02 1.6uL/1.2uL OK, Ch:G02 1.6uL/1.2uL OK, Ch:H02 1.5uL/1.1uL OK, Ch:A03 1.6uL/1.2uL OK, Ch:B03 1.7uL/1.2uL OK, Ch:C03 1.7uL/1.2uL OK, Ch:D03 1.7uL/1.2uL OK, Ch:E03 1.6uL/1.1uL OK, Ch:F03 1.7uL/1.2uL OK, Ch:G03 1.7uL/1.2uL OK, Ch:H03 1.7uL/1.2uL OK, Ch:A04 1.7uL/1.2uL OK, Ch:B04 1.7uL/1.2uL OK, Ch:C04 1.6uL/1.2uL OK, Ch:D04 1.5uL/1.1uL OK, Ch:E04 1.5uL/1.1uL OK, Ch:F04 1.5uL/1.1uL OK, Ch:G04 1.6uL/1.2uL OK, Ch:H04 1.6uL/1.2uL OK, Ch:A05 1.5uL/1.1uL OK, Ch:B05 1.6uL/1.1uL OK, Ch:C05 1.7uL/1.2uL OK, Ch:D05 1.7uL/1.2uL OK, Ch:E05 1.7uL/1.2uL OK, Ch:F05 1.7uL/1.2uL OK, Ch:G05 1.7uL/1.2uL OK, Ch:H05 1.7uL/1.2uL OK, Ch:A06 1.7uL/1.2uL OK, Ch:B06 1.5uL/1.1uL OK, Ch:C06 1.6uL/1.1uL OK, Ch:D06 1.7uL/1.2uL OK, Ch:E06 1.5uL/1.1uL OK, Ch:F06 1.6uL/1.2uL OK, Ch:G06 1.6uL/1.2uL OK, Ch:H06 1.6uL/1.2uL OK, Ch:A07 1.7uL/1.2uL OK, Ch:B07 1.8uL/1.3uL OK, Ch:C07 1.6uL/1.2uL OK, Ch:D07 1.7uL/1.2uL OK, Ch:E07 1.7uL/1.2uL OK, Ch:F07 1.6uL/1.2uL OK, Ch:G07 1.8uL/1.3uL OK, Ch:H07 1.8uL/1.3uL OK, Ch:A08 1.6uL/1.2uL OK, Ch:B08 1.7uL/1.2uL OK, Ch:C08 1.7uL/1.2uL OK, Ch:D08 1.6uL/1.1uL OK, Ch:E08 1.7uL/1.2uL OK, Ch:F08 1.7uL/1.2uL OK, Ch:G08 1.7uL/1.2uL OK, Ch:H08 1.7uL/1.2uL OK, Ch:A09 1.7uL/1.2uL OK, Ch:B09 1.7uL/1.2uL OK, Ch:C09 1.7uL/1.2uL OK, Ch:D09 1.6uL/1.2uL OK, Ch:E09 1.7uL/1.2uL OK, Ch:F09 1.7uL/1.2uL OK, Ch:G09 1.6uL/1.2uL OK, Ch:H09 1.7uL/1.2uL OK, Ch:A10 1.7uL/1.2uL OK, Ch:B10 1.9uL/1.4uL OK, Ch:C10 1.7uL/1.2uL OK, Ch:D10 1.7uL/1.2uL OK, Ch:E10 1.5uL/1.1uL OK, Ch:F10 1.6uL/1.1uL OK, Ch:G10 1.7uL/1.2uL OK, Ch:H10 1.7uL/1.2uL OK, Ch:A11 1.7uL/1.2uL OK, Ch:B11 1.6uL/1.2uL OK, Ch:C11 1.7uL/1.2uL OK, Ch:D11 1.7uL/1.2uL OK, Ch:E11 1.7uL/1.2uL OK, Ch:F11 1.7uL/1.2uL OK, Ch:G11 1.7uL/1.2uL OK, Ch:H11 1.6uL/1.2uL OK, Ch:A12 1.6uL/1.2uL OK, Ch:B12 1.7uL/1.2uL OK, Ch:C12 1.7uL/1.2uL OK, Ch:D12 1.7uL/1.2uL OK, Ch:E12 1.7uL/1.2uL OK, Ch:F12 1.7uL/1.2uL OK, Ch:G12 1.6uL/1.2uL OK, Ch:H12 1.7uL/1.2uL OK
09/12/2018 13:50:10.8 [Lynx.Aspirate(VVP96).VVP96] Final axis positions:'XL' -308.74 mm, 'YL' -316.50 mm, 'ZL' -2.02 mm
09/12/2018 13:50:10.8 [Lynx.Aspirate(VVP96).VVP96] Time to complete: 13 s.
09/12/2018 13:50:10.9 Process 'Norm.met'[5] 'Aspirate(VVP96)' CommandCompleted
09/12/2018 13:50:10.9 Process 'Norm.met' MethodCompleted
1 of 1 method(s) completed successfully.
  Concurrent method 'Main' (Main) started at 09/12/2018 13:49:57.3 and finished at 09/12/2018 13:50:10.9

[User] Step.
09/12/2018 13:50:14.0 Process 'Norm.met' MethodStarted
09/12/2018 13:50:14.0 Process 'Norm.met'[6] 'Dispense(VVP96)' CommandStarted
09/12/2018 13:50:14.0 [Lynx.Dispense(VVP96).VVP96] Plate 'Fluidx_1mL_Tube_rack_01', column/row offset (0, 0), X/Y offset (0.00 mm,0.00 mm), height: 2.00 mm.
09/12/2018 13:50:14.0 [Lynx.Dispense(VVP96).VVP96] Current tip 'LXB-96-950F'.
09/12/2018 13:50:14.0 [Lynx.Dispense(VVP96).VVP96] Plate is at location 'Loc_08' (-145.48 mm, -118.78 mm, -174.61 mm) with a stack index of 1.
09/12/2018 13:50:14.0 [Lynx.Dispense(VVP96).VVP96] VVP Pressure 'Mid-Range Volumes': Pressure 40 mbar, Residual vol. 0.64 uL, Pre/Post delay 0.00/1.00
09/12/2018 13:50:14.0 [Lynx.Dispense(VVP96).VVP96] Dispense parameters (96): Ch:A01 500.8uL/0.6uL; Ch:B01 1.7uL/0.6uL; Ch:C01 1.7uL/0.6uL; Ch:D01 1.6uL/0.6uL; Ch:E01 1.7uL/0.6uL; Ch:F01 1.6uL/0.6uL; Ch:G01 1.7uL/0.6uL; Ch:H01 1.6uL/0.6uL; Ch:A02 1.6uL/0.6uL; Ch:B02 1.6uL/0.6uL; Ch:C02 1.7uL/0.6uL; Ch:D02 1.5uL/0.6uL; Ch:E02 1.7uL/0.6uL; Ch:F02 1.6uL/0.6uL; Ch:G02 1.6uL/0.6uL; Ch:H02 1.5uL/0.6uL; Ch:A03 1.6uL/0.6uL; Ch:B03 1.7uL/0.6uL; Ch:C03 1.7uL/0.6uL; Ch:D03 1.7uL/0.6uL; Ch:E03 1.6uL/0.6uL; Ch:F03 1.7uL/0.6uL; Ch:G03 1.7uL/0.6uL; Ch:H03 1.7uL/0.6uL; Ch:A04 1.7uL/0.6uL; Ch:B04 1.7uL/0.6uL; Ch:C04 1.6uL/0.6uL; Ch:D04 1.5uL/0.6uL; Ch:E04 1.5uL/0.6uL; Ch:F04 1.5uL/0.6uL; Ch:G04 1.6uL/0.6uL; Ch:H04 1.6uL/0.6uL; Ch:A05 1.5uL/0.6uL; Ch:B05 1.6uL/0.6uL; Ch:C05 1.7uL/0.6uL; Ch:D05 1.7uL/0.6uL; Ch:E05 1.7uL/0.6uL; Ch:F05 1.7uL/0.6uL; Ch:G05 1.7uL/0.6uL; Ch:H05 1.7uL/0.6uL; Ch:A06 1.7uL/0.6uL; Ch:B06 1.5uL/0.6uL; Ch:C06 1.6uL/0.6uL; Ch:D06 1.7uL/0.6uL; Ch:E06 1.5uL/0.6uL; Ch:F06 1.6uL/0.6uL; Ch:G06 1.6uL/0.6uL; Ch:H06 1.6uL/0.6uL; Ch:A07 1.7uL/0.6uL; Ch:B07 1.8uL/0.6uL; Ch:C07 1.6uL/0.6uL; Ch:D07 1.7uL/0.6uL; Ch:E07 1.7uL/0.6uL; Ch:F07 1.6uL/0.6uL; Ch:G07 1.8uL/0.6uL; Ch:H07 1.8uL/0.6uL; Ch:A08 1.6uL/0.6uL; Ch:B08 1.7uL/0.6uL; Ch:C08 1.7uL/0.6uL; Ch:D08 1.6uL/0.6uL; Ch:E08 1.7uL/0.6uL; Ch:F08 1.7uL/0.6uL; Ch:G08 1.7uL/0.6uL; Ch:H08 1.7uL/0.6uL; Ch:A09 1.7uL/0.6uL; Ch:B09 1.7uL/0.6uL; Ch:C09 1.7uL/0.6uL; Ch:D09 1.6uL/0.6uL; Ch:E09 1.7uL/0.6uL; Ch:F09 1.7uL/0.6uL; Ch:G09 1.6uL/0.6uL; Ch:H09 1.7uL/0.6uL; Ch:A10 1.7uL/0.6uL; Ch:B10 1.9uL/0.6uL; Ch:C10 1.7uL/0.6uL; Ch:D10 1.7uL/0.6uL; Ch:E10 1.5uL/0.6uL; Ch:F10 1.6uL/0.6uL; Ch:G10 1.7uL/0.6uL; Ch:H10 1.7uL/0.6uL; Ch:A11 1.7uL/0.6uL; Ch:B11 1.6uL/0.6uL; Ch:C11 1.7uL/0.6uL; Ch:D11 1.7uL/0.6uL; Ch:E11 1.7uL/0.6uL; Ch:F11 1.7uL/0.6uL; Ch:G11 1.7uL/0.6uL; Ch:H11 1.6uL/0.6uL; Ch:A12 1.6uL/0.6uL; Ch:B12 1.7uL/0.6uL; Ch:C12 1.7uL/0.6uL; Ch:D12 1.7uL/0.6uL; Ch:E12 1.7uL/0.6uL; Ch:F12 1.7uL/0.6uL; Ch:G12 1.6uL/0.6uL; Ch:H12 1.7uL/0.6uL
09/12/2018 13:50:14.0 [Lynx.Dispense(VVP96).VVP96] Post airgap parameters (0): 
09/12/2018 13:50:14.0 [Lynx.Dispense(VVP96).VVP96] Initial robot X/Y/ZStart/ZEnd coordinates: -159.86 mm, -107.54 mm, -100.36 mm, -62.36 mm, using motion profile 'Mid Speed'.
09/12/2018 13:50:14.0 [Lynx.Dispense(VVP96).VVP96] Initial axis positions:'XL' -308.74 mm, 'YL' -316.50 mm, 'ZL' -2.02 mm
09/12/2018 13:50:17.1 [VVP96] Set VVP: command 'Clogging Limit' with setting of 0 for 96 channels.
09/12/2018 13:50:17.3 [VVP96] Set VVP: command 'Air-to-Liquid Sens.' with setting of 0 for 96 channels.
09/12/2018 13:50:17.5 [VVP96] Set VVP: command 'Liquid-to-Air Sens.' with setting of 0 for 96 channels.
09/12/2018 13:50:18.7 [VVP96] Tiptrack motion started:01:50:18.673
09/12/2018 13:50:18.7 [VVP96] VVP Dispense pressure is 41 mbar.
09/12/2018 13:50:23.1 [VVP96] Dispense complete.
09/12/2018 13:50:23.8 [VVP96] Average residual volume was 1.34 ul for 96 channels at 40 mbar pressure
09/12/2018 13:50:23.8 [VVP96] Tiptrack motion stopped:01:50:21.966
09/12/2018 13:50:24.0 [Lynx.Dispense(VVP96).VVP96] Dispense results: Ch:A01 501.7uL/1.5uL OK, Ch:B01 2.4uL/1.3uL OK, Ch:C01 2.4uL/1.3uL OK, Ch:D01 2.4uL/1.4uL OK, Ch:E01 2.3uL/1.3uL OK, Ch:F01 2.2uL/1.3uL OK, Ch:G01 2.4uL/1.3uL OK, Ch:H01 2.3uL/1.3uL OK, Ch:A02 2.4uL/1.4uL OK, Ch:B02 2.4uL/1.4uL OK, Ch:C02 2.4uL/1.3uL OK, Ch:D02 2.3uL/1.4uL OK, Ch:E02 2.4uL/1.3uL OK, Ch:F02 2.3uL/1.3uL OK, Ch:G02 2.3uL/1.3uL OK, Ch:H02 2.3uL/1.4uL OK, Ch:A03 2.3uL/1.3uL OK, Ch:B03 2.5uL/1.4uL OK, Ch:C03 2.4uL/1.3uL OK, Ch:D03 2.5uL/1.4uL OK, Ch:E03 2.4uL/1.4uL OK, Ch:F03 2.5uL/1.4uL OK, Ch:G03 2.3uL/1.3uL OK, Ch:H03 2.4uL/1.4uL OK, Ch:A04 2.5uL/1.4uL OK, Ch:B04 2.4uL/1.3uL OK, Ch:C04 2.3uL/1.4uL OK, Ch:D04 2.1uL/1.3uL OK, Ch:E04 2.3uL/1.4uL OK, Ch:F04 2.2uL/1.3uL OK, Ch:G04 2.2uL/1.3uL OK, Ch:H04 2.4uL/1.4uL OK, Ch:A05 2.2uL/1.4uL OK, Ch:B05 2.3uL/1.3uL OK, Ch:C05 2.4uL/1.3uL OK, Ch:D05 2.2uL/1.2uL OK, Ch:E05 2.3uL/1.3uL OK, Ch:F05 2.3uL/1.3uL OK, Ch:G05 2.5uL/1.4uL OK, Ch:H05 2.4uL/1.3uL OK, Ch:A06 2.3uL/1.2uL OK, Ch:B06 2.2uL/1.4uL OK, Ch:C06 2.4uL/1.4uL OK, Ch:D06 2.5uL/1.4uL OK, Ch:E06 2.3uL/1.4uL OK, Ch:F06 2.3uL/1.3uL OK, Ch:G06 2.4uL/1.4uL OK, Ch:H06 2.3uL/1.3uL OK, Ch:A07 2.4uL/1.3uL OK, Ch:B07 2.5uL/1.3uL OK, Ch:C07 2.3uL/1.3uL OK, Ch:D07 2.4uL/1.3uL OK, Ch:E07 2.5uL/1.4uL OK, Ch:F07 2.4uL/1.4uL OK, Ch:G07 2.5uL/1.3uL OK, Ch:H07 2.4uL/1.3uL OK, Ch:A08 2.2uL/1.3uL OK, Ch:B08 2.3uL/1.3uL OK, Ch:C08 2.4uL/1.3uL OK, Ch:D08 2.4uL/1.4uL OK, Ch:E08 2.4uL/1.3uL OK, Ch:F08 2.4uL/1.4uL OK, Ch:G08 2.4uL/1.4uL OK, Ch:H08 2.5uL/1.4uL OK, Ch:A09 2.4uL/1.3uL OK, Ch:B09 2.5uL/1.4uL OK, Ch:C09 2.4uL/1.3uL OK, Ch:D09 2.2uL/1.3uL OK, Ch:E09 2.4uL/1.3uL OK, Ch:F09 2.5uL/1.4uL OK, Ch:G09 2.4uL/1.4uL OK, Ch:H09 2.3uL/1.3uL OK, Ch:A10 2.4uL/1.3uL OK, Ch:B10 2.9uL/1.6uL OK, Ch:C10 2.4uL/1.3uL OK, Ch:D10 2.5uL/1.4uL OK, Ch:E10 2.2uL/1.4uL OK, Ch:F10 2.3uL/1.3uL OK, Ch:G10 2.5uL/1.4uL OK, Ch:H10 2.4uL/1.3uL OK, Ch:A11 2.4uL/1.3uL OK, Ch:B11 2.2uL/1.3uL OK, Ch:C11 2.3uL/1.3uL OK, Ch:D11 2.4uL/1.3uL OK, Ch:E11 2.3uL/1.3uL OK, Ch:F11 2.5uL/1.4uL OK, Ch:G11 2.4uL/1.3uL OK, Ch:H11 2.2uL/1.3uL OK, Ch:A12 2.2uL/1.3uL OK, Ch:B12 2.4uL/1.3uL OK, Ch:C12 2.5uL/1.4uL OK, Ch:D12 2.4uL/1.3uL OK, Ch:E12 2.4uL/1.3uL OK, Ch:F12 2.3uL/1.3uL OK, Ch:G12 2.3uL/1.3uL OK, Ch:H12 2.2uL/1.2uL OK
09/12/2018 13:50:26.7 [Lynx.Dispense(VVP96).VVP96] Final axis positions:'XL' -159.87 mm, 'YL' -107.57 mm, 'ZL' -2.02 mm
09/12/2018 13:50:26.7 [Lynx.Dispense(VVP96).VVP96] Time to complete: 12 s.
09/12/2018 13:50:26.7 Process 'Norm.met'[6] 'Dispense(VVP96)' CommandCompleted
09/12/2018 13:50:26.8 Process 'Norm.met' MethodCompleted
1 of 1 method(s) completed successfully.
  Concurrent method 'Main' (Main) started at 09/12/2018 13:50:14.0 and finished at 09/12/2018 13:50:26.8

09/12/2018 14:07:02.7 [XL] Closing component connections for Warp 'XL'.
09/12/2018 14:07:02.7 [YL] Closing component connections for Warp 'YL'.
09/12/2018 14:07:02.7 [ZL] Closing component connections for Warp 'ZL'.
09/12/2018 14:07:02.7 [BarCodeZAxis] Closing component connections for Warp 'BarCodeZAxis'.
09/12/2018 14:07:03.6 [Lynx] 
