Workspace 'LM703' modules...
  MethodManagerV4   1.4.6666.27655
  MMCoreDevice   1.4.6666.27650
  MMLiquidHandler   1.4.6666.26302
  Warp3   2.0.6591.13866
  MMVVP   1.4.6666.26303
  MMIOLightTower   1.4.6666.26303
  MMHeadGripper   1.3.6591.14013
The pipette tool 'VVP96' has mandrel type 'MLV' and can load the following tip types:
   Tip type 'LXB-96-150F', loading depth 9.4 mm, Id: baf0d489-a29c-4899-844e-44fbdc6c2c49.
   Tip type 'LXB-96-200NF', loading depth 9.4 mm, Id: 095daefc-e866-4d91-906f-cc7e17eaf3f6.
   Tip type 'LXB-96-300F', loading depth 10.4 mm, Id: d2f37554-e0d6-41ea-8f3d-101c68af7e40.
   Tip type 'LXB-96-300NF', loading depth 10.4 mm, Id: 423ec1e5-0ccf-4946-a441-905f3c9e1fd9.
   Tip type 'LXB-96-950F', loading depth 28.6 mm, Id: 497625a6-73fc-4433-95df-636ceecdc818.
   Tip type 'LXB-96-950F-WB', loading depth 28.6 mm, Id: ca3988bc-a34d-4ad7-ba77-93a37e8cba6d.
   Tip type 'LXB-96-1250NF', loading depth 28.6 mm, Id: 13ba07a3-d5cb-4a96-9ab8-1d418fc383d6.
05/05/2019 16:52:52.2 The command server is monitoring the workspace 'LM703' and is available on 172.18.3.53/1000
05/05/2019 16:52:59.5 [ZL] Instruction Error Status: None
05/05/2019 16:52:59.5 [ZL] Warp3 core version: 99103v1.0 (will support I/O).
05/05/2019 16:52:59.5 [ZL] Configured as an enhanced Warp3 with I/O.
05/05/2019 16:52:59.5 [ZL]   Inputs: False False False False False 
05/05/2019 16:52:59.6 [ZL] Current IP communications rate is 10 mb.
05/05/2019 16:52:59.6 [ZL] IP communications speed is currently set to 10 Mbps.
05/05/2019 16:52:59.7 [ZL] Relative motor limit setting 100.0%, changing limit from 100.0% to 30.0%
05/05/2019 16:52:59.7 [ZL] Phase correction: disabled, prescale: 0, phase counts: 2000
05/05/2019 16:52:59.7 [ZL] SetCurrentFoldbackAmps(8, 20) will set 17440 , 216
05/05/2019 16:52:59.8 [ZL] Configuration parameters loaded from 'P:\MethodManagerWorkspaces\LM703\Configuration\Z Axis.xml'. HomeVelocity 20 mm/s, CountsPerMM 2571 cts/mm.
05/05/2019 16:52:59.9 [ZL] Start Hall-based phase initialization.
05/05/2019 16:52:59.9 [ZL] Phases initialized.
05/05/2019 16:53:00.1 [BarCodeZAxis] Instruction Error Status: None
05/05/2019 16:53:00.1 [BarCodeZAxis] Warp3 core version: 99103v1.0 (will support I/O).
05/05/2019 16:53:00.1 [BarCodeZAxis] Configured as an enhanced Warp3 with I/O.
05/05/2019 16:53:00.2 [BarCodeZAxis]   Inputs: False False False False False 
05/05/2019 16:53:00.2 [BarCodeZAxis] Current IP communications rate is 10 mb.
05/05/2019 16:53:00.2 [BarCodeZAxis] IP communications speed is currently set to 10 Mbps.
05/05/2019 16:53:00.3 [BarCodeZAxis] Relative motor limit setting 100.0%, changing limit from 100.0% to 10.0%
05/05/2019 16:53:00.3 [BarCodeZAxis] Phase correction: disabled, prescale: 0, phase counts: 2000
05/05/2019 16:53:00.3 [BarCodeZAxis] SetCurrentFoldbackAmps(2, 5) will set 4360 , 54
05/05/2019 16:53:00.3 [BarCodeZAxis] Configuration parameters loaded from 'P:\MethodManagerWorkspaces\LM703\Configuration\BarCode Z.xml'. HomeVelocity 20 mm/s, CountsPerMM 5538 cts/mm.
05/05/2019 16:53:00.5 [BarCodeZAxis] Start Hall-based phase initialization.
05/05/2019 16:53:00.5 [BarCodeZAxis] Phases initialized.
05/05/2019 16:53:00.7 [YL] Instruction Error Status: None
05/05/2019 16:53:00.7 [YL] Warp3 core version: 99103v1.0 (will support I/O).
05/05/2019 16:53:00.7 [YL] Configured as an enhanced Warp3 with I/O.
05/05/2019 16:53:00.7 [YL]   Inputs: False False False False False 
05/05/2019 16:53:00.8 [YL] Current IP communications rate is 10 mb.
05/05/2019 16:53:00.8 [YL] IP communications speed is currently set to 10 Mbps.
05/05/2019 16:53:00.8 [YL] Relative motor limit setting 100.0%, changing limit from 100.0% to 70.0%
05/05/2019 16:53:00.9 [YL] Phase correction: disabled, prescale: 1, phase counts: 1905
05/05/2019 16:53:00.9 [YL] SetCurrentFoldbackAmps(6, 100) will set 13080 , 1083
05/05/2019 16:53:00.9 [YL] Configuration parameters loaded from 'P:\MethodManagerWorkspaces\LM703\Configuration\Y Axis.xml'. HomeVelocity 20 mm/s, CountsPerMM 2000 cts/mm.
05/05/2019 16:53:01.1 [YL] Start Hall-based phase initialization.
05/05/2019 16:53:01.1 [YL] Phases initialized.
05/05/2019 16:53:01.3 [XL] Instruction Error Status: None
05/05/2019 16:53:01.3 [XL] Warp3 core version: 99103v1.0 (will support I/O).
05/05/2019 16:53:01.3 [XL] Configured as an enhanced Warp3 with I/O.
05/05/2019 16:53:01.3 [XL]   Inputs: False False False False False 
05/05/2019 16:53:01.3 [XL] Current IP communications rate is 10 mb.
05/05/2019 16:53:01.3 [XL] IP communications speed is currently set to 10 Mbps.
05/05/2019 16:53:01.4 [XL] Phase correction: disabled, prescale: 1, phase counts: 1905
05/05/2019 16:53:01.5 [XL] SetCurrentFoldbackAmps(6, 100) will set 13080 , 1083
05/05/2019 16:53:01.5 [XL] Configuration parameters loaded from 'P:\MethodManagerWorkspaces\LM703\Configuration\X Axis.xml'. HomeVelocity 20 mm/s, CountsPerMM 2000 cts/mm.
05/05/2019 16:53:01.6 [XL] Start Hall-based phase initialization.
05/05/2019 16:53:01.6 [XL] Phases initialized.
05/05/2019 16:53:03.5 [VVP96] Get VVP: command 'Aspirate Diagnostics' from 96 channels.
05/05/2019 16:53:03.7 [ZL] Move to Positive limit. Velocity 20 mm/s, accel 40 mm/s2, decel 200 mm/s2, timeout 60 s.
05/05/2019 16:53:04.4 [ZL] Reached limit successfully.
05/05/2019 16:53:04.4 [ZL] Attempting to back off Positive limit.
05/05/2019 16:53:05.1 [ZL] Move off limit completion: Successful (OKReady).
05/05/2019 16:53:05.1 [ZL] Move to limit finished.
05/05/2019 16:53:05.2 [ZL] Establishing new 0 position for the old position 2.24 mm.
05/05/2019 16:53:05.2 [ZL] Timestamp of last successful home: 5/5/2019 4:53:05 PM
05/05/2019 16:53:05.4 [BarCodeZAxis] Move to Negative limit. Velocity 20 mm/s, accel 200 mm/s2, decel 350 mm/s2, timeout 60 s.
05/05/2019 16:53:05.8 [BarCodeZAxis] Reached limit successfully.
05/05/2019 16:53:05.8 [BarCodeZAxis] Attempting to back off Negative limit.
05/05/2019 16:53:06.3 [BarCodeZAxis] Move off limit completion: Successful (OKReady).
05/05/2019 16:53:06.3 [BarCodeZAxis] Move to limit finished.
05/05/2019 16:53:06.4 [BarCodeZAxis] Establishing new 0 position for the old position -0.01 mm.
05/05/2019 16:53:06.4 [BarCodeZAxis] Timestamp of last successful home: 5/5/2019 4:53:06 PM
05/05/2019 16:53:10.5 [YL] Move to Positive limit. Velocity 20 mm/s, accel 200 mm/s2, decel 1000 mm/s2, timeout 60 s.
05/05/2019 16:53:32.1 [YL] Reached limit successfully.
05/05/2019 16:53:32.1 [YL] Attempting to back off Positive limit.
05/05/2019 16:53:32.5 [YL] Move off limit completion: Successful (OKReady).
05/05/2019 16:53:32.6 [YL] Move to limit finished.
05/05/2019 16:53:32.6 [YL] Establishing new 0 position for the old position 420.88 mm.
05/05/2019 16:53:32.7 [YL] Timestamp of last successful home: 5/5/2019 4:53:32 PM
05/05/2019 16:53:32.8 [XL] Move to Positive limit. Velocity 20 mm/s, accel 200 mm/s2, decel 1000 mm/s2, timeout 60 s.
05/05/2019 16:53:34.3 [XL] Reached limit successfully.
05/05/2019 16:53:34.3 [XL] Attempting to back off Positive limit.
05/05/2019 16:53:34.8 [XL] Move off limit completion: Successful (OKReady).
05/05/2019 16:53:34.8 [XL] Move to limit finished.
05/05/2019 16:53:34.8 [XL] Establishing new 0 position for the old position 21.45 mm.
05/05/2019 16:53:34.9 [XL] Timestamp of last successful home: 5/5/2019 4:53:34 PM
05/06/2019 08:52:01.2 [XL] Closing component connections for Warp 'XL'.
05/06/2019 08:52:01.2 [YL] Closing component connections for Warp 'YL'.
05/06/2019 08:52:01.2 [ZL] Closing component connections for Warp 'ZL'.
05/06/2019 08:52:01.3 [BarCodeZAxis] Closing component connections for Warp 'BarCodeZAxis'.
05/06/2019 08:52:01.8 [Lynx] 
