Workspace 'LM703' modules...
  MethodManagerV4   1.4.6666.27655
  MMCoreDevice   1.4.6666.27650
  MMLiquidHandler   1.4.6666.26302
  Warp3   2.0.6591.13866
  MMVVP   1.4.6666.26303
  MMIOLightTower   1.4.6666.26303
  MMHeadGripper   1.3.6591.14013
The pipette tool 'VVP96' has mandrel type 'MLV' and can load the following tip types:
   Tip type 'LXB-96-150F', loading depth 9.4 mm, Id: baf0d489-a29c-4899-844e-44fbdc6c2c49.
   Tip type 'LXB-96-200NF', loading depth 9.4 mm, Id: 095daefc-e866-4d91-906f-cc7e17eaf3f6.
   Tip type 'LXB-96-300F', loading depth 10.4 mm, Id: d2f37554-e0d6-41ea-8f3d-101c68af7e40.
   Tip type 'LXB-96-300NF', loading depth 10.4 mm, Id: 423ec1e5-0ccf-4946-a441-905f3c9e1fd9.
   Tip type 'LXB-96-950F', loading depth 28.6 mm, Id: 497625a6-73fc-4433-95df-636ceecdc818.
   Tip type 'LXB-96-950F-WB', loading depth 28.6 mm, Id: ca3988bc-a34d-4ad7-ba77-93a37e8cba6d.
   Tip type 'LXB-96-1250NF', loading depth 28.6 mm, Id: 13ba07a3-d5cb-4a96-9ab8-1d418fc383d6.
08/28/2018 12:08:44.1 The remote server is not configured: 
08/28/2018 12:09:17.8 [ZL] Instruction Error Status: None
08/28/2018 12:09:17.8 [ZL] Warp3 core version: 99103v1.0 (will support I/O).
08/28/2018 12:09:17.8 [ZL] Configured as an enhanced Warp3 with I/O.
08/28/2018 12:09:17.8 [ZL]   Inputs: False False False False False 
08/28/2018 12:09:17.8 [ZL] Current IP communications rate is 10 mb.
08/28/2018 12:09:17.8 [ZL] IP communications speed is currently set to 10 Mbps.
08/28/2018 12:09:17.9 [ZL] Relative motor limit setting 100.0%, changing limit from 100.0% to 30.0%
08/28/2018 12:09:17.9 [ZL] Phase correction: disabled, prescale: 0, phase counts: 2000
08/28/2018 12:09:18.0 [ZL] SetCurrentFoldbackAmps(8, 20) will set 17440 , 216
08/28/2018 12:09:18.0 [ZL] Configuration parameters loaded from 'C:\MethodManager4\Workspaces\LM703\Configuration\Z Axis.xml'. HomeVelocity 20 mm/s, CountsPerMM 2571 cts/mm.
08/28/2018 12:09:18.1 [ZL] Start Hall-based phase initialization.
08/28/2018 12:09:18.2 [ZL] Phases initialized.
08/28/2018 12:09:18.4 [BarCodeZAxis] Instruction Error Status: None
08/28/2018 12:09:18.4 [BarCodeZAxis] Warp3 core version: 99103v1.0 (will support I/O).
08/28/2018 12:09:18.4 [BarCodeZAxis] Configured as an enhanced Warp3 with I/O.
08/28/2018 12:09:18.4 [BarCodeZAxis]   Inputs: False False False False False 
08/28/2018 12:09:18.4 [BarCodeZAxis] Current IP communications rate is 10 mb.
08/28/2018 12:09:18.4 [BarCodeZAxis] IP communications speed is currently set to 10 Mbps.
08/28/2018 12:09:18.5 [BarCodeZAxis] Relative motor limit setting 100.0%, changing limit from 100.0% to 10.0%
08/28/2018 12:09:18.5 [BarCodeZAxis] Phase correction: disabled, prescale: 0, phase counts: 2000
08/28/2018 12:09:18.5 [BarCodeZAxis] SetCurrentFoldbackAmps(2, 5) will set 4360 , 54
08/28/2018 12:09:18.6 [BarCodeZAxis] Configuration parameters loaded from 'C:\MethodManager4\Workspaces\LM703\Configuration\BarCode Z.xml'. HomeVelocity 20 mm/s, CountsPerMM 5538 cts/mm.
08/28/2018 12:09:18.7 [BarCodeZAxis] Start Hall-based phase initialization.
08/28/2018 12:09:18.7 [BarCodeZAxis] Phases initialized.
08/28/2018 12:09:18.9 [YL] Instruction Error Status: None
08/28/2018 12:09:18.9 [YL] Warp3 core version: 99103v1.0 (will support I/O).
08/28/2018 12:09:18.9 [YL] Configured as an enhanced Warp3 with I/O.
08/28/2018 12:09:18.9 [YL]   Inputs: False False False False False 
08/28/2018 12:09:19.0 [YL] Current IP communications rate is 10 mb.
08/28/2018 12:09:19.0 [YL] IP communications speed is currently set to 10 Mbps.
08/28/2018 12:09:19.0 [YL] Relative motor limit setting 100.0%, changing limit from 100.0% to 70.0%
08/28/2018 12:09:19.1 [YL] Phase correction: disabled, prescale: 1, phase counts: 1905
08/28/2018 12:09:19.1 [YL] SetCurrentFoldbackAmps(6, 100) will set 13080 , 1083
08/28/2018 12:09:19.1 [YL] Configuration parameters loaded from 'C:\MethodManager4\Workspaces\LM703\Configuration\Y Axis.xml'. HomeVelocity 20 mm/s, CountsPerMM 2000 cts/mm.
08/28/2018 12:09:19.3 [YL] Start Hall-based phase initialization.
08/28/2018 12:09:19.3 [YL] Phases initialized.
08/28/2018 12:09:19.4 [XL] Instruction Error Status: None
08/28/2018 12:09:19.5 [XL] Warp3 core version: 99103v1.0 (will support I/O).
08/28/2018 12:09:19.5 [XL] Configured as an enhanced Warp3 with I/O.
08/28/2018 12:09:19.5 [XL]   Inputs: False False False False False 
08/28/2018 12:09:19.5 [XL] Current IP communications rate is 10 mb.
08/28/2018 12:09:19.6 [XL] IP communications speed is currently set to 10 Mbps.
08/28/2018 12:09:19.7 [XL] Phase correction: disabled, prescale: 1, phase counts: 1905
08/28/2018 12:09:19.7 [XL] SetCurrentFoldbackAmps(6, 100) will set 13080 , 1083
08/28/2018 12:09:19.7 [XL] Configuration parameters loaded from 'C:\MethodManager4\Workspaces\LM703\Configuration\X Axis.xml'. HomeVelocity 20 mm/s, CountsPerMM 2000 cts/mm.
08/28/2018 12:09:19.9 [XL] Start Hall-based phase initialization.
08/28/2018 12:09:19.9 [XL] Phases initialized.
08/28/2018 12:09:22.8 [VVP96] Get VVP: command 'Aspirate Diagnostics' from 96 channels.
08/28/2018 12:09:23.0 [ZL] Move to Positive limit. Velocity 20 mm/s, accel 40 mm/s2, decel 200 mm/s2, timeout 60 s.
08/28/2018 12:09:23.5 [ZL] Reached limit successfully.
08/28/2018 12:09:23.5 [ZL] Attempting to back off Positive limit.
08/28/2018 12:09:23.9 [ZL] Move off limit completion: Successful (OKReady).
08/28/2018 12:09:24.0 [ZL] Move to limit finished.
08/28/2018 12:09:24.0 [ZL] Establishing new 0 position for the old position 0.14 mm.
08/28/2018 12:09:24.0 [ZL] Timestamp of last successful home: 8/28/2018 12:09:24 PM
08/28/2018 12:09:24.2 [BarCodeZAxis] Move to Negative limit. Velocity 20 mm/s, accel 200 mm/s2, decel 350 mm/s2, timeout 60 s.
08/28/2018 12:09:24.7 [BarCodeZAxis] Reached limit successfully.
08/28/2018 12:09:24.7 [BarCodeZAxis] Attempting to back off Negative limit.
08/28/2018 12:09:25.1 [BarCodeZAxis] Move off limit completion: Successful (OKReady).
08/28/2018 12:09:25.1 [BarCodeZAxis] Move to limit finished.
08/28/2018 12:09:25.2 [BarCodeZAxis] Establishing new 0 position for the old position -0.01 mm.
08/28/2018 12:09:25.2 [BarCodeZAxis] Timestamp of last successful home: 8/28/2018 12:09:25 PM
08/28/2018 12:09:29.3 [YL] Move to Positive limit. Velocity 20 mm/s, accel 200 mm/s2, decel 1000 mm/s2, timeout 60 s.
08/28/2018 12:09:31.5 [YL] Reached limit successfully.
08/28/2018 12:09:31.5 [YL] Attempting to back off Positive limit.
08/28/2018 12:09:32.0 [YL] Move off limit completion: Successful (OKReady).
08/28/2018 12:09:32.0 [YL] Move to limit finished.
08/28/2018 12:09:32.1 [YL] Establishing new 0 position for the old position 37.50 mm.
08/28/2018 12:09:32.1 [YL] Timestamp of last successful home: 8/28/2018 12:09:32 PM
08/28/2018 12:09:32.3 [XL] Move to Positive limit. Velocity 20 mm/s, accel 200 mm/s2, decel 1000 mm/s2, timeout 60 s.
08/28/2018 12:09:35.4 [XL] Reached limit successfully.
08/28/2018 12:09:35.4 [XL] Attempting to back off Positive limit.
08/28/2018 12:09:35.8 [XL] Move off limit completion: Successful (OKReady).
08/28/2018 12:09:35.9 [XL] Move to limit finished.
08/28/2018 12:09:35.9 [XL] Establishing new 0 position for the old position 50.85 mm.
08/28/2018 12:09:36.0 [XL] Timestamp of last successful home: 8/28/2018 12:09:35 PM
08/28/2018 12:16:09.9 [XL] Closing component connections for Warp 'XL'.
08/28/2018 12:16:10.0 [YL] Closing component connections for Warp 'YL'.
08/28/2018 12:16:10.0 [ZL] Closing component connections for Warp 'ZL'.
08/28/2018 12:16:10.0 [BarCodeZAxis] Closing component connections for Warp 'BarCodeZAxis'.
08/28/2018 12:16:10.5 [Lynx] 
